[2024-04-05T22:57:16.541+0000] {processor.py:161} INFO - Started process (PID=72) to work on /home/airflow/.local/lib/python3.8/site-packages/airflow/example_dags/example_setup_teardown.py
[2024-04-05T22:57:16.545+0000] {processor.py:830} INFO - Processing file /home/airflow/.local/lib/python3.8/site-packages/airflow/example_dags/example_setup_teardown.py for tasks to queue
[2024-04-05T22:57:16.552+0000] {logging_mixin.py:188} INFO - [2024-04-05T22:57:16.550+0000] {dagbag.py:540} INFO - Filling up the DagBag from /home/airflow/.local/lib/python3.8/site-packages/airflow/example_dags/example_setup_teardown.py
[2024-04-05T22:57:16.566+0000] {processor.py:840} INFO - DAG(s) 'example_setup_teardown' retrieved from /home/airflow/.local/lib/python3.8/site-packages/airflow/example_dags/example_setup_teardown.py
[2024-04-05T22:57:16.612+0000] {logging_mixin.py:188} INFO - [2024-04-05T22:57:16.611+0000] {dag.py:3047} INFO - Sync 1 DAGs
[2024-04-05T22:57:16.665+0000] {logging_mixin.py:188} INFO - [2024-04-05T22:57:16.665+0000] {dag.py:3834} INFO - Setting next_dagrun for example_setup_teardown to 2024-04-04 00:00:00+00:00, run_after=2024-04-05 00:00:00+00:00
[2024-04-05T22:57:16.703+0000] {processor.py:183} INFO - Processing /home/airflow/.local/lib/python3.8/site-packages/airflow/example_dags/example_setup_teardown.py took 0.170 seconds
[2024-04-05T22:57:47.439+0000] {processor.py:161} INFO - Started process (PID=127) to work on /home/airflow/.local/lib/python3.8/site-packages/airflow/example_dags/example_setup_teardown.py
[2024-04-05T22:57:47.441+0000] {processor.py:830} INFO - Processing file /home/airflow/.local/lib/python3.8/site-packages/airflow/example_dags/example_setup_teardown.py for tasks to queue
[2024-04-05T22:57:47.443+0000] {logging_mixin.py:188} INFO - [2024-04-05T22:57:47.443+0000] {dagbag.py:540} INFO - Filling up the DagBag from /home/airflow/.local/lib/python3.8/site-packages/airflow/example_dags/example_setup_teardown.py
[2024-04-05T22:57:47.452+0000] {processor.py:840} INFO - DAG(s) 'example_setup_teardown' retrieved from /home/airflow/.local/lib/python3.8/site-packages/airflow/example_dags/example_setup_teardown.py
[2024-04-05T22:57:47.478+0000] {logging_mixin.py:188} INFO - [2024-04-05T22:57:47.478+0000] {dag.py:3047} INFO - Sync 1 DAGs
[2024-04-05T22:57:47.507+0000] {logging_mixin.py:188} INFO - [2024-04-05T22:57:47.507+0000] {dag.py:3834} INFO - Setting next_dagrun for example_setup_teardown to 2024-04-04 00:00:00+00:00, run_after=2024-04-05 00:00:00+00:00
[2024-04-05T22:57:47.529+0000] {processor.py:183} INFO - Processing /home/airflow/.local/lib/python3.8/site-packages/airflow/example_dags/example_setup_teardown.py took 0.094 seconds
[2024-04-05T22:58:18.038+0000] {processor.py:161} INFO - Started process (PID=182) to work on /home/airflow/.local/lib/python3.8/site-packages/airflow/example_dags/example_setup_teardown.py
[2024-04-05T22:58:18.039+0000] {processor.py:830} INFO - Processing file /home/airflow/.local/lib/python3.8/site-packages/airflow/example_dags/example_setup_teardown.py for tasks to queue
[2024-04-05T22:58:18.043+0000] {logging_mixin.py:188} INFO - [2024-04-05T22:58:18.042+0000] {dagbag.py:540} INFO - Filling up the DagBag from /home/airflow/.local/lib/python3.8/site-packages/airflow/example_dags/example_setup_teardown.py
[2024-04-05T22:58:18.053+0000] {processor.py:840} INFO - DAG(s) 'example_setup_teardown' retrieved from /home/airflow/.local/lib/python3.8/site-packages/airflow/example_dags/example_setup_teardown.py
[2024-04-05T22:58:18.085+0000] {logging_mixin.py:188} INFO - [2024-04-05T22:58:18.085+0000] {dag.py:3047} INFO - Sync 1 DAGs
[2024-04-05T22:58:18.121+0000] {logging_mixin.py:188} INFO - [2024-04-05T22:58:18.120+0000] {dag.py:3834} INFO - Setting next_dagrun for example_setup_teardown to 2024-04-04 00:00:00+00:00, run_after=2024-04-05 00:00:00+00:00
[2024-04-05T22:58:18.149+0000] {processor.py:183} INFO - Processing /home/airflow/.local/lib/python3.8/site-packages/airflow/example_dags/example_setup_teardown.py took 0.117 seconds
[2024-04-05T22:58:49.545+0000] {processor.py:161} INFO - Started process (PID=237) to work on /home/airflow/.local/lib/python3.8/site-packages/airflow/example_dags/example_setup_teardown.py
[2024-04-05T22:58:49.546+0000] {processor.py:830} INFO - Processing file /home/airflow/.local/lib/python3.8/site-packages/airflow/example_dags/example_setup_teardown.py for tasks to queue
[2024-04-05T22:58:49.549+0000] {logging_mixin.py:188} INFO - [2024-04-05T22:58:49.548+0000] {dagbag.py:540} INFO - Filling up the DagBag from /home/airflow/.local/lib/python3.8/site-packages/airflow/example_dags/example_setup_teardown.py
[2024-04-05T22:58:49.559+0000] {processor.py:840} INFO - DAG(s) 'example_setup_teardown' retrieved from /home/airflow/.local/lib/python3.8/site-packages/airflow/example_dags/example_setup_teardown.py
[2024-04-05T22:58:49.589+0000] {logging_mixin.py:188} INFO - [2024-04-05T22:58:49.589+0000] {dag.py:3047} INFO - Sync 1 DAGs
[2024-04-05T22:58:49.617+0000] {logging_mixin.py:188} INFO - [2024-04-05T22:58:49.617+0000] {dag.py:3834} INFO - Setting next_dagrun for example_setup_teardown to 2024-04-04 00:00:00+00:00, run_after=2024-04-05 00:00:00+00:00
[2024-04-05T22:58:49.642+0000] {processor.py:183} INFO - Processing /home/airflow/.local/lib/python3.8/site-packages/airflow/example_dags/example_setup_teardown.py took 0.102 seconds
[2024-04-05T22:59:20.998+0000] {processor.py:161} INFO - Started process (PID=292) to work on /home/airflow/.local/lib/python3.8/site-packages/airflow/example_dags/example_setup_teardown.py
[2024-04-05T22:59:21.000+0000] {processor.py:830} INFO - Processing file /home/airflow/.local/lib/python3.8/site-packages/airflow/example_dags/example_setup_teardown.py for tasks to queue
[2024-04-05T22:59:21.005+0000] {logging_mixin.py:188} INFO - [2024-04-05T22:59:21.004+0000] {dagbag.py:540} INFO - Filling up the DagBag from /home/airflow/.local/lib/python3.8/site-packages/airflow/example_dags/example_setup_teardown.py
[2024-04-05T22:59:21.016+0000] {processor.py:840} INFO - DAG(s) 'example_setup_teardown' retrieved from /home/airflow/.local/lib/python3.8/site-packages/airflow/example_dags/example_setup_teardown.py
[2024-04-05T22:59:21.057+0000] {logging_mixin.py:188} INFO - [2024-04-05T22:59:21.056+0000] {dag.py:3047} INFO - Sync 1 DAGs
[2024-04-05T22:59:21.297+0000] {logging_mixin.py:188} INFO - [2024-04-05T22:59:21.297+0000] {dag.py:3834} INFO - Setting next_dagrun for example_setup_teardown to 2024-04-04 00:00:00+00:00, run_after=2024-04-05 00:00:00+00:00
[2024-04-05T22:59:21.327+0000] {processor.py:183} INFO - Processing /home/airflow/.local/lib/python3.8/site-packages/airflow/example_dags/example_setup_teardown.py took 0.335 seconds
[2024-04-05T22:59:51.805+0000] {processor.py:161} INFO - Started process (PID=353) to work on /home/airflow/.local/lib/python3.8/site-packages/airflow/example_dags/example_setup_teardown.py
[2024-04-05T22:59:51.808+0000] {processor.py:830} INFO - Processing file /home/airflow/.local/lib/python3.8/site-packages/airflow/example_dags/example_setup_teardown.py for tasks to queue
[2024-04-05T22:59:51.812+0000] {logging_mixin.py:188} INFO - [2024-04-05T22:59:51.811+0000] {dagbag.py:540} INFO - Filling up the DagBag from /home/airflow/.local/lib/python3.8/site-packages/airflow/example_dags/example_setup_teardown.py
[2024-04-05T22:59:51.833+0000] {processor.py:840} INFO - DAG(s) 'example_setup_teardown' retrieved from /home/airflow/.local/lib/python3.8/site-packages/airflow/example_dags/example_setup_teardown.py
[2024-04-05T22:59:51.866+0000] {logging_mixin.py:188} INFO - [2024-04-05T22:59:51.866+0000] {dag.py:3047} INFO - Sync 1 DAGs
[2024-04-05T22:59:51.904+0000] {logging_mixin.py:188} INFO - [2024-04-05T22:59:51.903+0000] {dag.py:3834} INFO - Setting next_dagrun for example_setup_teardown to 2024-04-04 00:00:00+00:00, run_after=2024-04-05 00:00:00+00:00
[2024-04-05T22:59:52.135+0000] {processor.py:183} INFO - Processing /home/airflow/.local/lib/python3.8/site-packages/airflow/example_dags/example_setup_teardown.py took 0.335 seconds
[2024-04-05T23:00:22.892+0000] {processor.py:161} INFO - Started process (PID=408) to work on /home/airflow/.local/lib/python3.8/site-packages/airflow/example_dags/example_setup_teardown.py
[2024-04-05T23:00:22.895+0000] {processor.py:830} INFO - Processing file /home/airflow/.local/lib/python3.8/site-packages/airflow/example_dags/example_setup_teardown.py for tasks to queue
[2024-04-05T23:00:22.898+0000] {logging_mixin.py:188} INFO - [2024-04-05T23:00:22.898+0000] {dagbag.py:540} INFO - Filling up the DagBag from /home/airflow/.local/lib/python3.8/site-packages/airflow/example_dags/example_setup_teardown.py
[2024-04-05T23:00:22.911+0000] {processor.py:840} INFO - DAG(s) 'example_setup_teardown' retrieved from /home/airflow/.local/lib/python3.8/site-packages/airflow/example_dags/example_setup_teardown.py
[2024-04-05T23:00:22.947+0000] {logging_mixin.py:188} INFO - [2024-04-05T23:00:22.947+0000] {dag.py:3047} INFO - Sync 1 DAGs
[2024-04-05T23:00:22.983+0000] {logging_mixin.py:188} INFO - [2024-04-05T23:00:22.983+0000] {dag.py:3834} INFO - Setting next_dagrun for example_setup_teardown to 2024-04-04 00:00:00+00:00, run_after=2024-04-05 00:00:00+00:00
[2024-04-05T23:00:23.012+0000] {processor.py:183} INFO - Processing /home/airflow/.local/lib/python3.8/site-packages/airflow/example_dags/example_setup_teardown.py took 0.127 seconds
[2024-04-05T23:00:53.369+0000] {processor.py:161} INFO - Started process (PID=463) to work on /home/airflow/.local/lib/python3.8/site-packages/airflow/example_dags/example_setup_teardown.py
[2024-04-05T23:00:53.372+0000] {processor.py:830} INFO - Processing file /home/airflow/.local/lib/python3.8/site-packages/airflow/example_dags/example_setup_teardown.py for tasks to queue
[2024-04-05T23:00:53.377+0000] {logging_mixin.py:188} INFO - [2024-04-05T23:00:53.376+0000] {dagbag.py:540} INFO - Filling up the DagBag from /home/airflow/.local/lib/python3.8/site-packages/airflow/example_dags/example_setup_teardown.py
[2024-04-05T23:00:53.385+0000] {processor.py:840} INFO - DAG(s) 'example_setup_teardown' retrieved from /home/airflow/.local/lib/python3.8/site-packages/airflow/example_dags/example_setup_teardown.py
[2024-04-05T23:00:53.415+0000] {logging_mixin.py:188} INFO - [2024-04-05T23:00:53.414+0000] {dag.py:3047} INFO - Sync 1 DAGs
[2024-04-05T23:00:53.443+0000] {logging_mixin.py:188} INFO - [2024-04-05T23:00:53.443+0000] {dag.py:3834} INFO - Setting next_dagrun for example_setup_teardown to 2024-04-04 00:00:00+00:00, run_after=2024-04-05 00:00:00+00:00
[2024-04-05T23:00:53.469+0000] {processor.py:183} INFO - Processing /home/airflow/.local/lib/python3.8/site-packages/airflow/example_dags/example_setup_teardown.py took 0.104 seconds
[2024-04-05T23:01:24.253+0000] {processor.py:161} INFO - Started process (PID=518) to work on /home/airflow/.local/lib/python3.8/site-packages/airflow/example_dags/example_setup_teardown.py
[2024-04-05T23:01:24.254+0000] {processor.py:830} INFO - Processing file /home/airflow/.local/lib/python3.8/site-packages/airflow/example_dags/example_setup_teardown.py for tasks to queue
[2024-04-05T23:01:24.257+0000] {logging_mixin.py:188} INFO - [2024-04-05T23:01:24.257+0000] {dagbag.py:540} INFO - Filling up the DagBag from /home/airflow/.local/lib/python3.8/site-packages/airflow/example_dags/example_setup_teardown.py
[2024-04-05T23:01:24.266+0000] {processor.py:840} INFO - DAG(s) 'example_setup_teardown' retrieved from /home/airflow/.local/lib/python3.8/site-packages/airflow/example_dags/example_setup_teardown.py
[2024-04-05T23:01:24.436+0000] {logging_mixin.py:188} INFO - [2024-04-05T23:01:24.436+0000] {dag.py:3047} INFO - Sync 1 DAGs
[2024-04-05T23:01:24.457+0000] {logging_mixin.py:188} INFO - [2024-04-05T23:01:24.456+0000] {dag.py:3834} INFO - Setting next_dagrun for example_setup_teardown to 2024-04-04 00:00:00+00:00, run_after=2024-04-05 00:00:00+00:00
[2024-04-05T23:01:24.475+0000] {processor.py:183} INFO - Processing /home/airflow/.local/lib/python3.8/site-packages/airflow/example_dags/example_setup_teardown.py took 0.226 seconds
[2024-04-05T23:01:54.575+0000] {processor.py:161} INFO - Started process (PID=573) to work on /home/airflow/.local/lib/python3.8/site-packages/airflow/example_dags/example_setup_teardown.py
[2024-04-05T23:01:54.577+0000] {processor.py:830} INFO - Processing file /home/airflow/.local/lib/python3.8/site-packages/airflow/example_dags/example_setup_teardown.py for tasks to queue
[2024-04-05T23:01:54.581+0000] {logging_mixin.py:188} INFO - [2024-04-05T23:01:54.580+0000] {dagbag.py:540} INFO - Filling up the DagBag from /home/airflow/.local/lib/python3.8/site-packages/airflow/example_dags/example_setup_teardown.py
[2024-04-05T23:01:54.594+0000] {processor.py:840} INFO - DAG(s) 'example_setup_teardown' retrieved from /home/airflow/.local/lib/python3.8/site-packages/airflow/example_dags/example_setup_teardown.py
[2024-04-05T23:01:54.635+0000] {logging_mixin.py:188} INFO - [2024-04-05T23:01:54.634+0000] {dag.py:3047} INFO - Sync 1 DAGs
[2024-04-05T23:01:54.677+0000] {logging_mixin.py:188} INFO - [2024-04-05T23:01:54.677+0000] {dag.py:3834} INFO - Setting next_dagrun for example_setup_teardown to 2024-04-04 00:00:00+00:00, run_after=2024-04-05 00:00:00+00:00
[2024-04-05T23:01:54.711+0000] {processor.py:183} INFO - Processing /home/airflow/.local/lib/python3.8/site-packages/airflow/example_dags/example_setup_teardown.py took 0.142 seconds
[2024-04-05T23:02:24.951+0000] {processor.py:161} INFO - Started process (PID=628) to work on /home/airflow/.local/lib/python3.8/site-packages/airflow/example_dags/example_setup_teardown.py
[2024-04-05T23:02:24.952+0000] {processor.py:830} INFO - Processing file /home/airflow/.local/lib/python3.8/site-packages/airflow/example_dags/example_setup_teardown.py for tasks to queue
[2024-04-05T23:02:24.955+0000] {logging_mixin.py:188} INFO - [2024-04-05T23:02:24.955+0000] {dagbag.py:540} INFO - Filling up the DagBag from /home/airflow/.local/lib/python3.8/site-packages/airflow/example_dags/example_setup_teardown.py
[2024-04-05T23:02:24.970+0000] {processor.py:840} INFO - DAG(s) 'example_setup_teardown' retrieved from /home/airflow/.local/lib/python3.8/site-packages/airflow/example_dags/example_setup_teardown.py
[2024-04-05T23:02:25.006+0000] {logging_mixin.py:188} INFO - [2024-04-05T23:02:25.006+0000] {dag.py:3047} INFO - Sync 1 DAGs
[2024-04-05T23:02:25.035+0000] {logging_mixin.py:188} INFO - [2024-04-05T23:02:25.035+0000] {dag.py:3834} INFO - Setting next_dagrun for example_setup_teardown to 2024-04-04 00:00:00+00:00, run_after=2024-04-05 00:00:00+00:00
[2024-04-05T23:02:25.063+0000] {processor.py:183} INFO - Processing /home/airflow/.local/lib/python3.8/site-packages/airflow/example_dags/example_setup_teardown.py took 0.116 seconds
[2024-04-05T23:02:55.633+0000] {processor.py:161} INFO - Started process (PID=683) to work on /home/airflow/.local/lib/python3.8/site-packages/airflow/example_dags/example_setup_teardown.py
[2024-04-05T23:02:55.634+0000] {processor.py:830} INFO - Processing file /home/airflow/.local/lib/python3.8/site-packages/airflow/example_dags/example_setup_teardown.py for tasks to queue
[2024-04-05T23:02:55.636+0000] {logging_mixin.py:188} INFO - [2024-04-05T23:02:55.636+0000] {dagbag.py:540} INFO - Filling up the DagBag from /home/airflow/.local/lib/python3.8/site-packages/airflow/example_dags/example_setup_teardown.py
[2024-04-05T23:02:55.644+0000] {processor.py:840} INFO - DAG(s) 'example_setup_teardown' retrieved from /home/airflow/.local/lib/python3.8/site-packages/airflow/example_dags/example_setup_teardown.py
[2024-04-05T23:02:55.675+0000] {logging_mixin.py:188} INFO - [2024-04-05T23:02:55.675+0000] {dag.py:3047} INFO - Sync 1 DAGs
[2024-04-05T23:02:55.705+0000] {logging_mixin.py:188} INFO - [2024-04-05T23:02:55.704+0000] {dag.py:3834} INFO - Setting next_dagrun for example_setup_teardown to 2024-04-04 00:00:00+00:00, run_after=2024-04-05 00:00:00+00:00
[2024-04-05T23:02:55.728+0000] {processor.py:183} INFO - Processing /home/airflow/.local/lib/python3.8/site-packages/airflow/example_dags/example_setup_teardown.py took 0.099 seconds
[2024-04-05T23:03:25.900+0000] {processor.py:161} INFO - Started process (PID=739) to work on /home/airflow/.local/lib/python3.8/site-packages/airflow/example_dags/example_setup_teardown.py
[2024-04-05T23:03:25.902+0000] {processor.py:830} INFO - Processing file /home/airflow/.local/lib/python3.8/site-packages/airflow/example_dags/example_setup_teardown.py for tasks to queue
[2024-04-05T23:03:25.904+0000] {logging_mixin.py:188} INFO - [2024-04-05T23:03:25.904+0000] {dagbag.py:540} INFO - Filling up the DagBag from /home/airflow/.local/lib/python3.8/site-packages/airflow/example_dags/example_setup_teardown.py
[2024-04-05T23:03:25.911+0000] {processor.py:840} INFO - DAG(s) 'example_setup_teardown' retrieved from /home/airflow/.local/lib/python3.8/site-packages/airflow/example_dags/example_setup_teardown.py
[2024-04-05T23:03:25.935+0000] {logging_mixin.py:188} INFO - [2024-04-05T23:03:25.935+0000] {dag.py:3047} INFO - Sync 1 DAGs
[2024-04-05T23:03:25.959+0000] {logging_mixin.py:188} INFO - [2024-04-05T23:03:25.959+0000] {dag.py:3834} INFO - Setting next_dagrun for example_setup_teardown to 2024-04-04 00:00:00+00:00, run_after=2024-04-05 00:00:00+00:00
[2024-04-05T23:03:25.979+0000] {processor.py:183} INFO - Processing /home/airflow/.local/lib/python3.8/site-packages/airflow/example_dags/example_setup_teardown.py took 0.083 seconds
[2024-04-05T23:03:56.344+0000] {processor.py:161} INFO - Started process (PID=794) to work on /home/airflow/.local/lib/python3.8/site-packages/airflow/example_dags/example_setup_teardown.py
[2024-04-05T23:03:56.345+0000] {processor.py:830} INFO - Processing file /home/airflow/.local/lib/python3.8/site-packages/airflow/example_dags/example_setup_teardown.py for tasks to queue
[2024-04-05T23:03:56.348+0000] {logging_mixin.py:188} INFO - [2024-04-05T23:03:56.348+0000] {dagbag.py:540} INFO - Filling up the DagBag from /home/airflow/.local/lib/python3.8/site-packages/airflow/example_dags/example_setup_teardown.py
[2024-04-05T23:03:56.359+0000] {processor.py:840} INFO - DAG(s) 'example_setup_teardown' retrieved from /home/airflow/.local/lib/python3.8/site-packages/airflow/example_dags/example_setup_teardown.py
[2024-04-05T23:03:56.386+0000] {logging_mixin.py:188} INFO - [2024-04-05T23:03:56.386+0000] {dag.py:3047} INFO - Sync 1 DAGs
[2024-04-05T23:03:56.419+0000] {logging_mixin.py:188} INFO - [2024-04-05T23:03:56.418+0000] {dag.py:3834} INFO - Setting next_dagrun for example_setup_teardown to 2024-04-04 00:00:00+00:00, run_after=2024-04-05 00:00:00+00:00
[2024-04-05T23:03:56.450+0000] {processor.py:183} INFO - Processing /home/airflow/.local/lib/python3.8/site-packages/airflow/example_dags/example_setup_teardown.py took 0.111 seconds
[2024-04-05T23:04:27.425+0000] {processor.py:161} INFO - Started process (PID=849) to work on /home/airflow/.local/lib/python3.8/site-packages/airflow/example_dags/example_setup_teardown.py
[2024-04-05T23:04:27.427+0000] {processor.py:830} INFO - Processing file /home/airflow/.local/lib/python3.8/site-packages/airflow/example_dags/example_setup_teardown.py for tasks to queue
[2024-04-05T23:04:27.429+0000] {logging_mixin.py:188} INFO - [2024-04-05T23:04:27.429+0000] {dagbag.py:540} INFO - Filling up the DagBag from /home/airflow/.local/lib/python3.8/site-packages/airflow/example_dags/example_setup_teardown.py
[2024-04-05T23:04:27.437+0000] {processor.py:840} INFO - DAG(s) 'example_setup_teardown' retrieved from /home/airflow/.local/lib/python3.8/site-packages/airflow/example_dags/example_setup_teardown.py
[2024-04-05T23:04:27.466+0000] {logging_mixin.py:188} INFO - [2024-04-05T23:04:27.465+0000] {dag.py:3047} INFO - Sync 1 DAGs
[2024-04-05T23:04:27.503+0000] {logging_mixin.py:188} INFO - [2024-04-05T23:04:27.503+0000] {dag.py:3834} INFO - Setting next_dagrun for example_setup_teardown to 2024-04-04 00:00:00+00:00, run_after=2024-04-05 00:00:00+00:00
[2024-04-05T23:04:27.540+0000] {processor.py:183} INFO - Processing /home/airflow/.local/lib/python3.8/site-packages/airflow/example_dags/example_setup_teardown.py took 0.119 seconds
[2024-04-05T23:04:58.320+0000] {processor.py:161} INFO - Started process (PID=904) to work on /home/airflow/.local/lib/python3.8/site-packages/airflow/example_dags/example_setup_teardown.py
[2024-04-05T23:04:58.322+0000] {processor.py:830} INFO - Processing file /home/airflow/.local/lib/python3.8/site-packages/airflow/example_dags/example_setup_teardown.py for tasks to queue
[2024-04-05T23:04:58.325+0000] {logging_mixin.py:188} INFO - [2024-04-05T23:04:58.324+0000] {dagbag.py:540} INFO - Filling up the DagBag from /home/airflow/.local/lib/python3.8/site-packages/airflow/example_dags/example_setup_teardown.py
[2024-04-05T23:04:58.334+0000] {processor.py:840} INFO - DAG(s) 'example_setup_teardown' retrieved from /home/airflow/.local/lib/python3.8/site-packages/airflow/example_dags/example_setup_teardown.py
[2024-04-05T23:04:58.364+0000] {logging_mixin.py:188} INFO - [2024-04-05T23:04:58.364+0000] {dag.py:3047} INFO - Sync 1 DAGs
[2024-04-05T23:04:58.391+0000] {logging_mixin.py:188} INFO - [2024-04-05T23:04:58.391+0000] {dag.py:3834} INFO - Setting next_dagrun for example_setup_teardown to 2024-04-04 00:00:00+00:00, run_after=2024-04-05 00:00:00+00:00
[2024-04-05T23:04:58.429+0000] {processor.py:183} INFO - Processing /home/airflow/.local/lib/python3.8/site-packages/airflow/example_dags/example_setup_teardown.py took 0.112 seconds
[2024-04-05T23:05:29.305+0000] {processor.py:161} INFO - Started process (PID=959) to work on /home/airflow/.local/lib/python3.8/site-packages/airflow/example_dags/example_setup_teardown.py
[2024-04-05T23:05:29.307+0000] {processor.py:830} INFO - Processing file /home/airflow/.local/lib/python3.8/site-packages/airflow/example_dags/example_setup_teardown.py for tasks to queue
[2024-04-05T23:05:29.309+0000] {logging_mixin.py:188} INFO - [2024-04-05T23:05:29.309+0000] {dagbag.py:540} INFO - Filling up the DagBag from /home/airflow/.local/lib/python3.8/site-packages/airflow/example_dags/example_setup_teardown.py
[2024-04-05T23:05:29.317+0000] {processor.py:840} INFO - DAG(s) 'example_setup_teardown' retrieved from /home/airflow/.local/lib/python3.8/site-packages/airflow/example_dags/example_setup_teardown.py
[2024-04-05T23:05:29.340+0000] {logging_mixin.py:188} INFO - [2024-04-05T23:05:29.340+0000] {dag.py:3047} INFO - Sync 1 DAGs
[2024-04-05T23:05:29.363+0000] {logging_mixin.py:188} INFO - [2024-04-05T23:05:29.363+0000] {dag.py:3834} INFO - Setting next_dagrun for example_setup_teardown to 2024-04-04 00:00:00+00:00, run_after=2024-04-05 00:00:00+00:00
[2024-04-05T23:05:29.386+0000] {processor.py:183} INFO - Processing /home/airflow/.local/lib/python3.8/site-packages/airflow/example_dags/example_setup_teardown.py took 0.084 seconds
[2024-04-05T23:05:59.560+0000] {processor.py:161} INFO - Started process (PID=1014) to work on /home/airflow/.local/lib/python3.8/site-packages/airflow/example_dags/example_setup_teardown.py
[2024-04-05T23:05:59.562+0000] {processor.py:830} INFO - Processing file /home/airflow/.local/lib/python3.8/site-packages/airflow/example_dags/example_setup_teardown.py for tasks to queue
[2024-04-05T23:05:59.565+0000] {logging_mixin.py:188} INFO - [2024-04-05T23:05:59.565+0000] {dagbag.py:540} INFO - Filling up the DagBag from /home/airflow/.local/lib/python3.8/site-packages/airflow/example_dags/example_setup_teardown.py
[2024-04-05T23:05:59.574+0000] {processor.py:840} INFO - DAG(s) 'example_setup_teardown' retrieved from /home/airflow/.local/lib/python3.8/site-packages/airflow/example_dags/example_setup_teardown.py
[2024-04-05T23:05:59.602+0000] {logging_mixin.py:188} INFO - [2024-04-05T23:05:59.601+0000] {dag.py:3047} INFO - Sync 1 DAGs
[2024-04-05T23:05:59.635+0000] {logging_mixin.py:188} INFO - [2024-04-05T23:05:59.635+0000] {dag.py:3834} INFO - Setting next_dagrun for example_setup_teardown to 2024-04-04 00:00:00+00:00, run_after=2024-04-05 00:00:00+00:00
[2024-04-05T23:05:59.664+0000] {processor.py:183} INFO - Processing /home/airflow/.local/lib/python3.8/site-packages/airflow/example_dags/example_setup_teardown.py took 0.109 seconds
[2024-04-05T23:06:30.047+0000] {processor.py:161} INFO - Started process (PID=1069) to work on /home/airflow/.local/lib/python3.8/site-packages/airflow/example_dags/example_setup_teardown.py
[2024-04-05T23:06:30.049+0000] {processor.py:830} INFO - Processing file /home/airflow/.local/lib/python3.8/site-packages/airflow/example_dags/example_setup_teardown.py for tasks to queue
[2024-04-05T23:06:30.053+0000] {logging_mixin.py:188} INFO - [2024-04-05T23:06:30.052+0000] {dagbag.py:540} INFO - Filling up the DagBag from /home/airflow/.local/lib/python3.8/site-packages/airflow/example_dags/example_setup_teardown.py
[2024-04-05T23:06:30.063+0000] {processor.py:840} INFO - DAG(s) 'example_setup_teardown' retrieved from /home/airflow/.local/lib/python3.8/site-packages/airflow/example_dags/example_setup_teardown.py
[2024-04-05T23:06:30.092+0000] {logging_mixin.py:188} INFO - [2024-04-05T23:06:30.092+0000] {dag.py:3047} INFO - Sync 1 DAGs
[2024-04-05T23:06:30.128+0000] {logging_mixin.py:188} INFO - [2024-04-05T23:06:30.128+0000] {dag.py:3834} INFO - Setting next_dagrun for example_setup_teardown to 2024-04-04 00:00:00+00:00, run_after=2024-04-05 00:00:00+00:00
[2024-04-05T23:06:30.158+0000] {processor.py:183} INFO - Processing /home/airflow/.local/lib/python3.8/site-packages/airflow/example_dags/example_setup_teardown.py took 0.116 seconds
[2024-04-05T23:07:01.344+0000] {processor.py:161} INFO - Started process (PID=1124) to work on /home/airflow/.local/lib/python3.8/site-packages/airflow/example_dags/example_setup_teardown.py
[2024-04-05T23:07:01.346+0000] {processor.py:830} INFO - Processing file /home/airflow/.local/lib/python3.8/site-packages/airflow/example_dags/example_setup_teardown.py for tasks to queue
[2024-04-05T23:07:01.350+0000] {logging_mixin.py:188} INFO - [2024-04-05T23:07:01.349+0000] {dagbag.py:540} INFO - Filling up the DagBag from /home/airflow/.local/lib/python3.8/site-packages/airflow/example_dags/example_setup_teardown.py
[2024-04-05T23:07:01.361+0000] {processor.py:840} INFO - DAG(s) 'example_setup_teardown' retrieved from /home/airflow/.local/lib/python3.8/site-packages/airflow/example_dags/example_setup_teardown.py
[2024-04-05T23:07:01.395+0000] {logging_mixin.py:188} INFO - [2024-04-05T23:07:01.394+0000] {dag.py:3047} INFO - Sync 1 DAGs
[2024-04-05T23:07:01.433+0000] {logging_mixin.py:188} INFO - [2024-04-05T23:07:01.432+0000] {dag.py:3834} INFO - Setting next_dagrun for example_setup_teardown to 2024-04-04 00:00:00+00:00, run_after=2024-04-05 00:00:00+00:00
[2024-04-05T23:07:01.461+0000] {processor.py:183} INFO - Processing /home/airflow/.local/lib/python3.8/site-packages/airflow/example_dags/example_setup_teardown.py took 0.124 seconds
[2024-04-05T23:07:31.668+0000] {processor.py:161} INFO - Started process (PID=1179) to work on /home/airflow/.local/lib/python3.8/site-packages/airflow/example_dags/example_setup_teardown.py
[2024-04-05T23:07:31.669+0000] {processor.py:830} INFO - Processing file /home/airflow/.local/lib/python3.8/site-packages/airflow/example_dags/example_setup_teardown.py for tasks to queue
[2024-04-05T23:07:31.672+0000] {logging_mixin.py:188} INFO - [2024-04-05T23:07:31.672+0000] {dagbag.py:540} INFO - Filling up the DagBag from /home/airflow/.local/lib/python3.8/site-packages/airflow/example_dags/example_setup_teardown.py
[2024-04-05T23:07:31.682+0000] {processor.py:840} INFO - DAG(s) 'example_setup_teardown' retrieved from /home/airflow/.local/lib/python3.8/site-packages/airflow/example_dags/example_setup_teardown.py
[2024-04-05T23:07:31.709+0000] {logging_mixin.py:188} INFO - [2024-04-05T23:07:31.709+0000] {dag.py:3047} INFO - Sync 1 DAGs
[2024-04-05T23:07:31.738+0000] {logging_mixin.py:188} INFO - [2024-04-05T23:07:31.738+0000] {dag.py:3834} INFO - Setting next_dagrun for example_setup_teardown to 2024-04-04 00:00:00+00:00, run_after=2024-04-05 00:00:00+00:00
[2024-04-05T23:07:31.768+0000] {processor.py:183} INFO - Processing /home/airflow/.local/lib/python3.8/site-packages/airflow/example_dags/example_setup_teardown.py took 0.104 seconds
[2024-04-05T23:08:01.970+0000] {processor.py:161} INFO - Started process (PID=1233) to work on /home/airflow/.local/lib/python3.8/site-packages/airflow/example_dags/example_setup_teardown.py
[2024-04-05T23:08:01.972+0000] {processor.py:830} INFO - Processing file /home/airflow/.local/lib/python3.8/site-packages/airflow/example_dags/example_setup_teardown.py for tasks to queue
[2024-04-05T23:08:01.976+0000] {logging_mixin.py:188} INFO - [2024-04-05T23:08:01.976+0000] {dagbag.py:540} INFO - Filling up the DagBag from /home/airflow/.local/lib/python3.8/site-packages/airflow/example_dags/example_setup_teardown.py
[2024-04-05T23:08:01.989+0000] {processor.py:840} INFO - DAG(s) 'example_setup_teardown' retrieved from /home/airflow/.local/lib/python3.8/site-packages/airflow/example_dags/example_setup_teardown.py
[2024-04-05T23:08:02.032+0000] {logging_mixin.py:188} INFO - [2024-04-05T23:08:02.032+0000] {dag.py:3047} INFO - Sync 1 DAGs
[2024-04-05T23:08:02.066+0000] {logging_mixin.py:188} INFO - [2024-04-05T23:08:02.066+0000] {dag.py:3834} INFO - Setting next_dagrun for example_setup_teardown to 2024-04-04 00:00:00+00:00, run_after=2024-04-05 00:00:00+00:00
[2024-04-05T23:08:02.099+0000] {processor.py:183} INFO - Processing /home/airflow/.local/lib/python3.8/site-packages/airflow/example_dags/example_setup_teardown.py took 0.135 seconds
[2024-04-05T23:08:32.427+0000] {processor.py:161} INFO - Started process (PID=1288) to work on /home/airflow/.local/lib/python3.8/site-packages/airflow/example_dags/example_setup_teardown.py
[2024-04-05T23:08:32.429+0000] {processor.py:830} INFO - Processing file /home/airflow/.local/lib/python3.8/site-packages/airflow/example_dags/example_setup_teardown.py for tasks to queue
[2024-04-05T23:08:32.431+0000] {logging_mixin.py:188} INFO - [2024-04-05T23:08:32.431+0000] {dagbag.py:540} INFO - Filling up the DagBag from /home/airflow/.local/lib/python3.8/site-packages/airflow/example_dags/example_setup_teardown.py
[2024-04-05T23:08:32.441+0000] {processor.py:840} INFO - DAG(s) 'example_setup_teardown' retrieved from /home/airflow/.local/lib/python3.8/site-packages/airflow/example_dags/example_setup_teardown.py
[2024-04-05T23:08:32.465+0000] {logging_mixin.py:188} INFO - [2024-04-05T23:08:32.465+0000] {dag.py:3047} INFO - Sync 1 DAGs
[2024-04-05T23:08:32.494+0000] {logging_mixin.py:188} INFO - [2024-04-05T23:08:32.493+0000] {dag.py:3834} INFO - Setting next_dagrun for example_setup_teardown to 2024-04-04 00:00:00+00:00, run_after=2024-04-05 00:00:00+00:00
[2024-04-05T23:08:32.514+0000] {processor.py:183} INFO - Processing /home/airflow/.local/lib/python3.8/site-packages/airflow/example_dags/example_setup_teardown.py took 0.090 seconds
[2024-04-05T23:09:02.953+0000] {processor.py:161} INFO - Started process (PID=1343) to work on /home/airflow/.local/lib/python3.8/site-packages/airflow/example_dags/example_setup_teardown.py
[2024-04-05T23:09:02.954+0000] {processor.py:830} INFO - Processing file /home/airflow/.local/lib/python3.8/site-packages/airflow/example_dags/example_setup_teardown.py for tasks to queue
[2024-04-05T23:09:02.957+0000] {logging_mixin.py:188} INFO - [2024-04-05T23:09:02.956+0000] {dagbag.py:540} INFO - Filling up the DagBag from /home/airflow/.local/lib/python3.8/site-packages/airflow/example_dags/example_setup_teardown.py
[2024-04-05T23:09:02.964+0000] {processor.py:840} INFO - DAG(s) 'example_setup_teardown' retrieved from /home/airflow/.local/lib/python3.8/site-packages/airflow/example_dags/example_setup_teardown.py
[2024-04-05T23:09:02.990+0000] {logging_mixin.py:188} INFO - [2024-04-05T23:09:02.989+0000] {dag.py:3047} INFO - Sync 1 DAGs
[2024-04-05T23:09:03.014+0000] {logging_mixin.py:188} INFO - [2024-04-05T23:09:03.013+0000] {dag.py:3834} INFO - Setting next_dagrun for example_setup_teardown to 2024-04-04 00:00:00+00:00, run_after=2024-04-05 00:00:00+00:00
[2024-04-05T23:09:03.038+0000] {processor.py:183} INFO - Processing /home/airflow/.local/lib/python3.8/site-packages/airflow/example_dags/example_setup_teardown.py took 0.088 seconds
[2024-04-05T23:09:33.450+0000] {processor.py:161} INFO - Started process (PID=1398) to work on /home/airflow/.local/lib/python3.8/site-packages/airflow/example_dags/example_setup_teardown.py
[2024-04-05T23:09:33.452+0000] {processor.py:830} INFO - Processing file /home/airflow/.local/lib/python3.8/site-packages/airflow/example_dags/example_setup_teardown.py for tasks to queue
[2024-04-05T23:09:33.454+0000] {logging_mixin.py:188} INFO - [2024-04-05T23:09:33.454+0000] {dagbag.py:540} INFO - Filling up the DagBag from /home/airflow/.local/lib/python3.8/site-packages/airflow/example_dags/example_setup_teardown.py
[2024-04-05T23:09:33.461+0000] {processor.py:840} INFO - DAG(s) 'example_setup_teardown' retrieved from /home/airflow/.local/lib/python3.8/site-packages/airflow/example_dags/example_setup_teardown.py
[2024-04-05T23:09:33.489+0000] {logging_mixin.py:188} INFO - [2024-04-05T23:09:33.489+0000] {dag.py:3047} INFO - Sync 1 DAGs
[2024-04-05T23:09:33.515+0000] {logging_mixin.py:188} INFO - [2024-04-05T23:09:33.515+0000] {dag.py:3834} INFO - Setting next_dagrun for example_setup_teardown to 2024-04-04 00:00:00+00:00, run_after=2024-04-05 00:00:00+00:00
[2024-04-05T23:09:33.579+0000] {processor.py:183} INFO - Processing /home/airflow/.local/lib/python3.8/site-packages/airflow/example_dags/example_setup_teardown.py took 0.133 seconds
[2024-04-05T23:10:04.490+0000] {processor.py:161} INFO - Started process (PID=1454) to work on /home/airflow/.local/lib/python3.8/site-packages/airflow/example_dags/example_setup_teardown.py
[2024-04-05T23:10:04.491+0000] {processor.py:830} INFO - Processing file /home/airflow/.local/lib/python3.8/site-packages/airflow/example_dags/example_setup_teardown.py for tasks to queue
[2024-04-05T23:10:04.494+0000] {logging_mixin.py:188} INFO - [2024-04-05T23:10:04.493+0000] {dagbag.py:540} INFO - Filling up the DagBag from /home/airflow/.local/lib/python3.8/site-packages/airflow/example_dags/example_setup_teardown.py
[2024-04-05T23:10:04.500+0000] {processor.py:840} INFO - DAG(s) 'example_setup_teardown' retrieved from /home/airflow/.local/lib/python3.8/site-packages/airflow/example_dags/example_setup_teardown.py
[2024-04-05T23:10:04.523+0000] {logging_mixin.py:188} INFO - [2024-04-05T23:10:04.523+0000] {dag.py:3047} INFO - Sync 1 DAGs
[2024-04-05T23:10:04.543+0000] {logging_mixin.py:188} INFO - [2024-04-05T23:10:04.543+0000] {dag.py:3834} INFO - Setting next_dagrun for example_setup_teardown to 2024-04-04 00:00:00+00:00, run_after=2024-04-05 00:00:00+00:00
[2024-04-05T23:10:04.562+0000] {processor.py:183} INFO - Processing /home/airflow/.local/lib/python3.8/site-packages/airflow/example_dags/example_setup_teardown.py took 0.077 seconds
[2024-04-05T23:10:35.089+0000] {processor.py:161} INFO - Started process (PID=1509) to work on /home/airflow/.local/lib/python3.8/site-packages/airflow/example_dags/example_setup_teardown.py
[2024-04-05T23:10:35.090+0000] {processor.py:830} INFO - Processing file /home/airflow/.local/lib/python3.8/site-packages/airflow/example_dags/example_setup_teardown.py for tasks to queue
[2024-04-05T23:10:35.093+0000] {logging_mixin.py:188} INFO - [2024-04-05T23:10:35.093+0000] {dagbag.py:540} INFO - Filling up the DagBag from /home/airflow/.local/lib/python3.8/site-packages/airflow/example_dags/example_setup_teardown.py
[2024-04-05T23:10:35.102+0000] {processor.py:840} INFO - DAG(s) 'example_setup_teardown' retrieved from /home/airflow/.local/lib/python3.8/site-packages/airflow/example_dags/example_setup_teardown.py
[2024-04-05T23:10:35.123+0000] {logging_mixin.py:188} INFO - [2024-04-05T23:10:35.123+0000] {dag.py:3047} INFO - Sync 1 DAGs
[2024-04-05T23:10:35.148+0000] {logging_mixin.py:188} INFO - [2024-04-05T23:10:35.148+0000] {dag.py:3834} INFO - Setting next_dagrun for example_setup_teardown to 2024-04-04 00:00:00+00:00, run_after=2024-04-05 00:00:00+00:00
[2024-04-05T23:10:35.209+0000] {processor.py:183} INFO - Processing /home/airflow/.local/lib/python3.8/site-packages/airflow/example_dags/example_setup_teardown.py took 0.124 seconds
[2024-04-05T23:11:05.893+0000] {processor.py:161} INFO - Started process (PID=1564) to work on /home/airflow/.local/lib/python3.8/site-packages/airflow/example_dags/example_setup_teardown.py
[2024-04-05T23:11:05.895+0000] {processor.py:830} INFO - Processing file /home/airflow/.local/lib/python3.8/site-packages/airflow/example_dags/example_setup_teardown.py for tasks to queue
[2024-04-05T23:11:05.897+0000] {logging_mixin.py:188} INFO - [2024-04-05T23:11:05.896+0000] {dagbag.py:540} INFO - Filling up the DagBag from /home/airflow/.local/lib/python3.8/site-packages/airflow/example_dags/example_setup_teardown.py
[2024-04-05T23:11:05.905+0000] {processor.py:840} INFO - DAG(s) 'example_setup_teardown' retrieved from /home/airflow/.local/lib/python3.8/site-packages/airflow/example_dags/example_setup_teardown.py
[2024-04-05T23:11:05.930+0000] {logging_mixin.py:188} INFO - [2024-04-05T23:11:05.929+0000] {dag.py:3047} INFO - Sync 1 DAGs
[2024-04-05T23:11:05.950+0000] {logging_mixin.py:188} INFO - [2024-04-05T23:11:05.950+0000] {dag.py:3834} INFO - Setting next_dagrun for example_setup_teardown to 2024-04-04 00:00:00+00:00, run_after=2024-04-05 00:00:00+00:00
[2024-04-05T23:11:05.967+0000] {processor.py:183} INFO - Processing /home/airflow/.local/lib/python3.8/site-packages/airflow/example_dags/example_setup_teardown.py took 0.076 seconds
[2024-04-05T23:11:36.449+0000] {processor.py:161} INFO - Started process (PID=1619) to work on /home/airflow/.local/lib/python3.8/site-packages/airflow/example_dags/example_setup_teardown.py
[2024-04-05T23:11:36.451+0000] {processor.py:830} INFO - Processing file /home/airflow/.local/lib/python3.8/site-packages/airflow/example_dags/example_setup_teardown.py for tasks to queue
[2024-04-05T23:11:36.454+0000] {logging_mixin.py:188} INFO - [2024-04-05T23:11:36.453+0000] {dagbag.py:540} INFO - Filling up the DagBag from /home/airflow/.local/lib/python3.8/site-packages/airflow/example_dags/example_setup_teardown.py
[2024-04-05T23:11:36.461+0000] {processor.py:840} INFO - DAG(s) 'example_setup_teardown' retrieved from /home/airflow/.local/lib/python3.8/site-packages/airflow/example_dags/example_setup_teardown.py
[2024-04-05T23:11:36.489+0000] {logging_mixin.py:188} INFO - [2024-04-05T23:11:36.489+0000] {dag.py:3047} INFO - Sync 1 DAGs
[2024-04-05T23:11:36.513+0000] {logging_mixin.py:188} INFO - [2024-04-05T23:11:36.512+0000] {dag.py:3834} INFO - Setting next_dagrun for example_setup_teardown to 2024-04-04 00:00:00+00:00, run_after=2024-04-05 00:00:00+00:00
[2024-04-05T23:11:36.575+0000] {processor.py:183} INFO - Processing /home/airflow/.local/lib/python3.8/site-packages/airflow/example_dags/example_setup_teardown.py took 0.130 seconds
[2024-04-05T23:12:06.821+0000] {processor.py:161} INFO - Started process (PID=1674) to work on /home/airflow/.local/lib/python3.8/site-packages/airflow/example_dags/example_setup_teardown.py
[2024-04-05T23:12:06.822+0000] {processor.py:830} INFO - Processing file /home/airflow/.local/lib/python3.8/site-packages/airflow/example_dags/example_setup_teardown.py for tasks to queue
[2024-04-05T23:12:06.825+0000] {logging_mixin.py:188} INFO - [2024-04-05T23:12:06.824+0000] {dagbag.py:540} INFO - Filling up the DagBag from /home/airflow/.local/lib/python3.8/site-packages/airflow/example_dags/example_setup_teardown.py
[2024-04-05T23:12:06.833+0000] {processor.py:840} INFO - DAG(s) 'example_setup_teardown' retrieved from /home/airflow/.local/lib/python3.8/site-packages/airflow/example_dags/example_setup_teardown.py
[2024-04-05T23:12:06.861+0000] {logging_mixin.py:188} INFO - [2024-04-05T23:12:06.861+0000] {dag.py:3047} INFO - Sync 1 DAGs
[2024-04-05T23:12:06.889+0000] {logging_mixin.py:188} INFO - [2024-04-05T23:12:06.888+0000] {dag.py:3834} INFO - Setting next_dagrun for example_setup_teardown to 2024-04-04 00:00:00+00:00, run_after=2024-04-05 00:00:00+00:00
[2024-04-05T23:12:06.913+0000] {processor.py:183} INFO - Processing /home/airflow/.local/lib/python3.8/site-packages/airflow/example_dags/example_setup_teardown.py took 0.097 seconds
[2024-04-05T23:12:37.318+0000] {processor.py:161} INFO - Started process (PID=1729) to work on /home/airflow/.local/lib/python3.8/site-packages/airflow/example_dags/example_setup_teardown.py
[2024-04-05T23:12:37.319+0000] {processor.py:830} INFO - Processing file /home/airflow/.local/lib/python3.8/site-packages/airflow/example_dags/example_setup_teardown.py for tasks to queue
[2024-04-05T23:12:37.322+0000] {logging_mixin.py:188} INFO - [2024-04-05T23:12:37.321+0000] {dagbag.py:540} INFO - Filling up the DagBag from /home/airflow/.local/lib/python3.8/site-packages/airflow/example_dags/example_setup_teardown.py
[2024-04-05T23:12:37.329+0000] {processor.py:840} INFO - DAG(s) 'example_setup_teardown' retrieved from /home/airflow/.local/lib/python3.8/site-packages/airflow/example_dags/example_setup_teardown.py
[2024-04-05T23:12:37.355+0000] {logging_mixin.py:188} INFO - [2024-04-05T23:12:37.355+0000] {dag.py:3047} INFO - Sync 1 DAGs
[2024-04-05T23:12:37.377+0000] {logging_mixin.py:188} INFO - [2024-04-05T23:12:37.376+0000] {dag.py:3834} INFO - Setting next_dagrun for example_setup_teardown to 2024-04-04 00:00:00+00:00, run_after=2024-04-05 00:00:00+00:00
[2024-04-05T23:12:37.397+0000] {processor.py:183} INFO - Processing /home/airflow/.local/lib/python3.8/site-packages/airflow/example_dags/example_setup_teardown.py took 0.083 seconds
[2024-04-05T23:13:07.455+0000] {processor.py:161} INFO - Started process (PID=1783) to work on /home/airflow/.local/lib/python3.8/site-packages/airflow/example_dags/example_setup_teardown.py
[2024-04-05T23:13:07.457+0000] {processor.py:830} INFO - Processing file /home/airflow/.local/lib/python3.8/site-packages/airflow/example_dags/example_setup_teardown.py for tasks to queue
[2024-04-05T23:13:07.459+0000] {logging_mixin.py:188} INFO - [2024-04-05T23:13:07.459+0000] {dagbag.py:540} INFO - Filling up the DagBag from /home/airflow/.local/lib/python3.8/site-packages/airflow/example_dags/example_setup_teardown.py
[2024-04-05T23:13:07.468+0000] {processor.py:840} INFO - DAG(s) 'example_setup_teardown' retrieved from /home/airflow/.local/lib/python3.8/site-packages/airflow/example_dags/example_setup_teardown.py
[2024-04-05T23:13:07.493+0000] {logging_mixin.py:188} INFO - [2024-04-05T23:13:07.493+0000] {dag.py:3047} INFO - Sync 1 DAGs
[2024-04-05T23:13:07.515+0000] {logging_mixin.py:188} INFO - [2024-04-05T23:13:07.515+0000] {dag.py:3834} INFO - Setting next_dagrun for example_setup_teardown to 2024-04-04 00:00:00+00:00, run_after=2024-04-05 00:00:00+00:00
[2024-04-05T23:13:07.535+0000] {processor.py:183} INFO - Processing /home/airflow/.local/lib/python3.8/site-packages/airflow/example_dags/example_setup_teardown.py took 0.085 seconds
[2024-04-05T23:13:38.071+0000] {processor.py:161} INFO - Started process (PID=1839) to work on /home/airflow/.local/lib/python3.8/site-packages/airflow/example_dags/example_setup_teardown.py
[2024-04-05T23:13:38.073+0000] {processor.py:830} INFO - Processing file /home/airflow/.local/lib/python3.8/site-packages/airflow/example_dags/example_setup_teardown.py for tasks to queue
[2024-04-05T23:13:38.075+0000] {logging_mixin.py:188} INFO - [2024-04-05T23:13:38.075+0000] {dagbag.py:540} INFO - Filling up the DagBag from /home/airflow/.local/lib/python3.8/site-packages/airflow/example_dags/example_setup_teardown.py
[2024-04-05T23:13:38.082+0000] {processor.py:840} INFO - DAG(s) 'example_setup_teardown' retrieved from /home/airflow/.local/lib/python3.8/site-packages/airflow/example_dags/example_setup_teardown.py
[2024-04-05T23:13:38.105+0000] {logging_mixin.py:188} INFO - [2024-04-05T23:13:38.105+0000] {dag.py:3047} INFO - Sync 1 DAGs
[2024-04-05T23:13:38.131+0000] {logging_mixin.py:188} INFO - [2024-04-05T23:13:38.131+0000] {dag.py:3834} INFO - Setting next_dagrun for example_setup_teardown to 2024-04-04 00:00:00+00:00, run_after=2024-04-05 00:00:00+00:00
[2024-04-05T23:13:38.151+0000] {processor.py:183} INFO - Processing /home/airflow/.local/lib/python3.8/site-packages/airflow/example_dags/example_setup_teardown.py took 0.084 seconds
[2024-04-05T23:14:08.716+0000] {processor.py:161} INFO - Started process (PID=1894) to work on /home/airflow/.local/lib/python3.8/site-packages/airflow/example_dags/example_setup_teardown.py
[2024-04-05T23:14:08.717+0000] {processor.py:830} INFO - Processing file /home/airflow/.local/lib/python3.8/site-packages/airflow/example_dags/example_setup_teardown.py for tasks to queue
[2024-04-05T23:14:08.720+0000] {logging_mixin.py:188} INFO - [2024-04-05T23:14:08.719+0000] {dagbag.py:540} INFO - Filling up the DagBag from /home/airflow/.local/lib/python3.8/site-packages/airflow/example_dags/example_setup_teardown.py
[2024-04-05T23:14:08.730+0000] {processor.py:840} INFO - DAG(s) 'example_setup_teardown' retrieved from /home/airflow/.local/lib/python3.8/site-packages/airflow/example_dags/example_setup_teardown.py
[2024-04-05T23:14:08.755+0000] {logging_mixin.py:188} INFO - [2024-04-05T23:14:08.755+0000] {dag.py:3047} INFO - Sync 1 DAGs
[2024-04-05T23:14:08.779+0000] {logging_mixin.py:188} INFO - [2024-04-05T23:14:08.779+0000] {dag.py:3834} INFO - Setting next_dagrun for example_setup_teardown to 2024-04-04 00:00:00+00:00, run_after=2024-04-05 00:00:00+00:00
[2024-04-05T23:14:08.801+0000] {processor.py:183} INFO - Processing /home/airflow/.local/lib/python3.8/site-packages/airflow/example_dags/example_setup_teardown.py took 0.089 seconds
[2024-04-05T23:14:39.060+0000] {processor.py:161} INFO - Started process (PID=1949) to work on /home/airflow/.local/lib/python3.8/site-packages/airflow/example_dags/example_setup_teardown.py
[2024-04-05T23:14:39.061+0000] {processor.py:830} INFO - Processing file /home/airflow/.local/lib/python3.8/site-packages/airflow/example_dags/example_setup_teardown.py for tasks to queue
[2024-04-05T23:14:39.063+0000] {logging_mixin.py:188} INFO - [2024-04-05T23:14:39.063+0000] {dagbag.py:540} INFO - Filling up the DagBag from /home/airflow/.local/lib/python3.8/site-packages/airflow/example_dags/example_setup_teardown.py
[2024-04-05T23:14:39.071+0000] {processor.py:840} INFO - DAG(s) 'example_setup_teardown' retrieved from /home/airflow/.local/lib/python3.8/site-packages/airflow/example_dags/example_setup_teardown.py
[2024-04-05T23:14:39.093+0000] {logging_mixin.py:188} INFO - [2024-04-05T23:14:39.093+0000] {dag.py:3047} INFO - Sync 1 DAGs
[2024-04-05T23:14:39.115+0000] {logging_mixin.py:188} INFO - [2024-04-05T23:14:39.115+0000] {dag.py:3834} INFO - Setting next_dagrun for example_setup_teardown to 2024-04-04 00:00:00+00:00, run_after=2024-04-05 00:00:00+00:00
[2024-04-05T23:14:39.135+0000] {processor.py:183} INFO - Processing /home/airflow/.local/lib/python3.8/site-packages/airflow/example_dags/example_setup_teardown.py took 0.078 seconds
[2024-04-05T23:15:09.526+0000] {processor.py:161} INFO - Started process (PID=2004) to work on /home/airflow/.local/lib/python3.8/site-packages/airflow/example_dags/example_setup_teardown.py
[2024-04-05T23:15:09.528+0000] {processor.py:830} INFO - Processing file /home/airflow/.local/lib/python3.8/site-packages/airflow/example_dags/example_setup_teardown.py for tasks to queue
[2024-04-05T23:15:09.531+0000] {logging_mixin.py:188} INFO - [2024-04-05T23:15:09.531+0000] {dagbag.py:540} INFO - Filling up the DagBag from /home/airflow/.local/lib/python3.8/site-packages/airflow/example_dags/example_setup_teardown.py
[2024-04-05T23:15:09.537+0000] {processor.py:840} INFO - DAG(s) 'example_setup_teardown' retrieved from /home/airflow/.local/lib/python3.8/site-packages/airflow/example_dags/example_setup_teardown.py
[2024-04-05T23:15:09.558+0000] {logging_mixin.py:188} INFO - [2024-04-05T23:15:09.558+0000] {dag.py:3047} INFO - Sync 1 DAGs
[2024-04-05T23:15:09.580+0000] {logging_mixin.py:188} INFO - [2024-04-05T23:15:09.580+0000] {dag.py:3834} INFO - Setting next_dagrun for example_setup_teardown to 2024-04-04 00:00:00+00:00, run_after=2024-04-05 00:00:00+00:00
[2024-04-05T23:15:09.600+0000] {processor.py:183} INFO - Processing /home/airflow/.local/lib/python3.8/site-packages/airflow/example_dags/example_setup_teardown.py took 0.078 seconds
[2024-04-05T23:15:40.222+0000] {processor.py:161} INFO - Started process (PID=2059) to work on /home/airflow/.local/lib/python3.8/site-packages/airflow/example_dags/example_setup_teardown.py
[2024-04-05T23:15:40.223+0000] {processor.py:830} INFO - Processing file /home/airflow/.local/lib/python3.8/site-packages/airflow/example_dags/example_setup_teardown.py for tasks to queue
[2024-04-05T23:15:40.226+0000] {logging_mixin.py:188} INFO - [2024-04-05T23:15:40.225+0000] {dagbag.py:540} INFO - Filling up the DagBag from /home/airflow/.local/lib/python3.8/site-packages/airflow/example_dags/example_setup_teardown.py
[2024-04-05T23:15:40.234+0000] {processor.py:840} INFO - DAG(s) 'example_setup_teardown' retrieved from /home/airflow/.local/lib/python3.8/site-packages/airflow/example_dags/example_setup_teardown.py
[2024-04-05T23:15:40.257+0000] {logging_mixin.py:188} INFO - [2024-04-05T23:15:40.257+0000] {dag.py:3047} INFO - Sync 1 DAGs
[2024-04-05T23:15:40.288+0000] {logging_mixin.py:188} INFO - [2024-04-05T23:15:40.287+0000] {dag.py:3834} INFO - Setting next_dagrun for example_setup_teardown to 2024-04-04 00:00:00+00:00, run_after=2024-04-05 00:00:00+00:00
[2024-04-05T23:15:40.349+0000] {processor.py:183} INFO - Processing /home/airflow/.local/lib/python3.8/site-packages/airflow/example_dags/example_setup_teardown.py took 0.132 seconds
[2024-04-05T23:16:10.578+0000] {processor.py:161} INFO - Started process (PID=2114) to work on /home/airflow/.local/lib/python3.8/site-packages/airflow/example_dags/example_setup_teardown.py
[2024-04-05T23:16:10.579+0000] {processor.py:830} INFO - Processing file /home/airflow/.local/lib/python3.8/site-packages/airflow/example_dags/example_setup_teardown.py for tasks to queue
[2024-04-05T23:16:10.582+0000] {logging_mixin.py:188} INFO - [2024-04-05T23:16:10.582+0000] {dagbag.py:540} INFO - Filling up the DagBag from /home/airflow/.local/lib/python3.8/site-packages/airflow/example_dags/example_setup_teardown.py
[2024-04-05T23:16:10.591+0000] {processor.py:840} INFO - DAG(s) 'example_setup_teardown' retrieved from /home/airflow/.local/lib/python3.8/site-packages/airflow/example_dags/example_setup_teardown.py
[2024-04-05T23:16:10.619+0000] {logging_mixin.py:188} INFO - [2024-04-05T23:16:10.618+0000] {dag.py:3047} INFO - Sync 1 DAGs
[2024-04-05T23:16:10.646+0000] {logging_mixin.py:188} INFO - [2024-04-05T23:16:10.646+0000] {dag.py:3834} INFO - Setting next_dagrun for example_setup_teardown to 2024-04-04 00:00:00+00:00, run_after=2024-04-05 00:00:00+00:00
[2024-04-05T23:16:10.707+0000] {processor.py:183} INFO - Processing /home/airflow/.local/lib/python3.8/site-packages/airflow/example_dags/example_setup_teardown.py took 0.134 seconds
[2024-04-05T23:16:41.483+0000] {processor.py:161} INFO - Started process (PID=2169) to work on /home/airflow/.local/lib/python3.8/site-packages/airflow/example_dags/example_setup_teardown.py
[2024-04-05T23:16:41.484+0000] {processor.py:830} INFO - Processing file /home/airflow/.local/lib/python3.8/site-packages/airflow/example_dags/example_setup_teardown.py for tasks to queue
[2024-04-05T23:16:41.487+0000] {logging_mixin.py:188} INFO - [2024-04-05T23:16:41.487+0000] {dagbag.py:540} INFO - Filling up the DagBag from /home/airflow/.local/lib/python3.8/site-packages/airflow/example_dags/example_setup_teardown.py
[2024-04-05T23:16:41.495+0000] {processor.py:840} INFO - DAG(s) 'example_setup_teardown' retrieved from /home/airflow/.local/lib/python3.8/site-packages/airflow/example_dags/example_setup_teardown.py
[2024-04-05T23:16:41.518+0000] {logging_mixin.py:188} INFO - [2024-04-05T23:16:41.518+0000] {dag.py:3047} INFO - Sync 1 DAGs
[2024-04-05T23:16:41.538+0000] {logging_mixin.py:188} INFO - [2024-04-05T23:16:41.538+0000] {dag.py:3834} INFO - Setting next_dagrun for example_setup_teardown to 2024-04-04 00:00:00+00:00, run_after=2024-04-05 00:00:00+00:00
[2024-04-05T23:16:41.556+0000] {processor.py:183} INFO - Processing /home/airflow/.local/lib/python3.8/site-packages/airflow/example_dags/example_setup_teardown.py took 0.077 seconds
[2024-04-05T23:17:11.989+0000] {processor.py:161} INFO - Started process (PID=2224) to work on /home/airflow/.local/lib/python3.8/site-packages/airflow/example_dags/example_setup_teardown.py
[2024-04-05T23:17:11.990+0000] {processor.py:830} INFO - Processing file /home/airflow/.local/lib/python3.8/site-packages/airflow/example_dags/example_setup_teardown.py for tasks to queue
[2024-04-05T23:17:11.992+0000] {logging_mixin.py:188} INFO - [2024-04-05T23:17:11.992+0000] {dagbag.py:540} INFO - Filling up the DagBag from /home/airflow/.local/lib/python3.8/site-packages/airflow/example_dags/example_setup_teardown.py
[2024-04-05T23:17:11.999+0000] {processor.py:840} INFO - DAG(s) 'example_setup_teardown' retrieved from /home/airflow/.local/lib/python3.8/site-packages/airflow/example_dags/example_setup_teardown.py
[2024-04-05T23:17:12.020+0000] {logging_mixin.py:188} INFO - [2024-04-05T23:17:12.019+0000] {dag.py:3047} INFO - Sync 1 DAGs
[2024-04-05T23:17:12.041+0000] {logging_mixin.py:188} INFO - [2024-04-05T23:17:12.041+0000] {dag.py:3834} INFO - Setting next_dagrun for example_setup_teardown to 2024-04-04 00:00:00+00:00, run_after=2024-04-05 00:00:00+00:00
[2024-04-05T23:17:12.066+0000] {processor.py:183} INFO - Processing /home/airflow/.local/lib/python3.8/site-packages/airflow/example_dags/example_setup_teardown.py took 0.081 seconds
[2024-04-05T23:17:42.724+0000] {processor.py:161} INFO - Started process (PID=2279) to work on /home/airflow/.local/lib/python3.8/site-packages/airflow/example_dags/example_setup_teardown.py
[2024-04-05T23:17:42.725+0000] {processor.py:830} INFO - Processing file /home/airflow/.local/lib/python3.8/site-packages/airflow/example_dags/example_setup_teardown.py for tasks to queue
[2024-04-05T23:17:42.728+0000] {logging_mixin.py:188} INFO - [2024-04-05T23:17:42.727+0000] {dagbag.py:540} INFO - Filling up the DagBag from /home/airflow/.local/lib/python3.8/site-packages/airflow/example_dags/example_setup_teardown.py
[2024-04-05T23:17:42.735+0000] {processor.py:840} INFO - DAG(s) 'example_setup_teardown' retrieved from /home/airflow/.local/lib/python3.8/site-packages/airflow/example_dags/example_setup_teardown.py
[2024-04-05T23:17:42.755+0000] {logging_mixin.py:188} INFO - [2024-04-05T23:17:42.755+0000] {dag.py:3047} INFO - Sync 1 DAGs
[2024-04-05T23:17:42.777+0000] {logging_mixin.py:188} INFO - [2024-04-05T23:17:42.777+0000] {dag.py:3834} INFO - Setting next_dagrun for example_setup_teardown to 2024-04-04 00:00:00+00:00, run_after=2024-04-05 00:00:00+00:00
[2024-04-05T23:17:42.797+0000] {processor.py:183} INFO - Processing /home/airflow/.local/lib/python3.8/site-packages/airflow/example_dags/example_setup_teardown.py took 0.076 seconds
[2024-04-05T23:18:12.954+0000] {processor.py:161} INFO - Started process (PID=2334) to work on /home/airflow/.local/lib/python3.8/site-packages/airflow/example_dags/example_setup_teardown.py
[2024-04-05T23:18:12.955+0000] {processor.py:830} INFO - Processing file /home/airflow/.local/lib/python3.8/site-packages/airflow/example_dags/example_setup_teardown.py for tasks to queue
[2024-04-05T23:18:12.958+0000] {logging_mixin.py:188} INFO - [2024-04-05T23:18:12.958+0000] {dagbag.py:540} INFO - Filling up the DagBag from /home/airflow/.local/lib/python3.8/site-packages/airflow/example_dags/example_setup_teardown.py
[2024-04-05T23:18:12.965+0000] {processor.py:840} INFO - DAG(s) 'example_setup_teardown' retrieved from /home/airflow/.local/lib/python3.8/site-packages/airflow/example_dags/example_setup_teardown.py
[2024-04-05T23:18:12.986+0000] {logging_mixin.py:188} INFO - [2024-04-05T23:18:12.985+0000] {dag.py:3047} INFO - Sync 1 DAGs
[2024-04-05T23:18:13.006+0000] {logging_mixin.py:188} INFO - [2024-04-05T23:18:13.006+0000] {dag.py:3834} INFO - Setting next_dagrun for example_setup_teardown to 2024-04-04 00:00:00+00:00, run_after=2024-04-05 00:00:00+00:00
[2024-04-05T23:18:13.062+0000] {processor.py:183} INFO - Processing /home/airflow/.local/lib/python3.8/site-packages/airflow/example_dags/example_setup_teardown.py took 0.112 seconds
[2024-04-05T23:18:43.099+0000] {processor.py:161} INFO - Started process (PID=2388) to work on /home/airflow/.local/lib/python3.8/site-packages/airflow/example_dags/example_setup_teardown.py
[2024-04-05T23:18:43.100+0000] {processor.py:830} INFO - Processing file /home/airflow/.local/lib/python3.8/site-packages/airflow/example_dags/example_setup_teardown.py for tasks to queue
[2024-04-05T23:18:43.102+0000] {logging_mixin.py:188} INFO - [2024-04-05T23:18:43.102+0000] {dagbag.py:540} INFO - Filling up the DagBag from /home/airflow/.local/lib/python3.8/site-packages/airflow/example_dags/example_setup_teardown.py
[2024-04-05T23:18:43.109+0000] {processor.py:840} INFO - DAG(s) 'example_setup_teardown' retrieved from /home/airflow/.local/lib/python3.8/site-packages/airflow/example_dags/example_setup_teardown.py
[2024-04-05T23:18:43.133+0000] {logging_mixin.py:188} INFO - [2024-04-05T23:18:43.132+0000] {dag.py:3047} INFO - Sync 1 DAGs
[2024-04-05T23:18:43.159+0000] {logging_mixin.py:188} INFO - [2024-04-05T23:18:43.159+0000] {dag.py:3834} INFO - Setting next_dagrun for example_setup_teardown to 2024-04-04 00:00:00+00:00, run_after=2024-04-05 00:00:00+00:00
[2024-04-05T23:18:43.176+0000] {processor.py:183} INFO - Processing /home/airflow/.local/lib/python3.8/site-packages/airflow/example_dags/example_setup_teardown.py took 0.080 seconds
[2024-04-05T23:19:13.375+0000] {processor.py:161} INFO - Started process (PID=2443) to work on /home/airflow/.local/lib/python3.8/site-packages/airflow/example_dags/example_setup_teardown.py
[2024-04-05T23:19:13.377+0000] {processor.py:830} INFO - Processing file /home/airflow/.local/lib/python3.8/site-packages/airflow/example_dags/example_setup_teardown.py for tasks to queue
[2024-04-05T23:19:13.380+0000] {logging_mixin.py:188} INFO - [2024-04-05T23:19:13.379+0000] {dagbag.py:540} INFO - Filling up the DagBag from /home/airflow/.local/lib/python3.8/site-packages/airflow/example_dags/example_setup_teardown.py
[2024-04-05T23:19:13.388+0000] {processor.py:840} INFO - DAG(s) 'example_setup_teardown' retrieved from /home/airflow/.local/lib/python3.8/site-packages/airflow/example_dags/example_setup_teardown.py
[2024-04-05T23:19:13.415+0000] {logging_mixin.py:188} INFO - [2024-04-05T23:19:13.415+0000] {dag.py:3047} INFO - Sync 1 DAGs
[2024-04-05T23:19:13.442+0000] {logging_mixin.py:188} INFO - [2024-04-05T23:19:13.442+0000] {dag.py:3834} INFO - Setting next_dagrun for example_setup_teardown to 2024-04-04 00:00:00+00:00, run_after=2024-04-05 00:00:00+00:00
[2024-04-05T23:19:13.465+0000] {processor.py:183} INFO - Processing /home/airflow/.local/lib/python3.8/site-packages/airflow/example_dags/example_setup_teardown.py took 0.094 seconds
[2024-04-05T23:19:43.763+0000] {processor.py:161} INFO - Started process (PID=2498) to work on /home/airflow/.local/lib/python3.8/site-packages/airflow/example_dags/example_setup_teardown.py
[2024-04-05T23:19:43.764+0000] {processor.py:830} INFO - Processing file /home/airflow/.local/lib/python3.8/site-packages/airflow/example_dags/example_setup_teardown.py for tasks to queue
[2024-04-05T23:19:43.767+0000] {logging_mixin.py:188} INFO - [2024-04-05T23:19:43.767+0000] {dagbag.py:540} INFO - Filling up the DagBag from /home/airflow/.local/lib/python3.8/site-packages/airflow/example_dags/example_setup_teardown.py
[2024-04-05T23:19:43.774+0000] {processor.py:840} INFO - DAG(s) 'example_setup_teardown' retrieved from /home/airflow/.local/lib/python3.8/site-packages/airflow/example_dags/example_setup_teardown.py
[2024-04-05T23:19:43.797+0000] {logging_mixin.py:188} INFO - [2024-04-05T23:19:43.797+0000] {dag.py:3047} INFO - Sync 1 DAGs
[2024-04-05T23:19:43.819+0000] {logging_mixin.py:188} INFO - [2024-04-05T23:19:43.818+0000] {dag.py:3834} INFO - Setting next_dagrun for example_setup_teardown to 2024-04-04 00:00:00+00:00, run_after=2024-04-05 00:00:00+00:00
[2024-04-05T23:19:43.881+0000] {processor.py:183} INFO - Processing /home/airflow/.local/lib/python3.8/site-packages/airflow/example_dags/example_setup_teardown.py took 0.122 seconds
[2024-04-05T23:20:14.133+0000] {processor.py:161} INFO - Started process (PID=2553) to work on /home/airflow/.local/lib/python3.8/site-packages/airflow/example_dags/example_setup_teardown.py
[2024-04-05T23:20:14.134+0000] {processor.py:830} INFO - Processing file /home/airflow/.local/lib/python3.8/site-packages/airflow/example_dags/example_setup_teardown.py for tasks to queue
[2024-04-05T23:20:14.136+0000] {logging_mixin.py:188} INFO - [2024-04-05T23:20:14.136+0000] {dagbag.py:540} INFO - Filling up the DagBag from /home/airflow/.local/lib/python3.8/site-packages/airflow/example_dags/example_setup_teardown.py
[2024-04-05T23:20:14.144+0000] {processor.py:840} INFO - DAG(s) 'example_setup_teardown' retrieved from /home/airflow/.local/lib/python3.8/site-packages/airflow/example_dags/example_setup_teardown.py
[2024-04-05T23:20:14.174+0000] {logging_mixin.py:188} INFO - [2024-04-05T23:20:14.174+0000] {dag.py:3047} INFO - Sync 1 DAGs
[2024-04-05T23:20:14.199+0000] {logging_mixin.py:188} INFO - [2024-04-05T23:20:14.198+0000] {dag.py:3834} INFO - Setting next_dagrun for example_setup_teardown to 2024-04-04 00:00:00+00:00, run_after=2024-04-05 00:00:00+00:00
[2024-04-05T23:20:14.238+0000] {processor.py:183} INFO - Processing /home/airflow/.local/lib/python3.8/site-packages/airflow/example_dags/example_setup_teardown.py took 0.109 seconds
[2024-04-05T23:20:44.943+0000] {processor.py:161} INFO - Started process (PID=2609) to work on /home/airflow/.local/lib/python3.8/site-packages/airflow/example_dags/example_setup_teardown.py
[2024-04-05T23:20:44.944+0000] {processor.py:830} INFO - Processing file /home/airflow/.local/lib/python3.8/site-packages/airflow/example_dags/example_setup_teardown.py for tasks to queue
[2024-04-05T23:20:44.947+0000] {logging_mixin.py:188} INFO - [2024-04-05T23:20:44.946+0000] {dagbag.py:540} INFO - Filling up the DagBag from /home/airflow/.local/lib/python3.8/site-packages/airflow/example_dags/example_setup_teardown.py
[2024-04-05T23:20:44.955+0000] {processor.py:840} INFO - DAG(s) 'example_setup_teardown' retrieved from /home/airflow/.local/lib/python3.8/site-packages/airflow/example_dags/example_setup_teardown.py
[2024-04-05T23:20:44.980+0000] {logging_mixin.py:188} INFO - [2024-04-05T23:20:44.980+0000] {dag.py:3047} INFO - Sync 1 DAGs
[2024-04-05T23:20:45.005+0000] {logging_mixin.py:188} INFO - [2024-04-05T23:20:45.005+0000] {dag.py:3834} INFO - Setting next_dagrun for example_setup_teardown to 2024-04-04 00:00:00+00:00, run_after=2024-04-05 00:00:00+00:00
[2024-04-05T23:20:45.069+0000] {processor.py:183} INFO - Processing /home/airflow/.local/lib/python3.8/site-packages/airflow/example_dags/example_setup_teardown.py took 0.130 seconds
[2024-04-05T23:21:15.131+0000] {processor.py:161} INFO - Started process (PID=2663) to work on /home/airflow/.local/lib/python3.8/site-packages/airflow/example_dags/example_setup_teardown.py
[2024-04-05T23:21:15.132+0000] {processor.py:830} INFO - Processing file /home/airflow/.local/lib/python3.8/site-packages/airflow/example_dags/example_setup_teardown.py for tasks to queue
[2024-04-05T23:21:15.134+0000] {logging_mixin.py:188} INFO - [2024-04-05T23:21:15.134+0000] {dagbag.py:540} INFO - Filling up the DagBag from /home/airflow/.local/lib/python3.8/site-packages/airflow/example_dags/example_setup_teardown.py
[2024-04-05T23:21:15.141+0000] {processor.py:840} INFO - DAG(s) 'example_setup_teardown' retrieved from /home/airflow/.local/lib/python3.8/site-packages/airflow/example_dags/example_setup_teardown.py
[2024-04-05T23:21:15.164+0000] {logging_mixin.py:188} INFO - [2024-04-05T23:21:15.164+0000] {dag.py:3047} INFO - Sync 1 DAGs
[2024-04-05T23:21:15.187+0000] {logging_mixin.py:188} INFO - [2024-04-05T23:21:15.187+0000] {dag.py:3834} INFO - Setting next_dagrun for example_setup_teardown to 2024-04-04 00:00:00+00:00, run_after=2024-04-05 00:00:00+00:00
[2024-04-05T23:21:15.246+0000] {processor.py:183} INFO - Processing /home/airflow/.local/lib/python3.8/site-packages/airflow/example_dags/example_setup_teardown.py took 0.119 seconds
[2024-04-05T23:21:45.333+0000] {processor.py:161} INFO - Started process (PID=2718) to work on /home/airflow/.local/lib/python3.8/site-packages/airflow/example_dags/example_setup_teardown.py
[2024-04-05T23:21:45.334+0000] {processor.py:830} INFO - Processing file /home/airflow/.local/lib/python3.8/site-packages/airflow/example_dags/example_setup_teardown.py for tasks to queue
[2024-04-05T23:21:45.338+0000] {logging_mixin.py:188} INFO - [2024-04-05T23:21:45.337+0000] {dagbag.py:540} INFO - Filling up the DagBag from /home/airflow/.local/lib/python3.8/site-packages/airflow/example_dags/example_setup_teardown.py
[2024-04-05T23:21:45.344+0000] {processor.py:840} INFO - DAG(s) 'example_setup_teardown' retrieved from /home/airflow/.local/lib/python3.8/site-packages/airflow/example_dags/example_setup_teardown.py
[2024-04-05T23:21:45.368+0000] {logging_mixin.py:188} INFO - [2024-04-05T23:21:45.368+0000] {dag.py:3047} INFO - Sync 1 DAGs
[2024-04-05T23:21:45.396+0000] {logging_mixin.py:188} INFO - [2024-04-05T23:21:45.396+0000] {dag.py:3834} INFO - Setting next_dagrun for example_setup_teardown to 2024-04-04 00:00:00+00:00, run_after=2024-04-05 00:00:00+00:00
[2024-04-05T23:21:45.458+0000] {processor.py:183} INFO - Processing /home/airflow/.local/lib/python3.8/site-packages/airflow/example_dags/example_setup_teardown.py took 0.129 seconds
[2024-04-05T23:22:15.580+0000] {processor.py:161} INFO - Started process (PID=2772) to work on /home/airflow/.local/lib/python3.8/site-packages/airflow/example_dags/example_setup_teardown.py
[2024-04-05T23:22:15.581+0000] {processor.py:830} INFO - Processing file /home/airflow/.local/lib/python3.8/site-packages/airflow/example_dags/example_setup_teardown.py for tasks to queue
[2024-04-05T23:22:15.583+0000] {logging_mixin.py:188} INFO - [2024-04-05T23:22:15.583+0000] {dagbag.py:540} INFO - Filling up the DagBag from /home/airflow/.local/lib/python3.8/site-packages/airflow/example_dags/example_setup_teardown.py
[2024-04-05T23:22:15.590+0000] {processor.py:840} INFO - DAG(s) 'example_setup_teardown' retrieved from /home/airflow/.local/lib/python3.8/site-packages/airflow/example_dags/example_setup_teardown.py
[2024-04-05T23:22:15.614+0000] {logging_mixin.py:188} INFO - [2024-04-05T23:22:15.613+0000] {dag.py:3047} INFO - Sync 1 DAGs
[2024-04-05T23:22:15.635+0000] {logging_mixin.py:188} INFO - [2024-04-05T23:22:15.634+0000] {dag.py:3834} INFO - Setting next_dagrun for example_setup_teardown to 2024-04-04 00:00:00+00:00, run_after=2024-04-05 00:00:00+00:00
[2024-04-05T23:22:15.696+0000] {processor.py:183} INFO - Processing /home/airflow/.local/lib/python3.8/site-packages/airflow/example_dags/example_setup_teardown.py took 0.120 seconds
[2024-04-05T23:22:45.954+0000] {processor.py:161} INFO - Started process (PID=2827) to work on /home/airflow/.local/lib/python3.8/site-packages/airflow/example_dags/example_setup_teardown.py
[2024-04-05T23:22:45.956+0000] {processor.py:830} INFO - Processing file /home/airflow/.local/lib/python3.8/site-packages/airflow/example_dags/example_setup_teardown.py for tasks to queue
[2024-04-05T23:22:45.958+0000] {logging_mixin.py:188} INFO - [2024-04-05T23:22:45.958+0000] {dagbag.py:540} INFO - Filling up the DagBag from /home/airflow/.local/lib/python3.8/site-packages/airflow/example_dags/example_setup_teardown.py
[2024-04-05T23:22:45.967+0000] {processor.py:840} INFO - DAG(s) 'example_setup_teardown' retrieved from /home/airflow/.local/lib/python3.8/site-packages/airflow/example_dags/example_setup_teardown.py
[2024-04-05T23:22:45.987+0000] {logging_mixin.py:188} INFO - [2024-04-05T23:22:45.987+0000] {dag.py:3047} INFO - Sync 1 DAGs
[2024-04-05T23:22:46.006+0000] {logging_mixin.py:188} INFO - [2024-04-05T23:22:46.005+0000] {dag.py:3834} INFO - Setting next_dagrun for example_setup_teardown to 2024-04-04 00:00:00+00:00, run_after=2024-04-05 00:00:00+00:00
[2024-04-05T23:22:46.022+0000] {processor.py:183} INFO - Processing /home/airflow/.local/lib/python3.8/site-packages/airflow/example_dags/example_setup_teardown.py took 0.071 seconds
[2024-04-05T23:23:16.270+0000] {processor.py:161} INFO - Started process (PID=2882) to work on /home/airflow/.local/lib/python3.8/site-packages/airflow/example_dags/example_setup_teardown.py
[2024-04-05T23:23:16.271+0000] {processor.py:830} INFO - Processing file /home/airflow/.local/lib/python3.8/site-packages/airflow/example_dags/example_setup_teardown.py for tasks to queue
[2024-04-05T23:23:16.273+0000] {logging_mixin.py:188} INFO - [2024-04-05T23:23:16.273+0000] {dagbag.py:540} INFO - Filling up the DagBag from /home/airflow/.local/lib/python3.8/site-packages/airflow/example_dags/example_setup_teardown.py
[2024-04-05T23:23:16.281+0000] {processor.py:840} INFO - DAG(s) 'example_setup_teardown' retrieved from /home/airflow/.local/lib/python3.8/site-packages/airflow/example_dags/example_setup_teardown.py
[2024-04-05T23:23:16.303+0000] {logging_mixin.py:188} INFO - [2024-04-05T23:23:16.302+0000] {dag.py:3047} INFO - Sync 1 DAGs
[2024-04-05T23:23:16.322+0000] {logging_mixin.py:188} INFO - [2024-04-05T23:23:16.322+0000] {dag.py:3834} INFO - Setting next_dagrun for example_setup_teardown to 2024-04-04 00:00:00+00:00, run_after=2024-04-05 00:00:00+00:00
[2024-04-05T23:23:16.343+0000] {processor.py:183} INFO - Processing /home/airflow/.local/lib/python3.8/site-packages/airflow/example_dags/example_setup_teardown.py took 0.077 seconds
[2024-04-05T23:23:46.930+0000] {processor.py:161} INFO - Started process (PID=2937) to work on /home/airflow/.local/lib/python3.8/site-packages/airflow/example_dags/example_setup_teardown.py
[2024-04-05T23:23:46.931+0000] {processor.py:830} INFO - Processing file /home/airflow/.local/lib/python3.8/site-packages/airflow/example_dags/example_setup_teardown.py for tasks to queue
[2024-04-05T23:23:46.933+0000] {logging_mixin.py:188} INFO - [2024-04-05T23:23:46.933+0000] {dagbag.py:540} INFO - Filling up the DagBag from /home/airflow/.local/lib/python3.8/site-packages/airflow/example_dags/example_setup_teardown.py
[2024-04-05T23:23:46.941+0000] {processor.py:840} INFO - DAG(s) 'example_setup_teardown' retrieved from /home/airflow/.local/lib/python3.8/site-packages/airflow/example_dags/example_setup_teardown.py
[2024-04-05T23:23:46.965+0000] {logging_mixin.py:188} INFO - [2024-04-05T23:23:46.965+0000] {dag.py:3047} INFO - Sync 1 DAGs
[2024-04-05T23:23:46.985+0000] {logging_mixin.py:188} INFO - [2024-04-05T23:23:46.985+0000] {dag.py:3834} INFO - Setting next_dagrun for example_setup_teardown to 2024-04-04 00:00:00+00:00, run_after=2024-04-05 00:00:00+00:00
[2024-04-05T23:23:47.001+0000] {processor.py:183} INFO - Processing /home/airflow/.local/lib/python3.8/site-packages/airflow/example_dags/example_setup_teardown.py took 0.075 seconds
[2024-04-05T23:24:17.414+0000] {processor.py:161} INFO - Started process (PID=2993) to work on /home/airflow/.local/lib/python3.8/site-packages/airflow/example_dags/example_setup_teardown.py
[2024-04-05T23:24:17.415+0000] {processor.py:830} INFO - Processing file /home/airflow/.local/lib/python3.8/site-packages/airflow/example_dags/example_setup_teardown.py for tasks to queue
[2024-04-05T23:24:17.418+0000] {logging_mixin.py:188} INFO - [2024-04-05T23:24:17.417+0000] {dagbag.py:540} INFO - Filling up the DagBag from /home/airflow/.local/lib/python3.8/site-packages/airflow/example_dags/example_setup_teardown.py
[2024-04-05T23:24:17.424+0000] {processor.py:840} INFO - DAG(s) 'example_setup_teardown' retrieved from /home/airflow/.local/lib/python3.8/site-packages/airflow/example_dags/example_setup_teardown.py
[2024-04-05T23:24:17.446+0000] {logging_mixin.py:188} INFO - [2024-04-05T23:24:17.445+0000] {dag.py:3047} INFO - Sync 1 DAGs
[2024-04-05T23:24:17.467+0000] {logging_mixin.py:188} INFO - [2024-04-05T23:24:17.467+0000] {dag.py:3834} INFO - Setting next_dagrun for example_setup_teardown to 2024-04-04 00:00:00+00:00, run_after=2024-04-05 00:00:00+00:00
[2024-04-05T23:24:17.488+0000] {processor.py:183} INFO - Processing /home/airflow/.local/lib/python3.8/site-packages/airflow/example_dags/example_setup_teardown.py took 0.077 seconds
[2024-04-05T23:24:47.623+0000] {processor.py:161} INFO - Started process (PID=3049) to work on /home/airflow/.local/lib/python3.8/site-packages/airflow/example_dags/example_setup_teardown.py
[2024-04-05T23:24:47.624+0000] {processor.py:830} INFO - Processing file /home/airflow/.local/lib/python3.8/site-packages/airflow/example_dags/example_setup_teardown.py for tasks to queue
[2024-04-05T23:24:47.627+0000] {logging_mixin.py:188} INFO - [2024-04-05T23:24:47.627+0000] {dagbag.py:540} INFO - Filling up the DagBag from /home/airflow/.local/lib/python3.8/site-packages/airflow/example_dags/example_setup_teardown.py
[2024-04-05T23:24:47.635+0000] {processor.py:840} INFO - DAG(s) 'example_setup_teardown' retrieved from /home/airflow/.local/lib/python3.8/site-packages/airflow/example_dags/example_setup_teardown.py
[2024-04-05T23:24:47.653+0000] {logging_mixin.py:188} INFO - [2024-04-05T23:24:47.653+0000] {dag.py:3047} INFO - Sync 1 DAGs
[2024-04-05T23:24:47.671+0000] {logging_mixin.py:188} INFO - [2024-04-05T23:24:47.671+0000] {dag.py:3834} INFO - Setting next_dagrun for example_setup_teardown to 2024-04-04 00:00:00+00:00, run_after=2024-04-05 00:00:00+00:00
[2024-04-05T23:24:47.685+0000] {processor.py:183} INFO - Processing /home/airflow/.local/lib/python3.8/site-packages/airflow/example_dags/example_setup_teardown.py took 0.066 seconds
[2024-04-05T23:25:18.034+0000] {processor.py:161} INFO - Started process (PID=3104) to work on /home/airflow/.local/lib/python3.8/site-packages/airflow/example_dags/example_setup_teardown.py
[2024-04-05T23:25:18.036+0000] {processor.py:830} INFO - Processing file /home/airflow/.local/lib/python3.8/site-packages/airflow/example_dags/example_setup_teardown.py for tasks to queue
[2024-04-05T23:25:18.038+0000] {logging_mixin.py:188} INFO - [2024-04-05T23:25:18.037+0000] {dagbag.py:540} INFO - Filling up the DagBag from /home/airflow/.local/lib/python3.8/site-packages/airflow/example_dags/example_setup_teardown.py
[2024-04-05T23:25:18.045+0000] {processor.py:840} INFO - DAG(s) 'example_setup_teardown' retrieved from /home/airflow/.local/lib/python3.8/site-packages/airflow/example_dags/example_setup_teardown.py
[2024-04-05T23:25:18.066+0000] {logging_mixin.py:188} INFO - [2024-04-05T23:25:18.066+0000] {dag.py:3047} INFO - Sync 1 DAGs
[2024-04-05T23:25:18.087+0000] {logging_mixin.py:188} INFO - [2024-04-05T23:25:18.087+0000] {dag.py:3834} INFO - Setting next_dagrun for example_setup_teardown to 2024-04-04 00:00:00+00:00, run_after=2024-04-05 00:00:00+00:00
[2024-04-05T23:25:18.157+0000] {processor.py:183} INFO - Processing /home/airflow/.local/lib/python3.8/site-packages/airflow/example_dags/example_setup_teardown.py took 0.126 seconds
[2024-04-05T23:25:48.685+0000] {processor.py:161} INFO - Started process (PID=3159) to work on /home/airflow/.local/lib/python3.8/site-packages/airflow/example_dags/example_setup_teardown.py
[2024-04-05T23:25:48.687+0000] {processor.py:830} INFO - Processing file /home/airflow/.local/lib/python3.8/site-packages/airflow/example_dags/example_setup_teardown.py for tasks to queue
[2024-04-05T23:25:48.689+0000] {logging_mixin.py:188} INFO - [2024-04-05T23:25:48.689+0000] {dagbag.py:540} INFO - Filling up the DagBag from /home/airflow/.local/lib/python3.8/site-packages/airflow/example_dags/example_setup_teardown.py
[2024-04-05T23:25:48.696+0000] {processor.py:840} INFO - DAG(s) 'example_setup_teardown' retrieved from /home/airflow/.local/lib/python3.8/site-packages/airflow/example_dags/example_setup_teardown.py
[2024-04-05T23:25:48.722+0000] {logging_mixin.py:188} INFO - [2024-04-05T23:25:48.722+0000] {dag.py:3047} INFO - Sync 1 DAGs
[2024-04-05T23:25:48.743+0000] {logging_mixin.py:188} INFO - [2024-04-05T23:25:48.742+0000] {dag.py:3834} INFO - Setting next_dagrun for example_setup_teardown to 2024-04-04 00:00:00+00:00, run_after=2024-04-05 00:00:00+00:00
[2024-04-05T23:25:48.805+0000] {processor.py:183} INFO - Processing /home/airflow/.local/lib/python3.8/site-packages/airflow/example_dags/example_setup_teardown.py took 0.124 seconds
[2024-04-05T23:26:19.063+0000] {processor.py:161} INFO - Started process (PID=3214) to work on /home/airflow/.local/lib/python3.8/site-packages/airflow/example_dags/example_setup_teardown.py
[2024-04-05T23:26:19.065+0000] {processor.py:830} INFO - Processing file /home/airflow/.local/lib/python3.8/site-packages/airflow/example_dags/example_setup_teardown.py for tasks to queue
[2024-04-05T23:26:19.068+0000] {logging_mixin.py:188} INFO - [2024-04-05T23:26:19.068+0000] {dagbag.py:540} INFO - Filling up the DagBag from /home/airflow/.local/lib/python3.8/site-packages/airflow/example_dags/example_setup_teardown.py
[2024-04-05T23:26:19.076+0000] {processor.py:840} INFO - DAG(s) 'example_setup_teardown' retrieved from /home/airflow/.local/lib/python3.8/site-packages/airflow/example_dags/example_setup_teardown.py
[2024-04-05T23:26:19.097+0000] {logging_mixin.py:188} INFO - [2024-04-05T23:26:19.097+0000] {dag.py:3047} INFO - Sync 1 DAGs
[2024-04-05T23:26:19.121+0000] {logging_mixin.py:188} INFO - [2024-04-05T23:26:19.120+0000] {dag.py:3834} INFO - Setting next_dagrun for example_setup_teardown to 2024-04-04 00:00:00+00:00, run_after=2024-04-05 00:00:00+00:00
[2024-04-05T23:26:19.140+0000] {processor.py:183} INFO - Processing /home/airflow/.local/lib/python3.8/site-packages/airflow/example_dags/example_setup_teardown.py took 0.081 seconds
[2024-04-05T23:26:49.639+0000] {processor.py:161} INFO - Started process (PID=3269) to work on /home/airflow/.local/lib/python3.8/site-packages/airflow/example_dags/example_setup_teardown.py
[2024-04-05T23:26:49.641+0000] {processor.py:830} INFO - Processing file /home/airflow/.local/lib/python3.8/site-packages/airflow/example_dags/example_setup_teardown.py for tasks to queue
[2024-04-05T23:26:49.644+0000] {logging_mixin.py:188} INFO - [2024-04-05T23:26:49.643+0000] {dagbag.py:540} INFO - Filling up the DagBag from /home/airflow/.local/lib/python3.8/site-packages/airflow/example_dags/example_setup_teardown.py
[2024-04-05T23:26:49.651+0000] {processor.py:840} INFO - DAG(s) 'example_setup_teardown' retrieved from /home/airflow/.local/lib/python3.8/site-packages/airflow/example_dags/example_setup_teardown.py
[2024-04-05T23:26:49.677+0000] {logging_mixin.py:188} INFO - [2024-04-05T23:26:49.677+0000] {dag.py:3047} INFO - Sync 1 DAGs
[2024-04-05T23:26:49.703+0000] {logging_mixin.py:188} INFO - [2024-04-05T23:26:49.702+0000] {dag.py:3834} INFO - Setting next_dagrun for example_setup_teardown to 2024-04-04 00:00:00+00:00, run_after=2024-04-05 00:00:00+00:00
[2024-04-05T23:26:49.768+0000] {processor.py:183} INFO - Processing /home/airflow/.local/lib/python3.8/site-packages/airflow/example_dags/example_setup_teardown.py took 0.132 seconds
[2024-04-05T23:27:20.434+0000] {processor.py:161} INFO - Started process (PID=3324) to work on /home/airflow/.local/lib/python3.8/site-packages/airflow/example_dags/example_setup_teardown.py
[2024-04-05T23:27:20.435+0000] {processor.py:830} INFO - Processing file /home/airflow/.local/lib/python3.8/site-packages/airflow/example_dags/example_setup_teardown.py for tasks to queue
[2024-04-05T23:27:20.438+0000] {logging_mixin.py:188} INFO - [2024-04-05T23:27:20.437+0000] {dagbag.py:540} INFO - Filling up the DagBag from /home/airflow/.local/lib/python3.8/site-packages/airflow/example_dags/example_setup_teardown.py
[2024-04-05T23:27:20.445+0000] {processor.py:840} INFO - DAG(s) 'example_setup_teardown' retrieved from /home/airflow/.local/lib/python3.8/site-packages/airflow/example_dags/example_setup_teardown.py
[2024-04-05T23:27:20.468+0000] {logging_mixin.py:188} INFO - [2024-04-05T23:27:20.468+0000] {dag.py:3047} INFO - Sync 1 DAGs
[2024-04-05T23:27:20.493+0000] {logging_mixin.py:188} INFO - [2024-04-05T23:27:20.493+0000] {dag.py:3834} INFO - Setting next_dagrun for example_setup_teardown to 2024-04-04 00:00:00+00:00, run_after=2024-04-05 00:00:00+00:00
[2024-04-05T23:27:20.558+0000] {processor.py:183} INFO - Processing /home/airflow/.local/lib/python3.8/site-packages/airflow/example_dags/example_setup_teardown.py took 0.128 seconds
[2024-04-05T23:27:51.591+0000] {processor.py:161} INFO - Started process (PID=3379) to work on /home/airflow/.local/lib/python3.8/site-packages/airflow/example_dags/example_setup_teardown.py
[2024-04-05T23:27:51.592+0000] {processor.py:830} INFO - Processing file /home/airflow/.local/lib/python3.8/site-packages/airflow/example_dags/example_setup_teardown.py for tasks to queue
[2024-04-05T23:27:51.595+0000] {logging_mixin.py:188} INFO - [2024-04-05T23:27:51.594+0000] {dagbag.py:540} INFO - Filling up the DagBag from /home/airflow/.local/lib/python3.8/site-packages/airflow/example_dags/example_setup_teardown.py
[2024-04-05T23:27:51.603+0000] {processor.py:840} INFO - DAG(s) 'example_setup_teardown' retrieved from /home/airflow/.local/lib/python3.8/site-packages/airflow/example_dags/example_setup_teardown.py
[2024-04-05T23:27:51.624+0000] {logging_mixin.py:188} INFO - [2024-04-05T23:27:51.623+0000] {dag.py:3047} INFO - Sync 1 DAGs
[2024-04-05T23:27:51.647+0000] {logging_mixin.py:188} INFO - [2024-04-05T23:27:51.646+0000] {dag.py:3834} INFO - Setting next_dagrun for example_setup_teardown to 2024-04-04 00:00:00+00:00, run_after=2024-04-05 00:00:00+00:00
[2024-04-05T23:27:51.713+0000] {processor.py:183} INFO - Processing /home/airflow/.local/lib/python3.8/site-packages/airflow/example_dags/example_setup_teardown.py took 0.126 seconds
[2024-04-05T23:28:22.263+0000] {processor.py:161} INFO - Started process (PID=3434) to work on /home/airflow/.local/lib/python3.8/site-packages/airflow/example_dags/example_setup_teardown.py
[2024-04-05T23:28:22.264+0000] {processor.py:830} INFO - Processing file /home/airflow/.local/lib/python3.8/site-packages/airflow/example_dags/example_setup_teardown.py for tasks to queue
[2024-04-05T23:28:22.266+0000] {logging_mixin.py:188} INFO - [2024-04-05T23:28:22.266+0000] {dagbag.py:540} INFO - Filling up the DagBag from /home/airflow/.local/lib/python3.8/site-packages/airflow/example_dags/example_setup_teardown.py
[2024-04-05T23:28:22.273+0000] {processor.py:840} INFO - DAG(s) 'example_setup_teardown' retrieved from /home/airflow/.local/lib/python3.8/site-packages/airflow/example_dags/example_setup_teardown.py
[2024-04-05T23:28:22.297+0000] {logging_mixin.py:188} INFO - [2024-04-05T23:28:22.297+0000] {dag.py:3047} INFO - Sync 1 DAGs
[2024-04-05T23:28:22.321+0000] {logging_mixin.py:188} INFO - [2024-04-05T23:28:22.320+0000] {dag.py:3834} INFO - Setting next_dagrun for example_setup_teardown to 2024-04-04 00:00:00+00:00, run_after=2024-04-05 00:00:00+00:00
[2024-04-05T23:28:22.389+0000] {processor.py:183} INFO - Processing /home/airflow/.local/lib/python3.8/site-packages/airflow/example_dags/example_setup_teardown.py took 0.129 seconds
