[2024-04-05T22:57:12.050+0000] {processor.py:161} INFO - Started process (PID=50) to work on /home/airflow/.local/lib/python3.8/site-packages/airflow/example_dags/example_python_operator.py
[2024-04-05T22:57:12.058+0000] {processor.py:830} INFO - Processing file /home/airflow/.local/lib/python3.8/site-packages/airflow/example_dags/example_python_operator.py for tasks to queue
[2024-04-05T22:57:12.074+0000] {logging_mixin.py:188} INFO - [2024-04-05T22:57:12.073+0000] {dagbag.py:540} INFO - Filling up the DagBag from /home/airflow/.local/lib/python3.8/site-packages/airflow/example_dags/example_python_operator.py
[2024-04-05T22:57:12.124+0000] {processor.py:840} INFO - DAG(s) 'example_python_operator' retrieved from /home/airflow/.local/lib/python3.8/site-packages/airflow/example_dags/example_python_operator.py
[2024-04-05T22:57:12.371+0000] {logging_mixin.py:188} INFO - [2024-04-05T22:57:12.370+0000] {dag.py:3047} INFO - Sync 1 DAGs
[2024-04-05T22:57:12.680+0000] {logging_mixin.py:188} INFO - [2024-04-05T22:57:12.679+0000] {dag.py:3834} INFO - Setting next_dagrun for example_python_operator to None, run_after=None
[2024-04-05T22:57:12.723+0000] {processor.py:183} INFO - Processing /home/airflow/.local/lib/python3.8/site-packages/airflow/example_dags/example_python_operator.py took 0.689 seconds
[2024-04-05T22:57:43.562+0000] {processor.py:161} INFO - Started process (PID=105) to work on /home/airflow/.local/lib/python3.8/site-packages/airflow/example_dags/example_python_operator.py
[2024-04-05T22:57:43.564+0000] {processor.py:830} INFO - Processing file /home/airflow/.local/lib/python3.8/site-packages/airflow/example_dags/example_python_operator.py for tasks to queue
[2024-04-05T22:57:43.567+0000] {logging_mixin.py:188} INFO - [2024-04-05T22:57:43.567+0000] {dagbag.py:540} INFO - Filling up the DagBag from /home/airflow/.local/lib/python3.8/site-packages/airflow/example_dags/example_python_operator.py
[2024-04-05T22:57:43.578+0000] {processor.py:840} INFO - DAG(s) 'example_python_operator' retrieved from /home/airflow/.local/lib/python3.8/site-packages/airflow/example_dags/example_python_operator.py
[2024-04-05T22:57:43.614+0000] {logging_mixin.py:188} INFO - [2024-04-05T22:57:43.613+0000] {dag.py:3047} INFO - Sync 1 DAGs
[2024-04-05T22:57:43.629+0000] {logging_mixin.py:188} INFO - [2024-04-05T22:57:43.629+0000] {dag.py:3834} INFO - Setting next_dagrun for example_python_operator to None, run_after=None
[2024-04-05T22:57:43.652+0000] {processor.py:183} INFO - Processing /home/airflow/.local/lib/python3.8/site-packages/airflow/example_dags/example_python_operator.py took 0.095 seconds
[2024-04-05T22:58:13.850+0000] {processor.py:161} INFO - Started process (PID=160) to work on /home/airflow/.local/lib/python3.8/site-packages/airflow/example_dags/example_python_operator.py
[2024-04-05T22:58:13.852+0000] {processor.py:830} INFO - Processing file /home/airflow/.local/lib/python3.8/site-packages/airflow/example_dags/example_python_operator.py for tasks to queue
[2024-04-05T22:58:13.854+0000] {logging_mixin.py:188} INFO - [2024-04-05T22:58:13.854+0000] {dagbag.py:540} INFO - Filling up the DagBag from /home/airflow/.local/lib/python3.8/site-packages/airflow/example_dags/example_python_operator.py
[2024-04-05T22:58:13.867+0000] {processor.py:840} INFO - DAG(s) 'example_python_operator' retrieved from /home/airflow/.local/lib/python3.8/site-packages/airflow/example_dags/example_python_operator.py
[2024-04-05T22:58:13.895+0000] {logging_mixin.py:188} INFO - [2024-04-05T22:58:13.894+0000] {dag.py:3047} INFO - Sync 1 DAGs
[2024-04-05T22:58:13.910+0000] {logging_mixin.py:188} INFO - [2024-04-05T22:58:13.909+0000] {dag.py:3834} INFO - Setting next_dagrun for example_python_operator to None, run_after=None
[2024-04-05T22:58:13.933+0000] {processor.py:183} INFO - Processing /home/airflow/.local/lib/python3.8/site-packages/airflow/example_dags/example_python_operator.py took 0.086 seconds
[2024-04-05T22:58:45.479+0000] {processor.py:161} INFO - Started process (PID=215) to work on /home/airflow/.local/lib/python3.8/site-packages/airflow/example_dags/example_python_operator.py
[2024-04-05T22:58:45.484+0000] {processor.py:830} INFO - Processing file /home/airflow/.local/lib/python3.8/site-packages/airflow/example_dags/example_python_operator.py for tasks to queue
[2024-04-05T22:58:45.492+0000] {logging_mixin.py:188} INFO - [2024-04-05T22:58:45.491+0000] {dagbag.py:540} INFO - Filling up the DagBag from /home/airflow/.local/lib/python3.8/site-packages/airflow/example_dags/example_python_operator.py
[2024-04-05T22:58:45.525+0000] {processor.py:840} INFO - DAG(s) 'example_python_operator' retrieved from /home/airflow/.local/lib/python3.8/site-packages/airflow/example_dags/example_python_operator.py
[2024-04-05T22:58:45.574+0000] {logging_mixin.py:188} INFO - [2024-04-05T22:58:45.574+0000] {dag.py:3047} INFO - Sync 1 DAGs
[2024-04-05T22:58:45.597+0000] {logging_mixin.py:188} INFO - [2024-04-05T22:58:45.597+0000] {dag.py:3834} INFO - Setting next_dagrun for example_python_operator to None, run_after=None
[2024-04-05T22:58:45.865+0000] {processor.py:183} INFO - Processing /home/airflow/.local/lib/python3.8/site-packages/airflow/example_dags/example_python_operator.py took 0.394 seconds
[2024-04-05T22:59:16.131+0000] {processor.py:161} INFO - Started process (PID=270) to work on /home/airflow/.local/lib/python3.8/site-packages/airflow/example_dags/example_python_operator.py
[2024-04-05T22:59:16.133+0000] {processor.py:830} INFO - Processing file /home/airflow/.local/lib/python3.8/site-packages/airflow/example_dags/example_python_operator.py for tasks to queue
[2024-04-05T22:59:16.138+0000] {logging_mixin.py:188} INFO - [2024-04-05T22:59:16.137+0000] {dagbag.py:540} INFO - Filling up the DagBag from /home/airflow/.local/lib/python3.8/site-packages/airflow/example_dags/example_python_operator.py
[2024-04-05T22:59:16.158+0000] {processor.py:840} INFO - DAG(s) 'example_python_operator' retrieved from /home/airflow/.local/lib/python3.8/site-packages/airflow/example_dags/example_python_operator.py
[2024-04-05T22:59:16.196+0000] {logging_mixin.py:188} INFO - [2024-04-05T22:59:16.196+0000] {dag.py:3047} INFO - Sync 1 DAGs
[2024-04-05T22:59:16.217+0000] {logging_mixin.py:188} INFO - [2024-04-05T22:59:16.217+0000] {dag.py:3834} INFO - Setting next_dagrun for example_python_operator to None, run_after=None
[2024-04-05T22:59:16.247+0000] {processor.py:183} INFO - Processing /home/airflow/.local/lib/python3.8/site-packages/airflow/example_dags/example_python_operator.py took 0.123 seconds
[2024-04-05T22:59:46.531+0000] {processor.py:161} INFO - Started process (PID=324) to work on /home/airflow/.local/lib/python3.8/site-packages/airflow/example_dags/example_python_operator.py
[2024-04-05T22:59:46.532+0000] {processor.py:830} INFO - Processing file /home/airflow/.local/lib/python3.8/site-packages/airflow/example_dags/example_python_operator.py for tasks to queue
[2024-04-05T22:59:46.536+0000] {logging_mixin.py:188} INFO - [2024-04-05T22:59:46.535+0000] {dagbag.py:540} INFO - Filling up the DagBag from /home/airflow/.local/lib/python3.8/site-packages/airflow/example_dags/example_python_operator.py
[2024-04-05T22:59:46.550+0000] {processor.py:840} INFO - DAG(s) 'example_python_operator' retrieved from /home/airflow/.local/lib/python3.8/site-packages/airflow/example_dags/example_python_operator.py
[2024-04-05T22:59:46.582+0000] {logging_mixin.py:188} INFO - [2024-04-05T22:59:46.581+0000] {dag.py:3047} INFO - Sync 1 DAGs
[2024-04-05T22:59:46.597+0000] {logging_mixin.py:188} INFO - [2024-04-05T22:59:46.597+0000] {dag.py:3834} INFO - Setting next_dagrun for example_python_operator to None, run_after=None
[2024-04-05T22:59:46.618+0000] {processor.py:183} INFO - Processing /home/airflow/.local/lib/python3.8/site-packages/airflow/example_dags/example_python_operator.py took 0.092 seconds
[2024-04-05T23:00:16.723+0000] {processor.py:161} INFO - Started process (PID=379) to work on /home/airflow/.local/lib/python3.8/site-packages/airflow/example_dags/example_python_operator.py
[2024-04-05T23:00:16.724+0000] {processor.py:830} INFO - Processing file /home/airflow/.local/lib/python3.8/site-packages/airflow/example_dags/example_python_operator.py for tasks to queue
[2024-04-05T23:00:16.727+0000] {logging_mixin.py:188} INFO - [2024-04-05T23:00:16.727+0000] {dagbag.py:540} INFO - Filling up the DagBag from /home/airflow/.local/lib/python3.8/site-packages/airflow/example_dags/example_python_operator.py
[2024-04-05T23:00:16.739+0000] {processor.py:840} INFO - DAG(s) 'example_python_operator' retrieved from /home/airflow/.local/lib/python3.8/site-packages/airflow/example_dags/example_python_operator.py
[2024-04-05T23:00:16.769+0000] {logging_mixin.py:188} INFO - [2024-04-05T23:00:16.769+0000] {dag.py:3047} INFO - Sync 1 DAGs
[2024-04-05T23:00:16.790+0000] {logging_mixin.py:188} INFO - [2024-04-05T23:00:16.789+0000] {dag.py:3834} INFO - Setting next_dagrun for example_python_operator to None, run_after=None
[2024-04-05T23:00:16.816+0000] {processor.py:183} INFO - Processing /home/airflow/.local/lib/python3.8/site-packages/airflow/example_dags/example_python_operator.py took 0.098 seconds
[2024-04-05T23:00:47.894+0000] {processor.py:161} INFO - Started process (PID=435) to work on /home/airflow/.local/lib/python3.8/site-packages/airflow/example_dags/example_python_operator.py
[2024-04-05T23:00:47.895+0000] {processor.py:830} INFO - Processing file /home/airflow/.local/lib/python3.8/site-packages/airflow/example_dags/example_python_operator.py for tasks to queue
[2024-04-05T23:00:47.898+0000] {logging_mixin.py:188} INFO - [2024-04-05T23:00:47.897+0000] {dagbag.py:540} INFO - Filling up the DagBag from /home/airflow/.local/lib/python3.8/site-packages/airflow/example_dags/example_python_operator.py
[2024-04-05T23:00:47.915+0000] {processor.py:840} INFO - DAG(s) 'example_python_operator' retrieved from /home/airflow/.local/lib/python3.8/site-packages/airflow/example_dags/example_python_operator.py
[2024-04-05T23:00:48.128+0000] {logging_mixin.py:188} INFO - [2024-04-05T23:00:48.127+0000] {dag.py:3047} INFO - Sync 1 DAGs
[2024-04-05T23:00:48.145+0000] {logging_mixin.py:188} INFO - [2024-04-05T23:00:48.145+0000] {dag.py:3834} INFO - Setting next_dagrun for example_python_operator to None, run_after=None
[2024-04-05T23:00:48.173+0000] {processor.py:183} INFO - Processing /home/airflow/.local/lib/python3.8/site-packages/airflow/example_dags/example_python_operator.py took 0.283 seconds
[2024-04-05T23:01:18.922+0000] {processor.py:161} INFO - Started process (PID=490) to work on /home/airflow/.local/lib/python3.8/site-packages/airflow/example_dags/example_python_operator.py
[2024-04-05T23:01:18.924+0000] {processor.py:830} INFO - Processing file /home/airflow/.local/lib/python3.8/site-packages/airflow/example_dags/example_python_operator.py for tasks to queue
[2024-04-05T23:01:18.928+0000] {logging_mixin.py:188} INFO - [2024-04-05T23:01:18.927+0000] {dagbag.py:540} INFO - Filling up the DagBag from /home/airflow/.local/lib/python3.8/site-packages/airflow/example_dags/example_python_operator.py
[2024-04-05T23:01:18.947+0000] {processor.py:840} INFO - DAG(s) 'example_python_operator' retrieved from /home/airflow/.local/lib/python3.8/site-packages/airflow/example_dags/example_python_operator.py
[2024-04-05T23:01:18.976+0000] {logging_mixin.py:188} INFO - [2024-04-05T23:01:18.976+0000] {dag.py:3047} INFO - Sync 1 DAGs
[2024-04-05T23:01:19.137+0000] {logging_mixin.py:188} INFO - [2024-04-05T23:01:19.136+0000] {dag.py:3834} INFO - Setting next_dagrun for example_python_operator to None, run_after=None
[2024-04-05T23:01:19.162+0000] {processor.py:183} INFO - Processing /home/airflow/.local/lib/python3.8/site-packages/airflow/example_dags/example_python_operator.py took 0.244 seconds
[2024-04-05T23:01:50.015+0000] {processor.py:161} INFO - Started process (PID=545) to work on /home/airflow/.local/lib/python3.8/site-packages/airflow/example_dags/example_python_operator.py
[2024-04-05T23:01:50.016+0000] {processor.py:830} INFO - Processing file /home/airflow/.local/lib/python3.8/site-packages/airflow/example_dags/example_python_operator.py for tasks to queue
[2024-04-05T23:01:50.019+0000] {logging_mixin.py:188} INFO - [2024-04-05T23:01:50.019+0000] {dagbag.py:540} INFO - Filling up the DagBag from /home/airflow/.local/lib/python3.8/site-packages/airflow/example_dags/example_python_operator.py
[2024-04-05T23:01:50.034+0000] {processor.py:840} INFO - DAG(s) 'example_python_operator' retrieved from /home/airflow/.local/lib/python3.8/site-packages/airflow/example_dags/example_python_operator.py
[2024-04-05T23:01:50.072+0000] {logging_mixin.py:188} INFO - [2024-04-05T23:01:50.072+0000] {dag.py:3047} INFO - Sync 1 DAGs
[2024-04-05T23:01:50.090+0000] {logging_mixin.py:188} INFO - [2024-04-05T23:01:50.090+0000] {dag.py:3834} INFO - Setting next_dagrun for example_python_operator to None, run_after=None
[2024-04-05T23:01:50.118+0000] {processor.py:183} INFO - Processing /home/airflow/.local/lib/python3.8/site-packages/airflow/example_dags/example_python_operator.py took 0.107 seconds
[2024-04-05T23:02:20.235+0000] {processor.py:161} INFO - Started process (PID=600) to work on /home/airflow/.local/lib/python3.8/site-packages/airflow/example_dags/example_python_operator.py
[2024-04-05T23:02:20.236+0000] {processor.py:830} INFO - Processing file /home/airflow/.local/lib/python3.8/site-packages/airflow/example_dags/example_python_operator.py for tasks to queue
[2024-04-05T23:02:20.239+0000] {logging_mixin.py:188} INFO - [2024-04-05T23:02:20.239+0000] {dagbag.py:540} INFO - Filling up the DagBag from /home/airflow/.local/lib/python3.8/site-packages/airflow/example_dags/example_python_operator.py
[2024-04-05T23:02:20.252+0000] {processor.py:840} INFO - DAG(s) 'example_python_operator' retrieved from /home/airflow/.local/lib/python3.8/site-packages/airflow/example_dags/example_python_operator.py
[2024-04-05T23:02:20.283+0000] {logging_mixin.py:188} INFO - [2024-04-05T23:02:20.282+0000] {dag.py:3047} INFO - Sync 1 DAGs
[2024-04-05T23:02:20.298+0000] {logging_mixin.py:188} INFO - [2024-04-05T23:02:20.298+0000] {dag.py:3834} INFO - Setting next_dagrun for example_python_operator to None, run_after=None
[2024-04-05T23:02:20.327+0000] {processor.py:183} INFO - Processing /home/airflow/.local/lib/python3.8/site-packages/airflow/example_dags/example_python_operator.py took 0.099 seconds
[2024-04-05T23:02:51.163+0000] {processor.py:161} INFO - Started process (PID=655) to work on /home/airflow/.local/lib/python3.8/site-packages/airflow/example_dags/example_python_operator.py
[2024-04-05T23:02:51.165+0000] {processor.py:830} INFO - Processing file /home/airflow/.local/lib/python3.8/site-packages/airflow/example_dags/example_python_operator.py for tasks to queue
[2024-04-05T23:02:51.168+0000] {logging_mixin.py:188} INFO - [2024-04-05T23:02:51.167+0000] {dagbag.py:540} INFO - Filling up the DagBag from /home/airflow/.local/lib/python3.8/site-packages/airflow/example_dags/example_python_operator.py
[2024-04-05T23:02:51.182+0000] {processor.py:840} INFO - DAG(s) 'example_python_operator' retrieved from /home/airflow/.local/lib/python3.8/site-packages/airflow/example_dags/example_python_operator.py
[2024-04-05T23:02:51.211+0000] {logging_mixin.py:188} INFO - [2024-04-05T23:02:51.210+0000] {dag.py:3047} INFO - Sync 1 DAGs
[2024-04-05T23:02:51.225+0000] {logging_mixin.py:188} INFO - [2024-04-05T23:02:51.225+0000] {dag.py:3834} INFO - Setting next_dagrun for example_python_operator to None, run_after=None
[2024-04-05T23:02:51.247+0000] {processor.py:183} INFO - Processing /home/airflow/.local/lib/python3.8/site-packages/airflow/example_dags/example_python_operator.py took 0.089 seconds
[2024-04-05T23:03:21.576+0000] {processor.py:161} INFO - Started process (PID=710) to work on /home/airflow/.local/lib/python3.8/site-packages/airflow/example_dags/example_python_operator.py
[2024-04-05T23:03:21.578+0000] {processor.py:830} INFO - Processing file /home/airflow/.local/lib/python3.8/site-packages/airflow/example_dags/example_python_operator.py for tasks to queue
[2024-04-05T23:03:21.580+0000] {logging_mixin.py:188} INFO - [2024-04-05T23:03:21.580+0000] {dagbag.py:540} INFO - Filling up the DagBag from /home/airflow/.local/lib/python3.8/site-packages/airflow/example_dags/example_python_operator.py
[2024-04-05T23:03:21.593+0000] {processor.py:840} INFO - DAG(s) 'example_python_operator' retrieved from /home/airflow/.local/lib/python3.8/site-packages/airflow/example_dags/example_python_operator.py
[2024-04-05T23:03:21.616+0000] {logging_mixin.py:188} INFO - [2024-04-05T23:03:21.616+0000] {dag.py:3047} INFO - Sync 1 DAGs
[2024-04-05T23:03:21.629+0000] {logging_mixin.py:188} INFO - [2024-04-05T23:03:21.629+0000] {dag.py:3834} INFO - Setting next_dagrun for example_python_operator to None, run_after=None
[2024-04-05T23:03:21.649+0000] {processor.py:183} INFO - Processing /home/airflow/.local/lib/python3.8/site-packages/airflow/example_dags/example_python_operator.py took 0.077 seconds
[2024-04-05T23:03:51.768+0000] {processor.py:161} INFO - Started process (PID=766) to work on /home/airflow/.local/lib/python3.8/site-packages/airflow/example_dags/example_python_operator.py
[2024-04-05T23:03:51.770+0000] {processor.py:830} INFO - Processing file /home/airflow/.local/lib/python3.8/site-packages/airflow/example_dags/example_python_operator.py for tasks to queue
[2024-04-05T23:03:51.773+0000] {logging_mixin.py:188} INFO - [2024-04-05T23:03:51.772+0000] {dagbag.py:540} INFO - Filling up the DagBag from /home/airflow/.local/lib/python3.8/site-packages/airflow/example_dags/example_python_operator.py
[2024-04-05T23:03:51.788+0000] {processor.py:840} INFO - DAG(s) 'example_python_operator' retrieved from /home/airflow/.local/lib/python3.8/site-packages/airflow/example_dags/example_python_operator.py
[2024-04-05T23:03:51.818+0000] {logging_mixin.py:188} INFO - [2024-04-05T23:03:51.817+0000] {dag.py:3047} INFO - Sync 1 DAGs
[2024-04-05T23:03:51.836+0000] {logging_mixin.py:188} INFO - [2024-04-05T23:03:51.836+0000] {dag.py:3834} INFO - Setting next_dagrun for example_python_operator to None, run_after=None
[2024-04-05T23:03:51.863+0000] {processor.py:183} INFO - Processing /home/airflow/.local/lib/python3.8/site-packages/airflow/example_dags/example_python_operator.py took 0.098 seconds
[2024-04-05T23:04:22.410+0000] {processor.py:161} INFO - Started process (PID=827) to work on /home/airflow/.local/lib/python3.8/site-packages/airflow/example_dags/example_python_operator.py
[2024-04-05T23:04:22.411+0000] {processor.py:830} INFO - Processing file /home/airflow/.local/lib/python3.8/site-packages/airflow/example_dags/example_python_operator.py for tasks to queue
[2024-04-05T23:04:22.415+0000] {logging_mixin.py:188} INFO - [2024-04-05T23:04:22.415+0000] {dagbag.py:540} INFO - Filling up the DagBag from /home/airflow/.local/lib/python3.8/site-packages/airflow/example_dags/example_python_operator.py
[2024-04-05T23:04:22.437+0000] {processor.py:840} INFO - DAG(s) 'example_python_operator' retrieved from /home/airflow/.local/lib/python3.8/site-packages/airflow/example_dags/example_python_operator.py
[2024-04-05T23:04:22.486+0000] {logging_mixin.py:188} INFO - [2024-04-05T23:04:22.483+0000] {dag.py:3047} INFO - Sync 1 DAGs
[2024-04-05T23:04:22.515+0000] {logging_mixin.py:188} INFO - [2024-04-05T23:04:22.515+0000] {dag.py:3834} INFO - Setting next_dagrun for example_python_operator to None, run_after=None
[2024-04-05T23:04:22.565+0000] {processor.py:183} INFO - Processing /home/airflow/.local/lib/python3.8/site-packages/airflow/example_dags/example_python_operator.py took 0.161 seconds
[2024-04-05T23:04:52.728+0000] {processor.py:161} INFO - Started process (PID=882) to work on /home/airflow/.local/lib/python3.8/site-packages/airflow/example_dags/example_python_operator.py
[2024-04-05T23:04:52.730+0000] {processor.py:830} INFO - Processing file /home/airflow/.local/lib/python3.8/site-packages/airflow/example_dags/example_python_operator.py for tasks to queue
[2024-04-05T23:04:52.732+0000] {logging_mixin.py:188} INFO - [2024-04-05T23:04:52.732+0000] {dagbag.py:540} INFO - Filling up the DagBag from /home/airflow/.local/lib/python3.8/site-packages/airflow/example_dags/example_python_operator.py
[2024-04-05T23:04:52.743+0000] {processor.py:840} INFO - DAG(s) 'example_python_operator' retrieved from /home/airflow/.local/lib/python3.8/site-packages/airflow/example_dags/example_python_operator.py
[2024-04-05T23:04:52.764+0000] {logging_mixin.py:188} INFO - [2024-04-05T23:04:52.764+0000] {dag.py:3047} INFO - Sync 1 DAGs
[2024-04-05T23:04:52.777+0000] {logging_mixin.py:188} INFO - [2024-04-05T23:04:52.777+0000] {dag.py:3834} INFO - Setting next_dagrun for example_python_operator to None, run_after=None
[2024-04-05T23:04:52.841+0000] {processor.py:183} INFO - Processing /home/airflow/.local/lib/python3.8/site-packages/airflow/example_dags/example_python_operator.py took 0.117 seconds
[2024-04-05T23:05:23.350+0000] {processor.py:161} INFO - Started process (PID=937) to work on /home/airflow/.local/lib/python3.8/site-packages/airflow/example_dags/example_python_operator.py
[2024-04-05T23:05:23.351+0000] {processor.py:830} INFO - Processing file /home/airflow/.local/lib/python3.8/site-packages/airflow/example_dags/example_python_operator.py for tasks to queue
[2024-04-05T23:05:23.354+0000] {logging_mixin.py:188} INFO - [2024-04-05T23:05:23.354+0000] {dagbag.py:540} INFO - Filling up the DagBag from /home/airflow/.local/lib/python3.8/site-packages/airflow/example_dags/example_python_operator.py
[2024-04-05T23:05:23.366+0000] {processor.py:840} INFO - DAG(s) 'example_python_operator' retrieved from /home/airflow/.local/lib/python3.8/site-packages/airflow/example_dags/example_python_operator.py
[2024-04-05T23:05:23.394+0000] {logging_mixin.py:188} INFO - [2024-04-05T23:05:23.393+0000] {dag.py:3047} INFO - Sync 1 DAGs
[2024-04-05T23:05:23.411+0000] {logging_mixin.py:188} INFO - [2024-04-05T23:05:23.411+0000] {dag.py:3834} INFO - Setting next_dagrun for example_python_operator to None, run_after=None
[2024-04-05T23:05:23.472+0000] {processor.py:183} INFO - Processing /home/airflow/.local/lib/python3.8/site-packages/airflow/example_dags/example_python_operator.py took 0.126 seconds
[2024-04-05T23:05:53.590+0000] {processor.py:161} INFO - Started process (PID=992) to work on /home/airflow/.local/lib/python3.8/site-packages/airflow/example_dags/example_python_operator.py
[2024-04-05T23:05:53.591+0000] {processor.py:830} INFO - Processing file /home/airflow/.local/lib/python3.8/site-packages/airflow/example_dags/example_python_operator.py for tasks to queue
[2024-04-05T23:05:53.594+0000] {logging_mixin.py:188} INFO - [2024-04-05T23:05:53.593+0000] {dagbag.py:540} INFO - Filling up the DagBag from /home/airflow/.local/lib/python3.8/site-packages/airflow/example_dags/example_python_operator.py
[2024-04-05T23:05:53.609+0000] {processor.py:840} INFO - DAG(s) 'example_python_operator' retrieved from /home/airflow/.local/lib/python3.8/site-packages/airflow/example_dags/example_python_operator.py
[2024-04-05T23:05:53.638+0000] {logging_mixin.py:188} INFO - [2024-04-05T23:05:53.638+0000] {dag.py:3047} INFO - Sync 1 DAGs
[2024-04-05T23:05:53.652+0000] {logging_mixin.py:188} INFO - [2024-04-05T23:05:53.652+0000] {dag.py:3834} INFO - Setting next_dagrun for example_python_operator to None, run_after=None
[2024-04-05T23:05:53.676+0000] {processor.py:183} INFO - Processing /home/airflow/.local/lib/python3.8/site-packages/airflow/example_dags/example_python_operator.py took 0.090 seconds
[2024-04-05T23:06:24.231+0000] {processor.py:161} INFO - Started process (PID=1047) to work on /home/airflow/.local/lib/python3.8/site-packages/airflow/example_dags/example_python_operator.py
[2024-04-05T23:06:24.233+0000] {processor.py:830} INFO - Processing file /home/airflow/.local/lib/python3.8/site-packages/airflow/example_dags/example_python_operator.py for tasks to queue
[2024-04-05T23:06:24.237+0000] {logging_mixin.py:188} INFO - [2024-04-05T23:06:24.236+0000] {dagbag.py:540} INFO - Filling up the DagBag from /home/airflow/.local/lib/python3.8/site-packages/airflow/example_dags/example_python_operator.py
[2024-04-05T23:06:24.250+0000] {processor.py:840} INFO - DAG(s) 'example_python_operator' retrieved from /home/airflow/.local/lib/python3.8/site-packages/airflow/example_dags/example_python_operator.py
[2024-04-05T23:06:24.281+0000] {logging_mixin.py:188} INFO - [2024-04-05T23:06:24.280+0000] {dag.py:3047} INFO - Sync 1 DAGs
[2024-04-05T23:06:24.297+0000] {logging_mixin.py:188} INFO - [2024-04-05T23:06:24.296+0000] {dag.py:3834} INFO - Setting next_dagrun for example_python_operator to None, run_after=None
[2024-04-05T23:06:24.323+0000] {processor.py:183} INFO - Processing /home/airflow/.local/lib/python3.8/site-packages/airflow/example_dags/example_python_operator.py took 0.097 seconds
[2024-04-05T23:06:55.160+0000] {processor.py:161} INFO - Started process (PID=1102) to work on /home/airflow/.local/lib/python3.8/site-packages/airflow/example_dags/example_python_operator.py
[2024-04-05T23:06:55.162+0000] {processor.py:830} INFO - Processing file /home/airflow/.local/lib/python3.8/site-packages/airflow/example_dags/example_python_operator.py for tasks to queue
[2024-04-05T23:06:55.165+0000] {logging_mixin.py:188} INFO - [2024-04-05T23:06:55.164+0000] {dagbag.py:540} INFO - Filling up the DagBag from /home/airflow/.local/lib/python3.8/site-packages/airflow/example_dags/example_python_operator.py
[2024-04-05T23:06:55.187+0000] {processor.py:840} INFO - DAG(s) 'example_python_operator' retrieved from /home/airflow/.local/lib/python3.8/site-packages/airflow/example_dags/example_python_operator.py
[2024-04-05T23:06:55.229+0000] {logging_mixin.py:188} INFO - [2024-04-05T23:06:55.229+0000] {dag.py:3047} INFO - Sync 1 DAGs
[2024-04-05T23:06:55.249+0000] {logging_mixin.py:188} INFO - [2024-04-05T23:06:55.249+0000] {dag.py:3834} INFO - Setting next_dagrun for example_python_operator to None, run_after=None
[2024-04-05T23:06:55.303+0000] {processor.py:183} INFO - Processing /home/airflow/.local/lib/python3.8/site-packages/airflow/example_dags/example_python_operator.py took 0.149 seconds
[2024-04-05T23:07:25.407+0000] {processor.py:161} INFO - Started process (PID=1157) to work on /home/airflow/.local/lib/python3.8/site-packages/airflow/example_dags/example_python_operator.py
[2024-04-05T23:07:25.409+0000] {processor.py:830} INFO - Processing file /home/airflow/.local/lib/python3.8/site-packages/airflow/example_dags/example_python_operator.py for tasks to queue
[2024-04-05T23:07:25.414+0000] {logging_mixin.py:188} INFO - [2024-04-05T23:07:25.413+0000] {dagbag.py:540} INFO - Filling up the DagBag from /home/airflow/.local/lib/python3.8/site-packages/airflow/example_dags/example_python_operator.py
[2024-04-05T23:07:25.432+0000] {processor.py:840} INFO - DAG(s) 'example_python_operator' retrieved from /home/airflow/.local/lib/python3.8/site-packages/airflow/example_dags/example_python_operator.py
[2024-04-05T23:07:25.471+0000] {logging_mixin.py:188} INFO - [2024-04-05T23:07:25.471+0000] {dag.py:3047} INFO - Sync 1 DAGs
[2024-04-05T23:07:25.495+0000] {logging_mixin.py:188} INFO - [2024-04-05T23:07:25.495+0000] {dag.py:3834} INFO - Setting next_dagrun for example_python_operator to None, run_after=None
[2024-04-05T23:07:25.532+0000] {processor.py:183} INFO - Processing /home/airflow/.local/lib/python3.8/site-packages/airflow/example_dags/example_python_operator.py took 0.132 seconds
[2024-04-05T23:07:56.055+0000] {processor.py:161} INFO - Started process (PID=1212) to work on /home/airflow/.local/lib/python3.8/site-packages/airflow/example_dags/example_python_operator.py
[2024-04-05T23:07:56.057+0000] {processor.py:830} INFO - Processing file /home/airflow/.local/lib/python3.8/site-packages/airflow/example_dags/example_python_operator.py for tasks to queue
[2024-04-05T23:07:56.061+0000] {logging_mixin.py:188} INFO - [2024-04-05T23:07:56.060+0000] {dagbag.py:540} INFO - Filling up the DagBag from /home/airflow/.local/lib/python3.8/site-packages/airflow/example_dags/example_python_operator.py
[2024-04-05T23:07:56.085+0000] {processor.py:840} INFO - DAG(s) 'example_python_operator' retrieved from /home/airflow/.local/lib/python3.8/site-packages/airflow/example_dags/example_python_operator.py
[2024-04-05T23:07:56.128+0000] {logging_mixin.py:188} INFO - [2024-04-05T23:07:56.127+0000] {dag.py:3047} INFO - Sync 1 DAGs
[2024-04-05T23:07:56.147+0000] {logging_mixin.py:188} INFO - [2024-04-05T23:07:56.146+0000] {dag.py:3834} INFO - Setting next_dagrun for example_python_operator to None, run_after=None
[2024-04-05T23:07:56.176+0000] {processor.py:183} INFO - Processing /home/airflow/.local/lib/python3.8/site-packages/airflow/example_dags/example_python_operator.py took 0.126 seconds
[2024-04-05T23:08:26.708+0000] {processor.py:161} INFO - Started process (PID=1267) to work on /home/airflow/.local/lib/python3.8/site-packages/airflow/example_dags/example_python_operator.py
[2024-04-05T23:08:26.709+0000] {processor.py:830} INFO - Processing file /home/airflow/.local/lib/python3.8/site-packages/airflow/example_dags/example_python_operator.py for tasks to queue
[2024-04-05T23:08:26.712+0000] {logging_mixin.py:188} INFO - [2024-04-05T23:08:26.712+0000] {dagbag.py:540} INFO - Filling up the DagBag from /home/airflow/.local/lib/python3.8/site-packages/airflow/example_dags/example_python_operator.py
[2024-04-05T23:08:26.724+0000] {processor.py:840} INFO - DAG(s) 'example_python_operator' retrieved from /home/airflow/.local/lib/python3.8/site-packages/airflow/example_dags/example_python_operator.py
[2024-04-05T23:08:26.753+0000] {logging_mixin.py:188} INFO - [2024-04-05T23:08:26.753+0000] {dag.py:3047} INFO - Sync 1 DAGs
[2024-04-05T23:08:26.770+0000] {logging_mixin.py:188} INFO - [2024-04-05T23:08:26.770+0000] {dag.py:3834} INFO - Setting next_dagrun for example_python_operator to None, run_after=None
[2024-04-05T23:08:26.795+0000] {processor.py:183} INFO - Processing /home/airflow/.local/lib/python3.8/site-packages/airflow/example_dags/example_python_operator.py took 0.091 seconds
[2024-04-05T23:08:57.198+0000] {processor.py:161} INFO - Started process (PID=1322) to work on /home/airflow/.local/lib/python3.8/site-packages/airflow/example_dags/example_python_operator.py
[2024-04-05T23:08:57.199+0000] {processor.py:830} INFO - Processing file /home/airflow/.local/lib/python3.8/site-packages/airflow/example_dags/example_python_operator.py for tasks to queue
[2024-04-05T23:08:57.201+0000] {logging_mixin.py:188} INFO - [2024-04-05T23:08:57.201+0000] {dagbag.py:540} INFO - Filling up the DagBag from /home/airflow/.local/lib/python3.8/site-packages/airflow/example_dags/example_python_operator.py
[2024-04-05T23:08:57.212+0000] {processor.py:840} INFO - DAG(s) 'example_python_operator' retrieved from /home/airflow/.local/lib/python3.8/site-packages/airflow/example_dags/example_python_operator.py
[2024-04-05T23:08:57.239+0000] {logging_mixin.py:188} INFO - [2024-04-05T23:08:57.238+0000] {dag.py:3047} INFO - Sync 1 DAGs
[2024-04-05T23:08:57.254+0000] {logging_mixin.py:188} INFO - [2024-04-05T23:08:57.253+0000] {dag.py:3834} INFO - Setting next_dagrun for example_python_operator to None, run_after=None
[2024-04-05T23:08:57.316+0000] {processor.py:183} INFO - Processing /home/airflow/.local/lib/python3.8/site-packages/airflow/example_dags/example_python_operator.py took 0.122 seconds
[2024-04-05T23:09:27.814+0000] {processor.py:161} INFO - Started process (PID=1377) to work on /home/airflow/.local/lib/python3.8/site-packages/airflow/example_dags/example_python_operator.py
[2024-04-05T23:09:27.816+0000] {processor.py:830} INFO - Processing file /home/airflow/.local/lib/python3.8/site-packages/airflow/example_dags/example_python_operator.py for tasks to queue
[2024-04-05T23:09:27.819+0000] {logging_mixin.py:188} INFO - [2024-04-05T23:09:27.819+0000] {dagbag.py:540} INFO - Filling up the DagBag from /home/airflow/.local/lib/python3.8/site-packages/airflow/example_dags/example_python_operator.py
[2024-04-05T23:09:27.832+0000] {processor.py:840} INFO - DAG(s) 'example_python_operator' retrieved from /home/airflow/.local/lib/python3.8/site-packages/airflow/example_dags/example_python_operator.py
[2024-04-05T23:09:27.862+0000] {logging_mixin.py:188} INFO - [2024-04-05T23:09:27.862+0000] {dag.py:3047} INFO - Sync 1 DAGs
[2024-04-05T23:09:27.879+0000] {logging_mixin.py:188} INFO - [2024-04-05T23:09:27.878+0000] {dag.py:3834} INFO - Setting next_dagrun for example_python_operator to None, run_after=None
[2024-04-05T23:09:27.943+0000] {processor.py:183} INFO - Processing /home/airflow/.local/lib/python3.8/site-packages/airflow/example_dags/example_python_operator.py took 0.134 seconds
[2024-04-05T23:09:58.676+0000] {processor.py:161} INFO - Started process (PID=1432) to work on /home/airflow/.local/lib/python3.8/site-packages/airflow/example_dags/example_python_operator.py
[2024-04-05T23:09:58.678+0000] {processor.py:830} INFO - Processing file /home/airflow/.local/lib/python3.8/site-packages/airflow/example_dags/example_python_operator.py for tasks to queue
[2024-04-05T23:09:58.681+0000] {logging_mixin.py:188} INFO - [2024-04-05T23:09:58.680+0000] {dagbag.py:540} INFO - Filling up the DagBag from /home/airflow/.local/lib/python3.8/site-packages/airflow/example_dags/example_python_operator.py
[2024-04-05T23:09:58.694+0000] {processor.py:840} INFO - DAG(s) 'example_python_operator' retrieved from /home/airflow/.local/lib/python3.8/site-packages/airflow/example_dags/example_python_operator.py
[2024-04-05T23:09:58.719+0000] {logging_mixin.py:188} INFO - [2024-04-05T23:09:58.719+0000] {dag.py:3047} INFO - Sync 1 DAGs
[2024-04-05T23:09:58.735+0000] {logging_mixin.py:188} INFO - [2024-04-05T23:09:58.735+0000] {dag.py:3834} INFO - Setting next_dagrun for example_python_operator to None, run_after=None
[2024-04-05T23:09:58.761+0000] {processor.py:183} INFO - Processing /home/airflow/.local/lib/python3.8/site-packages/airflow/example_dags/example_python_operator.py took 0.090 seconds
[2024-04-05T23:10:29.897+0000] {processor.py:161} INFO - Started process (PID=1487) to work on /home/airflow/.local/lib/python3.8/site-packages/airflow/example_dags/example_python_operator.py
[2024-04-05T23:10:29.898+0000] {processor.py:830} INFO - Processing file /home/airflow/.local/lib/python3.8/site-packages/airflow/example_dags/example_python_operator.py for tasks to queue
[2024-04-05T23:10:29.901+0000] {logging_mixin.py:188} INFO - [2024-04-05T23:10:29.900+0000] {dagbag.py:540} INFO - Filling up the DagBag from /home/airflow/.local/lib/python3.8/site-packages/airflow/example_dags/example_python_operator.py
[2024-04-05T23:10:29.911+0000] {processor.py:840} INFO - DAG(s) 'example_python_operator' retrieved from /home/airflow/.local/lib/python3.8/site-packages/airflow/example_dags/example_python_operator.py
[2024-04-05T23:10:29.933+0000] {logging_mixin.py:188} INFO - [2024-04-05T23:10:29.933+0000] {dag.py:3047} INFO - Sync 1 DAGs
[2024-04-05T23:10:29.946+0000] {logging_mixin.py:188} INFO - [2024-04-05T23:10:29.946+0000] {dag.py:3834} INFO - Setting next_dagrun for example_python_operator to None, run_after=None
[2024-04-05T23:10:29.967+0000] {processor.py:183} INFO - Processing /home/airflow/.local/lib/python3.8/site-packages/airflow/example_dags/example_python_operator.py took 0.074 seconds
[2024-04-05T23:11:00.557+0000] {processor.py:161} INFO - Started process (PID=1542) to work on /home/airflow/.local/lib/python3.8/site-packages/airflow/example_dags/example_python_operator.py
[2024-04-05T23:11:00.559+0000] {processor.py:830} INFO - Processing file /home/airflow/.local/lib/python3.8/site-packages/airflow/example_dags/example_python_operator.py for tasks to queue
[2024-04-05T23:11:00.562+0000] {logging_mixin.py:188} INFO - [2024-04-05T23:11:00.561+0000] {dagbag.py:540} INFO - Filling up the DagBag from /home/airflow/.local/lib/python3.8/site-packages/airflow/example_dags/example_python_operator.py
[2024-04-05T23:11:00.578+0000] {processor.py:840} INFO - DAG(s) 'example_python_operator' retrieved from /home/airflow/.local/lib/python3.8/site-packages/airflow/example_dags/example_python_operator.py
[2024-04-05T23:11:00.606+0000] {logging_mixin.py:188} INFO - [2024-04-05T23:11:00.605+0000] {dag.py:3047} INFO - Sync 1 DAGs
[2024-04-05T23:11:00.621+0000] {logging_mixin.py:188} INFO - [2024-04-05T23:11:00.621+0000] {dag.py:3834} INFO - Setting next_dagrun for example_python_operator to None, run_after=None
[2024-04-05T23:11:00.647+0000] {processor.py:183} INFO - Processing /home/airflow/.local/lib/python3.8/site-packages/airflow/example_dags/example_python_operator.py took 0.095 seconds
[2024-04-05T23:11:31.129+0000] {processor.py:161} INFO - Started process (PID=1597) to work on /home/airflow/.local/lib/python3.8/site-packages/airflow/example_dags/example_python_operator.py
[2024-04-05T23:11:31.130+0000] {processor.py:830} INFO - Processing file /home/airflow/.local/lib/python3.8/site-packages/airflow/example_dags/example_python_operator.py for tasks to queue
[2024-04-05T23:11:31.133+0000] {logging_mixin.py:188} INFO - [2024-04-05T23:11:31.132+0000] {dagbag.py:540} INFO - Filling up the DagBag from /home/airflow/.local/lib/python3.8/site-packages/airflow/example_dags/example_python_operator.py
[2024-04-05T23:11:31.147+0000] {processor.py:840} INFO - DAG(s) 'example_python_operator' retrieved from /home/airflow/.local/lib/python3.8/site-packages/airflow/example_dags/example_python_operator.py
[2024-04-05T23:11:31.174+0000] {logging_mixin.py:188} INFO - [2024-04-05T23:11:31.174+0000] {dag.py:3047} INFO - Sync 1 DAGs
[2024-04-05T23:11:31.186+0000] {logging_mixin.py:188} INFO - [2024-04-05T23:11:31.186+0000] {dag.py:3834} INFO - Setting next_dagrun for example_python_operator to None, run_after=None
[2024-04-05T23:11:31.209+0000] {processor.py:183} INFO - Processing /home/airflow/.local/lib/python3.8/site-packages/airflow/example_dags/example_python_operator.py took 0.083 seconds
[2024-04-05T23:12:01.317+0000] {processor.py:161} INFO - Started process (PID=1652) to work on /home/airflow/.local/lib/python3.8/site-packages/airflow/example_dags/example_python_operator.py
[2024-04-05T23:12:01.318+0000] {processor.py:830} INFO - Processing file /home/airflow/.local/lib/python3.8/site-packages/airflow/example_dags/example_python_operator.py for tasks to queue
[2024-04-05T23:12:01.320+0000] {logging_mixin.py:188} INFO - [2024-04-05T23:12:01.320+0000] {dagbag.py:540} INFO - Filling up the DagBag from /home/airflow/.local/lib/python3.8/site-packages/airflow/example_dags/example_python_operator.py
[2024-04-05T23:12:01.332+0000] {processor.py:840} INFO - DAG(s) 'example_python_operator' retrieved from /home/airflow/.local/lib/python3.8/site-packages/airflow/example_dags/example_python_operator.py
[2024-04-05T23:12:01.355+0000] {logging_mixin.py:188} INFO - [2024-04-05T23:12:01.355+0000] {dag.py:3047} INFO - Sync 1 DAGs
[2024-04-05T23:12:01.369+0000] {logging_mixin.py:188} INFO - [2024-04-05T23:12:01.368+0000] {dag.py:3834} INFO - Setting next_dagrun for example_python_operator to None, run_after=None
[2024-04-05T23:12:01.389+0000] {processor.py:183} INFO - Processing /home/airflow/.local/lib/python3.8/site-packages/airflow/example_dags/example_python_operator.py took 0.076 seconds
[2024-04-05T23:12:31.594+0000] {processor.py:161} INFO - Started process (PID=1707) to work on /home/airflow/.local/lib/python3.8/site-packages/airflow/example_dags/example_python_operator.py
[2024-04-05T23:12:31.596+0000] {processor.py:830} INFO - Processing file /home/airflow/.local/lib/python3.8/site-packages/airflow/example_dags/example_python_operator.py for tasks to queue
[2024-04-05T23:12:31.599+0000] {logging_mixin.py:188} INFO - [2024-04-05T23:12:31.598+0000] {dagbag.py:540} INFO - Filling up the DagBag from /home/airflow/.local/lib/python3.8/site-packages/airflow/example_dags/example_python_operator.py
[2024-04-05T23:12:31.608+0000] {processor.py:840} INFO - DAG(s) 'example_python_operator' retrieved from /home/airflow/.local/lib/python3.8/site-packages/airflow/example_dags/example_python_operator.py
[2024-04-05T23:12:31.633+0000] {logging_mixin.py:188} INFO - [2024-04-05T23:12:31.633+0000] {dag.py:3047} INFO - Sync 1 DAGs
[2024-04-05T23:12:31.645+0000] {logging_mixin.py:188} INFO - [2024-04-05T23:12:31.645+0000] {dag.py:3834} INFO - Setting next_dagrun for example_python_operator to None, run_after=None
[2024-04-05T23:12:31.666+0000] {processor.py:183} INFO - Processing /home/airflow/.local/lib/python3.8/site-packages/airflow/example_dags/example_python_operator.py took 0.076 seconds
[2024-04-05T23:13:02.317+0000] {processor.py:161} INFO - Started process (PID=1762) to work on /home/airflow/.local/lib/python3.8/site-packages/airflow/example_dags/example_python_operator.py
[2024-04-05T23:13:02.319+0000] {processor.py:830} INFO - Processing file /home/airflow/.local/lib/python3.8/site-packages/airflow/example_dags/example_python_operator.py for tasks to queue
[2024-04-05T23:13:02.322+0000] {logging_mixin.py:188} INFO - [2024-04-05T23:13:02.321+0000] {dagbag.py:540} INFO - Filling up the DagBag from /home/airflow/.local/lib/python3.8/site-packages/airflow/example_dags/example_python_operator.py
[2024-04-05T23:13:02.335+0000] {processor.py:840} INFO - DAG(s) 'example_python_operator' retrieved from /home/airflow/.local/lib/python3.8/site-packages/airflow/example_dags/example_python_operator.py
[2024-04-05T23:13:02.363+0000] {logging_mixin.py:188} INFO - [2024-04-05T23:13:02.363+0000] {dag.py:3047} INFO - Sync 1 DAGs
[2024-04-05T23:13:02.378+0000] {logging_mixin.py:188} INFO - [2024-04-05T23:13:02.378+0000] {dag.py:3834} INFO - Setting next_dagrun for example_python_operator to None, run_after=None
[2024-04-05T23:13:02.405+0000] {processor.py:183} INFO - Processing /home/airflow/.local/lib/python3.8/site-packages/airflow/example_dags/example_python_operator.py took 0.091 seconds
[2024-04-05T23:13:32.663+0000] {processor.py:161} INFO - Started process (PID=1817) to work on /home/airflow/.local/lib/python3.8/site-packages/airflow/example_dags/example_python_operator.py
[2024-04-05T23:13:32.664+0000] {processor.py:830} INFO - Processing file /home/airflow/.local/lib/python3.8/site-packages/airflow/example_dags/example_python_operator.py for tasks to queue
[2024-04-05T23:13:32.667+0000] {logging_mixin.py:188} INFO - [2024-04-05T23:13:32.667+0000] {dagbag.py:540} INFO - Filling up the DagBag from /home/airflow/.local/lib/python3.8/site-packages/airflow/example_dags/example_python_operator.py
[2024-04-05T23:13:32.680+0000] {processor.py:840} INFO - DAG(s) 'example_python_operator' retrieved from /home/airflow/.local/lib/python3.8/site-packages/airflow/example_dags/example_python_operator.py
[2024-04-05T23:13:32.706+0000] {logging_mixin.py:188} INFO - [2024-04-05T23:13:32.706+0000] {dag.py:3047} INFO - Sync 1 DAGs
[2024-04-05T23:13:32.719+0000] {logging_mixin.py:188} INFO - [2024-04-05T23:13:32.719+0000] {dag.py:3834} INFO - Setting next_dagrun for example_python_operator to None, run_after=None
[2024-04-05T23:13:32.745+0000] {processor.py:183} INFO - Processing /home/airflow/.local/lib/python3.8/site-packages/airflow/example_dags/example_python_operator.py took 0.086 seconds
[2024-04-05T23:14:03.364+0000] {processor.py:161} INFO - Started process (PID=1872) to work on /home/airflow/.local/lib/python3.8/site-packages/airflow/example_dags/example_python_operator.py
[2024-04-05T23:14:03.366+0000] {processor.py:830} INFO - Processing file /home/airflow/.local/lib/python3.8/site-packages/airflow/example_dags/example_python_operator.py for tasks to queue
[2024-04-05T23:14:03.369+0000] {logging_mixin.py:188} INFO - [2024-04-05T23:14:03.368+0000] {dagbag.py:540} INFO - Filling up the DagBag from /home/airflow/.local/lib/python3.8/site-packages/airflow/example_dags/example_python_operator.py
[2024-04-05T23:14:03.380+0000] {processor.py:840} INFO - DAG(s) 'example_python_operator' retrieved from /home/airflow/.local/lib/python3.8/site-packages/airflow/example_dags/example_python_operator.py
[2024-04-05T23:14:03.404+0000] {logging_mixin.py:188} INFO - [2024-04-05T23:14:03.403+0000] {dag.py:3047} INFO - Sync 1 DAGs
[2024-04-05T23:14:03.417+0000] {logging_mixin.py:188} INFO - [2024-04-05T23:14:03.417+0000] {dag.py:3834} INFO - Setting next_dagrun for example_python_operator to None, run_after=None
[2024-04-05T23:14:03.439+0000] {processor.py:183} INFO - Processing /home/airflow/.local/lib/python3.8/site-packages/airflow/example_dags/example_python_operator.py took 0.077 seconds
[2024-04-05T23:14:33.651+0000] {processor.py:161} INFO - Started process (PID=1927) to work on /home/airflow/.local/lib/python3.8/site-packages/airflow/example_dags/example_python_operator.py
[2024-04-05T23:14:33.652+0000] {processor.py:830} INFO - Processing file /home/airflow/.local/lib/python3.8/site-packages/airflow/example_dags/example_python_operator.py for tasks to queue
[2024-04-05T23:14:33.654+0000] {logging_mixin.py:188} INFO - [2024-04-05T23:14:33.654+0000] {dagbag.py:540} INFO - Filling up the DagBag from /home/airflow/.local/lib/python3.8/site-packages/airflow/example_dags/example_python_operator.py
[2024-04-05T23:14:33.666+0000] {processor.py:840} INFO - DAG(s) 'example_python_operator' retrieved from /home/airflow/.local/lib/python3.8/site-packages/airflow/example_dags/example_python_operator.py
[2024-04-05T23:14:33.693+0000] {logging_mixin.py:188} INFO - [2024-04-05T23:14:33.692+0000] {dag.py:3047} INFO - Sync 1 DAGs
[2024-04-05T23:14:33.706+0000] {logging_mixin.py:188} INFO - [2024-04-05T23:14:33.705+0000] {dag.py:3834} INFO - Setting next_dagrun for example_python_operator to None, run_after=None
[2024-04-05T23:14:33.726+0000] {processor.py:183} INFO - Processing /home/airflow/.local/lib/python3.8/site-packages/airflow/example_dags/example_python_operator.py took 0.079 seconds
[2024-04-05T23:15:04.613+0000] {processor.py:161} INFO - Started process (PID=1982) to work on /home/airflow/.local/lib/python3.8/site-packages/airflow/example_dags/example_python_operator.py
[2024-04-05T23:15:04.615+0000] {processor.py:830} INFO - Processing file /home/airflow/.local/lib/python3.8/site-packages/airflow/example_dags/example_python_operator.py for tasks to queue
[2024-04-05T23:15:04.617+0000] {logging_mixin.py:188} INFO - [2024-04-05T23:15:04.617+0000] {dagbag.py:540} INFO - Filling up the DagBag from /home/airflow/.local/lib/python3.8/site-packages/airflow/example_dags/example_python_operator.py
[2024-04-05T23:15:04.627+0000] {processor.py:840} INFO - DAG(s) 'example_python_operator' retrieved from /home/airflow/.local/lib/python3.8/site-packages/airflow/example_dags/example_python_operator.py
[2024-04-05T23:15:04.653+0000] {logging_mixin.py:188} INFO - [2024-04-05T23:15:04.653+0000] {dag.py:3047} INFO - Sync 1 DAGs
[2024-04-05T23:15:04.665+0000] {logging_mixin.py:188} INFO - [2024-04-05T23:15:04.665+0000] {dag.py:3834} INFO - Setting next_dagrun for example_python_operator to None, run_after=None
[2024-04-05T23:15:04.743+0000] {processor.py:183} INFO - Processing /home/airflow/.local/lib/python3.8/site-packages/airflow/example_dags/example_python_operator.py took 0.133 seconds
[2024-04-05T23:15:35.560+0000] {processor.py:161} INFO - Started process (PID=2037) to work on /home/airflow/.local/lib/python3.8/site-packages/airflow/example_dags/example_python_operator.py
[2024-04-05T23:15:35.562+0000] {processor.py:830} INFO - Processing file /home/airflow/.local/lib/python3.8/site-packages/airflow/example_dags/example_python_operator.py for tasks to queue
[2024-04-05T23:15:35.565+0000] {logging_mixin.py:188} INFO - [2024-04-05T23:15:35.565+0000] {dagbag.py:540} INFO - Filling up the DagBag from /home/airflow/.local/lib/python3.8/site-packages/airflow/example_dags/example_python_operator.py
[2024-04-05T23:15:35.580+0000] {processor.py:840} INFO - DAG(s) 'example_python_operator' retrieved from /home/airflow/.local/lib/python3.8/site-packages/airflow/example_dags/example_python_operator.py
[2024-04-05T23:15:35.606+0000] {logging_mixin.py:188} INFO - [2024-04-05T23:15:35.606+0000] {dag.py:3047} INFO - Sync 1 DAGs
[2024-04-05T23:15:35.619+0000] {logging_mixin.py:188} INFO - [2024-04-05T23:15:35.619+0000] {dag.py:3834} INFO - Setting next_dagrun for example_python_operator to None, run_after=None
[2024-04-05T23:15:35.643+0000] {processor.py:183} INFO - Processing /home/airflow/.local/lib/python3.8/site-packages/airflow/example_dags/example_python_operator.py took 0.086 seconds
[2024-04-05T23:16:06.673+0000] {processor.py:161} INFO - Started process (PID=2092) to work on /home/airflow/.local/lib/python3.8/site-packages/airflow/example_dags/example_python_operator.py
[2024-04-05T23:16:06.674+0000] {processor.py:830} INFO - Processing file /home/airflow/.local/lib/python3.8/site-packages/airflow/example_dags/example_python_operator.py for tasks to queue
[2024-04-05T23:16:06.677+0000] {logging_mixin.py:188} INFO - [2024-04-05T23:16:06.676+0000] {dagbag.py:540} INFO - Filling up the DagBag from /home/airflow/.local/lib/python3.8/site-packages/airflow/example_dags/example_python_operator.py
[2024-04-05T23:16:06.690+0000] {processor.py:840} INFO - DAG(s) 'example_python_operator' retrieved from /home/airflow/.local/lib/python3.8/site-packages/airflow/example_dags/example_python_operator.py
[2024-04-05T23:16:06.722+0000] {logging_mixin.py:188} INFO - [2024-04-05T23:16:06.722+0000] {dag.py:3047} INFO - Sync 1 DAGs
[2024-04-05T23:16:06.736+0000] {logging_mixin.py:188} INFO - [2024-04-05T23:16:06.736+0000] {dag.py:3834} INFO - Setting next_dagrun for example_python_operator to None, run_after=None
[2024-04-05T23:16:06.800+0000] {processor.py:183} INFO - Processing /home/airflow/.local/lib/python3.8/site-packages/airflow/example_dags/example_python_operator.py took 0.132 seconds
[2024-04-05T23:16:36.962+0000] {processor.py:161} INFO - Started process (PID=2147) to work on /home/airflow/.local/lib/python3.8/site-packages/airflow/example_dags/example_python_operator.py
[2024-04-05T23:16:36.963+0000] {processor.py:830} INFO - Processing file /home/airflow/.local/lib/python3.8/site-packages/airflow/example_dags/example_python_operator.py for tasks to queue
[2024-04-05T23:16:36.965+0000] {logging_mixin.py:188} INFO - [2024-04-05T23:16:36.964+0000] {dagbag.py:540} INFO - Filling up the DagBag from /home/airflow/.local/lib/python3.8/site-packages/airflow/example_dags/example_python_operator.py
[2024-04-05T23:16:36.976+0000] {processor.py:840} INFO - DAG(s) 'example_python_operator' retrieved from /home/airflow/.local/lib/python3.8/site-packages/airflow/example_dags/example_python_operator.py
[2024-04-05T23:16:36.998+0000] {logging_mixin.py:188} INFO - [2024-04-05T23:16:36.997+0000] {dag.py:3047} INFO - Sync 1 DAGs
[2024-04-05T23:16:37.009+0000] {logging_mixin.py:188} INFO - [2024-04-05T23:16:37.009+0000] {dag.py:3834} INFO - Setting next_dagrun for example_python_operator to None, run_after=None
[2024-04-05T23:16:37.029+0000] {processor.py:183} INFO - Processing /home/airflow/.local/lib/python3.8/site-packages/airflow/example_dags/example_python_operator.py took 0.072 seconds
[2024-04-05T23:17:07.073+0000] {processor.py:161} INFO - Started process (PID=2201) to work on /home/airflow/.local/lib/python3.8/site-packages/airflow/example_dags/example_python_operator.py
[2024-04-05T23:17:07.074+0000] {processor.py:830} INFO - Processing file /home/airflow/.local/lib/python3.8/site-packages/airflow/example_dags/example_python_operator.py for tasks to queue
[2024-04-05T23:17:07.077+0000] {logging_mixin.py:188} INFO - [2024-04-05T23:17:07.076+0000] {dagbag.py:540} INFO - Filling up the DagBag from /home/airflow/.local/lib/python3.8/site-packages/airflow/example_dags/example_python_operator.py
[2024-04-05T23:17:07.089+0000] {processor.py:840} INFO - DAG(s) 'example_python_operator' retrieved from /home/airflow/.local/lib/python3.8/site-packages/airflow/example_dags/example_python_operator.py
[2024-04-05T23:17:07.111+0000] {logging_mixin.py:188} INFO - [2024-04-05T23:17:07.111+0000] {dag.py:3047} INFO - Sync 1 DAGs
[2024-04-05T23:17:07.123+0000] {logging_mixin.py:188} INFO - [2024-04-05T23:17:07.123+0000] {dag.py:3834} INFO - Setting next_dagrun for example_python_operator to None, run_after=None
[2024-04-05T23:17:07.187+0000] {processor.py:183} INFO - Processing /home/airflow/.local/lib/python3.8/site-packages/airflow/example_dags/example_python_operator.py took 0.118 seconds
[2024-04-05T23:17:37.958+0000] {processor.py:161} INFO - Started process (PID=2256) to work on /home/airflow/.local/lib/python3.8/site-packages/airflow/example_dags/example_python_operator.py
[2024-04-05T23:17:37.960+0000] {processor.py:830} INFO - Processing file /home/airflow/.local/lib/python3.8/site-packages/airflow/example_dags/example_python_operator.py for tasks to queue
[2024-04-05T23:17:37.962+0000] {logging_mixin.py:188} INFO - [2024-04-05T23:17:37.962+0000] {dagbag.py:540} INFO - Filling up the DagBag from /home/airflow/.local/lib/python3.8/site-packages/airflow/example_dags/example_python_operator.py
[2024-04-05T23:17:37.975+0000] {processor.py:840} INFO - DAG(s) 'example_python_operator' retrieved from /home/airflow/.local/lib/python3.8/site-packages/airflow/example_dags/example_python_operator.py
[2024-04-05T23:17:38.002+0000] {logging_mixin.py:188} INFO - [2024-04-05T23:17:38.002+0000] {dag.py:3047} INFO - Sync 1 DAGs
[2024-04-05T23:17:38.016+0000] {logging_mixin.py:188} INFO - [2024-04-05T23:17:38.016+0000] {dag.py:3834} INFO - Setting next_dagrun for example_python_operator to None, run_after=None
[2024-04-05T23:17:38.077+0000] {processor.py:183} INFO - Processing /home/airflow/.local/lib/python3.8/site-packages/airflow/example_dags/example_python_operator.py took 0.123 seconds
[2024-04-05T23:18:09.224+0000] {processor.py:161} INFO - Started process (PID=2312) to work on /home/airflow/.local/lib/python3.8/site-packages/airflow/example_dags/example_python_operator.py
[2024-04-05T23:18:09.226+0000] {processor.py:830} INFO - Processing file /home/airflow/.local/lib/python3.8/site-packages/airflow/example_dags/example_python_operator.py for tasks to queue
[2024-04-05T23:18:09.228+0000] {logging_mixin.py:188} INFO - [2024-04-05T23:18:09.228+0000] {dagbag.py:540} INFO - Filling up the DagBag from /home/airflow/.local/lib/python3.8/site-packages/airflow/example_dags/example_python_operator.py
[2024-04-05T23:18:09.240+0000] {processor.py:840} INFO - DAG(s) 'example_python_operator' retrieved from /home/airflow/.local/lib/python3.8/site-packages/airflow/example_dags/example_python_operator.py
[2024-04-05T23:18:09.265+0000] {logging_mixin.py:188} INFO - [2024-04-05T23:18:09.265+0000] {dag.py:3047} INFO - Sync 1 DAGs
[2024-04-05T23:18:09.275+0000] {logging_mixin.py:188} INFO - [2024-04-05T23:18:09.275+0000] {dag.py:3834} INFO - Setting next_dagrun for example_python_operator to None, run_after=None
[2024-04-05T23:18:09.346+0000] {processor.py:183} INFO - Processing /home/airflow/.local/lib/python3.8/site-packages/airflow/example_dags/example_python_operator.py took 0.125 seconds
[2024-04-05T23:18:39.529+0000] {processor.py:161} INFO - Started process (PID=2367) to work on /home/airflow/.local/lib/python3.8/site-packages/airflow/example_dags/example_python_operator.py
[2024-04-05T23:18:39.530+0000] {processor.py:830} INFO - Processing file /home/airflow/.local/lib/python3.8/site-packages/airflow/example_dags/example_python_operator.py for tasks to queue
[2024-04-05T23:18:39.532+0000] {logging_mixin.py:188} INFO - [2024-04-05T23:18:39.532+0000] {dagbag.py:540} INFO - Filling up the DagBag from /home/airflow/.local/lib/python3.8/site-packages/airflow/example_dags/example_python_operator.py
[2024-04-05T23:18:39.542+0000] {processor.py:840} INFO - DAG(s) 'example_python_operator' retrieved from /home/airflow/.local/lib/python3.8/site-packages/airflow/example_dags/example_python_operator.py
[2024-04-05T23:18:39.564+0000] {logging_mixin.py:188} INFO - [2024-04-05T23:18:39.564+0000] {dag.py:3047} INFO - Sync 1 DAGs
[2024-04-05T23:18:39.575+0000] {logging_mixin.py:188} INFO - [2024-04-05T23:18:39.575+0000] {dag.py:3834} INFO - Setting next_dagrun for example_python_operator to None, run_after=None
[2024-04-05T23:18:39.641+0000] {processor.py:183} INFO - Processing /home/airflow/.local/lib/python3.8/site-packages/airflow/example_dags/example_python_operator.py took 0.115 seconds
[2024-04-05T23:19:10.495+0000] {processor.py:161} INFO - Started process (PID=2422) to work on /home/airflow/.local/lib/python3.8/site-packages/airflow/example_dags/example_python_operator.py
[2024-04-05T23:19:10.496+0000] {processor.py:830} INFO - Processing file /home/airflow/.local/lib/python3.8/site-packages/airflow/example_dags/example_python_operator.py for tasks to queue
[2024-04-05T23:19:10.498+0000] {logging_mixin.py:188} INFO - [2024-04-05T23:19:10.498+0000] {dagbag.py:540} INFO - Filling up the DagBag from /home/airflow/.local/lib/python3.8/site-packages/airflow/example_dags/example_python_operator.py
[2024-04-05T23:19:10.508+0000] {processor.py:840} INFO - DAG(s) 'example_python_operator' retrieved from /home/airflow/.local/lib/python3.8/site-packages/airflow/example_dags/example_python_operator.py
[2024-04-05T23:19:10.533+0000] {logging_mixin.py:188} INFO - [2024-04-05T23:19:10.533+0000] {dag.py:3047} INFO - Sync 1 DAGs
[2024-04-05T23:19:10.546+0000] {logging_mixin.py:188} INFO - [2024-04-05T23:19:10.546+0000] {dag.py:3834} INFO - Setting next_dagrun for example_python_operator to None, run_after=None
[2024-04-05T23:19:10.610+0000] {processor.py:183} INFO - Processing /home/airflow/.local/lib/python3.8/site-packages/airflow/example_dags/example_python_operator.py took 0.119 seconds
[2024-04-05T23:19:40.733+0000] {processor.py:161} INFO - Started process (PID=2477) to work on /home/airflow/.local/lib/python3.8/site-packages/airflow/example_dags/example_python_operator.py
[2024-04-05T23:19:40.735+0000] {processor.py:830} INFO - Processing file /home/airflow/.local/lib/python3.8/site-packages/airflow/example_dags/example_python_operator.py for tasks to queue
[2024-04-05T23:19:40.738+0000] {logging_mixin.py:188} INFO - [2024-04-05T23:19:40.737+0000] {dagbag.py:540} INFO - Filling up the DagBag from /home/airflow/.local/lib/python3.8/site-packages/airflow/example_dags/example_python_operator.py
[2024-04-05T23:19:40.749+0000] {processor.py:840} INFO - DAG(s) 'example_python_operator' retrieved from /home/airflow/.local/lib/python3.8/site-packages/airflow/example_dags/example_python_operator.py
[2024-04-05T23:19:40.774+0000] {logging_mixin.py:188} INFO - [2024-04-05T23:19:40.774+0000] {dag.py:3047} INFO - Sync 1 DAGs
[2024-04-05T23:19:40.786+0000] {logging_mixin.py:188} INFO - [2024-04-05T23:19:40.786+0000] {dag.py:3834} INFO - Setting next_dagrun for example_python_operator to None, run_after=None
[2024-04-05T23:19:40.850+0000] {processor.py:183} INFO - Processing /home/airflow/.local/lib/python3.8/site-packages/airflow/example_dags/example_python_operator.py took 0.120 seconds
[2024-04-05T23:20:11.259+0000] {processor.py:161} INFO - Started process (PID=2532) to work on /home/airflow/.local/lib/python3.8/site-packages/airflow/example_dags/example_python_operator.py
[2024-04-05T23:20:11.260+0000] {processor.py:830} INFO - Processing file /home/airflow/.local/lib/python3.8/site-packages/airflow/example_dags/example_python_operator.py for tasks to queue
[2024-04-05T23:20:11.262+0000] {logging_mixin.py:188} INFO - [2024-04-05T23:20:11.262+0000] {dagbag.py:540} INFO - Filling up the DagBag from /home/airflow/.local/lib/python3.8/site-packages/airflow/example_dags/example_python_operator.py
[2024-04-05T23:20:11.272+0000] {processor.py:840} INFO - DAG(s) 'example_python_operator' retrieved from /home/airflow/.local/lib/python3.8/site-packages/airflow/example_dags/example_python_operator.py
[2024-04-05T23:20:11.295+0000] {logging_mixin.py:188} INFO - [2024-04-05T23:20:11.295+0000] {dag.py:3047} INFO - Sync 1 DAGs
[2024-04-05T23:20:11.306+0000] {logging_mixin.py:188} INFO - [2024-04-05T23:20:11.306+0000] {dag.py:3834} INFO - Setting next_dagrun for example_python_operator to None, run_after=None
[2024-04-05T23:20:11.328+0000] {processor.py:183} INFO - Processing /home/airflow/.local/lib/python3.8/site-packages/airflow/example_dags/example_python_operator.py took 0.072 seconds
[2024-04-05T23:20:41.801+0000] {processor.py:161} INFO - Started process (PID=2587) to work on /home/airflow/.local/lib/python3.8/site-packages/airflow/example_dags/example_python_operator.py
[2024-04-05T23:20:41.803+0000] {processor.py:830} INFO - Processing file /home/airflow/.local/lib/python3.8/site-packages/airflow/example_dags/example_python_operator.py for tasks to queue
[2024-04-05T23:20:41.806+0000] {logging_mixin.py:188} INFO - [2024-04-05T23:20:41.805+0000] {dagbag.py:540} INFO - Filling up the DagBag from /home/airflow/.local/lib/python3.8/site-packages/airflow/example_dags/example_python_operator.py
[2024-04-05T23:20:41.819+0000] {processor.py:840} INFO - DAG(s) 'example_python_operator' retrieved from /home/airflow/.local/lib/python3.8/site-packages/airflow/example_dags/example_python_operator.py
[2024-04-05T23:20:41.853+0000] {logging_mixin.py:188} INFO - [2024-04-05T23:20:41.852+0000] {dag.py:3047} INFO - Sync 1 DAGs
[2024-04-05T23:20:41.867+0000] {logging_mixin.py:188} INFO - [2024-04-05T23:20:41.867+0000] {dag.py:3834} INFO - Setting next_dagrun for example_python_operator to None, run_after=None
[2024-04-05T23:20:41.896+0000] {processor.py:183} INFO - Processing /home/airflow/.local/lib/python3.8/site-packages/airflow/example_dags/example_python_operator.py took 0.099 seconds
[2024-04-05T23:21:12.265+0000] {processor.py:161} INFO - Started process (PID=2642) to work on /home/airflow/.local/lib/python3.8/site-packages/airflow/example_dags/example_python_operator.py
[2024-04-05T23:21:12.267+0000] {processor.py:830} INFO - Processing file /home/airflow/.local/lib/python3.8/site-packages/airflow/example_dags/example_python_operator.py for tasks to queue
[2024-04-05T23:21:12.270+0000] {logging_mixin.py:188} INFO - [2024-04-05T23:21:12.269+0000] {dagbag.py:540} INFO - Filling up the DagBag from /home/airflow/.local/lib/python3.8/site-packages/airflow/example_dags/example_python_operator.py
[2024-04-05T23:21:12.285+0000] {processor.py:840} INFO - DAG(s) 'example_python_operator' retrieved from /home/airflow/.local/lib/python3.8/site-packages/airflow/example_dags/example_python_operator.py
[2024-04-05T23:21:12.311+0000] {logging_mixin.py:188} INFO - [2024-04-05T23:21:12.311+0000] {dag.py:3047} INFO - Sync 1 DAGs
[2024-04-05T23:21:12.326+0000] {logging_mixin.py:188} INFO - [2024-04-05T23:21:12.325+0000] {dag.py:3834} INFO - Setting next_dagrun for example_python_operator to None, run_after=None
[2024-04-05T23:21:12.387+0000] {processor.py:183} INFO - Processing /home/airflow/.local/lib/python3.8/site-packages/airflow/example_dags/example_python_operator.py took 0.126 seconds
[2024-04-05T23:21:42.973+0000] {processor.py:161} INFO - Started process (PID=2697) to work on /home/airflow/.local/lib/python3.8/site-packages/airflow/example_dags/example_python_operator.py
[2024-04-05T23:21:42.974+0000] {processor.py:830} INFO - Processing file /home/airflow/.local/lib/python3.8/site-packages/airflow/example_dags/example_python_operator.py for tasks to queue
[2024-04-05T23:21:42.977+0000] {logging_mixin.py:188} INFO - [2024-04-05T23:21:42.976+0000] {dagbag.py:540} INFO - Filling up the DagBag from /home/airflow/.local/lib/python3.8/site-packages/airflow/example_dags/example_python_operator.py
[2024-04-05T23:21:42.988+0000] {processor.py:840} INFO - DAG(s) 'example_python_operator' retrieved from /home/airflow/.local/lib/python3.8/site-packages/airflow/example_dags/example_python_operator.py
[2024-04-05T23:21:43.012+0000] {logging_mixin.py:188} INFO - [2024-04-05T23:21:43.011+0000] {dag.py:3047} INFO - Sync 1 DAGs
[2024-04-05T23:21:43.024+0000] {logging_mixin.py:188} INFO - [2024-04-05T23:21:43.024+0000] {dag.py:3834} INFO - Setting next_dagrun for example_python_operator to None, run_after=None
[2024-04-05T23:21:43.046+0000] {processor.py:183} INFO - Processing /home/airflow/.local/lib/python3.8/site-packages/airflow/example_dags/example_python_operator.py took 0.076 seconds
[2024-04-05T23:22:13.855+0000] {processor.py:161} INFO - Started process (PID=2751) to work on /home/airflow/.local/lib/python3.8/site-packages/airflow/example_dags/example_python_operator.py
[2024-04-05T23:22:13.856+0000] {processor.py:830} INFO - Processing file /home/airflow/.local/lib/python3.8/site-packages/airflow/example_dags/example_python_operator.py for tasks to queue
[2024-04-05T23:22:13.858+0000] {logging_mixin.py:188} INFO - [2024-04-05T23:22:13.858+0000] {dagbag.py:540} INFO - Filling up the DagBag from /home/airflow/.local/lib/python3.8/site-packages/airflow/example_dags/example_python_operator.py
[2024-04-05T23:22:13.874+0000] {processor.py:840} INFO - DAG(s) 'example_python_operator' retrieved from /home/airflow/.local/lib/python3.8/site-packages/airflow/example_dags/example_python_operator.py
[2024-04-05T23:22:13.911+0000] {logging_mixin.py:188} INFO - [2024-04-05T23:22:13.910+0000] {dag.py:3047} INFO - Sync 1 DAGs
[2024-04-05T23:22:13.926+0000] {logging_mixin.py:188} INFO - [2024-04-05T23:22:13.926+0000] {dag.py:3834} INFO - Setting next_dagrun for example_python_operator to None, run_after=None
[2024-04-05T23:22:13.954+0000] {processor.py:183} INFO - Processing /home/airflow/.local/lib/python3.8/site-packages/airflow/example_dags/example_python_operator.py took 0.103 seconds
[2024-04-05T23:22:44.247+0000] {processor.py:161} INFO - Started process (PID=2806) to work on /home/airflow/.local/lib/python3.8/site-packages/airflow/example_dags/example_python_operator.py
[2024-04-05T23:22:44.249+0000] {processor.py:830} INFO - Processing file /home/airflow/.local/lib/python3.8/site-packages/airflow/example_dags/example_python_operator.py for tasks to queue
[2024-04-05T23:22:44.251+0000] {logging_mixin.py:188} INFO - [2024-04-05T23:22:44.251+0000] {dagbag.py:540} INFO - Filling up the DagBag from /home/airflow/.local/lib/python3.8/site-packages/airflow/example_dags/example_python_operator.py
[2024-04-05T23:22:44.261+0000] {processor.py:840} INFO - DAG(s) 'example_python_operator' retrieved from /home/airflow/.local/lib/python3.8/site-packages/airflow/example_dags/example_python_operator.py
[2024-04-05T23:22:44.287+0000] {logging_mixin.py:188} INFO - [2024-04-05T23:22:44.286+0000] {dag.py:3047} INFO - Sync 1 DAGs
[2024-04-05T23:22:44.299+0000] {logging_mixin.py:188} INFO - [2024-04-05T23:22:44.299+0000] {dag.py:3834} INFO - Setting next_dagrun for example_python_operator to None, run_after=None
[2024-04-05T23:22:44.319+0000] {processor.py:183} INFO - Processing /home/airflow/.local/lib/python3.8/site-packages/airflow/example_dags/example_python_operator.py took 0.075 seconds
[2024-04-05T23:23:14.474+0000] {processor.py:161} INFO - Started process (PID=2861) to work on /home/airflow/.local/lib/python3.8/site-packages/airflow/example_dags/example_python_operator.py
[2024-04-05T23:23:14.476+0000] {processor.py:830} INFO - Processing file /home/airflow/.local/lib/python3.8/site-packages/airflow/example_dags/example_python_operator.py for tasks to queue
[2024-04-05T23:23:14.479+0000] {logging_mixin.py:188} INFO - [2024-04-05T23:23:14.479+0000] {dagbag.py:540} INFO - Filling up the DagBag from /home/airflow/.local/lib/python3.8/site-packages/airflow/example_dags/example_python_operator.py
[2024-04-05T23:23:14.492+0000] {processor.py:840} INFO - DAG(s) 'example_python_operator' retrieved from /home/airflow/.local/lib/python3.8/site-packages/airflow/example_dags/example_python_operator.py
[2024-04-05T23:23:14.519+0000] {logging_mixin.py:188} INFO - [2024-04-05T23:23:14.519+0000] {dag.py:3047} INFO - Sync 1 DAGs
[2024-04-05T23:23:14.535+0000] {logging_mixin.py:188} INFO - [2024-04-05T23:23:14.535+0000] {dag.py:3834} INFO - Setting next_dagrun for example_python_operator to None, run_after=None
[2024-04-05T23:23:14.600+0000] {processor.py:183} INFO - Processing /home/airflow/.local/lib/python3.8/site-packages/airflow/example_dags/example_python_operator.py took 0.131 seconds
[2024-04-05T23:23:44.774+0000] {processor.py:161} INFO - Started process (PID=2916) to work on /home/airflow/.local/lib/python3.8/site-packages/airflow/example_dags/example_python_operator.py
[2024-04-05T23:23:44.775+0000] {processor.py:830} INFO - Processing file /home/airflow/.local/lib/python3.8/site-packages/airflow/example_dags/example_python_operator.py for tasks to queue
[2024-04-05T23:23:44.778+0000] {logging_mixin.py:188} INFO - [2024-04-05T23:23:44.777+0000] {dagbag.py:540} INFO - Filling up the DagBag from /home/airflow/.local/lib/python3.8/site-packages/airflow/example_dags/example_python_operator.py
[2024-04-05T23:23:44.788+0000] {processor.py:840} INFO - DAG(s) 'example_python_operator' retrieved from /home/airflow/.local/lib/python3.8/site-packages/airflow/example_dags/example_python_operator.py
[2024-04-05T23:23:44.813+0000] {logging_mixin.py:188} INFO - [2024-04-05T23:23:44.812+0000] {dag.py:3047} INFO - Sync 1 DAGs
[2024-04-05T23:23:44.824+0000] {logging_mixin.py:188} INFO - [2024-04-05T23:23:44.824+0000] {dag.py:3834} INFO - Setting next_dagrun for example_python_operator to None, run_after=None
[2024-04-05T23:23:44.843+0000] {processor.py:183} INFO - Processing /home/airflow/.local/lib/python3.8/site-packages/airflow/example_dags/example_python_operator.py took 0.074 seconds
[2024-04-05T23:24:15.167+0000] {processor.py:161} INFO - Started process (PID=2972) to work on /home/airflow/.local/lib/python3.8/site-packages/airflow/example_dags/example_python_operator.py
[2024-04-05T23:24:15.169+0000] {processor.py:830} INFO - Processing file /home/airflow/.local/lib/python3.8/site-packages/airflow/example_dags/example_python_operator.py for tasks to queue
[2024-04-05T23:24:15.171+0000] {logging_mixin.py:188} INFO - [2024-04-05T23:24:15.171+0000] {dagbag.py:540} INFO - Filling up the DagBag from /home/airflow/.local/lib/python3.8/site-packages/airflow/example_dags/example_python_operator.py
[2024-04-05T23:24:15.183+0000] {processor.py:840} INFO - DAG(s) 'example_python_operator' retrieved from /home/airflow/.local/lib/python3.8/site-packages/airflow/example_dags/example_python_operator.py
[2024-04-05T23:24:15.209+0000] {logging_mixin.py:188} INFO - [2024-04-05T23:24:15.208+0000] {dag.py:3047} INFO - Sync 1 DAGs
[2024-04-05T23:24:15.221+0000] {logging_mixin.py:188} INFO - [2024-04-05T23:24:15.221+0000] {dag.py:3834} INFO - Setting next_dagrun for example_python_operator to None, run_after=None
[2024-04-05T23:24:15.287+0000] {processor.py:183} INFO - Processing /home/airflow/.local/lib/python3.8/site-packages/airflow/example_dags/example_python_operator.py took 0.124 seconds
[2024-04-05T23:24:45.781+0000] {processor.py:161} INFO - Started process (PID=3028) to work on /home/airflow/.local/lib/python3.8/site-packages/airflow/example_dags/example_python_operator.py
[2024-04-05T23:24:45.783+0000] {processor.py:830} INFO - Processing file /home/airflow/.local/lib/python3.8/site-packages/airflow/example_dags/example_python_operator.py for tasks to queue
[2024-04-05T23:24:45.786+0000] {logging_mixin.py:188} INFO - [2024-04-05T23:24:45.786+0000] {dagbag.py:540} INFO - Filling up the DagBag from /home/airflow/.local/lib/python3.8/site-packages/airflow/example_dags/example_python_operator.py
[2024-04-05T23:24:45.796+0000] {processor.py:840} INFO - DAG(s) 'example_python_operator' retrieved from /home/airflow/.local/lib/python3.8/site-packages/airflow/example_dags/example_python_operator.py
[2024-04-05T23:24:45.824+0000] {logging_mixin.py:188} INFO - [2024-04-05T23:24:45.824+0000] {dag.py:3047} INFO - Sync 1 DAGs
[2024-04-05T23:24:45.841+0000] {logging_mixin.py:188} INFO - [2024-04-05T23:24:45.841+0000] {dag.py:3834} INFO - Setting next_dagrun for example_python_operator to None, run_after=None
[2024-04-05T23:24:45.909+0000] {processor.py:183} INFO - Processing /home/airflow/.local/lib/python3.8/site-packages/airflow/example_dags/example_python_operator.py took 0.133 seconds
[2024-04-05T23:25:16.038+0000] {processor.py:161} INFO - Started process (PID=3083) to work on /home/airflow/.local/lib/python3.8/site-packages/airflow/example_dags/example_python_operator.py
[2024-04-05T23:25:16.039+0000] {processor.py:830} INFO - Processing file /home/airflow/.local/lib/python3.8/site-packages/airflow/example_dags/example_python_operator.py for tasks to queue
[2024-04-05T23:25:16.041+0000] {logging_mixin.py:188} INFO - [2024-04-05T23:25:16.041+0000] {dagbag.py:540} INFO - Filling up the DagBag from /home/airflow/.local/lib/python3.8/site-packages/airflow/example_dags/example_python_operator.py
[2024-04-05T23:25:16.053+0000] {processor.py:840} INFO - DAG(s) 'example_python_operator' retrieved from /home/airflow/.local/lib/python3.8/site-packages/airflow/example_dags/example_python_operator.py
[2024-04-05T23:25:16.080+0000] {logging_mixin.py:188} INFO - [2024-04-05T23:25:16.080+0000] {dag.py:3047} INFO - Sync 1 DAGs
[2024-04-05T23:25:16.095+0000] {logging_mixin.py:188} INFO - [2024-04-05T23:25:16.095+0000] {dag.py:3834} INFO - Setting next_dagrun for example_python_operator to None, run_after=None
[2024-04-05T23:25:16.113+0000] {processor.py:183} INFO - Processing /home/airflow/.local/lib/python3.8/site-packages/airflow/example_dags/example_python_operator.py took 0.078 seconds
[2024-04-05T23:25:46.402+0000] {processor.py:161} INFO - Started process (PID=3138) to work on /home/airflow/.local/lib/python3.8/site-packages/airflow/example_dags/example_python_operator.py
[2024-04-05T23:25:46.404+0000] {processor.py:830} INFO - Processing file /home/airflow/.local/lib/python3.8/site-packages/airflow/example_dags/example_python_operator.py for tasks to queue
[2024-04-05T23:25:46.407+0000] {logging_mixin.py:188} INFO - [2024-04-05T23:25:46.406+0000] {dagbag.py:540} INFO - Filling up the DagBag from /home/airflow/.local/lib/python3.8/site-packages/airflow/example_dags/example_python_operator.py
[2024-04-05T23:25:46.417+0000] {processor.py:840} INFO - DAG(s) 'example_python_operator' retrieved from /home/airflow/.local/lib/python3.8/site-packages/airflow/example_dags/example_python_operator.py
[2024-04-05T23:25:46.444+0000] {logging_mixin.py:188} INFO - [2024-04-05T23:25:46.444+0000] {dag.py:3047} INFO - Sync 1 DAGs
[2024-04-05T23:25:46.466+0000] {logging_mixin.py:188} INFO - [2024-04-05T23:25:46.466+0000] {dag.py:3834} INFO - Setting next_dagrun for example_python_operator to None, run_after=None
[2024-04-05T23:25:46.541+0000] {processor.py:183} INFO - Processing /home/airflow/.local/lib/python3.8/site-packages/airflow/example_dags/example_python_operator.py took 0.143 seconds
[2024-04-05T23:26:16.894+0000] {processor.py:161} INFO - Started process (PID=3193) to work on /home/airflow/.local/lib/python3.8/site-packages/airflow/example_dags/example_python_operator.py
[2024-04-05T23:26:16.895+0000] {processor.py:830} INFO - Processing file /home/airflow/.local/lib/python3.8/site-packages/airflow/example_dags/example_python_operator.py for tasks to queue
[2024-04-05T23:26:16.899+0000] {logging_mixin.py:188} INFO - [2024-04-05T23:26:16.899+0000] {dagbag.py:540} INFO - Filling up the DagBag from /home/airflow/.local/lib/python3.8/site-packages/airflow/example_dags/example_python_operator.py
[2024-04-05T23:26:16.910+0000] {processor.py:840} INFO - DAG(s) 'example_python_operator' retrieved from /home/airflow/.local/lib/python3.8/site-packages/airflow/example_dags/example_python_operator.py
[2024-04-05T23:26:16.938+0000] {logging_mixin.py:188} INFO - [2024-04-05T23:26:16.938+0000] {dag.py:3047} INFO - Sync 1 DAGs
[2024-04-05T23:26:16.952+0000] {logging_mixin.py:188} INFO - [2024-04-05T23:26:16.951+0000] {dag.py:3834} INFO - Setting next_dagrun for example_python_operator to None, run_after=None
[2024-04-05T23:26:17.025+0000] {processor.py:183} INFO - Processing /home/airflow/.local/lib/python3.8/site-packages/airflow/example_dags/example_python_operator.py took 0.135 seconds
[2024-04-05T23:26:47.167+0000] {processor.py:161} INFO - Started process (PID=3248) to work on /home/airflow/.local/lib/python3.8/site-packages/airflow/example_dags/example_python_operator.py
[2024-04-05T23:26:47.169+0000] {processor.py:830} INFO - Processing file /home/airflow/.local/lib/python3.8/site-packages/airflow/example_dags/example_python_operator.py for tasks to queue
[2024-04-05T23:26:47.171+0000] {logging_mixin.py:188} INFO - [2024-04-05T23:26:47.171+0000] {dagbag.py:540} INFO - Filling up the DagBag from /home/airflow/.local/lib/python3.8/site-packages/airflow/example_dags/example_python_operator.py
[2024-04-05T23:26:47.180+0000] {processor.py:840} INFO - DAG(s) 'example_python_operator' retrieved from /home/airflow/.local/lib/python3.8/site-packages/airflow/example_dags/example_python_operator.py
[2024-04-05T23:26:47.203+0000] {logging_mixin.py:188} INFO - [2024-04-05T23:26:47.203+0000] {dag.py:3047} INFO - Sync 1 DAGs
[2024-04-05T23:26:47.214+0000] {logging_mixin.py:188} INFO - [2024-04-05T23:26:47.214+0000] {dag.py:3834} INFO - Setting next_dagrun for example_python_operator to None, run_after=None
[2024-04-05T23:26:47.233+0000] {processor.py:183} INFO - Processing /home/airflow/.local/lib/python3.8/site-packages/airflow/example_dags/example_python_operator.py took 0.069 seconds
[2024-04-05T23:27:17.978+0000] {processor.py:161} INFO - Started process (PID=3303) to work on /home/airflow/.local/lib/python3.8/site-packages/airflow/example_dags/example_python_operator.py
[2024-04-05T23:27:17.980+0000] {processor.py:830} INFO - Processing file /home/airflow/.local/lib/python3.8/site-packages/airflow/example_dags/example_python_operator.py for tasks to queue
[2024-04-05T23:27:17.983+0000] {logging_mixin.py:188} INFO - [2024-04-05T23:27:17.982+0000] {dagbag.py:540} INFO - Filling up the DagBag from /home/airflow/.local/lib/python3.8/site-packages/airflow/example_dags/example_python_operator.py
[2024-04-05T23:27:17.992+0000] {processor.py:840} INFO - DAG(s) 'example_python_operator' retrieved from /home/airflow/.local/lib/python3.8/site-packages/airflow/example_dags/example_python_operator.py
[2024-04-05T23:27:18.016+0000] {logging_mixin.py:188} INFO - [2024-04-05T23:27:18.016+0000] {dag.py:3047} INFO - Sync 1 DAGs
[2024-04-05T23:27:18.027+0000] {logging_mixin.py:188} INFO - [2024-04-05T23:27:18.027+0000] {dag.py:3834} INFO - Setting next_dagrun for example_python_operator to None, run_after=None
[2024-04-05T23:27:18.086+0000] {processor.py:183} INFO - Processing /home/airflow/.local/lib/python3.8/site-packages/airflow/example_dags/example_python_operator.py took 0.110 seconds
[2024-04-05T23:27:48.772+0000] {processor.py:161} INFO - Started process (PID=3358) to work on /home/airflow/.local/lib/python3.8/site-packages/airflow/example_dags/example_python_operator.py
[2024-04-05T23:27:48.774+0000] {processor.py:830} INFO - Processing file /home/airflow/.local/lib/python3.8/site-packages/airflow/example_dags/example_python_operator.py for tasks to queue
[2024-04-05T23:27:48.777+0000] {logging_mixin.py:188} INFO - [2024-04-05T23:27:48.776+0000] {dagbag.py:540} INFO - Filling up the DagBag from /home/airflow/.local/lib/python3.8/site-packages/airflow/example_dags/example_python_operator.py
[2024-04-05T23:27:48.786+0000] {processor.py:840} INFO - DAG(s) 'example_python_operator' retrieved from /home/airflow/.local/lib/python3.8/site-packages/airflow/example_dags/example_python_operator.py
[2024-04-05T23:27:48.813+0000] {logging_mixin.py:188} INFO - [2024-04-05T23:27:48.813+0000] {dag.py:3047} INFO - Sync 1 DAGs
[2024-04-05T23:27:48.826+0000] {logging_mixin.py:188} INFO - [2024-04-05T23:27:48.826+0000] {dag.py:3834} INFO - Setting next_dagrun for example_python_operator to None, run_after=None
[2024-04-05T23:27:48.885+0000] {processor.py:183} INFO - Processing /home/airflow/.local/lib/python3.8/site-packages/airflow/example_dags/example_python_operator.py took 0.117 seconds
[2024-04-05T23:28:19.191+0000] {processor.py:161} INFO - Started process (PID=3413) to work on /home/airflow/.local/lib/python3.8/site-packages/airflow/example_dags/example_python_operator.py
[2024-04-05T23:28:19.194+0000] {processor.py:830} INFO - Processing file /home/airflow/.local/lib/python3.8/site-packages/airflow/example_dags/example_python_operator.py for tasks to queue
[2024-04-05T23:28:19.198+0000] {logging_mixin.py:188} INFO - [2024-04-05T23:28:19.197+0000] {dagbag.py:540} INFO - Filling up the DagBag from /home/airflow/.local/lib/python3.8/site-packages/airflow/example_dags/example_python_operator.py
[2024-04-05T23:28:19.213+0000] {processor.py:840} INFO - DAG(s) 'example_python_operator' retrieved from /home/airflow/.local/lib/python3.8/site-packages/airflow/example_dags/example_python_operator.py
[2024-04-05T23:28:19.251+0000] {logging_mixin.py:188} INFO - [2024-04-05T23:28:19.251+0000] {dag.py:3047} INFO - Sync 1 DAGs
[2024-04-05T23:28:19.263+0000] {logging_mixin.py:188} INFO - [2024-04-05T23:28:19.263+0000] {dag.py:3834} INFO - Setting next_dagrun for example_python_operator to None, run_after=None
[2024-04-05T23:28:19.335+0000] {processor.py:183} INFO - Processing /home/airflow/.local/lib/python3.8/site-packages/airflow/example_dags/example_python_operator.py took 0.150 seconds
