[2024-04-05T22:57:14.317+0000] {processor.py:161} INFO - Started process (PID=61) to work on /home/airflow/.local/lib/python3.8/site-packages/airflow/example_dags/example_sla_dag.py
[2024-04-05T22:57:14.320+0000] {processor.py:830} INFO - Processing file /home/airflow/.local/lib/python3.8/site-packages/airflow/example_dags/example_sla_dag.py for tasks to queue
[2024-04-05T22:57:14.324+0000] {logging_mixin.py:188} INFO - [2024-04-05T22:57:14.323+0000] {dagbag.py:540} INFO - Filling up the DagBag from /home/airflow/.local/lib/python3.8/site-packages/airflow/example_dags/example_sla_dag.py
[2024-04-05T22:57:14.358+0000] {processor.py:840} INFO - DAG(s) 'example_sla_dag' retrieved from /home/airflow/.local/lib/python3.8/site-packages/airflow/example_dags/example_sla_dag.py
[2024-04-05T22:57:14.410+0000] {logging_mixin.py:188} INFO - [2024-04-05T22:57:14.410+0000] {dag.py:3047} INFO - Sync 1 DAGs
[2024-04-05T22:57:14.477+0000] {logging_mixin.py:188} INFO - [2024-04-05T22:57:14.476+0000] {dag.py:3834} INFO - Setting next_dagrun for example_sla_dag to 2024-04-05 22:54:00+00:00, run_after=2024-04-05 22:56:00+00:00
[2024-04-05T22:57:14.537+0000] {processor.py:183} INFO - Processing /home/airflow/.local/lib/python3.8/site-packages/airflow/example_dags/example_sla_dag.py took 0.230 seconds
[2024-04-05T22:57:45.346+0000] {processor.py:161} INFO - Started process (PID=116) to work on /home/airflow/.local/lib/python3.8/site-packages/airflow/example_dags/example_sla_dag.py
[2024-04-05T22:57:45.347+0000] {processor.py:830} INFO - Processing file /home/airflow/.local/lib/python3.8/site-packages/airflow/example_dags/example_sla_dag.py for tasks to queue
[2024-04-05T22:57:45.351+0000] {logging_mixin.py:188} INFO - [2024-04-05T22:57:45.350+0000] {dagbag.py:540} INFO - Filling up the DagBag from /home/airflow/.local/lib/python3.8/site-packages/airflow/example_dags/example_sla_dag.py
[2024-04-05T22:57:45.363+0000] {processor.py:840} INFO - DAG(s) 'example_sla_dag' retrieved from /home/airflow/.local/lib/python3.8/site-packages/airflow/example_dags/example_sla_dag.py
[2024-04-05T22:57:45.387+0000] {logging_mixin.py:188} INFO - [2024-04-05T22:57:45.387+0000] {dag.py:3047} INFO - Sync 1 DAGs
[2024-04-05T22:57:45.417+0000] {logging_mixin.py:188} INFO - [2024-04-05T22:57:45.417+0000] {dag.py:3834} INFO - Setting next_dagrun for example_sla_dag to 2024-04-05 22:54:00+00:00, run_after=2024-04-05 22:56:00+00:00
[2024-04-05T22:57:45.440+0000] {processor.py:183} INFO - Processing /home/airflow/.local/lib/python3.8/site-packages/airflow/example_dags/example_sla_dag.py took 0.098 seconds
[2024-04-05T22:58:15.564+0000] {processor.py:161} INFO - Started process (PID=170) to work on /home/airflow/.local/lib/python3.8/site-packages/airflow/example_dags/example_sla_dag.py
[2024-04-05T22:58:15.565+0000] {processor.py:830} INFO - Processing file /home/airflow/.local/lib/python3.8/site-packages/airflow/example_dags/example_sla_dag.py for tasks to queue
[2024-04-05T22:58:15.569+0000] {logging_mixin.py:188} INFO - [2024-04-05T22:58:15.569+0000] {dagbag.py:540} INFO - Filling up the DagBag from /home/airflow/.local/lib/python3.8/site-packages/airflow/example_dags/example_sla_dag.py
[2024-04-05T22:58:15.581+0000] {processor.py:840} INFO - DAG(s) 'example_sla_dag' retrieved from /home/airflow/.local/lib/python3.8/site-packages/airflow/example_dags/example_sla_dag.py
[2024-04-05T22:58:15.610+0000] {logging_mixin.py:188} INFO - [2024-04-05T22:58:15.610+0000] {dag.py:3047} INFO - Sync 1 DAGs
[2024-04-05T22:58:15.648+0000] {logging_mixin.py:188} INFO - [2024-04-05T22:58:15.648+0000] {dag.py:3834} INFO - Setting next_dagrun for example_sla_dag to 2024-04-05 22:56:00+00:00, run_after=2024-04-05 22:58:00+00:00
[2024-04-05T22:58:15.676+0000] {processor.py:183} INFO - Processing /home/airflow/.local/lib/python3.8/site-packages/airflow/example_dags/example_sla_dag.py took 0.118 seconds
[2024-04-05T22:58:48.110+0000] {processor.py:161} INFO - Started process (PID=225) to work on /home/airflow/.local/lib/python3.8/site-packages/airflow/example_dags/example_sla_dag.py
[2024-04-05T22:58:48.112+0000] {processor.py:830} INFO - Processing file /home/airflow/.local/lib/python3.8/site-packages/airflow/example_dags/example_sla_dag.py for tasks to queue
[2024-04-05T22:58:48.116+0000] {logging_mixin.py:188} INFO - [2024-04-05T22:58:48.116+0000] {dagbag.py:540} INFO - Filling up the DagBag from /home/airflow/.local/lib/python3.8/site-packages/airflow/example_dags/example_sla_dag.py
[2024-04-05T22:58:48.133+0000] {processor.py:840} INFO - DAG(s) 'example_sla_dag' retrieved from /home/airflow/.local/lib/python3.8/site-packages/airflow/example_dags/example_sla_dag.py
[2024-04-05T22:58:48.182+0000] {logging_mixin.py:188} INFO - [2024-04-05T22:58:48.181+0000] {dag.py:3047} INFO - Sync 1 DAGs
[2024-04-05T22:58:48.253+0000] {logging_mixin.py:188} INFO - [2024-04-05T22:58:48.252+0000] {dag.py:3834} INFO - Setting next_dagrun for example_sla_dag to 2024-04-05 22:56:00+00:00, run_after=2024-04-05 22:58:00+00:00
[2024-04-05T22:58:48.286+0000] {processor.py:183} INFO - Processing /home/airflow/.local/lib/python3.8/site-packages/airflow/example_dags/example_sla_dag.py took 0.182 seconds
[2024-04-05T22:59:18.801+0000] {processor.py:161} INFO - Started process (PID=280) to work on /home/airflow/.local/lib/python3.8/site-packages/airflow/example_dags/example_sla_dag.py
[2024-04-05T22:59:18.803+0000] {processor.py:830} INFO - Processing file /home/airflow/.local/lib/python3.8/site-packages/airflow/example_dags/example_sla_dag.py for tasks to queue
[2024-04-05T22:59:18.806+0000] {logging_mixin.py:188} INFO - [2024-04-05T22:59:18.806+0000] {dagbag.py:540} INFO - Filling up the DagBag from /home/airflow/.local/lib/python3.8/site-packages/airflow/example_dags/example_sla_dag.py
[2024-04-05T22:59:18.820+0000] {processor.py:840} INFO - DAG(s) 'example_sla_dag' retrieved from /home/airflow/.local/lib/python3.8/site-packages/airflow/example_dags/example_sla_dag.py
[2024-04-05T22:59:18.857+0000] {logging_mixin.py:188} INFO - [2024-04-05T22:59:18.856+0000] {dag.py:3047} INFO - Sync 1 DAGs
[2024-04-05T22:59:18.902+0000] {logging_mixin.py:188} INFO - [2024-04-05T22:59:18.902+0000] {dag.py:3834} INFO - Setting next_dagrun for example_sla_dag to 2024-04-05 22:56:00+00:00, run_after=2024-04-05 22:58:00+00:00
[2024-04-05T22:59:19.117+0000] {processor.py:183} INFO - Processing /home/airflow/.local/lib/python3.8/site-packages/airflow/example_dags/example_sla_dag.py took 0.322 seconds
[2024-04-05T22:59:49.466+0000] {processor.py:161} INFO - Started process (PID=335) to work on /home/airflow/.local/lib/python3.8/site-packages/airflow/example_dags/example_sla_dag.py
[2024-04-05T22:59:49.468+0000] {processor.py:830} INFO - Processing file /home/airflow/.local/lib/python3.8/site-packages/airflow/example_dags/example_sla_dag.py for tasks to queue
[2024-04-05T22:59:49.472+0000] {logging_mixin.py:188} INFO - [2024-04-05T22:59:49.471+0000] {dagbag.py:540} INFO - Filling up the DagBag from /home/airflow/.local/lib/python3.8/site-packages/airflow/example_dags/example_sla_dag.py
[2024-04-05T22:59:49.488+0000] {processor.py:840} INFO - DAG(s) 'example_sla_dag' retrieved from /home/airflow/.local/lib/python3.8/site-packages/airflow/example_dags/example_sla_dag.py
[2024-04-05T22:59:49.531+0000] {logging_mixin.py:188} INFO - [2024-04-05T22:59:49.530+0000] {dag.py:3047} INFO - Sync 1 DAGs
[2024-04-05T22:59:49.590+0000] {logging_mixin.py:188} INFO - [2024-04-05T22:59:49.589+0000] {dag.py:3834} INFO - Setting next_dagrun for example_sla_dag to 2024-04-05 22:56:00+00:00, run_after=2024-04-05 22:58:00+00:00
[2024-04-05T22:59:49.650+0000] {processor.py:183} INFO - Processing /home/airflow/.local/lib/python3.8/site-packages/airflow/example_dags/example_sla_dag.py took 0.191 seconds
[2024-04-05T23:00:19.732+0000] {processor.py:161} INFO - Started process (PID=390) to work on /home/airflow/.local/lib/python3.8/site-packages/airflow/example_dags/example_sla_dag.py
[2024-04-05T23:00:19.733+0000] {processor.py:830} INFO - Processing file /home/airflow/.local/lib/python3.8/site-packages/airflow/example_dags/example_sla_dag.py for tasks to queue
[2024-04-05T23:00:19.736+0000] {logging_mixin.py:188} INFO - [2024-04-05T23:00:19.736+0000] {dagbag.py:540} INFO - Filling up the DagBag from /home/airflow/.local/lib/python3.8/site-packages/airflow/example_dags/example_sla_dag.py
[2024-04-05T23:00:19.746+0000] {processor.py:840} INFO - DAG(s) 'example_sla_dag' retrieved from /home/airflow/.local/lib/python3.8/site-packages/airflow/example_dags/example_sla_dag.py
[2024-04-05T23:00:19.780+0000] {logging_mixin.py:188} INFO - [2024-04-05T23:00:19.779+0000] {dag.py:3047} INFO - Sync 1 DAGs
[2024-04-05T23:00:19.812+0000] {logging_mixin.py:188} INFO - [2024-04-05T23:00:19.812+0000] {dag.py:3834} INFO - Setting next_dagrun for example_sla_dag to 2024-04-05 22:58:00+00:00, run_after=2024-04-05 23:00:00+00:00
[2024-04-05T23:00:19.841+0000] {processor.py:183} INFO - Processing /home/airflow/.local/lib/python3.8/site-packages/airflow/example_dags/example_sla_dag.py took 0.114 seconds
[2024-04-05T23:00:50.219+0000] {processor.py:161} INFO - Started process (PID=445) to work on /home/airflow/.local/lib/python3.8/site-packages/airflow/example_dags/example_sla_dag.py
[2024-04-05T23:00:50.220+0000] {processor.py:830} INFO - Processing file /home/airflow/.local/lib/python3.8/site-packages/airflow/example_dags/example_sla_dag.py for tasks to queue
[2024-04-05T23:00:50.224+0000] {logging_mixin.py:188} INFO - [2024-04-05T23:00:50.224+0000] {dagbag.py:540} INFO - Filling up the DagBag from /home/airflow/.local/lib/python3.8/site-packages/airflow/example_dags/example_sla_dag.py
[2024-04-05T23:00:50.236+0000] {processor.py:840} INFO - DAG(s) 'example_sla_dag' retrieved from /home/airflow/.local/lib/python3.8/site-packages/airflow/example_dags/example_sla_dag.py
[2024-04-05T23:00:50.262+0000] {logging_mixin.py:188} INFO - [2024-04-05T23:00:50.261+0000] {dag.py:3047} INFO - Sync 1 DAGs
[2024-04-05T23:00:50.292+0000] {logging_mixin.py:188} INFO - [2024-04-05T23:00:50.291+0000] {dag.py:3834} INFO - Setting next_dagrun for example_sla_dag to 2024-04-05 22:58:00+00:00, run_after=2024-04-05 23:00:00+00:00
[2024-04-05T23:00:50.355+0000] {processor.py:183} INFO - Processing /home/airflow/.local/lib/python3.8/site-packages/airflow/example_dags/example_sla_dag.py took 0.140 seconds
[2024-04-05T23:01:21.799+0000] {processor.py:161} INFO - Started process (PID=500) to work on /home/airflow/.local/lib/python3.8/site-packages/airflow/example_dags/example_sla_dag.py
[2024-04-05T23:01:21.800+0000] {processor.py:830} INFO - Processing file /home/airflow/.local/lib/python3.8/site-packages/airflow/example_dags/example_sla_dag.py for tasks to queue
[2024-04-05T23:01:21.803+0000] {logging_mixin.py:188} INFO - [2024-04-05T23:01:21.803+0000] {dagbag.py:540} INFO - Filling up the DagBag from /home/airflow/.local/lib/python3.8/site-packages/airflow/example_dags/example_sla_dag.py
[2024-04-05T23:01:21.821+0000] {processor.py:840} INFO - DAG(s) 'example_sla_dag' retrieved from /home/airflow/.local/lib/python3.8/site-packages/airflow/example_dags/example_sla_dag.py
[2024-04-05T23:01:21.852+0000] {logging_mixin.py:188} INFO - [2024-04-05T23:01:21.852+0000] {dag.py:3047} INFO - Sync 1 DAGs
[2024-04-05T23:01:22.069+0000] {logging_mixin.py:188} INFO - [2024-04-05T23:01:22.069+0000] {dag.py:3834} INFO - Setting next_dagrun for example_sla_dag to 2024-04-05 22:58:00+00:00, run_after=2024-04-05 23:00:00+00:00
[2024-04-05T23:01:22.101+0000] {processor.py:183} INFO - Processing /home/airflow/.local/lib/python3.8/site-packages/airflow/example_dags/example_sla_dag.py took 0.306 seconds
[2024-04-05T23:01:52.742+0000] {processor.py:161} INFO - Started process (PID=561) to work on /home/airflow/.local/lib/python3.8/site-packages/airflow/example_dags/example_sla_dag.py
[2024-04-05T23:01:52.744+0000] {processor.py:830} INFO - Processing file /home/airflow/.local/lib/python3.8/site-packages/airflow/example_dags/example_sla_dag.py for tasks to queue
[2024-04-05T23:01:52.747+0000] {logging_mixin.py:188} INFO - [2024-04-05T23:01:52.746+0000] {dagbag.py:540} INFO - Filling up the DagBag from /home/airflow/.local/lib/python3.8/site-packages/airflow/example_dags/example_sla_dag.py
[2024-04-05T23:01:52.760+0000] {processor.py:840} INFO - DAG(s) 'example_sla_dag' retrieved from /home/airflow/.local/lib/python3.8/site-packages/airflow/example_dags/example_sla_dag.py
[2024-04-05T23:01:52.793+0000] {logging_mixin.py:188} INFO - [2024-04-05T23:01:52.793+0000] {dag.py:3047} INFO - Sync 1 DAGs
[2024-04-05T23:01:52.831+0000] {logging_mixin.py:188} INFO - [2024-04-05T23:01:52.831+0000] {dag.py:3834} INFO - Setting next_dagrun for example_sla_dag to 2024-04-05 22:58:00+00:00, run_after=2024-04-05 23:00:00+00:00
[2024-04-05T23:01:52.864+0000] {processor.py:183} INFO - Processing /home/airflow/.local/lib/python3.8/site-packages/airflow/example_dags/example_sla_dag.py took 0.129 seconds
[2024-04-05T23:02:23.023+0000] {processor.py:161} INFO - Started process (PID=616) to work on /home/airflow/.local/lib/python3.8/site-packages/airflow/example_dags/example_sla_dag.py
[2024-04-05T23:02:23.025+0000] {processor.py:830} INFO - Processing file /home/airflow/.local/lib/python3.8/site-packages/airflow/example_dags/example_sla_dag.py for tasks to queue
[2024-04-05T23:02:23.027+0000] {logging_mixin.py:188} INFO - [2024-04-05T23:02:23.027+0000] {dagbag.py:540} INFO - Filling up the DagBag from /home/airflow/.local/lib/python3.8/site-packages/airflow/example_dags/example_sla_dag.py
[2024-04-05T23:02:23.040+0000] {processor.py:840} INFO - DAG(s) 'example_sla_dag' retrieved from /home/airflow/.local/lib/python3.8/site-packages/airflow/example_dags/example_sla_dag.py
[2024-04-05T23:02:23.067+0000] {logging_mixin.py:188} INFO - [2024-04-05T23:02:23.067+0000] {dag.py:3047} INFO - Sync 1 DAGs
[2024-04-05T23:02:23.098+0000] {logging_mixin.py:188} INFO - [2024-04-05T23:02:23.098+0000] {dag.py:3834} INFO - Setting next_dagrun for example_sla_dag to 2024-04-05 23:00:00+00:00, run_after=2024-04-05 23:02:00+00:00
[2024-04-05T23:02:23.120+0000] {processor.py:183} INFO - Processing /home/airflow/.local/lib/python3.8/site-packages/airflow/example_dags/example_sla_dag.py took 0.100 seconds
[2024-04-05T23:02:53.785+0000] {processor.py:161} INFO - Started process (PID=671) to work on /home/airflow/.local/lib/python3.8/site-packages/airflow/example_dags/example_sla_dag.py
[2024-04-05T23:02:53.786+0000] {processor.py:830} INFO - Processing file /home/airflow/.local/lib/python3.8/site-packages/airflow/example_dags/example_sla_dag.py for tasks to queue
[2024-04-05T23:02:53.789+0000] {logging_mixin.py:188} INFO - [2024-04-05T23:02:53.788+0000] {dagbag.py:540} INFO - Filling up the DagBag from /home/airflow/.local/lib/python3.8/site-packages/airflow/example_dags/example_sla_dag.py
[2024-04-05T23:02:53.798+0000] {processor.py:840} INFO - DAG(s) 'example_sla_dag' retrieved from /home/airflow/.local/lib/python3.8/site-packages/airflow/example_dags/example_sla_dag.py
[2024-04-05T23:02:53.822+0000] {logging_mixin.py:188} INFO - [2024-04-05T23:02:53.821+0000] {dag.py:3047} INFO - Sync 1 DAGs
[2024-04-05T23:02:53.854+0000] {logging_mixin.py:188} INFO - [2024-04-05T23:02:53.854+0000] {dag.py:3834} INFO - Setting next_dagrun for example_sla_dag to 2024-04-05 23:00:00+00:00, run_after=2024-04-05 23:02:00+00:00
[2024-04-05T23:02:53.875+0000] {processor.py:183} INFO - Processing /home/airflow/.local/lib/python3.8/site-packages/airflow/example_dags/example_sla_dag.py took 0.094 seconds
[2024-04-05T23:03:24.181+0000] {processor.py:161} INFO - Started process (PID=727) to work on /home/airflow/.local/lib/python3.8/site-packages/airflow/example_dags/example_sla_dag.py
[2024-04-05T23:03:24.183+0000] {processor.py:830} INFO - Processing file /home/airflow/.local/lib/python3.8/site-packages/airflow/example_dags/example_sla_dag.py for tasks to queue
[2024-04-05T23:03:24.185+0000] {logging_mixin.py:188} INFO - [2024-04-05T23:03:24.185+0000] {dagbag.py:540} INFO - Filling up the DagBag from /home/airflow/.local/lib/python3.8/site-packages/airflow/example_dags/example_sla_dag.py
[2024-04-05T23:03:24.195+0000] {processor.py:840} INFO - DAG(s) 'example_sla_dag' retrieved from /home/airflow/.local/lib/python3.8/site-packages/airflow/example_dags/example_sla_dag.py
[2024-04-05T23:03:24.220+0000] {logging_mixin.py:188} INFO - [2024-04-05T23:03:24.219+0000] {dag.py:3047} INFO - Sync 1 DAGs
[2024-04-05T23:03:24.246+0000] {logging_mixin.py:188} INFO - [2024-04-05T23:03:24.246+0000] {dag.py:3834} INFO - Setting next_dagrun for example_sla_dag to 2024-04-05 23:00:00+00:00, run_after=2024-04-05 23:02:00+00:00
[2024-04-05T23:03:24.269+0000] {processor.py:183} INFO - Processing /home/airflow/.local/lib/python3.8/site-packages/airflow/example_dags/example_sla_dag.py took 0.090 seconds
[2024-04-05T23:03:54.466+0000] {processor.py:161} INFO - Started process (PID=782) to work on /home/airflow/.local/lib/python3.8/site-packages/airflow/example_dags/example_sla_dag.py
[2024-04-05T23:03:54.468+0000] {processor.py:830} INFO - Processing file /home/airflow/.local/lib/python3.8/site-packages/airflow/example_dags/example_sla_dag.py for tasks to queue
[2024-04-05T23:03:54.470+0000] {logging_mixin.py:188} INFO - [2024-04-05T23:03:54.470+0000] {dagbag.py:540} INFO - Filling up the DagBag from /home/airflow/.local/lib/python3.8/site-packages/airflow/example_dags/example_sla_dag.py
[2024-04-05T23:03:54.485+0000] {processor.py:840} INFO - DAG(s) 'example_sla_dag' retrieved from /home/airflow/.local/lib/python3.8/site-packages/airflow/example_dags/example_sla_dag.py
[2024-04-05T23:03:54.513+0000] {logging_mixin.py:188} INFO - [2024-04-05T23:03:54.513+0000] {dag.py:3047} INFO - Sync 1 DAGs
[2024-04-05T23:03:54.545+0000] {logging_mixin.py:188} INFO - [2024-04-05T23:03:54.544+0000] {dag.py:3834} INFO - Setting next_dagrun for example_sla_dag to 2024-04-05 23:00:00+00:00, run_after=2024-04-05 23:02:00+00:00
[2024-04-05T23:03:54.571+0000] {processor.py:183} INFO - Processing /home/airflow/.local/lib/python3.8/site-packages/airflow/example_dags/example_sla_dag.py took 0.108 seconds
[2024-04-05T23:04:25.230+0000] {processor.py:161} INFO - Started process (PID=837) to work on /home/airflow/.local/lib/python3.8/site-packages/airflow/example_dags/example_sla_dag.py
[2024-04-05T23:04:25.233+0000] {processor.py:830} INFO - Processing file /home/airflow/.local/lib/python3.8/site-packages/airflow/example_dags/example_sla_dag.py for tasks to queue
[2024-04-05T23:04:25.236+0000] {logging_mixin.py:188} INFO - [2024-04-05T23:04:25.235+0000] {dagbag.py:540} INFO - Filling up the DagBag from /home/airflow/.local/lib/python3.8/site-packages/airflow/example_dags/example_sla_dag.py
[2024-04-05T23:04:25.249+0000] {processor.py:840} INFO - DAG(s) 'example_sla_dag' retrieved from /home/airflow/.local/lib/python3.8/site-packages/airflow/example_dags/example_sla_dag.py
[2024-04-05T23:04:25.281+0000] {logging_mixin.py:188} INFO - [2024-04-05T23:04:25.280+0000] {dag.py:3047} INFO - Sync 1 DAGs
[2024-04-05T23:04:25.313+0000] {logging_mixin.py:188} INFO - [2024-04-05T23:04:25.313+0000] {dag.py:3834} INFO - Setting next_dagrun for example_sla_dag to 2024-04-05 23:02:00+00:00, run_after=2024-04-05 23:04:00+00:00
[2024-04-05T23:04:25.383+0000] {processor.py:183} INFO - Processing /home/airflow/.local/lib/python3.8/site-packages/airflow/example_dags/example_sla_dag.py took 0.158 seconds
[2024-04-05T23:04:55.483+0000] {processor.py:161} INFO - Started process (PID=892) to work on /home/airflow/.local/lib/python3.8/site-packages/airflow/example_dags/example_sla_dag.py
[2024-04-05T23:04:55.484+0000] {processor.py:830} INFO - Processing file /home/airflow/.local/lib/python3.8/site-packages/airflow/example_dags/example_sla_dag.py for tasks to queue
[2024-04-05T23:04:55.486+0000] {logging_mixin.py:188} INFO - [2024-04-05T23:04:55.486+0000] {dagbag.py:540} INFO - Filling up the DagBag from /home/airflow/.local/lib/python3.8/site-packages/airflow/example_dags/example_sla_dag.py
[2024-04-05T23:04:55.496+0000] {processor.py:840} INFO - DAG(s) 'example_sla_dag' retrieved from /home/airflow/.local/lib/python3.8/site-packages/airflow/example_dags/example_sla_dag.py
[2024-04-05T23:04:55.519+0000] {logging_mixin.py:188} INFO - [2024-04-05T23:04:55.519+0000] {dag.py:3047} INFO - Sync 1 DAGs
[2024-04-05T23:04:55.543+0000] {logging_mixin.py:188} INFO - [2024-04-05T23:04:55.543+0000] {dag.py:3834} INFO - Setting next_dagrun for example_sla_dag to 2024-04-05 23:02:00+00:00, run_after=2024-04-05 23:04:00+00:00
[2024-04-05T23:04:55.565+0000] {processor.py:183} INFO - Processing /home/airflow/.local/lib/python3.8/site-packages/airflow/example_dags/example_sla_dag.py took 0.086 seconds
[2024-04-05T23:05:26.235+0000] {processor.py:161} INFO - Started process (PID=947) to work on /home/airflow/.local/lib/python3.8/site-packages/airflow/example_dags/example_sla_dag.py
[2024-04-05T23:05:26.237+0000] {processor.py:830} INFO - Processing file /home/airflow/.local/lib/python3.8/site-packages/airflow/example_dags/example_sla_dag.py for tasks to queue
[2024-04-05T23:05:26.240+0000] {logging_mixin.py:188} INFO - [2024-04-05T23:05:26.239+0000] {dagbag.py:540} INFO - Filling up the DagBag from /home/airflow/.local/lib/python3.8/site-packages/airflow/example_dags/example_sla_dag.py
[2024-04-05T23:05:26.250+0000] {processor.py:840} INFO - DAG(s) 'example_sla_dag' retrieved from /home/airflow/.local/lib/python3.8/site-packages/airflow/example_dags/example_sla_dag.py
[2024-04-05T23:05:26.278+0000] {logging_mixin.py:188} INFO - [2024-04-05T23:05:26.277+0000] {dag.py:3047} INFO - Sync 1 DAGs
[2024-04-05T23:05:26.306+0000] {logging_mixin.py:188} INFO - [2024-04-05T23:05:26.306+0000] {dag.py:3834} INFO - Setting next_dagrun for example_sla_dag to 2024-04-05 23:02:00+00:00, run_after=2024-04-05 23:04:00+00:00
[2024-04-05T23:05:26.369+0000] {processor.py:183} INFO - Processing /home/airflow/.local/lib/python3.8/site-packages/airflow/example_dags/example_sla_dag.py took 0.137 seconds
[2024-04-05T23:05:56.488+0000] {processor.py:161} INFO - Started process (PID=1002) to work on /home/airflow/.local/lib/python3.8/site-packages/airflow/example_dags/example_sla_dag.py
[2024-04-05T23:05:56.489+0000] {processor.py:830} INFO - Processing file /home/airflow/.local/lib/python3.8/site-packages/airflow/example_dags/example_sla_dag.py for tasks to queue
[2024-04-05T23:05:56.492+0000] {logging_mixin.py:188} INFO - [2024-04-05T23:05:56.491+0000] {dagbag.py:540} INFO - Filling up the DagBag from /home/airflow/.local/lib/python3.8/site-packages/airflow/example_dags/example_sla_dag.py
[2024-04-05T23:05:56.505+0000] {processor.py:840} INFO - DAG(s) 'example_sla_dag' retrieved from /home/airflow/.local/lib/python3.8/site-packages/airflow/example_dags/example_sla_dag.py
[2024-04-05T23:05:56.534+0000] {logging_mixin.py:188} INFO - [2024-04-05T23:05:56.534+0000] {dag.py:3047} INFO - Sync 1 DAGs
[2024-04-05T23:05:56.570+0000] {logging_mixin.py:188} INFO - [2024-04-05T23:05:56.570+0000] {dag.py:3834} INFO - Setting next_dagrun for example_sla_dag to 2024-04-05 23:02:00+00:00, run_after=2024-04-05 23:04:00+00:00
[2024-04-05T23:05:56.595+0000] {processor.py:183} INFO - Processing /home/airflow/.local/lib/python3.8/site-packages/airflow/example_dags/example_sla_dag.py took 0.113 seconds
[2024-04-05T23:06:26.970+0000] {processor.py:161} INFO - Started process (PID=1057) to work on /home/airflow/.local/lib/python3.8/site-packages/airflow/example_dags/example_sla_dag.py
[2024-04-05T23:06:26.971+0000] {processor.py:830} INFO - Processing file /home/airflow/.local/lib/python3.8/site-packages/airflow/example_dags/example_sla_dag.py for tasks to queue
[2024-04-05T23:06:26.974+0000] {logging_mixin.py:188} INFO - [2024-04-05T23:06:26.973+0000] {dagbag.py:540} INFO - Filling up the DagBag from /home/airflow/.local/lib/python3.8/site-packages/airflow/example_dags/example_sla_dag.py
[2024-04-05T23:06:26.985+0000] {processor.py:840} INFO - DAG(s) 'example_sla_dag' retrieved from /home/airflow/.local/lib/python3.8/site-packages/airflow/example_dags/example_sla_dag.py
[2024-04-05T23:06:27.010+0000] {logging_mixin.py:188} INFO - [2024-04-05T23:06:27.009+0000] {dag.py:3047} INFO - Sync 1 DAGs
[2024-04-05T23:06:27.046+0000] {logging_mixin.py:188} INFO - [2024-04-05T23:06:27.046+0000] {dag.py:3834} INFO - Setting next_dagrun for example_sla_dag to 2024-04-05 23:04:00+00:00, run_after=2024-04-05 23:06:00+00:00
[2024-04-05T23:06:27.073+0000] {processor.py:183} INFO - Processing /home/airflow/.local/lib/python3.8/site-packages/airflow/example_dags/example_sla_dag.py took 0.108 seconds
[2024-04-05T23:06:57.171+0000] {processor.py:161} INFO - Started process (PID=1112) to work on /home/airflow/.local/lib/python3.8/site-packages/airflow/example_dags/example_sla_dag.py
[2024-04-05T23:06:57.173+0000] {processor.py:830} INFO - Processing file /home/airflow/.local/lib/python3.8/site-packages/airflow/example_dags/example_sla_dag.py for tasks to queue
[2024-04-05T23:06:57.175+0000] {logging_mixin.py:188} INFO - [2024-04-05T23:06:57.175+0000] {dagbag.py:540} INFO - Filling up the DagBag from /home/airflow/.local/lib/python3.8/site-packages/airflow/example_dags/example_sla_dag.py
[2024-04-05T23:06:57.186+0000] {processor.py:840} INFO - DAG(s) 'example_sla_dag' retrieved from /home/airflow/.local/lib/python3.8/site-packages/airflow/example_dags/example_sla_dag.py
[2024-04-05T23:06:57.211+0000] {logging_mixin.py:188} INFO - [2024-04-05T23:06:57.211+0000] {dag.py:3047} INFO - Sync 1 DAGs
[2024-04-05T23:06:57.245+0000] {logging_mixin.py:188} INFO - [2024-04-05T23:06:57.245+0000] {dag.py:3834} INFO - Setting next_dagrun for example_sla_dag to 2024-04-05 23:04:00+00:00, run_after=2024-04-05 23:06:00+00:00
[2024-04-05T23:06:57.307+0000] {processor.py:183} INFO - Processing /home/airflow/.local/lib/python3.8/site-packages/airflow/example_dags/example_sla_dag.py took 0.140 seconds
[2024-04-05T23:07:27.477+0000] {processor.py:161} INFO - Started process (PID=1167) to work on /home/airflow/.local/lib/python3.8/site-packages/airflow/example_dags/example_sla_dag.py
[2024-04-05T23:07:27.479+0000] {processor.py:830} INFO - Processing file /home/airflow/.local/lib/python3.8/site-packages/airflow/example_dags/example_sla_dag.py for tasks to queue
[2024-04-05T23:07:27.483+0000] {logging_mixin.py:188} INFO - [2024-04-05T23:07:27.483+0000] {dagbag.py:540} INFO - Filling up the DagBag from /home/airflow/.local/lib/python3.8/site-packages/airflow/example_dags/example_sla_dag.py
[2024-04-05T23:07:27.495+0000] {processor.py:840} INFO - DAG(s) 'example_sla_dag' retrieved from /home/airflow/.local/lib/python3.8/site-packages/airflow/example_dags/example_sla_dag.py
[2024-04-05T23:07:27.524+0000] {logging_mixin.py:188} INFO - [2024-04-05T23:07:27.524+0000] {dag.py:3047} INFO - Sync 1 DAGs
[2024-04-05T23:07:27.560+0000] {logging_mixin.py:188} INFO - [2024-04-05T23:07:27.559+0000] {dag.py:3834} INFO - Setting next_dagrun for example_sla_dag to 2024-04-05 23:04:00+00:00, run_after=2024-04-05 23:06:00+00:00
[2024-04-05T23:07:27.584+0000] {processor.py:183} INFO - Processing /home/airflow/.local/lib/python3.8/site-packages/airflow/example_dags/example_sla_dag.py took 0.114 seconds
[2024-04-05T23:07:57.788+0000] {processor.py:161} INFO - Started process (PID=1222) to work on /home/airflow/.local/lib/python3.8/site-packages/airflow/example_dags/example_sla_dag.py
[2024-04-05T23:07:57.790+0000] {processor.py:830} INFO - Processing file /home/airflow/.local/lib/python3.8/site-packages/airflow/example_dags/example_sla_dag.py for tasks to queue
[2024-04-05T23:07:57.793+0000] {logging_mixin.py:188} INFO - [2024-04-05T23:07:57.793+0000] {dagbag.py:540} INFO - Filling up the DagBag from /home/airflow/.local/lib/python3.8/site-packages/airflow/example_dags/example_sla_dag.py
[2024-04-05T23:07:57.805+0000] {processor.py:840} INFO - DAG(s) 'example_sla_dag' retrieved from /home/airflow/.local/lib/python3.8/site-packages/airflow/example_dags/example_sla_dag.py
[2024-04-05T23:07:57.834+0000] {logging_mixin.py:188} INFO - [2024-04-05T23:07:57.833+0000] {dag.py:3047} INFO - Sync 1 DAGs
[2024-04-05T23:07:57.866+0000] {logging_mixin.py:188} INFO - [2024-04-05T23:07:57.865+0000] {dag.py:3834} INFO - Setting next_dagrun for example_sla_dag to 2024-04-05 23:04:00+00:00, run_after=2024-04-05 23:06:00+00:00
[2024-04-05T23:07:57.890+0000] {processor.py:183} INFO - Processing /home/airflow/.local/lib/python3.8/site-packages/airflow/example_dags/example_sla_dag.py took 0.107 seconds
[2024-04-05T23:08:28.660+0000] {processor.py:161} INFO - Started process (PID=1277) to work on /home/airflow/.local/lib/python3.8/site-packages/airflow/example_dags/example_sla_dag.py
[2024-04-05T23:08:28.663+0000] {processor.py:830} INFO - Processing file /home/airflow/.local/lib/python3.8/site-packages/airflow/example_dags/example_sla_dag.py for tasks to queue
[2024-04-05T23:08:28.667+0000] {logging_mixin.py:188} INFO - [2024-04-05T23:08:28.667+0000] {dagbag.py:540} INFO - Filling up the DagBag from /home/airflow/.local/lib/python3.8/site-packages/airflow/example_dags/example_sla_dag.py
[2024-04-05T23:08:28.679+0000] {processor.py:840} INFO - DAG(s) 'example_sla_dag' retrieved from /home/airflow/.local/lib/python3.8/site-packages/airflow/example_dags/example_sla_dag.py
[2024-04-05T23:08:28.703+0000] {logging_mixin.py:188} INFO - [2024-04-05T23:08:28.703+0000] {dag.py:3047} INFO - Sync 1 DAGs
[2024-04-05T23:08:28.732+0000] {logging_mixin.py:188} INFO - [2024-04-05T23:08:28.732+0000] {dag.py:3834} INFO - Setting next_dagrun for example_sla_dag to 2024-04-05 23:06:00+00:00, run_after=2024-04-05 23:08:00+00:00
[2024-04-05T23:08:28.792+0000] {processor.py:183} INFO - Processing /home/airflow/.local/lib/python3.8/site-packages/airflow/example_dags/example_sla_dag.py took 0.137 seconds
[2024-04-05T23:08:59.047+0000] {processor.py:161} INFO - Started process (PID=1332) to work on /home/airflow/.local/lib/python3.8/site-packages/airflow/example_dags/example_sla_dag.py
[2024-04-05T23:08:59.048+0000] {processor.py:830} INFO - Processing file /home/airflow/.local/lib/python3.8/site-packages/airflow/example_dags/example_sla_dag.py for tasks to queue
[2024-04-05T23:08:59.050+0000] {logging_mixin.py:188} INFO - [2024-04-05T23:08:59.050+0000] {dagbag.py:540} INFO - Filling up the DagBag from /home/airflow/.local/lib/python3.8/site-packages/airflow/example_dags/example_sla_dag.py
[2024-04-05T23:08:59.059+0000] {processor.py:840} INFO - DAG(s) 'example_sla_dag' retrieved from /home/airflow/.local/lib/python3.8/site-packages/airflow/example_dags/example_sla_dag.py
[2024-04-05T23:08:59.085+0000] {logging_mixin.py:188} INFO - [2024-04-05T23:08:59.085+0000] {dag.py:3047} INFO - Sync 1 DAGs
[2024-04-05T23:08:59.116+0000] {logging_mixin.py:188} INFO - [2024-04-05T23:08:59.116+0000] {dag.py:3834} INFO - Setting next_dagrun for example_sla_dag to 2024-04-05 23:06:00+00:00, run_after=2024-04-05 23:08:00+00:00
[2024-04-05T23:08:59.177+0000] {processor.py:183} INFO - Processing /home/airflow/.local/lib/python3.8/site-packages/airflow/example_dags/example_sla_dag.py took 0.134 seconds
[2024-04-05T23:09:29.553+0000] {processor.py:161} INFO - Started process (PID=1387) to work on /home/airflow/.local/lib/python3.8/site-packages/airflow/example_dags/example_sla_dag.py
[2024-04-05T23:09:29.555+0000] {processor.py:830} INFO - Processing file /home/airflow/.local/lib/python3.8/site-packages/airflow/example_dags/example_sla_dag.py for tasks to queue
[2024-04-05T23:09:29.557+0000] {logging_mixin.py:188} INFO - [2024-04-05T23:09:29.557+0000] {dagbag.py:540} INFO - Filling up the DagBag from /home/airflow/.local/lib/python3.8/site-packages/airflow/example_dags/example_sla_dag.py
[2024-04-05T23:09:29.567+0000] {processor.py:840} INFO - DAG(s) 'example_sla_dag' retrieved from /home/airflow/.local/lib/python3.8/site-packages/airflow/example_dags/example_sla_dag.py
[2024-04-05T23:09:29.591+0000] {logging_mixin.py:188} INFO - [2024-04-05T23:09:29.591+0000] {dag.py:3047} INFO - Sync 1 DAGs
[2024-04-05T23:09:29.623+0000] {logging_mixin.py:188} INFO - [2024-04-05T23:09:29.623+0000] {dag.py:3834} INFO - Setting next_dagrun for example_sla_dag to 2024-04-05 23:06:00+00:00, run_after=2024-04-05 23:08:00+00:00
[2024-04-05T23:09:29.644+0000] {processor.py:183} INFO - Processing /home/airflow/.local/lib/python3.8/site-packages/airflow/example_dags/example_sla_dag.py took 0.095 seconds
[2024-04-05T23:09:59.705+0000] {processor.py:161} INFO - Started process (PID=1441) to work on /home/airflow/.local/lib/python3.8/site-packages/airflow/example_dags/example_sla_dag.py
[2024-04-05T23:09:59.707+0000] {processor.py:830} INFO - Processing file /home/airflow/.local/lib/python3.8/site-packages/airflow/example_dags/example_sla_dag.py for tasks to queue
[2024-04-05T23:09:59.710+0000] {logging_mixin.py:188} INFO - [2024-04-05T23:09:59.709+0000] {dagbag.py:540} INFO - Filling up the DagBag from /home/airflow/.local/lib/python3.8/site-packages/airflow/example_dags/example_sla_dag.py
[2024-04-05T23:09:59.721+0000] {processor.py:840} INFO - DAG(s) 'example_sla_dag' retrieved from /home/airflow/.local/lib/python3.8/site-packages/airflow/example_dags/example_sla_dag.py
[2024-04-05T23:09:59.746+0000] {logging_mixin.py:188} INFO - [2024-04-05T23:09:59.745+0000] {dag.py:3047} INFO - Sync 1 DAGs
[2024-04-05T23:09:59.777+0000] {logging_mixin.py:188} INFO - [2024-04-05T23:09:59.777+0000] {dag.py:3834} INFO - Setting next_dagrun for example_sla_dag to 2024-04-05 23:06:00+00:00, run_after=2024-04-05 23:08:00+00:00
[2024-04-05T23:09:59.799+0000] {processor.py:183} INFO - Processing /home/airflow/.local/lib/python3.8/site-packages/airflow/example_dags/example_sla_dag.py took 0.099 seconds
[2024-04-05T23:10:30.528+0000] {processor.py:161} INFO - Started process (PID=1497) to work on /home/airflow/.local/lib/python3.8/site-packages/airflow/example_dags/example_sla_dag.py
[2024-04-05T23:10:30.529+0000] {processor.py:830} INFO - Processing file /home/airflow/.local/lib/python3.8/site-packages/airflow/example_dags/example_sla_dag.py for tasks to queue
[2024-04-05T23:10:30.532+0000] {logging_mixin.py:188} INFO - [2024-04-05T23:10:30.531+0000] {dagbag.py:540} INFO - Filling up the DagBag from /home/airflow/.local/lib/python3.8/site-packages/airflow/example_dags/example_sla_dag.py
[2024-04-05T23:10:30.543+0000] {processor.py:840} INFO - DAG(s) 'example_sla_dag' retrieved from /home/airflow/.local/lib/python3.8/site-packages/airflow/example_dags/example_sla_dag.py
[2024-04-05T23:10:30.569+0000] {logging_mixin.py:188} INFO - [2024-04-05T23:10:30.569+0000] {dag.py:3047} INFO - Sync 1 DAGs
[2024-04-05T23:10:30.595+0000] {logging_mixin.py:188} INFO - [2024-04-05T23:10:30.594+0000] {dag.py:3834} INFO - Setting next_dagrun for example_sla_dag to 2024-04-05 23:08:00+00:00, run_after=2024-04-05 23:10:00+00:00
[2024-04-05T23:10:30.613+0000] {processor.py:183} INFO - Processing /home/airflow/.local/lib/python3.8/site-packages/airflow/example_dags/example_sla_dag.py took 0.089 seconds
[2024-04-05T23:11:01.244+0000] {processor.py:161} INFO - Started process (PID=1552) to work on /home/airflow/.local/lib/python3.8/site-packages/airflow/example_dags/example_sla_dag.py
[2024-04-05T23:11:01.245+0000] {processor.py:830} INFO - Processing file /home/airflow/.local/lib/python3.8/site-packages/airflow/example_dags/example_sla_dag.py for tasks to queue
[2024-04-05T23:11:01.248+0000] {logging_mixin.py:188} INFO - [2024-04-05T23:11:01.247+0000] {dagbag.py:540} INFO - Filling up the DagBag from /home/airflow/.local/lib/python3.8/site-packages/airflow/example_dags/example_sla_dag.py
[2024-04-05T23:11:01.257+0000] {processor.py:840} INFO - DAG(s) 'example_sla_dag' retrieved from /home/airflow/.local/lib/python3.8/site-packages/airflow/example_dags/example_sla_dag.py
[2024-04-05T23:11:01.278+0000] {logging_mixin.py:188} INFO - [2024-04-05T23:11:01.278+0000] {dag.py:3047} INFO - Sync 1 DAGs
[2024-04-05T23:11:01.303+0000] {logging_mixin.py:188} INFO - [2024-04-05T23:11:01.303+0000] {dag.py:3834} INFO - Setting next_dagrun for example_sla_dag to 2024-04-05 23:08:00+00:00, run_after=2024-04-05 23:10:00+00:00
[2024-04-05T23:11:01.372+0000] {processor.py:183} INFO - Processing /home/airflow/.local/lib/python3.8/site-packages/airflow/example_dags/example_sla_dag.py took 0.132 seconds
[2024-04-05T23:11:31.815+0000] {processor.py:161} INFO - Started process (PID=1607) to work on /home/airflow/.local/lib/python3.8/site-packages/airflow/example_dags/example_sla_dag.py
[2024-04-05T23:11:31.816+0000] {processor.py:830} INFO - Processing file /home/airflow/.local/lib/python3.8/site-packages/airflow/example_dags/example_sla_dag.py for tasks to queue
[2024-04-05T23:11:31.819+0000] {logging_mixin.py:188} INFO - [2024-04-05T23:11:31.818+0000] {dagbag.py:540} INFO - Filling up the DagBag from /home/airflow/.local/lib/python3.8/site-packages/airflow/example_dags/example_sla_dag.py
[2024-04-05T23:11:31.828+0000] {processor.py:840} INFO - DAG(s) 'example_sla_dag' retrieved from /home/airflow/.local/lib/python3.8/site-packages/airflow/example_dags/example_sla_dag.py
[2024-04-05T23:11:31.850+0000] {logging_mixin.py:188} INFO - [2024-04-05T23:11:31.850+0000] {dag.py:3047} INFO - Sync 1 DAGs
[2024-04-05T23:11:31.876+0000] {logging_mixin.py:188} INFO - [2024-04-05T23:11:31.876+0000] {dag.py:3834} INFO - Setting next_dagrun for example_sla_dag to 2024-04-05 23:08:00+00:00, run_after=2024-04-05 23:10:00+00:00
[2024-04-05T23:11:31.894+0000] {processor.py:183} INFO - Processing /home/airflow/.local/lib/python3.8/site-packages/airflow/example_dags/example_sla_dag.py took 0.083 seconds
[2024-04-05T23:12:02.042+0000] {processor.py:161} INFO - Started process (PID=1662) to work on /home/airflow/.local/lib/python3.8/site-packages/airflow/example_dags/example_sla_dag.py
[2024-04-05T23:12:02.044+0000] {processor.py:830} INFO - Processing file /home/airflow/.local/lib/python3.8/site-packages/airflow/example_dags/example_sla_dag.py for tasks to queue
[2024-04-05T23:12:02.047+0000] {logging_mixin.py:188} INFO - [2024-04-05T23:12:02.046+0000] {dagbag.py:540} INFO - Filling up the DagBag from /home/airflow/.local/lib/python3.8/site-packages/airflow/example_dags/example_sla_dag.py
[2024-04-05T23:12:02.056+0000] {processor.py:840} INFO - DAG(s) 'example_sla_dag' retrieved from /home/airflow/.local/lib/python3.8/site-packages/airflow/example_dags/example_sla_dag.py
[2024-04-05T23:12:02.078+0000] {logging_mixin.py:188} INFO - [2024-04-05T23:12:02.078+0000] {dag.py:3047} INFO - Sync 1 DAGs
[2024-04-05T23:12:02.105+0000] {logging_mixin.py:188} INFO - [2024-04-05T23:12:02.105+0000] {dag.py:3834} INFO - Setting next_dagrun for example_sla_dag to 2024-04-05 23:10:00+00:00, run_after=2024-04-05 23:12:00+00:00
[2024-04-05T23:12:02.126+0000] {processor.py:183} INFO - Processing /home/airflow/.local/lib/python3.8/site-packages/airflow/example_dags/example_sla_dag.py took 0.088 seconds
[2024-04-05T23:12:32.448+0000] {processor.py:161} INFO - Started process (PID=1717) to work on /home/airflow/.local/lib/python3.8/site-packages/airflow/example_dags/example_sla_dag.py
[2024-04-05T23:12:32.450+0000] {processor.py:830} INFO - Processing file /home/airflow/.local/lib/python3.8/site-packages/airflow/example_dags/example_sla_dag.py for tasks to queue
[2024-04-05T23:12:32.452+0000] {logging_mixin.py:188} INFO - [2024-04-05T23:12:32.452+0000] {dagbag.py:540} INFO - Filling up the DagBag from /home/airflow/.local/lib/python3.8/site-packages/airflow/example_dags/example_sla_dag.py
[2024-04-05T23:12:32.461+0000] {processor.py:840} INFO - DAG(s) 'example_sla_dag' retrieved from /home/airflow/.local/lib/python3.8/site-packages/airflow/example_dags/example_sla_dag.py
[2024-04-05T23:12:32.481+0000] {logging_mixin.py:188} INFO - [2024-04-05T23:12:32.481+0000] {dag.py:3047} INFO - Sync 1 DAGs
[2024-04-05T23:12:32.503+0000] {logging_mixin.py:188} INFO - [2024-04-05T23:12:32.503+0000] {dag.py:3834} INFO - Setting next_dagrun for example_sla_dag to 2024-04-05 23:10:00+00:00, run_after=2024-04-05 23:12:00+00:00
[2024-04-05T23:12:32.519+0000] {processor.py:183} INFO - Processing /home/airflow/.local/lib/python3.8/site-packages/airflow/example_dags/example_sla_dag.py took 0.075 seconds
[2024-04-05T23:13:02.969+0000] {processor.py:161} INFO - Started process (PID=1772) to work on /home/airflow/.local/lib/python3.8/site-packages/airflow/example_dags/example_sla_dag.py
[2024-04-05T23:13:02.970+0000] {processor.py:830} INFO - Processing file /home/airflow/.local/lib/python3.8/site-packages/airflow/example_dags/example_sla_dag.py for tasks to queue
[2024-04-05T23:13:02.973+0000] {logging_mixin.py:188} INFO - [2024-04-05T23:13:02.973+0000] {dagbag.py:540} INFO - Filling up the DagBag from /home/airflow/.local/lib/python3.8/site-packages/airflow/example_dags/example_sla_dag.py
[2024-04-05T23:13:02.985+0000] {processor.py:840} INFO - DAG(s) 'example_sla_dag' retrieved from /home/airflow/.local/lib/python3.8/site-packages/airflow/example_dags/example_sla_dag.py
[2024-04-05T23:13:03.011+0000] {logging_mixin.py:188} INFO - [2024-04-05T23:13:03.011+0000] {dag.py:3047} INFO - Sync 1 DAGs
[2024-04-05T23:13:03.042+0000] {logging_mixin.py:188} INFO - [2024-04-05T23:13:03.041+0000] {dag.py:3834} INFO - Setting next_dagrun for example_sla_dag to 2024-04-05 23:10:00+00:00, run_after=2024-04-05 23:12:00+00:00
[2024-04-05T23:13:03.061+0000] {processor.py:183} INFO - Processing /home/airflow/.local/lib/python3.8/site-packages/airflow/example_dags/example_sla_dag.py took 0.098 seconds
[2024-04-05T23:13:33.316+0000] {processor.py:161} INFO - Started process (PID=1827) to work on /home/airflow/.local/lib/python3.8/site-packages/airflow/example_dags/example_sla_dag.py
[2024-04-05T23:13:33.317+0000] {processor.py:830} INFO - Processing file /home/airflow/.local/lib/python3.8/site-packages/airflow/example_dags/example_sla_dag.py for tasks to queue
[2024-04-05T23:13:33.320+0000] {logging_mixin.py:188} INFO - [2024-04-05T23:13:33.319+0000] {dagbag.py:540} INFO - Filling up the DagBag from /home/airflow/.local/lib/python3.8/site-packages/airflow/example_dags/example_sla_dag.py
[2024-04-05T23:13:33.330+0000] {processor.py:840} INFO - DAG(s) 'example_sla_dag' retrieved from /home/airflow/.local/lib/python3.8/site-packages/airflow/example_dags/example_sla_dag.py
[2024-04-05T23:13:33.354+0000] {logging_mixin.py:188} INFO - [2024-04-05T23:13:33.354+0000] {dag.py:3047} INFO - Sync 1 DAGs
[2024-04-05T23:13:33.380+0000] {logging_mixin.py:188} INFO - [2024-04-05T23:13:33.380+0000] {dag.py:3834} INFO - Setting next_dagrun for example_sla_dag to 2024-04-05 23:10:00+00:00, run_after=2024-04-05 23:12:00+00:00
[2024-04-05T23:13:33.400+0000] {processor.py:183} INFO - Processing /home/airflow/.local/lib/python3.8/site-packages/airflow/example_dags/example_sla_dag.py took 0.088 seconds
[2024-04-05T23:14:03.964+0000] {processor.py:161} INFO - Started process (PID=1882) to work on /home/airflow/.local/lib/python3.8/site-packages/airflow/example_dags/example_sla_dag.py
[2024-04-05T23:14:03.965+0000] {processor.py:830} INFO - Processing file /home/airflow/.local/lib/python3.8/site-packages/airflow/example_dags/example_sla_dag.py for tasks to queue
[2024-04-05T23:14:03.967+0000] {logging_mixin.py:188} INFO - [2024-04-05T23:14:03.966+0000] {dagbag.py:540} INFO - Filling up the DagBag from /home/airflow/.local/lib/python3.8/site-packages/airflow/example_dags/example_sla_dag.py
[2024-04-05T23:14:03.976+0000] {processor.py:840} INFO - DAG(s) 'example_sla_dag' retrieved from /home/airflow/.local/lib/python3.8/site-packages/airflow/example_dags/example_sla_dag.py
[2024-04-05T23:14:03.997+0000] {logging_mixin.py:188} INFO - [2024-04-05T23:14:03.997+0000] {dag.py:3047} INFO - Sync 1 DAGs
[2024-04-05T23:14:04.027+0000] {logging_mixin.py:188} INFO - [2024-04-05T23:14:04.027+0000] {dag.py:3834} INFO - Setting next_dagrun for example_sla_dag to 2024-04-05 23:12:00+00:00, run_after=2024-04-05 23:14:00+00:00
[2024-04-05T23:14:04.046+0000] {processor.py:183} INFO - Processing /home/airflow/.local/lib/python3.8/site-packages/airflow/example_dags/example_sla_dag.py took 0.086 seconds
[2024-04-05T23:14:34.272+0000] {processor.py:161} INFO - Started process (PID=1937) to work on /home/airflow/.local/lib/python3.8/site-packages/airflow/example_dags/example_sla_dag.py
[2024-04-05T23:14:34.274+0000] {processor.py:830} INFO - Processing file /home/airflow/.local/lib/python3.8/site-packages/airflow/example_dags/example_sla_dag.py for tasks to queue
[2024-04-05T23:14:34.277+0000] {logging_mixin.py:188} INFO - [2024-04-05T23:14:34.277+0000] {dagbag.py:540} INFO - Filling up the DagBag from /home/airflow/.local/lib/python3.8/site-packages/airflow/example_dags/example_sla_dag.py
[2024-04-05T23:14:34.288+0000] {processor.py:840} INFO - DAG(s) 'example_sla_dag' retrieved from /home/airflow/.local/lib/python3.8/site-packages/airflow/example_dags/example_sla_dag.py
[2024-04-05T23:14:34.310+0000] {logging_mixin.py:188} INFO - [2024-04-05T23:14:34.310+0000] {dag.py:3047} INFO - Sync 1 DAGs
[2024-04-05T23:14:34.335+0000] {logging_mixin.py:188} INFO - [2024-04-05T23:14:34.335+0000] {dag.py:3834} INFO - Setting next_dagrun for example_sla_dag to 2024-04-05 23:12:00+00:00, run_after=2024-04-05 23:14:00+00:00
[2024-04-05T23:14:34.355+0000] {processor.py:183} INFO - Processing /home/airflow/.local/lib/python3.8/site-packages/airflow/example_dags/example_sla_dag.py took 0.087 seconds
[2024-04-05T23:15:05.667+0000] {processor.py:161} INFO - Started process (PID=1992) to work on /home/airflow/.local/lib/python3.8/site-packages/airflow/example_dags/example_sla_dag.py
[2024-04-05T23:15:05.668+0000] {processor.py:830} INFO - Processing file /home/airflow/.local/lib/python3.8/site-packages/airflow/example_dags/example_sla_dag.py for tasks to queue
[2024-04-05T23:15:05.671+0000] {logging_mixin.py:188} INFO - [2024-04-05T23:15:05.670+0000] {dagbag.py:540} INFO - Filling up the DagBag from /home/airflow/.local/lib/python3.8/site-packages/airflow/example_dags/example_sla_dag.py
[2024-04-05T23:15:05.681+0000] {processor.py:840} INFO - DAG(s) 'example_sla_dag' retrieved from /home/airflow/.local/lib/python3.8/site-packages/airflow/example_dags/example_sla_dag.py
[2024-04-05T23:15:05.709+0000] {logging_mixin.py:188} INFO - [2024-04-05T23:15:05.709+0000] {dag.py:3047} INFO - Sync 1 DAGs
[2024-04-05T23:15:05.732+0000] {logging_mixin.py:188} INFO - [2024-04-05T23:15:05.732+0000] {dag.py:3834} INFO - Setting next_dagrun for example_sla_dag to 2024-04-05 23:12:00+00:00, run_after=2024-04-05 23:14:00+00:00
[2024-04-05T23:15:05.793+0000] {processor.py:183} INFO - Processing /home/airflow/.local/lib/python3.8/site-packages/airflow/example_dags/example_sla_dag.py took 0.129 seconds
[2024-04-05T23:15:36.307+0000] {processor.py:161} INFO - Started process (PID=2047) to work on /home/airflow/.local/lib/python3.8/site-packages/airflow/example_dags/example_sla_dag.py
[2024-04-05T23:15:36.309+0000] {processor.py:830} INFO - Processing file /home/airflow/.local/lib/python3.8/site-packages/airflow/example_dags/example_sla_dag.py for tasks to queue
[2024-04-05T23:15:36.312+0000] {logging_mixin.py:188} INFO - [2024-04-05T23:15:36.312+0000] {dagbag.py:540} INFO - Filling up the DagBag from /home/airflow/.local/lib/python3.8/site-packages/airflow/example_dags/example_sla_dag.py
[2024-04-05T23:15:36.328+0000] {processor.py:840} INFO - DAG(s) 'example_sla_dag' retrieved from /home/airflow/.local/lib/python3.8/site-packages/airflow/example_dags/example_sla_dag.py
[2024-04-05T23:15:36.360+0000] {logging_mixin.py:188} INFO - [2024-04-05T23:15:36.360+0000] {dag.py:3047} INFO - Sync 1 DAGs
[2024-04-05T23:15:36.401+0000] {logging_mixin.py:188} INFO - [2024-04-05T23:15:36.400+0000] {dag.py:3834} INFO - Setting next_dagrun for example_sla_dag to 2024-04-05 23:12:00+00:00, run_after=2024-04-05 23:14:00+00:00
[2024-04-05T23:15:36.424+0000] {processor.py:183} INFO - Processing /home/airflow/.local/lib/python3.8/site-packages/airflow/example_dags/example_sla_dag.py took 0.123 seconds
[2024-04-05T23:16:07.461+0000] {processor.py:161} INFO - Started process (PID=2102) to work on /home/airflow/.local/lib/python3.8/site-packages/airflow/example_dags/example_sla_dag.py
[2024-04-05T23:16:07.462+0000] {processor.py:830} INFO - Processing file /home/airflow/.local/lib/python3.8/site-packages/airflow/example_dags/example_sla_dag.py for tasks to queue
[2024-04-05T23:16:07.464+0000] {logging_mixin.py:188} INFO - [2024-04-05T23:16:07.464+0000] {dagbag.py:540} INFO - Filling up the DagBag from /home/airflow/.local/lib/python3.8/site-packages/airflow/example_dags/example_sla_dag.py
[2024-04-05T23:16:07.474+0000] {processor.py:840} INFO - DAG(s) 'example_sla_dag' retrieved from /home/airflow/.local/lib/python3.8/site-packages/airflow/example_dags/example_sla_dag.py
[2024-04-05T23:16:07.497+0000] {logging_mixin.py:188} INFO - [2024-04-05T23:16:07.496+0000] {dag.py:3047} INFO - Sync 1 DAGs
[2024-04-05T23:16:07.524+0000] {logging_mixin.py:188} INFO - [2024-04-05T23:16:07.524+0000] {dag.py:3834} INFO - Setting next_dagrun for example_sla_dag to 2024-04-05 23:14:00+00:00, run_after=2024-04-05 23:16:00+00:00
[2024-04-05T23:16:07.545+0000] {processor.py:183} INFO - Processing /home/airflow/.local/lib/python3.8/site-packages/airflow/example_dags/example_sla_dag.py took 0.089 seconds
[2024-04-05T23:16:37.604+0000] {processor.py:161} INFO - Started process (PID=2156) to work on /home/airflow/.local/lib/python3.8/site-packages/airflow/example_dags/example_sla_dag.py
[2024-04-05T23:16:37.605+0000] {processor.py:830} INFO - Processing file /home/airflow/.local/lib/python3.8/site-packages/airflow/example_dags/example_sla_dag.py for tasks to queue
[2024-04-05T23:16:37.608+0000] {logging_mixin.py:188} INFO - [2024-04-05T23:16:37.607+0000] {dagbag.py:540} INFO - Filling up the DagBag from /home/airflow/.local/lib/python3.8/site-packages/airflow/example_dags/example_sla_dag.py
[2024-04-05T23:16:37.615+0000] {processor.py:840} INFO - DAG(s) 'example_sla_dag' retrieved from /home/airflow/.local/lib/python3.8/site-packages/airflow/example_dags/example_sla_dag.py
[2024-04-05T23:16:37.636+0000] {logging_mixin.py:188} INFO - [2024-04-05T23:16:37.636+0000] {dag.py:3047} INFO - Sync 1 DAGs
[2024-04-05T23:16:37.659+0000] {logging_mixin.py:188} INFO - [2024-04-05T23:16:37.659+0000] {dag.py:3834} INFO - Setting next_dagrun for example_sla_dag to 2024-04-05 23:14:00+00:00, run_after=2024-04-05 23:16:00+00:00
[2024-04-05T23:16:37.727+0000] {processor.py:183} INFO - Processing /home/airflow/.local/lib/python3.8/site-packages/airflow/example_dags/example_sla_dag.py took 0.126 seconds
[2024-04-05T23:17:08.298+0000] {processor.py:161} INFO - Started process (PID=2212) to work on /home/airflow/.local/lib/python3.8/site-packages/airflow/example_dags/example_sla_dag.py
[2024-04-05T23:17:08.299+0000] {processor.py:830} INFO - Processing file /home/airflow/.local/lib/python3.8/site-packages/airflow/example_dags/example_sla_dag.py for tasks to queue
[2024-04-05T23:17:08.302+0000] {logging_mixin.py:188} INFO - [2024-04-05T23:17:08.301+0000] {dagbag.py:540} INFO - Filling up the DagBag from /home/airflow/.local/lib/python3.8/site-packages/airflow/example_dags/example_sla_dag.py
[2024-04-05T23:17:08.312+0000] {processor.py:840} INFO - DAG(s) 'example_sla_dag' retrieved from /home/airflow/.local/lib/python3.8/site-packages/airflow/example_dags/example_sla_dag.py
[2024-04-05T23:17:08.334+0000] {logging_mixin.py:188} INFO - [2024-04-05T23:17:08.334+0000] {dag.py:3047} INFO - Sync 1 DAGs
[2024-04-05T23:17:08.358+0000] {logging_mixin.py:188} INFO - [2024-04-05T23:17:08.358+0000] {dag.py:3834} INFO - Setting next_dagrun for example_sla_dag to 2024-04-05 23:14:00+00:00, run_after=2024-04-05 23:16:00+00:00
[2024-04-05T23:17:08.375+0000] {processor.py:183} INFO - Processing /home/airflow/.local/lib/python3.8/site-packages/airflow/example_dags/example_sla_dag.py took 0.081 seconds
[2024-04-05T23:17:38.993+0000] {processor.py:161} INFO - Started process (PID=2267) to work on /home/airflow/.local/lib/python3.8/site-packages/airflow/example_dags/example_sla_dag.py
[2024-04-05T23:17:38.994+0000] {processor.py:830} INFO - Processing file /home/airflow/.local/lib/python3.8/site-packages/airflow/example_dags/example_sla_dag.py for tasks to queue
[2024-04-05T23:17:38.996+0000] {logging_mixin.py:188} INFO - [2024-04-05T23:17:38.996+0000] {dagbag.py:540} INFO - Filling up the DagBag from /home/airflow/.local/lib/python3.8/site-packages/airflow/example_dags/example_sla_dag.py
[2024-04-05T23:17:39.009+0000] {processor.py:840} INFO - DAG(s) 'example_sla_dag' retrieved from /home/airflow/.local/lib/python3.8/site-packages/airflow/example_dags/example_sla_dag.py
[2024-04-05T23:17:39.030+0000] {logging_mixin.py:188} INFO - [2024-04-05T23:17:39.029+0000] {dag.py:3047} INFO - Sync 1 DAGs
[2024-04-05T23:17:39.062+0000] {logging_mixin.py:188} INFO - [2024-04-05T23:17:39.061+0000] {dag.py:3834} INFO - Setting next_dagrun for example_sla_dag to 2024-04-05 23:14:00+00:00, run_after=2024-04-05 23:16:00+00:00
[2024-04-05T23:17:39.082+0000] {processor.py:183} INFO - Processing /home/airflow/.local/lib/python3.8/site-packages/airflow/example_dags/example_sla_dag.py took 0.093 seconds
[2024-04-05T23:18:09.999+0000] {processor.py:161} INFO - Started process (PID=2322) to work on /home/airflow/.local/lib/python3.8/site-packages/airflow/example_dags/example_sla_dag.py
[2024-04-05T23:18:10.000+0000] {processor.py:830} INFO - Processing file /home/airflow/.local/lib/python3.8/site-packages/airflow/example_dags/example_sla_dag.py for tasks to queue
[2024-04-05T23:18:10.003+0000] {logging_mixin.py:188} INFO - [2024-04-05T23:18:10.003+0000] {dagbag.py:540} INFO - Filling up the DagBag from /home/airflow/.local/lib/python3.8/site-packages/airflow/example_dags/example_sla_dag.py
[2024-04-05T23:18:10.013+0000] {processor.py:840} INFO - DAG(s) 'example_sla_dag' retrieved from /home/airflow/.local/lib/python3.8/site-packages/airflow/example_dags/example_sla_dag.py
[2024-04-05T23:18:10.032+0000] {logging_mixin.py:188} INFO - [2024-04-05T23:18:10.032+0000] {dag.py:3047} INFO - Sync 1 DAGs
[2024-04-05T23:18:10.060+0000] {logging_mixin.py:188} INFO - [2024-04-05T23:18:10.060+0000] {dag.py:3834} INFO - Setting next_dagrun for example_sla_dag to 2024-04-05 23:16:00+00:00, run_after=2024-04-05 23:18:00+00:00
[2024-04-05T23:18:10.125+0000] {processor.py:183} INFO - Processing /home/airflow/.local/lib/python3.8/site-packages/airflow/example_dags/example_sla_dag.py took 0.128 seconds
[2024-04-05T23:18:40.323+0000] {processor.py:161} INFO - Started process (PID=2377) to work on /home/airflow/.local/lib/python3.8/site-packages/airflow/example_dags/example_sla_dag.py
[2024-04-05T23:18:40.325+0000] {processor.py:830} INFO - Processing file /home/airflow/.local/lib/python3.8/site-packages/airflow/example_dags/example_sla_dag.py for tasks to queue
[2024-04-05T23:18:40.328+0000] {logging_mixin.py:188} INFO - [2024-04-05T23:18:40.327+0000] {dagbag.py:540} INFO - Filling up the DagBag from /home/airflow/.local/lib/python3.8/site-packages/airflow/example_dags/example_sla_dag.py
[2024-04-05T23:18:40.336+0000] {processor.py:840} INFO - DAG(s) 'example_sla_dag' retrieved from /home/airflow/.local/lib/python3.8/site-packages/airflow/example_dags/example_sla_dag.py
[2024-04-05T23:18:40.357+0000] {logging_mixin.py:188} INFO - [2024-04-05T23:18:40.356+0000] {dag.py:3047} INFO - Sync 1 DAGs
[2024-04-05T23:18:40.380+0000] {logging_mixin.py:188} INFO - [2024-04-05T23:18:40.380+0000] {dag.py:3834} INFO - Setting next_dagrun for example_sla_dag to 2024-04-05 23:16:00+00:00, run_after=2024-04-05 23:18:00+00:00
[2024-04-05T23:18:40.400+0000] {processor.py:183} INFO - Processing /home/airflow/.local/lib/python3.8/site-packages/airflow/example_dags/example_sla_dag.py took 0.081 seconds
[2024-04-05T23:19:11.648+0000] {processor.py:161} INFO - Started process (PID=2432) to work on /home/airflow/.local/lib/python3.8/site-packages/airflow/example_dags/example_sla_dag.py
[2024-04-05T23:19:11.650+0000] {processor.py:830} INFO - Processing file /home/airflow/.local/lib/python3.8/site-packages/airflow/example_dags/example_sla_dag.py for tasks to queue
[2024-04-05T23:19:11.652+0000] {logging_mixin.py:188} INFO - [2024-04-05T23:19:11.652+0000] {dagbag.py:540} INFO - Filling up the DagBag from /home/airflow/.local/lib/python3.8/site-packages/airflow/example_dags/example_sla_dag.py
[2024-04-05T23:19:11.662+0000] {processor.py:840} INFO - DAG(s) 'example_sla_dag' retrieved from /home/airflow/.local/lib/python3.8/site-packages/airflow/example_dags/example_sla_dag.py
[2024-04-05T23:19:11.693+0000] {logging_mixin.py:188} INFO - [2024-04-05T23:19:11.693+0000] {dag.py:3047} INFO - Sync 1 DAGs
[2024-04-05T23:19:11.719+0000] {logging_mixin.py:188} INFO - [2024-04-05T23:19:11.719+0000] {dag.py:3834} INFO - Setting next_dagrun for example_sla_dag to 2024-04-05 23:16:00+00:00, run_after=2024-04-05 23:18:00+00:00
[2024-04-05T23:19:11.789+0000] {processor.py:183} INFO - Processing /home/airflow/.local/lib/python3.8/site-packages/airflow/example_dags/example_sla_dag.py took 0.145 seconds
[2024-04-05T23:19:41.973+0000] {processor.py:161} INFO - Started process (PID=2487) to work on /home/airflow/.local/lib/python3.8/site-packages/airflow/example_dags/example_sla_dag.py
[2024-04-05T23:19:41.974+0000] {processor.py:830} INFO - Processing file /home/airflow/.local/lib/python3.8/site-packages/airflow/example_dags/example_sla_dag.py for tasks to queue
[2024-04-05T23:19:41.977+0000] {logging_mixin.py:188} INFO - [2024-04-05T23:19:41.977+0000] {dagbag.py:540} INFO - Filling up the DagBag from /home/airflow/.local/lib/python3.8/site-packages/airflow/example_dags/example_sla_dag.py
[2024-04-05T23:19:41.987+0000] {processor.py:840} INFO - DAG(s) 'example_sla_dag' retrieved from /home/airflow/.local/lib/python3.8/site-packages/airflow/example_dags/example_sla_dag.py
[2024-04-05T23:19:42.014+0000] {logging_mixin.py:188} INFO - [2024-04-05T23:19:42.014+0000] {dag.py:3047} INFO - Sync 1 DAGs
[2024-04-05T23:19:42.051+0000] {logging_mixin.py:188} INFO - [2024-04-05T23:19:42.050+0000] {dag.py:3834} INFO - Setting next_dagrun for example_sla_dag to 2024-04-05 23:16:00+00:00, run_after=2024-04-05 23:18:00+00:00
[2024-04-05T23:19:42.112+0000] {processor.py:183} INFO - Processing /home/airflow/.local/lib/python3.8/site-packages/airflow/example_dags/example_sla_dag.py took 0.142 seconds
[2024-04-05T23:20:12.176+0000] {processor.py:161} INFO - Started process (PID=2542) to work on /home/airflow/.local/lib/python3.8/site-packages/airflow/example_dags/example_sla_dag.py
[2024-04-05T23:20:12.177+0000] {processor.py:830} INFO - Processing file /home/airflow/.local/lib/python3.8/site-packages/airflow/example_dags/example_sla_dag.py for tasks to queue
[2024-04-05T23:20:12.179+0000] {logging_mixin.py:188} INFO - [2024-04-05T23:20:12.179+0000] {dagbag.py:540} INFO - Filling up the DagBag from /home/airflow/.local/lib/python3.8/site-packages/airflow/example_dags/example_sla_dag.py
[2024-04-05T23:20:12.189+0000] {processor.py:840} INFO - DAG(s) 'example_sla_dag' retrieved from /home/airflow/.local/lib/python3.8/site-packages/airflow/example_dags/example_sla_dag.py
[2024-04-05T23:20:12.215+0000] {logging_mixin.py:188} INFO - [2024-04-05T23:20:12.215+0000] {dag.py:3047} INFO - Sync 1 DAGs
[2024-04-05T23:20:12.242+0000] {logging_mixin.py:188} INFO - [2024-04-05T23:20:12.242+0000] {dag.py:3834} INFO - Setting next_dagrun for example_sla_dag to 2024-04-05 23:18:00+00:00, run_after=2024-04-05 23:20:00+00:00
[2024-04-05T23:20:12.304+0000] {processor.py:183} INFO - Processing /home/airflow/.local/lib/python3.8/site-packages/airflow/example_dags/example_sla_dag.py took 0.133 seconds
[2024-04-05T23:20:42.832+0000] {processor.py:161} INFO - Started process (PID=2597) to work on /home/airflow/.local/lib/python3.8/site-packages/airflow/example_dags/example_sla_dag.py
[2024-04-05T23:20:42.833+0000] {processor.py:830} INFO - Processing file /home/airflow/.local/lib/python3.8/site-packages/airflow/example_dags/example_sla_dag.py for tasks to queue
[2024-04-05T23:20:42.835+0000] {logging_mixin.py:188} INFO - [2024-04-05T23:20:42.834+0000] {dagbag.py:540} INFO - Filling up the DagBag from /home/airflow/.local/lib/python3.8/site-packages/airflow/example_dags/example_sla_dag.py
[2024-04-05T23:20:42.844+0000] {processor.py:840} INFO - DAG(s) 'example_sla_dag' retrieved from /home/airflow/.local/lib/python3.8/site-packages/airflow/example_dags/example_sla_dag.py
[2024-04-05T23:20:42.866+0000] {logging_mixin.py:188} INFO - [2024-04-05T23:20:42.865+0000] {dag.py:3047} INFO - Sync 1 DAGs
[2024-04-05T23:20:42.889+0000] {logging_mixin.py:188} INFO - [2024-04-05T23:20:42.889+0000] {dag.py:3834} INFO - Setting next_dagrun for example_sla_dag to 2024-04-05 23:18:00+00:00, run_after=2024-04-05 23:20:00+00:00
[2024-04-05T23:20:42.910+0000] {processor.py:183} INFO - Processing /home/airflow/.local/lib/python3.8/site-packages/airflow/example_dags/example_sla_dag.py took 0.081 seconds
[2024-04-05T23:21:13.156+0000] {processor.py:161} INFO - Started process (PID=2651) to work on /home/airflow/.local/lib/python3.8/site-packages/airflow/example_dags/example_sla_dag.py
[2024-04-05T23:21:13.158+0000] {processor.py:830} INFO - Processing file /home/airflow/.local/lib/python3.8/site-packages/airflow/example_dags/example_sla_dag.py for tasks to queue
[2024-04-05T23:21:13.160+0000] {logging_mixin.py:188} INFO - [2024-04-05T23:21:13.160+0000] {dagbag.py:540} INFO - Filling up the DagBag from /home/airflow/.local/lib/python3.8/site-packages/airflow/example_dags/example_sla_dag.py
[2024-04-05T23:21:13.170+0000] {processor.py:840} INFO - DAG(s) 'example_sla_dag' retrieved from /home/airflow/.local/lib/python3.8/site-packages/airflow/example_dags/example_sla_dag.py
[2024-04-05T23:21:13.192+0000] {logging_mixin.py:188} INFO - [2024-04-05T23:21:13.191+0000] {dag.py:3047} INFO - Sync 1 DAGs
[2024-04-05T23:21:13.216+0000] {logging_mixin.py:188} INFO - [2024-04-05T23:21:13.216+0000] {dag.py:3834} INFO - Setting next_dagrun for example_sla_dag to 2024-04-05 23:18:00+00:00, run_after=2024-04-05 23:20:00+00:00
[2024-04-05T23:21:13.234+0000] {processor.py:183} INFO - Processing /home/airflow/.local/lib/python3.8/site-packages/airflow/example_dags/example_sla_dag.py took 0.081 seconds
[2024-04-05T23:21:43.548+0000] {processor.py:161} INFO - Started process (PID=2707) to work on /home/airflow/.local/lib/python3.8/site-packages/airflow/example_dags/example_sla_dag.py
[2024-04-05T23:21:43.550+0000] {processor.py:830} INFO - Processing file /home/airflow/.local/lib/python3.8/site-packages/airflow/example_dags/example_sla_dag.py for tasks to queue
[2024-04-05T23:21:43.552+0000] {logging_mixin.py:188} INFO - [2024-04-05T23:21:43.552+0000] {dagbag.py:540} INFO - Filling up the DagBag from /home/airflow/.local/lib/python3.8/site-packages/airflow/example_dags/example_sla_dag.py
[2024-04-05T23:21:43.561+0000] {processor.py:840} INFO - DAG(s) 'example_sla_dag' retrieved from /home/airflow/.local/lib/python3.8/site-packages/airflow/example_dags/example_sla_dag.py
[2024-04-05T23:21:43.581+0000] {logging_mixin.py:188} INFO - [2024-04-05T23:21:43.580+0000] {dag.py:3047} INFO - Sync 1 DAGs
[2024-04-05T23:21:43.608+0000] {logging_mixin.py:188} INFO - [2024-04-05T23:21:43.608+0000] {dag.py:3834} INFO - Setting next_dagrun for example_sla_dag to 2024-04-05 23:18:00+00:00, run_after=2024-04-05 23:20:00+00:00
[2024-04-05T23:21:43.627+0000] {processor.py:183} INFO - Processing /home/airflow/.local/lib/python3.8/site-packages/airflow/example_dags/example_sla_dag.py took 0.083 seconds
[2024-04-05T23:22:14.685+0000] {processor.py:161} INFO - Started process (PID=2761) to work on /home/airflow/.local/lib/python3.8/site-packages/airflow/example_dags/example_sla_dag.py
[2024-04-05T23:22:14.687+0000] {processor.py:830} INFO - Processing file /home/airflow/.local/lib/python3.8/site-packages/airflow/example_dags/example_sla_dag.py for tasks to queue
[2024-04-05T23:22:14.690+0000] {logging_mixin.py:188} INFO - [2024-04-05T23:22:14.690+0000] {dagbag.py:540} INFO - Filling up the DagBag from /home/airflow/.local/lib/python3.8/site-packages/airflow/example_dags/example_sla_dag.py
[2024-04-05T23:22:14.699+0000] {processor.py:840} INFO - DAG(s) 'example_sla_dag' retrieved from /home/airflow/.local/lib/python3.8/site-packages/airflow/example_dags/example_sla_dag.py
[2024-04-05T23:22:14.721+0000] {logging_mixin.py:188} INFO - [2024-04-05T23:22:14.720+0000] {dag.py:3047} INFO - Sync 1 DAGs
[2024-04-05T23:22:14.747+0000] {logging_mixin.py:188} INFO - [2024-04-05T23:22:14.747+0000] {dag.py:3834} INFO - Setting next_dagrun for example_sla_dag to 2024-04-05 23:20:00+00:00, run_after=2024-04-05 23:22:00+00:00
[2024-04-05T23:22:14.765+0000] {processor.py:183} INFO - Processing /home/airflow/.local/lib/python3.8/site-packages/airflow/example_dags/example_sla_dag.py took 0.083 seconds
[2024-04-05T23:22:44.934+0000] {processor.py:161} INFO - Started process (PID=2816) to work on /home/airflow/.local/lib/python3.8/site-packages/airflow/example_dags/example_sla_dag.py
[2024-04-05T23:22:44.936+0000] {processor.py:830} INFO - Processing file /home/airflow/.local/lib/python3.8/site-packages/airflow/example_dags/example_sla_dag.py for tasks to queue
[2024-04-05T23:22:44.939+0000] {logging_mixin.py:188} INFO - [2024-04-05T23:22:44.938+0000] {dagbag.py:540} INFO - Filling up the DagBag from /home/airflow/.local/lib/python3.8/site-packages/airflow/example_dags/example_sla_dag.py
[2024-04-05T23:22:44.950+0000] {processor.py:840} INFO - DAG(s) 'example_sla_dag' retrieved from /home/airflow/.local/lib/python3.8/site-packages/airflow/example_dags/example_sla_dag.py
[2024-04-05T23:22:44.973+0000] {logging_mixin.py:188} INFO - [2024-04-05T23:22:44.973+0000] {dag.py:3047} INFO - Sync 1 DAGs
[2024-04-05T23:22:45.001+0000] {logging_mixin.py:188} INFO - [2024-04-05T23:22:45.001+0000] {dag.py:3834} INFO - Setting next_dagrun for example_sla_dag to 2024-04-05 23:20:00+00:00, run_after=2024-04-05 23:22:00+00:00
[2024-04-05T23:22:45.021+0000] {processor.py:183} INFO - Processing /home/airflow/.local/lib/python3.8/site-packages/airflow/example_dags/example_sla_dag.py took 0.091 seconds
[2024-04-05T23:23:15.422+0000] {processor.py:161} INFO - Started process (PID=2871) to work on /home/airflow/.local/lib/python3.8/site-packages/airflow/example_dags/example_sla_dag.py
[2024-04-05T23:23:15.424+0000] {processor.py:830} INFO - Processing file /home/airflow/.local/lib/python3.8/site-packages/airflow/example_dags/example_sla_dag.py for tasks to queue
[2024-04-05T23:23:15.428+0000] {logging_mixin.py:188} INFO - [2024-04-05T23:23:15.427+0000] {dagbag.py:540} INFO - Filling up the DagBag from /home/airflow/.local/lib/python3.8/site-packages/airflow/example_dags/example_sla_dag.py
[2024-04-05T23:23:15.441+0000] {processor.py:840} INFO - DAG(s) 'example_sla_dag' retrieved from /home/airflow/.local/lib/python3.8/site-packages/airflow/example_dags/example_sla_dag.py
[2024-04-05T23:23:15.467+0000] {logging_mixin.py:188} INFO - [2024-04-05T23:23:15.467+0000] {dag.py:3047} INFO - Sync 1 DAGs
[2024-04-05T23:23:15.498+0000] {logging_mixin.py:188} INFO - [2024-04-05T23:23:15.498+0000] {dag.py:3834} INFO - Setting next_dagrun for example_sla_dag to 2024-04-05 23:20:00+00:00, run_after=2024-04-05 23:22:00+00:00
[2024-04-05T23:23:15.518+0000] {processor.py:183} INFO - Processing /home/airflow/.local/lib/python3.8/site-packages/airflow/example_dags/example_sla_dag.py took 0.103 seconds
[2024-04-05T23:23:45.821+0000] {processor.py:161} INFO - Started process (PID=2926) to work on /home/airflow/.local/lib/python3.8/site-packages/airflow/example_dags/example_sla_dag.py
[2024-04-05T23:23:45.822+0000] {processor.py:830} INFO - Processing file /home/airflow/.local/lib/python3.8/site-packages/airflow/example_dags/example_sla_dag.py for tasks to queue
[2024-04-05T23:23:45.824+0000] {logging_mixin.py:188} INFO - [2024-04-05T23:23:45.824+0000] {dagbag.py:540} INFO - Filling up the DagBag from /home/airflow/.local/lib/python3.8/site-packages/airflow/example_dags/example_sla_dag.py
[2024-04-05T23:23:45.833+0000] {processor.py:840} INFO - DAG(s) 'example_sla_dag' retrieved from /home/airflow/.local/lib/python3.8/site-packages/airflow/example_dags/example_sla_dag.py
[2024-04-05T23:23:45.855+0000] {logging_mixin.py:188} INFO - [2024-04-05T23:23:45.855+0000] {dag.py:3047} INFO - Sync 1 DAGs
[2024-04-05T23:23:45.886+0000] {logging_mixin.py:188} INFO - [2024-04-05T23:23:45.886+0000] {dag.py:3834} INFO - Setting next_dagrun for example_sla_dag to 2024-04-05 23:20:00+00:00, run_after=2024-04-05 23:22:00+00:00
[2024-04-05T23:23:45.905+0000] {processor.py:183} INFO - Processing /home/airflow/.local/lib/python3.8/site-packages/airflow/example_dags/example_sla_dag.py took 0.088 seconds
[2024-04-05T23:24:16.150+0000] {processor.py:161} INFO - Started process (PID=2982) to work on /home/airflow/.local/lib/python3.8/site-packages/airflow/example_dags/example_sla_dag.py
[2024-04-05T23:24:16.151+0000] {processor.py:830} INFO - Processing file /home/airflow/.local/lib/python3.8/site-packages/airflow/example_dags/example_sla_dag.py for tasks to queue
[2024-04-05T23:24:16.154+0000] {logging_mixin.py:188} INFO - [2024-04-05T23:24:16.153+0000] {dagbag.py:540} INFO - Filling up the DagBag from /home/airflow/.local/lib/python3.8/site-packages/airflow/example_dags/example_sla_dag.py
[2024-04-05T23:24:16.162+0000] {processor.py:840} INFO - DAG(s) 'example_sla_dag' retrieved from /home/airflow/.local/lib/python3.8/site-packages/airflow/example_dags/example_sla_dag.py
[2024-04-05T23:24:16.189+0000] {logging_mixin.py:188} INFO - [2024-04-05T23:24:16.189+0000] {dag.py:3047} INFO - Sync 1 DAGs
[2024-04-05T23:24:16.216+0000] {logging_mixin.py:188} INFO - [2024-04-05T23:24:16.215+0000] {dag.py:3834} INFO - Setting next_dagrun for example_sla_dag to 2024-04-05 23:22:00+00:00, run_after=2024-04-05 23:24:00+00:00
[2024-04-05T23:24:16.284+0000] {processor.py:183} INFO - Processing /home/airflow/.local/lib/python3.8/site-packages/airflow/example_dags/example_sla_dag.py took 0.137 seconds
[2024-04-05T23:24:46.622+0000] {processor.py:161} INFO - Started process (PID=3038) to work on /home/airflow/.local/lib/python3.8/site-packages/airflow/example_dags/example_sla_dag.py
[2024-04-05T23:24:46.624+0000] {processor.py:830} INFO - Processing file /home/airflow/.local/lib/python3.8/site-packages/airflow/example_dags/example_sla_dag.py for tasks to queue
[2024-04-05T23:24:46.627+0000] {logging_mixin.py:188} INFO - [2024-04-05T23:24:46.626+0000] {dagbag.py:540} INFO - Filling up the DagBag from /home/airflow/.local/lib/python3.8/site-packages/airflow/example_dags/example_sla_dag.py
[2024-04-05T23:24:46.636+0000] {processor.py:840} INFO - DAG(s) 'example_sla_dag' retrieved from /home/airflow/.local/lib/python3.8/site-packages/airflow/example_dags/example_sla_dag.py
[2024-04-05T23:24:46.659+0000] {logging_mixin.py:188} INFO - [2024-04-05T23:24:46.659+0000] {dag.py:3047} INFO - Sync 1 DAGs
[2024-04-05T23:24:46.686+0000] {logging_mixin.py:188} INFO - [2024-04-05T23:24:46.686+0000] {dag.py:3834} INFO - Setting next_dagrun for example_sla_dag to 2024-04-05 23:22:00+00:00, run_after=2024-04-05 23:24:00+00:00
[2024-04-05T23:24:46.709+0000] {processor.py:183} INFO - Processing /home/airflow/.local/lib/python3.8/site-packages/airflow/example_dags/example_sla_dag.py took 0.089 seconds
[2024-04-05T23:25:16.844+0000] {processor.py:161} INFO - Started process (PID=3093) to work on /home/airflow/.local/lib/python3.8/site-packages/airflow/example_dags/example_sla_dag.py
[2024-04-05T23:25:16.846+0000] {processor.py:830} INFO - Processing file /home/airflow/.local/lib/python3.8/site-packages/airflow/example_dags/example_sla_dag.py for tasks to queue
[2024-04-05T23:25:16.848+0000] {logging_mixin.py:188} INFO - [2024-04-05T23:25:16.848+0000] {dagbag.py:540} INFO - Filling up the DagBag from /home/airflow/.local/lib/python3.8/site-packages/airflow/example_dags/example_sla_dag.py
[2024-04-05T23:25:16.857+0000] {processor.py:840} INFO - DAG(s) 'example_sla_dag' retrieved from /home/airflow/.local/lib/python3.8/site-packages/airflow/example_dags/example_sla_dag.py
[2024-04-05T23:25:16.878+0000] {logging_mixin.py:188} INFO - [2024-04-05T23:25:16.878+0000] {dag.py:3047} INFO - Sync 1 DAGs
[2024-04-05T23:25:16.904+0000] {logging_mixin.py:188} INFO - [2024-04-05T23:25:16.903+0000] {dag.py:3834} INFO - Setting next_dagrun for example_sla_dag to 2024-04-05 23:22:00+00:00, run_after=2024-04-05 23:24:00+00:00
[2024-04-05T23:25:16.968+0000] {processor.py:183} INFO - Processing /home/airflow/.local/lib/python3.8/site-packages/airflow/example_dags/example_sla_dag.py took 0.127 seconds
[2024-04-05T23:25:47.296+0000] {processor.py:161} INFO - Started process (PID=3148) to work on /home/airflow/.local/lib/python3.8/site-packages/airflow/example_dags/example_sla_dag.py
[2024-04-05T23:25:47.298+0000] {processor.py:830} INFO - Processing file /home/airflow/.local/lib/python3.8/site-packages/airflow/example_dags/example_sla_dag.py for tasks to queue
[2024-04-05T23:25:47.300+0000] {logging_mixin.py:188} INFO - [2024-04-05T23:25:47.300+0000] {dagbag.py:540} INFO - Filling up the DagBag from /home/airflow/.local/lib/python3.8/site-packages/airflow/example_dags/example_sla_dag.py
[2024-04-05T23:25:47.311+0000] {processor.py:840} INFO - DAG(s) 'example_sla_dag' retrieved from /home/airflow/.local/lib/python3.8/site-packages/airflow/example_dags/example_sla_dag.py
[2024-04-05T23:25:47.334+0000] {logging_mixin.py:188} INFO - [2024-04-05T23:25:47.333+0000] {dag.py:3047} INFO - Sync 1 DAGs
[2024-04-05T23:25:47.362+0000] {logging_mixin.py:188} INFO - [2024-04-05T23:25:47.361+0000] {dag.py:3834} INFO - Setting next_dagrun for example_sla_dag to 2024-04-05 23:22:00+00:00, run_after=2024-04-05 23:24:00+00:00
[2024-04-05T23:25:47.427+0000] {processor.py:183} INFO - Processing /home/airflow/.local/lib/python3.8/site-packages/airflow/example_dags/example_sla_dag.py took 0.136 seconds
[2024-04-05T23:26:18.016+0000] {processor.py:161} INFO - Started process (PID=3203) to work on /home/airflow/.local/lib/python3.8/site-packages/airflow/example_dags/example_sla_dag.py
[2024-04-05T23:26:18.017+0000] {processor.py:830} INFO - Processing file /home/airflow/.local/lib/python3.8/site-packages/airflow/example_dags/example_sla_dag.py for tasks to queue
[2024-04-05T23:26:18.019+0000] {logging_mixin.py:188} INFO - [2024-04-05T23:26:18.019+0000] {dagbag.py:540} INFO - Filling up the DagBag from /home/airflow/.local/lib/python3.8/site-packages/airflow/example_dags/example_sla_dag.py
[2024-04-05T23:26:18.030+0000] {processor.py:840} INFO - DAG(s) 'example_sla_dag' retrieved from /home/airflow/.local/lib/python3.8/site-packages/airflow/example_dags/example_sla_dag.py
[2024-04-05T23:26:18.049+0000] {logging_mixin.py:188} INFO - [2024-04-05T23:26:18.049+0000] {dag.py:3047} INFO - Sync 1 DAGs
[2024-04-05T23:26:18.074+0000] {logging_mixin.py:188} INFO - [2024-04-05T23:26:18.074+0000] {dag.py:3834} INFO - Setting next_dagrun for example_sla_dag to 2024-04-05 23:24:00+00:00, run_after=2024-04-05 23:26:00+00:00
[2024-04-05T23:26:18.134+0000] {processor.py:183} INFO - Processing /home/airflow/.local/lib/python3.8/site-packages/airflow/example_dags/example_sla_dag.py took 0.121 seconds
[2024-04-05T23:26:48.757+0000] {processor.py:161} INFO - Started process (PID=3258) to work on /home/airflow/.local/lib/python3.8/site-packages/airflow/example_dags/example_sla_dag.py
[2024-04-05T23:26:48.759+0000] {processor.py:830} INFO - Processing file /home/airflow/.local/lib/python3.8/site-packages/airflow/example_dags/example_sla_dag.py for tasks to queue
[2024-04-05T23:26:48.761+0000] {logging_mixin.py:188} INFO - [2024-04-05T23:26:48.761+0000] {dagbag.py:540} INFO - Filling up the DagBag from /home/airflow/.local/lib/python3.8/site-packages/airflow/example_dags/example_sla_dag.py
[2024-04-05T23:26:48.770+0000] {processor.py:840} INFO - DAG(s) 'example_sla_dag' retrieved from /home/airflow/.local/lib/python3.8/site-packages/airflow/example_dags/example_sla_dag.py
[2024-04-05T23:26:48.790+0000] {logging_mixin.py:188} INFO - [2024-04-05T23:26:48.790+0000] {dag.py:3047} INFO - Sync 1 DAGs
[2024-04-05T23:26:48.818+0000] {logging_mixin.py:188} INFO - [2024-04-05T23:26:48.818+0000] {dag.py:3834} INFO - Setting next_dagrun for example_sla_dag to 2024-04-05 23:24:00+00:00, run_after=2024-04-05 23:26:00+00:00
[2024-04-05T23:26:48.840+0000] {processor.py:183} INFO - Processing /home/airflow/.local/lib/python3.8/site-packages/airflow/example_dags/example_sla_dag.py took 0.086 seconds
[2024-04-05T23:27:19.660+0000] {processor.py:161} INFO - Started process (PID=3313) to work on /home/airflow/.local/lib/python3.8/site-packages/airflow/example_dags/example_sla_dag.py
[2024-04-05T23:27:19.662+0000] {processor.py:830} INFO - Processing file /home/airflow/.local/lib/python3.8/site-packages/airflow/example_dags/example_sla_dag.py for tasks to queue
[2024-04-05T23:27:19.665+0000] {logging_mixin.py:188} INFO - [2024-04-05T23:27:19.665+0000] {dagbag.py:540} INFO - Filling up the DagBag from /home/airflow/.local/lib/python3.8/site-packages/airflow/example_dags/example_sla_dag.py
[2024-04-05T23:27:19.676+0000] {processor.py:840} INFO - DAG(s) 'example_sla_dag' retrieved from /home/airflow/.local/lib/python3.8/site-packages/airflow/example_dags/example_sla_dag.py
[2024-04-05T23:27:19.702+0000] {logging_mixin.py:188} INFO - [2024-04-05T23:27:19.702+0000] {dag.py:3047} INFO - Sync 1 DAGs
[2024-04-05T23:27:19.732+0000] {logging_mixin.py:188} INFO - [2024-04-05T23:27:19.732+0000] {dag.py:3834} INFO - Setting next_dagrun for example_sla_dag to 2024-04-05 23:24:00+00:00, run_after=2024-04-05 23:26:00+00:00
[2024-04-05T23:27:19.753+0000] {processor.py:183} INFO - Processing /home/airflow/.local/lib/python3.8/site-packages/airflow/example_dags/example_sla_dag.py took 0.098 seconds
[2024-04-05T23:27:50.540+0000] {processor.py:161} INFO - Started process (PID=3368) to work on /home/airflow/.local/lib/python3.8/site-packages/airflow/example_dags/example_sla_dag.py
[2024-04-05T23:27:50.543+0000] {processor.py:830} INFO - Processing file /home/airflow/.local/lib/python3.8/site-packages/airflow/example_dags/example_sla_dag.py for tasks to queue
[2024-04-05T23:27:50.546+0000] {logging_mixin.py:188} INFO - [2024-04-05T23:27:50.546+0000] {dagbag.py:540} INFO - Filling up the DagBag from /home/airflow/.local/lib/python3.8/site-packages/airflow/example_dags/example_sla_dag.py
[2024-04-05T23:27:50.555+0000] {processor.py:840} INFO - DAG(s) 'example_sla_dag' retrieved from /home/airflow/.local/lib/python3.8/site-packages/airflow/example_dags/example_sla_dag.py
[2024-04-05T23:27:50.578+0000] {logging_mixin.py:188} INFO - [2024-04-05T23:27:50.578+0000] {dag.py:3047} INFO - Sync 1 DAGs
[2024-04-05T23:27:50.606+0000] {logging_mixin.py:188} INFO - [2024-04-05T23:27:50.606+0000] {dag.py:3834} INFO - Setting next_dagrun for example_sla_dag to 2024-04-05 23:24:00+00:00, run_after=2024-04-05 23:26:00+00:00
[2024-04-05T23:27:50.682+0000] {processor.py:183} INFO - Processing /home/airflow/.local/lib/python3.8/site-packages/airflow/example_dags/example_sla_dag.py took 0.145 seconds
[2024-04-05T23:28:20.987+0000] {processor.py:161} INFO - Started process (PID=3423) to work on /home/airflow/.local/lib/python3.8/site-packages/airflow/example_dags/example_sla_dag.py
[2024-04-05T23:28:20.988+0000] {processor.py:830} INFO - Processing file /home/airflow/.local/lib/python3.8/site-packages/airflow/example_dags/example_sla_dag.py for tasks to queue
[2024-04-05T23:28:20.991+0000] {logging_mixin.py:188} INFO - [2024-04-05T23:28:20.991+0000] {dagbag.py:540} INFO - Filling up the DagBag from /home/airflow/.local/lib/python3.8/site-packages/airflow/example_dags/example_sla_dag.py
[2024-04-05T23:28:21.001+0000] {processor.py:840} INFO - DAG(s) 'example_sla_dag' retrieved from /home/airflow/.local/lib/python3.8/site-packages/airflow/example_dags/example_sla_dag.py
[2024-04-05T23:28:21.022+0000] {logging_mixin.py:188} INFO - [2024-04-05T23:28:21.022+0000] {dag.py:3047} INFO - Sync 1 DAGs
[2024-04-05T23:28:21.051+0000] {logging_mixin.py:188} INFO - [2024-04-05T23:28:21.051+0000] {dag.py:3834} INFO - Setting next_dagrun for example_sla_dag to 2024-04-05 23:26:00+00:00, run_after=2024-04-05 23:28:00+00:00
[2024-04-05T23:28:21.117+0000] {processor.py:183} INFO - Processing /home/airflow/.local/lib/python3.8/site-packages/airflow/example_dags/example_sla_dag.py took 0.135 seconds
