[2024-04-05T22:57:19.171+0000] {processor.py:161} INFO - Started process (PID=86) to work on /home/airflow/.local/lib/python3.8/site-packages/airflow/example_dags/example_branch_operator.py
[2024-04-05T22:57:19.173+0000] {processor.py:830} INFO - Processing file /home/airflow/.local/lib/python3.8/site-packages/airflow/example_dags/example_branch_operator.py for tasks to queue
[2024-04-05T22:57:19.177+0000] {logging_mixin.py:188} INFO - [2024-04-05T22:57:19.177+0000] {dagbag.py:540} INFO - Filling up the DagBag from /home/airflow/.local/lib/python3.8/site-packages/airflow/example_dags/example_branch_operator.py
[2024-04-05T22:57:19.211+0000] {processor.py:840} INFO - DAG(s) 'example_branch_operator' retrieved from /home/airflow/.local/lib/python3.8/site-packages/airflow/example_dags/example_branch_operator.py
[2024-04-05T22:57:19.396+0000] {logging_mixin.py:188} INFO - [2024-04-05T22:57:19.396+0000] {dag.py:3047} INFO - Sync 1 DAGs
[2024-04-05T22:57:19.694+0000] {logging_mixin.py:188} INFO - [2024-04-05T22:57:19.693+0000] {dag.py:3834} INFO - Setting next_dagrun for example_branch_operator to 2024-04-04 00:00:00+00:00, run_after=2024-04-05 00:00:00+00:00
[2024-04-05T22:57:19.735+0000] {processor.py:183} INFO - Processing /home/airflow/.local/lib/python3.8/site-packages/airflow/example_dags/example_branch_operator.py took 0.572 seconds
[2024-04-05T22:57:50.349+0000] {processor.py:161} INFO - Started process (PID=141) to work on /home/airflow/.local/lib/python3.8/site-packages/airflow/example_dags/example_branch_operator.py
[2024-04-05T22:57:50.351+0000] {processor.py:830} INFO - Processing file /home/airflow/.local/lib/python3.8/site-packages/airflow/example_dags/example_branch_operator.py for tasks to queue
[2024-04-05T22:57:50.354+0000] {logging_mixin.py:188} INFO - [2024-04-05T22:57:50.353+0000] {dagbag.py:540} INFO - Filling up the DagBag from /home/airflow/.local/lib/python3.8/site-packages/airflow/example_dags/example_branch_operator.py
[2024-04-05T22:57:50.381+0000] {processor.py:840} INFO - DAG(s) 'example_branch_operator' retrieved from /home/airflow/.local/lib/python3.8/site-packages/airflow/example_dags/example_branch_operator.py
[2024-04-05T22:57:50.417+0000] {logging_mixin.py:188} INFO - [2024-04-05T22:57:50.417+0000] {dag.py:3047} INFO - Sync 1 DAGs
[2024-04-05T22:57:50.444+0000] {logging_mixin.py:188} INFO - [2024-04-05T22:57:50.444+0000] {dag.py:3834} INFO - Setting next_dagrun for example_branch_operator to 2024-04-04 00:00:00+00:00, run_after=2024-04-05 00:00:00+00:00
[2024-04-05T22:57:50.623+0000] {processor.py:183} INFO - Processing /home/airflow/.local/lib/python3.8/site-packages/airflow/example_dags/example_branch_operator.py took 0.278 seconds
[2024-04-05T22:58:21.158+0000] {processor.py:161} INFO - Started process (PID=196) to work on /home/airflow/.local/lib/python3.8/site-packages/airflow/example_dags/example_branch_operator.py
[2024-04-05T22:58:21.160+0000] {processor.py:830} INFO - Processing file /home/airflow/.local/lib/python3.8/site-packages/airflow/example_dags/example_branch_operator.py for tasks to queue
[2024-04-05T22:58:21.164+0000] {logging_mixin.py:188} INFO - [2024-04-05T22:58:21.163+0000] {dagbag.py:540} INFO - Filling up the DagBag from /home/airflow/.local/lib/python3.8/site-packages/airflow/example_dags/example_branch_operator.py
[2024-04-05T22:58:21.200+0000] {processor.py:840} INFO - DAG(s) 'example_branch_operator' retrieved from /home/airflow/.local/lib/python3.8/site-packages/airflow/example_dags/example_branch_operator.py
[2024-04-05T22:58:21.243+0000] {logging_mixin.py:188} INFO - [2024-04-05T22:58:21.242+0000] {dag.py:3047} INFO - Sync 1 DAGs
[2024-04-05T22:58:21.300+0000] {logging_mixin.py:188} INFO - [2024-04-05T22:58:21.299+0000] {dag.py:3834} INFO - Setting next_dagrun for example_branch_operator to 2024-04-04 00:00:00+00:00, run_after=2024-04-05 00:00:00+00:00
[2024-04-05T22:58:21.334+0000] {processor.py:183} INFO - Processing /home/airflow/.local/lib/python3.8/site-packages/airflow/example_dags/example_branch_operator.py took 0.180 seconds
[2024-04-05T22:58:51.723+0000] {processor.py:161} INFO - Started process (PID=257) to work on /home/airflow/.local/lib/python3.8/site-packages/airflow/example_dags/example_branch_operator.py
[2024-04-05T22:58:51.725+0000] {processor.py:830} INFO - Processing file /home/airflow/.local/lib/python3.8/site-packages/airflow/example_dags/example_branch_operator.py for tasks to queue
[2024-04-05T22:58:51.730+0000] {logging_mixin.py:188} INFO - [2024-04-05T22:58:51.729+0000] {dagbag.py:540} INFO - Filling up the DagBag from /home/airflow/.local/lib/python3.8/site-packages/airflow/example_dags/example_branch_operator.py
[2024-04-05T22:58:51.758+0000] {processor.py:840} INFO - DAG(s) 'example_branch_operator' retrieved from /home/airflow/.local/lib/python3.8/site-packages/airflow/example_dags/example_branch_operator.py
[2024-04-05T22:58:51.822+0000] {logging_mixin.py:188} INFO - [2024-04-05T22:58:51.821+0000] {dag.py:3047} INFO - Sync 1 DAGs
[2024-04-05T22:58:51.883+0000] {logging_mixin.py:188} INFO - [2024-04-05T22:58:51.882+0000] {dag.py:3834} INFO - Setting next_dagrun for example_branch_operator to 2024-04-04 00:00:00+00:00, run_after=2024-04-05 00:00:00+00:00
[2024-04-05T22:58:51.928+0000] {processor.py:183} INFO - Processing /home/airflow/.local/lib/python3.8/site-packages/airflow/example_dags/example_branch_operator.py took 0.214 seconds
[2024-04-05T22:59:24.394+0000] {processor.py:161} INFO - Started process (PID=312) to work on /home/airflow/.local/lib/python3.8/site-packages/airflow/example_dags/example_branch_operator.py
[2024-04-05T22:59:24.395+0000] {processor.py:830} INFO - Processing file /home/airflow/.local/lib/python3.8/site-packages/airflow/example_dags/example_branch_operator.py for tasks to queue
[2024-04-05T22:59:24.399+0000] {logging_mixin.py:188} INFO - [2024-04-05T22:59:24.398+0000] {dagbag.py:540} INFO - Filling up the DagBag from /home/airflow/.local/lib/python3.8/site-packages/airflow/example_dags/example_branch_operator.py
[2024-04-05T22:59:24.435+0000] {processor.py:840} INFO - DAG(s) 'example_branch_operator' retrieved from /home/airflow/.local/lib/python3.8/site-packages/airflow/example_dags/example_branch_operator.py
[2024-04-05T22:59:24.472+0000] {logging_mixin.py:188} INFO - [2024-04-05T22:59:24.472+0000] {dag.py:3047} INFO - Sync 1 DAGs
[2024-04-05T22:59:24.509+0000] {logging_mixin.py:188} INFO - [2024-04-05T22:59:24.508+0000] {dag.py:3834} INFO - Setting next_dagrun for example_branch_operator to 2024-04-04 00:00:00+00:00, run_after=2024-04-05 00:00:00+00:00
[2024-04-05T22:59:24.542+0000] {processor.py:183} INFO - Processing /home/airflow/.local/lib/python3.8/site-packages/airflow/example_dags/example_branch_operator.py took 0.156 seconds
[2024-04-05T22:59:55.331+0000] {processor.py:161} INFO - Started process (PID=366) to work on /home/airflow/.local/lib/python3.8/site-packages/airflow/example_dags/example_branch_operator.py
[2024-04-05T22:59:55.333+0000] {processor.py:830} INFO - Processing file /home/airflow/.local/lib/python3.8/site-packages/airflow/example_dags/example_branch_operator.py for tasks to queue
[2024-04-05T22:59:55.337+0000] {logging_mixin.py:188} INFO - [2024-04-05T22:59:55.336+0000] {dagbag.py:540} INFO - Filling up the DagBag from /home/airflow/.local/lib/python3.8/site-packages/airflow/example_dags/example_branch_operator.py
[2024-04-05T22:59:55.362+0000] {processor.py:840} INFO - DAG(s) 'example_branch_operator' retrieved from /home/airflow/.local/lib/python3.8/site-packages/airflow/example_dags/example_branch_operator.py
[2024-04-05T22:59:55.415+0000] {logging_mixin.py:188} INFO - [2024-04-05T22:59:55.415+0000] {dag.py:3047} INFO - Sync 1 DAGs
[2024-04-05T22:59:55.636+0000] {logging_mixin.py:188} INFO - [2024-04-05T22:59:55.636+0000] {dag.py:3834} INFO - Setting next_dagrun for example_branch_operator to 2024-04-04 00:00:00+00:00, run_after=2024-04-05 00:00:00+00:00
[2024-04-05T22:59:55.668+0000] {processor.py:183} INFO - Processing /home/airflow/.local/lib/python3.8/site-packages/airflow/example_dags/example_branch_operator.py took 0.342 seconds
[2024-04-05T23:00:26.067+0000] {processor.py:161} INFO - Started process (PID=422) to work on /home/airflow/.local/lib/python3.8/site-packages/airflow/example_dags/example_branch_operator.py
[2024-04-05T23:00:26.069+0000] {processor.py:830} INFO - Processing file /home/airflow/.local/lib/python3.8/site-packages/airflow/example_dags/example_branch_operator.py for tasks to queue
[2024-04-05T23:00:26.073+0000] {logging_mixin.py:188} INFO - [2024-04-05T23:00:26.072+0000] {dagbag.py:540} INFO - Filling up the DagBag from /home/airflow/.local/lib/python3.8/site-packages/airflow/example_dags/example_branch_operator.py
[2024-04-05T23:00:26.097+0000] {processor.py:840} INFO - DAG(s) 'example_branch_operator' retrieved from /home/airflow/.local/lib/python3.8/site-packages/airflow/example_dags/example_branch_operator.py
[2024-04-05T23:00:26.137+0000] {logging_mixin.py:188} INFO - [2024-04-05T23:00:26.136+0000] {dag.py:3047} INFO - Sync 1 DAGs
[2024-04-05T23:00:26.353+0000] {logging_mixin.py:188} INFO - [2024-04-05T23:00:26.353+0000] {dag.py:3834} INFO - Setting next_dagrun for example_branch_operator to 2024-04-04 00:00:00+00:00, run_after=2024-04-05 00:00:00+00:00
[2024-04-05T23:00:26.385+0000] {processor.py:183} INFO - Processing /home/airflow/.local/lib/python3.8/site-packages/airflow/example_dags/example_branch_operator.py took 0.323 seconds
[2024-04-05T23:00:56.631+0000] {processor.py:161} INFO - Started process (PID=477) to work on /home/airflow/.local/lib/python3.8/site-packages/airflow/example_dags/example_branch_operator.py
[2024-04-05T23:00:56.633+0000] {processor.py:830} INFO - Processing file /home/airflow/.local/lib/python3.8/site-packages/airflow/example_dags/example_branch_operator.py for tasks to queue
[2024-04-05T23:00:56.636+0000] {logging_mixin.py:188} INFO - [2024-04-05T23:00:56.636+0000] {dagbag.py:540} INFO - Filling up the DagBag from /home/airflow/.local/lib/python3.8/site-packages/airflow/example_dags/example_branch_operator.py
[2024-04-05T23:00:56.659+0000] {processor.py:840} INFO - DAG(s) 'example_branch_operator' retrieved from /home/airflow/.local/lib/python3.8/site-packages/airflow/example_dags/example_branch_operator.py
[2024-04-05T23:00:56.697+0000] {logging_mixin.py:188} INFO - [2024-04-05T23:00:56.697+0000] {dag.py:3047} INFO - Sync 1 DAGs
[2024-04-05T23:00:56.725+0000] {logging_mixin.py:188} INFO - [2024-04-05T23:00:56.725+0000] {dag.py:3834} INFO - Setting next_dagrun for example_branch_operator to 2024-04-04 00:00:00+00:00, run_after=2024-04-05 00:00:00+00:00
[2024-04-05T23:00:56.752+0000] {processor.py:183} INFO - Processing /home/airflow/.local/lib/python3.8/site-packages/airflow/example_dags/example_branch_operator.py took 0.125 seconds
[2024-04-05T23:01:27.500+0000] {processor.py:161} INFO - Started process (PID=532) to work on /home/airflow/.local/lib/python3.8/site-packages/airflow/example_dags/example_branch_operator.py
[2024-04-05T23:01:27.502+0000] {processor.py:830} INFO - Processing file /home/airflow/.local/lib/python3.8/site-packages/airflow/example_dags/example_branch_operator.py for tasks to queue
[2024-04-05T23:01:27.505+0000] {logging_mixin.py:188} INFO - [2024-04-05T23:01:27.505+0000] {dagbag.py:540} INFO - Filling up the DagBag from /home/airflow/.local/lib/python3.8/site-packages/airflow/example_dags/example_branch_operator.py
[2024-04-05T23:01:27.672+0000] {processor.py:840} INFO - DAG(s) 'example_branch_operator' retrieved from /home/airflow/.local/lib/python3.8/site-packages/airflow/example_dags/example_branch_operator.py
[2024-04-05T23:01:27.700+0000] {logging_mixin.py:188} INFO - [2024-04-05T23:01:27.700+0000] {dag.py:3047} INFO - Sync 1 DAGs
[2024-04-05T23:01:27.734+0000] {logging_mixin.py:188} INFO - [2024-04-05T23:01:27.733+0000] {dag.py:3834} INFO - Setting next_dagrun for example_branch_operator to 2024-04-04 00:00:00+00:00, run_after=2024-04-05 00:00:00+00:00
[2024-04-05T23:01:27.770+0000] {processor.py:183} INFO - Processing /home/airflow/.local/lib/python3.8/site-packages/airflow/example_dags/example_branch_operator.py took 0.276 seconds
[2024-04-05T23:01:57.918+0000] {processor.py:161} INFO - Started process (PID=587) to work on /home/airflow/.local/lib/python3.8/site-packages/airflow/example_dags/example_branch_operator.py
[2024-04-05T23:01:57.919+0000] {processor.py:830} INFO - Processing file /home/airflow/.local/lib/python3.8/site-packages/airflow/example_dags/example_branch_operator.py for tasks to queue
[2024-04-05T23:01:57.922+0000] {logging_mixin.py:188} INFO - [2024-04-05T23:01:57.922+0000] {dagbag.py:540} INFO - Filling up the DagBag from /home/airflow/.local/lib/python3.8/site-packages/airflow/example_dags/example_branch_operator.py
[2024-04-05T23:01:57.943+0000] {processor.py:840} INFO - DAG(s) 'example_branch_operator' retrieved from /home/airflow/.local/lib/python3.8/site-packages/airflow/example_dags/example_branch_operator.py
[2024-04-05T23:01:57.977+0000] {logging_mixin.py:188} INFO - [2024-04-05T23:01:57.976+0000] {dag.py:3047} INFO - Sync 1 DAGs
[2024-04-05T23:01:58.008+0000] {logging_mixin.py:188} INFO - [2024-04-05T23:01:58.008+0000] {dag.py:3834} INFO - Setting next_dagrun for example_branch_operator to 2024-04-04 00:00:00+00:00, run_after=2024-04-05 00:00:00+00:00
[2024-04-05T23:01:58.033+0000] {processor.py:183} INFO - Processing /home/airflow/.local/lib/python3.8/site-packages/airflow/example_dags/example_branch_operator.py took 0.120 seconds
[2024-04-05T23:02:28.131+0000] {processor.py:161} INFO - Started process (PID=642) to work on /home/airflow/.local/lib/python3.8/site-packages/airflow/example_dags/example_branch_operator.py
[2024-04-05T23:02:28.133+0000] {processor.py:830} INFO - Processing file /home/airflow/.local/lib/python3.8/site-packages/airflow/example_dags/example_branch_operator.py for tasks to queue
[2024-04-05T23:02:28.135+0000] {logging_mixin.py:188} INFO - [2024-04-05T23:02:28.135+0000] {dagbag.py:540} INFO - Filling up the DagBag from /home/airflow/.local/lib/python3.8/site-packages/airflow/example_dags/example_branch_operator.py
[2024-04-05T23:02:28.162+0000] {processor.py:840} INFO - DAG(s) 'example_branch_operator' retrieved from /home/airflow/.local/lib/python3.8/site-packages/airflow/example_dags/example_branch_operator.py
[2024-04-05T23:02:28.208+0000] {logging_mixin.py:188} INFO - [2024-04-05T23:02:28.208+0000] {dag.py:3047} INFO - Sync 1 DAGs
[2024-04-05T23:02:28.240+0000] {logging_mixin.py:188} INFO - [2024-04-05T23:02:28.240+0000] {dag.py:3834} INFO - Setting next_dagrun for example_branch_operator to 2024-04-04 00:00:00+00:00, run_after=2024-04-05 00:00:00+00:00
[2024-04-05T23:02:28.271+0000] {processor.py:183} INFO - Processing /home/airflow/.local/lib/python3.8/site-packages/airflow/example_dags/example_branch_operator.py took 0.144 seconds
[2024-04-05T23:02:58.604+0000] {processor.py:161} INFO - Started process (PID=697) to work on /home/airflow/.local/lib/python3.8/site-packages/airflow/example_dags/example_branch_operator.py
[2024-04-05T23:02:58.605+0000] {processor.py:830} INFO - Processing file /home/airflow/.local/lib/python3.8/site-packages/airflow/example_dags/example_branch_operator.py for tasks to queue
[2024-04-05T23:02:58.608+0000] {logging_mixin.py:188} INFO - [2024-04-05T23:02:58.608+0000] {dagbag.py:540} INFO - Filling up the DagBag from /home/airflow/.local/lib/python3.8/site-packages/airflow/example_dags/example_branch_operator.py
[2024-04-05T23:02:58.628+0000] {processor.py:840} INFO - DAG(s) 'example_branch_operator' retrieved from /home/airflow/.local/lib/python3.8/site-packages/airflow/example_dags/example_branch_operator.py
[2024-04-05T23:02:58.663+0000] {logging_mixin.py:188} INFO - [2024-04-05T23:02:58.663+0000] {dag.py:3047} INFO - Sync 1 DAGs
[2024-04-05T23:02:58.694+0000] {logging_mixin.py:188} INFO - [2024-04-05T23:02:58.693+0000] {dag.py:3834} INFO - Setting next_dagrun for example_branch_operator to 2024-04-04 00:00:00+00:00, run_after=2024-04-05 00:00:00+00:00
[2024-04-05T23:02:58.719+0000] {processor.py:183} INFO - Processing /home/airflow/.local/lib/python3.8/site-packages/airflow/example_dags/example_branch_operator.py took 0.121 seconds
[2024-04-05T23:03:28.787+0000] {processor.py:161} INFO - Started process (PID=753) to work on /home/airflow/.local/lib/python3.8/site-packages/airflow/example_dags/example_branch_operator.py
[2024-04-05T23:03:28.789+0000] {processor.py:830} INFO - Processing file /home/airflow/.local/lib/python3.8/site-packages/airflow/example_dags/example_branch_operator.py for tasks to queue
[2024-04-05T23:03:28.791+0000] {logging_mixin.py:188} INFO - [2024-04-05T23:03:28.791+0000] {dagbag.py:540} INFO - Filling up the DagBag from /home/airflow/.local/lib/python3.8/site-packages/airflow/example_dags/example_branch_operator.py
[2024-04-05T23:03:28.809+0000] {processor.py:840} INFO - DAG(s) 'example_branch_operator' retrieved from /home/airflow/.local/lib/python3.8/site-packages/airflow/example_dags/example_branch_operator.py
[2024-04-05T23:03:28.837+0000] {logging_mixin.py:188} INFO - [2024-04-05T23:03:28.837+0000] {dag.py:3047} INFO - Sync 1 DAGs
[2024-04-05T23:03:28.862+0000] {logging_mixin.py:188} INFO - [2024-04-05T23:03:28.861+0000] {dag.py:3834} INFO - Setting next_dagrun for example_branch_operator to 2024-04-04 00:00:00+00:00, run_after=2024-04-05 00:00:00+00:00
[2024-04-05T23:03:28.883+0000] {processor.py:183} INFO - Processing /home/airflow/.local/lib/python3.8/site-packages/airflow/example_dags/example_branch_operator.py took 0.099 seconds
[2024-04-05T23:03:59.332+0000] {processor.py:161} INFO - Started process (PID=808) to work on /home/airflow/.local/lib/python3.8/site-packages/airflow/example_dags/example_branch_operator.py
[2024-04-05T23:03:59.334+0000] {processor.py:830} INFO - Processing file /home/airflow/.local/lib/python3.8/site-packages/airflow/example_dags/example_branch_operator.py for tasks to queue
[2024-04-05T23:03:59.337+0000] {logging_mixin.py:188} INFO - [2024-04-05T23:03:59.337+0000] {dagbag.py:540} INFO - Filling up the DagBag from /home/airflow/.local/lib/python3.8/site-packages/airflow/example_dags/example_branch_operator.py
[2024-04-05T23:03:59.365+0000] {processor.py:840} INFO - DAG(s) 'example_branch_operator' retrieved from /home/airflow/.local/lib/python3.8/site-packages/airflow/example_dags/example_branch_operator.py
[2024-04-05T23:03:59.403+0000] {logging_mixin.py:188} INFO - [2024-04-05T23:03:59.402+0000] {dag.py:3047} INFO - Sync 1 DAGs
[2024-04-05T23:03:59.438+0000] {logging_mixin.py:188} INFO - [2024-04-05T23:03:59.438+0000] {dag.py:3834} INFO - Setting next_dagrun for example_branch_operator to 2024-04-04 00:00:00+00:00, run_after=2024-04-05 00:00:00+00:00
[2024-04-05T23:03:59.472+0000] {processor.py:183} INFO - Processing /home/airflow/.local/lib/python3.8/site-packages/airflow/example_dags/example_branch_operator.py took 0.144 seconds
[2024-04-05T23:04:29.537+0000] {processor.py:161} INFO - Started process (PID=863) to work on /home/airflow/.local/lib/python3.8/site-packages/airflow/example_dags/example_branch_operator.py
[2024-04-05T23:04:29.538+0000] {processor.py:830} INFO - Processing file /home/airflow/.local/lib/python3.8/site-packages/airflow/example_dags/example_branch_operator.py for tasks to queue
[2024-04-05T23:04:29.541+0000] {logging_mixin.py:188} INFO - [2024-04-05T23:04:29.541+0000] {dagbag.py:540} INFO - Filling up the DagBag from /home/airflow/.local/lib/python3.8/site-packages/airflow/example_dags/example_branch_operator.py
[2024-04-05T23:04:29.560+0000] {processor.py:840} INFO - DAG(s) 'example_branch_operator' retrieved from /home/airflow/.local/lib/python3.8/site-packages/airflow/example_dags/example_branch_operator.py
[2024-04-05T23:04:29.591+0000] {logging_mixin.py:188} INFO - [2024-04-05T23:04:29.591+0000] {dag.py:3047} INFO - Sync 1 DAGs
[2024-04-05T23:04:29.619+0000] {logging_mixin.py:188} INFO - [2024-04-05T23:04:29.618+0000] {dag.py:3834} INFO - Setting next_dagrun for example_branch_operator to 2024-04-04 00:00:00+00:00, run_after=2024-04-05 00:00:00+00:00
[2024-04-05T23:04:29.640+0000] {processor.py:183} INFO - Processing /home/airflow/.local/lib/python3.8/site-packages/airflow/example_dags/example_branch_operator.py took 0.107 seconds
[2024-04-05T23:05:00.391+0000] {processor.py:161} INFO - Started process (PID=918) to work on /home/airflow/.local/lib/python3.8/site-packages/airflow/example_dags/example_branch_operator.py
[2024-04-05T23:05:00.393+0000] {processor.py:830} INFO - Processing file /home/airflow/.local/lib/python3.8/site-packages/airflow/example_dags/example_branch_operator.py for tasks to queue
[2024-04-05T23:05:00.396+0000] {logging_mixin.py:188} INFO - [2024-04-05T23:05:00.395+0000] {dagbag.py:540} INFO - Filling up the DagBag from /home/airflow/.local/lib/python3.8/site-packages/airflow/example_dags/example_branch_operator.py
[2024-04-05T23:05:00.425+0000] {processor.py:840} INFO - DAG(s) 'example_branch_operator' retrieved from /home/airflow/.local/lib/python3.8/site-packages/airflow/example_dags/example_branch_operator.py
[2024-04-05T23:05:00.471+0000] {logging_mixin.py:188} INFO - [2024-04-05T23:05:00.471+0000] {dag.py:3047} INFO - Sync 1 DAGs
[2024-04-05T23:05:00.513+0000] {logging_mixin.py:188} INFO - [2024-04-05T23:05:00.512+0000] {dag.py:3834} INFO - Setting next_dagrun for example_branch_operator to 2024-04-04 00:00:00+00:00, run_after=2024-04-05 00:00:00+00:00
[2024-04-05T23:05:00.547+0000] {processor.py:183} INFO - Processing /home/airflow/.local/lib/python3.8/site-packages/airflow/example_dags/example_branch_operator.py took 0.162 seconds
[2024-04-05T23:05:30.758+0000] {processor.py:161} INFO - Started process (PID=973) to work on /home/airflow/.local/lib/python3.8/site-packages/airflow/example_dags/example_branch_operator.py
[2024-04-05T23:05:30.761+0000] {processor.py:830} INFO - Processing file /home/airflow/.local/lib/python3.8/site-packages/airflow/example_dags/example_branch_operator.py for tasks to queue
[2024-04-05T23:05:30.763+0000] {logging_mixin.py:188} INFO - [2024-04-05T23:05:30.763+0000] {dagbag.py:540} INFO - Filling up the DagBag from /home/airflow/.local/lib/python3.8/site-packages/airflow/example_dags/example_branch_operator.py
[2024-04-05T23:05:30.790+0000] {processor.py:840} INFO - DAG(s) 'example_branch_operator' retrieved from /home/airflow/.local/lib/python3.8/site-packages/airflow/example_dags/example_branch_operator.py
[2024-04-05T23:05:30.829+0000] {logging_mixin.py:188} INFO - [2024-04-05T23:05:30.829+0000] {dag.py:3047} INFO - Sync 1 DAGs
[2024-04-05T23:05:30.858+0000] {logging_mixin.py:188} INFO - [2024-04-05T23:05:30.857+0000] {dag.py:3834} INFO - Setting next_dagrun for example_branch_operator to 2024-04-04 00:00:00+00:00, run_after=2024-04-05 00:00:00+00:00
[2024-04-05T23:05:30.924+0000] {processor.py:183} INFO - Processing /home/airflow/.local/lib/python3.8/site-packages/airflow/example_dags/example_branch_operator.py took 0.174 seconds
[2024-04-05T23:06:01.340+0000] {processor.py:161} INFO - Started process (PID=1031) to work on /home/airflow/.local/lib/python3.8/site-packages/airflow/example_dags/example_branch_operator.py
[2024-04-05T23:06:01.343+0000] {processor.py:830} INFO - Processing file /home/airflow/.local/lib/python3.8/site-packages/airflow/example_dags/example_branch_operator.py for tasks to queue
[2024-04-05T23:06:01.347+0000] {logging_mixin.py:188} INFO - [2024-04-05T23:06:01.346+0000] {dagbag.py:540} INFO - Filling up the DagBag from /home/airflow/.local/lib/python3.8/site-packages/airflow/example_dags/example_branch_operator.py
[2024-04-05T23:06:01.376+0000] {processor.py:840} INFO - DAG(s) 'example_branch_operator' retrieved from /home/airflow/.local/lib/python3.8/site-packages/airflow/example_dags/example_branch_operator.py
[2024-04-05T23:06:01.425+0000] {logging_mixin.py:188} INFO - [2024-04-05T23:06:01.425+0000] {dag.py:3047} INFO - Sync 1 DAGs
[2024-04-05T23:06:01.466+0000] {logging_mixin.py:188} INFO - [2024-04-05T23:06:01.466+0000] {dag.py:3834} INFO - Setting next_dagrun for example_branch_operator to 2024-04-04 00:00:00+00:00, run_after=2024-04-05 00:00:00+00:00
[2024-04-05T23:06:01.503+0000] {processor.py:183} INFO - Processing /home/airflow/.local/lib/python3.8/site-packages/airflow/example_dags/example_branch_operator.py took 0.168 seconds
[2024-04-05T23:06:32.088+0000] {processor.py:161} INFO - Started process (PID=1083) to work on /home/airflow/.local/lib/python3.8/site-packages/airflow/example_dags/example_branch_operator.py
[2024-04-05T23:06:32.090+0000] {processor.py:830} INFO - Processing file /home/airflow/.local/lib/python3.8/site-packages/airflow/example_dags/example_branch_operator.py for tasks to queue
[2024-04-05T23:06:32.092+0000] {logging_mixin.py:188} INFO - [2024-04-05T23:06:32.092+0000] {dagbag.py:540} INFO - Filling up the DagBag from /home/airflow/.local/lib/python3.8/site-packages/airflow/example_dags/example_branch_operator.py
[2024-04-05T23:06:32.113+0000] {processor.py:840} INFO - DAG(s) 'example_branch_operator' retrieved from /home/airflow/.local/lib/python3.8/site-packages/airflow/example_dags/example_branch_operator.py
[2024-04-05T23:06:32.149+0000] {logging_mixin.py:188} INFO - [2024-04-05T23:06:32.148+0000] {dag.py:3047} INFO - Sync 1 DAGs
[2024-04-05T23:06:32.181+0000] {logging_mixin.py:188} INFO - [2024-04-05T23:06:32.181+0000] {dag.py:3834} INFO - Setting next_dagrun for example_branch_operator to 2024-04-04 00:00:00+00:00, run_after=2024-04-05 00:00:00+00:00
[2024-04-05T23:06:32.207+0000] {processor.py:183} INFO - Processing /home/airflow/.local/lib/python3.8/site-packages/airflow/example_dags/example_branch_operator.py took 0.123 seconds
[2024-04-05T23:07:02.707+0000] {processor.py:161} INFO - Started process (PID=1138) to work on /home/airflow/.local/lib/python3.8/site-packages/airflow/example_dags/example_branch_operator.py
[2024-04-05T23:07:02.710+0000] {processor.py:830} INFO - Processing file /home/airflow/.local/lib/python3.8/site-packages/airflow/example_dags/example_branch_operator.py for tasks to queue
[2024-04-05T23:07:02.714+0000] {logging_mixin.py:188} INFO - [2024-04-05T23:07:02.713+0000] {dagbag.py:540} INFO - Filling up the DagBag from /home/airflow/.local/lib/python3.8/site-packages/airflow/example_dags/example_branch_operator.py
[2024-04-05T23:07:02.758+0000] {processor.py:840} INFO - DAG(s) 'example_branch_operator' retrieved from /home/airflow/.local/lib/python3.8/site-packages/airflow/example_dags/example_branch_operator.py
[2024-04-05T23:07:02.851+0000] {logging_mixin.py:188} INFO - [2024-04-05T23:07:02.850+0000] {dag.py:3047} INFO - Sync 1 DAGs
[2024-04-05T23:07:02.901+0000] {logging_mixin.py:188} INFO - [2024-04-05T23:07:02.900+0000] {dag.py:3834} INFO - Setting next_dagrun for example_branch_operator to 2024-04-04 00:00:00+00:00, run_after=2024-04-05 00:00:00+00:00
[2024-04-05T23:07:02.934+0000] {processor.py:183} INFO - Processing /home/airflow/.local/lib/python3.8/site-packages/airflow/example_dags/example_branch_operator.py took 0.233 seconds
[2024-04-05T23:07:33.116+0000] {processor.py:161} INFO - Started process (PID=1193) to work on /home/airflow/.local/lib/python3.8/site-packages/airflow/example_dags/example_branch_operator.py
[2024-04-05T23:07:33.117+0000] {processor.py:830} INFO - Processing file /home/airflow/.local/lib/python3.8/site-packages/airflow/example_dags/example_branch_operator.py for tasks to queue
[2024-04-05T23:07:33.120+0000] {logging_mixin.py:188} INFO - [2024-04-05T23:07:33.120+0000] {dagbag.py:540} INFO - Filling up the DagBag from /home/airflow/.local/lib/python3.8/site-packages/airflow/example_dags/example_branch_operator.py
[2024-04-05T23:07:33.144+0000] {processor.py:840} INFO - DAG(s) 'example_branch_operator' retrieved from /home/airflow/.local/lib/python3.8/site-packages/airflow/example_dags/example_branch_operator.py
[2024-04-05T23:07:33.187+0000] {logging_mixin.py:188} INFO - [2024-04-05T23:07:33.187+0000] {dag.py:3047} INFO - Sync 1 DAGs
[2024-04-05T23:07:33.215+0000] {logging_mixin.py:188} INFO - [2024-04-05T23:07:33.215+0000] {dag.py:3834} INFO - Setting next_dagrun for example_branch_operator to 2024-04-04 00:00:00+00:00, run_after=2024-04-05 00:00:00+00:00
[2024-04-05T23:07:33.240+0000] {processor.py:183} INFO - Processing /home/airflow/.local/lib/python3.8/site-packages/airflow/example_dags/example_branch_operator.py took 0.129 seconds
[2024-04-05T23:08:03.392+0000] {processor.py:161} INFO - Started process (PID=1249) to work on /home/airflow/.local/lib/python3.8/site-packages/airflow/example_dags/example_branch_operator.py
[2024-04-05T23:08:03.393+0000] {processor.py:830} INFO - Processing file /home/airflow/.local/lib/python3.8/site-packages/airflow/example_dags/example_branch_operator.py for tasks to queue
[2024-04-05T23:08:03.396+0000] {logging_mixin.py:188} INFO - [2024-04-05T23:08:03.395+0000] {dagbag.py:540} INFO - Filling up the DagBag from /home/airflow/.local/lib/python3.8/site-packages/airflow/example_dags/example_branch_operator.py
[2024-04-05T23:08:03.418+0000] {processor.py:840} INFO - DAG(s) 'example_branch_operator' retrieved from /home/airflow/.local/lib/python3.8/site-packages/airflow/example_dags/example_branch_operator.py
[2024-04-05T23:08:03.456+0000] {logging_mixin.py:188} INFO - [2024-04-05T23:08:03.456+0000] {dag.py:3047} INFO - Sync 1 DAGs
[2024-04-05T23:08:03.491+0000] {logging_mixin.py:188} INFO - [2024-04-05T23:08:03.491+0000] {dag.py:3834} INFO - Setting next_dagrun for example_branch_operator to 2024-04-04 00:00:00+00:00, run_after=2024-04-05 00:00:00+00:00
[2024-04-05T23:08:03.554+0000] {processor.py:183} INFO - Processing /home/airflow/.local/lib/python3.8/site-packages/airflow/example_dags/example_branch_operator.py took 0.167 seconds
[2024-04-05T23:08:34.059+0000] {processor.py:161} INFO - Started process (PID=1303) to work on /home/airflow/.local/lib/python3.8/site-packages/airflow/example_dags/example_branch_operator.py
[2024-04-05T23:08:34.060+0000] {processor.py:830} INFO - Processing file /home/airflow/.local/lib/python3.8/site-packages/airflow/example_dags/example_branch_operator.py for tasks to queue
[2024-04-05T23:08:34.063+0000] {logging_mixin.py:188} INFO - [2024-04-05T23:08:34.062+0000] {dagbag.py:540} INFO - Filling up the DagBag from /home/airflow/.local/lib/python3.8/site-packages/airflow/example_dags/example_branch_operator.py
[2024-04-05T23:08:34.082+0000] {processor.py:840} INFO - DAG(s) 'example_branch_operator' retrieved from /home/airflow/.local/lib/python3.8/site-packages/airflow/example_dags/example_branch_operator.py
[2024-04-05T23:08:34.112+0000] {logging_mixin.py:188} INFO - [2024-04-05T23:08:34.112+0000] {dag.py:3047} INFO - Sync 1 DAGs
[2024-04-05T23:08:34.136+0000] {logging_mixin.py:188} INFO - [2024-04-05T23:08:34.136+0000] {dag.py:3834} INFO - Setting next_dagrun for example_branch_operator to 2024-04-04 00:00:00+00:00, run_after=2024-04-05 00:00:00+00:00
[2024-04-05T23:08:34.204+0000] {processor.py:183} INFO - Processing /home/airflow/.local/lib/python3.8/site-packages/airflow/example_dags/example_branch_operator.py took 0.148 seconds
[2024-04-05T23:09:04.649+0000] {processor.py:161} INFO - Started process (PID=1358) to work on /home/airflow/.local/lib/python3.8/site-packages/airflow/example_dags/example_branch_operator.py
[2024-04-05T23:09:04.650+0000] {processor.py:830} INFO - Processing file /home/airflow/.local/lib/python3.8/site-packages/airflow/example_dags/example_branch_operator.py for tasks to queue
[2024-04-05T23:09:04.653+0000] {logging_mixin.py:188} INFO - [2024-04-05T23:09:04.652+0000] {dagbag.py:540} INFO - Filling up the DagBag from /home/airflow/.local/lib/python3.8/site-packages/airflow/example_dags/example_branch_operator.py
[2024-04-05T23:09:04.672+0000] {processor.py:840} INFO - DAG(s) 'example_branch_operator' retrieved from /home/airflow/.local/lib/python3.8/site-packages/airflow/example_dags/example_branch_operator.py
[2024-04-05T23:09:04.706+0000] {logging_mixin.py:188} INFO - [2024-04-05T23:09:04.706+0000] {dag.py:3047} INFO - Sync 1 DAGs
[2024-04-05T23:09:04.735+0000] {logging_mixin.py:188} INFO - [2024-04-05T23:09:04.734+0000] {dag.py:3834} INFO - Setting next_dagrun for example_branch_operator to 2024-04-04 00:00:00+00:00, run_after=2024-04-05 00:00:00+00:00
[2024-04-05T23:09:04.797+0000] {processor.py:183} INFO - Processing /home/airflow/.local/lib/python3.8/site-packages/airflow/example_dags/example_branch_operator.py took 0.152 seconds
[2024-04-05T23:09:34.847+0000] {processor.py:161} INFO - Started process (PID=1415) to work on /home/airflow/.local/lib/python3.8/site-packages/airflow/example_dags/example_branch_operator.py
[2024-04-05T23:09:34.848+0000] {processor.py:830} INFO - Processing file /home/airflow/.local/lib/python3.8/site-packages/airflow/example_dags/example_branch_operator.py for tasks to queue
[2024-04-05T23:09:34.851+0000] {logging_mixin.py:188} INFO - [2024-04-05T23:09:34.851+0000] {dagbag.py:540} INFO - Filling up the DagBag from /home/airflow/.local/lib/python3.8/site-packages/airflow/example_dags/example_branch_operator.py
[2024-04-05T23:09:34.873+0000] {processor.py:840} INFO - DAG(s) 'example_branch_operator' retrieved from /home/airflow/.local/lib/python3.8/site-packages/airflow/example_dags/example_branch_operator.py
[2024-04-05T23:09:34.906+0000] {logging_mixin.py:188} INFO - [2024-04-05T23:09:34.906+0000] {dag.py:3047} INFO - Sync 1 DAGs
[2024-04-05T23:09:34.935+0000] {logging_mixin.py:188} INFO - [2024-04-05T23:09:34.935+0000] {dag.py:3834} INFO - Setting next_dagrun for example_branch_operator to 2024-04-04 00:00:00+00:00, run_after=2024-04-05 00:00:00+00:00
[2024-04-05T23:09:34.958+0000] {processor.py:183} INFO - Processing /home/airflow/.local/lib/python3.8/site-packages/airflow/example_dags/example_branch_operator.py took 0.116 seconds
[2024-04-05T23:10:05.715+0000] {processor.py:161} INFO - Started process (PID=1468) to work on /home/airflow/.local/lib/python3.8/site-packages/airflow/example_dags/example_branch_operator.py
[2024-04-05T23:10:05.717+0000] {processor.py:830} INFO - Processing file /home/airflow/.local/lib/python3.8/site-packages/airflow/example_dags/example_branch_operator.py for tasks to queue
[2024-04-05T23:10:05.719+0000] {logging_mixin.py:188} INFO - [2024-04-05T23:10:05.719+0000] {dagbag.py:540} INFO - Filling up the DagBag from /home/airflow/.local/lib/python3.8/site-packages/airflow/example_dags/example_branch_operator.py
[2024-04-05T23:10:05.737+0000] {processor.py:840} INFO - DAG(s) 'example_branch_operator' retrieved from /home/airflow/.local/lib/python3.8/site-packages/airflow/example_dags/example_branch_operator.py
[2024-04-05T23:10:05.768+0000] {logging_mixin.py:188} INFO - [2024-04-05T23:10:05.767+0000] {dag.py:3047} INFO - Sync 1 DAGs
[2024-04-05T23:10:05.794+0000] {logging_mixin.py:188} INFO - [2024-04-05T23:10:05.794+0000] {dag.py:3834} INFO - Setting next_dagrun for example_branch_operator to 2024-04-04 00:00:00+00:00, run_after=2024-04-05 00:00:00+00:00
[2024-04-05T23:10:05.815+0000] {processor.py:183} INFO - Processing /home/airflow/.local/lib/python3.8/site-packages/airflow/example_dags/example_branch_operator.py took 0.103 seconds
[2024-04-05T23:10:36.396+0000] {processor.py:161} INFO - Started process (PID=1523) to work on /home/airflow/.local/lib/python3.8/site-packages/airflow/example_dags/example_branch_operator.py
[2024-04-05T23:10:36.397+0000] {processor.py:830} INFO - Processing file /home/airflow/.local/lib/python3.8/site-packages/airflow/example_dags/example_branch_operator.py for tasks to queue
[2024-04-05T23:10:36.400+0000] {logging_mixin.py:188} INFO - [2024-04-05T23:10:36.400+0000] {dagbag.py:540} INFO - Filling up the DagBag from /home/airflow/.local/lib/python3.8/site-packages/airflow/example_dags/example_branch_operator.py
[2024-04-05T23:10:36.420+0000] {processor.py:840} INFO - DAG(s) 'example_branch_operator' retrieved from /home/airflow/.local/lib/python3.8/site-packages/airflow/example_dags/example_branch_operator.py
[2024-04-05T23:10:36.450+0000] {logging_mixin.py:188} INFO - [2024-04-05T23:10:36.450+0000] {dag.py:3047} INFO - Sync 1 DAGs
[2024-04-05T23:10:36.476+0000] {logging_mixin.py:188} INFO - [2024-04-05T23:10:36.476+0000] {dag.py:3834} INFO - Setting next_dagrun for example_branch_operator to 2024-04-04 00:00:00+00:00, run_after=2024-04-05 00:00:00+00:00
[2024-04-05T23:10:36.535+0000] {processor.py:183} INFO - Processing /home/airflow/.local/lib/python3.8/site-packages/airflow/example_dags/example_branch_operator.py took 0.143 seconds
[2024-04-05T23:11:06.826+0000] {processor.py:161} INFO - Started process (PID=1578) to work on /home/airflow/.local/lib/python3.8/site-packages/airflow/example_dags/example_branch_operator.py
[2024-04-05T23:11:06.827+0000] {processor.py:830} INFO - Processing file /home/airflow/.local/lib/python3.8/site-packages/airflow/example_dags/example_branch_operator.py for tasks to queue
[2024-04-05T23:11:06.830+0000] {logging_mixin.py:188} INFO - [2024-04-05T23:11:06.830+0000] {dagbag.py:540} INFO - Filling up the DagBag from /home/airflow/.local/lib/python3.8/site-packages/airflow/example_dags/example_branch_operator.py
[2024-04-05T23:11:06.852+0000] {processor.py:840} INFO - DAG(s) 'example_branch_operator' retrieved from /home/airflow/.local/lib/python3.8/site-packages/airflow/example_dags/example_branch_operator.py
[2024-04-05T23:11:06.885+0000] {logging_mixin.py:188} INFO - [2024-04-05T23:11:06.885+0000] {dag.py:3047} INFO - Sync 1 DAGs
[2024-04-05T23:11:06.915+0000] {logging_mixin.py:188} INFO - [2024-04-05T23:11:06.914+0000] {dag.py:3834} INFO - Setting next_dagrun for example_branch_operator to 2024-04-04 00:00:00+00:00, run_after=2024-04-05 00:00:00+00:00
[2024-04-05T23:11:06.937+0000] {processor.py:183} INFO - Processing /home/airflow/.local/lib/python3.8/site-packages/airflow/example_dags/example_branch_operator.py took 0.115 seconds
[2024-04-05T23:11:37.840+0000] {processor.py:161} INFO - Started process (PID=1633) to work on /home/airflow/.local/lib/python3.8/site-packages/airflow/example_dags/example_branch_operator.py
[2024-04-05T23:11:37.841+0000] {processor.py:830} INFO - Processing file /home/airflow/.local/lib/python3.8/site-packages/airflow/example_dags/example_branch_operator.py for tasks to queue
[2024-04-05T23:11:37.843+0000] {logging_mixin.py:188} INFO - [2024-04-05T23:11:37.843+0000] {dagbag.py:540} INFO - Filling up the DagBag from /home/airflow/.local/lib/python3.8/site-packages/airflow/example_dags/example_branch_operator.py
[2024-04-05T23:11:37.858+0000] {processor.py:840} INFO - DAG(s) 'example_branch_operator' retrieved from /home/airflow/.local/lib/python3.8/site-packages/airflow/example_dags/example_branch_operator.py
[2024-04-05T23:11:37.888+0000] {logging_mixin.py:188} INFO - [2024-04-05T23:11:37.888+0000] {dag.py:3047} INFO - Sync 1 DAGs
[2024-04-05T23:11:37.912+0000] {logging_mixin.py:188} INFO - [2024-04-05T23:11:37.912+0000] {dag.py:3834} INFO - Setting next_dagrun for example_branch_operator to 2024-04-04 00:00:00+00:00, run_after=2024-04-05 00:00:00+00:00
[2024-04-05T23:11:37.983+0000] {processor.py:183} INFO - Processing /home/airflow/.local/lib/python3.8/site-packages/airflow/example_dags/example_branch_operator.py took 0.146 seconds
[2024-04-05T23:12:08.129+0000] {processor.py:161} INFO - Started process (PID=1688) to work on /home/airflow/.local/lib/python3.8/site-packages/airflow/example_dags/example_branch_operator.py
[2024-04-05T23:12:08.131+0000] {processor.py:830} INFO - Processing file /home/airflow/.local/lib/python3.8/site-packages/airflow/example_dags/example_branch_operator.py for tasks to queue
[2024-04-05T23:12:08.133+0000] {logging_mixin.py:188} INFO - [2024-04-05T23:12:08.132+0000] {dagbag.py:540} INFO - Filling up the DagBag from /home/airflow/.local/lib/python3.8/site-packages/airflow/example_dags/example_branch_operator.py
[2024-04-05T23:12:08.150+0000] {processor.py:840} INFO - DAG(s) 'example_branch_operator' retrieved from /home/airflow/.local/lib/python3.8/site-packages/airflow/example_dags/example_branch_operator.py
[2024-04-05T23:12:08.178+0000] {logging_mixin.py:188} INFO - [2024-04-05T23:12:08.178+0000] {dag.py:3047} INFO - Sync 1 DAGs
[2024-04-05T23:12:08.202+0000] {logging_mixin.py:188} INFO - [2024-04-05T23:12:08.202+0000] {dag.py:3834} INFO - Setting next_dagrun for example_branch_operator to 2024-04-04 00:00:00+00:00, run_after=2024-04-05 00:00:00+00:00
[2024-04-05T23:12:08.261+0000] {processor.py:183} INFO - Processing /home/airflow/.local/lib/python3.8/site-packages/airflow/example_dags/example_branch_operator.py took 0.136 seconds
[2024-04-05T23:12:39.210+0000] {processor.py:161} INFO - Started process (PID=1743) to work on /home/airflow/.local/lib/python3.8/site-packages/airflow/example_dags/example_branch_operator.py
[2024-04-05T23:12:39.211+0000] {processor.py:830} INFO - Processing file /home/airflow/.local/lib/python3.8/site-packages/airflow/example_dags/example_branch_operator.py for tasks to queue
[2024-04-05T23:12:39.214+0000] {logging_mixin.py:188} INFO - [2024-04-05T23:12:39.213+0000] {dagbag.py:540} INFO - Filling up the DagBag from /home/airflow/.local/lib/python3.8/site-packages/airflow/example_dags/example_branch_operator.py
[2024-04-05T23:12:39.233+0000] {processor.py:840} INFO - DAG(s) 'example_branch_operator' retrieved from /home/airflow/.local/lib/python3.8/site-packages/airflow/example_dags/example_branch_operator.py
[2024-04-05T23:12:39.266+0000] {logging_mixin.py:188} INFO - [2024-04-05T23:12:39.266+0000] {dag.py:3047} INFO - Sync 1 DAGs
[2024-04-05T23:12:39.294+0000] {logging_mixin.py:188} INFO - [2024-04-05T23:12:39.294+0000] {dag.py:3834} INFO - Setting next_dagrun for example_branch_operator to 2024-04-04 00:00:00+00:00, run_after=2024-04-05 00:00:00+00:00
[2024-04-05T23:12:39.314+0000] {processor.py:183} INFO - Processing /home/airflow/.local/lib/python3.8/site-packages/airflow/example_dags/example_branch_operator.py took 0.109 seconds
[2024-04-05T23:13:09.531+0000] {processor.py:161} INFO - Started process (PID=1798) to work on /home/airflow/.local/lib/python3.8/site-packages/airflow/example_dags/example_branch_operator.py
[2024-04-05T23:13:09.533+0000] {processor.py:830} INFO - Processing file /home/airflow/.local/lib/python3.8/site-packages/airflow/example_dags/example_branch_operator.py for tasks to queue
[2024-04-05T23:13:09.535+0000] {logging_mixin.py:188} INFO - [2024-04-05T23:13:09.535+0000] {dagbag.py:540} INFO - Filling up the DagBag from /home/airflow/.local/lib/python3.8/site-packages/airflow/example_dags/example_branch_operator.py
[2024-04-05T23:13:09.558+0000] {processor.py:840} INFO - DAG(s) 'example_branch_operator' retrieved from /home/airflow/.local/lib/python3.8/site-packages/airflow/example_dags/example_branch_operator.py
[2024-04-05T23:13:09.595+0000] {logging_mixin.py:188} INFO - [2024-04-05T23:13:09.595+0000] {dag.py:3047} INFO - Sync 1 DAGs
[2024-04-05T23:13:09.630+0000] {logging_mixin.py:188} INFO - [2024-04-05T23:13:09.630+0000] {dag.py:3834} INFO - Setting next_dagrun for example_branch_operator to 2024-04-04 00:00:00+00:00, run_after=2024-04-05 00:00:00+00:00
[2024-04-05T23:13:09.651+0000] {processor.py:183} INFO - Processing /home/airflow/.local/lib/python3.8/site-packages/airflow/example_dags/example_branch_operator.py took 0.124 seconds
[2024-04-05T23:13:40.333+0000] {processor.py:161} INFO - Started process (PID=1853) to work on /home/airflow/.local/lib/python3.8/site-packages/airflow/example_dags/example_branch_operator.py
[2024-04-05T23:13:40.334+0000] {processor.py:830} INFO - Processing file /home/airflow/.local/lib/python3.8/site-packages/airflow/example_dags/example_branch_operator.py for tasks to queue
[2024-04-05T23:13:40.336+0000] {logging_mixin.py:188} INFO - [2024-04-05T23:13:40.335+0000] {dagbag.py:540} INFO - Filling up the DagBag from /home/airflow/.local/lib/python3.8/site-packages/airflow/example_dags/example_branch_operator.py
[2024-04-05T23:13:40.353+0000] {processor.py:840} INFO - DAG(s) 'example_branch_operator' retrieved from /home/airflow/.local/lib/python3.8/site-packages/airflow/example_dags/example_branch_operator.py
[2024-04-05T23:13:40.378+0000] {logging_mixin.py:188} INFO - [2024-04-05T23:13:40.378+0000] {dag.py:3047} INFO - Sync 1 DAGs
[2024-04-05T23:13:40.401+0000] {logging_mixin.py:188} INFO - [2024-04-05T23:13:40.400+0000] {dag.py:3834} INFO - Setting next_dagrun for example_branch_operator to 2024-04-04 00:00:00+00:00, run_after=2024-04-05 00:00:00+00:00
[2024-04-05T23:13:40.421+0000] {processor.py:183} INFO - Processing /home/airflow/.local/lib/python3.8/site-packages/airflow/example_dags/example_branch_operator.py took 0.092 seconds
[2024-04-05T23:14:10.635+0000] {processor.py:161} INFO - Started process (PID=1908) to work on /home/airflow/.local/lib/python3.8/site-packages/airflow/example_dags/example_branch_operator.py
[2024-04-05T23:14:10.637+0000] {processor.py:830} INFO - Processing file /home/airflow/.local/lib/python3.8/site-packages/airflow/example_dags/example_branch_operator.py for tasks to queue
[2024-04-05T23:14:10.641+0000] {logging_mixin.py:188} INFO - [2024-04-05T23:14:10.640+0000] {dagbag.py:540} INFO - Filling up the DagBag from /home/airflow/.local/lib/python3.8/site-packages/airflow/example_dags/example_branch_operator.py
[2024-04-05T23:14:10.670+0000] {processor.py:840} INFO - DAG(s) 'example_branch_operator' retrieved from /home/airflow/.local/lib/python3.8/site-packages/airflow/example_dags/example_branch_operator.py
[2024-04-05T23:14:10.703+0000] {logging_mixin.py:188} INFO - [2024-04-05T23:14:10.703+0000] {dag.py:3047} INFO - Sync 1 DAGs
[2024-04-05T23:14:10.724+0000] {logging_mixin.py:188} INFO - [2024-04-05T23:14:10.723+0000] {dag.py:3834} INFO - Setting next_dagrun for example_branch_operator to 2024-04-04 00:00:00+00:00, run_after=2024-04-05 00:00:00+00:00
[2024-04-05T23:14:10.746+0000] {processor.py:183} INFO - Processing /home/airflow/.local/lib/python3.8/site-packages/airflow/example_dags/example_branch_operator.py took 0.116 seconds
[2024-04-05T23:14:41.270+0000] {processor.py:161} INFO - Started process (PID=1963) to work on /home/airflow/.local/lib/python3.8/site-packages/airflow/example_dags/example_branch_operator.py
[2024-04-05T23:14:41.271+0000] {processor.py:830} INFO - Processing file /home/airflow/.local/lib/python3.8/site-packages/airflow/example_dags/example_branch_operator.py for tasks to queue
[2024-04-05T23:14:41.274+0000] {logging_mixin.py:188} INFO - [2024-04-05T23:14:41.273+0000] {dagbag.py:540} INFO - Filling up the DagBag from /home/airflow/.local/lib/python3.8/site-packages/airflow/example_dags/example_branch_operator.py
[2024-04-05T23:14:41.289+0000] {processor.py:840} INFO - DAG(s) 'example_branch_operator' retrieved from /home/airflow/.local/lib/python3.8/site-packages/airflow/example_dags/example_branch_operator.py
[2024-04-05T23:14:41.320+0000] {logging_mixin.py:188} INFO - [2024-04-05T23:14:41.320+0000] {dag.py:3047} INFO - Sync 1 DAGs
[2024-04-05T23:14:41.343+0000] {logging_mixin.py:188} INFO - [2024-04-05T23:14:41.343+0000] {dag.py:3834} INFO - Setting next_dagrun for example_branch_operator to 2024-04-04 00:00:00+00:00, run_after=2024-04-05 00:00:00+00:00
[2024-04-05T23:14:41.415+0000] {processor.py:183} INFO - Processing /home/airflow/.local/lib/python3.8/site-packages/airflow/example_dags/example_branch_operator.py took 0.149 seconds
[2024-04-05T23:15:12.390+0000] {processor.py:161} INFO - Started process (PID=2018) to work on /home/airflow/.local/lib/python3.8/site-packages/airflow/example_dags/example_branch_operator.py
[2024-04-05T23:15:12.392+0000] {processor.py:830} INFO - Processing file /home/airflow/.local/lib/python3.8/site-packages/airflow/example_dags/example_branch_operator.py for tasks to queue
[2024-04-05T23:15:12.394+0000] {logging_mixin.py:188} INFO - [2024-04-05T23:15:12.394+0000] {dagbag.py:540} INFO - Filling up the DagBag from /home/airflow/.local/lib/python3.8/site-packages/airflow/example_dags/example_branch_operator.py
[2024-04-05T23:15:12.412+0000] {processor.py:840} INFO - DAG(s) 'example_branch_operator' retrieved from /home/airflow/.local/lib/python3.8/site-packages/airflow/example_dags/example_branch_operator.py
[2024-04-05T23:15:12.445+0000] {logging_mixin.py:188} INFO - [2024-04-05T23:15:12.445+0000] {dag.py:3047} INFO - Sync 1 DAGs
[2024-04-05T23:15:12.470+0000] {logging_mixin.py:188} INFO - [2024-04-05T23:15:12.469+0000] {dag.py:3834} INFO - Setting next_dagrun for example_branch_operator to 2024-04-04 00:00:00+00:00, run_after=2024-04-05 00:00:00+00:00
[2024-04-05T23:15:12.491+0000] {processor.py:183} INFO - Processing /home/airflow/.local/lib/python3.8/site-packages/airflow/example_dags/example_branch_operator.py took 0.104 seconds
[2024-04-05T23:15:42.537+0000] {processor.py:161} INFO - Started process (PID=2074) to work on /home/airflow/.local/lib/python3.8/site-packages/airflow/example_dags/example_branch_operator.py
[2024-04-05T23:15:42.538+0000] {processor.py:830} INFO - Processing file /home/airflow/.local/lib/python3.8/site-packages/airflow/example_dags/example_branch_operator.py for tasks to queue
[2024-04-05T23:15:42.540+0000] {logging_mixin.py:188} INFO - [2024-04-05T23:15:42.540+0000] {dagbag.py:540} INFO - Filling up the DagBag from /home/airflow/.local/lib/python3.8/site-packages/airflow/example_dags/example_branch_operator.py
[2024-04-05T23:15:42.565+0000] {processor.py:840} INFO - DAG(s) 'example_branch_operator' retrieved from /home/airflow/.local/lib/python3.8/site-packages/airflow/example_dags/example_branch_operator.py
[2024-04-05T23:15:42.606+0000] {logging_mixin.py:188} INFO - [2024-04-05T23:15:42.605+0000] {dag.py:3047} INFO - Sync 1 DAGs
[2024-04-05T23:15:42.636+0000] {logging_mixin.py:188} INFO - [2024-04-05T23:15:42.636+0000] {dag.py:3834} INFO - Setting next_dagrun for example_branch_operator to 2024-04-04 00:00:00+00:00, run_after=2024-04-05 00:00:00+00:00
[2024-04-05T23:15:42.696+0000] {processor.py:183} INFO - Processing /home/airflow/.local/lib/python3.8/site-packages/airflow/example_dags/example_branch_operator.py took 0.164 seconds
[2024-04-05T23:16:12.830+0000] {processor.py:161} INFO - Started process (PID=2131) to work on /home/airflow/.local/lib/python3.8/site-packages/airflow/example_dags/example_branch_operator.py
[2024-04-05T23:16:12.831+0000] {processor.py:830} INFO - Processing file /home/airflow/.local/lib/python3.8/site-packages/airflow/example_dags/example_branch_operator.py for tasks to queue
[2024-04-05T23:16:12.835+0000] {logging_mixin.py:188} INFO - [2024-04-05T23:16:12.834+0000] {dagbag.py:540} INFO - Filling up the DagBag from /home/airflow/.local/lib/python3.8/site-packages/airflow/example_dags/example_branch_operator.py
[2024-04-05T23:16:12.857+0000] {processor.py:840} INFO - DAG(s) 'example_branch_operator' retrieved from /home/airflow/.local/lib/python3.8/site-packages/airflow/example_dags/example_branch_operator.py
[2024-04-05T23:16:12.889+0000] {logging_mixin.py:188} INFO - [2024-04-05T23:16:12.889+0000] {dag.py:3047} INFO - Sync 1 DAGs
[2024-04-05T23:16:12.913+0000] {logging_mixin.py:188} INFO - [2024-04-05T23:16:12.913+0000] {dag.py:3834} INFO - Setting next_dagrun for example_branch_operator to 2024-04-04 00:00:00+00:00, run_after=2024-04-05 00:00:00+00:00
[2024-04-05T23:16:12.934+0000] {processor.py:183} INFO - Processing /home/airflow/.local/lib/python3.8/site-packages/airflow/example_dags/example_branch_operator.py took 0.108 seconds
[2024-04-05T23:16:43.040+0000] {processor.py:161} INFO - Started process (PID=2183) to work on /home/airflow/.local/lib/python3.8/site-packages/airflow/example_dags/example_branch_operator.py
[2024-04-05T23:16:43.042+0000] {processor.py:830} INFO - Processing file /home/airflow/.local/lib/python3.8/site-packages/airflow/example_dags/example_branch_operator.py for tasks to queue
[2024-04-05T23:16:43.044+0000] {logging_mixin.py:188} INFO - [2024-04-05T23:16:43.043+0000] {dagbag.py:540} INFO - Filling up the DagBag from /home/airflow/.local/lib/python3.8/site-packages/airflow/example_dags/example_branch_operator.py
[2024-04-05T23:16:43.062+0000] {processor.py:840} INFO - DAG(s) 'example_branch_operator' retrieved from /home/airflow/.local/lib/python3.8/site-packages/airflow/example_dags/example_branch_operator.py
[2024-04-05T23:16:43.094+0000] {logging_mixin.py:188} INFO - [2024-04-05T23:16:43.093+0000] {dag.py:3047} INFO - Sync 1 DAGs
[2024-04-05T23:16:43.119+0000] {logging_mixin.py:188} INFO - [2024-04-05T23:16:43.118+0000] {dag.py:3834} INFO - Setting next_dagrun for example_branch_operator to 2024-04-04 00:00:00+00:00, run_after=2024-04-05 00:00:00+00:00
[2024-04-05T23:16:43.178+0000] {processor.py:183} INFO - Processing /home/airflow/.local/lib/python3.8/site-packages/airflow/example_dags/example_branch_operator.py took 0.141 seconds
[2024-04-05T23:17:13.812+0000] {processor.py:161} INFO - Started process (PID=2238) to work on /home/airflow/.local/lib/python3.8/site-packages/airflow/example_dags/example_branch_operator.py
[2024-04-05T23:17:13.813+0000] {processor.py:830} INFO - Processing file /home/airflow/.local/lib/python3.8/site-packages/airflow/example_dags/example_branch_operator.py for tasks to queue
[2024-04-05T23:17:13.815+0000] {logging_mixin.py:188} INFO - [2024-04-05T23:17:13.815+0000] {dagbag.py:540} INFO - Filling up the DagBag from /home/airflow/.local/lib/python3.8/site-packages/airflow/example_dags/example_branch_operator.py
[2024-04-05T23:17:13.838+0000] {processor.py:840} INFO - DAG(s) 'example_branch_operator' retrieved from /home/airflow/.local/lib/python3.8/site-packages/airflow/example_dags/example_branch_operator.py
[2024-04-05T23:17:13.868+0000] {logging_mixin.py:188} INFO - [2024-04-05T23:17:13.868+0000] {dag.py:3047} INFO - Sync 1 DAGs
[2024-04-05T23:17:13.892+0000] {logging_mixin.py:188} INFO - [2024-04-05T23:17:13.892+0000] {dag.py:3834} INFO - Setting next_dagrun for example_branch_operator to 2024-04-04 00:00:00+00:00, run_after=2024-04-05 00:00:00+00:00
[2024-04-05T23:17:13.952+0000] {processor.py:183} INFO - Processing /home/airflow/.local/lib/python3.8/site-packages/airflow/example_dags/example_branch_operator.py took 0.144 seconds
[2024-04-05T23:17:44.872+0000] {processor.py:161} INFO - Started process (PID=2293) to work on /home/airflow/.local/lib/python3.8/site-packages/airflow/example_dags/example_branch_operator.py
[2024-04-05T23:17:44.873+0000] {processor.py:830} INFO - Processing file /home/airflow/.local/lib/python3.8/site-packages/airflow/example_dags/example_branch_operator.py for tasks to queue
[2024-04-05T23:17:44.875+0000] {logging_mixin.py:188} INFO - [2024-04-05T23:17:44.875+0000] {dagbag.py:540} INFO - Filling up the DagBag from /home/airflow/.local/lib/python3.8/site-packages/airflow/example_dags/example_branch_operator.py
[2024-04-05T23:17:44.894+0000] {processor.py:840} INFO - DAG(s) 'example_branch_operator' retrieved from /home/airflow/.local/lib/python3.8/site-packages/airflow/example_dags/example_branch_operator.py
[2024-04-05T23:17:44.922+0000] {logging_mixin.py:188} INFO - [2024-04-05T23:17:44.922+0000] {dag.py:3047} INFO - Sync 1 DAGs
[2024-04-05T23:17:44.945+0000] {logging_mixin.py:188} INFO - [2024-04-05T23:17:44.945+0000] {dag.py:3834} INFO - Setting next_dagrun for example_branch_operator to 2024-04-04 00:00:00+00:00, run_after=2024-04-05 00:00:00+00:00
[2024-04-05T23:17:44.964+0000] {processor.py:183} INFO - Processing /home/airflow/.local/lib/python3.8/site-packages/airflow/example_dags/example_branch_operator.py took 0.096 seconds
[2024-04-05T23:18:15.133+0000] {processor.py:161} INFO - Started process (PID=2348) to work on /home/airflow/.local/lib/python3.8/site-packages/airflow/example_dags/example_branch_operator.py
[2024-04-05T23:18:15.135+0000] {processor.py:830} INFO - Processing file /home/airflow/.local/lib/python3.8/site-packages/airflow/example_dags/example_branch_operator.py for tasks to queue
[2024-04-05T23:18:15.137+0000] {logging_mixin.py:188} INFO - [2024-04-05T23:18:15.136+0000] {dagbag.py:540} INFO - Filling up the DagBag from /home/airflow/.local/lib/python3.8/site-packages/airflow/example_dags/example_branch_operator.py
[2024-04-05T23:18:15.154+0000] {processor.py:840} INFO - DAG(s) 'example_branch_operator' retrieved from /home/airflow/.local/lib/python3.8/site-packages/airflow/example_dags/example_branch_operator.py
[2024-04-05T23:18:15.183+0000] {logging_mixin.py:188} INFO - [2024-04-05T23:18:15.183+0000] {dag.py:3047} INFO - Sync 1 DAGs
[2024-04-05T23:18:15.204+0000] {logging_mixin.py:188} INFO - [2024-04-05T23:18:15.204+0000] {dag.py:3834} INFO - Setting next_dagrun for example_branch_operator to 2024-04-04 00:00:00+00:00, run_after=2024-04-05 00:00:00+00:00
[2024-04-05T23:18:15.253+0000] {processor.py:183} INFO - Processing /home/airflow/.local/lib/python3.8/site-packages/airflow/example_dags/example_branch_operator.py took 0.123 seconds
[2024-04-05T23:18:46.189+0000] {processor.py:161} INFO - Started process (PID=2403) to work on /home/airflow/.local/lib/python3.8/site-packages/airflow/example_dags/example_branch_operator.py
[2024-04-05T23:18:46.192+0000] {processor.py:830} INFO - Processing file /home/airflow/.local/lib/python3.8/site-packages/airflow/example_dags/example_branch_operator.py for tasks to queue
[2024-04-05T23:18:46.195+0000] {logging_mixin.py:188} INFO - [2024-04-05T23:18:46.194+0000] {dagbag.py:540} INFO - Filling up the DagBag from /home/airflow/.local/lib/python3.8/site-packages/airflow/example_dags/example_branch_operator.py
[2024-04-05T23:18:46.210+0000] {processor.py:840} INFO - DAG(s) 'example_branch_operator' retrieved from /home/airflow/.local/lib/python3.8/site-packages/airflow/example_dags/example_branch_operator.py
[2024-04-05T23:18:46.241+0000] {logging_mixin.py:188} INFO - [2024-04-05T23:18:46.240+0000] {dag.py:3047} INFO - Sync 1 DAGs
[2024-04-05T23:18:46.262+0000] {logging_mixin.py:188} INFO - [2024-04-05T23:18:46.262+0000] {dag.py:3834} INFO - Setting next_dagrun for example_branch_operator to 2024-04-04 00:00:00+00:00, run_after=2024-04-05 00:00:00+00:00
[2024-04-05T23:18:46.289+0000] {processor.py:183} INFO - Processing /home/airflow/.local/lib/python3.8/site-packages/airflow/example_dags/example_branch_operator.py took 0.105 seconds
[2024-04-05T23:19:16.464+0000] {processor.py:161} INFO - Started process (PID=2458) to work on /home/airflow/.local/lib/python3.8/site-packages/airflow/example_dags/example_branch_operator.py
[2024-04-05T23:19:16.465+0000] {processor.py:830} INFO - Processing file /home/airflow/.local/lib/python3.8/site-packages/airflow/example_dags/example_branch_operator.py for tasks to queue
[2024-04-05T23:19:16.468+0000] {logging_mixin.py:188} INFO - [2024-04-05T23:19:16.467+0000] {dagbag.py:540} INFO - Filling up the DagBag from /home/airflow/.local/lib/python3.8/site-packages/airflow/example_dags/example_branch_operator.py
[2024-04-05T23:19:16.484+0000] {processor.py:840} INFO - DAG(s) 'example_branch_operator' retrieved from /home/airflow/.local/lib/python3.8/site-packages/airflow/example_dags/example_branch_operator.py
[2024-04-05T23:19:16.511+0000] {logging_mixin.py:188} INFO - [2024-04-05T23:19:16.510+0000] {dag.py:3047} INFO - Sync 1 DAGs
[2024-04-05T23:19:16.533+0000] {logging_mixin.py:188} INFO - [2024-04-05T23:19:16.533+0000] {dag.py:3834} INFO - Setting next_dagrun for example_branch_operator to 2024-04-04 00:00:00+00:00, run_after=2024-04-05 00:00:00+00:00
[2024-04-05T23:19:16.604+0000] {processor.py:183} INFO - Processing /home/airflow/.local/lib/python3.8/site-packages/airflow/example_dags/example_branch_operator.py took 0.143 seconds
[2024-04-05T23:19:46.938+0000] {processor.py:161} INFO - Started process (PID=2513) to work on /home/airflow/.local/lib/python3.8/site-packages/airflow/example_dags/example_branch_operator.py
[2024-04-05T23:19:46.940+0000] {processor.py:830} INFO - Processing file /home/airflow/.local/lib/python3.8/site-packages/airflow/example_dags/example_branch_operator.py for tasks to queue
[2024-04-05T23:19:46.942+0000] {logging_mixin.py:188} INFO - [2024-04-05T23:19:46.942+0000] {dagbag.py:540} INFO - Filling up the DagBag from /home/airflow/.local/lib/python3.8/site-packages/airflow/example_dags/example_branch_operator.py
[2024-04-05T23:19:46.957+0000] {processor.py:840} INFO - DAG(s) 'example_branch_operator' retrieved from /home/airflow/.local/lib/python3.8/site-packages/airflow/example_dags/example_branch_operator.py
[2024-04-05T23:19:46.989+0000] {logging_mixin.py:188} INFO - [2024-04-05T23:19:46.988+0000] {dag.py:3047} INFO - Sync 1 DAGs
[2024-04-05T23:19:47.010+0000] {logging_mixin.py:188} INFO - [2024-04-05T23:19:47.010+0000] {dag.py:3834} INFO - Setting next_dagrun for example_branch_operator to 2024-04-04 00:00:00+00:00, run_after=2024-04-05 00:00:00+00:00
[2024-04-05T23:19:47.075+0000] {processor.py:183} INFO - Processing /home/airflow/.local/lib/python3.8/site-packages/airflow/example_dags/example_branch_operator.py took 0.141 seconds
[2024-04-05T23:20:17.536+0000] {processor.py:161} INFO - Started process (PID=2568) to work on /home/airflow/.local/lib/python3.8/site-packages/airflow/example_dags/example_branch_operator.py
[2024-04-05T23:20:17.537+0000] {processor.py:830} INFO - Processing file /home/airflow/.local/lib/python3.8/site-packages/airflow/example_dags/example_branch_operator.py for tasks to queue
[2024-04-05T23:20:17.539+0000] {logging_mixin.py:188} INFO - [2024-04-05T23:20:17.539+0000] {dagbag.py:540} INFO - Filling up the DagBag from /home/airflow/.local/lib/python3.8/site-packages/airflow/example_dags/example_branch_operator.py
[2024-04-05T23:20:17.554+0000] {processor.py:840} INFO - DAG(s) 'example_branch_operator' retrieved from /home/airflow/.local/lib/python3.8/site-packages/airflow/example_dags/example_branch_operator.py
[2024-04-05T23:20:17.578+0000] {logging_mixin.py:188} INFO - [2024-04-05T23:20:17.578+0000] {dag.py:3047} INFO - Sync 1 DAGs
[2024-04-05T23:20:17.596+0000] {logging_mixin.py:188} INFO - [2024-04-05T23:20:17.595+0000] {dag.py:3834} INFO - Setting next_dagrun for example_branch_operator to 2024-04-04 00:00:00+00:00, run_after=2024-04-05 00:00:00+00:00
[2024-04-05T23:20:17.654+0000] {processor.py:183} INFO - Processing /home/airflow/.local/lib/python3.8/site-packages/airflow/example_dags/example_branch_operator.py took 0.122 seconds
[2024-04-05T23:20:48.121+0000] {processor.py:161} INFO - Started process (PID=2623) to work on /home/airflow/.local/lib/python3.8/site-packages/airflow/example_dags/example_branch_operator.py
[2024-04-05T23:20:48.122+0000] {processor.py:830} INFO - Processing file /home/airflow/.local/lib/python3.8/site-packages/airflow/example_dags/example_branch_operator.py for tasks to queue
[2024-04-05T23:20:48.125+0000] {logging_mixin.py:188} INFO - [2024-04-05T23:20:48.124+0000] {dagbag.py:540} INFO - Filling up the DagBag from /home/airflow/.local/lib/python3.8/site-packages/airflow/example_dags/example_branch_operator.py
[2024-04-05T23:20:48.144+0000] {processor.py:840} INFO - DAG(s) 'example_branch_operator' retrieved from /home/airflow/.local/lib/python3.8/site-packages/airflow/example_dags/example_branch_operator.py
[2024-04-05T23:20:48.176+0000] {logging_mixin.py:188} INFO - [2024-04-05T23:20:48.176+0000] {dag.py:3047} INFO - Sync 1 DAGs
[2024-04-05T23:20:48.203+0000] {logging_mixin.py:188} INFO - [2024-04-05T23:20:48.202+0000] {dag.py:3834} INFO - Setting next_dagrun for example_branch_operator to 2024-04-04 00:00:00+00:00, run_after=2024-04-05 00:00:00+00:00
[2024-04-05T23:20:48.265+0000] {processor.py:183} INFO - Processing /home/airflow/.local/lib/python3.8/site-packages/airflow/example_dags/example_branch_operator.py took 0.147 seconds
[2024-04-05T23:21:18.743+0000] {processor.py:161} INFO - Started process (PID=2678) to work on /home/airflow/.local/lib/python3.8/site-packages/airflow/example_dags/example_branch_operator.py
[2024-04-05T23:21:18.744+0000] {processor.py:830} INFO - Processing file /home/airflow/.local/lib/python3.8/site-packages/airflow/example_dags/example_branch_operator.py for tasks to queue
[2024-04-05T23:21:18.747+0000] {logging_mixin.py:188} INFO - [2024-04-05T23:21:18.746+0000] {dagbag.py:540} INFO - Filling up the DagBag from /home/airflow/.local/lib/python3.8/site-packages/airflow/example_dags/example_branch_operator.py
[2024-04-05T23:21:18.767+0000] {processor.py:840} INFO - DAG(s) 'example_branch_operator' retrieved from /home/airflow/.local/lib/python3.8/site-packages/airflow/example_dags/example_branch_operator.py
[2024-04-05T23:21:18.802+0000] {logging_mixin.py:188} INFO - [2024-04-05T23:21:18.801+0000] {dag.py:3047} INFO - Sync 1 DAGs
[2024-04-05T23:21:18.823+0000] {logging_mixin.py:188} INFO - [2024-04-05T23:21:18.823+0000] {dag.py:3834} INFO - Setting next_dagrun for example_branch_operator to 2024-04-04 00:00:00+00:00, run_after=2024-04-05 00:00:00+00:00
[2024-04-05T23:21:18.882+0000] {processor.py:183} INFO - Processing /home/airflow/.local/lib/python3.8/site-packages/airflow/example_dags/example_branch_operator.py took 0.143 seconds
[2024-04-05T23:21:49.570+0000] {processor.py:161} INFO - Started process (PID=2733) to work on /home/airflow/.local/lib/python3.8/site-packages/airflow/example_dags/example_branch_operator.py
[2024-04-05T23:21:49.572+0000] {processor.py:830} INFO - Processing file /home/airflow/.local/lib/python3.8/site-packages/airflow/example_dags/example_branch_operator.py for tasks to queue
[2024-04-05T23:21:49.575+0000] {logging_mixin.py:188} INFO - [2024-04-05T23:21:49.575+0000] {dagbag.py:540} INFO - Filling up the DagBag from /home/airflow/.local/lib/python3.8/site-packages/airflow/example_dags/example_branch_operator.py
[2024-04-05T23:21:49.597+0000] {processor.py:840} INFO - DAG(s) 'example_branch_operator' retrieved from /home/airflow/.local/lib/python3.8/site-packages/airflow/example_dags/example_branch_operator.py
[2024-04-05T23:21:49.634+0000] {logging_mixin.py:188} INFO - [2024-04-05T23:21:49.634+0000] {dag.py:3047} INFO - Sync 1 DAGs
[2024-04-05T23:21:49.657+0000] {logging_mixin.py:188} INFO - [2024-04-05T23:21:49.657+0000] {dag.py:3834} INFO - Setting next_dagrun for example_branch_operator to 2024-04-04 00:00:00+00:00, run_after=2024-04-05 00:00:00+00:00
[2024-04-05T23:21:49.678+0000] {processor.py:183} INFO - Processing /home/airflow/.local/lib/python3.8/site-packages/airflow/example_dags/example_branch_operator.py took 0.111 seconds
[2024-04-05T23:22:20.015+0000] {processor.py:161} INFO - Started process (PID=2787) to work on /home/airflow/.local/lib/python3.8/site-packages/airflow/example_dags/example_branch_operator.py
[2024-04-05T23:22:20.016+0000] {processor.py:830} INFO - Processing file /home/airflow/.local/lib/python3.8/site-packages/airflow/example_dags/example_branch_operator.py for tasks to queue
[2024-04-05T23:22:20.018+0000] {logging_mixin.py:188} INFO - [2024-04-05T23:22:20.018+0000] {dagbag.py:540} INFO - Filling up the DagBag from /home/airflow/.local/lib/python3.8/site-packages/airflow/example_dags/example_branch_operator.py
[2024-04-05T23:22:20.034+0000] {processor.py:840} INFO - DAG(s) 'example_branch_operator' retrieved from /home/airflow/.local/lib/python3.8/site-packages/airflow/example_dags/example_branch_operator.py
[2024-04-05T23:22:20.064+0000] {logging_mixin.py:188} INFO - [2024-04-05T23:22:20.064+0000] {dag.py:3047} INFO - Sync 1 DAGs
[2024-04-05T23:22:20.086+0000] {logging_mixin.py:188} INFO - [2024-04-05T23:22:20.085+0000] {dag.py:3834} INFO - Setting next_dagrun for example_branch_operator to 2024-04-04 00:00:00+00:00, run_after=2024-04-05 00:00:00+00:00
[2024-04-05T23:22:20.149+0000] {processor.py:183} INFO - Processing /home/airflow/.local/lib/python3.8/site-packages/airflow/example_dags/example_branch_operator.py took 0.137 seconds
[2024-04-05T23:22:50.191+0000] {processor.py:161} INFO - Started process (PID=2842) to work on /home/airflow/.local/lib/python3.8/site-packages/airflow/example_dags/example_branch_operator.py
[2024-04-05T23:22:50.192+0000] {processor.py:830} INFO - Processing file /home/airflow/.local/lib/python3.8/site-packages/airflow/example_dags/example_branch_operator.py for tasks to queue
[2024-04-05T23:22:50.195+0000] {logging_mixin.py:188} INFO - [2024-04-05T23:22:50.194+0000] {dagbag.py:540} INFO - Filling up the DagBag from /home/airflow/.local/lib/python3.8/site-packages/airflow/example_dags/example_branch_operator.py
[2024-04-05T23:22:50.214+0000] {processor.py:840} INFO - DAG(s) 'example_branch_operator' retrieved from /home/airflow/.local/lib/python3.8/site-packages/airflow/example_dags/example_branch_operator.py
[2024-04-05T23:22:50.249+0000] {logging_mixin.py:188} INFO - [2024-04-05T23:22:50.249+0000] {dag.py:3047} INFO - Sync 1 DAGs
[2024-04-05T23:22:50.275+0000] {logging_mixin.py:188} INFO - [2024-04-05T23:22:50.275+0000] {dag.py:3834} INFO - Setting next_dagrun for example_branch_operator to 2024-04-04 00:00:00+00:00, run_after=2024-04-05 00:00:00+00:00
[2024-04-05T23:22:50.340+0000] {processor.py:183} INFO - Processing /home/airflow/.local/lib/python3.8/site-packages/airflow/example_dags/example_branch_operator.py took 0.153 seconds
[2024-04-05T23:23:20.415+0000] {processor.py:161} INFO - Started process (PID=2897) to work on /home/airflow/.local/lib/python3.8/site-packages/airflow/example_dags/example_branch_operator.py
[2024-04-05T23:23:20.416+0000] {processor.py:830} INFO - Processing file /home/airflow/.local/lib/python3.8/site-packages/airflow/example_dags/example_branch_operator.py for tasks to queue
[2024-04-05T23:23:20.418+0000] {logging_mixin.py:188} INFO - [2024-04-05T23:23:20.418+0000] {dagbag.py:540} INFO - Filling up the DagBag from /home/airflow/.local/lib/python3.8/site-packages/airflow/example_dags/example_branch_operator.py
[2024-04-05T23:23:20.434+0000] {processor.py:840} INFO - DAG(s) 'example_branch_operator' retrieved from /home/airflow/.local/lib/python3.8/site-packages/airflow/example_dags/example_branch_operator.py
[2024-04-05T23:23:20.460+0000] {logging_mixin.py:188} INFO - [2024-04-05T23:23:20.460+0000] {dag.py:3047} INFO - Sync 1 DAGs
[2024-04-05T23:23:20.482+0000] {logging_mixin.py:188} INFO - [2024-04-05T23:23:20.482+0000] {dag.py:3834} INFO - Setting next_dagrun for example_branch_operator to 2024-04-04 00:00:00+00:00, run_after=2024-04-05 00:00:00+00:00
[2024-04-05T23:23:20.548+0000] {processor.py:183} INFO - Processing /home/airflow/.local/lib/python3.8/site-packages/airflow/example_dags/example_branch_operator.py took 0.136 seconds
[2024-04-05T23:23:52.011+0000] {processor.py:161} INFO - Started process (PID=2952) to work on /home/airflow/.local/lib/python3.8/site-packages/airflow/example_dags/example_branch_operator.py
[2024-04-05T23:23:52.012+0000] {processor.py:830} INFO - Processing file /home/airflow/.local/lib/python3.8/site-packages/airflow/example_dags/example_branch_operator.py for tasks to queue
[2024-04-05T23:23:52.014+0000] {logging_mixin.py:188} INFO - [2024-04-05T23:23:52.014+0000] {dagbag.py:540} INFO - Filling up the DagBag from /home/airflow/.local/lib/python3.8/site-packages/airflow/example_dags/example_branch_operator.py
[2024-04-05T23:23:52.033+0000] {processor.py:840} INFO - DAG(s) 'example_branch_operator' retrieved from /home/airflow/.local/lib/python3.8/site-packages/airflow/example_dags/example_branch_operator.py
[2024-04-05T23:23:52.067+0000] {logging_mixin.py:188} INFO - [2024-04-05T23:23:52.066+0000] {dag.py:3047} INFO - Sync 1 DAGs
[2024-04-05T23:23:52.093+0000] {logging_mixin.py:188} INFO - [2024-04-05T23:23:52.093+0000] {dag.py:3834} INFO - Setting next_dagrun for example_branch_operator to 2024-04-04 00:00:00+00:00, run_after=2024-04-05 00:00:00+00:00
[2024-04-05T23:23:52.155+0000] {processor.py:183} INFO - Processing /home/airflow/.local/lib/python3.8/site-packages/airflow/example_dags/example_branch_operator.py took 0.148 seconds
[2024-04-05T23:24:22.511+0000] {processor.py:161} INFO - Started process (PID=3008) to work on /home/airflow/.local/lib/python3.8/site-packages/airflow/example_dags/example_branch_operator.py
[2024-04-05T23:24:22.512+0000] {processor.py:830} INFO - Processing file /home/airflow/.local/lib/python3.8/site-packages/airflow/example_dags/example_branch_operator.py for tasks to queue
[2024-04-05T23:24:22.514+0000] {logging_mixin.py:188} INFO - [2024-04-05T23:24:22.513+0000] {dagbag.py:540} INFO - Filling up the DagBag from /home/airflow/.local/lib/python3.8/site-packages/airflow/example_dags/example_branch_operator.py
[2024-04-05T23:24:22.533+0000] {processor.py:840} INFO - DAG(s) 'example_branch_operator' retrieved from /home/airflow/.local/lib/python3.8/site-packages/airflow/example_dags/example_branch_operator.py
[2024-04-05T23:24:22.567+0000] {logging_mixin.py:188} INFO - [2024-04-05T23:24:22.567+0000] {dag.py:3047} INFO - Sync 1 DAGs
[2024-04-05T23:24:22.596+0000] {logging_mixin.py:188} INFO - [2024-04-05T23:24:22.596+0000] {dag.py:3834} INFO - Setting next_dagrun for example_branch_operator to 2024-04-04 00:00:00+00:00, run_after=2024-04-05 00:00:00+00:00
[2024-04-05T23:24:22.655+0000] {processor.py:183} INFO - Processing /home/airflow/.local/lib/python3.8/site-packages/airflow/example_dags/example_branch_operator.py took 0.148 seconds
[2024-04-05T23:24:52.783+0000] {processor.py:161} INFO - Started process (PID=3064) to work on /home/airflow/.local/lib/python3.8/site-packages/airflow/example_dags/example_branch_operator.py
[2024-04-05T23:24:52.785+0000] {processor.py:830} INFO - Processing file /home/airflow/.local/lib/python3.8/site-packages/airflow/example_dags/example_branch_operator.py for tasks to queue
[2024-04-05T23:24:52.788+0000] {logging_mixin.py:188} INFO - [2024-04-05T23:24:52.787+0000] {dagbag.py:540} INFO - Filling up the DagBag from /home/airflow/.local/lib/python3.8/site-packages/airflow/example_dags/example_branch_operator.py
[2024-04-05T23:24:52.809+0000] {processor.py:840} INFO - DAG(s) 'example_branch_operator' retrieved from /home/airflow/.local/lib/python3.8/site-packages/airflow/example_dags/example_branch_operator.py
[2024-04-05T23:24:52.842+0000] {logging_mixin.py:188} INFO - [2024-04-05T23:24:52.842+0000] {dag.py:3047} INFO - Sync 1 DAGs
[2024-04-05T23:24:52.867+0000] {logging_mixin.py:188} INFO - [2024-04-05T23:24:52.866+0000] {dag.py:3834} INFO - Setting next_dagrun for example_branch_operator to 2024-04-04 00:00:00+00:00, run_after=2024-04-05 00:00:00+00:00
[2024-04-05T23:24:52.891+0000] {processor.py:183} INFO - Processing /home/airflow/.local/lib/python3.8/site-packages/airflow/example_dags/example_branch_operator.py took 0.112 seconds
[2024-04-05T23:25:23.223+0000] {processor.py:161} INFO - Started process (PID=3119) to work on /home/airflow/.local/lib/python3.8/site-packages/airflow/example_dags/example_branch_operator.py
[2024-04-05T23:25:23.224+0000] {processor.py:830} INFO - Processing file /home/airflow/.local/lib/python3.8/site-packages/airflow/example_dags/example_branch_operator.py for tasks to queue
[2024-04-05T23:25:23.227+0000] {logging_mixin.py:188} INFO - [2024-04-05T23:25:23.227+0000] {dagbag.py:540} INFO - Filling up the DagBag from /home/airflow/.local/lib/python3.8/site-packages/airflow/example_dags/example_branch_operator.py
[2024-04-05T23:25:23.246+0000] {processor.py:840} INFO - DAG(s) 'example_branch_operator' retrieved from /home/airflow/.local/lib/python3.8/site-packages/airflow/example_dags/example_branch_operator.py
[2024-04-05T23:25:23.278+0000] {logging_mixin.py:188} INFO - [2024-04-05T23:25:23.277+0000] {dag.py:3047} INFO - Sync 1 DAGs
[2024-04-05T23:25:23.302+0000] {logging_mixin.py:188} INFO - [2024-04-05T23:25:23.302+0000] {dag.py:3834} INFO - Setting next_dagrun for example_branch_operator to 2024-04-04 00:00:00+00:00, run_after=2024-04-05 00:00:00+00:00
[2024-04-05T23:25:23.364+0000] {processor.py:183} INFO - Processing /home/airflow/.local/lib/python3.8/site-packages/airflow/example_dags/example_branch_operator.py took 0.145 seconds
[2024-04-05T23:25:53.768+0000] {processor.py:161} INFO - Started process (PID=3174) to work on /home/airflow/.local/lib/python3.8/site-packages/airflow/example_dags/example_branch_operator.py
[2024-04-05T23:25:53.769+0000] {processor.py:830} INFO - Processing file /home/airflow/.local/lib/python3.8/site-packages/airflow/example_dags/example_branch_operator.py for tasks to queue
[2024-04-05T23:25:53.772+0000] {logging_mixin.py:188} INFO - [2024-04-05T23:25:53.771+0000] {dagbag.py:540} INFO - Filling up the DagBag from /home/airflow/.local/lib/python3.8/site-packages/airflow/example_dags/example_branch_operator.py
[2024-04-05T23:25:53.790+0000] {processor.py:840} INFO - DAG(s) 'example_branch_operator' retrieved from /home/airflow/.local/lib/python3.8/site-packages/airflow/example_dags/example_branch_operator.py
[2024-04-05T23:25:53.820+0000] {logging_mixin.py:188} INFO - [2024-04-05T23:25:53.820+0000] {dag.py:3047} INFO - Sync 1 DAGs
[2024-04-05T23:25:53.846+0000] {logging_mixin.py:188} INFO - [2024-04-05T23:25:53.846+0000] {dag.py:3834} INFO - Setting next_dagrun for example_branch_operator to 2024-04-04 00:00:00+00:00, run_after=2024-04-05 00:00:00+00:00
[2024-04-05T23:25:53.905+0000] {processor.py:183} INFO - Processing /home/airflow/.local/lib/python3.8/site-packages/airflow/example_dags/example_branch_operator.py took 0.141 seconds
[2024-04-05T23:26:24.096+0000] {processor.py:161} INFO - Started process (PID=3229) to work on /home/airflow/.local/lib/python3.8/site-packages/airflow/example_dags/example_branch_operator.py
[2024-04-05T23:26:24.097+0000] {processor.py:830} INFO - Processing file /home/airflow/.local/lib/python3.8/site-packages/airflow/example_dags/example_branch_operator.py for tasks to queue
[2024-04-05T23:26:24.099+0000] {logging_mixin.py:188} INFO - [2024-04-05T23:26:24.099+0000] {dagbag.py:540} INFO - Filling up the DagBag from /home/airflow/.local/lib/python3.8/site-packages/airflow/example_dags/example_branch_operator.py
[2024-04-05T23:26:24.118+0000] {processor.py:840} INFO - DAG(s) 'example_branch_operator' retrieved from /home/airflow/.local/lib/python3.8/site-packages/airflow/example_dags/example_branch_operator.py
[2024-04-05T23:26:24.154+0000] {logging_mixin.py:188} INFO - [2024-04-05T23:26:24.154+0000] {dag.py:3047} INFO - Sync 1 DAGs
[2024-04-05T23:26:24.181+0000] {logging_mixin.py:188} INFO - [2024-04-05T23:26:24.181+0000] {dag.py:3834} INFO - Setting next_dagrun for example_branch_operator to 2024-04-04 00:00:00+00:00, run_after=2024-04-05 00:00:00+00:00
[2024-04-05T23:26:24.207+0000] {processor.py:183} INFO - Processing /home/airflow/.local/lib/python3.8/site-packages/airflow/example_dags/example_branch_operator.py took 0.116 seconds
[2024-04-05T23:26:54.713+0000] {processor.py:161} INFO - Started process (PID=3290) to work on /home/airflow/.local/lib/python3.8/site-packages/airflow/example_dags/example_branch_operator.py
[2024-04-05T23:26:54.714+0000] {processor.py:830} INFO - Processing file /home/airflow/.local/lib/python3.8/site-packages/airflow/example_dags/example_branch_operator.py for tasks to queue
[2024-04-05T23:26:54.717+0000] {logging_mixin.py:188} INFO - [2024-04-05T23:26:54.717+0000] {dagbag.py:540} INFO - Filling up the DagBag from /home/airflow/.local/lib/python3.8/site-packages/airflow/example_dags/example_branch_operator.py
[2024-04-05T23:26:54.741+0000] {processor.py:840} INFO - DAG(s) 'example_branch_operator' retrieved from /home/airflow/.local/lib/python3.8/site-packages/airflow/example_dags/example_branch_operator.py
[2024-04-05T23:26:54.774+0000] {logging_mixin.py:188} INFO - [2024-04-05T23:26:54.773+0000] {dag.py:3047} INFO - Sync 1 DAGs
[2024-04-05T23:26:54.804+0000] {logging_mixin.py:188} INFO - [2024-04-05T23:26:54.804+0000] {dag.py:3834} INFO - Setting next_dagrun for example_branch_operator to 2024-04-04 00:00:00+00:00, run_after=2024-04-05 00:00:00+00:00
[2024-04-05T23:26:54.841+0000] {processor.py:183} INFO - Processing /home/airflow/.local/lib/python3.8/site-packages/airflow/example_dags/example_branch_operator.py took 0.132 seconds
[2024-04-05T23:27:25.483+0000] {processor.py:161} INFO - Started process (PID=3345) to work on /home/airflow/.local/lib/python3.8/site-packages/airflow/example_dags/example_branch_operator.py
[2024-04-05T23:27:25.484+0000] {processor.py:830} INFO - Processing file /home/airflow/.local/lib/python3.8/site-packages/airflow/example_dags/example_branch_operator.py for tasks to queue
[2024-04-05T23:27:25.488+0000] {logging_mixin.py:188} INFO - [2024-04-05T23:27:25.487+0000] {dagbag.py:540} INFO - Filling up the DagBag from /home/airflow/.local/lib/python3.8/site-packages/airflow/example_dags/example_branch_operator.py
[2024-04-05T23:27:25.509+0000] {processor.py:840} INFO - DAG(s) 'example_branch_operator' retrieved from /home/airflow/.local/lib/python3.8/site-packages/airflow/example_dags/example_branch_operator.py
[2024-04-05T23:27:25.543+0000] {logging_mixin.py:188} INFO - [2024-04-05T23:27:25.543+0000] {dag.py:3047} INFO - Sync 1 DAGs
[2024-04-05T23:27:25.569+0000] {logging_mixin.py:188} INFO - [2024-04-05T23:27:25.569+0000] {dag.py:3834} INFO - Setting next_dagrun for example_branch_operator to 2024-04-04 00:00:00+00:00, run_after=2024-04-05 00:00:00+00:00
[2024-04-05T23:27:25.591+0000] {processor.py:183} INFO - Processing /home/airflow/.local/lib/python3.8/site-packages/airflow/example_dags/example_branch_operator.py took 0.111 seconds
[2024-04-05T23:27:55.907+0000] {processor.py:161} INFO - Started process (PID=3400) to work on /home/airflow/.local/lib/python3.8/site-packages/airflow/example_dags/example_branch_operator.py
[2024-04-05T23:27:55.909+0000] {processor.py:830} INFO - Processing file /home/airflow/.local/lib/python3.8/site-packages/airflow/example_dags/example_branch_operator.py for tasks to queue
[2024-04-05T23:27:55.912+0000] {logging_mixin.py:188} INFO - [2024-04-05T23:27:55.911+0000] {dagbag.py:540} INFO - Filling up the DagBag from /home/airflow/.local/lib/python3.8/site-packages/airflow/example_dags/example_branch_operator.py
[2024-04-05T23:27:55.930+0000] {processor.py:840} INFO - DAG(s) 'example_branch_operator' retrieved from /home/airflow/.local/lib/python3.8/site-packages/airflow/example_dags/example_branch_operator.py
[2024-04-05T23:27:55.966+0000] {logging_mixin.py:188} INFO - [2024-04-05T23:27:55.965+0000] {dag.py:3047} INFO - Sync 1 DAGs
[2024-04-05T23:27:55.989+0000] {logging_mixin.py:188} INFO - [2024-04-05T23:27:55.989+0000] {dag.py:3834} INFO - Setting next_dagrun for example_branch_operator to 2024-04-04 00:00:00+00:00, run_after=2024-04-05 00:00:00+00:00
[2024-04-05T23:27:56.049+0000] {processor.py:183} INFO - Processing /home/airflow/.local/lib/python3.8/site-packages/airflow/example_dags/example_branch_operator.py took 0.145 seconds
[2024-04-05T23:28:26.549+0000] {processor.py:161} INFO - Started process (PID=3455) to work on /home/airflow/.local/lib/python3.8/site-packages/airflow/example_dags/example_branch_operator.py
[2024-04-05T23:28:26.553+0000] {processor.py:830} INFO - Processing file /home/airflow/.local/lib/python3.8/site-packages/airflow/example_dags/example_branch_operator.py for tasks to queue
[2024-04-05T23:28:26.557+0000] {logging_mixin.py:188} INFO - [2024-04-05T23:28:26.556+0000] {dagbag.py:540} INFO - Filling up the DagBag from /home/airflow/.local/lib/python3.8/site-packages/airflow/example_dags/example_branch_operator.py
[2024-04-05T23:28:26.599+0000] {processor.py:840} INFO - DAG(s) 'example_branch_operator' retrieved from /home/airflow/.local/lib/python3.8/site-packages/airflow/example_dags/example_branch_operator.py
[2024-04-05T23:28:26.674+0000] {logging_mixin.py:188} INFO - [2024-04-05T23:28:26.674+0000] {dag.py:3047} INFO - Sync 1 DAGs
[2024-04-05T23:28:26.735+0000] {logging_mixin.py:188} INFO - [2024-04-05T23:28:26.734+0000] {dag.py:3834} INFO - Setting next_dagrun for example_branch_operator to 2024-04-04 00:00:00+00:00, run_after=2024-04-05 00:00:00+00:00
[2024-04-05T23:28:26.776+0000] {processor.py:183} INFO - Processing /home/airflow/.local/lib/python3.8/site-packages/airflow/example_dags/example_branch_operator.py took 0.234 seconds
