[2024-04-05T22:57:17.455+0000] {processor.py:161} INFO - Started process (PID=79) to work on /home/airflow/.local/lib/python3.8/site-packages/airflow/example_dags/example_latest_only_with_trigger.py
[2024-04-05T22:57:17.457+0000] {processor.py:830} INFO - Processing file /home/airflow/.local/lib/python3.8/site-packages/airflow/example_dags/example_latest_only_with_trigger.py for tasks to queue
[2024-04-05T22:57:17.462+0000] {logging_mixin.py:188} INFO - [2024-04-05T22:57:17.461+0000] {dagbag.py:540} INFO - Filling up the DagBag from /home/airflow/.local/lib/python3.8/site-packages/airflow/example_dags/example_latest_only_with_trigger.py
[2024-04-05T22:57:17.473+0000] {processor.py:840} INFO - DAG(s) 'latest_only_with_trigger' retrieved from /home/airflow/.local/lib/python3.8/site-packages/airflow/example_dags/example_latest_only_with_trigger.py
[2024-04-05T22:57:17.515+0000] {logging_mixin.py:188} INFO - [2024-04-05T22:57:17.515+0000] {dag.py:3047} INFO - Sync 1 DAGs
[2024-04-05T22:57:17.564+0000] {logging_mixin.py:188} INFO - [2024-04-05T22:57:17.564+0000] {dag.py:3834} INFO - Setting next_dagrun for latest_only_with_trigger to 2024-04-05 16:00:00+00:00, run_after=2024-04-05 20:00:00+00:00
[2024-04-05T22:57:18.050+0000] {processor.py:183} INFO - Processing /home/airflow/.local/lib/python3.8/site-packages/airflow/example_dags/example_latest_only_with_trigger.py took 0.602 seconds
[2024-04-05T22:57:48.955+0000] {processor.py:161} INFO - Started process (PID=134) to work on /home/airflow/.local/lib/python3.8/site-packages/airflow/example_dags/example_latest_only_with_trigger.py
[2024-04-05T22:57:48.957+0000] {processor.py:830} INFO - Processing file /home/airflow/.local/lib/python3.8/site-packages/airflow/example_dags/example_latest_only_with_trigger.py for tasks to queue
[2024-04-05T22:57:48.960+0000] {logging_mixin.py:188} INFO - [2024-04-05T22:57:48.959+0000] {dagbag.py:540} INFO - Filling up the DagBag from /home/airflow/.local/lib/python3.8/site-packages/airflow/example_dags/example_latest_only_with_trigger.py
[2024-04-05T22:57:48.968+0000] {processor.py:840} INFO - DAG(s) 'latest_only_with_trigger' retrieved from /home/airflow/.local/lib/python3.8/site-packages/airflow/example_dags/example_latest_only_with_trigger.py
[2024-04-05T22:57:48.993+0000] {logging_mixin.py:188} INFO - [2024-04-05T22:57:48.992+0000] {dag.py:3047} INFO - Sync 1 DAGs
[2024-04-05T22:57:49.020+0000] {logging_mixin.py:188} INFO - [2024-04-05T22:57:49.019+0000] {dag.py:3834} INFO - Setting next_dagrun for latest_only_with_trigger to 2024-04-05 16:00:00+00:00, run_after=2024-04-05 20:00:00+00:00
[2024-04-05T22:57:49.042+0000] {processor.py:183} INFO - Processing /home/airflow/.local/lib/python3.8/site-packages/airflow/example_dags/example_latest_only_with_trigger.py took 0.091 seconds
[2024-04-05T22:58:19.677+0000] {processor.py:161} INFO - Started process (PID=189) to work on /home/airflow/.local/lib/python3.8/site-packages/airflow/example_dags/example_latest_only_with_trigger.py
[2024-04-05T22:58:19.680+0000] {processor.py:830} INFO - Processing file /home/airflow/.local/lib/python3.8/site-packages/airflow/example_dags/example_latest_only_with_trigger.py for tasks to queue
[2024-04-05T22:58:19.682+0000] {logging_mixin.py:188} INFO - [2024-04-05T22:58:19.682+0000] {dagbag.py:540} INFO - Filling up the DagBag from /home/airflow/.local/lib/python3.8/site-packages/airflow/example_dags/example_latest_only_with_trigger.py
[2024-04-05T22:58:19.690+0000] {processor.py:840} INFO - DAG(s) 'latest_only_with_trigger' retrieved from /home/airflow/.local/lib/python3.8/site-packages/airflow/example_dags/example_latest_only_with_trigger.py
[2024-04-05T22:58:19.716+0000] {logging_mixin.py:188} INFO - [2024-04-05T22:58:19.716+0000] {dag.py:3047} INFO - Sync 1 DAGs
[2024-04-05T22:58:19.745+0000] {logging_mixin.py:188} INFO - [2024-04-05T22:58:19.745+0000] {dag.py:3834} INFO - Setting next_dagrun for latest_only_with_trigger to 2024-04-05 16:00:00+00:00, run_after=2024-04-05 20:00:00+00:00
[2024-04-05T22:58:19.804+0000] {processor.py:183} INFO - Processing /home/airflow/.local/lib/python3.8/site-packages/airflow/example_dags/example_latest_only_with_trigger.py took 0.132 seconds
[2024-04-05T22:58:50.234+0000] {processor.py:161} INFO - Started process (PID=244) to work on /home/airflow/.local/lib/python3.8/site-packages/airflow/example_dags/example_latest_only_with_trigger.py
[2024-04-05T22:58:50.236+0000] {processor.py:830} INFO - Processing file /home/airflow/.local/lib/python3.8/site-packages/airflow/example_dags/example_latest_only_with_trigger.py for tasks to queue
[2024-04-05T22:58:50.240+0000] {logging_mixin.py:188} INFO - [2024-04-05T22:58:50.239+0000] {dagbag.py:540} INFO - Filling up the DagBag from /home/airflow/.local/lib/python3.8/site-packages/airflow/example_dags/example_latest_only_with_trigger.py
[2024-04-05T22:58:50.247+0000] {processor.py:840} INFO - DAG(s) 'latest_only_with_trigger' retrieved from /home/airflow/.local/lib/python3.8/site-packages/airflow/example_dags/example_latest_only_with_trigger.py
[2024-04-05T22:58:50.278+0000] {logging_mixin.py:188} INFO - [2024-04-05T22:58:50.278+0000] {dag.py:3047} INFO - Sync 1 DAGs
[2024-04-05T22:58:50.310+0000] {logging_mixin.py:188} INFO - [2024-04-05T22:58:50.309+0000] {dag.py:3834} INFO - Setting next_dagrun for latest_only_with_trigger to 2024-04-05 16:00:00+00:00, run_after=2024-04-05 20:00:00+00:00
[2024-04-05T22:58:50.334+0000] {processor.py:183} INFO - Processing /home/airflow/.local/lib/python3.8/site-packages/airflow/example_dags/example_latest_only_with_trigger.py took 0.104 seconds
[2024-04-05T22:59:22.876+0000] {processor.py:161} INFO - Started process (PID=305) to work on /home/airflow/.local/lib/python3.8/site-packages/airflow/example_dags/example_latest_only_with_trigger.py
[2024-04-05T22:59:22.879+0000] {processor.py:830} INFO - Processing file /home/airflow/.local/lib/python3.8/site-packages/airflow/example_dags/example_latest_only_with_trigger.py for tasks to queue
[2024-04-05T22:59:22.882+0000] {logging_mixin.py:188} INFO - [2024-04-05T22:59:22.882+0000] {dagbag.py:540} INFO - Filling up the DagBag from /home/airflow/.local/lib/python3.8/site-packages/airflow/example_dags/example_latest_only_with_trigger.py
[2024-04-05T22:59:22.889+0000] {processor.py:840} INFO - DAG(s) 'latest_only_with_trigger' retrieved from /home/airflow/.local/lib/python3.8/site-packages/airflow/example_dags/example_latest_only_with_trigger.py
[2024-04-05T22:59:22.926+0000] {logging_mixin.py:188} INFO - [2024-04-05T22:59:22.925+0000] {dag.py:3047} INFO - Sync 1 DAGs
[2024-04-05T22:59:23.180+0000] {logging_mixin.py:188} INFO - [2024-04-05T22:59:23.180+0000] {dag.py:3834} INFO - Setting next_dagrun for latest_only_with_trigger to 2024-04-05 16:00:00+00:00, run_after=2024-04-05 20:00:00+00:00
[2024-04-05T22:59:23.214+0000] {processor.py:183} INFO - Processing /home/airflow/.local/lib/python3.8/site-packages/airflow/example_dags/example_latest_only_with_trigger.py took 0.343 seconds
[2024-04-05T22:59:53.306+0000] {processor.py:161} INFO - Started process (PID=360) to work on /home/airflow/.local/lib/python3.8/site-packages/airflow/example_dags/example_latest_only_with_trigger.py
[2024-04-05T22:59:53.308+0000] {processor.py:830} INFO - Processing file /home/airflow/.local/lib/python3.8/site-packages/airflow/example_dags/example_latest_only_with_trigger.py for tasks to queue
[2024-04-05T22:59:53.311+0000] {logging_mixin.py:188} INFO - [2024-04-05T22:59:53.311+0000] {dagbag.py:540} INFO - Filling up the DagBag from /home/airflow/.local/lib/python3.8/site-packages/airflow/example_dags/example_latest_only_with_trigger.py
[2024-04-05T22:59:53.319+0000] {processor.py:840} INFO - DAG(s) 'latest_only_with_trigger' retrieved from /home/airflow/.local/lib/python3.8/site-packages/airflow/example_dags/example_latest_only_with_trigger.py
[2024-04-05T22:59:53.355+0000] {logging_mixin.py:188} INFO - [2024-04-05T22:59:53.355+0000] {dag.py:3047} INFO - Sync 1 DAGs
[2024-04-05T22:59:53.388+0000] {logging_mixin.py:188} INFO - [2024-04-05T22:59:53.387+0000] {dag.py:3834} INFO - Setting next_dagrun for latest_only_with_trigger to 2024-04-05 16:00:00+00:00, run_after=2024-04-05 20:00:00+00:00
[2024-04-05T22:59:53.590+0000] {processor.py:183} INFO - Processing /home/airflow/.local/lib/python3.8/site-packages/airflow/example_dags/example_latest_only_with_trigger.py took 0.288 seconds
[2024-04-05T23:00:24.407+0000] {processor.py:161} INFO - Started process (PID=415) to work on /home/airflow/.local/lib/python3.8/site-packages/airflow/example_dags/example_latest_only_with_trigger.py
[2024-04-05T23:00:24.409+0000] {processor.py:830} INFO - Processing file /home/airflow/.local/lib/python3.8/site-packages/airflow/example_dags/example_latest_only_with_trigger.py for tasks to queue
[2024-04-05T23:00:24.412+0000] {logging_mixin.py:188} INFO - [2024-04-05T23:00:24.412+0000] {dagbag.py:540} INFO - Filling up the DagBag from /home/airflow/.local/lib/python3.8/site-packages/airflow/example_dags/example_latest_only_with_trigger.py
[2024-04-05T23:00:24.421+0000] {processor.py:840} INFO - DAG(s) 'latest_only_with_trigger' retrieved from /home/airflow/.local/lib/python3.8/site-packages/airflow/example_dags/example_latest_only_with_trigger.py
[2024-04-05T23:00:24.455+0000] {logging_mixin.py:188} INFO - [2024-04-05T23:00:24.454+0000] {dag.py:3047} INFO - Sync 1 DAGs
[2024-04-05T23:00:24.484+0000] {logging_mixin.py:188} INFO - [2024-04-05T23:00:24.484+0000] {dag.py:3834} INFO - Setting next_dagrun for latest_only_with_trigger to 2024-04-05 16:00:00+00:00, run_after=2024-04-05 20:00:00+00:00
[2024-04-05T23:00:24.510+0000] {processor.py:183} INFO - Processing /home/airflow/.local/lib/python3.8/site-packages/airflow/example_dags/example_latest_only_with_trigger.py took 0.108 seconds
[2024-04-05T23:00:55.001+0000] {processor.py:161} INFO - Started process (PID=470) to work on /home/airflow/.local/lib/python3.8/site-packages/airflow/example_dags/example_latest_only_with_trigger.py
[2024-04-05T23:00:55.003+0000] {processor.py:830} INFO - Processing file /home/airflow/.local/lib/python3.8/site-packages/airflow/example_dags/example_latest_only_with_trigger.py for tasks to queue
[2024-04-05T23:00:55.007+0000] {logging_mixin.py:188} INFO - [2024-04-05T23:00:55.006+0000] {dagbag.py:540} INFO - Filling up the DagBag from /home/airflow/.local/lib/python3.8/site-packages/airflow/example_dags/example_latest_only_with_trigger.py
[2024-04-05T23:00:55.016+0000] {processor.py:840} INFO - DAG(s) 'latest_only_with_trigger' retrieved from /home/airflow/.local/lib/python3.8/site-packages/airflow/example_dags/example_latest_only_with_trigger.py
[2024-04-05T23:00:55.049+0000] {logging_mixin.py:188} INFO - [2024-04-05T23:00:55.048+0000] {dag.py:3047} INFO - Sync 1 DAGs
[2024-04-05T23:00:55.078+0000] {logging_mixin.py:188} INFO - [2024-04-05T23:00:55.077+0000] {dag.py:3834} INFO - Setting next_dagrun for latest_only_with_trigger to 2024-04-05 16:00:00+00:00, run_after=2024-04-05 20:00:00+00:00
[2024-04-05T23:00:55.104+0000] {processor.py:183} INFO - Processing /home/airflow/.local/lib/python3.8/site-packages/airflow/example_dags/example_latest_only_with_trigger.py took 0.108 seconds
[2024-04-05T23:01:25.480+0000] {processor.py:161} INFO - Started process (PID=525) to work on /home/airflow/.local/lib/python3.8/site-packages/airflow/example_dags/example_latest_only_with_trigger.py
[2024-04-05T23:01:25.482+0000] {processor.py:830} INFO - Processing file /home/airflow/.local/lib/python3.8/site-packages/airflow/example_dags/example_latest_only_with_trigger.py for tasks to queue
[2024-04-05T23:01:25.485+0000] {logging_mixin.py:188} INFO - [2024-04-05T23:01:25.485+0000] {dagbag.py:540} INFO - Filling up the DagBag from /home/airflow/.local/lib/python3.8/site-packages/airflow/example_dags/example_latest_only_with_trigger.py
[2024-04-05T23:01:25.494+0000] {processor.py:840} INFO - DAG(s) 'latest_only_with_trigger' retrieved from /home/airflow/.local/lib/python3.8/site-packages/airflow/example_dags/example_latest_only_with_trigger.py
[2024-04-05T23:01:25.677+0000] {logging_mixin.py:188} INFO - [2024-04-05T23:01:25.677+0000] {dag.py:3047} INFO - Sync 1 DAGs
[2024-04-05T23:01:25.712+0000] {logging_mixin.py:188} INFO - [2024-04-05T23:01:25.712+0000] {dag.py:3834} INFO - Setting next_dagrun for latest_only_with_trigger to 2024-04-05 16:00:00+00:00, run_after=2024-04-05 20:00:00+00:00
[2024-04-05T23:01:25.774+0000] {processor.py:183} INFO - Processing /home/airflow/.local/lib/python3.8/site-packages/airflow/example_dags/example_latest_only_with_trigger.py took 0.298 seconds
[2024-04-05T23:01:56.273+0000] {processor.py:161} INFO - Started process (PID=580) to work on /home/airflow/.local/lib/python3.8/site-packages/airflow/example_dags/example_latest_only_with_trigger.py
[2024-04-05T23:01:56.275+0000] {processor.py:830} INFO - Processing file /home/airflow/.local/lib/python3.8/site-packages/airflow/example_dags/example_latest_only_with_trigger.py for tasks to queue
[2024-04-05T23:01:56.277+0000] {logging_mixin.py:188} INFO - [2024-04-05T23:01:56.277+0000] {dagbag.py:540} INFO - Filling up the DagBag from /home/airflow/.local/lib/python3.8/site-packages/airflow/example_dags/example_latest_only_with_trigger.py
[2024-04-05T23:01:56.285+0000] {processor.py:840} INFO - DAG(s) 'latest_only_with_trigger' retrieved from /home/airflow/.local/lib/python3.8/site-packages/airflow/example_dags/example_latest_only_with_trigger.py
[2024-04-05T23:01:56.313+0000] {logging_mixin.py:188} INFO - [2024-04-05T23:01:56.313+0000] {dag.py:3047} INFO - Sync 1 DAGs
[2024-04-05T23:01:56.343+0000] {logging_mixin.py:188} INFO - [2024-04-05T23:01:56.343+0000] {dag.py:3834} INFO - Setting next_dagrun for latest_only_with_trigger to 2024-04-05 16:00:00+00:00, run_after=2024-04-05 20:00:00+00:00
[2024-04-05T23:01:56.369+0000] {processor.py:183} INFO - Processing /home/airflow/.local/lib/python3.8/site-packages/airflow/example_dags/example_latest_only_with_trigger.py took 0.101 seconds
[2024-04-05T23:02:26.586+0000] {processor.py:161} INFO - Started process (PID=635) to work on /home/airflow/.local/lib/python3.8/site-packages/airflow/example_dags/example_latest_only_with_trigger.py
[2024-04-05T23:02:26.588+0000] {processor.py:830} INFO - Processing file /home/airflow/.local/lib/python3.8/site-packages/airflow/example_dags/example_latest_only_with_trigger.py for tasks to queue
[2024-04-05T23:02:26.592+0000] {logging_mixin.py:188} INFO - [2024-04-05T23:02:26.591+0000] {dagbag.py:540} INFO - Filling up the DagBag from /home/airflow/.local/lib/python3.8/site-packages/airflow/example_dags/example_latest_only_with_trigger.py
[2024-04-05T23:02:26.601+0000] {processor.py:840} INFO - DAG(s) 'latest_only_with_trigger' retrieved from /home/airflow/.local/lib/python3.8/site-packages/airflow/example_dags/example_latest_only_with_trigger.py
[2024-04-05T23:02:26.630+0000] {logging_mixin.py:188} INFO - [2024-04-05T23:02:26.630+0000] {dag.py:3047} INFO - Sync 1 DAGs
[2024-04-05T23:02:26.661+0000] {logging_mixin.py:188} INFO - [2024-04-05T23:02:26.661+0000] {dag.py:3834} INFO - Setting next_dagrun for latest_only_with_trigger to 2024-04-05 16:00:00+00:00, run_after=2024-04-05 20:00:00+00:00
[2024-04-05T23:02:26.685+0000] {processor.py:183} INFO - Processing /home/airflow/.local/lib/python3.8/site-packages/airflow/example_dags/example_latest_only_with_trigger.py took 0.104 seconds
[2024-04-05T23:02:57.174+0000] {processor.py:161} INFO - Started process (PID=690) to work on /home/airflow/.local/lib/python3.8/site-packages/airflow/example_dags/example_latest_only_with_trigger.py
[2024-04-05T23:02:57.176+0000] {processor.py:830} INFO - Processing file /home/airflow/.local/lib/python3.8/site-packages/airflow/example_dags/example_latest_only_with_trigger.py for tasks to queue
[2024-04-05T23:02:57.179+0000] {logging_mixin.py:188} INFO - [2024-04-05T23:02:57.179+0000] {dagbag.py:540} INFO - Filling up the DagBag from /home/airflow/.local/lib/python3.8/site-packages/airflow/example_dags/example_latest_only_with_trigger.py
[2024-04-05T23:02:57.186+0000] {processor.py:840} INFO - DAG(s) 'latest_only_with_trigger' retrieved from /home/airflow/.local/lib/python3.8/site-packages/airflow/example_dags/example_latest_only_with_trigger.py
[2024-04-05T23:02:57.214+0000] {logging_mixin.py:188} INFO - [2024-04-05T23:02:57.214+0000] {dag.py:3047} INFO - Sync 1 DAGs
[2024-04-05T23:02:57.243+0000] {logging_mixin.py:188} INFO - [2024-04-05T23:02:57.242+0000] {dag.py:3834} INFO - Setting next_dagrun for latest_only_with_trigger to 2024-04-05 16:00:00+00:00, run_after=2024-04-05 20:00:00+00:00
[2024-04-05T23:02:57.266+0000] {processor.py:183} INFO - Processing /home/airflow/.local/lib/python3.8/site-packages/airflow/example_dags/example_latest_only_with_trigger.py took 0.096 seconds
[2024-04-05T23:03:27.386+0000] {processor.py:161} INFO - Started process (PID=746) to work on /home/airflow/.local/lib/python3.8/site-packages/airflow/example_dags/example_latest_only_with_trigger.py
[2024-04-05T23:03:27.387+0000] {processor.py:830} INFO - Processing file /home/airflow/.local/lib/python3.8/site-packages/airflow/example_dags/example_latest_only_with_trigger.py for tasks to queue
[2024-04-05T23:03:27.390+0000] {logging_mixin.py:188} INFO - [2024-04-05T23:03:27.390+0000] {dagbag.py:540} INFO - Filling up the DagBag from /home/airflow/.local/lib/python3.8/site-packages/airflow/example_dags/example_latest_only_with_trigger.py
[2024-04-05T23:03:27.397+0000] {processor.py:840} INFO - DAG(s) 'latest_only_with_trigger' retrieved from /home/airflow/.local/lib/python3.8/site-packages/airflow/example_dags/example_latest_only_with_trigger.py
[2024-04-05T23:03:27.420+0000] {logging_mixin.py:188} INFO - [2024-04-05T23:03:27.420+0000] {dag.py:3047} INFO - Sync 1 DAGs
[2024-04-05T23:03:27.441+0000] {logging_mixin.py:188} INFO - [2024-04-05T23:03:27.441+0000] {dag.py:3834} INFO - Setting next_dagrun for latest_only_with_trigger to 2024-04-05 16:00:00+00:00, run_after=2024-04-05 20:00:00+00:00
[2024-04-05T23:03:27.460+0000] {processor.py:183} INFO - Processing /home/airflow/.local/lib/python3.8/site-packages/airflow/example_dags/example_latest_only_with_trigger.py took 0.076 seconds
[2024-04-05T23:03:57.860+0000] {processor.py:161} INFO - Started process (PID=801) to work on /home/airflow/.local/lib/python3.8/site-packages/airflow/example_dags/example_latest_only_with_trigger.py
[2024-04-05T23:03:57.861+0000] {processor.py:830} INFO - Processing file /home/airflow/.local/lib/python3.8/site-packages/airflow/example_dags/example_latest_only_with_trigger.py for tasks to queue
[2024-04-05T23:03:57.864+0000] {logging_mixin.py:188} INFO - [2024-04-05T23:03:57.863+0000] {dagbag.py:540} INFO - Filling up the DagBag from /home/airflow/.local/lib/python3.8/site-packages/airflow/example_dags/example_latest_only_with_trigger.py
[2024-04-05T23:03:57.871+0000] {processor.py:840} INFO - DAG(s) 'latest_only_with_trigger' retrieved from /home/airflow/.local/lib/python3.8/site-packages/airflow/example_dags/example_latest_only_with_trigger.py
[2024-04-05T23:03:57.894+0000] {logging_mixin.py:188} INFO - [2024-04-05T23:03:57.894+0000] {dag.py:3047} INFO - Sync 1 DAGs
[2024-04-05T23:03:57.915+0000] {logging_mixin.py:188} INFO - [2024-04-05T23:03:57.915+0000] {dag.py:3834} INFO - Setting next_dagrun for latest_only_with_trigger to 2024-04-05 16:00:00+00:00, run_after=2024-04-05 20:00:00+00:00
[2024-04-05T23:03:57.933+0000] {processor.py:183} INFO - Processing /home/airflow/.local/lib/python3.8/site-packages/airflow/example_dags/example_latest_only_with_trigger.py took 0.076 seconds
[2024-04-05T23:04:28.098+0000] {processor.py:161} INFO - Started process (PID=856) to work on /home/airflow/.local/lib/python3.8/site-packages/airflow/example_dags/example_latest_only_with_trigger.py
[2024-04-05T23:04:28.100+0000] {processor.py:830} INFO - Processing file /home/airflow/.local/lib/python3.8/site-packages/airflow/example_dags/example_latest_only_with_trigger.py for tasks to queue
[2024-04-05T23:04:28.103+0000] {logging_mixin.py:188} INFO - [2024-04-05T23:04:28.102+0000] {dagbag.py:540} INFO - Filling up the DagBag from /home/airflow/.local/lib/python3.8/site-packages/airflow/example_dags/example_latest_only_with_trigger.py
[2024-04-05T23:04:28.110+0000] {processor.py:840} INFO - DAG(s) 'latest_only_with_trigger' retrieved from /home/airflow/.local/lib/python3.8/site-packages/airflow/example_dags/example_latest_only_with_trigger.py
[2024-04-05T23:04:28.139+0000] {logging_mixin.py:188} INFO - [2024-04-05T23:04:28.139+0000] {dag.py:3047} INFO - Sync 1 DAGs
[2024-04-05T23:04:28.171+0000] {logging_mixin.py:188} INFO - [2024-04-05T23:04:28.170+0000] {dag.py:3834} INFO - Setting next_dagrun for latest_only_with_trigger to 2024-04-05 16:00:00+00:00, run_after=2024-04-05 20:00:00+00:00
[2024-04-05T23:04:28.196+0000] {processor.py:183} INFO - Processing /home/airflow/.local/lib/python3.8/site-packages/airflow/example_dags/example_latest_only_with_trigger.py took 0.102 seconds
[2024-04-05T23:04:58.868+0000] {processor.py:161} INFO - Started process (PID=911) to work on /home/airflow/.local/lib/python3.8/site-packages/airflow/example_dags/example_latest_only_with_trigger.py
[2024-04-05T23:04:58.871+0000] {processor.py:830} INFO - Processing file /home/airflow/.local/lib/python3.8/site-packages/airflow/example_dags/example_latest_only_with_trigger.py for tasks to queue
[2024-04-05T23:04:58.874+0000] {logging_mixin.py:188} INFO - [2024-04-05T23:04:58.873+0000] {dagbag.py:540} INFO - Filling up the DagBag from /home/airflow/.local/lib/python3.8/site-packages/airflow/example_dags/example_latest_only_with_trigger.py
[2024-04-05T23:04:58.884+0000] {processor.py:840} INFO - DAG(s) 'latest_only_with_trigger' retrieved from /home/airflow/.local/lib/python3.8/site-packages/airflow/example_dags/example_latest_only_with_trigger.py
[2024-04-05T23:04:58.918+0000] {logging_mixin.py:188} INFO - [2024-04-05T23:04:58.918+0000] {dag.py:3047} INFO - Sync 1 DAGs
[2024-04-05T23:04:58.962+0000] {logging_mixin.py:188} INFO - [2024-04-05T23:04:58.962+0000] {dag.py:3834} INFO - Setting next_dagrun for latest_only_with_trigger to 2024-04-05 16:00:00+00:00, run_after=2024-04-05 20:00:00+00:00
[2024-04-05T23:04:58.991+0000] {processor.py:183} INFO - Processing /home/airflow/.local/lib/python3.8/site-packages/airflow/example_dags/example_latest_only_with_trigger.py took 0.129 seconds
[2024-04-05T23:05:29.924+0000] {processor.py:161} INFO - Started process (PID=966) to work on /home/airflow/.local/lib/python3.8/site-packages/airflow/example_dags/example_latest_only_with_trigger.py
[2024-04-05T23:05:29.925+0000] {processor.py:830} INFO - Processing file /home/airflow/.local/lib/python3.8/site-packages/airflow/example_dags/example_latest_only_with_trigger.py for tasks to queue
[2024-04-05T23:05:29.928+0000] {logging_mixin.py:188} INFO - [2024-04-05T23:05:29.927+0000] {dagbag.py:540} INFO - Filling up the DagBag from /home/airflow/.local/lib/python3.8/site-packages/airflow/example_dags/example_latest_only_with_trigger.py
[2024-04-05T23:05:29.934+0000] {processor.py:840} INFO - DAG(s) 'latest_only_with_trigger' retrieved from /home/airflow/.local/lib/python3.8/site-packages/airflow/example_dags/example_latest_only_with_trigger.py
[2024-04-05T23:05:29.959+0000] {logging_mixin.py:188} INFO - [2024-04-05T23:05:29.959+0000] {dag.py:3047} INFO - Sync 1 DAGs
[2024-04-05T23:05:29.982+0000] {logging_mixin.py:188} INFO - [2024-04-05T23:05:29.982+0000] {dag.py:3834} INFO - Setting next_dagrun for latest_only_with_trigger to 2024-04-05 16:00:00+00:00, run_after=2024-04-05 20:00:00+00:00
[2024-04-05T23:05:30.043+0000] {processor.py:183} INFO - Processing /home/airflow/.local/lib/python3.8/site-packages/airflow/example_dags/example_latest_only_with_trigger.py took 0.122 seconds
[2024-04-05T23:06:00.094+0000] {processor.py:161} INFO - Started process (PID=1020) to work on /home/airflow/.local/lib/python3.8/site-packages/airflow/example_dags/example_latest_only_with_trigger.py
[2024-04-05T23:06:00.096+0000] {processor.py:830} INFO - Processing file /home/airflow/.local/lib/python3.8/site-packages/airflow/example_dags/example_latest_only_with_trigger.py for tasks to queue
[2024-04-05T23:06:00.098+0000] {logging_mixin.py:188} INFO - [2024-04-05T23:06:00.098+0000] {dagbag.py:540} INFO - Filling up the DagBag from /home/airflow/.local/lib/python3.8/site-packages/airflow/example_dags/example_latest_only_with_trigger.py
[2024-04-05T23:06:00.105+0000] {processor.py:840} INFO - DAG(s) 'latest_only_with_trigger' retrieved from /home/airflow/.local/lib/python3.8/site-packages/airflow/example_dags/example_latest_only_with_trigger.py
[2024-04-05T23:06:00.137+0000] {logging_mixin.py:188} INFO - [2024-04-05T23:06:00.137+0000] {dag.py:3047} INFO - Sync 1 DAGs
[2024-04-05T23:06:00.170+0000] {logging_mixin.py:188} INFO - [2024-04-05T23:06:00.169+0000] {dag.py:3834} INFO - Setting next_dagrun for latest_only_with_trigger to 2024-04-05 16:00:00+00:00, run_after=2024-04-05 20:00:00+00:00
[2024-04-05T23:06:00.234+0000] {processor.py:183} INFO - Processing /home/airflow/.local/lib/python3.8/site-packages/airflow/example_dags/example_latest_only_with_trigger.py took 0.144 seconds
[2024-04-05T23:06:30.457+0000] {processor.py:161} INFO - Started process (PID=1075) to work on /home/airflow/.local/lib/python3.8/site-packages/airflow/example_dags/example_latest_only_with_trigger.py
[2024-04-05T23:06:30.458+0000] {processor.py:830} INFO - Processing file /home/airflow/.local/lib/python3.8/site-packages/airflow/example_dags/example_latest_only_with_trigger.py for tasks to queue
[2024-04-05T23:06:30.461+0000] {logging_mixin.py:188} INFO - [2024-04-05T23:06:30.460+0000] {dagbag.py:540} INFO - Filling up the DagBag from /home/airflow/.local/lib/python3.8/site-packages/airflow/example_dags/example_latest_only_with_trigger.py
[2024-04-05T23:06:30.467+0000] {processor.py:840} INFO - DAG(s) 'latest_only_with_trigger' retrieved from /home/airflow/.local/lib/python3.8/site-packages/airflow/example_dags/example_latest_only_with_trigger.py
[2024-04-05T23:06:30.494+0000] {logging_mixin.py:188} INFO - [2024-04-05T23:06:30.494+0000] {dag.py:3047} INFO - Sync 1 DAGs
[2024-04-05T23:06:30.525+0000] {logging_mixin.py:188} INFO - [2024-04-05T23:06:30.525+0000] {dag.py:3834} INFO - Setting next_dagrun for latest_only_with_trigger to 2024-04-05 16:00:00+00:00, run_after=2024-04-05 20:00:00+00:00
[2024-04-05T23:06:30.550+0000] {processor.py:183} INFO - Processing /home/airflow/.local/lib/python3.8/site-packages/airflow/example_dags/example_latest_only_with_trigger.py took 0.097 seconds
[2024-04-05T23:07:02.004+0000] {processor.py:161} INFO - Started process (PID=1131) to work on /home/airflow/.local/lib/python3.8/site-packages/airflow/example_dags/example_latest_only_with_trigger.py
[2024-04-05T23:07:02.012+0000] {processor.py:830} INFO - Processing file /home/airflow/.local/lib/python3.8/site-packages/airflow/example_dags/example_latest_only_with_trigger.py for tasks to queue
[2024-04-05T23:07:02.017+0000] {logging_mixin.py:188} INFO - [2024-04-05T23:07:02.017+0000] {dagbag.py:540} INFO - Filling up the DagBag from /home/airflow/.local/lib/python3.8/site-packages/airflow/example_dags/example_latest_only_with_trigger.py
[2024-04-05T23:07:02.030+0000] {processor.py:840} INFO - DAG(s) 'latest_only_with_trigger' retrieved from /home/airflow/.local/lib/python3.8/site-packages/airflow/example_dags/example_latest_only_with_trigger.py
[2024-04-05T23:07:02.067+0000] {logging_mixin.py:188} INFO - [2024-04-05T23:07:02.067+0000] {dag.py:3047} INFO - Sync 1 DAGs
[2024-04-05T23:07:02.109+0000] {logging_mixin.py:188} INFO - [2024-04-05T23:07:02.108+0000] {dag.py:3834} INFO - Setting next_dagrun for latest_only_with_trigger to 2024-04-05 16:00:00+00:00, run_after=2024-04-05 20:00:00+00:00
[2024-04-05T23:07:02.143+0000] {processor.py:183} INFO - Processing /home/airflow/.local/lib/python3.8/site-packages/airflow/example_dags/example_latest_only_with_trigger.py took 0.146 seconds
[2024-04-05T23:07:32.368+0000] {processor.py:161} INFO - Started process (PID=1186) to work on /home/airflow/.local/lib/python3.8/site-packages/airflow/example_dags/example_latest_only_with_trigger.py
[2024-04-05T23:07:32.369+0000] {processor.py:830} INFO - Processing file /home/airflow/.local/lib/python3.8/site-packages/airflow/example_dags/example_latest_only_with_trigger.py for tasks to queue
[2024-04-05T23:07:32.372+0000] {logging_mixin.py:188} INFO - [2024-04-05T23:07:32.372+0000] {dagbag.py:540} INFO - Filling up the DagBag from /home/airflow/.local/lib/python3.8/site-packages/airflow/example_dags/example_latest_only_with_trigger.py
[2024-04-05T23:07:32.382+0000] {processor.py:840} INFO - DAG(s) 'latest_only_with_trigger' retrieved from /home/airflow/.local/lib/python3.8/site-packages/airflow/example_dags/example_latest_only_with_trigger.py
[2024-04-05T23:07:32.412+0000] {logging_mixin.py:188} INFO - [2024-04-05T23:07:32.411+0000] {dag.py:3047} INFO - Sync 1 DAGs
[2024-04-05T23:07:32.444+0000] {logging_mixin.py:188} INFO - [2024-04-05T23:07:32.443+0000] {dag.py:3834} INFO - Setting next_dagrun for latest_only_with_trigger to 2024-04-05 16:00:00+00:00, run_after=2024-04-05 20:00:00+00:00
[2024-04-05T23:07:32.473+0000] {processor.py:183} INFO - Processing /home/airflow/.local/lib/python3.8/site-packages/airflow/example_dags/example_latest_only_with_trigger.py took 0.109 seconds
[2024-04-05T23:08:02.777+0000] {processor.py:161} INFO - Started process (PID=1241) to work on /home/airflow/.local/lib/python3.8/site-packages/airflow/example_dags/example_latest_only_with_trigger.py
[2024-04-05T23:08:02.779+0000] {processor.py:830} INFO - Processing file /home/airflow/.local/lib/python3.8/site-packages/airflow/example_dags/example_latest_only_with_trigger.py for tasks to queue
[2024-04-05T23:08:02.782+0000] {logging_mixin.py:188} INFO - [2024-04-05T23:08:02.782+0000] {dagbag.py:540} INFO - Filling up the DagBag from /home/airflow/.local/lib/python3.8/site-packages/airflow/example_dags/example_latest_only_with_trigger.py
[2024-04-05T23:08:02.791+0000] {processor.py:840} INFO - DAG(s) 'latest_only_with_trigger' retrieved from /home/airflow/.local/lib/python3.8/site-packages/airflow/example_dags/example_latest_only_with_trigger.py
[2024-04-05T23:08:02.824+0000] {logging_mixin.py:188} INFO - [2024-04-05T23:08:02.823+0000] {dag.py:3047} INFO - Sync 1 DAGs
[2024-04-05T23:08:02.855+0000] {logging_mixin.py:188} INFO - [2024-04-05T23:08:02.855+0000] {dag.py:3834} INFO - Setting next_dagrun for latest_only_with_trigger to 2024-04-05 16:00:00+00:00, run_after=2024-04-05 20:00:00+00:00
[2024-04-05T23:08:02.884+0000] {processor.py:183} INFO - Processing /home/airflow/.local/lib/python3.8/site-packages/airflow/example_dags/example_latest_only_with_trigger.py took 0.113 seconds
[2024-04-05T23:08:33.408+0000] {processor.py:161} INFO - Started process (PID=1296) to work on /home/airflow/.local/lib/python3.8/site-packages/airflow/example_dags/example_latest_only_with_trigger.py
[2024-04-05T23:08:33.410+0000] {processor.py:830} INFO - Processing file /home/airflow/.local/lib/python3.8/site-packages/airflow/example_dags/example_latest_only_with_trigger.py for tasks to queue
[2024-04-05T23:08:33.412+0000] {logging_mixin.py:188} INFO - [2024-04-05T23:08:33.412+0000] {dagbag.py:540} INFO - Filling up the DagBag from /home/airflow/.local/lib/python3.8/site-packages/airflow/example_dags/example_latest_only_with_trigger.py
[2024-04-05T23:08:33.419+0000] {processor.py:840} INFO - DAG(s) 'latest_only_with_trigger' retrieved from /home/airflow/.local/lib/python3.8/site-packages/airflow/example_dags/example_latest_only_with_trigger.py
[2024-04-05T23:08:33.446+0000] {logging_mixin.py:188} INFO - [2024-04-05T23:08:33.446+0000] {dag.py:3047} INFO - Sync 1 DAGs
[2024-04-05T23:08:33.472+0000] {logging_mixin.py:188} INFO - [2024-04-05T23:08:33.472+0000] {dag.py:3834} INFO - Setting next_dagrun for latest_only_with_trigger to 2024-04-05 16:00:00+00:00, run_after=2024-04-05 20:00:00+00:00
[2024-04-05T23:08:33.527+0000] {processor.py:183} INFO - Processing /home/airflow/.local/lib/python3.8/site-packages/airflow/example_dags/example_latest_only_with_trigger.py took 0.123 seconds
[2024-04-05T23:09:03.885+0000] {processor.py:161} INFO - Started process (PID=1351) to work on /home/airflow/.local/lib/python3.8/site-packages/airflow/example_dags/example_latest_only_with_trigger.py
[2024-04-05T23:09:03.887+0000] {processor.py:830} INFO - Processing file /home/airflow/.local/lib/python3.8/site-packages/airflow/example_dags/example_latest_only_with_trigger.py for tasks to queue
[2024-04-05T23:09:03.891+0000] {logging_mixin.py:188} INFO - [2024-04-05T23:09:03.890+0000] {dagbag.py:540} INFO - Filling up the DagBag from /home/airflow/.local/lib/python3.8/site-packages/airflow/example_dags/example_latest_only_with_trigger.py
[2024-04-05T23:09:03.902+0000] {processor.py:840} INFO - DAG(s) 'latest_only_with_trigger' retrieved from /home/airflow/.local/lib/python3.8/site-packages/airflow/example_dags/example_latest_only_with_trigger.py
[2024-04-05T23:09:03.933+0000] {logging_mixin.py:188} INFO - [2024-04-05T23:09:03.932+0000] {dag.py:3047} INFO - Sync 1 DAGs
[2024-04-05T23:09:03.957+0000] {logging_mixin.py:188} INFO - [2024-04-05T23:09:03.957+0000] {dag.py:3834} INFO - Setting next_dagrun for latest_only_with_trigger to 2024-04-05 16:00:00+00:00, run_after=2024-04-05 20:00:00+00:00
[2024-04-05T23:09:03.997+0000] {processor.py:183} INFO - Processing /home/airflow/.local/lib/python3.8/site-packages/airflow/example_dags/example_latest_only_with_trigger.py took 0.116 seconds
[2024-04-05T23:09:34.191+0000] {processor.py:161} INFO - Started process (PID=1406) to work on /home/airflow/.local/lib/python3.8/site-packages/airflow/example_dags/example_latest_only_with_trigger.py
[2024-04-05T23:09:34.193+0000] {processor.py:830} INFO - Processing file /home/airflow/.local/lib/python3.8/site-packages/airflow/example_dags/example_latest_only_with_trigger.py for tasks to queue
[2024-04-05T23:09:34.195+0000] {logging_mixin.py:188} INFO - [2024-04-05T23:09:34.195+0000] {dagbag.py:540} INFO - Filling up the DagBag from /home/airflow/.local/lib/python3.8/site-packages/airflow/example_dags/example_latest_only_with_trigger.py
[2024-04-05T23:09:34.202+0000] {processor.py:840} INFO - DAG(s) 'latest_only_with_trigger' retrieved from /home/airflow/.local/lib/python3.8/site-packages/airflow/example_dags/example_latest_only_with_trigger.py
[2024-04-05T23:09:34.227+0000] {logging_mixin.py:188} INFO - [2024-04-05T23:09:34.227+0000] {dag.py:3047} INFO - Sync 1 DAGs
[2024-04-05T23:09:34.257+0000] {logging_mixin.py:188} INFO - [2024-04-05T23:09:34.256+0000] {dag.py:3834} INFO - Setting next_dagrun for latest_only_with_trigger to 2024-04-05 16:00:00+00:00, run_after=2024-04-05 20:00:00+00:00
[2024-04-05T23:09:34.277+0000] {processor.py:183} INFO - Processing /home/airflow/.local/lib/python3.8/site-packages/airflow/example_dags/example_latest_only_with_trigger.py took 0.091 seconds
[2024-04-05T23:10:05.116+0000] {processor.py:161} INFO - Started process (PID=1461) to work on /home/airflow/.local/lib/python3.8/site-packages/airflow/example_dags/example_latest_only_with_trigger.py
[2024-04-05T23:10:05.118+0000] {processor.py:830} INFO - Processing file /home/airflow/.local/lib/python3.8/site-packages/airflow/example_dags/example_latest_only_with_trigger.py for tasks to queue
[2024-04-05T23:10:05.120+0000] {logging_mixin.py:188} INFO - [2024-04-05T23:10:05.120+0000] {dagbag.py:540} INFO - Filling up the DagBag from /home/airflow/.local/lib/python3.8/site-packages/airflow/example_dags/example_latest_only_with_trigger.py
[2024-04-05T23:10:05.126+0000] {processor.py:840} INFO - DAG(s) 'latest_only_with_trigger' retrieved from /home/airflow/.local/lib/python3.8/site-packages/airflow/example_dags/example_latest_only_with_trigger.py
[2024-04-05T23:10:05.151+0000] {logging_mixin.py:188} INFO - [2024-04-05T23:10:05.151+0000] {dag.py:3047} INFO - Sync 1 DAGs
[2024-04-05T23:10:05.173+0000] {logging_mixin.py:188} INFO - [2024-04-05T23:10:05.173+0000] {dag.py:3834} INFO - Setting next_dagrun for latest_only_with_trigger to 2024-04-05 16:00:00+00:00, run_after=2024-04-05 20:00:00+00:00
[2024-04-05T23:10:05.237+0000] {processor.py:183} INFO - Processing /home/airflow/.local/lib/python3.8/site-packages/airflow/example_dags/example_latest_only_with_trigger.py took 0.124 seconds
[2024-04-05T23:10:35.806+0000] {processor.py:161} INFO - Started process (PID=1516) to work on /home/airflow/.local/lib/python3.8/site-packages/airflow/example_dags/example_latest_only_with_trigger.py
[2024-04-05T23:10:35.807+0000] {processor.py:830} INFO - Processing file /home/airflow/.local/lib/python3.8/site-packages/airflow/example_dags/example_latest_only_with_trigger.py for tasks to queue
[2024-04-05T23:10:35.810+0000] {logging_mixin.py:188} INFO - [2024-04-05T23:10:35.810+0000] {dagbag.py:540} INFO - Filling up the DagBag from /home/airflow/.local/lib/python3.8/site-packages/airflow/example_dags/example_latest_only_with_trigger.py
[2024-04-05T23:10:35.817+0000] {processor.py:840} INFO - DAG(s) 'latest_only_with_trigger' retrieved from /home/airflow/.local/lib/python3.8/site-packages/airflow/example_dags/example_latest_only_with_trigger.py
[2024-04-05T23:10:35.841+0000] {logging_mixin.py:188} INFO - [2024-04-05T23:10:35.840+0000] {dag.py:3047} INFO - Sync 1 DAGs
[2024-04-05T23:10:35.868+0000] {logging_mixin.py:188} INFO - [2024-04-05T23:10:35.868+0000] {dag.py:3834} INFO - Setting next_dagrun for latest_only_with_trigger to 2024-04-05 16:00:00+00:00, run_after=2024-04-05 20:00:00+00:00
[2024-04-05T23:10:35.891+0000] {processor.py:183} INFO - Processing /home/airflow/.local/lib/python3.8/site-packages/airflow/example_dags/example_latest_only_with_trigger.py took 0.088 seconds
[2024-04-05T23:11:06.384+0000] {processor.py:161} INFO - Started process (PID=1571) to work on /home/airflow/.local/lib/python3.8/site-packages/airflow/example_dags/example_latest_only_with_trigger.py
[2024-04-05T23:11:06.386+0000] {processor.py:830} INFO - Processing file /home/airflow/.local/lib/python3.8/site-packages/airflow/example_dags/example_latest_only_with_trigger.py for tasks to queue
[2024-04-05T23:11:06.388+0000] {logging_mixin.py:188} INFO - [2024-04-05T23:11:06.388+0000] {dagbag.py:540} INFO - Filling up the DagBag from /home/airflow/.local/lib/python3.8/site-packages/airflow/example_dags/example_latest_only_with_trigger.py
[2024-04-05T23:11:06.394+0000] {processor.py:840} INFO - DAG(s) 'latest_only_with_trigger' retrieved from /home/airflow/.local/lib/python3.8/site-packages/airflow/example_dags/example_latest_only_with_trigger.py
[2024-04-05T23:11:06.417+0000] {logging_mixin.py:188} INFO - [2024-04-05T23:11:06.417+0000] {dag.py:3047} INFO - Sync 1 DAGs
[2024-04-05T23:11:06.444+0000] {logging_mixin.py:188} INFO - [2024-04-05T23:11:06.444+0000] {dag.py:3834} INFO - Setting next_dagrun for latest_only_with_trigger to 2024-04-05 16:00:00+00:00, run_after=2024-04-05 20:00:00+00:00
[2024-04-05T23:11:06.467+0000] {processor.py:183} INFO - Processing /home/airflow/.local/lib/python3.8/site-packages/airflow/example_dags/example_latest_only_with_trigger.py took 0.086 seconds
[2024-04-05T23:11:37.194+0000] {processor.py:161} INFO - Started process (PID=1626) to work on /home/airflow/.local/lib/python3.8/site-packages/airflow/example_dags/example_latest_only_with_trigger.py
[2024-04-05T23:11:37.195+0000] {processor.py:830} INFO - Processing file /home/airflow/.local/lib/python3.8/site-packages/airflow/example_dags/example_latest_only_with_trigger.py for tasks to queue
[2024-04-05T23:11:37.198+0000] {logging_mixin.py:188} INFO - [2024-04-05T23:11:37.197+0000] {dagbag.py:540} INFO - Filling up the DagBag from /home/airflow/.local/lib/python3.8/site-packages/airflow/example_dags/example_latest_only_with_trigger.py
[2024-04-05T23:11:37.204+0000] {processor.py:840} INFO - DAG(s) 'latest_only_with_trigger' retrieved from /home/airflow/.local/lib/python3.8/site-packages/airflow/example_dags/example_latest_only_with_trigger.py
[2024-04-05T23:11:37.229+0000] {logging_mixin.py:188} INFO - [2024-04-05T23:11:37.228+0000] {dag.py:3047} INFO - Sync 1 DAGs
[2024-04-05T23:11:37.253+0000] {logging_mixin.py:188} INFO - [2024-04-05T23:11:37.253+0000] {dag.py:3834} INFO - Setting next_dagrun for latest_only_with_trigger to 2024-04-05 16:00:00+00:00, run_after=2024-04-05 20:00:00+00:00
[2024-04-05T23:11:37.278+0000] {processor.py:183} INFO - Processing /home/airflow/.local/lib/python3.8/site-packages/airflow/example_dags/example_latest_only_with_trigger.py took 0.087 seconds
[2024-04-05T23:12:07.340+0000] {processor.py:161} INFO - Started process (PID=1681) to work on /home/airflow/.local/lib/python3.8/site-packages/airflow/example_dags/example_latest_only_with_trigger.py
[2024-04-05T23:12:07.341+0000] {processor.py:830} INFO - Processing file /home/airflow/.local/lib/python3.8/site-packages/airflow/example_dags/example_latest_only_with_trigger.py for tasks to queue
[2024-04-05T23:12:07.343+0000] {logging_mixin.py:188} INFO - [2024-04-05T23:12:07.343+0000] {dagbag.py:540} INFO - Filling up the DagBag from /home/airflow/.local/lib/python3.8/site-packages/airflow/example_dags/example_latest_only_with_trigger.py
[2024-04-05T23:12:07.349+0000] {processor.py:840} INFO - DAG(s) 'latest_only_with_trigger' retrieved from /home/airflow/.local/lib/python3.8/site-packages/airflow/example_dags/example_latest_only_with_trigger.py
[2024-04-05T23:12:07.375+0000] {logging_mixin.py:188} INFO - [2024-04-05T23:12:07.374+0000] {dag.py:3047} INFO - Sync 1 DAGs
[2024-04-05T23:12:07.400+0000] {logging_mixin.py:188} INFO - [2024-04-05T23:12:07.399+0000] {dag.py:3834} INFO - Setting next_dagrun for latest_only_with_trigger to 2024-04-05 16:00:00+00:00, run_after=2024-04-05 20:00:00+00:00
[2024-04-05T23:12:07.432+0000] {processor.py:183} INFO - Processing /home/airflow/.local/lib/python3.8/site-packages/airflow/example_dags/example_latest_only_with_trigger.py took 0.096 seconds
[2024-04-05T23:12:37.783+0000] {processor.py:161} INFO - Started process (PID=1736) to work on /home/airflow/.local/lib/python3.8/site-packages/airflow/example_dags/example_latest_only_with_trigger.py
[2024-04-05T23:12:37.784+0000] {processor.py:830} INFO - Processing file /home/airflow/.local/lib/python3.8/site-packages/airflow/example_dags/example_latest_only_with_trigger.py for tasks to queue
[2024-04-05T23:12:37.787+0000] {logging_mixin.py:188} INFO - [2024-04-05T23:12:37.786+0000] {dagbag.py:540} INFO - Filling up the DagBag from /home/airflow/.local/lib/python3.8/site-packages/airflow/example_dags/example_latest_only_with_trigger.py
[2024-04-05T23:12:37.793+0000] {processor.py:840} INFO - DAG(s) 'latest_only_with_trigger' retrieved from /home/airflow/.local/lib/python3.8/site-packages/airflow/example_dags/example_latest_only_with_trigger.py
[2024-04-05T23:12:37.816+0000] {logging_mixin.py:188} INFO - [2024-04-05T23:12:37.816+0000] {dag.py:3047} INFO - Sync 1 DAGs
[2024-04-05T23:12:37.840+0000] {logging_mixin.py:188} INFO - [2024-04-05T23:12:37.839+0000] {dag.py:3834} INFO - Setting next_dagrun for latest_only_with_trigger to 2024-04-05 16:00:00+00:00, run_after=2024-04-05 20:00:00+00:00
[2024-04-05T23:12:37.857+0000] {processor.py:183} INFO - Processing /home/airflow/.local/lib/python3.8/site-packages/airflow/example_dags/example_latest_only_with_trigger.py took 0.077 seconds
[2024-04-05T23:13:08.076+0000] {processor.py:161} INFO - Started process (PID=1791) to work on /home/airflow/.local/lib/python3.8/site-packages/airflow/example_dags/example_latest_only_with_trigger.py
[2024-04-05T23:13:08.077+0000] {processor.py:830} INFO - Processing file /home/airflow/.local/lib/python3.8/site-packages/airflow/example_dags/example_latest_only_with_trigger.py for tasks to queue
[2024-04-05T23:13:08.080+0000] {logging_mixin.py:188} INFO - [2024-04-05T23:13:08.080+0000] {dagbag.py:540} INFO - Filling up the DagBag from /home/airflow/.local/lib/python3.8/site-packages/airflow/example_dags/example_latest_only_with_trigger.py
[2024-04-05T23:13:08.088+0000] {processor.py:840} INFO - DAG(s) 'latest_only_with_trigger' retrieved from /home/airflow/.local/lib/python3.8/site-packages/airflow/example_dags/example_latest_only_with_trigger.py
[2024-04-05T23:13:08.116+0000] {logging_mixin.py:188} INFO - [2024-04-05T23:13:08.115+0000] {dag.py:3047} INFO - Sync 1 DAGs
[2024-04-05T23:13:08.141+0000] {logging_mixin.py:188} INFO - [2024-04-05T23:13:08.141+0000] {dag.py:3834} INFO - Setting next_dagrun for latest_only_with_trigger to 2024-04-05 16:00:00+00:00, run_after=2024-04-05 20:00:00+00:00
[2024-04-05T23:13:08.164+0000] {processor.py:183} INFO - Processing /home/airflow/.local/lib/python3.8/site-packages/airflow/example_dags/example_latest_only_with_trigger.py took 0.092 seconds
[2024-04-05T23:13:38.731+0000] {processor.py:161} INFO - Started process (PID=1846) to work on /home/airflow/.local/lib/python3.8/site-packages/airflow/example_dags/example_latest_only_with_trigger.py
[2024-04-05T23:13:38.732+0000] {processor.py:830} INFO - Processing file /home/airflow/.local/lib/python3.8/site-packages/airflow/example_dags/example_latest_only_with_trigger.py for tasks to queue
[2024-04-05T23:13:38.735+0000] {logging_mixin.py:188} INFO - [2024-04-05T23:13:38.734+0000] {dagbag.py:540} INFO - Filling up the DagBag from /home/airflow/.local/lib/python3.8/site-packages/airflow/example_dags/example_latest_only_with_trigger.py
[2024-04-05T23:13:38.744+0000] {processor.py:840} INFO - DAG(s) 'latest_only_with_trigger' retrieved from /home/airflow/.local/lib/python3.8/site-packages/airflow/example_dags/example_latest_only_with_trigger.py
[2024-04-05T23:13:38.771+0000] {logging_mixin.py:188} INFO - [2024-04-05T23:13:38.771+0000] {dag.py:3047} INFO - Sync 1 DAGs
[2024-04-05T23:13:38.799+0000] {logging_mixin.py:188} INFO - [2024-04-05T23:13:38.799+0000] {dag.py:3834} INFO - Setting next_dagrun for latest_only_with_trigger to 2024-04-05 16:00:00+00:00, run_after=2024-04-05 20:00:00+00:00
[2024-04-05T23:13:38.828+0000] {processor.py:183} INFO - Processing /home/airflow/.local/lib/python3.8/site-packages/airflow/example_dags/example_latest_only_with_trigger.py took 0.101 seconds
[2024-04-05T23:14:09.175+0000] {processor.py:161} INFO - Started process (PID=1901) to work on /home/airflow/.local/lib/python3.8/site-packages/airflow/example_dags/example_latest_only_with_trigger.py
[2024-04-05T23:14:09.176+0000] {processor.py:830} INFO - Processing file /home/airflow/.local/lib/python3.8/site-packages/airflow/example_dags/example_latest_only_with_trigger.py for tasks to queue
[2024-04-05T23:14:09.178+0000] {logging_mixin.py:188} INFO - [2024-04-05T23:14:09.177+0000] {dagbag.py:540} INFO - Filling up the DagBag from /home/airflow/.local/lib/python3.8/site-packages/airflow/example_dags/example_latest_only_with_trigger.py
[2024-04-05T23:14:09.184+0000] {processor.py:840} INFO - DAG(s) 'latest_only_with_trigger' retrieved from /home/airflow/.local/lib/python3.8/site-packages/airflow/example_dags/example_latest_only_with_trigger.py
[2024-04-05T23:14:09.208+0000] {logging_mixin.py:188} INFO - [2024-04-05T23:14:09.208+0000] {dag.py:3047} INFO - Sync 1 DAGs
[2024-04-05T23:14:09.235+0000] {logging_mixin.py:188} INFO - [2024-04-05T23:14:09.235+0000] {dag.py:3834} INFO - Setting next_dagrun for latest_only_with_trigger to 2024-04-05 16:00:00+00:00, run_after=2024-04-05 20:00:00+00:00
[2024-04-05T23:14:09.254+0000] {processor.py:183} INFO - Processing /home/airflow/.local/lib/python3.8/site-packages/airflow/example_dags/example_latest_only_with_trigger.py took 0.083 seconds
[2024-04-05T23:14:39.776+0000] {processor.py:161} INFO - Started process (PID=1956) to work on /home/airflow/.local/lib/python3.8/site-packages/airflow/example_dags/example_latest_only_with_trigger.py
[2024-04-05T23:14:39.778+0000] {processor.py:830} INFO - Processing file /home/airflow/.local/lib/python3.8/site-packages/airflow/example_dags/example_latest_only_with_trigger.py for tasks to queue
[2024-04-05T23:14:39.780+0000] {logging_mixin.py:188} INFO - [2024-04-05T23:14:39.779+0000] {dagbag.py:540} INFO - Filling up the DagBag from /home/airflow/.local/lib/python3.8/site-packages/airflow/example_dags/example_latest_only_with_trigger.py
[2024-04-05T23:14:39.786+0000] {processor.py:840} INFO - DAG(s) 'latest_only_with_trigger' retrieved from /home/airflow/.local/lib/python3.8/site-packages/airflow/example_dags/example_latest_only_with_trigger.py
[2024-04-05T23:14:39.807+0000] {logging_mixin.py:188} INFO - [2024-04-05T23:14:39.807+0000] {dag.py:3047} INFO - Sync 1 DAGs
[2024-04-05T23:14:39.832+0000] {logging_mixin.py:188} INFO - [2024-04-05T23:14:39.832+0000] {dag.py:3834} INFO - Setting next_dagrun for latest_only_with_trigger to 2024-04-05 16:00:00+00:00, run_after=2024-04-05 20:00:00+00:00
[2024-04-05T23:14:39.852+0000] {processor.py:183} INFO - Processing /home/airflow/.local/lib/python3.8/site-packages/airflow/example_dags/example_latest_only_with_trigger.py took 0.080 seconds
[2024-04-05T23:15:09.980+0000] {processor.py:161} INFO - Started process (PID=2011) to work on /home/airflow/.local/lib/python3.8/site-packages/airflow/example_dags/example_latest_only_with_trigger.py
[2024-04-05T23:15:09.982+0000] {processor.py:830} INFO - Processing file /home/airflow/.local/lib/python3.8/site-packages/airflow/example_dags/example_latest_only_with_trigger.py for tasks to queue
[2024-04-05T23:15:09.986+0000] {logging_mixin.py:188} INFO - [2024-04-05T23:15:09.985+0000] {dagbag.py:540} INFO - Filling up the DagBag from /home/airflow/.local/lib/python3.8/site-packages/airflow/example_dags/example_latest_only_with_trigger.py
[2024-04-05T23:15:09.993+0000] {processor.py:840} INFO - DAG(s) 'latest_only_with_trigger' retrieved from /home/airflow/.local/lib/python3.8/site-packages/airflow/example_dags/example_latest_only_with_trigger.py
[2024-04-05T23:15:10.020+0000] {logging_mixin.py:188} INFO - [2024-04-05T23:15:10.020+0000] {dag.py:3047} INFO - Sync 1 DAGs
[2024-04-05T23:15:10.045+0000] {logging_mixin.py:188} INFO - [2024-04-05T23:15:10.045+0000] {dag.py:3834} INFO - Setting next_dagrun for latest_only_with_trigger to 2024-04-05 16:00:00+00:00, run_after=2024-04-05 20:00:00+00:00
[2024-04-05T23:15:10.071+0000] {processor.py:183} INFO - Processing /home/airflow/.local/lib/python3.8/site-packages/airflow/example_dags/example_latest_only_with_trigger.py took 0.096 seconds
[2024-04-05T23:15:40.940+0000] {processor.py:161} INFO - Started process (PID=2066) to work on /home/airflow/.local/lib/python3.8/site-packages/airflow/example_dags/example_latest_only_with_trigger.py
[2024-04-05T23:15:40.941+0000] {processor.py:830} INFO - Processing file /home/airflow/.local/lib/python3.8/site-packages/airflow/example_dags/example_latest_only_with_trigger.py for tasks to queue
[2024-04-05T23:15:40.944+0000] {logging_mixin.py:188} INFO - [2024-04-05T23:15:40.943+0000] {dagbag.py:540} INFO - Filling up the DagBag from /home/airflow/.local/lib/python3.8/site-packages/airflow/example_dags/example_latest_only_with_trigger.py
[2024-04-05T23:15:40.951+0000] {processor.py:840} INFO - DAG(s) 'latest_only_with_trigger' retrieved from /home/airflow/.local/lib/python3.8/site-packages/airflow/example_dags/example_latest_only_with_trigger.py
[2024-04-05T23:15:40.976+0000] {logging_mixin.py:188} INFO - [2024-04-05T23:15:40.976+0000] {dag.py:3047} INFO - Sync 1 DAGs
[2024-04-05T23:15:41.001+0000] {logging_mixin.py:188} INFO - [2024-04-05T23:15:41.001+0000] {dag.py:3834} INFO - Setting next_dagrun for latest_only_with_trigger to 2024-04-05 16:00:00+00:00, run_after=2024-04-05 20:00:00+00:00
[2024-04-05T23:15:41.022+0000] {processor.py:183} INFO - Processing /home/airflow/.local/lib/python3.8/site-packages/airflow/example_dags/example_latest_only_with_trigger.py took 0.088 seconds
[2024-04-05T23:16:11.107+0000] {processor.py:161} INFO - Started process (PID=2121) to work on /home/airflow/.local/lib/python3.8/site-packages/airflow/example_dags/example_latest_only_with_trigger.py
[2024-04-05T23:16:11.108+0000] {processor.py:830} INFO - Processing file /home/airflow/.local/lib/python3.8/site-packages/airflow/example_dags/example_latest_only_with_trigger.py for tasks to queue
[2024-04-05T23:16:11.111+0000] {logging_mixin.py:188} INFO - [2024-04-05T23:16:11.110+0000] {dagbag.py:540} INFO - Filling up the DagBag from /home/airflow/.local/lib/python3.8/site-packages/airflow/example_dags/example_latest_only_with_trigger.py
[2024-04-05T23:16:11.116+0000] {processor.py:840} INFO - DAG(s) 'latest_only_with_trigger' retrieved from /home/airflow/.local/lib/python3.8/site-packages/airflow/example_dags/example_latest_only_with_trigger.py
[2024-04-05T23:16:11.142+0000] {logging_mixin.py:188} INFO - [2024-04-05T23:16:11.141+0000] {dag.py:3047} INFO - Sync 1 DAGs
[2024-04-05T23:16:11.165+0000] {logging_mixin.py:188} INFO - [2024-04-05T23:16:11.165+0000] {dag.py:3834} INFO - Setting next_dagrun for latest_only_with_trigger to 2024-04-05 16:00:00+00:00, run_after=2024-04-05 20:00:00+00:00
[2024-04-05T23:16:11.225+0000] {processor.py:183} INFO - Processing /home/airflow/.local/lib/python3.8/site-packages/airflow/example_dags/example_latest_only_with_trigger.py took 0.122 seconds
[2024-04-05T23:16:42.218+0000] {processor.py:161} INFO - Started process (PID=2176) to work on /home/airflow/.local/lib/python3.8/site-packages/airflow/example_dags/example_latest_only_with_trigger.py
[2024-04-05T23:16:42.220+0000] {processor.py:830} INFO - Processing file /home/airflow/.local/lib/python3.8/site-packages/airflow/example_dags/example_latest_only_with_trigger.py for tasks to queue
[2024-04-05T23:16:42.222+0000] {logging_mixin.py:188} INFO - [2024-04-05T23:16:42.222+0000] {dagbag.py:540} INFO - Filling up the DagBag from /home/airflow/.local/lib/python3.8/site-packages/airflow/example_dags/example_latest_only_with_trigger.py
[2024-04-05T23:16:42.228+0000] {processor.py:840} INFO - DAG(s) 'latest_only_with_trigger' retrieved from /home/airflow/.local/lib/python3.8/site-packages/airflow/example_dags/example_latest_only_with_trigger.py
[2024-04-05T23:16:42.250+0000] {logging_mixin.py:188} INFO - [2024-04-05T23:16:42.250+0000] {dag.py:3047} INFO - Sync 1 DAGs
[2024-04-05T23:16:42.274+0000] {logging_mixin.py:188} INFO - [2024-04-05T23:16:42.274+0000] {dag.py:3834} INFO - Setting next_dagrun for latest_only_with_trigger to 2024-04-05 16:00:00+00:00, run_after=2024-04-05 20:00:00+00:00
[2024-04-05T23:16:42.323+0000] {processor.py:183} INFO - Processing /home/airflow/.local/lib/python3.8/site-packages/airflow/example_dags/example_latest_only_with_trigger.py took 0.107 seconds
[2024-04-05T23:17:12.429+0000] {processor.py:161} INFO - Started process (PID=2231) to work on /home/airflow/.local/lib/python3.8/site-packages/airflow/example_dags/example_latest_only_with_trigger.py
[2024-04-05T23:17:12.430+0000] {processor.py:830} INFO - Processing file /home/airflow/.local/lib/python3.8/site-packages/airflow/example_dags/example_latest_only_with_trigger.py for tasks to queue
[2024-04-05T23:17:12.432+0000] {logging_mixin.py:188} INFO - [2024-04-05T23:17:12.432+0000] {dagbag.py:540} INFO - Filling up the DagBag from /home/airflow/.local/lib/python3.8/site-packages/airflow/example_dags/example_latest_only_with_trigger.py
[2024-04-05T23:17:12.439+0000] {processor.py:840} INFO - DAG(s) 'latest_only_with_trigger' retrieved from /home/airflow/.local/lib/python3.8/site-packages/airflow/example_dags/example_latest_only_with_trigger.py
[2024-04-05T23:17:12.460+0000] {logging_mixin.py:188} INFO - [2024-04-05T23:17:12.460+0000] {dag.py:3047} INFO - Sync 1 DAGs
[2024-04-05T23:17:12.479+0000] {logging_mixin.py:188} INFO - [2024-04-05T23:17:12.479+0000] {dag.py:3834} INFO - Setting next_dagrun for latest_only_with_trigger to 2024-04-05 16:00:00+00:00, run_after=2024-04-05 20:00:00+00:00
[2024-04-05T23:17:12.500+0000] {processor.py:183} INFO - Processing /home/airflow/.local/lib/python3.8/site-packages/airflow/example_dags/example_latest_only_with_trigger.py took 0.075 seconds
[2024-04-05T23:17:43.377+0000] {processor.py:161} INFO - Started process (PID=2286) to work on /home/airflow/.local/lib/python3.8/site-packages/airflow/example_dags/example_latest_only_with_trigger.py
[2024-04-05T23:17:43.379+0000] {processor.py:830} INFO - Processing file /home/airflow/.local/lib/python3.8/site-packages/airflow/example_dags/example_latest_only_with_trigger.py for tasks to queue
[2024-04-05T23:17:43.381+0000] {logging_mixin.py:188} INFO - [2024-04-05T23:17:43.381+0000] {dagbag.py:540} INFO - Filling up the DagBag from /home/airflow/.local/lib/python3.8/site-packages/airflow/example_dags/example_latest_only_with_trigger.py
[2024-04-05T23:17:43.386+0000] {processor.py:840} INFO - DAG(s) 'latest_only_with_trigger' retrieved from /home/airflow/.local/lib/python3.8/site-packages/airflow/example_dags/example_latest_only_with_trigger.py
[2024-04-05T23:17:43.408+0000] {logging_mixin.py:188} INFO - [2024-04-05T23:17:43.407+0000] {dag.py:3047} INFO - Sync 1 DAGs
[2024-04-05T23:17:43.429+0000] {logging_mixin.py:188} INFO - [2024-04-05T23:17:43.428+0000] {dag.py:3834} INFO - Setting next_dagrun for latest_only_with_trigger to 2024-04-05 16:00:00+00:00, run_after=2024-04-05 20:00:00+00:00
[2024-04-05T23:17:43.450+0000] {processor.py:183} INFO - Processing /home/airflow/.local/lib/python3.8/site-packages/airflow/example_dags/example_latest_only_with_trigger.py took 0.077 seconds
[2024-04-05T23:18:13.526+0000] {processor.py:161} INFO - Started process (PID=2341) to work on /home/airflow/.local/lib/python3.8/site-packages/airflow/example_dags/example_latest_only_with_trigger.py
[2024-04-05T23:18:13.527+0000] {processor.py:830} INFO - Processing file /home/airflow/.local/lib/python3.8/site-packages/airflow/example_dags/example_latest_only_with_trigger.py for tasks to queue
[2024-04-05T23:18:13.530+0000] {logging_mixin.py:188} INFO - [2024-04-05T23:18:13.529+0000] {dagbag.py:540} INFO - Filling up the DagBag from /home/airflow/.local/lib/python3.8/site-packages/airflow/example_dags/example_latest_only_with_trigger.py
[2024-04-05T23:18:13.536+0000] {processor.py:840} INFO - DAG(s) 'latest_only_with_trigger' retrieved from /home/airflow/.local/lib/python3.8/site-packages/airflow/example_dags/example_latest_only_with_trigger.py
[2024-04-05T23:18:13.561+0000] {logging_mixin.py:188} INFO - [2024-04-05T23:18:13.561+0000] {dag.py:3047} INFO - Sync 1 DAGs
[2024-04-05T23:18:13.582+0000] {logging_mixin.py:188} INFO - [2024-04-05T23:18:13.582+0000] {dag.py:3834} INFO - Setting next_dagrun for latest_only_with_trigger to 2024-04-05 16:00:00+00:00, run_after=2024-04-05 20:00:00+00:00
[2024-04-05T23:18:13.602+0000] {processor.py:183} INFO - Processing /home/airflow/.local/lib/python3.8/site-packages/airflow/example_dags/example_latest_only_with_trigger.py took 0.079 seconds
[2024-04-05T23:18:43.676+0000] {processor.py:161} INFO - Started process (PID=2396) to work on /home/airflow/.local/lib/python3.8/site-packages/airflow/example_dags/example_latest_only_with_trigger.py
[2024-04-05T23:18:43.677+0000] {processor.py:830} INFO - Processing file /home/airflow/.local/lib/python3.8/site-packages/airflow/example_dags/example_latest_only_with_trigger.py for tasks to queue
[2024-04-05T23:18:43.679+0000] {logging_mixin.py:188} INFO - [2024-04-05T23:18:43.679+0000] {dagbag.py:540} INFO - Filling up the DagBag from /home/airflow/.local/lib/python3.8/site-packages/airflow/example_dags/example_latest_only_with_trigger.py
[2024-04-05T23:18:43.685+0000] {processor.py:840} INFO - DAG(s) 'latest_only_with_trigger' retrieved from /home/airflow/.local/lib/python3.8/site-packages/airflow/example_dags/example_latest_only_with_trigger.py
[2024-04-05T23:18:43.704+0000] {logging_mixin.py:188} INFO - [2024-04-05T23:18:43.704+0000] {dag.py:3047} INFO - Sync 1 DAGs
[2024-04-05T23:18:43.724+0000] {logging_mixin.py:188} INFO - [2024-04-05T23:18:43.724+0000] {dag.py:3834} INFO - Setting next_dagrun for latest_only_with_trigger to 2024-04-05 16:00:00+00:00, run_after=2024-04-05 20:00:00+00:00
[2024-04-05T23:18:43.743+0000] {processor.py:183} INFO - Processing /home/airflow/.local/lib/python3.8/site-packages/airflow/example_dags/example_latest_only_with_trigger.py took 0.071 seconds
[2024-04-05T23:19:14.021+0000] {processor.py:161} INFO - Started process (PID=2451) to work on /home/airflow/.local/lib/python3.8/site-packages/airflow/example_dags/example_latest_only_with_trigger.py
[2024-04-05T23:19:14.022+0000] {processor.py:830} INFO - Processing file /home/airflow/.local/lib/python3.8/site-packages/airflow/example_dags/example_latest_only_with_trigger.py for tasks to queue
[2024-04-05T23:19:14.024+0000] {logging_mixin.py:188} INFO - [2024-04-05T23:19:14.024+0000] {dagbag.py:540} INFO - Filling up the DagBag from /home/airflow/.local/lib/python3.8/site-packages/airflow/example_dags/example_latest_only_with_trigger.py
[2024-04-05T23:19:14.032+0000] {processor.py:840} INFO - DAG(s) 'latest_only_with_trigger' retrieved from /home/airflow/.local/lib/python3.8/site-packages/airflow/example_dags/example_latest_only_with_trigger.py
[2024-04-05T23:19:14.056+0000] {logging_mixin.py:188} INFO - [2024-04-05T23:19:14.055+0000] {dag.py:3047} INFO - Sync 1 DAGs
[2024-04-05T23:19:14.078+0000] {logging_mixin.py:188} INFO - [2024-04-05T23:19:14.077+0000] {dag.py:3834} INFO - Setting next_dagrun for latest_only_with_trigger to 2024-04-05 16:00:00+00:00, run_after=2024-04-05 20:00:00+00:00
[2024-04-05T23:19:14.096+0000] {processor.py:183} INFO - Processing /home/airflow/.local/lib/python3.8/site-packages/airflow/example_dags/example_latest_only_with_trigger.py took 0.079 seconds
[2024-04-05T23:19:44.548+0000] {processor.py:161} INFO - Started process (PID=2506) to work on /home/airflow/.local/lib/python3.8/site-packages/airflow/example_dags/example_latest_only_with_trigger.py
[2024-04-05T23:19:44.549+0000] {processor.py:830} INFO - Processing file /home/airflow/.local/lib/python3.8/site-packages/airflow/example_dags/example_latest_only_with_trigger.py for tasks to queue
[2024-04-05T23:19:44.551+0000] {logging_mixin.py:188} INFO - [2024-04-05T23:19:44.551+0000] {dagbag.py:540} INFO - Filling up the DagBag from /home/airflow/.local/lib/python3.8/site-packages/airflow/example_dags/example_latest_only_with_trigger.py
[2024-04-05T23:19:44.557+0000] {processor.py:840} INFO - DAG(s) 'latest_only_with_trigger' retrieved from /home/airflow/.local/lib/python3.8/site-packages/airflow/example_dags/example_latest_only_with_trigger.py
[2024-04-05T23:19:44.579+0000] {logging_mixin.py:188} INFO - [2024-04-05T23:19:44.578+0000] {dag.py:3047} INFO - Sync 1 DAGs
[2024-04-05T23:19:44.599+0000] {logging_mixin.py:188} INFO - [2024-04-05T23:19:44.599+0000] {dag.py:3834} INFO - Setting next_dagrun for latest_only_with_trigger to 2024-04-05 16:00:00+00:00, run_after=2024-04-05 20:00:00+00:00
[2024-04-05T23:19:44.666+0000] {processor.py:183} INFO - Processing /home/airflow/.local/lib/python3.8/site-packages/airflow/example_dags/example_latest_only_with_trigger.py took 0.121 seconds
[2024-04-05T23:20:15.141+0000] {processor.py:161} INFO - Started process (PID=2561) to work on /home/airflow/.local/lib/python3.8/site-packages/airflow/example_dags/example_latest_only_with_trigger.py
[2024-04-05T23:20:15.143+0000] {processor.py:830} INFO - Processing file /home/airflow/.local/lib/python3.8/site-packages/airflow/example_dags/example_latest_only_with_trigger.py for tasks to queue
[2024-04-05T23:20:15.146+0000] {logging_mixin.py:188} INFO - [2024-04-05T23:20:15.145+0000] {dagbag.py:540} INFO - Filling up the DagBag from /home/airflow/.local/lib/python3.8/site-packages/airflow/example_dags/example_latest_only_with_trigger.py
[2024-04-05T23:20:15.153+0000] {processor.py:840} INFO - DAG(s) 'latest_only_with_trigger' retrieved from /home/airflow/.local/lib/python3.8/site-packages/airflow/example_dags/example_latest_only_with_trigger.py
[2024-04-05T23:20:15.177+0000] {logging_mixin.py:188} INFO - [2024-04-05T23:20:15.177+0000] {dag.py:3047} INFO - Sync 1 DAGs
[2024-04-05T23:20:15.198+0000] {logging_mixin.py:188} INFO - [2024-04-05T23:20:15.198+0000] {dag.py:3834} INFO - Setting next_dagrun for latest_only_with_trigger to 2024-04-05 16:00:00+00:00, run_after=2024-04-05 20:00:00+00:00
[2024-04-05T23:20:15.219+0000] {processor.py:183} INFO - Processing /home/airflow/.local/lib/python3.8/site-packages/airflow/example_dags/example_latest_only_with_trigger.py took 0.082 seconds
[2024-04-05T23:20:45.795+0000] {processor.py:161} INFO - Started process (PID=2616) to work on /home/airflow/.local/lib/python3.8/site-packages/airflow/example_dags/example_latest_only_with_trigger.py
[2024-04-05T23:20:45.797+0000] {processor.py:830} INFO - Processing file /home/airflow/.local/lib/python3.8/site-packages/airflow/example_dags/example_latest_only_with_trigger.py for tasks to queue
[2024-04-05T23:20:45.800+0000] {logging_mixin.py:188} INFO - [2024-04-05T23:20:45.799+0000] {dagbag.py:540} INFO - Filling up the DagBag from /home/airflow/.local/lib/python3.8/site-packages/airflow/example_dags/example_latest_only_with_trigger.py
[2024-04-05T23:20:45.806+0000] {processor.py:840} INFO - DAG(s) 'latest_only_with_trigger' retrieved from /home/airflow/.local/lib/python3.8/site-packages/airflow/example_dags/example_latest_only_with_trigger.py
[2024-04-05T23:20:45.835+0000] {logging_mixin.py:188} INFO - [2024-04-05T23:20:45.835+0000] {dag.py:3047} INFO - Sync 1 DAGs
[2024-04-05T23:20:45.861+0000] {logging_mixin.py:188} INFO - [2024-04-05T23:20:45.861+0000] {dag.py:3834} INFO - Setting next_dagrun for latest_only_with_trigger to 2024-04-05 16:00:00+00:00, run_after=2024-04-05 20:00:00+00:00
[2024-04-05T23:20:45.883+0000] {processor.py:183} INFO - Processing /home/airflow/.local/lib/python3.8/site-packages/airflow/example_dags/example_latest_only_with_trigger.py took 0.092 seconds
[2024-04-05T23:21:16.276+0000] {processor.py:161} INFO - Started process (PID=2672) to work on /home/airflow/.local/lib/python3.8/site-packages/airflow/example_dags/example_latest_only_with_trigger.py
[2024-04-05T23:21:16.278+0000] {processor.py:830} INFO - Processing file /home/airflow/.local/lib/python3.8/site-packages/airflow/example_dags/example_latest_only_with_trigger.py for tasks to queue
[2024-04-05T23:21:16.280+0000] {logging_mixin.py:188} INFO - [2024-04-05T23:21:16.280+0000] {dagbag.py:540} INFO - Filling up the DagBag from /home/airflow/.local/lib/python3.8/site-packages/airflow/example_dags/example_latest_only_with_trigger.py
[2024-04-05T23:21:16.287+0000] {processor.py:840} INFO - DAG(s) 'latest_only_with_trigger' retrieved from /home/airflow/.local/lib/python3.8/site-packages/airflow/example_dags/example_latest_only_with_trigger.py
[2024-04-05T23:21:16.312+0000] {logging_mixin.py:188} INFO - [2024-04-05T23:21:16.312+0000] {dag.py:3047} INFO - Sync 1 DAGs
[2024-04-05T23:21:16.334+0000] {logging_mixin.py:188} INFO - [2024-04-05T23:21:16.334+0000] {dag.py:3834} INFO - Setting next_dagrun for latest_only_with_trigger to 2024-04-05 16:00:00+00:00, run_after=2024-04-05 20:00:00+00:00
[2024-04-05T23:21:16.355+0000] {processor.py:183} INFO - Processing /home/airflow/.local/lib/python3.8/site-packages/airflow/example_dags/example_latest_only_with_trigger.py took 0.082 seconds
[2024-04-05T23:21:47.230+0000] {processor.py:161} INFO - Started process (PID=2727) to work on /home/airflow/.local/lib/python3.8/site-packages/airflow/example_dags/example_latest_only_with_trigger.py
[2024-04-05T23:21:47.231+0000] {processor.py:830} INFO - Processing file /home/airflow/.local/lib/python3.8/site-packages/airflow/example_dags/example_latest_only_with_trigger.py for tasks to queue
[2024-04-05T23:21:47.233+0000] {logging_mixin.py:188} INFO - [2024-04-05T23:21:47.233+0000] {dagbag.py:540} INFO - Filling up the DagBag from /home/airflow/.local/lib/python3.8/site-packages/airflow/example_dags/example_latest_only_with_trigger.py
[2024-04-05T23:21:47.239+0000] {processor.py:840} INFO - DAG(s) 'latest_only_with_trigger' retrieved from /home/airflow/.local/lib/python3.8/site-packages/airflow/example_dags/example_latest_only_with_trigger.py
[2024-04-05T23:21:47.261+0000] {logging_mixin.py:188} INFO - [2024-04-05T23:21:47.261+0000] {dag.py:3047} INFO - Sync 1 DAGs
[2024-04-05T23:21:47.282+0000] {logging_mixin.py:188} INFO - [2024-04-05T23:21:47.282+0000] {dag.py:3834} INFO - Setting next_dagrun for latest_only_with_trigger to 2024-04-05 16:00:00+00:00, run_after=2024-04-05 20:00:00+00:00
[2024-04-05T23:21:47.300+0000] {processor.py:183} INFO - Processing /home/airflow/.local/lib/python3.8/site-packages/airflow/example_dags/example_latest_only_with_trigger.py took 0.074 seconds
[2024-04-05T23:22:17.378+0000] {processor.py:161} INFO - Started process (PID=2780) to work on /home/airflow/.local/lib/python3.8/site-packages/airflow/example_dags/example_latest_only_with_trigger.py
[2024-04-05T23:22:17.379+0000] {processor.py:830} INFO - Processing file /home/airflow/.local/lib/python3.8/site-packages/airflow/example_dags/example_latest_only_with_trigger.py for tasks to queue
[2024-04-05T23:22:17.382+0000] {logging_mixin.py:188} INFO - [2024-04-05T23:22:17.381+0000] {dagbag.py:540} INFO - Filling up the DagBag from /home/airflow/.local/lib/python3.8/site-packages/airflow/example_dags/example_latest_only_with_trigger.py
[2024-04-05T23:22:17.390+0000] {processor.py:840} INFO - DAG(s) 'latest_only_with_trigger' retrieved from /home/airflow/.local/lib/python3.8/site-packages/airflow/example_dags/example_latest_only_with_trigger.py
[2024-04-05T23:22:17.414+0000] {logging_mixin.py:188} INFO - [2024-04-05T23:22:17.414+0000] {dag.py:3047} INFO - Sync 1 DAGs
[2024-04-05T23:22:17.440+0000] {logging_mixin.py:188} INFO - [2024-04-05T23:22:17.439+0000] {dag.py:3834} INFO - Setting next_dagrun for latest_only_with_trigger to 2024-04-05 16:00:00+00:00, run_after=2024-04-05 20:00:00+00:00
[2024-04-05T23:22:17.461+0000] {processor.py:183} INFO - Processing /home/airflow/.local/lib/python3.8/site-packages/airflow/example_dags/example_latest_only_with_trigger.py took 0.087 seconds
[2024-04-05T23:22:47.599+0000] {processor.py:161} INFO - Started process (PID=2835) to work on /home/airflow/.local/lib/python3.8/site-packages/airflow/example_dags/example_latest_only_with_trigger.py
[2024-04-05T23:22:47.600+0000] {processor.py:830} INFO - Processing file /home/airflow/.local/lib/python3.8/site-packages/airflow/example_dags/example_latest_only_with_trigger.py for tasks to queue
[2024-04-05T23:22:47.602+0000] {logging_mixin.py:188} INFO - [2024-04-05T23:22:47.602+0000] {dagbag.py:540} INFO - Filling up the DagBag from /home/airflow/.local/lib/python3.8/site-packages/airflow/example_dags/example_latest_only_with_trigger.py
[2024-04-05T23:22:47.608+0000] {processor.py:840} INFO - DAG(s) 'latest_only_with_trigger' retrieved from /home/airflow/.local/lib/python3.8/site-packages/airflow/example_dags/example_latest_only_with_trigger.py
[2024-04-05T23:22:47.633+0000] {logging_mixin.py:188} INFO - [2024-04-05T23:22:47.632+0000] {dag.py:3047} INFO - Sync 1 DAGs
[2024-04-05T23:22:47.652+0000] {logging_mixin.py:188} INFO - [2024-04-05T23:22:47.652+0000] {dag.py:3834} INFO - Setting next_dagrun for latest_only_with_trigger to 2024-04-05 16:00:00+00:00, run_after=2024-04-05 20:00:00+00:00
[2024-04-05T23:22:47.669+0000] {processor.py:183} INFO - Processing /home/airflow/.local/lib/python3.8/site-packages/airflow/example_dags/example_latest_only_with_trigger.py took 0.074 seconds
[2024-04-05T23:23:17.929+0000] {processor.py:161} INFO - Started process (PID=2890) to work on /home/airflow/.local/lib/python3.8/site-packages/airflow/example_dags/example_latest_only_with_trigger.py
[2024-04-05T23:23:17.930+0000] {processor.py:830} INFO - Processing file /home/airflow/.local/lib/python3.8/site-packages/airflow/example_dags/example_latest_only_with_trigger.py for tasks to queue
[2024-04-05T23:23:17.933+0000] {logging_mixin.py:188} INFO - [2024-04-05T23:23:17.933+0000] {dagbag.py:540} INFO - Filling up the DagBag from /home/airflow/.local/lib/python3.8/site-packages/airflow/example_dags/example_latest_only_with_trigger.py
[2024-04-05T23:23:17.939+0000] {processor.py:840} INFO - DAG(s) 'latest_only_with_trigger' retrieved from /home/airflow/.local/lib/python3.8/site-packages/airflow/example_dags/example_latest_only_with_trigger.py
[2024-04-05T23:23:17.965+0000] {logging_mixin.py:188} INFO - [2024-04-05T23:23:17.964+0000] {dag.py:3047} INFO - Sync 1 DAGs
[2024-04-05T23:23:17.989+0000] {logging_mixin.py:188} INFO - [2024-04-05T23:23:17.989+0000] {dag.py:3834} INFO - Setting next_dagrun for latest_only_with_trigger to 2024-04-05 16:00:00+00:00, run_after=2024-04-05 20:00:00+00:00
[2024-04-05T23:23:18.011+0000] {processor.py:183} INFO - Processing /home/airflow/.local/lib/python3.8/site-packages/airflow/example_dags/example_latest_only_with_trigger.py took 0.086 seconds
[2024-04-05T23:23:48.805+0000] {processor.py:161} INFO - Started process (PID=2945) to work on /home/airflow/.local/lib/python3.8/site-packages/airflow/example_dags/example_latest_only_with_trigger.py
[2024-04-05T23:23:48.806+0000] {processor.py:830} INFO - Processing file /home/airflow/.local/lib/python3.8/site-packages/airflow/example_dags/example_latest_only_with_trigger.py for tasks to queue
[2024-04-05T23:23:48.808+0000] {logging_mixin.py:188} INFO - [2024-04-05T23:23:48.808+0000] {dagbag.py:540} INFO - Filling up the DagBag from /home/airflow/.local/lib/python3.8/site-packages/airflow/example_dags/example_latest_only_with_trigger.py
[2024-04-05T23:23:48.815+0000] {processor.py:840} INFO - DAG(s) 'latest_only_with_trigger' retrieved from /home/airflow/.local/lib/python3.8/site-packages/airflow/example_dags/example_latest_only_with_trigger.py
[2024-04-05T23:23:48.838+0000] {logging_mixin.py:188} INFO - [2024-04-05T23:23:48.838+0000] {dag.py:3047} INFO - Sync 1 DAGs
[2024-04-05T23:23:48.862+0000] {logging_mixin.py:188} INFO - [2024-04-05T23:23:48.861+0000] {dag.py:3834} INFO - Setting next_dagrun for latest_only_with_trigger to 2024-04-05 16:00:00+00:00, run_after=2024-04-05 20:00:00+00:00
[2024-04-05T23:23:48.879+0000] {processor.py:183} INFO - Processing /home/airflow/.local/lib/python3.8/site-packages/airflow/example_dags/example_latest_only_with_trigger.py took 0.079 seconds
[2024-04-05T23:24:19.212+0000] {processor.py:161} INFO - Started process (PID=3001) to work on /home/airflow/.local/lib/python3.8/site-packages/airflow/example_dags/example_latest_only_with_trigger.py
[2024-04-05T23:24:19.213+0000] {processor.py:830} INFO - Processing file /home/airflow/.local/lib/python3.8/site-packages/airflow/example_dags/example_latest_only_with_trigger.py for tasks to queue
[2024-04-05T23:24:19.215+0000] {logging_mixin.py:188} INFO - [2024-04-05T23:24:19.214+0000] {dagbag.py:540} INFO - Filling up the DagBag from /home/airflow/.local/lib/python3.8/site-packages/airflow/example_dags/example_latest_only_with_trigger.py
[2024-04-05T23:24:19.221+0000] {processor.py:840} INFO - DAG(s) 'latest_only_with_trigger' retrieved from /home/airflow/.local/lib/python3.8/site-packages/airflow/example_dags/example_latest_only_with_trigger.py
[2024-04-05T23:24:19.245+0000] {logging_mixin.py:188} INFO - [2024-04-05T23:24:19.245+0000] {dag.py:3047} INFO - Sync 1 DAGs
[2024-04-05T23:24:19.270+0000] {logging_mixin.py:188} INFO - [2024-04-05T23:24:19.270+0000] {dag.py:3834} INFO - Setting next_dagrun for latest_only_with_trigger to 2024-04-05 16:00:00+00:00, run_after=2024-04-05 20:00:00+00:00
[2024-04-05T23:24:19.288+0000] {processor.py:183} INFO - Processing /home/airflow/.local/lib/python3.8/site-packages/airflow/example_dags/example_latest_only_with_trigger.py took 0.079 seconds
[2024-04-05T23:24:50.149+0000] {processor.py:161} INFO - Started process (PID=3057) to work on /home/airflow/.local/lib/python3.8/site-packages/airflow/example_dags/example_latest_only_with_trigger.py
[2024-04-05T23:24:50.151+0000] {processor.py:830} INFO - Processing file /home/airflow/.local/lib/python3.8/site-packages/airflow/example_dags/example_latest_only_with_trigger.py for tasks to queue
[2024-04-05T23:24:50.153+0000] {logging_mixin.py:188} INFO - [2024-04-05T23:24:50.153+0000] {dagbag.py:540} INFO - Filling up the DagBag from /home/airflow/.local/lib/python3.8/site-packages/airflow/example_dags/example_latest_only_with_trigger.py
[2024-04-05T23:24:50.158+0000] {processor.py:840} INFO - DAG(s) 'latest_only_with_trigger' retrieved from /home/airflow/.local/lib/python3.8/site-packages/airflow/example_dags/example_latest_only_with_trigger.py
[2024-04-05T23:24:50.180+0000] {logging_mixin.py:188} INFO - [2024-04-05T23:24:50.180+0000] {dag.py:3047} INFO - Sync 1 DAGs
[2024-04-05T23:24:50.203+0000] {logging_mixin.py:188} INFO - [2024-04-05T23:24:50.203+0000] {dag.py:3834} INFO - Setting next_dagrun for latest_only_with_trigger to 2024-04-05 16:00:00+00:00, run_after=2024-04-05 20:00:00+00:00
[2024-04-05T23:24:50.270+0000] {processor.py:183} INFO - Processing /home/airflow/.local/lib/python3.8/site-packages/airflow/example_dags/example_latest_only_with_trigger.py took 0.124 seconds
[2024-04-05T23:25:20.545+0000] {processor.py:161} INFO - Started process (PID=3112) to work on /home/airflow/.local/lib/python3.8/site-packages/airflow/example_dags/example_latest_only_with_trigger.py
[2024-04-05T23:25:20.546+0000] {processor.py:830} INFO - Processing file /home/airflow/.local/lib/python3.8/site-packages/airflow/example_dags/example_latest_only_with_trigger.py for tasks to queue
[2024-04-05T23:25:20.548+0000] {logging_mixin.py:188} INFO - [2024-04-05T23:25:20.548+0000] {dagbag.py:540} INFO - Filling up the DagBag from /home/airflow/.local/lib/python3.8/site-packages/airflow/example_dags/example_latest_only_with_trigger.py
[2024-04-05T23:25:20.554+0000] {processor.py:840} INFO - DAG(s) 'latest_only_with_trigger' retrieved from /home/airflow/.local/lib/python3.8/site-packages/airflow/example_dags/example_latest_only_with_trigger.py
[2024-04-05T23:25:20.575+0000] {logging_mixin.py:188} INFO - [2024-04-05T23:25:20.575+0000] {dag.py:3047} INFO - Sync 1 DAGs
[2024-04-05T23:25:20.596+0000] {logging_mixin.py:188} INFO - [2024-04-05T23:25:20.596+0000] {dag.py:3834} INFO - Setting next_dagrun for latest_only_with_trigger to 2024-04-05 16:00:00+00:00, run_after=2024-04-05 20:00:00+00:00
[2024-04-05T23:25:20.656+0000] {processor.py:183} INFO - Processing /home/airflow/.local/lib/python3.8/site-packages/airflow/example_dags/example_latest_only_with_trigger.py took 0.115 seconds
[2024-04-05T23:25:51.057+0000] {processor.py:161} INFO - Started process (PID=3167) to work on /home/airflow/.local/lib/python3.8/site-packages/airflow/example_dags/example_latest_only_with_trigger.py
[2024-04-05T23:25:51.059+0000] {processor.py:830} INFO - Processing file /home/airflow/.local/lib/python3.8/site-packages/airflow/example_dags/example_latest_only_with_trigger.py for tasks to queue
[2024-04-05T23:25:51.063+0000] {logging_mixin.py:188} INFO - [2024-04-05T23:25:51.062+0000] {dagbag.py:540} INFO - Filling up the DagBag from /home/airflow/.local/lib/python3.8/site-packages/airflow/example_dags/example_latest_only_with_trigger.py
[2024-04-05T23:25:51.070+0000] {processor.py:840} INFO - DAG(s) 'latest_only_with_trigger' retrieved from /home/airflow/.local/lib/python3.8/site-packages/airflow/example_dags/example_latest_only_with_trigger.py
[2024-04-05T23:25:51.095+0000] {logging_mixin.py:188} INFO - [2024-04-05T23:25:51.095+0000] {dag.py:3047} INFO - Sync 1 DAGs
[2024-04-05T23:25:51.117+0000] {logging_mixin.py:188} INFO - [2024-04-05T23:25:51.117+0000] {dag.py:3834} INFO - Setting next_dagrun for latest_only_with_trigger to 2024-04-05 16:00:00+00:00, run_after=2024-04-05 20:00:00+00:00
[2024-04-05T23:25:51.184+0000] {processor.py:183} INFO - Processing /home/airflow/.local/lib/python3.8/site-packages/airflow/example_dags/example_latest_only_with_trigger.py took 0.131 seconds
[2024-04-05T23:26:21.520+0000] {processor.py:161} INFO - Started process (PID=3222) to work on /home/airflow/.local/lib/python3.8/site-packages/airflow/example_dags/example_latest_only_with_trigger.py
[2024-04-05T23:26:21.521+0000] {processor.py:830} INFO - Processing file /home/airflow/.local/lib/python3.8/site-packages/airflow/example_dags/example_latest_only_with_trigger.py for tasks to queue
[2024-04-05T23:26:21.523+0000] {logging_mixin.py:188} INFO - [2024-04-05T23:26:21.523+0000] {dagbag.py:540} INFO - Filling up the DagBag from /home/airflow/.local/lib/python3.8/site-packages/airflow/example_dags/example_latest_only_with_trigger.py
[2024-04-05T23:26:21.529+0000] {processor.py:840} INFO - DAG(s) 'latest_only_with_trigger' retrieved from /home/airflow/.local/lib/python3.8/site-packages/airflow/example_dags/example_latest_only_with_trigger.py
[2024-04-05T23:26:21.553+0000] {logging_mixin.py:188} INFO - [2024-04-05T23:26:21.553+0000] {dag.py:3047} INFO - Sync 1 DAGs
[2024-04-05T23:26:21.574+0000] {logging_mixin.py:188} INFO - [2024-04-05T23:26:21.574+0000] {dag.py:3834} INFO - Setting next_dagrun for latest_only_with_trigger to 2024-04-05 16:00:00+00:00, run_after=2024-04-05 20:00:00+00:00
[2024-04-05T23:26:21.639+0000] {processor.py:183} INFO - Processing /home/airflow/.local/lib/python3.8/site-packages/airflow/example_dags/example_latest_only_with_trigger.py took 0.125 seconds
[2024-04-05T23:26:52.161+0000] {processor.py:161} INFO - Started process (PID=3277) to work on /home/airflow/.local/lib/python3.8/site-packages/airflow/example_dags/example_latest_only_with_trigger.py
[2024-04-05T23:26:52.162+0000] {processor.py:830} INFO - Processing file /home/airflow/.local/lib/python3.8/site-packages/airflow/example_dags/example_latest_only_with_trigger.py for tasks to queue
[2024-04-05T23:26:52.164+0000] {logging_mixin.py:188} INFO - [2024-04-05T23:26:52.164+0000] {dagbag.py:540} INFO - Filling up the DagBag from /home/airflow/.local/lib/python3.8/site-packages/airflow/example_dags/example_latest_only_with_trigger.py
[2024-04-05T23:26:52.170+0000] {processor.py:840} INFO - DAG(s) 'latest_only_with_trigger' retrieved from /home/airflow/.local/lib/python3.8/site-packages/airflow/example_dags/example_latest_only_with_trigger.py
[2024-04-05T23:26:52.197+0000] {logging_mixin.py:188} INFO - [2024-04-05T23:26:52.196+0000] {dag.py:3047} INFO - Sync 1 DAGs
[2024-04-05T23:26:52.219+0000] {logging_mixin.py:188} INFO - [2024-04-05T23:26:52.219+0000] {dag.py:3834} INFO - Setting next_dagrun for latest_only_with_trigger to 2024-04-05 16:00:00+00:00, run_after=2024-04-05 20:00:00+00:00
[2024-04-05T23:26:52.285+0000] {processor.py:183} INFO - Processing /home/airflow/.local/lib/python3.8/site-packages/airflow/example_dags/example_latest_only_with_trigger.py took 0.128 seconds
[2024-04-05T23:27:22.951+0000] {processor.py:161} INFO - Started process (PID=3332) to work on /home/airflow/.local/lib/python3.8/site-packages/airflow/example_dags/example_latest_only_with_trigger.py
[2024-04-05T23:27:22.952+0000] {processor.py:830} INFO - Processing file /home/airflow/.local/lib/python3.8/site-packages/airflow/example_dags/example_latest_only_with_trigger.py for tasks to queue
[2024-04-05T23:27:22.955+0000] {logging_mixin.py:188} INFO - [2024-04-05T23:27:22.954+0000] {dagbag.py:540} INFO - Filling up the DagBag from /home/airflow/.local/lib/python3.8/site-packages/airflow/example_dags/example_latest_only_with_trigger.py
[2024-04-05T23:27:22.961+0000] {processor.py:840} INFO - DAG(s) 'latest_only_with_trigger' retrieved from /home/airflow/.local/lib/python3.8/site-packages/airflow/example_dags/example_latest_only_with_trigger.py
[2024-04-05T23:27:22.987+0000] {logging_mixin.py:188} INFO - [2024-04-05T23:27:22.987+0000] {dag.py:3047} INFO - Sync 1 DAGs
[2024-04-05T23:27:23.008+0000] {logging_mixin.py:188} INFO - [2024-04-05T23:27:23.008+0000] {dag.py:3834} INFO - Setting next_dagrun for latest_only_with_trigger to 2024-04-05 16:00:00+00:00, run_after=2024-04-05 20:00:00+00:00
[2024-04-05T23:27:23.071+0000] {processor.py:183} INFO - Processing /home/airflow/.local/lib/python3.8/site-packages/airflow/example_dags/example_latest_only_with_trigger.py took 0.125 seconds
[2024-04-05T23:27:53.366+0000] {processor.py:161} INFO - Started process (PID=3387) to work on /home/airflow/.local/lib/python3.8/site-packages/airflow/example_dags/example_latest_only_with_trigger.py
[2024-04-05T23:27:53.368+0000] {processor.py:830} INFO - Processing file /home/airflow/.local/lib/python3.8/site-packages/airflow/example_dags/example_latest_only_with_trigger.py for tasks to queue
[2024-04-05T23:27:53.371+0000] {logging_mixin.py:188} INFO - [2024-04-05T23:27:53.370+0000] {dagbag.py:540} INFO - Filling up the DagBag from /home/airflow/.local/lib/python3.8/site-packages/airflow/example_dags/example_latest_only_with_trigger.py
[2024-04-05T23:27:53.377+0000] {processor.py:840} INFO - DAG(s) 'latest_only_with_trigger' retrieved from /home/airflow/.local/lib/python3.8/site-packages/airflow/example_dags/example_latest_only_with_trigger.py
[2024-04-05T23:27:53.398+0000] {logging_mixin.py:188} INFO - [2024-04-05T23:27:53.398+0000] {dag.py:3047} INFO - Sync 1 DAGs
[2024-04-05T23:27:53.423+0000] {logging_mixin.py:188} INFO - [2024-04-05T23:27:53.423+0000] {dag.py:3834} INFO - Setting next_dagrun for latest_only_with_trigger to 2024-04-05 16:00:00+00:00, run_after=2024-04-05 20:00:00+00:00
[2024-04-05T23:27:53.489+0000] {processor.py:183} INFO - Processing /home/airflow/.local/lib/python3.8/site-packages/airflow/example_dags/example_latest_only_with_trigger.py took 0.127 seconds
[2024-04-05T23:28:24.085+0000] {processor.py:161} INFO - Started process (PID=3442) to work on /home/airflow/.local/lib/python3.8/site-packages/airflow/example_dags/example_latest_only_with_trigger.py
[2024-04-05T23:28:24.086+0000] {processor.py:830} INFO - Processing file /home/airflow/.local/lib/python3.8/site-packages/airflow/example_dags/example_latest_only_with_trigger.py for tasks to queue
[2024-04-05T23:28:24.088+0000] {logging_mixin.py:188} INFO - [2024-04-05T23:28:24.087+0000] {dagbag.py:540} INFO - Filling up the DagBag from /home/airflow/.local/lib/python3.8/site-packages/airflow/example_dags/example_latest_only_with_trigger.py
[2024-04-05T23:28:24.093+0000] {processor.py:840} INFO - DAG(s) 'latest_only_with_trigger' retrieved from /home/airflow/.local/lib/python3.8/site-packages/airflow/example_dags/example_latest_only_with_trigger.py
[2024-04-05T23:28:24.118+0000] {logging_mixin.py:188} INFO - [2024-04-05T23:28:24.118+0000] {dag.py:3047} INFO - Sync 1 DAGs
[2024-04-05T23:28:24.141+0000] {logging_mixin.py:188} INFO - [2024-04-05T23:28:24.141+0000] {dag.py:3834} INFO - Setting next_dagrun for latest_only_with_trigger to 2024-04-05 16:00:00+00:00, run_after=2024-04-05 20:00:00+00:00
[2024-04-05T23:28:24.201+0000] {processor.py:183} INFO - Processing /home/airflow/.local/lib/python3.8/site-packages/airflow/example_dags/example_latest_only_with_trigger.py took 0.120 seconds
