[2024-04-05T22:57:14.596+0000] {processor.py:161} INFO - Started process (PID=62) to work on /home/airflow/.local/lib/python3.8/site-packages/airflow/example_dags/example_nested_branch_dag.py
[2024-04-05T22:57:14.597+0000] {processor.py:830} INFO - Processing file /home/airflow/.local/lib/python3.8/site-packages/airflow/example_dags/example_nested_branch_dag.py for tasks to queue
[2024-04-05T22:57:14.601+0000] {logging_mixin.py:188} INFO - [2024-04-05T22:57:14.600+0000] {dagbag.py:540} INFO - Filling up the DagBag from /home/airflow/.local/lib/python3.8/site-packages/airflow/example_dags/example_nested_branch_dag.py
[2024-04-05T22:57:14.623+0000] {processor.py:840} INFO - DAG(s) 'example_nested_branch_dag' retrieved from /home/airflow/.local/lib/python3.8/site-packages/airflow/example_dags/example_nested_branch_dag.py
[2024-04-05T22:57:14.682+0000] {logging_mixin.py:188} INFO - [2024-04-05T22:57:14.681+0000] {dag.py:3047} INFO - Sync 1 DAGs
[2024-04-05T22:57:14.810+0000] {logging_mixin.py:188} INFO - [2024-04-05T22:57:14.810+0000] {dag.py:3834} INFO - Setting next_dagrun for example_nested_branch_dag to 2024-04-04 00:00:00+00:00, run_after=2024-04-05 00:00:00+00:00
[2024-04-05T22:57:14.905+0000] {processor.py:183} INFO - Processing /home/airflow/.local/lib/python3.8/site-packages/airflow/example_dags/example_nested_branch_dag.py took 0.314 seconds
[2024-04-05T22:57:45.477+0000] {processor.py:161} INFO - Started process (PID=117) to work on /home/airflow/.local/lib/python3.8/site-packages/airflow/example_dags/example_nested_branch_dag.py
[2024-04-05T22:57:45.478+0000] {processor.py:830} INFO - Processing file /home/airflow/.local/lib/python3.8/site-packages/airflow/example_dags/example_nested_branch_dag.py for tasks to queue
[2024-04-05T22:57:45.481+0000] {logging_mixin.py:188} INFO - [2024-04-05T22:57:45.481+0000] {dagbag.py:540} INFO - Filling up the DagBag from /home/airflow/.local/lib/python3.8/site-packages/airflow/example_dags/example_nested_branch_dag.py
[2024-04-05T22:57:45.497+0000] {processor.py:840} INFO - DAG(s) 'example_nested_branch_dag' retrieved from /home/airflow/.local/lib/python3.8/site-packages/airflow/example_dags/example_nested_branch_dag.py
[2024-04-05T22:57:45.528+0000] {logging_mixin.py:188} INFO - [2024-04-05T22:57:45.528+0000] {dag.py:3047} INFO - Sync 1 DAGs
[2024-04-05T22:57:45.557+0000] {logging_mixin.py:188} INFO - [2024-04-05T22:57:45.557+0000] {dag.py:3834} INFO - Setting next_dagrun for example_nested_branch_dag to 2024-04-04 00:00:00+00:00, run_after=2024-04-05 00:00:00+00:00
[2024-04-05T22:57:45.580+0000] {processor.py:183} INFO - Processing /home/airflow/.local/lib/python3.8/site-packages/airflow/example_dags/example_nested_branch_dag.py took 0.110 seconds
[2024-04-05T22:58:15.723+0000] {processor.py:161} INFO - Started process (PID=171) to work on /home/airflow/.local/lib/python3.8/site-packages/airflow/example_dags/example_nested_branch_dag.py
[2024-04-05T22:58:15.724+0000] {processor.py:830} INFO - Processing file /home/airflow/.local/lib/python3.8/site-packages/airflow/example_dags/example_nested_branch_dag.py for tasks to queue
[2024-04-05T22:58:15.728+0000] {logging_mixin.py:188} INFO - [2024-04-05T22:58:15.727+0000] {dagbag.py:540} INFO - Filling up the DagBag from /home/airflow/.local/lib/python3.8/site-packages/airflow/example_dags/example_nested_branch_dag.py
[2024-04-05T22:58:15.742+0000] {processor.py:840} INFO - DAG(s) 'example_nested_branch_dag' retrieved from /home/airflow/.local/lib/python3.8/site-packages/airflow/example_dags/example_nested_branch_dag.py
[2024-04-05T22:58:15.771+0000] {logging_mixin.py:188} INFO - [2024-04-05T22:58:15.771+0000] {dag.py:3047} INFO - Sync 1 DAGs
[2024-04-05T22:58:15.804+0000] {logging_mixin.py:188} INFO - [2024-04-05T22:58:15.804+0000] {dag.py:3834} INFO - Setting next_dagrun for example_nested_branch_dag to 2024-04-04 00:00:00+00:00, run_after=2024-04-05 00:00:00+00:00
[2024-04-05T22:58:15.831+0000] {processor.py:183} INFO - Processing /home/airflow/.local/lib/python3.8/site-packages/airflow/example_dags/example_nested_branch_dag.py took 0.114 seconds
[2024-04-05T22:58:48.335+0000] {processor.py:161} INFO - Started process (PID=227) to work on /home/airflow/.local/lib/python3.8/site-packages/airflow/example_dags/example_nested_branch_dag.py
[2024-04-05T22:58:48.337+0000] {processor.py:830} INFO - Processing file /home/airflow/.local/lib/python3.8/site-packages/airflow/example_dags/example_nested_branch_dag.py for tasks to queue
[2024-04-05T22:58:48.341+0000] {logging_mixin.py:188} INFO - [2024-04-05T22:58:48.340+0000] {dagbag.py:540} INFO - Filling up the DagBag from /home/airflow/.local/lib/python3.8/site-packages/airflow/example_dags/example_nested_branch_dag.py
[2024-04-05T22:58:48.364+0000] {processor.py:840} INFO - DAG(s) 'example_nested_branch_dag' retrieved from /home/airflow/.local/lib/python3.8/site-packages/airflow/example_dags/example_nested_branch_dag.py
[2024-04-05T22:58:48.410+0000] {logging_mixin.py:188} INFO - [2024-04-05T22:58:48.409+0000] {dag.py:3047} INFO - Sync 1 DAGs
[2024-04-05T22:58:48.453+0000] {logging_mixin.py:188} INFO - [2024-04-05T22:58:48.452+0000] {dag.py:3834} INFO - Setting next_dagrun for example_nested_branch_dag to 2024-04-04 00:00:00+00:00, run_after=2024-04-05 00:00:00+00:00
[2024-04-05T22:58:48.489+0000] {processor.py:183} INFO - Processing /home/airflow/.local/lib/python3.8/site-packages/airflow/example_dags/example_nested_branch_dag.py took 0.160 seconds
[2024-04-05T22:59:18.859+0000] {processor.py:161} INFO - Started process (PID=281) to work on /home/airflow/.local/lib/python3.8/site-packages/airflow/example_dags/example_nested_branch_dag.py
[2024-04-05T22:59:18.861+0000] {processor.py:830} INFO - Processing file /home/airflow/.local/lib/python3.8/site-packages/airflow/example_dags/example_nested_branch_dag.py for tasks to queue
[2024-04-05T22:59:18.865+0000] {logging_mixin.py:188} INFO - [2024-04-05T22:59:18.864+0000] {dagbag.py:540} INFO - Filling up the DagBag from /home/airflow/.local/lib/python3.8/site-packages/airflow/example_dags/example_nested_branch_dag.py
[2024-04-05T22:59:18.885+0000] {processor.py:840} INFO - DAG(s) 'example_nested_branch_dag' retrieved from /home/airflow/.local/lib/python3.8/site-packages/airflow/example_dags/example_nested_branch_dag.py
[2024-04-05T22:59:18.919+0000] {logging_mixin.py:188} INFO - [2024-04-05T22:59:18.919+0000] {dag.py:3047} INFO - Sync 1 DAGs
[2024-04-05T22:59:18.959+0000] {logging_mixin.py:188} INFO - [2024-04-05T22:59:18.959+0000] {dag.py:3834} INFO - Setting next_dagrun for example_nested_branch_dag to 2024-04-04 00:00:00+00:00, run_after=2024-04-05 00:00:00+00:00
[2024-04-05T22:59:19.192+0000] {processor.py:183} INFO - Processing /home/airflow/.local/lib/python3.8/site-packages/airflow/example_dags/example_nested_branch_dag.py took 0.339 seconds
[2024-04-05T22:59:49.699+0000] {processor.py:161} INFO - Started process (PID=336) to work on /home/airflow/.local/lib/python3.8/site-packages/airflow/example_dags/example_nested_branch_dag.py
[2024-04-05T22:59:49.701+0000] {processor.py:830} INFO - Processing file /home/airflow/.local/lib/python3.8/site-packages/airflow/example_dags/example_nested_branch_dag.py for tasks to queue
[2024-04-05T22:59:49.705+0000] {logging_mixin.py:188} INFO - [2024-04-05T22:59:49.705+0000] {dagbag.py:540} INFO - Filling up the DagBag from /home/airflow/.local/lib/python3.8/site-packages/airflow/example_dags/example_nested_branch_dag.py
[2024-04-05T22:59:49.723+0000] {processor.py:840} INFO - DAG(s) 'example_nested_branch_dag' retrieved from /home/airflow/.local/lib/python3.8/site-packages/airflow/example_dags/example_nested_branch_dag.py
[2024-04-05T22:59:49.759+0000] {logging_mixin.py:188} INFO - [2024-04-05T22:59:49.759+0000] {dag.py:3047} INFO - Sync 1 DAGs
[2024-04-05T22:59:49.807+0000] {logging_mixin.py:188} INFO - [2024-04-05T22:59:49.807+0000] {dag.py:3834} INFO - Setting next_dagrun for example_nested_branch_dag to 2024-04-04 00:00:00+00:00, run_after=2024-04-05 00:00:00+00:00
[2024-04-05T22:59:49.837+0000] {processor.py:183} INFO - Processing /home/airflow/.local/lib/python3.8/site-packages/airflow/example_dags/example_nested_branch_dag.py took 0.142 seconds
[2024-04-05T23:00:19.895+0000] {processor.py:161} INFO - Started process (PID=391) to work on /home/airflow/.local/lib/python3.8/site-packages/airflow/example_dags/example_nested_branch_dag.py
[2024-04-05T23:00:19.896+0000] {processor.py:830} INFO - Processing file /home/airflow/.local/lib/python3.8/site-packages/airflow/example_dags/example_nested_branch_dag.py for tasks to queue
[2024-04-05T23:00:19.898+0000] {logging_mixin.py:188} INFO - [2024-04-05T23:00:19.898+0000] {dagbag.py:540} INFO - Filling up the DagBag from /home/airflow/.local/lib/python3.8/site-packages/airflow/example_dags/example_nested_branch_dag.py
[2024-04-05T23:00:19.909+0000] {processor.py:840} INFO - DAG(s) 'example_nested_branch_dag' retrieved from /home/airflow/.local/lib/python3.8/site-packages/airflow/example_dags/example_nested_branch_dag.py
[2024-04-05T23:00:19.937+0000] {logging_mixin.py:188} INFO - [2024-04-05T23:00:19.937+0000] {dag.py:3047} INFO - Sync 1 DAGs
[2024-04-05T23:00:19.962+0000] {logging_mixin.py:188} INFO - [2024-04-05T23:00:19.962+0000] {dag.py:3834} INFO - Setting next_dagrun for example_nested_branch_dag to 2024-04-04 00:00:00+00:00, run_after=2024-04-05 00:00:00+00:00
[2024-04-05T23:00:19.985+0000] {processor.py:183} INFO - Processing /home/airflow/.local/lib/python3.8/site-packages/airflow/example_dags/example_nested_branch_dag.py took 0.094 seconds
[2024-04-05T23:00:50.409+0000] {processor.py:161} INFO - Started process (PID=446) to work on /home/airflow/.local/lib/python3.8/site-packages/airflow/example_dags/example_nested_branch_dag.py
[2024-04-05T23:00:50.410+0000] {processor.py:830} INFO - Processing file /home/airflow/.local/lib/python3.8/site-packages/airflow/example_dags/example_nested_branch_dag.py for tasks to queue
[2024-04-05T23:00:50.414+0000] {logging_mixin.py:188} INFO - [2024-04-05T23:00:50.413+0000] {dagbag.py:540} INFO - Filling up the DagBag from /home/airflow/.local/lib/python3.8/site-packages/airflow/example_dags/example_nested_branch_dag.py
[2024-04-05T23:00:50.433+0000] {processor.py:840} INFO - DAG(s) 'example_nested_branch_dag' retrieved from /home/airflow/.local/lib/python3.8/site-packages/airflow/example_dags/example_nested_branch_dag.py
[2024-04-05T23:00:50.472+0000] {logging_mixin.py:188} INFO - [2024-04-05T23:00:50.472+0000] {dag.py:3047} INFO - Sync 1 DAGs
[2024-04-05T23:00:50.507+0000] {logging_mixin.py:188} INFO - [2024-04-05T23:00:50.507+0000] {dag.py:3834} INFO - Setting next_dagrun for example_nested_branch_dag to 2024-04-04 00:00:00+00:00, run_after=2024-04-05 00:00:00+00:00
[2024-04-05T23:00:50.538+0000] {processor.py:183} INFO - Processing /home/airflow/.local/lib/python3.8/site-packages/airflow/example_dags/example_nested_branch_dag.py took 0.135 seconds
[2024-04-05T23:01:21.801+0000] {processor.py:161} INFO - Started process (PID=501) to work on /home/airflow/.local/lib/python3.8/site-packages/airflow/example_dags/example_nested_branch_dag.py
[2024-04-05T23:01:21.803+0000] {processor.py:830} INFO - Processing file /home/airflow/.local/lib/python3.8/site-packages/airflow/example_dags/example_nested_branch_dag.py for tasks to queue
[2024-04-05T23:01:21.806+0000] {logging_mixin.py:188} INFO - [2024-04-05T23:01:21.805+0000] {dagbag.py:540} INFO - Filling up the DagBag from /home/airflow/.local/lib/python3.8/site-packages/airflow/example_dags/example_nested_branch_dag.py
[2024-04-05T23:01:21.831+0000] {processor.py:840} INFO - DAG(s) 'example_nested_branch_dag' retrieved from /home/airflow/.local/lib/python3.8/site-packages/airflow/example_dags/example_nested_branch_dag.py
[2024-04-05T23:01:21.867+0000] {logging_mixin.py:188} INFO - [2024-04-05T23:01:21.866+0000] {dag.py:3047} INFO - Sync 1 DAGs
[2024-04-05T23:01:22.073+0000] {logging_mixin.py:188} INFO - [2024-04-05T23:01:22.072+0000] {dag.py:3834} INFO - Setting next_dagrun for example_nested_branch_dag to 2024-04-04 00:00:00+00:00, run_after=2024-04-05 00:00:00+00:00
[2024-04-05T23:01:22.104+0000] {processor.py:183} INFO - Processing /home/airflow/.local/lib/python3.8/site-packages/airflow/example_dags/example_nested_branch_dag.py took 0.307 seconds
[2024-04-05T23:01:52.919+0000] {processor.py:161} INFO - Started process (PID=562) to work on /home/airflow/.local/lib/python3.8/site-packages/airflow/example_dags/example_nested_branch_dag.py
[2024-04-05T23:01:52.923+0000] {processor.py:830} INFO - Processing file /home/airflow/.local/lib/python3.8/site-packages/airflow/example_dags/example_nested_branch_dag.py for tasks to queue
[2024-04-05T23:01:52.927+0000] {logging_mixin.py:188} INFO - [2024-04-05T23:01:52.927+0000] {dagbag.py:540} INFO - Filling up the DagBag from /home/airflow/.local/lib/python3.8/site-packages/airflow/example_dags/example_nested_branch_dag.py
[2024-04-05T23:01:52.942+0000] {processor.py:840} INFO - DAG(s) 'example_nested_branch_dag' retrieved from /home/airflow/.local/lib/python3.8/site-packages/airflow/example_dags/example_nested_branch_dag.py
[2024-04-05T23:01:52.982+0000] {logging_mixin.py:188} INFO - [2024-04-05T23:01:52.982+0000] {dag.py:3047} INFO - Sync 1 DAGs
[2024-04-05T23:01:53.021+0000] {logging_mixin.py:188} INFO - [2024-04-05T23:01:53.021+0000] {dag.py:3834} INFO - Setting next_dagrun for example_nested_branch_dag to 2024-04-04 00:00:00+00:00, run_after=2024-04-05 00:00:00+00:00
[2024-04-05T23:01:53.044+0000] {processor.py:183} INFO - Processing /home/airflow/.local/lib/python3.8/site-packages/airflow/example_dags/example_nested_branch_dag.py took 0.130 seconds
[2024-04-05T23:02:23.157+0000] {processor.py:161} INFO - Started process (PID=617) to work on /home/airflow/.local/lib/python3.8/site-packages/airflow/example_dags/example_nested_branch_dag.py
[2024-04-05T23:02:23.158+0000] {processor.py:830} INFO - Processing file /home/airflow/.local/lib/python3.8/site-packages/airflow/example_dags/example_nested_branch_dag.py for tasks to queue
[2024-04-05T23:02:23.161+0000] {logging_mixin.py:188} INFO - [2024-04-05T23:02:23.161+0000] {dagbag.py:540} INFO - Filling up the DagBag from /home/airflow/.local/lib/python3.8/site-packages/airflow/example_dags/example_nested_branch_dag.py
[2024-04-05T23:02:23.176+0000] {processor.py:840} INFO - DAG(s) 'example_nested_branch_dag' retrieved from /home/airflow/.local/lib/python3.8/site-packages/airflow/example_dags/example_nested_branch_dag.py
[2024-04-05T23:02:23.204+0000] {logging_mixin.py:188} INFO - [2024-04-05T23:02:23.204+0000] {dag.py:3047} INFO - Sync 1 DAGs
[2024-04-05T23:02:23.236+0000] {logging_mixin.py:188} INFO - [2024-04-05T23:02:23.236+0000] {dag.py:3834} INFO - Setting next_dagrun for example_nested_branch_dag to 2024-04-04 00:00:00+00:00, run_after=2024-04-05 00:00:00+00:00
[2024-04-05T23:02:23.263+0000] {processor.py:183} INFO - Processing /home/airflow/.local/lib/python3.8/site-packages/airflow/example_dags/example_nested_branch_dag.py took 0.110 seconds
[2024-04-05T23:02:53.909+0000] {processor.py:161} INFO - Started process (PID=672) to work on /home/airflow/.local/lib/python3.8/site-packages/airflow/example_dags/example_nested_branch_dag.py
[2024-04-05T23:02:53.911+0000] {processor.py:830} INFO - Processing file /home/airflow/.local/lib/python3.8/site-packages/airflow/example_dags/example_nested_branch_dag.py for tasks to queue
[2024-04-05T23:02:53.915+0000] {logging_mixin.py:188} INFO - [2024-04-05T23:02:53.914+0000] {dagbag.py:540} INFO - Filling up the DagBag from /home/airflow/.local/lib/python3.8/site-packages/airflow/example_dags/example_nested_branch_dag.py
[2024-04-05T23:02:53.928+0000] {processor.py:840} INFO - DAG(s) 'example_nested_branch_dag' retrieved from /home/airflow/.local/lib/python3.8/site-packages/airflow/example_dags/example_nested_branch_dag.py
[2024-04-05T23:02:53.955+0000] {logging_mixin.py:188} INFO - [2024-04-05T23:02:53.955+0000] {dag.py:3047} INFO - Sync 1 DAGs
[2024-04-05T23:02:53.987+0000] {logging_mixin.py:188} INFO - [2024-04-05T23:02:53.986+0000] {dag.py:3834} INFO - Setting next_dagrun for example_nested_branch_dag to 2024-04-04 00:00:00+00:00, run_after=2024-04-05 00:00:00+00:00
[2024-04-05T23:02:54.007+0000] {processor.py:183} INFO - Processing /home/airflow/.local/lib/python3.8/site-packages/airflow/example_dags/example_nested_branch_dag.py took 0.102 seconds
[2024-04-05T23:03:24.299+0000] {processor.py:161} INFO - Started process (PID=728) to work on /home/airflow/.local/lib/python3.8/site-packages/airflow/example_dags/example_nested_branch_dag.py
[2024-04-05T23:03:24.301+0000] {processor.py:830} INFO - Processing file /home/airflow/.local/lib/python3.8/site-packages/airflow/example_dags/example_nested_branch_dag.py for tasks to queue
[2024-04-05T23:03:24.303+0000] {logging_mixin.py:188} INFO - [2024-04-05T23:03:24.303+0000] {dagbag.py:540} INFO - Filling up the DagBag from /home/airflow/.local/lib/python3.8/site-packages/airflow/example_dags/example_nested_branch_dag.py
[2024-04-05T23:03:24.319+0000] {processor.py:840} INFO - DAG(s) 'example_nested_branch_dag' retrieved from /home/airflow/.local/lib/python3.8/site-packages/airflow/example_dags/example_nested_branch_dag.py
[2024-04-05T23:03:24.342+0000] {logging_mixin.py:188} INFO - [2024-04-05T23:03:24.342+0000] {dag.py:3047} INFO - Sync 1 DAGs
[2024-04-05T23:03:24.364+0000] {logging_mixin.py:188} INFO - [2024-04-05T23:03:24.364+0000] {dag.py:3834} INFO - Setting next_dagrun for example_nested_branch_dag to 2024-04-04 00:00:00+00:00, run_after=2024-04-05 00:00:00+00:00
[2024-04-05T23:03:24.385+0000] {processor.py:183} INFO - Processing /home/airflow/.local/lib/python3.8/site-packages/airflow/example_dags/example_nested_branch_dag.py took 0.090 seconds
[2024-04-05T23:03:54.610+0000] {processor.py:161} INFO - Started process (PID=783) to work on /home/airflow/.local/lib/python3.8/site-packages/airflow/example_dags/example_nested_branch_dag.py
[2024-04-05T23:03:54.612+0000] {processor.py:830} INFO - Processing file /home/airflow/.local/lib/python3.8/site-packages/airflow/example_dags/example_nested_branch_dag.py for tasks to queue
[2024-04-05T23:03:54.615+0000] {logging_mixin.py:188} INFO - [2024-04-05T23:03:54.615+0000] {dagbag.py:540} INFO - Filling up the DagBag from /home/airflow/.local/lib/python3.8/site-packages/airflow/example_dags/example_nested_branch_dag.py
[2024-04-05T23:03:54.629+0000] {processor.py:840} INFO - DAG(s) 'example_nested_branch_dag' retrieved from /home/airflow/.local/lib/python3.8/site-packages/airflow/example_dags/example_nested_branch_dag.py
[2024-04-05T23:03:54.657+0000] {logging_mixin.py:188} INFO - [2024-04-05T23:03:54.656+0000] {dag.py:3047} INFO - Sync 1 DAGs
[2024-04-05T23:03:54.683+0000] {logging_mixin.py:188} INFO - [2024-04-05T23:03:54.683+0000] {dag.py:3834} INFO - Setting next_dagrun for example_nested_branch_dag to 2024-04-04 00:00:00+00:00, run_after=2024-04-05 00:00:00+00:00
[2024-04-05T23:03:54.706+0000] {processor.py:183} INFO - Processing /home/airflow/.local/lib/python3.8/site-packages/airflow/example_dags/example_nested_branch_dag.py took 0.099 seconds
[2024-04-05T23:04:25.451+0000] {processor.py:161} INFO - Started process (PID=838) to work on /home/airflow/.local/lib/python3.8/site-packages/airflow/example_dags/example_nested_branch_dag.py
[2024-04-05T23:04:25.453+0000] {processor.py:830} INFO - Processing file /home/airflow/.local/lib/python3.8/site-packages/airflow/example_dags/example_nested_branch_dag.py for tasks to queue
[2024-04-05T23:04:25.457+0000] {logging_mixin.py:188} INFO - [2024-04-05T23:04:25.456+0000] {dagbag.py:540} INFO - Filling up the DagBag from /home/airflow/.local/lib/python3.8/site-packages/airflow/example_dags/example_nested_branch_dag.py
[2024-04-05T23:04:25.478+0000] {processor.py:840} INFO - DAG(s) 'example_nested_branch_dag' retrieved from /home/airflow/.local/lib/python3.8/site-packages/airflow/example_dags/example_nested_branch_dag.py
[2024-04-05T23:04:25.519+0000] {logging_mixin.py:188} INFO - [2024-04-05T23:04:25.518+0000] {dag.py:3047} INFO - Sync 1 DAGs
[2024-04-05T23:04:25.555+0000] {logging_mixin.py:188} INFO - [2024-04-05T23:04:25.555+0000] {dag.py:3834} INFO - Setting next_dagrun for example_nested_branch_dag to 2024-04-04 00:00:00+00:00, run_after=2024-04-05 00:00:00+00:00
[2024-04-05T23:04:25.590+0000] {processor.py:183} INFO - Processing /home/airflow/.local/lib/python3.8/site-packages/airflow/example_dags/example_nested_branch_dag.py took 0.146 seconds
[2024-04-05T23:04:56.624+0000] {processor.py:161} INFO - Started process (PID=893) to work on /home/airflow/.local/lib/python3.8/site-packages/airflow/example_dags/example_nested_branch_dag.py
[2024-04-05T23:04:56.626+0000] {processor.py:830} INFO - Processing file /home/airflow/.local/lib/python3.8/site-packages/airflow/example_dags/example_nested_branch_dag.py for tasks to queue
[2024-04-05T23:04:56.629+0000] {logging_mixin.py:188} INFO - [2024-04-05T23:04:56.628+0000] {dagbag.py:540} INFO - Filling up the DagBag from /home/airflow/.local/lib/python3.8/site-packages/airflow/example_dags/example_nested_branch_dag.py
[2024-04-05T23:04:56.641+0000] {processor.py:840} INFO - DAG(s) 'example_nested_branch_dag' retrieved from /home/airflow/.local/lib/python3.8/site-packages/airflow/example_dags/example_nested_branch_dag.py
[2024-04-05T23:04:56.662+0000] {logging_mixin.py:188} INFO - [2024-04-05T23:04:56.662+0000] {dag.py:3047} INFO - Sync 1 DAGs
[2024-04-05T23:04:56.687+0000] {logging_mixin.py:188} INFO - [2024-04-05T23:04:56.687+0000] {dag.py:3834} INFO - Setting next_dagrun for example_nested_branch_dag to 2024-04-04 00:00:00+00:00, run_after=2024-04-05 00:00:00+00:00
[2024-04-05T23:04:56.747+0000] {processor.py:183} INFO - Processing /home/airflow/.local/lib/python3.8/site-packages/airflow/example_dags/example_nested_branch_dag.py took 0.126 seconds
[2024-04-05T23:05:27.265+0000] {processor.py:161} INFO - Started process (PID=948) to work on /home/airflow/.local/lib/python3.8/site-packages/airflow/example_dags/example_nested_branch_dag.py
[2024-04-05T23:05:27.266+0000] {processor.py:830} INFO - Processing file /home/airflow/.local/lib/python3.8/site-packages/airflow/example_dags/example_nested_branch_dag.py for tasks to queue
[2024-04-05T23:05:27.269+0000] {logging_mixin.py:188} INFO - [2024-04-05T23:05:27.269+0000] {dagbag.py:540} INFO - Filling up the DagBag from /home/airflow/.local/lib/python3.8/site-packages/airflow/example_dags/example_nested_branch_dag.py
[2024-04-05T23:05:27.281+0000] {processor.py:840} INFO - DAG(s) 'example_nested_branch_dag' retrieved from /home/airflow/.local/lib/python3.8/site-packages/airflow/example_dags/example_nested_branch_dag.py
[2024-04-05T23:05:27.305+0000] {logging_mixin.py:188} INFO - [2024-04-05T23:05:27.305+0000] {dag.py:3047} INFO - Sync 1 DAGs
[2024-04-05T23:05:27.334+0000] {logging_mixin.py:188} INFO - [2024-04-05T23:05:27.333+0000] {dag.py:3834} INFO - Setting next_dagrun for example_nested_branch_dag to 2024-04-04 00:00:00+00:00, run_after=2024-04-05 00:00:00+00:00
[2024-04-05T23:05:27.388+0000] {processor.py:183} INFO - Processing /home/airflow/.local/lib/python3.8/site-packages/airflow/example_dags/example_nested_branch_dag.py took 0.127 seconds
[2024-04-05T23:05:57.617+0000] {processor.py:161} INFO - Started process (PID=1003) to work on /home/airflow/.local/lib/python3.8/site-packages/airflow/example_dags/example_nested_branch_dag.py
[2024-04-05T23:05:57.618+0000] {processor.py:830} INFO - Processing file /home/airflow/.local/lib/python3.8/site-packages/airflow/example_dags/example_nested_branch_dag.py for tasks to queue
[2024-04-05T23:05:57.621+0000] {logging_mixin.py:188} INFO - [2024-04-05T23:05:57.620+0000] {dagbag.py:540} INFO - Filling up the DagBag from /home/airflow/.local/lib/python3.8/site-packages/airflow/example_dags/example_nested_branch_dag.py
[2024-04-05T23:05:57.632+0000] {processor.py:840} INFO - DAG(s) 'example_nested_branch_dag' retrieved from /home/airflow/.local/lib/python3.8/site-packages/airflow/example_dags/example_nested_branch_dag.py
[2024-04-05T23:05:57.657+0000] {logging_mixin.py:188} INFO - [2024-04-05T23:05:57.656+0000] {dag.py:3047} INFO - Sync 1 DAGs
[2024-04-05T23:05:57.685+0000] {logging_mixin.py:188} INFO - [2024-04-05T23:05:57.685+0000] {dag.py:3834} INFO - Setting next_dagrun for example_nested_branch_dag to 2024-04-04 00:00:00+00:00, run_after=2024-04-05 00:00:00+00:00
[2024-04-05T23:05:57.735+0000] {processor.py:183} INFO - Processing /home/airflow/.local/lib/python3.8/site-packages/airflow/example_dags/example_nested_branch_dag.py took 0.122 seconds
[2024-04-05T23:06:28.138+0000] {processor.py:161} INFO - Started process (PID=1058) to work on /home/airflow/.local/lib/python3.8/site-packages/airflow/example_dags/example_nested_branch_dag.py
[2024-04-05T23:06:28.139+0000] {processor.py:830} INFO - Processing file /home/airflow/.local/lib/python3.8/site-packages/airflow/example_dags/example_nested_branch_dag.py for tasks to queue
[2024-04-05T23:06:28.143+0000] {logging_mixin.py:188} INFO - [2024-04-05T23:06:28.142+0000] {dagbag.py:540} INFO - Filling up the DagBag from /home/airflow/.local/lib/python3.8/site-packages/airflow/example_dags/example_nested_branch_dag.py
[2024-04-05T23:06:28.159+0000] {processor.py:840} INFO - DAG(s) 'example_nested_branch_dag' retrieved from /home/airflow/.local/lib/python3.8/site-packages/airflow/example_dags/example_nested_branch_dag.py
[2024-04-05T23:06:28.198+0000] {logging_mixin.py:188} INFO - [2024-04-05T23:06:28.198+0000] {dag.py:3047} INFO - Sync 1 DAGs
[2024-04-05T23:06:28.233+0000] {logging_mixin.py:188} INFO - [2024-04-05T23:06:28.232+0000] {dag.py:3834} INFO - Setting next_dagrun for example_nested_branch_dag to 2024-04-04 00:00:00+00:00, run_after=2024-04-05 00:00:00+00:00
[2024-04-05T23:06:28.260+0000] {processor.py:183} INFO - Processing /home/airflow/.local/lib/python3.8/site-packages/airflow/example_dags/example_nested_branch_dag.py took 0.125 seconds
[2024-04-05T23:06:58.362+0000] {processor.py:161} INFO - Started process (PID=1113) to work on /home/airflow/.local/lib/python3.8/site-packages/airflow/example_dags/example_nested_branch_dag.py
[2024-04-05T23:06:58.363+0000] {processor.py:830} INFO - Processing file /home/airflow/.local/lib/python3.8/site-packages/airflow/example_dags/example_nested_branch_dag.py for tasks to queue
[2024-04-05T23:06:58.365+0000] {logging_mixin.py:188} INFO - [2024-04-05T23:06:58.365+0000] {dagbag.py:540} INFO - Filling up the DagBag from /home/airflow/.local/lib/python3.8/site-packages/airflow/example_dags/example_nested_branch_dag.py
[2024-04-05T23:06:58.377+0000] {processor.py:840} INFO - DAG(s) 'example_nested_branch_dag' retrieved from /home/airflow/.local/lib/python3.8/site-packages/airflow/example_dags/example_nested_branch_dag.py
[2024-04-05T23:06:58.405+0000] {logging_mixin.py:188} INFO - [2024-04-05T23:06:58.404+0000] {dag.py:3047} INFO - Sync 1 DAGs
[2024-04-05T23:06:58.435+0000] {logging_mixin.py:188} INFO - [2024-04-05T23:06:58.435+0000] {dag.py:3834} INFO - Setting next_dagrun for example_nested_branch_dag to 2024-04-04 00:00:00+00:00, run_after=2024-04-05 00:00:00+00:00
[2024-04-05T23:06:58.457+0000] {processor.py:183} INFO - Processing /home/airflow/.local/lib/python3.8/site-packages/airflow/example_dags/example_nested_branch_dag.py took 0.099 seconds
[2024-04-05T23:07:28.651+0000] {processor.py:161} INFO - Started process (PID=1168) to work on /home/airflow/.local/lib/python3.8/site-packages/airflow/example_dags/example_nested_branch_dag.py
[2024-04-05T23:07:28.653+0000] {processor.py:830} INFO - Processing file /home/airflow/.local/lib/python3.8/site-packages/airflow/example_dags/example_nested_branch_dag.py for tasks to queue
[2024-04-05T23:07:28.658+0000] {logging_mixin.py:188} INFO - [2024-04-05T23:07:28.657+0000] {dagbag.py:540} INFO - Filling up the DagBag from /home/airflow/.local/lib/python3.8/site-packages/airflow/example_dags/example_nested_branch_dag.py
[2024-04-05T23:07:28.675+0000] {processor.py:840} INFO - DAG(s) 'example_nested_branch_dag' retrieved from /home/airflow/.local/lib/python3.8/site-packages/airflow/example_dags/example_nested_branch_dag.py
[2024-04-05T23:07:28.707+0000] {logging_mixin.py:188} INFO - [2024-04-05T23:07:28.707+0000] {dag.py:3047} INFO - Sync 1 DAGs
[2024-04-05T23:07:28.740+0000] {logging_mixin.py:188} INFO - [2024-04-05T23:07:28.739+0000] {dag.py:3834} INFO - Setting next_dagrun for example_nested_branch_dag to 2024-04-04 00:00:00+00:00, run_after=2024-04-05 00:00:00+00:00
[2024-04-05T23:07:28.766+0000] {processor.py:183} INFO - Processing /home/airflow/.local/lib/python3.8/site-packages/airflow/example_dags/example_nested_branch_dag.py took 0.119 seconds
[2024-04-05T23:07:58.956+0000] {processor.py:161} INFO - Started process (PID=1223) to work on /home/airflow/.local/lib/python3.8/site-packages/airflow/example_dags/example_nested_branch_dag.py
[2024-04-05T23:07:58.959+0000] {processor.py:830} INFO - Processing file /home/airflow/.local/lib/python3.8/site-packages/airflow/example_dags/example_nested_branch_dag.py for tasks to queue
[2024-04-05T23:07:58.962+0000] {logging_mixin.py:188} INFO - [2024-04-05T23:07:58.962+0000] {dagbag.py:540} INFO - Filling up the DagBag from /home/airflow/.local/lib/python3.8/site-packages/airflow/example_dags/example_nested_branch_dag.py
[2024-04-05T23:07:58.975+0000] {processor.py:840} INFO - DAG(s) 'example_nested_branch_dag' retrieved from /home/airflow/.local/lib/python3.8/site-packages/airflow/example_dags/example_nested_branch_dag.py
[2024-04-05T23:07:59.002+0000] {logging_mixin.py:188} INFO - [2024-04-05T23:07:59.002+0000] {dag.py:3047} INFO - Sync 1 DAGs
[2024-04-05T23:07:59.035+0000] {logging_mixin.py:188} INFO - [2024-04-05T23:07:59.035+0000] {dag.py:3834} INFO - Setting next_dagrun for example_nested_branch_dag to 2024-04-04 00:00:00+00:00, run_after=2024-04-05 00:00:00+00:00
[2024-04-05T23:07:59.062+0000] {processor.py:183} INFO - Processing /home/airflow/.local/lib/python3.8/site-packages/airflow/example_dags/example_nested_branch_dag.py took 0.112 seconds
[2024-04-05T23:08:29.839+0000] {processor.py:161} INFO - Started process (PID=1278) to work on /home/airflow/.local/lib/python3.8/site-packages/airflow/example_dags/example_nested_branch_dag.py
[2024-04-05T23:08:29.840+0000] {processor.py:830} INFO - Processing file /home/airflow/.local/lib/python3.8/site-packages/airflow/example_dags/example_nested_branch_dag.py for tasks to queue
[2024-04-05T23:08:29.842+0000] {logging_mixin.py:188} INFO - [2024-04-05T23:08:29.842+0000] {dagbag.py:540} INFO - Filling up the DagBag from /home/airflow/.local/lib/python3.8/site-packages/airflow/example_dags/example_nested_branch_dag.py
[2024-04-05T23:08:29.854+0000] {processor.py:840} INFO - DAG(s) 'example_nested_branch_dag' retrieved from /home/airflow/.local/lib/python3.8/site-packages/airflow/example_dags/example_nested_branch_dag.py
[2024-04-05T23:08:29.880+0000] {logging_mixin.py:188} INFO - [2024-04-05T23:08:29.880+0000] {dag.py:3047} INFO - Sync 1 DAGs
[2024-04-05T23:08:29.906+0000] {logging_mixin.py:188} INFO - [2024-04-05T23:08:29.905+0000] {dag.py:3834} INFO - Setting next_dagrun for example_nested_branch_dag to 2024-04-04 00:00:00+00:00, run_after=2024-04-05 00:00:00+00:00
[2024-04-05T23:08:29.956+0000] {processor.py:183} INFO - Processing /home/airflow/.local/lib/python3.8/site-packages/airflow/example_dags/example_nested_branch_dag.py took 0.122 seconds
[2024-04-05T23:09:00.152+0000] {processor.py:161} INFO - Started process (PID=1333) to work on /home/airflow/.local/lib/python3.8/site-packages/airflow/example_dags/example_nested_branch_dag.py
[2024-04-05T23:09:00.153+0000] {processor.py:830} INFO - Processing file /home/airflow/.local/lib/python3.8/site-packages/airflow/example_dags/example_nested_branch_dag.py for tasks to queue
[2024-04-05T23:09:00.155+0000] {logging_mixin.py:188} INFO - [2024-04-05T23:09:00.155+0000] {dagbag.py:540} INFO - Filling up the DagBag from /home/airflow/.local/lib/python3.8/site-packages/airflow/example_dags/example_nested_branch_dag.py
[2024-04-05T23:09:00.168+0000] {processor.py:840} INFO - DAG(s) 'example_nested_branch_dag' retrieved from /home/airflow/.local/lib/python3.8/site-packages/airflow/example_dags/example_nested_branch_dag.py
[2024-04-05T23:09:00.199+0000] {logging_mixin.py:188} INFO - [2024-04-05T23:09:00.198+0000] {dag.py:3047} INFO - Sync 1 DAGs
[2024-04-05T23:09:00.224+0000] {logging_mixin.py:188} INFO - [2024-04-05T23:09:00.224+0000] {dag.py:3834} INFO - Setting next_dagrun for example_nested_branch_dag to 2024-04-04 00:00:00+00:00, run_after=2024-04-05 00:00:00+00:00
[2024-04-05T23:09:00.246+0000] {processor.py:183} INFO - Processing /home/airflow/.local/lib/python3.8/site-packages/airflow/example_dags/example_nested_branch_dag.py took 0.098 seconds
[2024-04-05T23:09:30.698+0000] {processor.py:161} INFO - Started process (PID=1388) to work on /home/airflow/.local/lib/python3.8/site-packages/airflow/example_dags/example_nested_branch_dag.py
[2024-04-05T23:09:30.699+0000] {processor.py:830} INFO - Processing file /home/airflow/.local/lib/python3.8/site-packages/airflow/example_dags/example_nested_branch_dag.py for tasks to queue
[2024-04-05T23:09:30.702+0000] {logging_mixin.py:188} INFO - [2024-04-05T23:09:30.701+0000] {dagbag.py:540} INFO - Filling up the DagBag from /home/airflow/.local/lib/python3.8/site-packages/airflow/example_dags/example_nested_branch_dag.py
[2024-04-05T23:09:30.715+0000] {processor.py:840} INFO - DAG(s) 'example_nested_branch_dag' retrieved from /home/airflow/.local/lib/python3.8/site-packages/airflow/example_dags/example_nested_branch_dag.py
[2024-04-05T23:09:30.742+0000] {logging_mixin.py:188} INFO - [2024-04-05T23:09:30.742+0000] {dag.py:3047} INFO - Sync 1 DAGs
[2024-04-05T23:09:30.767+0000] {logging_mixin.py:188} INFO - [2024-04-05T23:09:30.767+0000] {dag.py:3834} INFO - Setting next_dagrun for example_nested_branch_dag to 2024-04-04 00:00:00+00:00, run_after=2024-04-05 00:00:00+00:00
[2024-04-05T23:09:30.791+0000] {processor.py:183} INFO - Processing /home/airflow/.local/lib/python3.8/site-packages/airflow/example_dags/example_nested_branch_dag.py took 0.098 seconds
[2024-04-05T23:10:00.865+0000] {processor.py:161} INFO - Started process (PID=1443) to work on /home/airflow/.local/lib/python3.8/site-packages/airflow/example_dags/example_nested_branch_dag.py
[2024-04-05T23:10:00.868+0000] {processor.py:830} INFO - Processing file /home/airflow/.local/lib/python3.8/site-packages/airflow/example_dags/example_nested_branch_dag.py for tasks to queue
[2024-04-05T23:10:00.871+0000] {logging_mixin.py:188} INFO - [2024-04-05T23:10:00.871+0000] {dagbag.py:540} INFO - Filling up the DagBag from /home/airflow/.local/lib/python3.8/site-packages/airflow/example_dags/example_nested_branch_dag.py
[2024-04-05T23:10:00.882+0000] {processor.py:840} INFO - DAG(s) 'example_nested_branch_dag' retrieved from /home/airflow/.local/lib/python3.8/site-packages/airflow/example_dags/example_nested_branch_dag.py
[2024-04-05T23:10:00.909+0000] {logging_mixin.py:188} INFO - [2024-04-05T23:10:00.908+0000] {dag.py:3047} INFO - Sync 1 DAGs
[2024-04-05T23:10:00.934+0000] {logging_mixin.py:188} INFO - [2024-04-05T23:10:00.934+0000] {dag.py:3834} INFO - Setting next_dagrun for example_nested_branch_dag to 2024-04-04 00:00:00+00:00, run_after=2024-04-05 00:00:00+00:00
[2024-04-05T23:10:00.957+0000] {processor.py:183} INFO - Processing /home/airflow/.local/lib/python3.8/site-packages/airflow/example_dags/example_nested_branch_dag.py took 0.097 seconds
[2024-04-05T23:10:31.612+0000] {processor.py:161} INFO - Started process (PID=1498) to work on /home/airflow/.local/lib/python3.8/site-packages/airflow/example_dags/example_nested_branch_dag.py
[2024-04-05T23:10:31.614+0000] {processor.py:830} INFO - Processing file /home/airflow/.local/lib/python3.8/site-packages/airflow/example_dags/example_nested_branch_dag.py for tasks to queue
[2024-04-05T23:10:31.616+0000] {logging_mixin.py:188} INFO - [2024-04-05T23:10:31.616+0000] {dagbag.py:540} INFO - Filling up the DagBag from /home/airflow/.local/lib/python3.8/site-packages/airflow/example_dags/example_nested_branch_dag.py
[2024-04-05T23:10:31.628+0000] {processor.py:840} INFO - DAG(s) 'example_nested_branch_dag' retrieved from /home/airflow/.local/lib/python3.8/site-packages/airflow/example_dags/example_nested_branch_dag.py
[2024-04-05T23:10:31.654+0000] {logging_mixin.py:188} INFO - [2024-04-05T23:10:31.654+0000] {dag.py:3047} INFO - Sync 1 DAGs
[2024-04-05T23:10:31.680+0000] {logging_mixin.py:188} INFO - [2024-04-05T23:10:31.679+0000] {dag.py:3834} INFO - Setting next_dagrun for example_nested_branch_dag to 2024-04-04 00:00:00+00:00, run_after=2024-04-05 00:00:00+00:00
[2024-04-05T23:10:31.725+0000] {processor.py:183} INFO - Processing /home/airflow/.local/lib/python3.8/site-packages/airflow/example_dags/example_nested_branch_dag.py took 0.119 seconds
[2024-04-05T23:11:02.262+0000] {processor.py:161} INFO - Started process (PID=1553) to work on /home/airflow/.local/lib/python3.8/site-packages/airflow/example_dags/example_nested_branch_dag.py
[2024-04-05T23:11:02.263+0000] {processor.py:830} INFO - Processing file /home/airflow/.local/lib/python3.8/site-packages/airflow/example_dags/example_nested_branch_dag.py for tasks to queue
[2024-04-05T23:11:02.265+0000] {logging_mixin.py:188} INFO - [2024-04-05T23:11:02.265+0000] {dagbag.py:540} INFO - Filling up the DagBag from /home/airflow/.local/lib/python3.8/site-packages/airflow/example_dags/example_nested_branch_dag.py
[2024-04-05T23:11:02.277+0000] {processor.py:840} INFO - DAG(s) 'example_nested_branch_dag' retrieved from /home/airflow/.local/lib/python3.8/site-packages/airflow/example_dags/example_nested_branch_dag.py
[2024-04-05T23:11:02.304+0000] {logging_mixin.py:188} INFO - [2024-04-05T23:11:02.304+0000] {dag.py:3047} INFO - Sync 1 DAGs
[2024-04-05T23:11:02.330+0000] {logging_mixin.py:188} INFO - [2024-04-05T23:11:02.330+0000] {dag.py:3834} INFO - Setting next_dagrun for example_nested_branch_dag to 2024-04-04 00:00:00+00:00, run_after=2024-04-05 00:00:00+00:00
[2024-04-05T23:11:02.351+0000] {processor.py:183} INFO - Processing /home/airflow/.local/lib/python3.8/site-packages/airflow/example_dags/example_nested_branch_dag.py took 0.093 seconds
[2024-04-05T23:11:32.898+0000] {processor.py:161} INFO - Started process (PID=1608) to work on /home/airflow/.local/lib/python3.8/site-packages/airflow/example_dags/example_nested_branch_dag.py
[2024-04-05T23:11:32.899+0000] {processor.py:830} INFO - Processing file /home/airflow/.local/lib/python3.8/site-packages/airflow/example_dags/example_nested_branch_dag.py for tasks to queue
[2024-04-05T23:11:32.901+0000] {logging_mixin.py:188} INFO - [2024-04-05T23:11:32.901+0000] {dagbag.py:540} INFO - Filling up the DagBag from /home/airflow/.local/lib/python3.8/site-packages/airflow/example_dags/example_nested_branch_dag.py
[2024-04-05T23:11:32.914+0000] {processor.py:840} INFO - DAG(s) 'example_nested_branch_dag' retrieved from /home/airflow/.local/lib/python3.8/site-packages/airflow/example_dags/example_nested_branch_dag.py
[2024-04-05T23:11:32.935+0000] {logging_mixin.py:188} INFO - [2024-04-05T23:11:32.935+0000] {dag.py:3047} INFO - Sync 1 DAGs
[2024-04-05T23:11:32.958+0000] {logging_mixin.py:188} INFO - [2024-04-05T23:11:32.958+0000] {dag.py:3834} INFO - Setting next_dagrun for example_nested_branch_dag to 2024-04-04 00:00:00+00:00, run_after=2024-04-05 00:00:00+00:00
[2024-04-05T23:11:32.980+0000] {processor.py:183} INFO - Processing /home/airflow/.local/lib/python3.8/site-packages/airflow/example_dags/example_nested_branch_dag.py took 0.085 seconds
[2024-04-05T23:12:03.139+0000] {processor.py:161} INFO - Started process (PID=1663) to work on /home/airflow/.local/lib/python3.8/site-packages/airflow/example_dags/example_nested_branch_dag.py
[2024-04-05T23:12:03.141+0000] {processor.py:830} INFO - Processing file /home/airflow/.local/lib/python3.8/site-packages/airflow/example_dags/example_nested_branch_dag.py for tasks to queue
[2024-04-05T23:12:03.144+0000] {logging_mixin.py:188} INFO - [2024-04-05T23:12:03.143+0000] {dagbag.py:540} INFO - Filling up the DagBag from /home/airflow/.local/lib/python3.8/site-packages/airflow/example_dags/example_nested_branch_dag.py
[2024-04-05T23:12:03.157+0000] {processor.py:840} INFO - DAG(s) 'example_nested_branch_dag' retrieved from /home/airflow/.local/lib/python3.8/site-packages/airflow/example_dags/example_nested_branch_dag.py
[2024-04-05T23:12:03.180+0000] {logging_mixin.py:188} INFO - [2024-04-05T23:12:03.180+0000] {dag.py:3047} INFO - Sync 1 DAGs
[2024-04-05T23:12:03.208+0000] {logging_mixin.py:188} INFO - [2024-04-05T23:12:03.208+0000] {dag.py:3834} INFO - Setting next_dagrun for example_nested_branch_dag to 2024-04-04 00:00:00+00:00, run_after=2024-04-05 00:00:00+00:00
[2024-04-05T23:12:03.263+0000] {processor.py:183} INFO - Processing /home/airflow/.local/lib/python3.8/site-packages/airflow/example_dags/example_nested_branch_dag.py took 0.126 seconds
[2024-04-05T23:12:33.512+0000] {processor.py:161} INFO - Started process (PID=1718) to work on /home/airflow/.local/lib/python3.8/site-packages/airflow/example_dags/example_nested_branch_dag.py
[2024-04-05T23:12:33.513+0000] {processor.py:830} INFO - Processing file /home/airflow/.local/lib/python3.8/site-packages/airflow/example_dags/example_nested_branch_dag.py for tasks to queue
[2024-04-05T23:12:33.517+0000] {logging_mixin.py:188} INFO - [2024-04-05T23:12:33.516+0000] {dagbag.py:540} INFO - Filling up the DagBag from /home/airflow/.local/lib/python3.8/site-packages/airflow/example_dags/example_nested_branch_dag.py
[2024-04-05T23:12:33.532+0000] {processor.py:840} INFO - DAG(s) 'example_nested_branch_dag' retrieved from /home/airflow/.local/lib/python3.8/site-packages/airflow/example_dags/example_nested_branch_dag.py
[2024-04-05T23:12:33.560+0000] {logging_mixin.py:188} INFO - [2024-04-05T23:12:33.560+0000] {dag.py:3047} INFO - Sync 1 DAGs
[2024-04-05T23:12:33.590+0000] {logging_mixin.py:188} INFO - [2024-04-05T23:12:33.589+0000] {dag.py:3834} INFO - Setting next_dagrun for example_nested_branch_dag to 2024-04-04 00:00:00+00:00, run_after=2024-04-05 00:00:00+00:00
[2024-04-05T23:12:33.620+0000] {processor.py:183} INFO - Processing /home/airflow/.local/lib/python3.8/site-packages/airflow/example_dags/example_nested_branch_dag.py took 0.113 seconds
[2024-04-05T23:13:03.995+0000] {processor.py:161} INFO - Started process (PID=1773) to work on /home/airflow/.local/lib/python3.8/site-packages/airflow/example_dags/example_nested_branch_dag.py
[2024-04-05T23:13:03.996+0000] {processor.py:830} INFO - Processing file /home/airflow/.local/lib/python3.8/site-packages/airflow/example_dags/example_nested_branch_dag.py for tasks to queue
[2024-04-05T23:13:03.999+0000] {logging_mixin.py:188} INFO - [2024-04-05T23:13:03.998+0000] {dagbag.py:540} INFO - Filling up the DagBag from /home/airflow/.local/lib/python3.8/site-packages/airflow/example_dags/example_nested_branch_dag.py
[2024-04-05T23:13:04.012+0000] {processor.py:840} INFO - DAG(s) 'example_nested_branch_dag' retrieved from /home/airflow/.local/lib/python3.8/site-packages/airflow/example_dags/example_nested_branch_dag.py
[2024-04-05T23:13:04.038+0000] {logging_mixin.py:188} INFO - [2024-04-05T23:13:04.038+0000] {dag.py:3047} INFO - Sync 1 DAGs
[2024-04-05T23:13:04.065+0000] {logging_mixin.py:188} INFO - [2024-04-05T23:13:04.065+0000] {dag.py:3834} INFO - Setting next_dagrun for example_nested_branch_dag to 2024-04-04 00:00:00+00:00, run_after=2024-04-05 00:00:00+00:00
[2024-04-05T23:13:04.088+0000] {processor.py:183} INFO - Processing /home/airflow/.local/lib/python3.8/site-packages/airflow/example_dags/example_nested_branch_dag.py took 0.095 seconds
[2024-04-05T23:13:34.433+0000] {processor.py:161} INFO - Started process (PID=1828) to work on /home/airflow/.local/lib/python3.8/site-packages/airflow/example_dags/example_nested_branch_dag.py
[2024-04-05T23:13:34.434+0000] {processor.py:830} INFO - Processing file /home/airflow/.local/lib/python3.8/site-packages/airflow/example_dags/example_nested_branch_dag.py for tasks to queue
[2024-04-05T23:13:34.436+0000] {logging_mixin.py:188} INFO - [2024-04-05T23:13:34.436+0000] {dagbag.py:540} INFO - Filling up the DagBag from /home/airflow/.local/lib/python3.8/site-packages/airflow/example_dags/example_nested_branch_dag.py
[2024-04-05T23:13:34.449+0000] {processor.py:840} INFO - DAG(s) 'example_nested_branch_dag' retrieved from /home/airflow/.local/lib/python3.8/site-packages/airflow/example_dags/example_nested_branch_dag.py
[2024-04-05T23:13:34.472+0000] {logging_mixin.py:188} INFO - [2024-04-05T23:13:34.472+0000] {dag.py:3047} INFO - Sync 1 DAGs
[2024-04-05T23:13:34.495+0000] {logging_mixin.py:188} INFO - [2024-04-05T23:13:34.495+0000] {dag.py:3834} INFO - Setting next_dagrun for example_nested_branch_dag to 2024-04-04 00:00:00+00:00, run_after=2024-04-05 00:00:00+00:00
[2024-04-05T23:13:34.517+0000] {processor.py:183} INFO - Processing /home/airflow/.local/lib/python3.8/site-packages/airflow/example_dags/example_nested_branch_dag.py took 0.088 seconds
[2024-04-05T23:14:05.082+0000] {processor.py:161} INFO - Started process (PID=1883) to work on /home/airflow/.local/lib/python3.8/site-packages/airflow/example_dags/example_nested_branch_dag.py
[2024-04-05T23:14:05.084+0000] {processor.py:830} INFO - Processing file /home/airflow/.local/lib/python3.8/site-packages/airflow/example_dags/example_nested_branch_dag.py for tasks to queue
[2024-04-05T23:14:05.087+0000] {logging_mixin.py:188} INFO - [2024-04-05T23:14:05.087+0000] {dagbag.py:540} INFO - Filling up the DagBag from /home/airflow/.local/lib/python3.8/site-packages/airflow/example_dags/example_nested_branch_dag.py
[2024-04-05T23:14:05.097+0000] {processor.py:840} INFO - DAG(s) 'example_nested_branch_dag' retrieved from /home/airflow/.local/lib/python3.8/site-packages/airflow/example_dags/example_nested_branch_dag.py
[2024-04-05T23:14:05.123+0000] {logging_mixin.py:188} INFO - [2024-04-05T23:14:05.123+0000] {dag.py:3047} INFO - Sync 1 DAGs
[2024-04-05T23:14:05.147+0000] {logging_mixin.py:188} INFO - [2024-04-05T23:14:05.147+0000] {dag.py:3834} INFO - Setting next_dagrun for example_nested_branch_dag to 2024-04-04 00:00:00+00:00, run_after=2024-04-05 00:00:00+00:00
[2024-04-05T23:14:05.169+0000] {processor.py:183} INFO - Processing /home/airflow/.local/lib/python3.8/site-packages/airflow/example_dags/example_nested_branch_dag.py took 0.091 seconds
[2024-04-05T23:14:35.362+0000] {processor.py:161} INFO - Started process (PID=1938) to work on /home/airflow/.local/lib/python3.8/site-packages/airflow/example_dags/example_nested_branch_dag.py
[2024-04-05T23:14:35.363+0000] {processor.py:830} INFO - Processing file /home/airflow/.local/lib/python3.8/site-packages/airflow/example_dags/example_nested_branch_dag.py for tasks to queue
[2024-04-05T23:14:35.366+0000] {logging_mixin.py:188} INFO - [2024-04-05T23:14:35.365+0000] {dagbag.py:540} INFO - Filling up the DagBag from /home/airflow/.local/lib/python3.8/site-packages/airflow/example_dags/example_nested_branch_dag.py
[2024-04-05T23:14:35.380+0000] {processor.py:840} INFO - DAG(s) 'example_nested_branch_dag' retrieved from /home/airflow/.local/lib/python3.8/site-packages/airflow/example_dags/example_nested_branch_dag.py
[2024-04-05T23:14:35.407+0000] {logging_mixin.py:188} INFO - [2024-04-05T23:14:35.407+0000] {dag.py:3047} INFO - Sync 1 DAGs
[2024-04-05T23:14:35.433+0000] {logging_mixin.py:188} INFO - [2024-04-05T23:14:35.433+0000] {dag.py:3834} INFO - Setting next_dagrun for example_nested_branch_dag to 2024-04-04 00:00:00+00:00, run_after=2024-04-05 00:00:00+00:00
[2024-04-05T23:14:35.485+0000] {processor.py:183} INFO - Processing /home/airflow/.local/lib/python3.8/site-packages/airflow/example_dags/example_nested_branch_dag.py took 0.127 seconds
[2024-04-05T23:15:05.836+0000] {processor.py:161} INFO - Started process (PID=1993) to work on /home/airflow/.local/lib/python3.8/site-packages/airflow/example_dags/example_nested_branch_dag.py
[2024-04-05T23:15:05.837+0000] {processor.py:830} INFO - Processing file /home/airflow/.local/lib/python3.8/site-packages/airflow/example_dags/example_nested_branch_dag.py for tasks to queue
[2024-04-05T23:15:05.840+0000] {logging_mixin.py:188} INFO - [2024-04-05T23:15:05.839+0000] {dagbag.py:540} INFO - Filling up the DagBag from /home/airflow/.local/lib/python3.8/site-packages/airflow/example_dags/example_nested_branch_dag.py
[2024-04-05T23:15:05.850+0000] {processor.py:840} INFO - DAG(s) 'example_nested_branch_dag' retrieved from /home/airflow/.local/lib/python3.8/site-packages/airflow/example_dags/example_nested_branch_dag.py
[2024-04-05T23:15:05.874+0000] {logging_mixin.py:188} INFO - [2024-04-05T23:15:05.874+0000] {dag.py:3047} INFO - Sync 1 DAGs
[2024-04-05T23:15:05.898+0000] {logging_mixin.py:188} INFO - [2024-04-05T23:15:05.898+0000] {dag.py:3834} INFO - Setting next_dagrun for example_nested_branch_dag to 2024-04-04 00:00:00+00:00, run_after=2024-04-05 00:00:00+00:00
[2024-04-05T23:15:05.961+0000] {processor.py:183} INFO - Processing /home/airflow/.local/lib/python3.8/site-packages/airflow/example_dags/example_nested_branch_dag.py took 0.129 seconds
[2024-04-05T23:15:36.461+0000] {processor.py:161} INFO - Started process (PID=2048) to work on /home/airflow/.local/lib/python3.8/site-packages/airflow/example_dags/example_nested_branch_dag.py
[2024-04-05T23:15:36.463+0000] {processor.py:830} INFO - Processing file /home/airflow/.local/lib/python3.8/site-packages/airflow/example_dags/example_nested_branch_dag.py for tasks to queue
[2024-04-05T23:15:36.467+0000] {logging_mixin.py:188} INFO - [2024-04-05T23:15:36.465+0000] {dagbag.py:540} INFO - Filling up the DagBag from /home/airflow/.local/lib/python3.8/site-packages/airflow/example_dags/example_nested_branch_dag.py
[2024-04-05T23:15:36.483+0000] {processor.py:840} INFO - DAG(s) 'example_nested_branch_dag' retrieved from /home/airflow/.local/lib/python3.8/site-packages/airflow/example_dags/example_nested_branch_dag.py
[2024-04-05T23:15:36.511+0000] {logging_mixin.py:188} INFO - [2024-04-05T23:15:36.511+0000] {dag.py:3047} INFO - Sync 1 DAGs
[2024-04-05T23:15:36.547+0000] {logging_mixin.py:188} INFO - [2024-04-05T23:15:36.547+0000] {dag.py:3834} INFO - Setting next_dagrun for example_nested_branch_dag to 2024-04-04 00:00:00+00:00, run_after=2024-04-05 00:00:00+00:00
[2024-04-05T23:15:36.572+0000] {processor.py:183} INFO - Processing /home/airflow/.local/lib/python3.8/site-packages/airflow/example_dags/example_nested_branch_dag.py took 0.115 seconds
[2024-04-05T23:16:07.579+0000] {processor.py:161} INFO - Started process (PID=2103) to work on /home/airflow/.local/lib/python3.8/site-packages/airflow/example_dags/example_nested_branch_dag.py
[2024-04-05T23:16:07.580+0000] {processor.py:830} INFO - Processing file /home/airflow/.local/lib/python3.8/site-packages/airflow/example_dags/example_nested_branch_dag.py for tasks to queue
[2024-04-05T23:16:07.583+0000] {logging_mixin.py:188} INFO - [2024-04-05T23:16:07.582+0000] {dagbag.py:540} INFO - Filling up the DagBag from /home/airflow/.local/lib/python3.8/site-packages/airflow/example_dags/example_nested_branch_dag.py
[2024-04-05T23:16:07.599+0000] {processor.py:840} INFO - DAG(s) 'example_nested_branch_dag' retrieved from /home/airflow/.local/lib/python3.8/site-packages/airflow/example_dags/example_nested_branch_dag.py
[2024-04-05T23:16:07.624+0000] {logging_mixin.py:188} INFO - [2024-04-05T23:16:07.624+0000] {dag.py:3047} INFO - Sync 1 DAGs
[2024-04-05T23:16:07.650+0000] {logging_mixin.py:188} INFO - [2024-04-05T23:16:07.650+0000] {dag.py:3834} INFO - Setting next_dagrun for example_nested_branch_dag to 2024-04-04 00:00:00+00:00, run_after=2024-04-05 00:00:00+00:00
[2024-04-05T23:16:07.672+0000] {processor.py:183} INFO - Processing /home/airflow/.local/lib/python3.8/site-packages/airflow/example_dags/example_nested_branch_dag.py took 0.097 seconds
[2024-04-05T23:16:37.772+0000] {processor.py:161} INFO - Started process (PID=2158) to work on /home/airflow/.local/lib/python3.8/site-packages/airflow/example_dags/example_nested_branch_dag.py
[2024-04-05T23:16:37.773+0000] {processor.py:830} INFO - Processing file /home/airflow/.local/lib/python3.8/site-packages/airflow/example_dags/example_nested_branch_dag.py for tasks to queue
[2024-04-05T23:16:37.775+0000] {logging_mixin.py:188} INFO - [2024-04-05T23:16:37.775+0000] {dagbag.py:540} INFO - Filling up the DagBag from /home/airflow/.local/lib/python3.8/site-packages/airflow/example_dags/example_nested_branch_dag.py
[2024-04-05T23:16:37.790+0000] {processor.py:840} INFO - DAG(s) 'example_nested_branch_dag' retrieved from /home/airflow/.local/lib/python3.8/site-packages/airflow/example_dags/example_nested_branch_dag.py
[2024-04-05T23:16:37.815+0000] {logging_mixin.py:188} INFO - [2024-04-05T23:16:37.814+0000] {dag.py:3047} INFO - Sync 1 DAGs
[2024-04-05T23:16:37.838+0000] {logging_mixin.py:188} INFO - [2024-04-05T23:16:37.837+0000] {dag.py:3834} INFO - Setting next_dagrun for example_nested_branch_dag to 2024-04-04 00:00:00+00:00, run_after=2024-04-05 00:00:00+00:00
[2024-04-05T23:16:37.857+0000] {processor.py:183} INFO - Processing /home/airflow/.local/lib/python3.8/site-packages/airflow/example_dags/example_nested_branch_dag.py took 0.089 seconds
[2024-04-05T23:17:08.336+0000] {processor.py:161} INFO - Started process (PID=2213) to work on /home/airflow/.local/lib/python3.8/site-packages/airflow/example_dags/example_nested_branch_dag.py
[2024-04-05T23:17:08.337+0000] {processor.py:830} INFO - Processing file /home/airflow/.local/lib/python3.8/site-packages/airflow/example_dags/example_nested_branch_dag.py for tasks to queue
[2024-04-05T23:17:08.339+0000] {logging_mixin.py:188} INFO - [2024-04-05T23:17:08.339+0000] {dagbag.py:540} INFO - Filling up the DagBag from /home/airflow/.local/lib/python3.8/site-packages/airflow/example_dags/example_nested_branch_dag.py
[2024-04-05T23:17:08.350+0000] {processor.py:840} INFO - DAG(s) 'example_nested_branch_dag' retrieved from /home/airflow/.local/lib/python3.8/site-packages/airflow/example_dags/example_nested_branch_dag.py
[2024-04-05T23:17:08.373+0000] {logging_mixin.py:188} INFO - [2024-04-05T23:17:08.372+0000] {dag.py:3047} INFO - Sync 1 DAGs
[2024-04-05T23:17:08.399+0000] {logging_mixin.py:188} INFO - [2024-04-05T23:17:08.399+0000] {dag.py:3834} INFO - Setting next_dagrun for example_nested_branch_dag to 2024-04-04 00:00:00+00:00, run_after=2024-04-05 00:00:00+00:00
[2024-04-05T23:17:08.418+0000] {processor.py:183} INFO - Processing /home/airflow/.local/lib/python3.8/site-packages/airflow/example_dags/example_nested_branch_dag.py took 0.086 seconds
[2024-04-05T23:17:39.028+0000] {processor.py:161} INFO - Started process (PID=2268) to work on /home/airflow/.local/lib/python3.8/site-packages/airflow/example_dags/example_nested_branch_dag.py
[2024-04-05T23:17:39.030+0000] {processor.py:830} INFO - Processing file /home/airflow/.local/lib/python3.8/site-packages/airflow/example_dags/example_nested_branch_dag.py for tasks to queue
[2024-04-05T23:17:39.032+0000] {logging_mixin.py:188} INFO - [2024-04-05T23:17:39.032+0000] {dagbag.py:540} INFO - Filling up the DagBag from /home/airflow/.local/lib/python3.8/site-packages/airflow/example_dags/example_nested_branch_dag.py
[2024-04-05T23:17:39.043+0000] {processor.py:840} INFO - DAG(s) 'example_nested_branch_dag' retrieved from /home/airflow/.local/lib/python3.8/site-packages/airflow/example_dags/example_nested_branch_dag.py
[2024-04-05T23:17:39.066+0000] {logging_mixin.py:188} INFO - [2024-04-05T23:17:39.066+0000] {dag.py:3047} INFO - Sync 1 DAGs
[2024-04-05T23:17:39.088+0000] {logging_mixin.py:188} INFO - [2024-04-05T23:17:39.088+0000] {dag.py:3834} INFO - Setting next_dagrun for example_nested_branch_dag to 2024-04-04 00:00:00+00:00, run_after=2024-04-05 00:00:00+00:00
[2024-04-05T23:17:39.112+0000] {processor.py:183} INFO - Processing /home/airflow/.local/lib/python3.8/site-packages/airflow/example_dags/example_nested_branch_dag.py took 0.087 seconds
[2024-04-05T23:18:10.169+0000] {processor.py:161} INFO - Started process (PID=2323) to work on /home/airflow/.local/lib/python3.8/site-packages/airflow/example_dags/example_nested_branch_dag.py
[2024-04-05T23:18:10.170+0000] {processor.py:830} INFO - Processing file /home/airflow/.local/lib/python3.8/site-packages/airflow/example_dags/example_nested_branch_dag.py for tasks to queue
[2024-04-05T23:18:10.172+0000] {logging_mixin.py:188} INFO - [2024-04-05T23:18:10.172+0000] {dagbag.py:540} INFO - Filling up the DagBag from /home/airflow/.local/lib/python3.8/site-packages/airflow/example_dags/example_nested_branch_dag.py
[2024-04-05T23:18:10.181+0000] {processor.py:840} INFO - DAG(s) 'example_nested_branch_dag' retrieved from /home/airflow/.local/lib/python3.8/site-packages/airflow/example_dags/example_nested_branch_dag.py
[2024-04-05T23:18:10.205+0000] {logging_mixin.py:188} INFO - [2024-04-05T23:18:10.204+0000] {dag.py:3047} INFO - Sync 1 DAGs
[2024-04-05T23:18:10.225+0000] {logging_mixin.py:188} INFO - [2024-04-05T23:18:10.225+0000] {dag.py:3834} INFO - Setting next_dagrun for example_nested_branch_dag to 2024-04-04 00:00:00+00:00, run_after=2024-04-05 00:00:00+00:00
[2024-04-05T23:18:10.245+0000] {processor.py:183} INFO - Processing /home/airflow/.local/lib/python3.8/site-packages/airflow/example_dags/example_nested_branch_dag.py took 0.079 seconds
[2024-04-05T23:18:40.420+0000] {processor.py:161} INFO - Started process (PID=2378) to work on /home/airflow/.local/lib/python3.8/site-packages/airflow/example_dags/example_nested_branch_dag.py
[2024-04-05T23:18:40.421+0000] {processor.py:830} INFO - Processing file /home/airflow/.local/lib/python3.8/site-packages/airflow/example_dags/example_nested_branch_dag.py for tasks to queue
[2024-04-05T23:18:40.423+0000] {logging_mixin.py:188} INFO - [2024-04-05T23:18:40.422+0000] {dagbag.py:540} INFO - Filling up the DagBag from /home/airflow/.local/lib/python3.8/site-packages/airflow/example_dags/example_nested_branch_dag.py
[2024-04-05T23:18:40.436+0000] {processor.py:840} INFO - DAG(s) 'example_nested_branch_dag' retrieved from /home/airflow/.local/lib/python3.8/site-packages/airflow/example_dags/example_nested_branch_dag.py
[2024-04-05T23:18:40.459+0000] {logging_mixin.py:188} INFO - [2024-04-05T23:18:40.459+0000] {dag.py:3047} INFO - Sync 1 DAGs
[2024-04-05T23:18:40.481+0000] {logging_mixin.py:188} INFO - [2024-04-05T23:18:40.481+0000] {dag.py:3834} INFO - Setting next_dagrun for example_nested_branch_dag to 2024-04-04 00:00:00+00:00, run_after=2024-04-05 00:00:00+00:00
[2024-04-05T23:18:40.499+0000] {processor.py:183} INFO - Processing /home/airflow/.local/lib/python3.8/site-packages/airflow/example_dags/example_nested_branch_dag.py took 0.082 seconds
[2024-04-05T23:19:11.653+0000] {processor.py:161} INFO - Started process (PID=2433) to work on /home/airflow/.local/lib/python3.8/site-packages/airflow/example_dags/example_nested_branch_dag.py
[2024-04-05T23:19:11.655+0000] {processor.py:830} INFO - Processing file /home/airflow/.local/lib/python3.8/site-packages/airflow/example_dags/example_nested_branch_dag.py for tasks to queue
[2024-04-05T23:19:11.658+0000] {logging_mixin.py:188} INFO - [2024-04-05T23:19:11.657+0000] {dagbag.py:540} INFO - Filling up the DagBag from /home/airflow/.local/lib/python3.8/site-packages/airflow/example_dags/example_nested_branch_dag.py
[2024-04-05T23:19:11.671+0000] {processor.py:840} INFO - DAG(s) 'example_nested_branch_dag' retrieved from /home/airflow/.local/lib/python3.8/site-packages/airflow/example_dags/example_nested_branch_dag.py
[2024-04-05T23:19:11.698+0000] {logging_mixin.py:188} INFO - [2024-04-05T23:19:11.698+0000] {dag.py:3047} INFO - Sync 1 DAGs
[2024-04-05T23:19:11.724+0000] {logging_mixin.py:188} INFO - [2024-04-05T23:19:11.724+0000] {dag.py:3834} INFO - Setting next_dagrun for example_nested_branch_dag to 2024-04-04 00:00:00+00:00, run_after=2024-04-05 00:00:00+00:00
[2024-04-05T23:19:11.790+0000] {processor.py:183} INFO - Processing /home/airflow/.local/lib/python3.8/site-packages/airflow/example_dags/example_nested_branch_dag.py took 0.142 seconds
[2024-04-05T23:19:41.972+0000] {processor.py:161} INFO - Started process (PID=2488) to work on /home/airflow/.local/lib/python3.8/site-packages/airflow/example_dags/example_nested_branch_dag.py
[2024-04-05T23:19:41.974+0000] {processor.py:830} INFO - Processing file /home/airflow/.local/lib/python3.8/site-packages/airflow/example_dags/example_nested_branch_dag.py for tasks to queue
[2024-04-05T23:19:41.977+0000] {logging_mixin.py:188} INFO - [2024-04-05T23:19:41.977+0000] {dagbag.py:540} INFO - Filling up the DagBag from /home/airflow/.local/lib/python3.8/site-packages/airflow/example_dags/example_nested_branch_dag.py
[2024-04-05T23:19:41.989+0000] {processor.py:840} INFO - DAG(s) 'example_nested_branch_dag' retrieved from /home/airflow/.local/lib/python3.8/site-packages/airflow/example_dags/example_nested_branch_dag.py
[2024-04-05T23:19:42.020+0000] {logging_mixin.py:188} INFO - [2024-04-05T23:19:42.019+0000] {dag.py:3047} INFO - Sync 1 DAGs
[2024-04-05T23:19:42.047+0000] {logging_mixin.py:188} INFO - [2024-04-05T23:19:42.046+0000] {dag.py:3834} INFO - Setting next_dagrun for example_nested_branch_dag to 2024-04-04 00:00:00+00:00, run_after=2024-04-05 00:00:00+00:00
[2024-04-05T23:19:42.111+0000] {processor.py:183} INFO - Processing /home/airflow/.local/lib/python3.8/site-packages/airflow/example_dags/example_nested_branch_dag.py took 0.142 seconds
[2024-04-05T23:20:12.349+0000] {processor.py:161} INFO - Started process (PID=2543) to work on /home/airflow/.local/lib/python3.8/site-packages/airflow/example_dags/example_nested_branch_dag.py
[2024-04-05T23:20:12.350+0000] {processor.py:830} INFO - Processing file /home/airflow/.local/lib/python3.8/site-packages/airflow/example_dags/example_nested_branch_dag.py for tasks to queue
[2024-04-05T23:20:12.353+0000] {logging_mixin.py:188} INFO - [2024-04-05T23:20:12.352+0000] {dagbag.py:540} INFO - Filling up the DagBag from /home/airflow/.local/lib/python3.8/site-packages/airflow/example_dags/example_nested_branch_dag.py
[2024-04-05T23:20:12.361+0000] {processor.py:840} INFO - DAG(s) 'example_nested_branch_dag' retrieved from /home/airflow/.local/lib/python3.8/site-packages/airflow/example_dags/example_nested_branch_dag.py
[2024-04-05T23:20:12.385+0000] {logging_mixin.py:188} INFO - [2024-04-05T23:20:12.385+0000] {dag.py:3047} INFO - Sync 1 DAGs
[2024-04-05T23:20:12.406+0000] {logging_mixin.py:188} INFO - [2024-04-05T23:20:12.405+0000] {dag.py:3834} INFO - Setting next_dagrun for example_nested_branch_dag to 2024-04-04 00:00:00+00:00, run_after=2024-04-05 00:00:00+00:00
[2024-04-05T23:20:12.467+0000] {processor.py:183} INFO - Processing /home/airflow/.local/lib/python3.8/site-packages/airflow/example_dags/example_nested_branch_dag.py took 0.121 seconds
[2024-04-05T23:20:42.943+0000] {processor.py:161} INFO - Started process (PID=2598) to work on /home/airflow/.local/lib/python3.8/site-packages/airflow/example_dags/example_nested_branch_dag.py
[2024-04-05T23:20:42.944+0000] {processor.py:830} INFO - Processing file /home/airflow/.local/lib/python3.8/site-packages/airflow/example_dags/example_nested_branch_dag.py for tasks to queue
[2024-04-05T23:20:42.947+0000] {logging_mixin.py:188} INFO - [2024-04-05T23:20:42.947+0000] {dagbag.py:540} INFO - Filling up the DagBag from /home/airflow/.local/lib/python3.8/site-packages/airflow/example_dags/example_nested_branch_dag.py
[2024-04-05T23:20:42.959+0000] {processor.py:840} INFO - DAG(s) 'example_nested_branch_dag' retrieved from /home/airflow/.local/lib/python3.8/site-packages/airflow/example_dags/example_nested_branch_dag.py
[2024-04-05T23:20:42.986+0000] {logging_mixin.py:188} INFO - [2024-04-05T23:20:42.986+0000] {dag.py:3047} INFO - Sync 1 DAGs
[2024-04-05T23:20:43.011+0000] {logging_mixin.py:188} INFO - [2024-04-05T23:20:43.010+0000] {dag.py:3834} INFO - Setting next_dagrun for example_nested_branch_dag to 2024-04-04 00:00:00+00:00, run_after=2024-04-05 00:00:00+00:00
[2024-04-05T23:20:43.034+0000] {processor.py:183} INFO - Processing /home/airflow/.local/lib/python3.8/site-packages/airflow/example_dags/example_nested_branch_dag.py took 0.094 seconds
[2024-04-05T23:21:13.274+0000] {processor.py:161} INFO - Started process (PID=2653) to work on /home/airflow/.local/lib/python3.8/site-packages/airflow/example_dags/example_nested_branch_dag.py
[2024-04-05T23:21:13.275+0000] {processor.py:830} INFO - Processing file /home/airflow/.local/lib/python3.8/site-packages/airflow/example_dags/example_nested_branch_dag.py for tasks to queue
[2024-04-05T23:21:13.278+0000] {logging_mixin.py:188} INFO - [2024-04-05T23:21:13.277+0000] {dagbag.py:540} INFO - Filling up the DagBag from /home/airflow/.local/lib/python3.8/site-packages/airflow/example_dags/example_nested_branch_dag.py
[2024-04-05T23:21:13.292+0000] {processor.py:840} INFO - DAG(s) 'example_nested_branch_dag' retrieved from /home/airflow/.local/lib/python3.8/site-packages/airflow/example_dags/example_nested_branch_dag.py
[2024-04-05T23:21:13.319+0000] {logging_mixin.py:188} INFO - [2024-04-05T23:21:13.319+0000] {dag.py:3047} INFO - Sync 1 DAGs
[2024-04-05T23:21:13.342+0000] {logging_mixin.py:188} INFO - [2024-04-05T23:21:13.342+0000] {dag.py:3834} INFO - Setting next_dagrun for example_nested_branch_dag to 2024-04-04 00:00:00+00:00, run_after=2024-04-05 00:00:00+00:00
[2024-04-05T23:21:13.406+0000] {processor.py:183} INFO - Processing /home/airflow/.local/lib/python3.8/site-packages/airflow/example_dags/example_nested_branch_dag.py took 0.134 seconds
[2024-04-05T23:21:43.633+0000] {processor.py:161} INFO - Started process (PID=2708) to work on /home/airflow/.local/lib/python3.8/site-packages/airflow/example_dags/example_nested_branch_dag.py
[2024-04-05T23:21:43.634+0000] {processor.py:830} INFO - Processing file /home/airflow/.local/lib/python3.8/site-packages/airflow/example_dags/example_nested_branch_dag.py for tasks to queue
[2024-04-05T23:21:43.637+0000] {logging_mixin.py:188} INFO - [2024-04-05T23:21:43.636+0000] {dagbag.py:540} INFO - Filling up the DagBag from /home/airflow/.local/lib/python3.8/site-packages/airflow/example_dags/example_nested_branch_dag.py
[2024-04-05T23:21:43.650+0000] {processor.py:840} INFO - DAG(s) 'example_nested_branch_dag' retrieved from /home/airflow/.local/lib/python3.8/site-packages/airflow/example_dags/example_nested_branch_dag.py
[2024-04-05T23:21:43.673+0000] {logging_mixin.py:188} INFO - [2024-04-05T23:21:43.673+0000] {dag.py:3047} INFO - Sync 1 DAGs
[2024-04-05T23:21:43.696+0000] {logging_mixin.py:188} INFO - [2024-04-05T23:21:43.696+0000] {dag.py:3834} INFO - Setting next_dagrun for example_nested_branch_dag to 2024-04-04 00:00:00+00:00, run_after=2024-04-05 00:00:00+00:00
[2024-04-05T23:21:43.717+0000] {processor.py:183} INFO - Processing /home/airflow/.local/lib/python3.8/site-packages/airflow/example_dags/example_nested_branch_dag.py took 0.087 seconds
[2024-04-05T23:22:14.748+0000] {processor.py:161} INFO - Started process (PID=2762) to work on /home/airflow/.local/lib/python3.8/site-packages/airflow/example_dags/example_nested_branch_dag.py
[2024-04-05T23:22:14.749+0000] {processor.py:830} INFO - Processing file /home/airflow/.local/lib/python3.8/site-packages/airflow/example_dags/example_nested_branch_dag.py for tasks to queue
[2024-04-05T23:22:14.751+0000] {logging_mixin.py:188} INFO - [2024-04-05T23:22:14.751+0000] {dagbag.py:540} INFO - Filling up the DagBag from /home/airflow/.local/lib/python3.8/site-packages/airflow/example_dags/example_nested_branch_dag.py
[2024-04-05T23:22:14.763+0000] {processor.py:840} INFO - DAG(s) 'example_nested_branch_dag' retrieved from /home/airflow/.local/lib/python3.8/site-packages/airflow/example_dags/example_nested_branch_dag.py
[2024-04-05T23:22:14.792+0000] {logging_mixin.py:188} INFO - [2024-04-05T23:22:14.792+0000] {dag.py:3047} INFO - Sync 1 DAGs
[2024-04-05T23:22:14.816+0000] {logging_mixin.py:188} INFO - [2024-04-05T23:22:14.816+0000] {dag.py:3834} INFO - Setting next_dagrun for example_nested_branch_dag to 2024-04-04 00:00:00+00:00, run_after=2024-04-05 00:00:00+00:00
[2024-04-05T23:22:14.837+0000] {processor.py:183} INFO - Processing /home/airflow/.local/lib/python3.8/site-packages/airflow/example_dags/example_nested_branch_dag.py took 0.093 seconds
[2024-04-05T23:22:45.011+0000] {processor.py:161} INFO - Started process (PID=2817) to work on /home/airflow/.local/lib/python3.8/site-packages/airflow/example_dags/example_nested_branch_dag.py
[2024-04-05T23:22:45.013+0000] {processor.py:830} INFO - Processing file /home/airflow/.local/lib/python3.8/site-packages/airflow/example_dags/example_nested_branch_dag.py for tasks to queue
[2024-04-05T23:22:45.018+0000] {logging_mixin.py:188} INFO - [2024-04-05T23:22:45.017+0000] {dagbag.py:540} INFO - Filling up the DagBag from /home/airflow/.local/lib/python3.8/site-packages/airflow/example_dags/example_nested_branch_dag.py
[2024-04-05T23:22:45.029+0000] {processor.py:840} INFO - DAG(s) 'example_nested_branch_dag' retrieved from /home/airflow/.local/lib/python3.8/site-packages/airflow/example_dags/example_nested_branch_dag.py
[2024-04-05T23:22:45.055+0000] {logging_mixin.py:188} INFO - [2024-04-05T23:22:45.055+0000] {dag.py:3047} INFO - Sync 1 DAGs
[2024-04-05T23:22:45.081+0000] {logging_mixin.py:188} INFO - [2024-04-05T23:22:45.080+0000] {dag.py:3834} INFO - Setting next_dagrun for example_nested_branch_dag to 2024-04-04 00:00:00+00:00, run_after=2024-04-05 00:00:00+00:00
[2024-04-05T23:22:45.103+0000] {processor.py:183} INFO - Processing /home/airflow/.local/lib/python3.8/site-packages/airflow/example_dags/example_nested_branch_dag.py took 0.096 seconds
[2024-04-05T23:23:15.551+0000] {processor.py:161} INFO - Started process (PID=2872) to work on /home/airflow/.local/lib/python3.8/site-packages/airflow/example_dags/example_nested_branch_dag.py
[2024-04-05T23:23:15.552+0000] {processor.py:830} INFO - Processing file /home/airflow/.local/lib/python3.8/site-packages/airflow/example_dags/example_nested_branch_dag.py for tasks to queue
[2024-04-05T23:23:15.554+0000] {logging_mixin.py:188} INFO - [2024-04-05T23:23:15.554+0000] {dagbag.py:540} INFO - Filling up the DagBag from /home/airflow/.local/lib/python3.8/site-packages/airflow/example_dags/example_nested_branch_dag.py
[2024-04-05T23:23:15.564+0000] {processor.py:840} INFO - DAG(s) 'example_nested_branch_dag' retrieved from /home/airflow/.local/lib/python3.8/site-packages/airflow/example_dags/example_nested_branch_dag.py
[2024-04-05T23:23:15.584+0000] {logging_mixin.py:188} INFO - [2024-04-05T23:23:15.584+0000] {dag.py:3047} INFO - Sync 1 DAGs
[2024-04-05T23:23:15.607+0000] {logging_mixin.py:188} INFO - [2024-04-05T23:23:15.607+0000] {dag.py:3834} INFO - Setting next_dagrun for example_nested_branch_dag to 2024-04-04 00:00:00+00:00, run_after=2024-04-05 00:00:00+00:00
[2024-04-05T23:23:15.673+0000] {processor.py:183} INFO - Processing /home/airflow/.local/lib/python3.8/site-packages/airflow/example_dags/example_nested_branch_dag.py took 0.126 seconds
[2024-04-05T23:23:45.937+0000] {processor.py:161} INFO - Started process (PID=2927) to work on /home/airflow/.local/lib/python3.8/site-packages/airflow/example_dags/example_nested_branch_dag.py
[2024-04-05T23:23:45.938+0000] {processor.py:830} INFO - Processing file /home/airflow/.local/lib/python3.8/site-packages/airflow/example_dags/example_nested_branch_dag.py for tasks to queue
[2024-04-05T23:23:45.941+0000] {logging_mixin.py:188} INFO - [2024-04-05T23:23:45.940+0000] {dagbag.py:540} INFO - Filling up the DagBag from /home/airflow/.local/lib/python3.8/site-packages/airflow/example_dags/example_nested_branch_dag.py
[2024-04-05T23:23:45.952+0000] {processor.py:840} INFO - DAG(s) 'example_nested_branch_dag' retrieved from /home/airflow/.local/lib/python3.8/site-packages/airflow/example_dags/example_nested_branch_dag.py
[2024-04-05T23:23:45.976+0000] {logging_mixin.py:188} INFO - [2024-04-05T23:23:45.976+0000] {dag.py:3047} INFO - Sync 1 DAGs
[2024-04-05T23:23:46.001+0000] {logging_mixin.py:188} INFO - [2024-04-05T23:23:46.000+0000] {dag.py:3834} INFO - Setting next_dagrun for example_nested_branch_dag to 2024-04-04 00:00:00+00:00, run_after=2024-04-05 00:00:00+00:00
[2024-04-05T23:23:46.022+0000] {processor.py:183} INFO - Processing /home/airflow/.local/lib/python3.8/site-packages/airflow/example_dags/example_nested_branch_dag.py took 0.089 seconds
[2024-04-05T23:24:16.328+0000] {processor.py:161} INFO - Started process (PID=2983) to work on /home/airflow/.local/lib/python3.8/site-packages/airflow/example_dags/example_nested_branch_dag.py
[2024-04-05T23:24:16.329+0000] {processor.py:830} INFO - Processing file /home/airflow/.local/lib/python3.8/site-packages/airflow/example_dags/example_nested_branch_dag.py for tasks to queue
[2024-04-05T23:24:16.331+0000] {logging_mixin.py:188} INFO - [2024-04-05T23:24:16.331+0000] {dagbag.py:540} INFO - Filling up the DagBag from /home/airflow/.local/lib/python3.8/site-packages/airflow/example_dags/example_nested_branch_dag.py
[2024-04-05T23:24:16.342+0000] {processor.py:840} INFO - DAG(s) 'example_nested_branch_dag' retrieved from /home/airflow/.local/lib/python3.8/site-packages/airflow/example_dags/example_nested_branch_dag.py
[2024-04-05T23:24:16.364+0000] {logging_mixin.py:188} INFO - [2024-04-05T23:24:16.364+0000] {dag.py:3047} INFO - Sync 1 DAGs
[2024-04-05T23:24:16.386+0000] {logging_mixin.py:188} INFO - [2024-04-05T23:24:16.386+0000] {dag.py:3834} INFO - Setting next_dagrun for example_nested_branch_dag to 2024-04-04 00:00:00+00:00, run_after=2024-04-05 00:00:00+00:00
[2024-04-05T23:24:16.404+0000] {processor.py:183} INFO - Processing /home/airflow/.local/lib/python3.8/site-packages/airflow/example_dags/example_nested_branch_dag.py took 0.080 seconds
[2024-04-05T23:24:46.710+0000] {processor.py:161} INFO - Started process (PID=3039) to work on /home/airflow/.local/lib/python3.8/site-packages/airflow/example_dags/example_nested_branch_dag.py
[2024-04-05T23:24:46.712+0000] {processor.py:830} INFO - Processing file /home/airflow/.local/lib/python3.8/site-packages/airflow/example_dags/example_nested_branch_dag.py for tasks to queue
[2024-04-05T23:24:46.715+0000] {logging_mixin.py:188} INFO - [2024-04-05T23:24:46.714+0000] {dagbag.py:540} INFO - Filling up the DagBag from /home/airflow/.local/lib/python3.8/site-packages/airflow/example_dags/example_nested_branch_dag.py
[2024-04-05T23:24:46.729+0000] {processor.py:840} INFO - DAG(s) 'example_nested_branch_dag' retrieved from /home/airflow/.local/lib/python3.8/site-packages/airflow/example_dags/example_nested_branch_dag.py
[2024-04-05T23:24:46.753+0000] {logging_mixin.py:188} INFO - [2024-04-05T23:24:46.753+0000] {dag.py:3047} INFO - Sync 1 DAGs
[2024-04-05T23:24:46.777+0000] {logging_mixin.py:188} INFO - [2024-04-05T23:24:46.776+0000] {dag.py:3834} INFO - Setting next_dagrun for example_nested_branch_dag to 2024-04-04 00:00:00+00:00, run_after=2024-04-05 00:00:00+00:00
[2024-04-05T23:24:46.801+0000] {processor.py:183} INFO - Processing /home/airflow/.local/lib/python3.8/site-packages/airflow/example_dags/example_nested_branch_dag.py took 0.094 seconds
[2024-04-05T23:25:17.005+0000] {processor.py:161} INFO - Started process (PID=3094) to work on /home/airflow/.local/lib/python3.8/site-packages/airflow/example_dags/example_nested_branch_dag.py
[2024-04-05T23:25:17.007+0000] {processor.py:830} INFO - Processing file /home/airflow/.local/lib/python3.8/site-packages/airflow/example_dags/example_nested_branch_dag.py for tasks to queue
[2024-04-05T23:25:17.009+0000] {logging_mixin.py:188} INFO - [2024-04-05T23:25:17.009+0000] {dagbag.py:540} INFO - Filling up the DagBag from /home/airflow/.local/lib/python3.8/site-packages/airflow/example_dags/example_nested_branch_dag.py
[2024-04-05T23:25:17.019+0000] {processor.py:840} INFO - DAG(s) 'example_nested_branch_dag' retrieved from /home/airflow/.local/lib/python3.8/site-packages/airflow/example_dags/example_nested_branch_dag.py
[2024-04-05T23:25:17.040+0000] {logging_mixin.py:188} INFO - [2024-04-05T23:25:17.040+0000] {dag.py:3047} INFO - Sync 1 DAGs
[2024-04-05T23:25:17.061+0000] {logging_mixin.py:188} INFO - [2024-04-05T23:25:17.061+0000] {dag.py:3834} INFO - Setting next_dagrun for example_nested_branch_dag to 2024-04-04 00:00:00+00:00, run_after=2024-04-05 00:00:00+00:00
[2024-04-05T23:25:17.136+0000] {processor.py:183} INFO - Processing /home/airflow/.local/lib/python3.8/site-packages/airflow/example_dags/example_nested_branch_dag.py took 0.134 seconds
[2024-04-05T23:25:47.478+0000] {processor.py:161} INFO - Started process (PID=3149) to work on /home/airflow/.local/lib/python3.8/site-packages/airflow/example_dags/example_nested_branch_dag.py
[2024-04-05T23:25:47.479+0000] {processor.py:830} INFO - Processing file /home/airflow/.local/lib/python3.8/site-packages/airflow/example_dags/example_nested_branch_dag.py for tasks to queue
[2024-04-05T23:25:47.481+0000] {logging_mixin.py:188} INFO - [2024-04-05T23:25:47.481+0000] {dagbag.py:540} INFO - Filling up the DagBag from /home/airflow/.local/lib/python3.8/site-packages/airflow/example_dags/example_nested_branch_dag.py
[2024-04-05T23:25:47.491+0000] {processor.py:840} INFO - DAG(s) 'example_nested_branch_dag' retrieved from /home/airflow/.local/lib/python3.8/site-packages/airflow/example_dags/example_nested_branch_dag.py
[2024-04-05T23:25:47.513+0000] {logging_mixin.py:188} INFO - [2024-04-05T23:25:47.513+0000] {dag.py:3047} INFO - Sync 1 DAGs
[2024-04-05T23:25:47.533+0000] {logging_mixin.py:188} INFO - [2024-04-05T23:25:47.533+0000] {dag.py:3834} INFO - Setting next_dagrun for example_nested_branch_dag to 2024-04-04 00:00:00+00:00, run_after=2024-04-05 00:00:00+00:00
[2024-04-05T23:25:47.605+0000] {processor.py:183} INFO - Processing /home/airflow/.local/lib/python3.8/site-packages/airflow/example_dags/example_nested_branch_dag.py took 0.130 seconds
[2024-04-05T23:26:18.191+0000] {processor.py:161} INFO - Started process (PID=3204) to work on /home/airflow/.local/lib/python3.8/site-packages/airflow/example_dags/example_nested_branch_dag.py
[2024-04-05T23:26:18.193+0000] {processor.py:830} INFO - Processing file /home/airflow/.local/lib/python3.8/site-packages/airflow/example_dags/example_nested_branch_dag.py for tasks to queue
[2024-04-05T23:26:18.197+0000] {logging_mixin.py:188} INFO - [2024-04-05T23:26:18.196+0000] {dagbag.py:540} INFO - Filling up the DagBag from /home/airflow/.local/lib/python3.8/site-packages/airflow/example_dags/example_nested_branch_dag.py
[2024-04-05T23:26:18.209+0000] {processor.py:840} INFO - DAG(s) 'example_nested_branch_dag' retrieved from /home/airflow/.local/lib/python3.8/site-packages/airflow/example_dags/example_nested_branch_dag.py
[2024-04-05T23:26:18.235+0000] {logging_mixin.py:188} INFO - [2024-04-05T23:26:18.235+0000] {dag.py:3047} INFO - Sync 1 DAGs
[2024-04-05T23:26:18.263+0000] {logging_mixin.py:188} INFO - [2024-04-05T23:26:18.263+0000] {dag.py:3834} INFO - Setting next_dagrun for example_nested_branch_dag to 2024-04-04 00:00:00+00:00, run_after=2024-04-05 00:00:00+00:00
[2024-04-05T23:26:18.282+0000] {processor.py:183} INFO - Processing /home/airflow/.local/lib/python3.8/site-packages/airflow/example_dags/example_nested_branch_dag.py took 0.098 seconds
[2024-04-05T23:26:48.831+0000] {processor.py:161} INFO - Started process (PID=3259) to work on /home/airflow/.local/lib/python3.8/site-packages/airflow/example_dags/example_nested_branch_dag.py
[2024-04-05T23:26:48.832+0000] {processor.py:830} INFO - Processing file /home/airflow/.local/lib/python3.8/site-packages/airflow/example_dags/example_nested_branch_dag.py for tasks to queue
[2024-04-05T23:26:48.834+0000] {logging_mixin.py:188} INFO - [2024-04-05T23:26:48.834+0000] {dagbag.py:540} INFO - Filling up the DagBag from /home/airflow/.local/lib/python3.8/site-packages/airflow/example_dags/example_nested_branch_dag.py
[2024-04-05T23:26:48.845+0000] {processor.py:840} INFO - DAG(s) 'example_nested_branch_dag' retrieved from /home/airflow/.local/lib/python3.8/site-packages/airflow/example_dags/example_nested_branch_dag.py
[2024-04-05T23:26:48.870+0000] {logging_mixin.py:188} INFO - [2024-04-05T23:26:48.870+0000] {dag.py:3047} INFO - Sync 1 DAGs
[2024-04-05T23:26:48.895+0000] {logging_mixin.py:188} INFO - [2024-04-05T23:26:48.895+0000] {dag.py:3834} INFO - Setting next_dagrun for example_nested_branch_dag to 2024-04-04 00:00:00+00:00, run_after=2024-04-05 00:00:00+00:00
[2024-04-05T23:26:48.914+0000] {processor.py:183} INFO - Processing /home/airflow/.local/lib/python3.8/site-packages/airflow/example_dags/example_nested_branch_dag.py took 0.087 seconds
[2024-04-05T23:27:19.731+0000] {processor.py:161} INFO - Started process (PID=3314) to work on /home/airflow/.local/lib/python3.8/site-packages/airflow/example_dags/example_nested_branch_dag.py
[2024-04-05T23:27:19.732+0000] {processor.py:830} INFO - Processing file /home/airflow/.local/lib/python3.8/site-packages/airflow/example_dags/example_nested_branch_dag.py for tasks to queue
[2024-04-05T23:27:19.735+0000] {logging_mixin.py:188} INFO - [2024-04-05T23:27:19.735+0000] {dagbag.py:540} INFO - Filling up the DagBag from /home/airflow/.local/lib/python3.8/site-packages/airflow/example_dags/example_nested_branch_dag.py
[2024-04-05T23:27:19.747+0000] {processor.py:840} INFO - DAG(s) 'example_nested_branch_dag' retrieved from /home/airflow/.local/lib/python3.8/site-packages/airflow/example_dags/example_nested_branch_dag.py
[2024-04-05T23:27:19.776+0000] {logging_mixin.py:188} INFO - [2024-04-05T23:27:19.776+0000] {dag.py:3047} INFO - Sync 1 DAGs
[2024-04-05T23:27:19.805+0000] {logging_mixin.py:188} INFO - [2024-04-05T23:27:19.805+0000] {dag.py:3834} INFO - Setting next_dagrun for example_nested_branch_dag to 2024-04-04 00:00:00+00:00, run_after=2024-04-05 00:00:00+00:00
[2024-04-05T23:27:19.832+0000] {processor.py:183} INFO - Processing /home/airflow/.local/lib/python3.8/site-packages/airflow/example_dags/example_nested_branch_dag.py took 0.106 seconds
[2024-04-05T23:27:50.722+0000] {processor.py:161} INFO - Started process (PID=3369) to work on /home/airflow/.local/lib/python3.8/site-packages/airflow/example_dags/example_nested_branch_dag.py
[2024-04-05T23:27:50.724+0000] {processor.py:830} INFO - Processing file /home/airflow/.local/lib/python3.8/site-packages/airflow/example_dags/example_nested_branch_dag.py for tasks to queue
[2024-04-05T23:27:50.727+0000] {logging_mixin.py:188} INFO - [2024-04-05T23:27:50.726+0000] {dagbag.py:540} INFO - Filling up the DagBag from /home/airflow/.local/lib/python3.8/site-packages/airflow/example_dags/example_nested_branch_dag.py
[2024-04-05T23:27:50.739+0000] {processor.py:840} INFO - DAG(s) 'example_nested_branch_dag' retrieved from /home/airflow/.local/lib/python3.8/site-packages/airflow/example_dags/example_nested_branch_dag.py
[2024-04-05T23:27:50.762+0000] {logging_mixin.py:188} INFO - [2024-04-05T23:27:50.762+0000] {dag.py:3047} INFO - Sync 1 DAGs
[2024-04-05T23:27:50.787+0000] {logging_mixin.py:188} INFO - [2024-04-05T23:27:50.787+0000] {dag.py:3834} INFO - Setting next_dagrun for example_nested_branch_dag to 2024-04-04 00:00:00+00:00, run_after=2024-04-05 00:00:00+00:00
[2024-04-05T23:27:50.805+0000] {processor.py:183} INFO - Processing /home/airflow/.local/lib/python3.8/site-packages/airflow/example_dags/example_nested_branch_dag.py took 0.086 seconds
[2024-04-05T23:28:21.162+0000] {processor.py:161} INFO - Started process (PID=3424) to work on /home/airflow/.local/lib/python3.8/site-packages/airflow/example_dags/example_nested_branch_dag.py
[2024-04-05T23:28:21.164+0000] {processor.py:830} INFO - Processing file /home/airflow/.local/lib/python3.8/site-packages/airflow/example_dags/example_nested_branch_dag.py for tasks to queue
[2024-04-05T23:28:21.166+0000] {logging_mixin.py:188} INFO - [2024-04-05T23:28:21.165+0000] {dagbag.py:540} INFO - Filling up the DagBag from /home/airflow/.local/lib/python3.8/site-packages/airflow/example_dags/example_nested_branch_dag.py
[2024-04-05T23:28:21.176+0000] {processor.py:840} INFO - DAG(s) 'example_nested_branch_dag' retrieved from /home/airflow/.local/lib/python3.8/site-packages/airflow/example_dags/example_nested_branch_dag.py
[2024-04-05T23:28:21.197+0000] {logging_mixin.py:188} INFO - [2024-04-05T23:28:21.197+0000] {dag.py:3047} INFO - Sync 1 DAGs
[2024-04-05T23:28:21.218+0000] {logging_mixin.py:188} INFO - [2024-04-05T23:28:21.218+0000] {dag.py:3834} INFO - Setting next_dagrun for example_nested_branch_dag to 2024-04-04 00:00:00+00:00, run_after=2024-04-05 00:00:00+00:00
[2024-04-05T23:28:21.285+0000] {processor.py:183} INFO - Processing /home/airflow/.local/lib/python3.8/site-packages/airflow/example_dags/example_nested_branch_dag.py took 0.127 seconds
