[2024-04-05T22:57:12.819+0000] {processor.py:161} INFO - Started process (PID=52) to work on /home/airflow/.local/lib/python3.8/site-packages/airflow/example_dags/example_xcomargs.py
[2024-04-05T22:57:12.820+0000] {processor.py:830} INFO - Processing file /home/airflow/.local/lib/python3.8/site-packages/airflow/example_dags/example_xcomargs.py for tasks to queue
[2024-04-05T22:57:12.823+0000] {logging_mixin.py:188} INFO - [2024-04-05T22:57:12.823+0000] {dagbag.py:540} INFO - Filling up the DagBag from /home/airflow/.local/lib/python3.8/site-packages/airflow/example_dags/example_xcomargs.py
[2024-04-05T22:57:12.849+0000] {processor.py:840} INFO - DAG(s) 'example_xcom_args', 'example_xcom_args_with_operators' retrieved from /home/airflow/.local/lib/python3.8/site-packages/airflow/example_dags/example_xcomargs.py
[2024-04-05T22:57:12.910+0000] {logging_mixin.py:188} INFO - [2024-04-05T22:57:12.909+0000] {dag.py:3047} INFO - Sync 2 DAGs
[2024-04-05T22:57:12.937+0000] {logging_mixin.py:188} INFO - [2024-04-05T22:57:12.937+0000] {dag.py:3834} INFO - Setting next_dagrun for example_xcom_args to None, run_after=None
[2024-04-05T22:57:12.951+0000] {logging_mixin.py:188} INFO - [2024-04-05T22:57:12.950+0000] {dag.py:3834} INFO - Setting next_dagrun for example_xcom_args_with_operators to None, run_after=None
[2024-04-05T22:57:12.990+0000] {processor.py:183} INFO - Processing /home/airflow/.local/lib/python3.8/site-packages/airflow/example_dags/example_xcomargs.py took 0.176 seconds
[2024-04-05T22:57:43.727+0000] {processor.py:161} INFO - Started process (PID=107) to work on /home/airflow/.local/lib/python3.8/site-packages/airflow/example_dags/example_xcomargs.py
[2024-04-05T22:57:43.728+0000] {processor.py:830} INFO - Processing file /home/airflow/.local/lib/python3.8/site-packages/airflow/example_dags/example_xcomargs.py for tasks to queue
[2024-04-05T22:57:43.732+0000] {logging_mixin.py:188} INFO - [2024-04-05T22:57:43.731+0000] {dagbag.py:540} INFO - Filling up the DagBag from /home/airflow/.local/lib/python3.8/site-packages/airflow/example_dags/example_xcomargs.py
[2024-04-05T22:57:43.741+0000] {processor.py:840} INFO - DAG(s) 'example_xcom_args_with_operators', 'example_xcom_args' retrieved from /home/airflow/.local/lib/python3.8/site-packages/airflow/example_dags/example_xcomargs.py
[2024-04-05T22:57:43.772+0000] {logging_mixin.py:188} INFO - [2024-04-05T22:57:43.772+0000] {dag.py:3047} INFO - Sync 2 DAGs
[2024-04-05T22:57:43.790+0000] {logging_mixin.py:188} INFO - [2024-04-05T22:57:43.789+0000] {dag.py:3834} INFO - Setting next_dagrun for example_xcom_args to None, run_after=None
[2024-04-05T22:57:43.797+0000] {logging_mixin.py:188} INFO - [2024-04-05T22:57:43.796+0000] {dag.py:3834} INFO - Setting next_dagrun for example_xcom_args_with_operators to None, run_after=None
[2024-04-05T22:57:43.821+0000] {processor.py:183} INFO - Processing /home/airflow/.local/lib/python3.8/site-packages/airflow/example_dags/example_xcomargs.py took 0.099 seconds
[2024-04-05T22:58:13.967+0000] {processor.py:161} INFO - Started process (PID=162) to work on /home/airflow/.local/lib/python3.8/site-packages/airflow/example_dags/example_xcomargs.py
[2024-04-05T22:58:13.968+0000] {processor.py:830} INFO - Processing file /home/airflow/.local/lib/python3.8/site-packages/airflow/example_dags/example_xcomargs.py for tasks to queue
[2024-04-05T22:58:13.971+0000] {logging_mixin.py:188} INFO - [2024-04-05T22:58:13.970+0000] {dagbag.py:540} INFO - Filling up the DagBag from /home/airflow/.local/lib/python3.8/site-packages/airflow/example_dags/example_xcomargs.py
[2024-04-05T22:58:13.982+0000] {processor.py:840} INFO - DAG(s) 'example_xcom_args', 'example_xcom_args_with_operators' retrieved from /home/airflow/.local/lib/python3.8/site-packages/airflow/example_dags/example_xcomargs.py
[2024-04-05T22:58:14.012+0000] {logging_mixin.py:188} INFO - [2024-04-05T22:58:14.011+0000] {dag.py:3047} INFO - Sync 2 DAGs
[2024-04-05T22:58:14.029+0000] {logging_mixin.py:188} INFO - [2024-04-05T22:58:14.029+0000] {dag.py:3834} INFO - Setting next_dagrun for example_xcom_args to None, run_after=None
[2024-04-05T22:58:14.035+0000] {logging_mixin.py:188} INFO - [2024-04-05T22:58:14.035+0000] {dag.py:3834} INFO - Setting next_dagrun for example_xcom_args_with_operators to None, run_after=None
[2024-04-05T22:58:14.056+0000] {processor.py:183} INFO - Processing /home/airflow/.local/lib/python3.8/site-packages/airflow/example_dags/example_xcomargs.py took 0.094 seconds
[2024-04-05T22:58:45.914+0000] {processor.py:161} INFO - Started process (PID=217) to work on /home/airflow/.local/lib/python3.8/site-packages/airflow/example_dags/example_xcomargs.py
[2024-04-05T22:58:45.916+0000] {processor.py:830} INFO - Processing file /home/airflow/.local/lib/python3.8/site-packages/airflow/example_dags/example_xcomargs.py for tasks to queue
[2024-04-05T22:58:45.919+0000] {logging_mixin.py:188} INFO - [2024-04-05T22:58:45.919+0000] {dagbag.py:540} INFO - Filling up the DagBag from /home/airflow/.local/lib/python3.8/site-packages/airflow/example_dags/example_xcomargs.py
[2024-04-05T22:58:45.934+0000] {processor.py:840} INFO - DAG(s) 'example_xcom_args_with_operators', 'example_xcom_args' retrieved from /home/airflow/.local/lib/python3.8/site-packages/airflow/example_dags/example_xcomargs.py
[2024-04-05T22:58:45.981+0000] {logging_mixin.py:188} INFO - [2024-04-05T22:58:45.981+0000] {dag.py:3047} INFO - Sync 2 DAGs
[2024-04-05T22:58:46.020+0000] {logging_mixin.py:188} INFO - [2024-04-05T22:58:46.019+0000] {dag.py:3834} INFO - Setting next_dagrun for example_xcom_args to None, run_after=None
[2024-04-05T22:58:46.030+0000] {logging_mixin.py:188} INFO - [2024-04-05T22:58:46.029+0000] {dag.py:3834} INFO - Setting next_dagrun for example_xcom_args_with_operators to None, run_after=None
[2024-04-05T22:58:46.363+0000] {processor.py:183} INFO - Processing /home/airflow/.local/lib/python3.8/site-packages/airflow/example_dags/example_xcomargs.py took 0.455 seconds
[2024-04-05T22:59:16.492+0000] {processor.py:161} INFO - Started process (PID=272) to work on /home/airflow/.local/lib/python3.8/site-packages/airflow/example_dags/example_xcomargs.py
[2024-04-05T22:59:16.494+0000] {processor.py:830} INFO - Processing file /home/airflow/.local/lib/python3.8/site-packages/airflow/example_dags/example_xcomargs.py for tasks to queue
[2024-04-05T22:59:16.500+0000] {logging_mixin.py:188} INFO - [2024-04-05T22:59:16.499+0000] {dagbag.py:540} INFO - Filling up the DagBag from /home/airflow/.local/lib/python3.8/site-packages/airflow/example_dags/example_xcomargs.py
[2024-04-05T22:59:16.515+0000] {processor.py:840} INFO - DAG(s) 'example_xcom_args', 'example_xcom_args_with_operators' retrieved from /home/airflow/.local/lib/python3.8/site-packages/airflow/example_dags/example_xcomargs.py
[2024-04-05T22:59:16.557+0000] {logging_mixin.py:188} INFO - [2024-04-05T22:59:16.556+0000] {dag.py:3047} INFO - Sync 2 DAGs
[2024-04-05T22:59:16.578+0000] {logging_mixin.py:188} INFO - [2024-04-05T22:59:16.578+0000] {dag.py:3834} INFO - Setting next_dagrun for example_xcom_args to None, run_after=None
[2024-04-05T22:59:16.586+0000] {logging_mixin.py:188} INFO - [2024-04-05T22:59:16.586+0000] {dag.py:3834} INFO - Setting next_dagrun for example_xcom_args_with_operators to None, run_after=None
[2024-04-05T22:59:16.614+0000] {processor.py:183} INFO - Processing /home/airflow/.local/lib/python3.8/site-packages/airflow/example_dags/example_xcomargs.py took 0.126 seconds
[2024-04-05T22:59:46.803+0000] {processor.py:161} INFO - Started process (PID=327) to work on /home/airflow/.local/lib/python3.8/site-packages/airflow/example_dags/example_xcomargs.py
[2024-04-05T22:59:46.805+0000] {processor.py:830} INFO - Processing file /home/airflow/.local/lib/python3.8/site-packages/airflow/example_dags/example_xcomargs.py for tasks to queue
[2024-04-05T22:59:46.808+0000] {logging_mixin.py:188} INFO - [2024-04-05T22:59:46.807+0000] {dagbag.py:540} INFO - Filling up the DagBag from /home/airflow/.local/lib/python3.8/site-packages/airflow/example_dags/example_xcomargs.py
[2024-04-05T22:59:46.821+0000] {processor.py:840} INFO - DAG(s) 'example_xcom_args_with_operators', 'example_xcom_args' retrieved from /home/airflow/.local/lib/python3.8/site-packages/airflow/example_dags/example_xcomargs.py
[2024-04-05T22:59:46.854+0000] {logging_mixin.py:188} INFO - [2024-04-05T22:59:46.854+0000] {dag.py:3047} INFO - Sync 2 DAGs
[2024-04-05T22:59:46.877+0000] {logging_mixin.py:188} INFO - [2024-04-05T22:59:46.876+0000] {dag.py:3834} INFO - Setting next_dagrun for example_xcom_args to None, run_after=None
[2024-04-05T22:59:46.882+0000] {logging_mixin.py:188} INFO - [2024-04-05T22:59:46.881+0000] {dag.py:3834} INFO - Setting next_dagrun for example_xcom_args_with_operators to None, run_after=None
[2024-04-05T22:59:46.916+0000] {processor.py:183} INFO - Processing /home/airflow/.local/lib/python3.8/site-packages/airflow/example_dags/example_xcomargs.py took 0.118 seconds
[2024-04-05T23:00:17.028+0000] {processor.py:161} INFO - Started process (PID=382) to work on /home/airflow/.local/lib/python3.8/site-packages/airflow/example_dags/example_xcomargs.py
[2024-04-05T23:00:17.030+0000] {processor.py:830} INFO - Processing file /home/airflow/.local/lib/python3.8/site-packages/airflow/example_dags/example_xcomargs.py for tasks to queue
[2024-04-05T23:00:17.033+0000] {logging_mixin.py:188} INFO - [2024-04-05T23:00:17.033+0000] {dagbag.py:540} INFO - Filling up the DagBag from /home/airflow/.local/lib/python3.8/site-packages/airflow/example_dags/example_xcomargs.py
[2024-04-05T23:00:17.043+0000] {processor.py:840} INFO - DAG(s) 'example_xcom_args_with_operators', 'example_xcom_args' retrieved from /home/airflow/.local/lib/python3.8/site-packages/airflow/example_dags/example_xcomargs.py
[2024-04-05T23:00:17.077+0000] {logging_mixin.py:188} INFO - [2024-04-05T23:00:17.077+0000] {dag.py:3047} INFO - Sync 2 DAGs
[2024-04-05T23:00:17.097+0000] {logging_mixin.py:188} INFO - [2024-04-05T23:00:17.097+0000] {dag.py:3834} INFO - Setting next_dagrun for example_xcom_args to None, run_after=None
[2024-04-05T23:00:17.105+0000] {logging_mixin.py:188} INFO - [2024-04-05T23:00:17.104+0000] {dag.py:3834} INFO - Setting next_dagrun for example_xcom_args_with_operators to None, run_after=None
[2024-04-05T23:00:17.132+0000] {processor.py:183} INFO - Processing /home/airflow/.local/lib/python3.8/site-packages/airflow/example_dags/example_xcomargs.py took 0.109 seconds
[2024-04-05T23:00:48.218+0000] {processor.py:161} INFO - Started process (PID=437) to work on /home/airflow/.local/lib/python3.8/site-packages/airflow/example_dags/example_xcomargs.py
[2024-04-05T23:00:48.220+0000] {processor.py:830} INFO - Processing file /home/airflow/.local/lib/python3.8/site-packages/airflow/example_dags/example_xcomargs.py for tasks to queue
[2024-04-05T23:00:48.223+0000] {logging_mixin.py:188} INFO - [2024-04-05T23:00:48.222+0000] {dagbag.py:540} INFO - Filling up the DagBag from /home/airflow/.local/lib/python3.8/site-packages/airflow/example_dags/example_xcomargs.py
[2024-04-05T23:00:48.236+0000] {processor.py:840} INFO - DAG(s) 'example_xcom_args_with_operators', 'example_xcom_args' retrieved from /home/airflow/.local/lib/python3.8/site-packages/airflow/example_dags/example_xcomargs.py
[2024-04-05T23:00:48.433+0000] {logging_mixin.py:188} INFO - [2024-04-05T23:00:48.432+0000] {dag.py:3047} INFO - Sync 2 DAGs
[2024-04-05T23:00:48.449+0000] {logging_mixin.py:188} INFO - [2024-04-05T23:00:48.448+0000] {dag.py:3834} INFO - Setting next_dagrun for example_xcom_args to None, run_after=None
[2024-04-05T23:00:48.454+0000] {logging_mixin.py:188} INFO - [2024-04-05T23:00:48.454+0000] {dag.py:3834} INFO - Setting next_dagrun for example_xcom_args_with_operators to None, run_after=None
[2024-04-05T23:00:48.516+0000] {processor.py:183} INFO - Processing /home/airflow/.local/lib/python3.8/site-packages/airflow/example_dags/example_xcomargs.py took 0.303 seconds
[2024-04-05T23:01:19.200+0000] {processor.py:161} INFO - Started process (PID=492) to work on /home/airflow/.local/lib/python3.8/site-packages/airflow/example_dags/example_xcomargs.py
[2024-04-05T23:01:19.201+0000] {processor.py:830} INFO - Processing file /home/airflow/.local/lib/python3.8/site-packages/airflow/example_dags/example_xcomargs.py for tasks to queue
[2024-04-05T23:01:19.204+0000] {logging_mixin.py:188} INFO - [2024-04-05T23:01:19.204+0000] {dagbag.py:540} INFO - Filling up the DagBag from /home/airflow/.local/lib/python3.8/site-packages/airflow/example_dags/example_xcomargs.py
[2024-04-05T23:01:19.213+0000] {processor.py:840} INFO - DAG(s) 'example_xcom_args_with_operators', 'example_xcom_args' retrieved from /home/airflow/.local/lib/python3.8/site-packages/airflow/example_dags/example_xcomargs.py
[2024-04-05T23:01:19.240+0000] {logging_mixin.py:188} INFO - [2024-04-05T23:01:19.240+0000] {dag.py:3047} INFO - Sync 2 DAGs
[2024-04-05T23:01:19.445+0000] {logging_mixin.py:188} INFO - [2024-04-05T23:01:19.444+0000] {dag.py:3834} INFO - Setting next_dagrun for example_xcom_args to None, run_after=None
[2024-04-05T23:01:19.450+0000] {logging_mixin.py:188} INFO - [2024-04-05T23:01:19.449+0000] {dag.py:3834} INFO - Setting next_dagrun for example_xcom_args_with_operators to None, run_after=None
[2024-04-05T23:01:19.474+0000] {processor.py:183} INFO - Processing /home/airflow/.local/lib/python3.8/site-packages/airflow/example_dags/example_xcomargs.py took 0.277 seconds
[2024-04-05T23:01:50.163+0000] {processor.py:161} INFO - Started process (PID=547) to work on /home/airflow/.local/lib/python3.8/site-packages/airflow/example_dags/example_xcomargs.py
[2024-04-05T23:01:50.165+0000] {processor.py:830} INFO - Processing file /home/airflow/.local/lib/python3.8/site-packages/airflow/example_dags/example_xcomargs.py for tasks to queue
[2024-04-05T23:01:50.167+0000] {logging_mixin.py:188} INFO - [2024-04-05T23:01:50.167+0000] {dagbag.py:540} INFO - Filling up the DagBag from /home/airflow/.local/lib/python3.8/site-packages/airflow/example_dags/example_xcomargs.py
[2024-04-05T23:01:50.179+0000] {processor.py:840} INFO - DAG(s) 'example_xcom_args_with_operators', 'example_xcom_args' retrieved from /home/airflow/.local/lib/python3.8/site-packages/airflow/example_dags/example_xcomargs.py
[2024-04-05T23:01:50.208+0000] {logging_mixin.py:188} INFO - [2024-04-05T23:01:50.208+0000] {dag.py:3047} INFO - Sync 2 DAGs
[2024-04-05T23:01:50.223+0000] {logging_mixin.py:188} INFO - [2024-04-05T23:01:50.223+0000] {dag.py:3834} INFO - Setting next_dagrun for example_xcom_args to None, run_after=None
[2024-04-05T23:01:50.228+0000] {logging_mixin.py:188} INFO - [2024-04-05T23:01:50.227+0000] {dag.py:3834} INFO - Setting next_dagrun for example_xcom_args_with_operators to None, run_after=None
[2024-04-05T23:01:50.248+0000] {processor.py:183} INFO - Processing /home/airflow/.local/lib/python3.8/site-packages/airflow/example_dags/example_xcomargs.py took 0.088 seconds
[2024-04-05T23:02:20.373+0000] {processor.py:161} INFO - Started process (PID=602) to work on /home/airflow/.local/lib/python3.8/site-packages/airflow/example_dags/example_xcomargs.py
[2024-04-05T23:02:20.375+0000] {processor.py:830} INFO - Processing file /home/airflow/.local/lib/python3.8/site-packages/airflow/example_dags/example_xcomargs.py for tasks to queue
[2024-04-05T23:02:20.378+0000] {logging_mixin.py:188} INFO - [2024-04-05T23:02:20.377+0000] {dagbag.py:540} INFO - Filling up the DagBag from /home/airflow/.local/lib/python3.8/site-packages/airflow/example_dags/example_xcomargs.py
[2024-04-05T23:02:20.389+0000] {processor.py:840} INFO - DAG(s) 'example_xcom_args_with_operators', 'example_xcom_args' retrieved from /home/airflow/.local/lib/python3.8/site-packages/airflow/example_dags/example_xcomargs.py
[2024-04-05T23:02:20.428+0000] {logging_mixin.py:188} INFO - [2024-04-05T23:02:20.427+0000] {dag.py:3047} INFO - Sync 2 DAGs
[2024-04-05T23:02:20.445+0000] {logging_mixin.py:188} INFO - [2024-04-05T23:02:20.445+0000] {dag.py:3834} INFO - Setting next_dagrun for example_xcom_args to None, run_after=None
[2024-04-05T23:02:20.449+0000] {logging_mixin.py:188} INFO - [2024-04-05T23:02:20.449+0000] {dag.py:3834} INFO - Setting next_dagrun for example_xcom_args_with_operators to None, run_after=None
[2024-04-05T23:02:20.472+0000] {processor.py:183} INFO - Processing /home/airflow/.local/lib/python3.8/site-packages/airflow/example_dags/example_xcomargs.py took 0.103 seconds
[2024-04-05T23:02:51.282+0000] {processor.py:161} INFO - Started process (PID=657) to work on /home/airflow/.local/lib/python3.8/site-packages/airflow/example_dags/example_xcomargs.py
[2024-04-05T23:02:51.283+0000] {processor.py:830} INFO - Processing file /home/airflow/.local/lib/python3.8/site-packages/airflow/example_dags/example_xcomargs.py for tasks to queue
[2024-04-05T23:02:51.286+0000] {logging_mixin.py:188} INFO - [2024-04-05T23:02:51.285+0000] {dagbag.py:540} INFO - Filling up the DagBag from /home/airflow/.local/lib/python3.8/site-packages/airflow/example_dags/example_xcomargs.py
[2024-04-05T23:02:51.297+0000] {processor.py:840} INFO - DAG(s) 'example_xcom_args_with_operators', 'example_xcom_args' retrieved from /home/airflow/.local/lib/python3.8/site-packages/airflow/example_dags/example_xcomargs.py
[2024-04-05T23:02:51.328+0000] {logging_mixin.py:188} INFO - [2024-04-05T23:02:51.328+0000] {dag.py:3047} INFO - Sync 2 DAGs
[2024-04-05T23:02:51.343+0000] {logging_mixin.py:188} INFO - [2024-04-05T23:02:51.343+0000] {dag.py:3834} INFO - Setting next_dagrun for example_xcom_args to None, run_after=None
[2024-04-05T23:02:51.348+0000] {logging_mixin.py:188} INFO - [2024-04-05T23:02:51.347+0000] {dag.py:3834} INFO - Setting next_dagrun for example_xcom_args_with_operators to None, run_after=None
[2024-04-05T23:02:51.366+0000] {processor.py:183} INFO - Processing /home/airflow/.local/lib/python3.8/site-packages/airflow/example_dags/example_xcomargs.py took 0.090 seconds
[2024-04-05T23:03:21.680+0000] {processor.py:161} INFO - Started process (PID=712) to work on /home/airflow/.local/lib/python3.8/site-packages/airflow/example_dags/example_xcomargs.py
[2024-04-05T23:03:21.681+0000] {processor.py:830} INFO - Processing file /home/airflow/.local/lib/python3.8/site-packages/airflow/example_dags/example_xcomargs.py for tasks to queue
[2024-04-05T23:03:21.684+0000] {logging_mixin.py:188} INFO - [2024-04-05T23:03:21.683+0000] {dagbag.py:540} INFO - Filling up the DagBag from /home/airflow/.local/lib/python3.8/site-packages/airflow/example_dags/example_xcomargs.py
[2024-04-05T23:03:21.693+0000] {processor.py:840} INFO - DAG(s) 'example_xcom_args', 'example_xcom_args_with_operators' retrieved from /home/airflow/.local/lib/python3.8/site-packages/airflow/example_dags/example_xcomargs.py
[2024-04-05T23:03:21.718+0000] {logging_mixin.py:188} INFO - [2024-04-05T23:03:21.718+0000] {dag.py:3047} INFO - Sync 2 DAGs
[2024-04-05T23:03:21.732+0000] {logging_mixin.py:188} INFO - [2024-04-05T23:03:21.732+0000] {dag.py:3834} INFO - Setting next_dagrun for example_xcom_args to None, run_after=None
[2024-04-05T23:03:21.736+0000] {logging_mixin.py:188} INFO - [2024-04-05T23:03:21.736+0000] {dag.py:3834} INFO - Setting next_dagrun for example_xcom_args_with_operators to None, run_after=None
[2024-04-05T23:03:21.753+0000] {processor.py:183} INFO - Processing /home/airflow/.local/lib/python3.8/site-packages/airflow/example_dags/example_xcomargs.py took 0.077 seconds
[2024-04-05T23:03:51.897+0000] {processor.py:161} INFO - Started process (PID=768) to work on /home/airflow/.local/lib/python3.8/site-packages/airflow/example_dags/example_xcomargs.py
[2024-04-05T23:03:51.898+0000] {processor.py:830} INFO - Processing file /home/airflow/.local/lib/python3.8/site-packages/airflow/example_dags/example_xcomargs.py for tasks to queue
[2024-04-05T23:03:51.903+0000] {logging_mixin.py:188} INFO - [2024-04-05T23:03:51.902+0000] {dagbag.py:540} INFO - Filling up the DagBag from /home/airflow/.local/lib/python3.8/site-packages/airflow/example_dags/example_xcomargs.py
[2024-04-05T23:03:51.915+0000] {processor.py:840} INFO - DAG(s) 'example_xcom_args_with_operators', 'example_xcom_args' retrieved from /home/airflow/.local/lib/python3.8/site-packages/airflow/example_dags/example_xcomargs.py
[2024-04-05T23:03:51.950+0000] {logging_mixin.py:188} INFO - [2024-04-05T23:03:51.949+0000] {dag.py:3047} INFO - Sync 2 DAGs
[2024-04-05T23:03:51.966+0000] {logging_mixin.py:188} INFO - [2024-04-05T23:03:51.966+0000] {dag.py:3834} INFO - Setting next_dagrun for example_xcom_args to None, run_after=None
[2024-04-05T23:03:51.972+0000] {logging_mixin.py:188} INFO - [2024-04-05T23:03:51.972+0000] {dag.py:3834} INFO - Setting next_dagrun for example_xcom_args_with_operators to None, run_after=None
[2024-04-05T23:03:51.998+0000] {processor.py:183} INFO - Processing /home/airflow/.local/lib/python3.8/site-packages/airflow/example_dags/example_xcomargs.py took 0.105 seconds
[2024-04-05T23:04:22.612+0000] {processor.py:161} INFO - Started process (PID=829) to work on /home/airflow/.local/lib/python3.8/site-packages/airflow/example_dags/example_xcomargs.py
[2024-04-05T23:04:22.614+0000] {processor.py:830} INFO - Processing file /home/airflow/.local/lib/python3.8/site-packages/airflow/example_dags/example_xcomargs.py for tasks to queue
[2024-04-05T23:04:22.619+0000] {logging_mixin.py:188} INFO - [2024-04-05T23:04:22.618+0000] {dagbag.py:540} INFO - Filling up the DagBag from /home/airflow/.local/lib/python3.8/site-packages/airflow/example_dags/example_xcomargs.py
[2024-04-05T23:04:22.632+0000] {processor.py:840} INFO - DAG(s) 'example_xcom_args_with_operators', 'example_xcom_args' retrieved from /home/airflow/.local/lib/python3.8/site-packages/airflow/example_dags/example_xcomargs.py
[2024-04-05T23:04:22.673+0000] {logging_mixin.py:188} INFO - [2024-04-05T23:04:22.673+0000] {dag.py:3047} INFO - Sync 2 DAGs
[2024-04-05T23:04:22.692+0000] {logging_mixin.py:188} INFO - [2024-04-05T23:04:22.692+0000] {dag.py:3834} INFO - Setting next_dagrun for example_xcom_args to None, run_after=None
[2024-04-05T23:04:22.699+0000] {logging_mixin.py:188} INFO - [2024-04-05T23:04:22.698+0000] {dag.py:3834} INFO - Setting next_dagrun for example_xcom_args_with_operators to None, run_after=None
[2024-04-05T23:04:22.737+0000] {processor.py:183} INFO - Processing /home/airflow/.local/lib/python3.8/site-packages/airflow/example_dags/example_xcomargs.py took 0.131 seconds
[2024-04-05T23:04:52.900+0000] {processor.py:161} INFO - Started process (PID=884) to work on /home/airflow/.local/lib/python3.8/site-packages/airflow/example_dags/example_xcomargs.py
[2024-04-05T23:04:52.901+0000] {processor.py:830} INFO - Processing file /home/airflow/.local/lib/python3.8/site-packages/airflow/example_dags/example_xcomargs.py for tasks to queue
[2024-04-05T23:04:52.905+0000] {logging_mixin.py:188} INFO - [2024-04-05T23:04:52.904+0000] {dagbag.py:540} INFO - Filling up the DagBag from /home/airflow/.local/lib/python3.8/site-packages/airflow/example_dags/example_xcomargs.py
[2024-04-05T23:04:52.922+0000] {processor.py:840} INFO - DAG(s) 'example_xcom_args_with_operators', 'example_xcom_args' retrieved from /home/airflow/.local/lib/python3.8/site-packages/airflow/example_dags/example_xcomargs.py
[2024-04-05T23:04:52.953+0000] {logging_mixin.py:188} INFO - [2024-04-05T23:04:52.952+0000] {dag.py:3047} INFO - Sync 2 DAGs
[2024-04-05T23:04:52.964+0000] {logging_mixin.py:188} INFO - [2024-04-05T23:04:52.963+0000] {dag.py:3834} INFO - Setting next_dagrun for example_xcom_args to None, run_after=None
[2024-04-05T23:04:52.967+0000] {logging_mixin.py:188} INFO - [2024-04-05T23:04:52.967+0000] {dag.py:3834} INFO - Setting next_dagrun for example_xcom_args_with_operators to None, run_after=None
[2024-04-05T23:04:52.989+0000] {processor.py:183} INFO - Processing /home/airflow/.local/lib/python3.8/site-packages/airflow/example_dags/example_xcomargs.py took 0.092 seconds
[2024-04-05T23:05:23.642+0000] {processor.py:161} INFO - Started process (PID=939) to work on /home/airflow/.local/lib/python3.8/site-packages/airflow/example_dags/example_xcomargs.py
[2024-04-05T23:05:23.643+0000] {processor.py:830} INFO - Processing file /home/airflow/.local/lib/python3.8/site-packages/airflow/example_dags/example_xcomargs.py for tasks to queue
[2024-04-05T23:05:23.647+0000] {logging_mixin.py:188} INFO - [2024-04-05T23:05:23.646+0000] {dagbag.py:540} INFO - Filling up the DagBag from /home/airflow/.local/lib/python3.8/site-packages/airflow/example_dags/example_xcomargs.py
[2024-04-05T23:05:23.655+0000] {processor.py:840} INFO - DAG(s) 'example_xcom_args', 'example_xcom_args_with_operators' retrieved from /home/airflow/.local/lib/python3.8/site-packages/airflow/example_dags/example_xcomargs.py
[2024-04-05T23:05:23.683+0000] {logging_mixin.py:188} INFO - [2024-04-05T23:05:23.682+0000] {dag.py:3047} INFO - Sync 2 DAGs
[2024-04-05T23:05:23.696+0000] {logging_mixin.py:188} INFO - [2024-04-05T23:05:23.696+0000] {dag.py:3834} INFO - Setting next_dagrun for example_xcom_args to None, run_after=None
[2024-04-05T23:05:23.700+0000] {logging_mixin.py:188} INFO - [2024-04-05T23:05:23.700+0000] {dag.py:3834} INFO - Setting next_dagrun for example_xcom_args_with_operators to None, run_after=None
[2024-04-05T23:05:23.763+0000] {processor.py:183} INFO - Processing /home/airflow/.local/lib/python3.8/site-packages/airflow/example_dags/example_xcomargs.py took 0.125 seconds
[2024-04-05T23:05:53.841+0000] {processor.py:161} INFO - Started process (PID=994) to work on /home/airflow/.local/lib/python3.8/site-packages/airflow/example_dags/example_xcomargs.py
[2024-04-05T23:05:53.842+0000] {processor.py:830} INFO - Processing file /home/airflow/.local/lib/python3.8/site-packages/airflow/example_dags/example_xcomargs.py for tasks to queue
[2024-04-05T23:05:53.845+0000] {logging_mixin.py:188} INFO - [2024-04-05T23:05:53.845+0000] {dagbag.py:540} INFO - Filling up the DagBag from /home/airflow/.local/lib/python3.8/site-packages/airflow/example_dags/example_xcomargs.py
[2024-04-05T23:05:53.855+0000] {processor.py:840} INFO - DAG(s) 'example_xcom_args_with_operators', 'example_xcom_args' retrieved from /home/airflow/.local/lib/python3.8/site-packages/airflow/example_dags/example_xcomargs.py
[2024-04-05T23:05:53.883+0000] {logging_mixin.py:188} INFO - [2024-04-05T23:05:53.883+0000] {dag.py:3047} INFO - Sync 2 DAGs
[2024-04-05T23:05:53.899+0000] {logging_mixin.py:188} INFO - [2024-04-05T23:05:53.898+0000] {dag.py:3834} INFO - Setting next_dagrun for example_xcom_args to None, run_after=None
[2024-04-05T23:05:53.904+0000] {logging_mixin.py:188} INFO - [2024-04-05T23:05:53.904+0000] {dag.py:3834} INFO - Setting next_dagrun for example_xcom_args_with_operators to None, run_after=None
[2024-04-05T23:05:53.961+0000] {processor.py:183} INFO - Processing /home/airflow/.local/lib/python3.8/site-packages/airflow/example_dags/example_xcomargs.py took 0.124 seconds
[2024-04-05T23:06:24.368+0000] {processor.py:161} INFO - Started process (PID=1049) to work on /home/airflow/.local/lib/python3.8/site-packages/airflow/example_dags/example_xcomargs.py
[2024-04-05T23:06:24.369+0000] {processor.py:830} INFO - Processing file /home/airflow/.local/lib/python3.8/site-packages/airflow/example_dags/example_xcomargs.py for tasks to queue
[2024-04-05T23:06:24.372+0000] {logging_mixin.py:188} INFO - [2024-04-05T23:06:24.371+0000] {dagbag.py:540} INFO - Filling up the DagBag from /home/airflow/.local/lib/python3.8/site-packages/airflow/example_dags/example_xcomargs.py
[2024-04-05T23:06:24.380+0000] {processor.py:840} INFO - DAG(s) 'example_xcom_args', 'example_xcom_args_with_operators' retrieved from /home/airflow/.local/lib/python3.8/site-packages/airflow/example_dags/example_xcomargs.py
[2024-04-05T23:06:24.407+0000] {logging_mixin.py:188} INFO - [2024-04-05T23:06:24.407+0000] {dag.py:3047} INFO - Sync 2 DAGs
[2024-04-05T23:06:24.421+0000] {logging_mixin.py:188} INFO - [2024-04-05T23:06:24.421+0000] {dag.py:3834} INFO - Setting next_dagrun for example_xcom_args to None, run_after=None
[2024-04-05T23:06:24.427+0000] {logging_mixin.py:188} INFO - [2024-04-05T23:06:24.427+0000] {dag.py:3834} INFO - Setting next_dagrun for example_xcom_args_with_operators to None, run_after=None
[2024-04-05T23:06:24.492+0000] {processor.py:183} INFO - Processing /home/airflow/.local/lib/python3.8/site-packages/airflow/example_dags/example_xcomargs.py took 0.128 seconds
[2024-04-05T23:06:55.363+0000] {processor.py:161} INFO - Started process (PID=1104) to work on /home/airflow/.local/lib/python3.8/site-packages/airflow/example_dags/example_xcomargs.py
[2024-04-05T23:06:55.366+0000] {processor.py:830} INFO - Processing file /home/airflow/.local/lib/python3.8/site-packages/airflow/example_dags/example_xcomargs.py for tasks to queue
[2024-04-05T23:06:55.369+0000] {logging_mixin.py:188} INFO - [2024-04-05T23:06:55.368+0000] {dagbag.py:540} INFO - Filling up the DagBag from /home/airflow/.local/lib/python3.8/site-packages/airflow/example_dags/example_xcomargs.py
[2024-04-05T23:06:55.383+0000] {processor.py:840} INFO - DAG(s) 'example_xcom_args', 'example_xcom_args_with_operators' retrieved from /home/airflow/.local/lib/python3.8/site-packages/airflow/example_dags/example_xcomargs.py
[2024-04-05T23:06:55.422+0000] {logging_mixin.py:188} INFO - [2024-04-05T23:06:55.421+0000] {dag.py:3047} INFO - Sync 2 DAGs
[2024-04-05T23:06:55.444+0000] {logging_mixin.py:188} INFO - [2024-04-05T23:06:55.443+0000] {dag.py:3834} INFO - Setting next_dagrun for example_xcom_args to None, run_after=None
[2024-04-05T23:06:55.452+0000] {logging_mixin.py:188} INFO - [2024-04-05T23:06:55.451+0000] {dag.py:3834} INFO - Setting next_dagrun for example_xcom_args_with_operators to None, run_after=None
[2024-04-05T23:06:55.482+0000] {processor.py:183} INFO - Processing /home/airflow/.local/lib/python3.8/site-packages/airflow/example_dags/example_xcomargs.py took 0.123 seconds
[2024-04-05T23:07:25.597+0000] {processor.py:161} INFO - Started process (PID=1159) to work on /home/airflow/.local/lib/python3.8/site-packages/airflow/example_dags/example_xcomargs.py
[2024-04-05T23:07:25.599+0000] {processor.py:830} INFO - Processing file /home/airflow/.local/lib/python3.8/site-packages/airflow/example_dags/example_xcomargs.py for tasks to queue
[2024-04-05T23:07:25.604+0000] {logging_mixin.py:188} INFO - [2024-04-05T23:07:25.602+0000] {dagbag.py:540} INFO - Filling up the DagBag from /home/airflow/.local/lib/python3.8/site-packages/airflow/example_dags/example_xcomargs.py
[2024-04-05T23:07:25.615+0000] {processor.py:840} INFO - DAG(s) 'example_xcom_args', 'example_xcom_args_with_operators' retrieved from /home/airflow/.local/lib/python3.8/site-packages/airflow/example_dags/example_xcomargs.py
[2024-04-05T23:07:25.658+0000] {logging_mixin.py:188} INFO - [2024-04-05T23:07:25.657+0000] {dag.py:3047} INFO - Sync 2 DAGs
[2024-04-05T23:07:25.681+0000] {logging_mixin.py:188} INFO - [2024-04-05T23:07:25.680+0000] {dag.py:3834} INFO - Setting next_dagrun for example_xcom_args to None, run_after=None
[2024-04-05T23:07:25.687+0000] {logging_mixin.py:188} INFO - [2024-04-05T23:07:25.687+0000] {dag.py:3834} INFO - Setting next_dagrun for example_xcom_args_with_operators to None, run_after=None
[2024-04-05T23:07:25.715+0000] {processor.py:183} INFO - Processing /home/airflow/.local/lib/python3.8/site-packages/airflow/example_dags/example_xcomargs.py took 0.124 seconds
[2024-04-05T23:07:56.223+0000] {processor.py:161} INFO - Started process (PID=1214) to work on /home/airflow/.local/lib/python3.8/site-packages/airflow/example_dags/example_xcomargs.py
[2024-04-05T23:07:56.224+0000] {processor.py:830} INFO - Processing file /home/airflow/.local/lib/python3.8/site-packages/airflow/example_dags/example_xcomargs.py for tasks to queue
[2024-04-05T23:07:56.228+0000] {logging_mixin.py:188} INFO - [2024-04-05T23:07:56.228+0000] {dagbag.py:540} INFO - Filling up the DagBag from /home/airflow/.local/lib/python3.8/site-packages/airflow/example_dags/example_xcomargs.py
[2024-04-05T23:07:56.246+0000] {processor.py:840} INFO - DAG(s) 'example_xcom_args', 'example_xcom_args_with_operators' retrieved from /home/airflow/.local/lib/python3.8/site-packages/airflow/example_dags/example_xcomargs.py
[2024-04-05T23:07:56.287+0000] {logging_mixin.py:188} INFO - [2024-04-05T23:07:56.287+0000] {dag.py:3047} INFO - Sync 2 DAGs
[2024-04-05T23:07:56.307+0000] {logging_mixin.py:188} INFO - [2024-04-05T23:07:56.306+0000] {dag.py:3834} INFO - Setting next_dagrun for example_xcom_args to None, run_after=None
[2024-04-05T23:07:56.313+0000] {logging_mixin.py:188} INFO - [2024-04-05T23:07:56.313+0000] {dag.py:3834} INFO - Setting next_dagrun for example_xcom_args_with_operators to None, run_after=None
[2024-04-05T23:07:56.340+0000] {processor.py:183} INFO - Processing /home/airflow/.local/lib/python3.8/site-packages/airflow/example_dags/example_xcomargs.py took 0.123 seconds
[2024-04-05T23:08:26.830+0000] {processor.py:161} INFO - Started process (PID=1269) to work on /home/airflow/.local/lib/python3.8/site-packages/airflow/example_dags/example_xcomargs.py
[2024-04-05T23:08:26.832+0000] {processor.py:830} INFO - Processing file /home/airflow/.local/lib/python3.8/site-packages/airflow/example_dags/example_xcomargs.py for tasks to queue
[2024-04-05T23:08:26.835+0000] {logging_mixin.py:188} INFO - [2024-04-05T23:08:26.834+0000] {dagbag.py:540} INFO - Filling up the DagBag from /home/airflow/.local/lib/python3.8/site-packages/airflow/example_dags/example_xcomargs.py
[2024-04-05T23:08:26.845+0000] {processor.py:840} INFO - DAG(s) 'example_xcom_args_with_operators', 'example_xcom_args' retrieved from /home/airflow/.local/lib/python3.8/site-packages/airflow/example_dags/example_xcomargs.py
[2024-04-05T23:08:26.873+0000] {logging_mixin.py:188} INFO - [2024-04-05T23:08:26.872+0000] {dag.py:3047} INFO - Sync 2 DAGs
[2024-04-05T23:08:26.889+0000] {logging_mixin.py:188} INFO - [2024-04-05T23:08:26.888+0000] {dag.py:3834} INFO - Setting next_dagrun for example_xcom_args to None, run_after=None
[2024-04-05T23:08:26.894+0000] {logging_mixin.py:188} INFO - [2024-04-05T23:08:26.894+0000] {dag.py:3834} INFO - Setting next_dagrun for example_xcom_args_with_operators to None, run_after=None
[2024-04-05T23:08:26.954+0000] {processor.py:183} INFO - Processing /home/airflow/.local/lib/python3.8/site-packages/airflow/example_dags/example_xcomargs.py took 0.128 seconds
[2024-04-05T23:08:57.370+0000] {processor.py:161} INFO - Started process (PID=1324) to work on /home/airflow/.local/lib/python3.8/site-packages/airflow/example_dags/example_xcomargs.py
[2024-04-05T23:08:57.372+0000] {processor.py:830} INFO - Processing file /home/airflow/.local/lib/python3.8/site-packages/airflow/example_dags/example_xcomargs.py for tasks to queue
[2024-04-05T23:08:57.374+0000] {logging_mixin.py:188} INFO - [2024-04-05T23:08:57.374+0000] {dagbag.py:540} INFO - Filling up the DagBag from /home/airflow/.local/lib/python3.8/site-packages/airflow/example_dags/example_xcomargs.py
[2024-04-05T23:08:57.382+0000] {processor.py:840} INFO - DAG(s) 'example_xcom_args_with_operators', 'example_xcom_args' retrieved from /home/airflow/.local/lib/python3.8/site-packages/airflow/example_dags/example_xcomargs.py
[2024-04-05T23:08:57.424+0000] {logging_mixin.py:188} INFO - [2024-04-05T23:08:57.424+0000] {dag.py:3047} INFO - Sync 2 DAGs
[2024-04-05T23:08:57.441+0000] {logging_mixin.py:188} INFO - [2024-04-05T23:08:57.440+0000] {dag.py:3834} INFO - Setting next_dagrun for example_xcom_args to None, run_after=None
[2024-04-05T23:08:57.446+0000] {logging_mixin.py:188} INFO - [2024-04-05T23:08:57.445+0000] {dag.py:3834} INFO - Setting next_dagrun for example_xcom_args_with_operators to None, run_after=None
[2024-04-05T23:08:57.513+0000] {processor.py:183} INFO - Processing /home/airflow/.local/lib/python3.8/site-packages/airflow/example_dags/example_xcomargs.py took 0.146 seconds
[2024-04-05T23:09:27.991+0000] {processor.py:161} INFO - Started process (PID=1379) to work on /home/airflow/.local/lib/python3.8/site-packages/airflow/example_dags/example_xcomargs.py
[2024-04-05T23:09:27.992+0000] {processor.py:830} INFO - Processing file /home/airflow/.local/lib/python3.8/site-packages/airflow/example_dags/example_xcomargs.py for tasks to queue
[2024-04-05T23:09:27.995+0000] {logging_mixin.py:188} INFO - [2024-04-05T23:09:27.994+0000] {dagbag.py:540} INFO - Filling up the DagBag from /home/airflow/.local/lib/python3.8/site-packages/airflow/example_dags/example_xcomargs.py
[2024-04-05T23:09:28.005+0000] {processor.py:840} INFO - DAG(s) 'example_xcom_args_with_operators', 'example_xcom_args' retrieved from /home/airflow/.local/lib/python3.8/site-packages/airflow/example_dags/example_xcomargs.py
[2024-04-05T23:09:28.033+0000] {logging_mixin.py:188} INFO - [2024-04-05T23:09:28.033+0000] {dag.py:3047} INFO - Sync 2 DAGs
[2024-04-05T23:09:28.046+0000] {logging_mixin.py:188} INFO - [2024-04-05T23:09:28.046+0000] {dag.py:3834} INFO - Setting next_dagrun for example_xcom_args to None, run_after=None
[2024-04-05T23:09:28.052+0000] {logging_mixin.py:188} INFO - [2024-04-05T23:09:28.052+0000] {dag.py:3834} INFO - Setting next_dagrun for example_xcom_args_with_operators to None, run_after=None
[2024-04-05T23:09:28.072+0000] {processor.py:183} INFO - Processing /home/airflow/.local/lib/python3.8/site-packages/airflow/example_dags/example_xcomargs.py took 0.086 seconds
[2024-04-05T23:09:58.820+0000] {processor.py:161} INFO - Started process (PID=1434) to work on /home/airflow/.local/lib/python3.8/site-packages/airflow/example_dags/example_xcomargs.py
[2024-04-05T23:09:58.821+0000] {processor.py:830} INFO - Processing file /home/airflow/.local/lib/python3.8/site-packages/airflow/example_dags/example_xcomargs.py for tasks to queue
[2024-04-05T23:09:58.824+0000] {logging_mixin.py:188} INFO - [2024-04-05T23:09:58.823+0000] {dagbag.py:540} INFO - Filling up the DagBag from /home/airflow/.local/lib/python3.8/site-packages/airflow/example_dags/example_xcomargs.py
[2024-04-05T23:09:58.835+0000] {processor.py:840} INFO - DAG(s) 'example_xcom_args', 'example_xcom_args_with_operators' retrieved from /home/airflow/.local/lib/python3.8/site-packages/airflow/example_dags/example_xcomargs.py
[2024-04-05T23:09:58.866+0000] {logging_mixin.py:188} INFO - [2024-04-05T23:09:58.865+0000] {dag.py:3047} INFO - Sync 2 DAGs
[2024-04-05T23:09:58.880+0000] {logging_mixin.py:188} INFO - [2024-04-05T23:09:58.880+0000] {dag.py:3834} INFO - Setting next_dagrun for example_xcom_args to None, run_after=None
[2024-04-05T23:09:58.884+0000] {logging_mixin.py:188} INFO - [2024-04-05T23:09:58.884+0000] {dag.py:3834} INFO - Setting next_dagrun for example_xcom_args_with_operators to None, run_after=None
[2024-04-05T23:09:58.932+0000] {processor.py:183} INFO - Processing /home/airflow/.local/lib/python3.8/site-packages/airflow/example_dags/example_xcomargs.py took 0.116 seconds
[2024-04-05T23:10:30.002+0000] {processor.py:161} INFO - Started process (PID=1489) to work on /home/airflow/.local/lib/python3.8/site-packages/airflow/example_dags/example_xcomargs.py
[2024-04-05T23:10:30.004+0000] {processor.py:830} INFO - Processing file /home/airflow/.local/lib/python3.8/site-packages/airflow/example_dags/example_xcomargs.py for tasks to queue
[2024-04-05T23:10:30.007+0000] {logging_mixin.py:188} INFO - [2024-04-05T23:10:30.006+0000] {dagbag.py:540} INFO - Filling up the DagBag from /home/airflow/.local/lib/python3.8/site-packages/airflow/example_dags/example_xcomargs.py
[2024-04-05T23:10:30.016+0000] {processor.py:840} INFO - DAG(s) 'example_xcom_args_with_operators', 'example_xcom_args' retrieved from /home/airflow/.local/lib/python3.8/site-packages/airflow/example_dags/example_xcomargs.py
[2024-04-05T23:10:30.044+0000] {logging_mixin.py:188} INFO - [2024-04-05T23:10:30.044+0000] {dag.py:3047} INFO - Sync 2 DAGs
[2024-04-05T23:10:30.058+0000] {logging_mixin.py:188} INFO - [2024-04-05T23:10:30.058+0000] {dag.py:3834} INFO - Setting next_dagrun for example_xcom_args to None, run_after=None
[2024-04-05T23:10:30.062+0000] {logging_mixin.py:188} INFO - [2024-04-05T23:10:30.062+0000] {dag.py:3834} INFO - Setting next_dagrun for example_xcom_args_with_operators to None, run_after=None
[2024-04-05T23:10:30.083+0000] {processor.py:183} INFO - Processing /home/airflow/.local/lib/python3.8/site-packages/airflow/example_dags/example_xcomargs.py took 0.084 seconds
[2024-04-05T23:11:00.696+0000] {processor.py:161} INFO - Started process (PID=1544) to work on /home/airflow/.local/lib/python3.8/site-packages/airflow/example_dags/example_xcomargs.py
[2024-04-05T23:11:00.698+0000] {processor.py:830} INFO - Processing file /home/airflow/.local/lib/python3.8/site-packages/airflow/example_dags/example_xcomargs.py for tasks to queue
[2024-04-05T23:11:00.701+0000] {logging_mixin.py:188} INFO - [2024-04-05T23:11:00.701+0000] {dagbag.py:540} INFO - Filling up the DagBag from /home/airflow/.local/lib/python3.8/site-packages/airflow/example_dags/example_xcomargs.py
[2024-04-05T23:11:00.712+0000] {processor.py:840} INFO - DAG(s) 'example_xcom_args', 'example_xcom_args_with_operators' retrieved from /home/airflow/.local/lib/python3.8/site-packages/airflow/example_dags/example_xcomargs.py
[2024-04-05T23:11:00.744+0000] {logging_mixin.py:188} INFO - [2024-04-05T23:11:00.744+0000] {dag.py:3047} INFO - Sync 2 DAGs
[2024-04-05T23:11:00.761+0000] {logging_mixin.py:188} INFO - [2024-04-05T23:11:00.761+0000] {dag.py:3834} INFO - Setting next_dagrun for example_xcom_args to None, run_after=None
[2024-04-05T23:11:00.766+0000] {logging_mixin.py:188} INFO - [2024-04-05T23:11:00.766+0000] {dag.py:3834} INFO - Setting next_dagrun for example_xcom_args_with_operators to None, run_after=None
[2024-04-05T23:11:00.790+0000] {processor.py:183} INFO - Processing /home/airflow/.local/lib/python3.8/site-packages/airflow/example_dags/example_xcomargs.py took 0.097 seconds
[2024-04-05T23:11:31.262+0000] {processor.py:161} INFO - Started process (PID=1599) to work on /home/airflow/.local/lib/python3.8/site-packages/airflow/example_dags/example_xcomargs.py
[2024-04-05T23:11:31.263+0000] {processor.py:830} INFO - Processing file /home/airflow/.local/lib/python3.8/site-packages/airflow/example_dags/example_xcomargs.py for tasks to queue
[2024-04-05T23:11:31.265+0000] {logging_mixin.py:188} INFO - [2024-04-05T23:11:31.265+0000] {dagbag.py:540} INFO - Filling up the DagBag from /home/airflow/.local/lib/python3.8/site-packages/airflow/example_dags/example_xcomargs.py
[2024-04-05T23:11:31.273+0000] {processor.py:840} INFO - DAG(s) 'example_xcom_args_with_operators', 'example_xcom_args' retrieved from /home/airflow/.local/lib/python3.8/site-packages/airflow/example_dags/example_xcomargs.py
[2024-04-05T23:11:31.298+0000] {logging_mixin.py:188} INFO - [2024-04-05T23:11:31.298+0000] {dag.py:3047} INFO - Sync 2 DAGs
[2024-04-05T23:11:31.310+0000] {logging_mixin.py:188} INFO - [2024-04-05T23:11:31.310+0000] {dag.py:3834} INFO - Setting next_dagrun for example_xcom_args to None, run_after=None
[2024-04-05T23:11:31.314+0000] {logging_mixin.py:188} INFO - [2024-04-05T23:11:31.314+0000] {dag.py:3834} INFO - Setting next_dagrun for example_xcom_args_with_operators to None, run_after=None
[2024-04-05T23:11:31.372+0000] {processor.py:183} INFO - Processing /home/airflow/.local/lib/python3.8/site-packages/airflow/example_dags/example_xcomargs.py took 0.113 seconds
[2024-04-05T23:12:01.429+0000] {processor.py:161} INFO - Started process (PID=1654) to work on /home/airflow/.local/lib/python3.8/site-packages/airflow/example_dags/example_xcomargs.py
[2024-04-05T23:12:01.430+0000] {processor.py:830} INFO - Processing file /home/airflow/.local/lib/python3.8/site-packages/airflow/example_dags/example_xcomargs.py for tasks to queue
[2024-04-05T23:12:01.432+0000] {logging_mixin.py:188} INFO - [2024-04-05T23:12:01.432+0000] {dagbag.py:540} INFO - Filling up the DagBag from /home/airflow/.local/lib/python3.8/site-packages/airflow/example_dags/example_xcomargs.py
[2024-04-05T23:12:01.439+0000] {processor.py:840} INFO - DAG(s) 'example_xcom_args_with_operators', 'example_xcom_args' retrieved from /home/airflow/.local/lib/python3.8/site-packages/airflow/example_dags/example_xcomargs.py
[2024-04-05T23:12:01.467+0000] {logging_mixin.py:188} INFO - [2024-04-05T23:12:01.467+0000] {dag.py:3047} INFO - Sync 2 DAGs
[2024-04-05T23:12:01.479+0000] {logging_mixin.py:188} INFO - [2024-04-05T23:12:01.479+0000] {dag.py:3834} INFO - Setting next_dagrun for example_xcom_args to None, run_after=None
[2024-04-05T23:12:01.484+0000] {logging_mixin.py:188} INFO - [2024-04-05T23:12:01.484+0000] {dag.py:3834} INFO - Setting next_dagrun for example_xcom_args_with_operators to None, run_after=None
[2024-04-05T23:12:01.504+0000] {processor.py:183} INFO - Processing /home/airflow/.local/lib/python3.8/site-packages/airflow/example_dags/example_xcomargs.py took 0.078 seconds
[2024-04-05T23:12:31.701+0000] {processor.py:161} INFO - Started process (PID=1709) to work on /home/airflow/.local/lib/python3.8/site-packages/airflow/example_dags/example_xcomargs.py
[2024-04-05T23:12:31.702+0000] {processor.py:830} INFO - Processing file /home/airflow/.local/lib/python3.8/site-packages/airflow/example_dags/example_xcomargs.py for tasks to queue
[2024-04-05T23:12:31.705+0000] {logging_mixin.py:188} INFO - [2024-04-05T23:12:31.704+0000] {dagbag.py:540} INFO - Filling up the DagBag from /home/airflow/.local/lib/python3.8/site-packages/airflow/example_dags/example_xcomargs.py
[2024-04-05T23:12:31.714+0000] {processor.py:840} INFO - DAG(s) 'example_xcom_args_with_operators', 'example_xcom_args' retrieved from /home/airflow/.local/lib/python3.8/site-packages/airflow/example_dags/example_xcomargs.py
[2024-04-05T23:12:31.740+0000] {logging_mixin.py:188} INFO - [2024-04-05T23:12:31.739+0000] {dag.py:3047} INFO - Sync 2 DAGs
[2024-04-05T23:12:31.752+0000] {logging_mixin.py:188} INFO - [2024-04-05T23:12:31.752+0000] {dag.py:3834} INFO - Setting next_dagrun for example_xcom_args to None, run_after=None
[2024-04-05T23:12:31.756+0000] {logging_mixin.py:188} INFO - [2024-04-05T23:12:31.755+0000] {dag.py:3834} INFO - Setting next_dagrun for example_xcom_args_with_operators to None, run_after=None
[2024-04-05T23:12:31.773+0000] {processor.py:183} INFO - Processing /home/airflow/.local/lib/python3.8/site-packages/airflow/example_dags/example_xcomargs.py took 0.076 seconds
[2024-04-05T23:13:02.440+0000] {processor.py:161} INFO - Started process (PID=1764) to work on /home/airflow/.local/lib/python3.8/site-packages/airflow/example_dags/example_xcomargs.py
[2024-04-05T23:13:02.442+0000] {processor.py:830} INFO - Processing file /home/airflow/.local/lib/python3.8/site-packages/airflow/example_dags/example_xcomargs.py for tasks to queue
[2024-04-05T23:13:02.445+0000] {logging_mixin.py:188} INFO - [2024-04-05T23:13:02.444+0000] {dagbag.py:540} INFO - Filling up the DagBag from /home/airflow/.local/lib/python3.8/site-packages/airflow/example_dags/example_xcomargs.py
[2024-04-05T23:13:02.456+0000] {processor.py:840} INFO - DAG(s) 'example_xcom_args', 'example_xcom_args_with_operators' retrieved from /home/airflow/.local/lib/python3.8/site-packages/airflow/example_dags/example_xcomargs.py
[2024-04-05T23:13:02.492+0000] {logging_mixin.py:188} INFO - [2024-04-05T23:13:02.491+0000] {dag.py:3047} INFO - Sync 2 DAGs
[2024-04-05T23:13:02.507+0000] {logging_mixin.py:188} INFO - [2024-04-05T23:13:02.507+0000] {dag.py:3834} INFO - Setting next_dagrun for example_xcom_args to None, run_after=None
[2024-04-05T23:13:02.512+0000] {logging_mixin.py:188} INFO - [2024-04-05T23:13:02.511+0000] {dag.py:3834} INFO - Setting next_dagrun for example_xcom_args_with_operators to None, run_after=None
[2024-04-05T23:13:02.534+0000] {processor.py:183} INFO - Processing /home/airflow/.local/lib/python3.8/site-packages/airflow/example_dags/example_xcomargs.py took 0.099 seconds
[2024-04-05T23:13:32.784+0000] {processor.py:161} INFO - Started process (PID=1819) to work on /home/airflow/.local/lib/python3.8/site-packages/airflow/example_dags/example_xcomargs.py
[2024-04-05T23:13:32.786+0000] {processor.py:830} INFO - Processing file /home/airflow/.local/lib/python3.8/site-packages/airflow/example_dags/example_xcomargs.py for tasks to queue
[2024-04-05T23:13:32.789+0000] {logging_mixin.py:188} INFO - [2024-04-05T23:13:32.788+0000] {dagbag.py:540} INFO - Filling up the DagBag from /home/airflow/.local/lib/python3.8/site-packages/airflow/example_dags/example_xcomargs.py
[2024-04-05T23:13:32.800+0000] {processor.py:840} INFO - DAG(s) 'example_xcom_args_with_operators', 'example_xcom_args' retrieved from /home/airflow/.local/lib/python3.8/site-packages/airflow/example_dags/example_xcomargs.py
[2024-04-05T23:13:32.832+0000] {logging_mixin.py:188} INFO - [2024-04-05T23:13:32.831+0000] {dag.py:3047} INFO - Sync 2 DAGs
[2024-04-05T23:13:32.847+0000] {logging_mixin.py:188} INFO - [2024-04-05T23:13:32.846+0000] {dag.py:3834} INFO - Setting next_dagrun for example_xcom_args to None, run_after=None
[2024-04-05T23:13:32.852+0000] {logging_mixin.py:188} INFO - [2024-04-05T23:13:32.851+0000] {dag.py:3834} INFO - Setting next_dagrun for example_xcom_args_with_operators to None, run_after=None
[2024-04-05T23:13:32.872+0000] {processor.py:183} INFO - Processing /home/airflow/.local/lib/python3.8/site-packages/airflow/example_dags/example_xcomargs.py took 0.091 seconds
[2024-04-05T23:14:03.474+0000] {processor.py:161} INFO - Started process (PID=1874) to work on /home/airflow/.local/lib/python3.8/site-packages/airflow/example_dags/example_xcomargs.py
[2024-04-05T23:14:03.475+0000] {processor.py:830} INFO - Processing file /home/airflow/.local/lib/python3.8/site-packages/airflow/example_dags/example_xcomargs.py for tasks to queue
[2024-04-05T23:14:03.477+0000] {logging_mixin.py:188} INFO - [2024-04-05T23:14:03.477+0000] {dagbag.py:540} INFO - Filling up the DagBag from /home/airflow/.local/lib/python3.8/site-packages/airflow/example_dags/example_xcomargs.py
[2024-04-05T23:14:03.486+0000] {processor.py:840} INFO - DAG(s) 'example_xcom_args', 'example_xcom_args_with_operators' retrieved from /home/airflow/.local/lib/python3.8/site-packages/airflow/example_dags/example_xcomargs.py
[2024-04-05T23:14:03.511+0000] {logging_mixin.py:188} INFO - [2024-04-05T23:14:03.511+0000] {dag.py:3047} INFO - Sync 2 DAGs
[2024-04-05T23:14:03.526+0000] {logging_mixin.py:188} INFO - [2024-04-05T23:14:03.525+0000] {dag.py:3834} INFO - Setting next_dagrun for example_xcom_args to None, run_after=None
[2024-04-05T23:14:03.531+0000] {logging_mixin.py:188} INFO - [2024-04-05T23:14:03.530+0000] {dag.py:3834} INFO - Setting next_dagrun for example_xcom_args_with_operators to None, run_after=None
[2024-04-05T23:14:03.548+0000] {processor.py:183} INFO - Processing /home/airflow/.local/lib/python3.8/site-packages/airflow/example_dags/example_xcomargs.py took 0.078 seconds
[2024-04-05T23:14:33.760+0000] {processor.py:161} INFO - Started process (PID=1929) to work on /home/airflow/.local/lib/python3.8/site-packages/airflow/example_dags/example_xcomargs.py
[2024-04-05T23:14:33.762+0000] {processor.py:830} INFO - Processing file /home/airflow/.local/lib/python3.8/site-packages/airflow/example_dags/example_xcomargs.py for tasks to queue
[2024-04-05T23:14:33.764+0000] {logging_mixin.py:188} INFO - [2024-04-05T23:14:33.764+0000] {dagbag.py:540} INFO - Filling up the DagBag from /home/airflow/.local/lib/python3.8/site-packages/airflow/example_dags/example_xcomargs.py
[2024-04-05T23:14:33.773+0000] {processor.py:840} INFO - DAG(s) 'example_xcom_args_with_operators', 'example_xcom_args' retrieved from /home/airflow/.local/lib/python3.8/site-packages/airflow/example_dags/example_xcomargs.py
[2024-04-05T23:14:33.798+0000] {logging_mixin.py:188} INFO - [2024-04-05T23:14:33.798+0000] {dag.py:3047} INFO - Sync 2 DAGs
[2024-04-05T23:14:33.811+0000] {logging_mixin.py:188} INFO - [2024-04-05T23:14:33.811+0000] {dag.py:3834} INFO - Setting next_dagrun for example_xcom_args to None, run_after=None
[2024-04-05T23:14:33.815+0000] {logging_mixin.py:188} INFO - [2024-04-05T23:14:33.815+0000] {dag.py:3834} INFO - Setting next_dagrun for example_xcom_args_with_operators to None, run_after=None
[2024-04-05T23:14:33.833+0000] {processor.py:183} INFO - Processing /home/airflow/.local/lib/python3.8/site-packages/airflow/example_dags/example_xcomargs.py took 0.077 seconds
[2024-04-05T23:15:04.790+0000] {processor.py:161} INFO - Started process (PID=1984) to work on /home/airflow/.local/lib/python3.8/site-packages/airflow/example_dags/example_xcomargs.py
[2024-04-05T23:15:04.792+0000] {processor.py:830} INFO - Processing file /home/airflow/.local/lib/python3.8/site-packages/airflow/example_dags/example_xcomargs.py for tasks to queue
[2024-04-05T23:15:04.795+0000] {logging_mixin.py:188} INFO - [2024-04-05T23:15:04.794+0000] {dagbag.py:540} INFO - Filling up the DagBag from /home/airflow/.local/lib/python3.8/site-packages/airflow/example_dags/example_xcomargs.py
[2024-04-05T23:15:04.803+0000] {processor.py:840} INFO - DAG(s) 'example_xcom_args_with_operators', 'example_xcom_args' retrieved from /home/airflow/.local/lib/python3.8/site-packages/airflow/example_dags/example_xcomargs.py
[2024-04-05T23:15:04.827+0000] {logging_mixin.py:188} INFO - [2024-04-05T23:15:04.826+0000] {dag.py:3047} INFO - Sync 2 DAGs
[2024-04-05T23:15:04.839+0000] {logging_mixin.py:188} INFO - [2024-04-05T23:15:04.838+0000] {dag.py:3834} INFO - Setting next_dagrun for example_xcom_args to None, run_after=None
[2024-04-05T23:15:04.842+0000] {logging_mixin.py:188} INFO - [2024-04-05T23:15:04.842+0000] {dag.py:3834} INFO - Setting next_dagrun for example_xcom_args_with_operators to None, run_after=None
[2024-04-05T23:15:04.905+0000] {processor.py:183} INFO - Processing /home/airflow/.local/lib/python3.8/site-packages/airflow/example_dags/example_xcomargs.py took 0.119 seconds
[2024-04-05T23:15:35.673+0000] {processor.py:161} INFO - Started process (PID=2039) to work on /home/airflow/.local/lib/python3.8/site-packages/airflow/example_dags/example_xcomargs.py
[2024-04-05T23:15:35.674+0000] {processor.py:830} INFO - Processing file /home/airflow/.local/lib/python3.8/site-packages/airflow/example_dags/example_xcomargs.py for tasks to queue
[2024-04-05T23:15:35.677+0000] {logging_mixin.py:188} INFO - [2024-04-05T23:15:35.677+0000] {dagbag.py:540} INFO - Filling up the DagBag from /home/airflow/.local/lib/python3.8/site-packages/airflow/example_dags/example_xcomargs.py
[2024-04-05T23:15:35.688+0000] {processor.py:840} INFO - DAG(s) 'example_xcom_args_with_operators', 'example_xcom_args' retrieved from /home/airflow/.local/lib/python3.8/site-packages/airflow/example_dags/example_xcomargs.py
[2024-04-05T23:15:35.718+0000] {logging_mixin.py:188} INFO - [2024-04-05T23:15:35.717+0000] {dag.py:3047} INFO - Sync 2 DAGs
[2024-04-05T23:15:35.733+0000] {logging_mixin.py:188} INFO - [2024-04-05T23:15:35.733+0000] {dag.py:3834} INFO - Setting next_dagrun for example_xcom_args to None, run_after=None
[2024-04-05T23:15:35.738+0000] {logging_mixin.py:188} INFO - [2024-04-05T23:15:35.738+0000] {dag.py:3834} INFO - Setting next_dagrun for example_xcom_args_with_operators to None, run_after=None
[2024-04-05T23:15:35.758+0000] {processor.py:183} INFO - Processing /home/airflow/.local/lib/python3.8/site-packages/airflow/example_dags/example_xcomargs.py took 0.089 seconds
[2024-04-05T23:16:06.841+0000] {processor.py:161} INFO - Started process (PID=2094) to work on /home/airflow/.local/lib/python3.8/site-packages/airflow/example_dags/example_xcomargs.py
[2024-04-05T23:16:06.842+0000] {processor.py:830} INFO - Processing file /home/airflow/.local/lib/python3.8/site-packages/airflow/example_dags/example_xcomargs.py for tasks to queue
[2024-04-05T23:16:06.845+0000] {logging_mixin.py:188} INFO - [2024-04-05T23:16:06.845+0000] {dagbag.py:540} INFO - Filling up the DagBag from /home/airflow/.local/lib/python3.8/site-packages/airflow/example_dags/example_xcomargs.py
[2024-04-05T23:16:06.854+0000] {processor.py:840} INFO - DAG(s) 'example_xcom_args_with_operators', 'example_xcom_args' retrieved from /home/airflow/.local/lib/python3.8/site-packages/airflow/example_dags/example_xcomargs.py
[2024-04-05T23:16:06.880+0000] {logging_mixin.py:188} INFO - [2024-04-05T23:16:06.880+0000] {dag.py:3047} INFO - Sync 2 DAGs
[2024-04-05T23:16:06.895+0000] {logging_mixin.py:188} INFO - [2024-04-05T23:16:06.895+0000] {dag.py:3834} INFO - Setting next_dagrun for example_xcom_args to None, run_after=None
[2024-04-05T23:16:06.899+0000] {logging_mixin.py:188} INFO - [2024-04-05T23:16:06.899+0000] {dag.py:3834} INFO - Setting next_dagrun for example_xcom_args_with_operators to None, run_after=None
[2024-04-05T23:16:06.916+0000] {processor.py:183} INFO - Processing /home/airflow/.local/lib/python3.8/site-packages/airflow/example_dags/example_xcomargs.py took 0.079 seconds
[2024-04-05T23:16:37.088+0000] {processor.py:161} INFO - Started process (PID=2149) to work on /home/airflow/.local/lib/python3.8/site-packages/airflow/example_dags/example_xcomargs.py
[2024-04-05T23:16:37.090+0000] {processor.py:830} INFO - Processing file /home/airflow/.local/lib/python3.8/site-packages/airflow/example_dags/example_xcomargs.py for tasks to queue
[2024-04-05T23:16:37.093+0000] {logging_mixin.py:188} INFO - [2024-04-05T23:16:37.092+0000] {dagbag.py:540} INFO - Filling up the DagBag from /home/airflow/.local/lib/python3.8/site-packages/airflow/example_dags/example_xcomargs.py
[2024-04-05T23:16:37.105+0000] {processor.py:840} INFO - DAG(s) 'example_xcom_args_with_operators', 'example_xcom_args' retrieved from /home/airflow/.local/lib/python3.8/site-packages/airflow/example_dags/example_xcomargs.py
[2024-04-05T23:16:37.131+0000] {logging_mixin.py:188} INFO - [2024-04-05T23:16:37.131+0000] {dag.py:3047} INFO - Sync 2 DAGs
[2024-04-05T23:16:37.144+0000] {logging_mixin.py:188} INFO - [2024-04-05T23:16:37.144+0000] {dag.py:3834} INFO - Setting next_dagrun for example_xcom_args to None, run_after=None
[2024-04-05T23:16:37.149+0000] {logging_mixin.py:188} INFO - [2024-04-05T23:16:37.148+0000] {dag.py:3834} INFO - Setting next_dagrun for example_xcom_args_with_operators to None, run_after=None
[2024-04-05T23:16:37.168+0000] {processor.py:183} INFO - Processing /home/airflow/.local/lib/python3.8/site-packages/airflow/example_dags/example_xcomargs.py took 0.083 seconds
[2024-04-05T23:17:07.407+0000] {processor.py:161} INFO - Started process (PID=2204) to work on /home/airflow/.local/lib/python3.8/site-packages/airflow/example_dags/example_xcomargs.py
[2024-04-05T23:17:07.408+0000] {processor.py:830} INFO - Processing file /home/airflow/.local/lib/python3.8/site-packages/airflow/example_dags/example_xcomargs.py for tasks to queue
[2024-04-05T23:17:07.410+0000] {logging_mixin.py:188} INFO - [2024-04-05T23:17:07.410+0000] {dagbag.py:540} INFO - Filling up the DagBag from /home/airflow/.local/lib/python3.8/site-packages/airflow/example_dags/example_xcomargs.py
[2024-04-05T23:17:07.418+0000] {processor.py:840} INFO - DAG(s) 'example_xcom_args_with_operators', 'example_xcom_args' retrieved from /home/airflow/.local/lib/python3.8/site-packages/airflow/example_dags/example_xcomargs.py
[2024-04-05T23:17:07.444+0000] {logging_mixin.py:188} INFO - [2024-04-05T23:17:07.444+0000] {dag.py:3047} INFO - Sync 2 DAGs
[2024-04-05T23:17:07.459+0000] {logging_mixin.py:188} INFO - [2024-04-05T23:17:07.458+0000] {dag.py:3834} INFO - Setting next_dagrun for example_xcom_args to None, run_after=None
[2024-04-05T23:17:07.462+0000] {logging_mixin.py:188} INFO - [2024-04-05T23:17:07.462+0000] {dag.py:3834} INFO - Setting next_dagrun for example_xcom_args_with_operators to None, run_after=None
[2024-04-05T23:17:07.523+0000] {processor.py:183} INFO - Processing /home/airflow/.local/lib/python3.8/site-packages/airflow/example_dags/example_xcomargs.py took 0.121 seconds
[2024-04-05T23:17:38.303+0000] {processor.py:161} INFO - Started process (PID=2259) to work on /home/airflow/.local/lib/python3.8/site-packages/airflow/example_dags/example_xcomargs.py
[2024-04-05T23:17:38.304+0000] {processor.py:830} INFO - Processing file /home/airflow/.local/lib/python3.8/site-packages/airflow/example_dags/example_xcomargs.py for tasks to queue
[2024-04-05T23:17:38.306+0000] {logging_mixin.py:188} INFO - [2024-04-05T23:17:38.306+0000] {dagbag.py:540} INFO - Filling up the DagBag from /home/airflow/.local/lib/python3.8/site-packages/airflow/example_dags/example_xcomargs.py
[2024-04-05T23:17:38.315+0000] {processor.py:840} INFO - DAG(s) 'example_xcom_args', 'example_xcom_args_with_operators' retrieved from /home/airflow/.local/lib/python3.8/site-packages/airflow/example_dags/example_xcomargs.py
[2024-04-05T23:17:38.347+0000] {logging_mixin.py:188} INFO - [2024-04-05T23:17:38.347+0000] {dag.py:3047} INFO - Sync 2 DAGs
[2024-04-05T23:17:38.360+0000] {logging_mixin.py:188} INFO - [2024-04-05T23:17:38.360+0000] {dag.py:3834} INFO - Setting next_dagrun for example_xcom_args to None, run_after=None
[2024-04-05T23:17:38.364+0000] {logging_mixin.py:188} INFO - [2024-04-05T23:17:38.364+0000] {dag.py:3834} INFO - Setting next_dagrun for example_xcom_args_with_operators to None, run_after=None
[2024-04-05T23:17:38.423+0000] {processor.py:183} INFO - Processing /home/airflow/.local/lib/python3.8/site-packages/airflow/example_dags/example_xcomargs.py took 0.124 seconds
[2024-04-05T23:18:09.382+0000] {processor.py:161} INFO - Started process (PID=2314) to work on /home/airflow/.local/lib/python3.8/site-packages/airflow/example_dags/example_xcomargs.py
[2024-04-05T23:18:09.383+0000] {processor.py:830} INFO - Processing file /home/airflow/.local/lib/python3.8/site-packages/airflow/example_dags/example_xcomargs.py for tasks to queue
[2024-04-05T23:18:09.386+0000] {logging_mixin.py:188} INFO - [2024-04-05T23:18:09.386+0000] {dagbag.py:540} INFO - Filling up the DagBag from /home/airflow/.local/lib/python3.8/site-packages/airflow/example_dags/example_xcomargs.py
[2024-04-05T23:18:09.396+0000] {processor.py:840} INFO - DAG(s) 'example_xcom_args_with_operators', 'example_xcom_args' retrieved from /home/airflow/.local/lib/python3.8/site-packages/airflow/example_dags/example_xcomargs.py
[2024-04-05T23:18:09.420+0000] {logging_mixin.py:188} INFO - [2024-04-05T23:18:09.420+0000] {dag.py:3047} INFO - Sync 2 DAGs
[2024-04-05T23:18:09.431+0000] {logging_mixin.py:188} INFO - [2024-04-05T23:18:09.431+0000] {dag.py:3834} INFO - Setting next_dagrun for example_xcom_args to None, run_after=None
[2024-04-05T23:18:09.435+0000] {logging_mixin.py:188} INFO - [2024-04-05T23:18:09.434+0000] {dag.py:3834} INFO - Setting next_dagrun for example_xcom_args_with_operators to None, run_after=None
[2024-04-05T23:18:09.452+0000] {processor.py:183} INFO - Processing /home/airflow/.local/lib/python3.8/site-packages/airflow/example_dags/example_xcomargs.py took 0.072 seconds
[2024-04-05T23:18:39.681+0000] {processor.py:161} INFO - Started process (PID=2369) to work on /home/airflow/.local/lib/python3.8/site-packages/airflow/example_dags/example_xcomargs.py
[2024-04-05T23:18:39.682+0000] {processor.py:830} INFO - Processing file /home/airflow/.local/lib/python3.8/site-packages/airflow/example_dags/example_xcomargs.py for tasks to queue
[2024-04-05T23:18:39.684+0000] {logging_mixin.py:188} INFO - [2024-04-05T23:18:39.684+0000] {dagbag.py:540} INFO - Filling up the DagBag from /home/airflow/.local/lib/python3.8/site-packages/airflow/example_dags/example_xcomargs.py
[2024-04-05T23:18:39.692+0000] {processor.py:840} INFO - DAG(s) 'example_xcom_args_with_operators', 'example_xcom_args' retrieved from /home/airflow/.local/lib/python3.8/site-packages/airflow/example_dags/example_xcomargs.py
[2024-04-05T23:18:39.716+0000] {logging_mixin.py:188} INFO - [2024-04-05T23:18:39.715+0000] {dag.py:3047} INFO - Sync 2 DAGs
[2024-04-05T23:18:39.728+0000] {logging_mixin.py:188} INFO - [2024-04-05T23:18:39.728+0000] {dag.py:3834} INFO - Setting next_dagrun for example_xcom_args to None, run_after=None
[2024-04-05T23:18:39.732+0000] {logging_mixin.py:188} INFO - [2024-04-05T23:18:39.732+0000] {dag.py:3834} INFO - Setting next_dagrun for example_xcom_args_with_operators to None, run_after=None
[2024-04-05T23:18:39.748+0000] {processor.py:183} INFO - Processing /home/airflow/.local/lib/python3.8/site-packages/airflow/example_dags/example_xcomargs.py took 0.071 seconds
[2024-04-05T23:19:10.645+0000] {processor.py:161} INFO - Started process (PID=2424) to work on /home/airflow/.local/lib/python3.8/site-packages/airflow/example_dags/example_xcomargs.py
[2024-04-05T23:19:10.646+0000] {processor.py:830} INFO - Processing file /home/airflow/.local/lib/python3.8/site-packages/airflow/example_dags/example_xcomargs.py for tasks to queue
[2024-04-05T23:19:10.650+0000] {logging_mixin.py:188} INFO - [2024-04-05T23:19:10.649+0000] {dagbag.py:540} INFO - Filling up the DagBag from /home/airflow/.local/lib/python3.8/site-packages/airflow/example_dags/example_xcomargs.py
[2024-04-05T23:19:10.661+0000] {processor.py:840} INFO - DAG(s) 'example_xcom_args', 'example_xcom_args_with_operators' retrieved from /home/airflow/.local/lib/python3.8/site-packages/airflow/example_dags/example_xcomargs.py
[2024-04-05T23:19:10.691+0000] {logging_mixin.py:188} INFO - [2024-04-05T23:19:10.691+0000] {dag.py:3047} INFO - Sync 2 DAGs
[2024-04-05T23:19:10.708+0000] {logging_mixin.py:188} INFO - [2024-04-05T23:19:10.707+0000] {dag.py:3834} INFO - Setting next_dagrun for example_xcom_args to None, run_after=None
[2024-04-05T23:19:10.712+0000] {logging_mixin.py:188} INFO - [2024-04-05T23:19:10.712+0000] {dag.py:3834} INFO - Setting next_dagrun for example_xcom_args_with_operators to None, run_after=None
[2024-04-05T23:19:10.769+0000] {processor.py:183} INFO - Processing /home/airflow/.local/lib/python3.8/site-packages/airflow/example_dags/example_xcomargs.py took 0.128 seconds
[2024-04-05T23:19:40.891+0000] {processor.py:161} INFO - Started process (PID=2479) to work on /home/airflow/.local/lib/python3.8/site-packages/airflow/example_dags/example_xcomargs.py
[2024-04-05T23:19:40.892+0000] {processor.py:830} INFO - Processing file /home/airflow/.local/lib/python3.8/site-packages/airflow/example_dags/example_xcomargs.py for tasks to queue
[2024-04-05T23:19:40.895+0000] {logging_mixin.py:188} INFO - [2024-04-05T23:19:40.894+0000] {dagbag.py:540} INFO - Filling up the DagBag from /home/airflow/.local/lib/python3.8/site-packages/airflow/example_dags/example_xcomargs.py
[2024-04-05T23:19:40.903+0000] {processor.py:840} INFO - DAG(s) 'example_xcom_args_with_operators', 'example_xcom_args' retrieved from /home/airflow/.local/lib/python3.8/site-packages/airflow/example_dags/example_xcomargs.py
[2024-04-05T23:19:40.931+0000] {logging_mixin.py:188} INFO - [2024-04-05T23:19:40.930+0000] {dag.py:3047} INFO - Sync 2 DAGs
[2024-04-05T23:19:40.946+0000] {logging_mixin.py:188} INFO - [2024-04-05T23:19:40.945+0000] {dag.py:3834} INFO - Setting next_dagrun for example_xcom_args to None, run_after=None
[2024-04-05T23:19:40.950+0000] {logging_mixin.py:188} INFO - [2024-04-05T23:19:40.950+0000] {dag.py:3834} INFO - Setting next_dagrun for example_xcom_args_with_operators to None, run_after=None
[2024-04-05T23:19:41.011+0000] {processor.py:183} INFO - Processing /home/airflow/.local/lib/python3.8/site-packages/airflow/example_dags/example_xcomargs.py took 0.123 seconds
[2024-04-05T23:20:11.364+0000] {processor.py:161} INFO - Started process (PID=2534) to work on /home/airflow/.local/lib/python3.8/site-packages/airflow/example_dags/example_xcomargs.py
[2024-04-05T23:20:11.365+0000] {processor.py:830} INFO - Processing file /home/airflow/.local/lib/python3.8/site-packages/airflow/example_dags/example_xcomargs.py for tasks to queue
[2024-04-05T23:20:11.367+0000] {logging_mixin.py:188} INFO - [2024-04-05T23:20:11.367+0000] {dagbag.py:540} INFO - Filling up the DagBag from /home/airflow/.local/lib/python3.8/site-packages/airflow/example_dags/example_xcomargs.py
[2024-04-05T23:20:11.377+0000] {processor.py:840} INFO - DAG(s) 'example_xcom_args', 'example_xcom_args_with_operators' retrieved from /home/airflow/.local/lib/python3.8/site-packages/airflow/example_dags/example_xcomargs.py
[2024-04-05T23:20:11.403+0000] {logging_mixin.py:188} INFO - [2024-04-05T23:20:11.403+0000] {dag.py:3047} INFO - Sync 2 DAGs
[2024-04-05T23:20:11.418+0000] {logging_mixin.py:188} INFO - [2024-04-05T23:20:11.418+0000] {dag.py:3834} INFO - Setting next_dagrun for example_xcom_args to None, run_after=None
[2024-04-05T23:20:11.422+0000] {logging_mixin.py:188} INFO - [2024-04-05T23:20:11.422+0000] {dag.py:3834} INFO - Setting next_dagrun for example_xcom_args_with_operators to None, run_after=None
[2024-04-05T23:20:11.480+0000] {processor.py:183} INFO - Processing /home/airflow/.local/lib/python3.8/site-packages/airflow/example_dags/example_xcomargs.py took 0.119 seconds
[2024-04-05T23:20:41.962+0000] {processor.py:161} INFO - Started process (PID=2589) to work on /home/airflow/.local/lib/python3.8/site-packages/airflow/example_dags/example_xcomargs.py
[2024-04-05T23:20:41.964+0000] {processor.py:830} INFO - Processing file /home/airflow/.local/lib/python3.8/site-packages/airflow/example_dags/example_xcomargs.py for tasks to queue
[2024-04-05T23:20:41.967+0000] {logging_mixin.py:188} INFO - [2024-04-05T23:20:41.966+0000] {dagbag.py:540} INFO - Filling up the DagBag from /home/airflow/.local/lib/python3.8/site-packages/airflow/example_dags/example_xcomargs.py
[2024-04-05T23:20:41.979+0000] {processor.py:840} INFO - DAG(s) 'example_xcom_args', 'example_xcom_args_with_operators' retrieved from /home/airflow/.local/lib/python3.8/site-packages/airflow/example_dags/example_xcomargs.py
[2024-04-05T23:20:42.009+0000] {logging_mixin.py:188} INFO - [2024-04-05T23:20:42.009+0000] {dag.py:3047} INFO - Sync 2 DAGs
[2024-04-05T23:20:42.026+0000] {logging_mixin.py:188} INFO - [2024-04-05T23:20:42.026+0000] {dag.py:3834} INFO - Setting next_dagrun for example_xcom_args to None, run_after=None
[2024-04-05T23:20:42.030+0000] {logging_mixin.py:188} INFO - [2024-04-05T23:20:42.030+0000] {dag.py:3834} INFO - Setting next_dagrun for example_xcom_args_with_operators to None, run_after=None
[2024-04-05T23:20:42.050+0000] {processor.py:183} INFO - Processing /home/airflow/.local/lib/python3.8/site-packages/airflow/example_dags/example_xcomargs.py took 0.092 seconds
[2024-04-05T23:21:12.442+0000] {processor.py:161} INFO - Started process (PID=2644) to work on /home/airflow/.local/lib/python3.8/site-packages/airflow/example_dags/example_xcomargs.py
[2024-04-05T23:21:12.444+0000] {processor.py:830} INFO - Processing file /home/airflow/.local/lib/python3.8/site-packages/airflow/example_dags/example_xcomargs.py for tasks to queue
[2024-04-05T23:21:12.451+0000] {logging_mixin.py:188} INFO - [2024-04-05T23:21:12.450+0000] {dagbag.py:540} INFO - Filling up the DagBag from /home/airflow/.local/lib/python3.8/site-packages/airflow/example_dags/example_xcomargs.py
[2024-04-05T23:21:12.465+0000] {processor.py:840} INFO - DAG(s) 'example_xcom_args_with_operators', 'example_xcom_args' retrieved from /home/airflow/.local/lib/python3.8/site-packages/airflow/example_dags/example_xcomargs.py
[2024-04-05T23:21:12.496+0000] {logging_mixin.py:188} INFO - [2024-04-05T23:21:12.496+0000] {dag.py:3047} INFO - Sync 2 DAGs
[2024-04-05T23:21:12.517+0000] {logging_mixin.py:188} INFO - [2024-04-05T23:21:12.516+0000] {dag.py:3834} INFO - Setting next_dagrun for example_xcom_args to None, run_after=None
[2024-04-05T23:21:12.522+0000] {logging_mixin.py:188} INFO - [2024-04-05T23:21:12.522+0000] {dag.py:3834} INFO - Setting next_dagrun for example_xcom_args_with_operators to None, run_after=None
[2024-04-05T23:21:12.546+0000] {processor.py:183} INFO - Processing /home/airflow/.local/lib/python3.8/site-packages/airflow/example_dags/example_xcomargs.py took 0.108 seconds
[2024-04-05T23:21:43.079+0000] {processor.py:161} INFO - Started process (PID=2699) to work on /home/airflow/.local/lib/python3.8/site-packages/airflow/example_dags/example_xcomargs.py
[2024-04-05T23:21:43.080+0000] {processor.py:830} INFO - Processing file /home/airflow/.local/lib/python3.8/site-packages/airflow/example_dags/example_xcomargs.py for tasks to queue
[2024-04-05T23:21:43.083+0000] {logging_mixin.py:188} INFO - [2024-04-05T23:21:43.082+0000] {dagbag.py:540} INFO - Filling up the DagBag from /home/airflow/.local/lib/python3.8/site-packages/airflow/example_dags/example_xcomargs.py
[2024-04-05T23:21:43.092+0000] {processor.py:840} INFO - DAG(s) 'example_xcom_args', 'example_xcom_args_with_operators' retrieved from /home/airflow/.local/lib/python3.8/site-packages/airflow/example_dags/example_xcomargs.py
[2024-04-05T23:21:43.116+0000] {logging_mixin.py:188} INFO - [2024-04-05T23:21:43.115+0000] {dag.py:3047} INFO - Sync 2 DAGs
[2024-04-05T23:21:43.130+0000] {logging_mixin.py:188} INFO - [2024-04-05T23:21:43.130+0000] {dag.py:3834} INFO - Setting next_dagrun for example_xcom_args to None, run_after=None
[2024-04-05T23:21:43.134+0000] {logging_mixin.py:188} INFO - [2024-04-05T23:21:43.134+0000] {dag.py:3834} INFO - Setting next_dagrun for example_xcom_args_with_operators to None, run_after=None
[2024-04-05T23:21:43.152+0000] {processor.py:183} INFO - Processing /home/airflow/.local/lib/python3.8/site-packages/airflow/example_dags/example_xcomargs.py took 0.076 seconds
[2024-04-05T23:22:14.006+0000] {processor.py:161} INFO - Started process (PID=2753) to work on /home/airflow/.local/lib/python3.8/site-packages/airflow/example_dags/example_xcomargs.py
[2024-04-05T23:22:14.008+0000] {processor.py:830} INFO - Processing file /home/airflow/.local/lib/python3.8/site-packages/airflow/example_dags/example_xcomargs.py for tasks to queue
[2024-04-05T23:22:14.011+0000] {logging_mixin.py:188} INFO - [2024-04-05T23:22:14.010+0000] {dagbag.py:540} INFO - Filling up the DagBag from /home/airflow/.local/lib/python3.8/site-packages/airflow/example_dags/example_xcomargs.py
[2024-04-05T23:22:14.028+0000] {processor.py:840} INFO - DAG(s) 'example_xcom_args', 'example_xcom_args_with_operators' retrieved from /home/airflow/.local/lib/python3.8/site-packages/airflow/example_dags/example_xcomargs.py
[2024-04-05T23:22:14.070+0000] {logging_mixin.py:188} INFO - [2024-04-05T23:22:14.069+0000] {dag.py:3047} INFO - Sync 2 DAGs
[2024-04-05T23:22:14.094+0000] {logging_mixin.py:188} INFO - [2024-04-05T23:22:14.093+0000] {dag.py:3834} INFO - Setting next_dagrun for example_xcom_args to None, run_after=None
[2024-04-05T23:22:14.102+0000] {logging_mixin.py:188} INFO - [2024-04-05T23:22:14.101+0000] {dag.py:3834} INFO - Setting next_dagrun for example_xcom_args_with_operators to None, run_after=None
[2024-04-05T23:22:14.132+0000] {processor.py:183} INFO - Processing /home/airflow/.local/lib/python3.8/site-packages/airflow/example_dags/example_xcomargs.py took 0.131 seconds
[2024-04-05T23:22:44.391+0000] {processor.py:161} INFO - Started process (PID=2808) to work on /home/airflow/.local/lib/python3.8/site-packages/airflow/example_dags/example_xcomargs.py
[2024-04-05T23:22:44.393+0000] {processor.py:830} INFO - Processing file /home/airflow/.local/lib/python3.8/site-packages/airflow/example_dags/example_xcomargs.py for tasks to queue
[2024-04-05T23:22:44.396+0000] {logging_mixin.py:188} INFO - [2024-04-05T23:22:44.395+0000] {dagbag.py:540} INFO - Filling up the DagBag from /home/airflow/.local/lib/python3.8/site-packages/airflow/example_dags/example_xcomargs.py
[2024-04-05T23:22:44.404+0000] {processor.py:840} INFO - DAG(s) 'example_xcom_args', 'example_xcom_args_with_operators' retrieved from /home/airflow/.local/lib/python3.8/site-packages/airflow/example_dags/example_xcomargs.py
[2024-04-05T23:22:44.429+0000] {logging_mixin.py:188} INFO - [2024-04-05T23:22:44.429+0000] {dag.py:3047} INFO - Sync 2 DAGs
[2024-04-05T23:22:44.442+0000] {logging_mixin.py:188} INFO - [2024-04-05T23:22:44.442+0000] {dag.py:3834} INFO - Setting next_dagrun for example_xcom_args to None, run_after=None
[2024-04-05T23:22:44.447+0000] {logging_mixin.py:188} INFO - [2024-04-05T23:22:44.447+0000] {dag.py:3834} INFO - Setting next_dagrun for example_xcom_args_with_operators to None, run_after=None
[2024-04-05T23:22:44.466+0000] {processor.py:183} INFO - Processing /home/airflow/.local/lib/python3.8/site-packages/airflow/example_dags/example_xcomargs.py took 0.080 seconds
[2024-04-05T23:23:14.807+0000] {processor.py:161} INFO - Started process (PID=2863) to work on /home/airflow/.local/lib/python3.8/site-packages/airflow/example_dags/example_xcomargs.py
[2024-04-05T23:23:14.808+0000] {processor.py:830} INFO - Processing file /home/airflow/.local/lib/python3.8/site-packages/airflow/example_dags/example_xcomargs.py for tasks to queue
[2024-04-05T23:23:14.811+0000] {logging_mixin.py:188} INFO - [2024-04-05T23:23:14.810+0000] {dagbag.py:540} INFO - Filling up the DagBag from /home/airflow/.local/lib/python3.8/site-packages/airflow/example_dags/example_xcomargs.py
[2024-04-05T23:23:14.819+0000] {processor.py:840} INFO - DAG(s) 'example_xcom_args', 'example_xcom_args_with_operators' retrieved from /home/airflow/.local/lib/python3.8/site-packages/airflow/example_dags/example_xcomargs.py
[2024-04-05T23:23:14.848+0000] {logging_mixin.py:188} INFO - [2024-04-05T23:23:14.848+0000] {dag.py:3047} INFO - Sync 2 DAGs
[2024-04-05T23:23:14.862+0000] {logging_mixin.py:188} INFO - [2024-04-05T23:23:14.862+0000] {dag.py:3834} INFO - Setting next_dagrun for example_xcom_args to None, run_after=None
[2024-04-05T23:23:14.867+0000] {logging_mixin.py:188} INFO - [2024-04-05T23:23:14.867+0000] {dag.py:3834} INFO - Setting next_dagrun for example_xcom_args_with_operators to None, run_after=None
[2024-04-05T23:23:14.926+0000] {processor.py:183} INFO - Processing /home/airflow/.local/lib/python3.8/site-packages/airflow/example_dags/example_xcomargs.py took 0.123 seconds
[2024-04-05T23:23:44.993+0000] {processor.py:161} INFO - Started process (PID=2918) to work on /home/airflow/.local/lib/python3.8/site-packages/airflow/example_dags/example_xcomargs.py
[2024-04-05T23:23:44.994+0000] {processor.py:830} INFO - Processing file /home/airflow/.local/lib/python3.8/site-packages/airflow/example_dags/example_xcomargs.py for tasks to queue
[2024-04-05T23:23:44.997+0000] {logging_mixin.py:188} INFO - [2024-04-05T23:23:44.996+0000] {dagbag.py:540} INFO - Filling up the DagBag from /home/airflow/.local/lib/python3.8/site-packages/airflow/example_dags/example_xcomargs.py
[2024-04-05T23:23:45.007+0000] {processor.py:840} INFO - DAG(s) 'example_xcom_args_with_operators', 'example_xcom_args' retrieved from /home/airflow/.local/lib/python3.8/site-packages/airflow/example_dags/example_xcomargs.py
[2024-04-05T23:23:45.036+0000] {logging_mixin.py:188} INFO - [2024-04-05T23:23:45.036+0000] {dag.py:3047} INFO - Sync 2 DAGs
[2024-04-05T23:23:45.052+0000] {logging_mixin.py:188} INFO - [2024-04-05T23:23:45.052+0000] {dag.py:3834} INFO - Setting next_dagrun for example_xcom_args to None, run_after=None
[2024-04-05T23:23:45.056+0000] {logging_mixin.py:188} INFO - [2024-04-05T23:23:45.056+0000] {dag.py:3834} INFO - Setting next_dagrun for example_xcom_args_with_operators to None, run_after=None
[2024-04-05T23:23:45.114+0000] {processor.py:183} INFO - Processing /home/airflow/.local/lib/python3.8/site-packages/airflow/example_dags/example_xcomargs.py took 0.126 seconds
[2024-04-05T23:24:15.327+0000] {processor.py:161} INFO - Started process (PID=2974) to work on /home/airflow/.local/lib/python3.8/site-packages/airflow/example_dags/example_xcomargs.py
[2024-04-05T23:24:15.328+0000] {processor.py:830} INFO - Processing file /home/airflow/.local/lib/python3.8/site-packages/airflow/example_dags/example_xcomargs.py for tasks to queue
[2024-04-05T23:24:15.330+0000] {logging_mixin.py:188} INFO - [2024-04-05T23:24:15.329+0000] {dagbag.py:540} INFO - Filling up the DagBag from /home/airflow/.local/lib/python3.8/site-packages/airflow/example_dags/example_xcomargs.py
[2024-04-05T23:24:15.338+0000] {processor.py:840} INFO - DAG(s) 'example_xcom_args', 'example_xcom_args_with_operators' retrieved from /home/airflow/.local/lib/python3.8/site-packages/airflow/example_dags/example_xcomargs.py
[2024-04-05T23:24:15.365+0000] {logging_mixin.py:188} INFO - [2024-04-05T23:24:15.364+0000] {dag.py:3047} INFO - Sync 2 DAGs
[2024-04-05T23:24:15.377+0000] {logging_mixin.py:188} INFO - [2024-04-05T23:24:15.377+0000] {dag.py:3834} INFO - Setting next_dagrun for example_xcom_args to None, run_after=None
[2024-04-05T23:24:15.381+0000] {logging_mixin.py:188} INFO - [2024-04-05T23:24:15.381+0000] {dag.py:3834} INFO - Setting next_dagrun for example_xcom_args_with_operators to None, run_after=None
[2024-04-05T23:24:15.445+0000] {processor.py:183} INFO - Processing /home/airflow/.local/lib/python3.8/site-packages/airflow/example_dags/example_xcomargs.py took 0.122 seconds
[2024-04-05T23:24:45.966+0000] {processor.py:161} INFO - Started process (PID=3030) to work on /home/airflow/.local/lib/python3.8/site-packages/airflow/example_dags/example_xcomargs.py
[2024-04-05T23:24:45.968+0000] {processor.py:830} INFO - Processing file /home/airflow/.local/lib/python3.8/site-packages/airflow/example_dags/example_xcomargs.py for tasks to queue
[2024-04-05T23:24:45.971+0000] {logging_mixin.py:188} INFO - [2024-04-05T23:24:45.971+0000] {dagbag.py:540} INFO - Filling up the DagBag from /home/airflow/.local/lib/python3.8/site-packages/airflow/example_dags/example_xcomargs.py
[2024-04-05T23:24:45.980+0000] {processor.py:840} INFO - DAG(s) 'example_xcom_args', 'example_xcom_args_with_operators' retrieved from /home/airflow/.local/lib/python3.8/site-packages/airflow/example_dags/example_xcomargs.py
[2024-04-05T23:24:46.012+0000] {logging_mixin.py:188} INFO - [2024-04-05T23:24:46.012+0000] {dag.py:3047} INFO - Sync 2 DAGs
[2024-04-05T23:24:46.027+0000] {logging_mixin.py:188} INFO - [2024-04-05T23:24:46.027+0000] {dag.py:3834} INFO - Setting next_dagrun for example_xcom_args to None, run_after=None
[2024-04-05T23:24:46.030+0000] {logging_mixin.py:188} INFO - [2024-04-05T23:24:46.030+0000] {dag.py:3834} INFO - Setting next_dagrun for example_xcom_args_with_operators to None, run_after=None
[2024-04-05T23:24:46.087+0000] {processor.py:183} INFO - Processing /home/airflow/.local/lib/python3.8/site-packages/airflow/example_dags/example_xcomargs.py took 0.124 seconds
[2024-04-05T23:25:16.178+0000] {processor.py:161} INFO - Started process (PID=3085) to work on /home/airflow/.local/lib/python3.8/site-packages/airflow/example_dags/example_xcomargs.py
[2024-04-05T23:25:16.179+0000] {processor.py:830} INFO - Processing file /home/airflow/.local/lib/python3.8/site-packages/airflow/example_dags/example_xcomargs.py for tasks to queue
[2024-04-05T23:25:16.181+0000] {logging_mixin.py:188} INFO - [2024-04-05T23:25:16.181+0000] {dagbag.py:540} INFO - Filling up the DagBag from /home/airflow/.local/lib/python3.8/site-packages/airflow/example_dags/example_xcomargs.py
[2024-04-05T23:25:16.191+0000] {processor.py:840} INFO - DAG(s) 'example_xcom_args_with_operators', 'example_xcom_args' retrieved from /home/airflow/.local/lib/python3.8/site-packages/airflow/example_dags/example_xcomargs.py
[2024-04-05T23:25:16.217+0000] {logging_mixin.py:188} INFO - [2024-04-05T23:25:16.217+0000] {dag.py:3047} INFO - Sync 2 DAGs
[2024-04-05T23:25:16.230+0000] {logging_mixin.py:188} INFO - [2024-04-05T23:25:16.230+0000] {dag.py:3834} INFO - Setting next_dagrun for example_xcom_args to None, run_after=None
[2024-04-05T23:25:16.234+0000] {logging_mixin.py:188} INFO - [2024-04-05T23:25:16.234+0000] {dag.py:3834} INFO - Setting next_dagrun for example_xcom_args_with_operators to None, run_after=None
[2024-04-05T23:25:16.253+0000] {processor.py:183} INFO - Processing /home/airflow/.local/lib/python3.8/site-packages/airflow/example_dags/example_xcomargs.py took 0.081 seconds
[2024-04-05T23:25:46.584+0000] {processor.py:161} INFO - Started process (PID=3140) to work on /home/airflow/.local/lib/python3.8/site-packages/airflow/example_dags/example_xcomargs.py
[2024-04-05T23:25:46.585+0000] {processor.py:830} INFO - Processing file /home/airflow/.local/lib/python3.8/site-packages/airflow/example_dags/example_xcomargs.py for tasks to queue
[2024-04-05T23:25:46.588+0000] {logging_mixin.py:188} INFO - [2024-04-05T23:25:46.588+0000] {dagbag.py:540} INFO - Filling up the DagBag from /home/airflow/.local/lib/python3.8/site-packages/airflow/example_dags/example_xcomargs.py
[2024-04-05T23:25:46.596+0000] {processor.py:840} INFO - DAG(s) 'example_xcom_args_with_operators', 'example_xcom_args' retrieved from /home/airflow/.local/lib/python3.8/site-packages/airflow/example_dags/example_xcomargs.py
[2024-04-05T23:25:46.623+0000] {logging_mixin.py:188} INFO - [2024-04-05T23:25:46.623+0000] {dag.py:3047} INFO - Sync 2 DAGs
[2024-04-05T23:25:46.635+0000] {logging_mixin.py:188} INFO - [2024-04-05T23:25:46.635+0000] {dag.py:3834} INFO - Setting next_dagrun for example_xcom_args to None, run_after=None
[2024-04-05T23:25:46.640+0000] {logging_mixin.py:188} INFO - [2024-04-05T23:25:46.640+0000] {dag.py:3834} INFO - Setting next_dagrun for example_xcom_args_with_operators to None, run_after=None
[2024-04-05T23:25:46.655+0000] {processor.py:183} INFO - Processing /home/airflow/.local/lib/python3.8/site-packages/airflow/example_dags/example_xcomargs.py took 0.075 seconds
[2024-04-05T23:26:17.067+0000] {processor.py:161} INFO - Started process (PID=3195) to work on /home/airflow/.local/lib/python3.8/site-packages/airflow/example_dags/example_xcomargs.py
[2024-04-05T23:26:17.068+0000] {processor.py:830} INFO - Processing file /home/airflow/.local/lib/python3.8/site-packages/airflow/example_dags/example_xcomargs.py for tasks to queue
[2024-04-05T23:26:17.071+0000] {logging_mixin.py:188} INFO - [2024-04-05T23:26:17.070+0000] {dagbag.py:540} INFO - Filling up the DagBag from /home/airflow/.local/lib/python3.8/site-packages/airflow/example_dags/example_xcomargs.py
[2024-04-05T23:26:17.080+0000] {processor.py:840} INFO - DAG(s) 'example_xcom_args_with_operators', 'example_xcom_args' retrieved from /home/airflow/.local/lib/python3.8/site-packages/airflow/example_dags/example_xcomargs.py
[2024-04-05T23:26:17.104+0000] {logging_mixin.py:188} INFO - [2024-04-05T23:26:17.104+0000] {dag.py:3047} INFO - Sync 2 DAGs
[2024-04-05T23:26:17.116+0000] {logging_mixin.py:188} INFO - [2024-04-05T23:26:17.116+0000] {dag.py:3834} INFO - Setting next_dagrun for example_xcom_args to None, run_after=None
[2024-04-05T23:26:17.121+0000] {logging_mixin.py:188} INFO - [2024-04-05T23:26:17.120+0000] {dag.py:3834} INFO - Setting next_dagrun for example_xcom_args_with_operators to None, run_after=None
[2024-04-05T23:26:17.180+0000] {processor.py:183} INFO - Processing /home/airflow/.local/lib/python3.8/site-packages/airflow/example_dags/example_xcomargs.py took 0.116 seconds
[2024-04-05T23:26:47.267+0000] {processor.py:161} INFO - Started process (PID=3250) to work on /home/airflow/.local/lib/python3.8/site-packages/airflow/example_dags/example_xcomargs.py
[2024-04-05T23:26:47.268+0000] {processor.py:830} INFO - Processing file /home/airflow/.local/lib/python3.8/site-packages/airflow/example_dags/example_xcomargs.py for tasks to queue
[2024-04-05T23:26:47.271+0000] {logging_mixin.py:188} INFO - [2024-04-05T23:26:47.271+0000] {dagbag.py:540} INFO - Filling up the DagBag from /home/airflow/.local/lib/python3.8/site-packages/airflow/example_dags/example_xcomargs.py
[2024-04-05T23:26:47.282+0000] {processor.py:840} INFO - DAG(s) 'example_xcom_args_with_operators', 'example_xcom_args' retrieved from /home/airflow/.local/lib/python3.8/site-packages/airflow/example_dags/example_xcomargs.py
[2024-04-05T23:26:47.309+0000] {logging_mixin.py:188} INFO - [2024-04-05T23:26:47.309+0000] {dag.py:3047} INFO - Sync 2 DAGs
[2024-04-05T23:26:47.325+0000] {logging_mixin.py:188} INFO - [2024-04-05T23:26:47.324+0000] {dag.py:3834} INFO - Setting next_dagrun for example_xcom_args to None, run_after=None
[2024-04-05T23:26:47.329+0000] {logging_mixin.py:188} INFO - [2024-04-05T23:26:47.329+0000] {dag.py:3834} INFO - Setting next_dagrun for example_xcom_args_with_operators to None, run_after=None
[2024-04-05T23:26:47.348+0000] {processor.py:183} INFO - Processing /home/airflow/.local/lib/python3.8/site-packages/airflow/example_dags/example_xcomargs.py took 0.084 seconds
[2024-04-05T23:27:18.128+0000] {processor.py:161} INFO - Started process (PID=3305) to work on /home/airflow/.local/lib/python3.8/site-packages/airflow/example_dags/example_xcomargs.py
[2024-04-05T23:27:18.129+0000] {processor.py:830} INFO - Processing file /home/airflow/.local/lib/python3.8/site-packages/airflow/example_dags/example_xcomargs.py for tasks to queue
[2024-04-05T23:27:18.132+0000] {logging_mixin.py:188} INFO - [2024-04-05T23:27:18.132+0000] {dagbag.py:540} INFO - Filling up the DagBag from /home/airflow/.local/lib/python3.8/site-packages/airflow/example_dags/example_xcomargs.py
[2024-04-05T23:27:18.142+0000] {processor.py:840} INFO - DAG(s) 'example_xcom_args', 'example_xcom_args_with_operators' retrieved from /home/airflow/.local/lib/python3.8/site-packages/airflow/example_dags/example_xcomargs.py
[2024-04-05T23:27:18.169+0000] {logging_mixin.py:188} INFO - [2024-04-05T23:27:18.169+0000] {dag.py:3047} INFO - Sync 2 DAGs
[2024-04-05T23:27:18.184+0000] {logging_mixin.py:188} INFO - [2024-04-05T23:27:18.184+0000] {dag.py:3834} INFO - Setting next_dagrun for example_xcom_args to None, run_after=None
[2024-04-05T23:27:18.188+0000] {logging_mixin.py:188} INFO - [2024-04-05T23:27:18.188+0000] {dag.py:3834} INFO - Setting next_dagrun for example_xcom_args_with_operators to None, run_after=None
[2024-04-05T23:27:18.207+0000] {processor.py:183} INFO - Processing /home/airflow/.local/lib/python3.8/site-packages/airflow/example_dags/example_xcomargs.py took 0.084 seconds
[2024-04-05T23:27:48.931+0000] {processor.py:161} INFO - Started process (PID=3360) to work on /home/airflow/.local/lib/python3.8/site-packages/airflow/example_dags/example_xcomargs.py
[2024-04-05T23:27:48.932+0000] {processor.py:830} INFO - Processing file /home/airflow/.local/lib/python3.8/site-packages/airflow/example_dags/example_xcomargs.py for tasks to queue
[2024-04-05T23:27:48.935+0000] {logging_mixin.py:188} INFO - [2024-04-05T23:27:48.935+0000] {dagbag.py:540} INFO - Filling up the DagBag from /home/airflow/.local/lib/python3.8/site-packages/airflow/example_dags/example_xcomargs.py
[2024-04-05T23:27:48.944+0000] {processor.py:840} INFO - DAG(s) 'example_xcom_args_with_operators', 'example_xcom_args' retrieved from /home/airflow/.local/lib/python3.8/site-packages/airflow/example_dags/example_xcomargs.py
[2024-04-05T23:27:48.968+0000] {logging_mixin.py:188} INFO - [2024-04-05T23:27:48.968+0000] {dag.py:3047} INFO - Sync 2 DAGs
[2024-04-05T23:27:48.982+0000] {logging_mixin.py:188} INFO - [2024-04-05T23:27:48.982+0000] {dag.py:3834} INFO - Setting next_dagrun for example_xcom_args to None, run_after=None
[2024-04-05T23:27:48.985+0000] {logging_mixin.py:188} INFO - [2024-04-05T23:27:48.985+0000] {dag.py:3834} INFO - Setting next_dagrun for example_xcom_args_with_operators to None, run_after=None
[2024-04-05T23:27:49.048+0000] {processor.py:183} INFO - Processing /home/airflow/.local/lib/python3.8/site-packages/airflow/example_dags/example_xcomargs.py took 0.120 seconds
[2024-04-05T23:28:19.376+0000] {processor.py:161} INFO - Started process (PID=3415) to work on /home/airflow/.local/lib/python3.8/site-packages/airflow/example_dags/example_xcomargs.py
[2024-04-05T23:28:19.377+0000] {processor.py:830} INFO - Processing file /home/airflow/.local/lib/python3.8/site-packages/airflow/example_dags/example_xcomargs.py for tasks to queue
[2024-04-05T23:28:19.379+0000] {logging_mixin.py:188} INFO - [2024-04-05T23:28:19.379+0000] {dagbag.py:540} INFO - Filling up the DagBag from /home/airflow/.local/lib/python3.8/site-packages/airflow/example_dags/example_xcomargs.py
[2024-04-05T23:28:19.387+0000] {processor.py:840} INFO - DAG(s) 'example_xcom_args', 'example_xcom_args_with_operators' retrieved from /home/airflow/.local/lib/python3.8/site-packages/airflow/example_dags/example_xcomargs.py
[2024-04-05T23:28:19.415+0000] {logging_mixin.py:188} INFO - [2024-04-05T23:28:19.414+0000] {dag.py:3047} INFO - Sync 2 DAGs
[2024-04-05T23:28:19.429+0000] {logging_mixin.py:188} INFO - [2024-04-05T23:28:19.429+0000] {dag.py:3834} INFO - Setting next_dagrun for example_xcom_args to None, run_after=None
[2024-04-05T23:28:19.433+0000] {logging_mixin.py:188} INFO - [2024-04-05T23:28:19.433+0000] {dag.py:3834} INFO - Setting next_dagrun for example_xcom_args_with_operators to None, run_after=None
[2024-04-05T23:28:19.496+0000] {processor.py:183} INFO - Processing /home/airflow/.local/lib/python3.8/site-packages/airflow/example_dags/example_xcomargs.py took 0.124 seconds
