[2024-04-05T22:57:16.662+0000] {processor.py:161} INFO - Started process (PID=73) to work on /home/airflow/.local/lib/python3.8/site-packages/airflow/example_dags/example_complex.py
[2024-04-05T22:57:16.664+0000] {processor.py:830} INFO - Processing file /home/airflow/.local/lib/python3.8/site-packages/airflow/example_dags/example_complex.py for tasks to queue
[2024-04-05T22:57:16.667+0000] {logging_mixin.py:188} INFO - [2024-04-05T22:57:16.667+0000] {dagbag.py:540} INFO - Filling up the DagBag from /home/airflow/.local/lib/python3.8/site-packages/airflow/example_dags/example_complex.py
[2024-04-05T22:57:16.692+0000] {processor.py:840} INFO - DAG(s) 'example_complex' retrieved from /home/airflow/.local/lib/python3.8/site-packages/airflow/example_dags/example_complex.py
[2024-04-05T22:57:16.749+0000] {logging_mixin.py:188} INFO - [2024-04-05T22:57:16.749+0000] {dag.py:3047} INFO - Sync 1 DAGs
[2024-04-05T22:57:16.772+0000] {logging_mixin.py:188} INFO - [2024-04-05T22:57:16.772+0000] {dag.py:3834} INFO - Setting next_dagrun for example_complex to None, run_after=None
[2024-04-05T22:57:16.848+0000] {processor.py:183} INFO - Processing /home/airflow/.local/lib/python3.8/site-packages/airflow/example_dags/example_complex.py took 0.193 seconds
[2024-04-05T22:57:47.441+0000] {processor.py:161} INFO - Started process (PID=128) to work on /home/airflow/.local/lib/python3.8/site-packages/airflow/example_dags/example_complex.py
[2024-04-05T22:57:47.442+0000] {processor.py:830} INFO - Processing file /home/airflow/.local/lib/python3.8/site-packages/airflow/example_dags/example_complex.py for tasks to queue
[2024-04-05T22:57:47.445+0000] {logging_mixin.py:188} INFO - [2024-04-05T22:57:47.444+0000] {dagbag.py:540} INFO - Filling up the DagBag from /home/airflow/.local/lib/python3.8/site-packages/airflow/example_dags/example_complex.py
[2024-04-05T22:57:47.458+0000] {processor.py:840} INFO - DAG(s) 'example_complex' retrieved from /home/airflow/.local/lib/python3.8/site-packages/airflow/example_dags/example_complex.py
[2024-04-05T22:57:47.494+0000] {logging_mixin.py:188} INFO - [2024-04-05T22:57:47.494+0000] {dag.py:3047} INFO - Sync 1 DAGs
[2024-04-05T22:57:47.508+0000] {logging_mixin.py:188} INFO - [2024-04-05T22:57:47.508+0000] {dag.py:3834} INFO - Setting next_dagrun for example_complex to None, run_after=None
[2024-04-05T22:57:47.530+0000] {processor.py:183} INFO - Processing /home/airflow/.local/lib/python3.8/site-packages/airflow/example_dags/example_complex.py took 0.094 seconds
[2024-04-05T22:58:18.039+0000] {processor.py:161} INFO - Started process (PID=183) to work on /home/airflow/.local/lib/python3.8/site-packages/airflow/example_dags/example_complex.py
[2024-04-05T22:58:18.040+0000] {processor.py:830} INFO - Processing file /home/airflow/.local/lib/python3.8/site-packages/airflow/example_dags/example_complex.py for tasks to queue
[2024-04-05T22:58:18.043+0000] {logging_mixin.py:188} INFO - [2024-04-05T22:58:18.042+0000] {dagbag.py:540} INFO - Filling up the DagBag from /home/airflow/.local/lib/python3.8/site-packages/airflow/example_dags/example_complex.py
[2024-04-05T22:58:18.063+0000] {processor.py:840} INFO - DAG(s) 'example_complex' retrieved from /home/airflow/.local/lib/python3.8/site-packages/airflow/example_dags/example_complex.py
[2024-04-05T22:58:18.113+0000] {logging_mixin.py:188} INFO - [2024-04-05T22:58:18.112+0000] {dag.py:3047} INFO - Sync 1 DAGs
[2024-04-05T22:58:18.129+0000] {logging_mixin.py:188} INFO - [2024-04-05T22:58:18.128+0000] {dag.py:3834} INFO - Setting next_dagrun for example_complex to None, run_after=None
[2024-04-05T22:58:18.160+0000] {processor.py:183} INFO - Processing /home/airflow/.local/lib/python3.8/site-packages/airflow/example_dags/example_complex.py took 0.128 seconds
[2024-04-05T22:58:49.677+0000] {processor.py:161} INFO - Started process (PID=238) to work on /home/airflow/.local/lib/python3.8/site-packages/airflow/example_dags/example_complex.py
[2024-04-05T22:58:49.678+0000] {processor.py:830} INFO - Processing file /home/airflow/.local/lib/python3.8/site-packages/airflow/example_dags/example_complex.py for tasks to queue
[2024-04-05T22:58:49.681+0000] {logging_mixin.py:188} INFO - [2024-04-05T22:58:49.680+0000] {dagbag.py:540} INFO - Filling up the DagBag from /home/airflow/.local/lib/python3.8/site-packages/airflow/example_dags/example_complex.py
[2024-04-05T22:58:49.696+0000] {processor.py:840} INFO - DAG(s) 'example_complex' retrieved from /home/airflow/.local/lib/python3.8/site-packages/airflow/example_dags/example_complex.py
[2024-04-05T22:58:49.739+0000] {logging_mixin.py:188} INFO - [2024-04-05T22:58:49.738+0000] {dag.py:3047} INFO - Sync 1 DAGs
[2024-04-05T22:58:49.760+0000] {logging_mixin.py:188} INFO - [2024-04-05T22:58:49.759+0000] {dag.py:3834} INFO - Setting next_dagrun for example_complex to None, run_after=None
[2024-04-05T22:58:49.791+0000] {processor.py:183} INFO - Processing /home/airflow/.local/lib/python3.8/site-packages/airflow/example_dags/example_complex.py took 0.120 seconds
[2024-04-05T22:59:21.390+0000] {processor.py:161} INFO - Started process (PID=293) to work on /home/airflow/.local/lib/python3.8/site-packages/airflow/example_dags/example_complex.py
[2024-04-05T22:59:21.392+0000] {processor.py:830} INFO - Processing file /home/airflow/.local/lib/python3.8/site-packages/airflow/example_dags/example_complex.py for tasks to queue
[2024-04-05T22:59:21.397+0000] {logging_mixin.py:188} INFO - [2024-04-05T22:59:21.396+0000] {dagbag.py:540} INFO - Filling up the DagBag from /home/airflow/.local/lib/python3.8/site-packages/airflow/example_dags/example_complex.py
[2024-04-05T22:59:21.419+0000] {processor.py:840} INFO - DAG(s) 'example_complex' retrieved from /home/airflow/.local/lib/python3.8/site-packages/airflow/example_dags/example_complex.py
[2024-04-05T22:59:21.476+0000] {logging_mixin.py:188} INFO - [2024-04-05T22:59:21.475+0000] {dag.py:3047} INFO - Sync 1 DAGs
[2024-04-05T22:59:21.703+0000] {logging_mixin.py:188} INFO - [2024-04-05T22:59:21.702+0000] {dag.py:3834} INFO - Setting next_dagrun for example_complex to None, run_after=None
[2024-04-05T22:59:21.738+0000] {processor.py:183} INFO - Processing /home/airflow/.local/lib/python3.8/site-packages/airflow/example_dags/example_complex.py took 0.354 seconds
[2024-04-05T22:59:51.806+0000] {processor.py:161} INFO - Started process (PID=354) to work on /home/airflow/.local/lib/python3.8/site-packages/airflow/example_dags/example_complex.py
[2024-04-05T22:59:51.808+0000] {processor.py:830} INFO - Processing file /home/airflow/.local/lib/python3.8/site-packages/airflow/example_dags/example_complex.py for tasks to queue
[2024-04-05T22:59:51.812+0000] {logging_mixin.py:188} INFO - [2024-04-05T22:59:51.811+0000] {dagbag.py:540} INFO - Filling up the DagBag from /home/airflow/.local/lib/python3.8/site-packages/airflow/example_dags/example_complex.py
[2024-04-05T22:59:51.838+0000] {processor.py:840} INFO - DAG(s) 'example_complex' retrieved from /home/airflow/.local/lib/python3.8/site-packages/airflow/example_dags/example_complex.py
[2024-04-05T22:59:51.886+0000] {logging_mixin.py:188} INFO - [2024-04-05T22:59:51.886+0000] {dag.py:3047} INFO - Sync 1 DAGs
[2024-04-05T22:59:51.909+0000] {logging_mixin.py:188} INFO - [2024-04-05T22:59:51.908+0000] {dag.py:3834} INFO - Setting next_dagrun for example_complex to None, run_after=None
[2024-04-05T22:59:52.148+0000] {processor.py:183} INFO - Processing /home/airflow/.local/lib/python3.8/site-packages/airflow/example_dags/example_complex.py took 0.349 seconds
[2024-04-05T23:00:22.892+0000] {processor.py:161} INFO - Started process (PID=409) to work on /home/airflow/.local/lib/python3.8/site-packages/airflow/example_dags/example_complex.py
[2024-04-05T23:00:22.895+0000] {processor.py:830} INFO - Processing file /home/airflow/.local/lib/python3.8/site-packages/airflow/example_dags/example_complex.py for tasks to queue
[2024-04-05T23:00:22.898+0000] {logging_mixin.py:188} INFO - [2024-04-05T23:00:22.898+0000] {dagbag.py:540} INFO - Filling up the DagBag from /home/airflow/.local/lib/python3.8/site-packages/airflow/example_dags/example_complex.py
[2024-04-05T23:00:22.920+0000] {processor.py:840} INFO - DAG(s) 'example_complex' retrieved from /home/airflow/.local/lib/python3.8/site-packages/airflow/example_dags/example_complex.py
[2024-04-05T23:00:22.968+0000] {logging_mixin.py:188} INFO - [2024-04-05T23:00:22.967+0000] {dag.py:3047} INFO - Sync 1 DAGs
[2024-04-05T23:00:22.985+0000] {logging_mixin.py:188} INFO - [2024-04-05T23:00:22.984+0000] {dag.py:3834} INFO - Setting next_dagrun for example_complex to None, run_after=None
[2024-04-05T23:00:23.019+0000] {processor.py:183} INFO - Processing /home/airflow/.local/lib/python3.8/site-packages/airflow/example_dags/example_complex.py took 0.132 seconds
[2024-04-05T23:00:53.375+0000] {processor.py:161} INFO - Started process (PID=464) to work on /home/airflow/.local/lib/python3.8/site-packages/airflow/example_dags/example_complex.py
[2024-04-05T23:00:53.376+0000] {processor.py:830} INFO - Processing file /home/airflow/.local/lib/python3.8/site-packages/airflow/example_dags/example_complex.py for tasks to queue
[2024-04-05T23:00:53.379+0000] {logging_mixin.py:188} INFO - [2024-04-05T23:00:53.379+0000] {dagbag.py:540} INFO - Filling up the DagBag from /home/airflow/.local/lib/python3.8/site-packages/airflow/example_dags/example_complex.py
[2024-04-05T23:00:53.392+0000] {processor.py:840} INFO - DAG(s) 'example_complex' retrieved from /home/airflow/.local/lib/python3.8/site-packages/airflow/example_dags/example_complex.py
[2024-04-05T23:00:53.434+0000] {logging_mixin.py:188} INFO - [2024-04-05T23:00:53.433+0000] {dag.py:3047} INFO - Sync 1 DAGs
[2024-04-05T23:00:53.454+0000] {logging_mixin.py:188} INFO - [2024-04-05T23:00:53.453+0000] {dag.py:3834} INFO - Setting next_dagrun for example_complex to None, run_after=None
[2024-04-05T23:00:53.479+0000] {processor.py:183} INFO - Processing /home/airflow/.local/lib/python3.8/site-packages/airflow/example_dags/example_complex.py took 0.109 seconds
[2024-04-05T23:01:24.252+0000] {processor.py:161} INFO - Started process (PID=519) to work on /home/airflow/.local/lib/python3.8/site-packages/airflow/example_dags/example_complex.py
[2024-04-05T23:01:24.254+0000] {processor.py:830} INFO - Processing file /home/airflow/.local/lib/python3.8/site-packages/airflow/example_dags/example_complex.py for tasks to queue
[2024-04-05T23:01:24.258+0000] {logging_mixin.py:188} INFO - [2024-04-05T23:01:24.257+0000] {dagbag.py:540} INFO - Filling up the DagBag from /home/airflow/.local/lib/python3.8/site-packages/airflow/example_dags/example_complex.py
[2024-04-05T23:01:24.271+0000] {processor.py:840} INFO - DAG(s) 'example_complex' retrieved from /home/airflow/.local/lib/python3.8/site-packages/airflow/example_dags/example_complex.py
[2024-04-05T23:01:24.454+0000] {logging_mixin.py:188} INFO - [2024-04-05T23:01:24.453+0000] {dag.py:3047} INFO - Sync 1 DAGs
[2024-04-05T23:01:24.465+0000] {logging_mixin.py:188} INFO - [2024-04-05T23:01:24.464+0000] {dag.py:3834} INFO - Setting next_dagrun for example_complex to None, run_after=None
[2024-04-05T23:01:24.483+0000] {processor.py:183} INFO - Processing /home/airflow/.local/lib/python3.8/site-packages/airflow/example_dags/example_complex.py took 0.234 seconds
[2024-04-05T23:01:54.576+0000] {processor.py:161} INFO - Started process (PID=574) to work on /home/airflow/.local/lib/python3.8/site-packages/airflow/example_dags/example_complex.py
[2024-04-05T23:01:54.578+0000] {processor.py:830} INFO - Processing file /home/airflow/.local/lib/python3.8/site-packages/airflow/example_dags/example_complex.py for tasks to queue
[2024-04-05T23:01:54.581+0000] {logging_mixin.py:188} INFO - [2024-04-05T23:01:54.581+0000] {dagbag.py:540} INFO - Filling up the DagBag from /home/airflow/.local/lib/python3.8/site-packages/airflow/example_dags/example_complex.py
[2024-04-05T23:01:54.603+0000] {processor.py:840} INFO - DAG(s) 'example_complex' retrieved from /home/airflow/.local/lib/python3.8/site-packages/airflow/example_dags/example_complex.py
[2024-04-05T23:01:54.668+0000] {logging_mixin.py:188} INFO - [2024-04-05T23:01:54.667+0000] {dag.py:3047} INFO - Sync 1 DAGs
[2024-04-05T23:01:54.689+0000] {logging_mixin.py:188} INFO - [2024-04-05T23:01:54.689+0000] {dag.py:3834} INFO - Setting next_dagrun for example_complex to None, run_after=None
[2024-04-05T23:01:54.725+0000] {processor.py:183} INFO - Processing /home/airflow/.local/lib/python3.8/site-packages/airflow/example_dags/example_complex.py took 0.153 seconds
[2024-04-05T23:02:25.074+0000] {processor.py:161} INFO - Started process (PID=629) to work on /home/airflow/.local/lib/python3.8/site-packages/airflow/example_dags/example_complex.py
[2024-04-05T23:02:25.076+0000] {processor.py:830} INFO - Processing file /home/airflow/.local/lib/python3.8/site-packages/airflow/example_dags/example_complex.py for tasks to queue
[2024-04-05T23:02:25.080+0000] {logging_mixin.py:188} INFO - [2024-04-05T23:02:25.079+0000] {dagbag.py:540} INFO - Filling up the DagBag from /home/airflow/.local/lib/python3.8/site-packages/airflow/example_dags/example_complex.py
[2024-04-05T23:02:25.093+0000] {processor.py:840} INFO - DAG(s) 'example_complex' retrieved from /home/airflow/.local/lib/python3.8/site-packages/airflow/example_dags/example_complex.py
[2024-04-05T23:02:25.139+0000] {logging_mixin.py:188} INFO - [2024-04-05T23:02:25.139+0000] {dag.py:3047} INFO - Sync 1 DAGs
[2024-04-05T23:02:25.160+0000] {logging_mixin.py:188} INFO - [2024-04-05T23:02:25.160+0000] {dag.py:3834} INFO - Setting next_dagrun for example_complex to None, run_after=None
[2024-04-05T23:02:25.194+0000] {processor.py:183} INFO - Processing /home/airflow/.local/lib/python3.8/site-packages/airflow/example_dags/example_complex.py took 0.127 seconds
[2024-04-05T23:02:55.710+0000] {processor.py:161} INFO - Started process (PID=684) to work on /home/airflow/.local/lib/python3.8/site-packages/airflow/example_dags/example_complex.py
[2024-04-05T23:02:55.712+0000] {processor.py:830} INFO - Processing file /home/airflow/.local/lib/python3.8/site-packages/airflow/example_dags/example_complex.py for tasks to queue
[2024-04-05T23:02:55.715+0000] {logging_mixin.py:188} INFO - [2024-04-05T23:02:55.714+0000] {dagbag.py:540} INFO - Filling up the DagBag from /home/airflow/.local/lib/python3.8/site-packages/airflow/example_dags/example_complex.py
[2024-04-05T23:02:55.732+0000] {processor.py:840} INFO - DAG(s) 'example_complex' retrieved from /home/airflow/.local/lib/python3.8/site-packages/airflow/example_dags/example_complex.py
[2024-04-05T23:02:55.766+0000] {logging_mixin.py:188} INFO - [2024-04-05T23:02:55.766+0000] {dag.py:3047} INFO - Sync 1 DAGs
[2024-04-05T23:02:55.780+0000] {logging_mixin.py:188} INFO - [2024-04-05T23:02:55.779+0000] {dag.py:3834} INFO - Setting next_dagrun for example_complex to None, run_after=None
[2024-04-05T23:02:55.804+0000] {processor.py:183} INFO - Processing /home/airflow/.local/lib/python3.8/site-packages/airflow/example_dags/example_complex.py took 0.097 seconds
[2024-04-05T23:03:26.005+0000] {processor.py:161} INFO - Started process (PID=740) to work on /home/airflow/.local/lib/python3.8/site-packages/airflow/example_dags/example_complex.py
[2024-04-05T23:03:26.007+0000] {processor.py:830} INFO - Processing file /home/airflow/.local/lib/python3.8/site-packages/airflow/example_dags/example_complex.py for tasks to queue
[2024-04-05T23:03:26.010+0000] {logging_mixin.py:188} INFO - [2024-04-05T23:03:26.009+0000] {dagbag.py:540} INFO - Filling up the DagBag from /home/airflow/.local/lib/python3.8/site-packages/airflow/example_dags/example_complex.py
[2024-04-05T23:03:26.022+0000] {processor.py:840} INFO - DAG(s) 'example_complex' retrieved from /home/airflow/.local/lib/python3.8/site-packages/airflow/example_dags/example_complex.py
[2024-04-05T23:03:26.051+0000] {logging_mixin.py:188} INFO - [2024-04-05T23:03:26.051+0000] {dag.py:3047} INFO - Sync 1 DAGs
[2024-04-05T23:03:26.063+0000] {logging_mixin.py:188} INFO - [2024-04-05T23:03:26.063+0000] {dag.py:3834} INFO - Setting next_dagrun for example_complex to None, run_after=None
[2024-04-05T23:03:26.082+0000] {processor.py:183} INFO - Processing /home/airflow/.local/lib/python3.8/site-packages/airflow/example_dags/example_complex.py took 0.081 seconds
[2024-04-05T23:03:56.469+0000] {processor.py:161} INFO - Started process (PID=795) to work on /home/airflow/.local/lib/python3.8/site-packages/airflow/example_dags/example_complex.py
[2024-04-05T23:03:56.472+0000] {processor.py:830} INFO - Processing file /home/airflow/.local/lib/python3.8/site-packages/airflow/example_dags/example_complex.py for tasks to queue
[2024-04-05T23:03:56.476+0000] {logging_mixin.py:188} INFO - [2024-04-05T23:03:56.475+0000] {dagbag.py:540} INFO - Filling up the DagBag from /home/airflow/.local/lib/python3.8/site-packages/airflow/example_dags/example_complex.py
[2024-04-05T23:03:56.488+0000] {processor.py:840} INFO - DAG(s) 'example_complex' retrieved from /home/airflow/.local/lib/python3.8/site-packages/airflow/example_dags/example_complex.py
[2024-04-05T23:03:56.531+0000] {logging_mixin.py:188} INFO - [2024-04-05T23:03:56.530+0000] {dag.py:3047} INFO - Sync 1 DAGs
[2024-04-05T23:03:56.547+0000] {logging_mixin.py:188} INFO - [2024-04-05T23:03:56.547+0000] {dag.py:3834} INFO - Setting next_dagrun for example_complex to None, run_after=None
[2024-04-05T23:03:56.572+0000] {processor.py:183} INFO - Processing /home/airflow/.local/lib/python3.8/site-packages/airflow/example_dags/example_complex.py took 0.109 seconds
[2024-04-05T23:04:27.477+0000] {processor.py:161} INFO - Started process (PID=850) to work on /home/airflow/.local/lib/python3.8/site-packages/airflow/example_dags/example_complex.py
[2024-04-05T23:04:27.479+0000] {processor.py:830} INFO - Processing file /home/airflow/.local/lib/python3.8/site-packages/airflow/example_dags/example_complex.py for tasks to queue
[2024-04-05T23:04:27.483+0000] {logging_mixin.py:188} INFO - [2024-04-05T23:04:27.482+0000] {dagbag.py:540} INFO - Filling up the DagBag from /home/airflow/.local/lib/python3.8/site-packages/airflow/example_dags/example_complex.py
[2024-04-05T23:04:27.506+0000] {processor.py:840} INFO - DAG(s) 'example_complex' retrieved from /home/airflow/.local/lib/python3.8/site-packages/airflow/example_dags/example_complex.py
[2024-04-05T23:04:27.553+0000] {logging_mixin.py:188} INFO - [2024-04-05T23:04:27.552+0000] {dag.py:3047} INFO - Sync 1 DAGs
[2024-04-05T23:04:27.571+0000] {logging_mixin.py:188} INFO - [2024-04-05T23:04:27.570+0000] {dag.py:3834} INFO - Setting next_dagrun for example_complex to None, run_after=None
[2024-04-05T23:04:27.600+0000] {processor.py:183} INFO - Processing /home/airflow/.local/lib/python3.8/site-packages/airflow/example_dags/example_complex.py took 0.129 seconds
[2024-04-05T23:04:58.437+0000] {processor.py:161} INFO - Started process (PID=905) to work on /home/airflow/.local/lib/python3.8/site-packages/airflow/example_dags/example_complex.py
[2024-04-05T23:04:58.440+0000] {processor.py:830} INFO - Processing file /home/airflow/.local/lib/python3.8/site-packages/airflow/example_dags/example_complex.py for tasks to queue
[2024-04-05T23:04:58.443+0000] {logging_mixin.py:188} INFO - [2024-04-05T23:04:58.443+0000] {dagbag.py:540} INFO - Filling up the DagBag from /home/airflow/.local/lib/python3.8/site-packages/airflow/example_dags/example_complex.py
[2024-04-05T23:04:58.458+0000] {processor.py:840} INFO - DAG(s) 'example_complex' retrieved from /home/airflow/.local/lib/python3.8/site-packages/airflow/example_dags/example_complex.py
[2024-04-05T23:04:58.499+0000] {logging_mixin.py:188} INFO - [2024-04-05T23:04:58.499+0000] {dag.py:3047} INFO - Sync 1 DAGs
[2024-04-05T23:04:58.518+0000] {logging_mixin.py:188} INFO - [2024-04-05T23:04:58.517+0000] {dag.py:3834} INFO - Setting next_dagrun for example_complex to None, run_after=None
[2024-04-05T23:04:58.543+0000] {processor.py:183} INFO - Processing /home/airflow/.local/lib/python3.8/site-packages/airflow/example_dags/example_complex.py took 0.113 seconds
[2024-04-05T23:05:29.425+0000] {processor.py:161} INFO - Started process (PID=960) to work on /home/airflow/.local/lib/python3.8/site-packages/airflow/example_dags/example_complex.py
[2024-04-05T23:05:29.427+0000] {processor.py:830} INFO - Processing file /home/airflow/.local/lib/python3.8/site-packages/airflow/example_dags/example_complex.py for tasks to queue
[2024-04-05T23:05:29.430+0000] {logging_mixin.py:188} INFO - [2024-04-05T23:05:29.430+0000] {dagbag.py:540} INFO - Filling up the DagBag from /home/airflow/.local/lib/python3.8/site-packages/airflow/example_dags/example_complex.py
[2024-04-05T23:05:29.442+0000] {processor.py:840} INFO - DAG(s) 'example_complex' retrieved from /home/airflow/.local/lib/python3.8/site-packages/airflow/example_dags/example_complex.py
[2024-04-05T23:05:29.480+0000] {logging_mixin.py:188} INFO - [2024-04-05T23:05:29.480+0000] {dag.py:3047} INFO - Sync 1 DAGs
[2024-04-05T23:05:29.494+0000] {logging_mixin.py:188} INFO - [2024-04-05T23:05:29.494+0000] {dag.py:3834} INFO - Setting next_dagrun for example_complex to None, run_after=None
[2024-04-05T23:05:29.553+0000] {processor.py:183} INFO - Processing /home/airflow/.local/lib/python3.8/site-packages/airflow/example_dags/example_complex.py took 0.132 seconds
[2024-04-05T23:05:59.652+0000] {processor.py:161} INFO - Started process (PID=1015) to work on /home/airflow/.local/lib/python3.8/site-packages/airflow/example_dags/example_complex.py
[2024-04-05T23:05:59.654+0000] {processor.py:830} INFO - Processing file /home/airflow/.local/lib/python3.8/site-packages/airflow/example_dags/example_complex.py for tasks to queue
[2024-04-05T23:05:59.657+0000] {logging_mixin.py:188} INFO - [2024-04-05T23:05:59.657+0000] {dagbag.py:540} INFO - Filling up the DagBag from /home/airflow/.local/lib/python3.8/site-packages/airflow/example_dags/example_complex.py
[2024-04-05T23:05:59.678+0000] {processor.py:840} INFO - DAG(s) 'example_complex' retrieved from /home/airflow/.local/lib/python3.8/site-packages/airflow/example_dags/example_complex.py
[2024-04-05T23:05:59.720+0000] {logging_mixin.py:188} INFO - [2024-04-05T23:05:59.719+0000] {dag.py:3047} INFO - Sync 1 DAGs
[2024-04-05T23:05:59.737+0000] {logging_mixin.py:188} INFO - [2024-04-05T23:05:59.737+0000] {dag.py:3834} INFO - Setting next_dagrun for example_complex to None, run_after=None
[2024-04-05T23:05:59.763+0000] {processor.py:183} INFO - Processing /home/airflow/.local/lib/python3.8/site-packages/airflow/example_dags/example_complex.py took 0.118 seconds
[2024-04-05T23:06:30.101+0000] {processor.py:161} INFO - Started process (PID=1070) to work on /home/airflow/.local/lib/python3.8/site-packages/airflow/example_dags/example_complex.py
[2024-04-05T23:06:30.103+0000] {processor.py:830} INFO - Processing file /home/airflow/.local/lib/python3.8/site-packages/airflow/example_dags/example_complex.py for tasks to queue
[2024-04-05T23:06:30.106+0000] {logging_mixin.py:188} INFO - [2024-04-05T23:06:30.106+0000] {dagbag.py:540} INFO - Filling up the DagBag from /home/airflow/.local/lib/python3.8/site-packages/airflow/example_dags/example_complex.py
[2024-04-05T23:06:30.127+0000] {processor.py:840} INFO - DAG(s) 'example_complex' retrieved from /home/airflow/.local/lib/python3.8/site-packages/airflow/example_dags/example_complex.py
[2024-04-05T23:06:30.174+0000] {logging_mixin.py:188} INFO - [2024-04-05T23:06:30.174+0000] {dag.py:3047} INFO - Sync 1 DAGs
[2024-04-05T23:06:30.193+0000] {logging_mixin.py:188} INFO - [2024-04-05T23:06:30.192+0000] {dag.py:3834} INFO - Setting next_dagrun for example_complex to None, run_after=None
[2024-04-05T23:06:30.221+0000] {processor.py:183} INFO - Processing /home/airflow/.local/lib/python3.8/site-packages/airflow/example_dags/example_complex.py took 0.127 seconds
[2024-04-05T23:07:01.508+0000] {processor.py:161} INFO - Started process (PID=1125) to work on /home/airflow/.local/lib/python3.8/site-packages/airflow/example_dags/example_complex.py
[2024-04-05T23:07:01.510+0000] {processor.py:830} INFO - Processing file /home/airflow/.local/lib/python3.8/site-packages/airflow/example_dags/example_complex.py for tasks to queue
[2024-04-05T23:07:01.513+0000] {logging_mixin.py:188} INFO - [2024-04-05T23:07:01.513+0000] {dagbag.py:540} INFO - Filling up the DagBag from /home/airflow/.local/lib/python3.8/site-packages/airflow/example_dags/example_complex.py
[2024-04-05T23:07:01.531+0000] {processor.py:840} INFO - DAG(s) 'example_complex' retrieved from /home/airflow/.local/lib/python3.8/site-packages/airflow/example_dags/example_complex.py
[2024-04-05T23:07:01.588+0000] {logging_mixin.py:188} INFO - [2024-04-05T23:07:01.588+0000] {dag.py:3047} INFO - Sync 1 DAGs
[2024-04-05T23:07:01.609+0000] {logging_mixin.py:188} INFO - [2024-04-05T23:07:01.609+0000] {dag.py:3834} INFO - Setting next_dagrun for example_complex to None, run_after=None
[2024-04-05T23:07:01.644+0000] {processor.py:183} INFO - Processing /home/airflow/.local/lib/python3.8/site-packages/airflow/example_dags/example_complex.py took 0.143 seconds
[2024-04-05T23:07:31.812+0000] {processor.py:161} INFO - Started process (PID=1180) to work on /home/airflow/.local/lib/python3.8/site-packages/airflow/example_dags/example_complex.py
[2024-04-05T23:07:31.814+0000] {processor.py:830} INFO - Processing file /home/airflow/.local/lib/python3.8/site-packages/airflow/example_dags/example_complex.py for tasks to queue
[2024-04-05T23:07:31.817+0000] {logging_mixin.py:188} INFO - [2024-04-05T23:07:31.817+0000] {dagbag.py:540} INFO - Filling up the DagBag from /home/airflow/.local/lib/python3.8/site-packages/airflow/example_dags/example_complex.py
[2024-04-05T23:07:31.835+0000] {processor.py:840} INFO - DAG(s) 'example_complex' retrieved from /home/airflow/.local/lib/python3.8/site-packages/airflow/example_dags/example_complex.py
[2024-04-05T23:07:31.888+0000] {logging_mixin.py:188} INFO - [2024-04-05T23:07:31.888+0000] {dag.py:3047} INFO - Sync 1 DAGs
[2024-04-05T23:07:31.910+0000] {logging_mixin.py:188} INFO - [2024-04-05T23:07:31.909+0000] {dag.py:3834} INFO - Setting next_dagrun for example_complex to None, run_after=None
[2024-04-05T23:07:31.946+0000] {processor.py:183} INFO - Processing /home/airflow/.local/lib/python3.8/site-packages/airflow/example_dags/example_complex.py took 0.138 seconds
[2024-04-05T23:08:02.158+0000] {processor.py:161} INFO - Started process (PID=1235) to work on /home/airflow/.local/lib/python3.8/site-packages/airflow/example_dags/example_complex.py
[2024-04-05T23:08:02.160+0000] {processor.py:830} INFO - Processing file /home/airflow/.local/lib/python3.8/site-packages/airflow/example_dags/example_complex.py for tasks to queue
[2024-04-05T23:08:02.163+0000] {logging_mixin.py:188} INFO - [2024-04-05T23:08:02.163+0000] {dagbag.py:540} INFO - Filling up the DagBag from /home/airflow/.local/lib/python3.8/site-packages/airflow/example_dags/example_complex.py
[2024-04-05T23:08:02.185+0000] {processor.py:840} INFO - DAG(s) 'example_complex' retrieved from /home/airflow/.local/lib/python3.8/site-packages/airflow/example_dags/example_complex.py
[2024-04-05T23:08:02.247+0000] {logging_mixin.py:188} INFO - [2024-04-05T23:08:02.245+0000] {dag.py:3047} INFO - Sync 1 DAGs
[2024-04-05T23:08:02.271+0000] {logging_mixin.py:188} INFO - [2024-04-05T23:08:02.270+0000] {dag.py:3834} INFO - Setting next_dagrun for example_complex to None, run_after=None
[2024-04-05T23:08:02.312+0000] {processor.py:183} INFO - Processing /home/airflow/.local/lib/python3.8/site-packages/airflow/example_dags/example_complex.py took 0.160 seconds
[2024-04-05T23:08:32.552+0000] {processor.py:161} INFO - Started process (PID=1289) to work on /home/airflow/.local/lib/python3.8/site-packages/airflow/example_dags/example_complex.py
[2024-04-05T23:08:32.553+0000] {processor.py:830} INFO - Processing file /home/airflow/.local/lib/python3.8/site-packages/airflow/example_dags/example_complex.py for tasks to queue
[2024-04-05T23:08:32.555+0000] {logging_mixin.py:188} INFO - [2024-04-05T23:08:32.555+0000] {dagbag.py:540} INFO - Filling up the DagBag from /home/airflow/.local/lib/python3.8/site-packages/airflow/example_dags/example_complex.py
[2024-04-05T23:08:32.568+0000] {processor.py:840} INFO - DAG(s) 'example_complex' retrieved from /home/airflow/.local/lib/python3.8/site-packages/airflow/example_dags/example_complex.py
[2024-04-05T23:08:32.603+0000] {logging_mixin.py:188} INFO - [2024-04-05T23:08:32.603+0000] {dag.py:3047} INFO - Sync 1 DAGs
[2024-04-05T23:08:32.621+0000] {logging_mixin.py:188} INFO - [2024-04-05T23:08:32.621+0000] {dag.py:3834} INFO - Setting next_dagrun for example_complex to None, run_after=None
[2024-04-05T23:08:32.642+0000] {processor.py:183} INFO - Processing /home/airflow/.local/lib/python3.8/site-packages/airflow/example_dags/example_complex.py took 0.094 seconds
[2024-04-05T23:09:03.085+0000] {processor.py:161} INFO - Started process (PID=1345) to work on /home/airflow/.local/lib/python3.8/site-packages/airflow/example_dags/example_complex.py
[2024-04-05T23:09:03.087+0000] {processor.py:830} INFO - Processing file /home/airflow/.local/lib/python3.8/site-packages/airflow/example_dags/example_complex.py for tasks to queue
[2024-04-05T23:09:03.090+0000] {logging_mixin.py:188} INFO - [2024-04-05T23:09:03.089+0000] {dagbag.py:540} INFO - Filling up the DagBag from /home/airflow/.local/lib/python3.8/site-packages/airflow/example_dags/example_complex.py
[2024-04-05T23:09:03.102+0000] {processor.py:840} INFO - DAG(s) 'example_complex' retrieved from /home/airflow/.local/lib/python3.8/site-packages/airflow/example_dags/example_complex.py
[2024-04-05T23:09:03.135+0000] {logging_mixin.py:188} INFO - [2024-04-05T23:09:03.134+0000] {dag.py:3047} INFO - Sync 1 DAGs
[2024-04-05T23:09:03.152+0000] {logging_mixin.py:188} INFO - [2024-04-05T23:09:03.152+0000] {dag.py:3834} INFO - Setting next_dagrun for example_complex to None, run_after=None
[2024-04-05T23:09:03.213+0000] {processor.py:183} INFO - Processing /home/airflow/.local/lib/python3.8/site-packages/airflow/example_dags/example_complex.py took 0.132 seconds
[2024-04-05T23:09:33.626+0000] {processor.py:161} INFO - Started process (PID=1400) to work on /home/airflow/.local/lib/python3.8/site-packages/airflow/example_dags/example_complex.py
[2024-04-05T23:09:33.627+0000] {processor.py:830} INFO - Processing file /home/airflow/.local/lib/python3.8/site-packages/airflow/example_dags/example_complex.py for tasks to queue
[2024-04-05T23:09:33.630+0000] {logging_mixin.py:188} INFO - [2024-04-05T23:09:33.629+0000] {dagbag.py:540} INFO - Filling up the DagBag from /home/airflow/.local/lib/python3.8/site-packages/airflow/example_dags/example_complex.py
[2024-04-05T23:09:33.645+0000] {processor.py:840} INFO - DAG(s) 'example_complex' retrieved from /home/airflow/.local/lib/python3.8/site-packages/airflow/example_dags/example_complex.py
[2024-04-05T23:09:33.680+0000] {logging_mixin.py:188} INFO - [2024-04-05T23:09:33.679+0000] {dag.py:3047} INFO - Sync 1 DAGs
[2024-04-05T23:09:33.693+0000] {logging_mixin.py:188} INFO - [2024-04-05T23:09:33.693+0000] {dag.py:3834} INFO - Setting next_dagrun for example_complex to None, run_after=None
[2024-04-05T23:09:33.757+0000] {processor.py:183} INFO - Processing /home/airflow/.local/lib/python3.8/site-packages/airflow/example_dags/example_complex.py took 0.136 seconds
[2024-04-05T23:10:04.596+0000] {processor.py:161} INFO - Started process (PID=1455) to work on /home/airflow/.local/lib/python3.8/site-packages/airflow/example_dags/example_complex.py
[2024-04-05T23:10:04.598+0000] {processor.py:830} INFO - Processing file /home/airflow/.local/lib/python3.8/site-packages/airflow/example_dags/example_complex.py for tasks to queue
[2024-04-05T23:10:04.600+0000] {logging_mixin.py:188} INFO - [2024-04-05T23:10:04.600+0000] {dagbag.py:540} INFO - Filling up the DagBag from /home/airflow/.local/lib/python3.8/site-packages/airflow/example_dags/example_complex.py
[2024-04-05T23:10:04.612+0000] {processor.py:840} INFO - DAG(s) 'example_complex' retrieved from /home/airflow/.local/lib/python3.8/site-packages/airflow/example_dags/example_complex.py
[2024-04-05T23:10:04.647+0000] {logging_mixin.py:188} INFO - [2024-04-05T23:10:04.646+0000] {dag.py:3047} INFO - Sync 1 DAGs
[2024-04-05T23:10:04.659+0000] {logging_mixin.py:188} INFO - [2024-04-05T23:10:04.659+0000] {dag.py:3834} INFO - Setting next_dagrun for example_complex to None, run_after=None
[2024-04-05T23:10:04.718+0000] {processor.py:183} INFO - Processing /home/airflow/.local/lib/python3.8/site-packages/airflow/example_dags/example_complex.py took 0.127 seconds
[2024-04-05T23:10:35.241+0000] {processor.py:161} INFO - Started process (PID=1510) to work on /home/airflow/.local/lib/python3.8/site-packages/airflow/example_dags/example_complex.py
[2024-04-05T23:10:35.242+0000] {processor.py:830} INFO - Processing file /home/airflow/.local/lib/python3.8/site-packages/airflow/example_dags/example_complex.py for tasks to queue
[2024-04-05T23:10:35.245+0000] {logging_mixin.py:188} INFO - [2024-04-05T23:10:35.244+0000] {dagbag.py:540} INFO - Filling up the DagBag from /home/airflow/.local/lib/python3.8/site-packages/airflow/example_dags/example_complex.py
[2024-04-05T23:10:35.260+0000] {processor.py:840} INFO - DAG(s) 'example_complex' retrieved from /home/airflow/.local/lib/python3.8/site-packages/airflow/example_dags/example_complex.py
[2024-04-05T23:10:35.301+0000] {logging_mixin.py:188} INFO - [2024-04-05T23:10:35.300+0000] {dag.py:3047} INFO - Sync 1 DAGs
[2024-04-05T23:10:35.319+0000] {logging_mixin.py:188} INFO - [2024-04-05T23:10:35.318+0000] {dag.py:3834} INFO - Setting next_dagrun for example_complex to None, run_after=None
[2024-04-05T23:10:35.340+0000] {processor.py:183} INFO - Processing /home/airflow/.local/lib/python3.8/site-packages/airflow/example_dags/example_complex.py took 0.103 seconds
[2024-04-05T23:11:06.000+0000] {processor.py:161} INFO - Started process (PID=1565) to work on /home/airflow/.local/lib/python3.8/site-packages/airflow/example_dags/example_complex.py
[2024-04-05T23:11:06.002+0000] {processor.py:830} INFO - Processing file /home/airflow/.local/lib/python3.8/site-packages/airflow/example_dags/example_complex.py for tasks to queue
[2024-04-05T23:11:06.005+0000] {logging_mixin.py:188} INFO - [2024-04-05T23:11:06.004+0000] {dagbag.py:540} INFO - Filling up the DagBag from /home/airflow/.local/lib/python3.8/site-packages/airflow/example_dags/example_complex.py
[2024-04-05T23:11:06.015+0000] {processor.py:840} INFO - DAG(s) 'example_complex' retrieved from /home/airflow/.local/lib/python3.8/site-packages/airflow/example_dags/example_complex.py
[2024-04-05T23:11:06.047+0000] {logging_mixin.py:188} INFO - [2024-04-05T23:11:06.046+0000] {dag.py:3047} INFO - Sync 1 DAGs
[2024-04-05T23:11:06.061+0000] {logging_mixin.py:188} INFO - [2024-04-05T23:11:06.060+0000] {dag.py:3834} INFO - Setting next_dagrun for example_complex to None, run_after=None
[2024-04-05T23:11:06.082+0000] {processor.py:183} INFO - Processing /home/airflow/.local/lib/python3.8/site-packages/airflow/example_dags/example_complex.py took 0.085 seconds
[2024-04-05T23:11:36.612+0000] {processor.py:161} INFO - Started process (PID=1620) to work on /home/airflow/.local/lib/python3.8/site-packages/airflow/example_dags/example_complex.py
[2024-04-05T23:11:36.613+0000] {processor.py:830} INFO - Processing file /home/airflow/.local/lib/python3.8/site-packages/airflow/example_dags/example_complex.py for tasks to queue
[2024-04-05T23:11:36.616+0000] {logging_mixin.py:188} INFO - [2024-04-05T23:11:36.615+0000] {dagbag.py:540} INFO - Filling up the DagBag from /home/airflow/.local/lib/python3.8/site-packages/airflow/example_dags/example_complex.py
[2024-04-05T23:11:36.632+0000] {processor.py:840} INFO - DAG(s) 'example_complex' retrieved from /home/airflow/.local/lib/python3.8/site-packages/airflow/example_dags/example_complex.py
[2024-04-05T23:11:36.671+0000] {logging_mixin.py:188} INFO - [2024-04-05T23:11:36.671+0000] {dag.py:3047} INFO - Sync 1 DAGs
[2024-04-05T23:11:36.685+0000] {logging_mixin.py:188} INFO - [2024-04-05T23:11:36.685+0000] {dag.py:3834} INFO - Setting next_dagrun for example_complex to None, run_after=None
[2024-04-05T23:11:36.746+0000] {processor.py:183} INFO - Processing /home/airflow/.local/lib/python3.8/site-packages/airflow/example_dags/example_complex.py took 0.138 seconds
[2024-04-05T23:12:06.951+0000] {processor.py:161} INFO - Started process (PID=1675) to work on /home/airflow/.local/lib/python3.8/site-packages/airflow/example_dags/example_complex.py
[2024-04-05T23:12:06.952+0000] {processor.py:830} INFO - Processing file /home/airflow/.local/lib/python3.8/site-packages/airflow/example_dags/example_complex.py for tasks to queue
[2024-04-05T23:12:06.955+0000] {logging_mixin.py:188} INFO - [2024-04-05T23:12:06.954+0000] {dagbag.py:540} INFO - Filling up the DagBag from /home/airflow/.local/lib/python3.8/site-packages/airflow/example_dags/example_complex.py
[2024-04-05T23:12:06.968+0000] {processor.py:840} INFO - DAG(s) 'example_complex' retrieved from /home/airflow/.local/lib/python3.8/site-packages/airflow/example_dags/example_complex.py
[2024-04-05T23:12:07.007+0000] {logging_mixin.py:188} INFO - [2024-04-05T23:12:07.007+0000] {dag.py:3047} INFO - Sync 1 DAGs
[2024-04-05T23:12:07.022+0000] {logging_mixin.py:188} INFO - [2024-04-05T23:12:07.022+0000] {dag.py:3834} INFO - Setting next_dagrun for example_complex to None, run_after=None
[2024-04-05T23:12:07.043+0000] {processor.py:183} INFO - Processing /home/airflow/.local/lib/python3.8/site-packages/airflow/example_dags/example_complex.py took 0.097 seconds
[2024-04-05T23:12:37.437+0000] {processor.py:161} INFO - Started process (PID=1730) to work on /home/airflow/.local/lib/python3.8/site-packages/airflow/example_dags/example_complex.py
[2024-04-05T23:12:37.439+0000] {processor.py:830} INFO - Processing file /home/airflow/.local/lib/python3.8/site-packages/airflow/example_dags/example_complex.py for tasks to queue
[2024-04-05T23:12:37.443+0000] {logging_mixin.py:188} INFO - [2024-04-05T23:12:37.442+0000] {dagbag.py:540} INFO - Filling up the DagBag from /home/airflow/.local/lib/python3.8/site-packages/airflow/example_dags/example_complex.py
[2024-04-05T23:12:37.458+0000] {processor.py:840} INFO - DAG(s) 'example_complex' retrieved from /home/airflow/.local/lib/python3.8/site-packages/airflow/example_dags/example_complex.py
[2024-04-05T23:12:37.496+0000] {logging_mixin.py:188} INFO - [2024-04-05T23:12:37.495+0000] {dag.py:3047} INFO - Sync 1 DAGs
[2024-04-05T23:12:37.509+0000] {logging_mixin.py:188} INFO - [2024-04-05T23:12:37.509+0000] {dag.py:3834} INFO - Setting next_dagrun for example_complex to None, run_after=None
[2024-04-05T23:12:37.529+0000] {processor.py:183} INFO - Processing /home/airflow/.local/lib/python3.8/site-packages/airflow/example_dags/example_complex.py took 0.096 seconds
[2024-04-05T23:13:07.585+0000] {processor.py:161} INFO - Started process (PID=1785) to work on /home/airflow/.local/lib/python3.8/site-packages/airflow/example_dags/example_complex.py
[2024-04-05T23:13:07.587+0000] {processor.py:830} INFO - Processing file /home/airflow/.local/lib/python3.8/site-packages/airflow/example_dags/example_complex.py for tasks to queue
[2024-04-05T23:13:07.590+0000] {logging_mixin.py:188} INFO - [2024-04-05T23:13:07.589+0000] {dagbag.py:540} INFO - Filling up the DagBag from /home/airflow/.local/lib/python3.8/site-packages/airflow/example_dags/example_complex.py
[2024-04-05T23:13:07.604+0000] {processor.py:840} INFO - DAG(s) 'example_complex' retrieved from /home/airflow/.local/lib/python3.8/site-packages/airflow/example_dags/example_complex.py
[2024-04-05T23:13:07.645+0000] {logging_mixin.py:188} INFO - [2024-04-05T23:13:07.644+0000] {dag.py:3047} INFO - Sync 1 DAGs
[2024-04-05T23:13:07.661+0000] {logging_mixin.py:188} INFO - [2024-04-05T23:13:07.661+0000] {dag.py:3834} INFO - Setting next_dagrun for example_complex to None, run_after=None
[2024-04-05T23:13:07.683+0000] {processor.py:183} INFO - Processing /home/airflow/.local/lib/python3.8/site-packages/airflow/example_dags/example_complex.py took 0.102 seconds
[2024-04-05T23:13:38.190+0000] {processor.py:161} INFO - Started process (PID=1840) to work on /home/airflow/.local/lib/python3.8/site-packages/airflow/example_dags/example_complex.py
[2024-04-05T23:13:38.192+0000] {processor.py:830} INFO - Processing file /home/airflow/.local/lib/python3.8/site-packages/airflow/example_dags/example_complex.py for tasks to queue
[2024-04-05T23:13:38.194+0000] {logging_mixin.py:188} INFO - [2024-04-05T23:13:38.193+0000] {dagbag.py:540} INFO - Filling up the DagBag from /home/airflow/.local/lib/python3.8/site-packages/airflow/example_dags/example_complex.py
[2024-04-05T23:13:38.205+0000] {processor.py:840} INFO - DAG(s) 'example_complex' retrieved from /home/airflow/.local/lib/python3.8/site-packages/airflow/example_dags/example_complex.py
[2024-04-05T23:13:38.237+0000] {logging_mixin.py:188} INFO - [2024-04-05T23:13:38.236+0000] {dag.py:3047} INFO - Sync 1 DAGs
[2024-04-05T23:13:38.249+0000] {logging_mixin.py:188} INFO - [2024-04-05T23:13:38.249+0000] {dag.py:3834} INFO - Setting next_dagrun for example_complex to None, run_after=None
[2024-04-05T23:13:38.268+0000] {processor.py:183} INFO - Processing /home/airflow/.local/lib/python3.8/site-packages/airflow/example_dags/example_complex.py took 0.082 seconds
[2024-04-05T23:14:08.834+0000] {processor.py:161} INFO - Started process (PID=1895) to work on /home/airflow/.local/lib/python3.8/site-packages/airflow/example_dags/example_complex.py
[2024-04-05T23:14:08.835+0000] {processor.py:830} INFO - Processing file /home/airflow/.local/lib/python3.8/site-packages/airflow/example_dags/example_complex.py for tasks to queue
[2024-04-05T23:14:08.838+0000] {logging_mixin.py:188} INFO - [2024-04-05T23:14:08.838+0000] {dagbag.py:540} INFO - Filling up the DagBag from /home/airflow/.local/lib/python3.8/site-packages/airflow/example_dags/example_complex.py
[2024-04-05T23:14:08.850+0000] {processor.py:840} INFO - DAG(s) 'example_complex' retrieved from /home/airflow/.local/lib/python3.8/site-packages/airflow/example_dags/example_complex.py
[2024-04-05T23:14:08.887+0000] {logging_mixin.py:188} INFO - [2024-04-05T23:14:08.887+0000] {dag.py:3047} INFO - Sync 1 DAGs
[2024-04-05T23:14:08.900+0000] {logging_mixin.py:188} INFO - [2024-04-05T23:14:08.900+0000] {dag.py:3834} INFO - Setting next_dagrun for example_complex to None, run_after=None
[2024-04-05T23:14:08.924+0000] {processor.py:183} INFO - Processing /home/airflow/.local/lib/python3.8/site-packages/airflow/example_dags/example_complex.py took 0.093 seconds
[2024-04-05T23:14:39.184+0000] {processor.py:161} INFO - Started process (PID=1950) to work on /home/airflow/.local/lib/python3.8/site-packages/airflow/example_dags/example_complex.py
[2024-04-05T23:14:39.186+0000] {processor.py:830} INFO - Processing file /home/airflow/.local/lib/python3.8/site-packages/airflow/example_dags/example_complex.py for tasks to queue
[2024-04-05T23:14:39.189+0000] {logging_mixin.py:188} INFO - [2024-04-05T23:14:39.188+0000] {dagbag.py:540} INFO - Filling up the DagBag from /home/airflow/.local/lib/python3.8/site-packages/airflow/example_dags/example_complex.py
[2024-04-05T23:14:39.201+0000] {processor.py:840} INFO - DAG(s) 'example_complex' retrieved from /home/airflow/.local/lib/python3.8/site-packages/airflow/example_dags/example_complex.py
[2024-04-05T23:14:39.233+0000] {logging_mixin.py:188} INFO - [2024-04-05T23:14:39.233+0000] {dag.py:3047} INFO - Sync 1 DAGs
[2024-04-05T23:14:39.246+0000] {logging_mixin.py:188} INFO - [2024-04-05T23:14:39.246+0000] {dag.py:3834} INFO - Setting next_dagrun for example_complex to None, run_after=None
[2024-04-05T23:14:39.269+0000] {processor.py:183} INFO - Processing /home/airflow/.local/lib/python3.8/site-packages/airflow/example_dags/example_complex.py took 0.090 seconds
[2024-04-05T23:15:09.633+0000] {processor.py:161} INFO - Started process (PID=2005) to work on /home/airflow/.local/lib/python3.8/site-packages/airflow/example_dags/example_complex.py
[2024-04-05T23:15:09.634+0000] {processor.py:830} INFO - Processing file /home/airflow/.local/lib/python3.8/site-packages/airflow/example_dags/example_complex.py for tasks to queue
[2024-04-05T23:15:09.637+0000] {logging_mixin.py:188} INFO - [2024-04-05T23:15:09.636+0000] {dagbag.py:540} INFO - Filling up the DagBag from /home/airflow/.local/lib/python3.8/site-packages/airflow/example_dags/example_complex.py
[2024-04-05T23:15:09.650+0000] {processor.py:840} INFO - DAG(s) 'example_complex' retrieved from /home/airflow/.local/lib/python3.8/site-packages/airflow/example_dags/example_complex.py
[2024-04-05T23:15:09.684+0000] {logging_mixin.py:188} INFO - [2024-04-05T23:15:09.684+0000] {dag.py:3047} INFO - Sync 1 DAGs
[2024-04-05T23:15:09.697+0000] {logging_mixin.py:188} INFO - [2024-04-05T23:15:09.697+0000] {dag.py:3834} INFO - Setting next_dagrun for example_complex to None, run_after=None
[2024-04-05T23:15:09.717+0000] {processor.py:183} INFO - Processing /home/airflow/.local/lib/python3.8/site-packages/airflow/example_dags/example_complex.py took 0.087 seconds
[2024-04-05T23:15:40.403+0000] {processor.py:161} INFO - Started process (PID=2060) to work on /home/airflow/.local/lib/python3.8/site-packages/airflow/example_dags/example_complex.py
[2024-04-05T23:15:40.405+0000] {processor.py:830} INFO - Processing file /home/airflow/.local/lib/python3.8/site-packages/airflow/example_dags/example_complex.py for tasks to queue
[2024-04-05T23:15:40.408+0000] {logging_mixin.py:188} INFO - [2024-04-05T23:15:40.408+0000] {dagbag.py:540} INFO - Filling up the DagBag from /home/airflow/.local/lib/python3.8/site-packages/airflow/example_dags/example_complex.py
[2024-04-05T23:15:40.419+0000] {processor.py:840} INFO - DAG(s) 'example_complex' retrieved from /home/airflow/.local/lib/python3.8/site-packages/airflow/example_dags/example_complex.py
[2024-04-05T23:15:40.458+0000] {logging_mixin.py:188} INFO - [2024-04-05T23:15:40.458+0000] {dag.py:3047} INFO - Sync 1 DAGs
[2024-04-05T23:15:40.469+0000] {logging_mixin.py:188} INFO - [2024-04-05T23:15:40.469+0000] {dag.py:3834} INFO - Setting next_dagrun for example_complex to None, run_after=None
[2024-04-05T23:15:40.527+0000] {processor.py:183} INFO - Processing /home/airflow/.local/lib/python3.8/site-packages/airflow/example_dags/example_complex.py took 0.129 seconds
[2024-04-05T23:16:10.746+0000] {processor.py:161} INFO - Started process (PID=2115) to work on /home/airflow/.local/lib/python3.8/site-packages/airflow/example_dags/example_complex.py
[2024-04-05T23:16:10.748+0000] {processor.py:830} INFO - Processing file /home/airflow/.local/lib/python3.8/site-packages/airflow/example_dags/example_complex.py for tasks to queue
[2024-04-05T23:16:10.750+0000] {logging_mixin.py:188} INFO - [2024-04-05T23:16:10.750+0000] {dagbag.py:540} INFO - Filling up the DagBag from /home/airflow/.local/lib/python3.8/site-packages/airflow/example_dags/example_complex.py
[2024-04-05T23:16:10.768+0000] {processor.py:840} INFO - DAG(s) 'example_complex' retrieved from /home/airflow/.local/lib/python3.8/site-packages/airflow/example_dags/example_complex.py
[2024-04-05T23:16:10.808+0000] {logging_mixin.py:188} INFO - [2024-04-05T23:16:10.808+0000] {dag.py:3047} INFO - Sync 1 DAGs
[2024-04-05T23:16:10.823+0000] {logging_mixin.py:188} INFO - [2024-04-05T23:16:10.823+0000] {dag.py:3834} INFO - Setting next_dagrun for example_complex to None, run_after=None
[2024-04-05T23:16:10.844+0000] {processor.py:183} INFO - Processing /home/airflow/.local/lib/python3.8/site-packages/airflow/example_dags/example_complex.py took 0.103 seconds
[2024-04-05T23:16:41.594+0000] {processor.py:161} INFO - Started process (PID=2170) to work on /home/airflow/.local/lib/python3.8/site-packages/airflow/example_dags/example_complex.py
[2024-04-05T23:16:41.596+0000] {processor.py:830} INFO - Processing file /home/airflow/.local/lib/python3.8/site-packages/airflow/example_dags/example_complex.py for tasks to queue
[2024-04-05T23:16:41.599+0000] {logging_mixin.py:188} INFO - [2024-04-05T23:16:41.598+0000] {dagbag.py:540} INFO - Filling up the DagBag from /home/airflow/.local/lib/python3.8/site-packages/airflow/example_dags/example_complex.py
[2024-04-05T23:16:41.609+0000] {processor.py:840} INFO - DAG(s) 'example_complex' retrieved from /home/airflow/.local/lib/python3.8/site-packages/airflow/example_dags/example_complex.py
[2024-04-05T23:16:41.640+0000] {logging_mixin.py:188} INFO - [2024-04-05T23:16:41.639+0000] {dag.py:3047} INFO - Sync 1 DAGs
[2024-04-05T23:16:41.654+0000] {logging_mixin.py:188} INFO - [2024-04-05T23:16:41.654+0000] {dag.py:3834} INFO - Setting next_dagrun for example_complex to None, run_after=None
[2024-04-05T23:16:41.733+0000] {processor.py:183} INFO - Processing /home/airflow/.local/lib/python3.8/site-packages/airflow/example_dags/example_complex.py took 0.143 seconds
[2024-04-05T23:17:12.098+0000] {processor.py:161} INFO - Started process (PID=2225) to work on /home/airflow/.local/lib/python3.8/site-packages/airflow/example_dags/example_complex.py
[2024-04-05T23:17:12.099+0000] {processor.py:830} INFO - Processing file /home/airflow/.local/lib/python3.8/site-packages/airflow/example_dags/example_complex.py for tasks to queue
[2024-04-05T23:17:12.101+0000] {logging_mixin.py:188} INFO - [2024-04-05T23:17:12.101+0000] {dagbag.py:540} INFO - Filling up the DagBag from /home/airflow/.local/lib/python3.8/site-packages/airflow/example_dags/example_complex.py
[2024-04-05T23:17:12.114+0000] {processor.py:840} INFO - DAG(s) 'example_complex' retrieved from /home/airflow/.local/lib/python3.8/site-packages/airflow/example_dags/example_complex.py
[2024-04-05T23:17:12.150+0000] {logging_mixin.py:188} INFO - [2024-04-05T23:17:12.150+0000] {dag.py:3047} INFO - Sync 1 DAGs
[2024-04-05T23:17:12.165+0000] {logging_mixin.py:188} INFO - [2024-04-05T23:17:12.165+0000] {dag.py:3834} INFO - Setting next_dagrun for example_complex to None, run_after=None
[2024-04-05T23:17:12.185+0000] {processor.py:183} INFO - Processing /home/airflow/.local/lib/python3.8/site-packages/airflow/example_dags/example_complex.py took 0.091 seconds
[2024-04-05T23:17:42.833+0000] {processor.py:161} INFO - Started process (PID=2280) to work on /home/airflow/.local/lib/python3.8/site-packages/airflow/example_dags/example_complex.py
[2024-04-05T23:17:42.834+0000] {processor.py:830} INFO - Processing file /home/airflow/.local/lib/python3.8/site-packages/airflow/example_dags/example_complex.py for tasks to queue
[2024-04-05T23:17:42.836+0000] {logging_mixin.py:188} INFO - [2024-04-05T23:17:42.836+0000] {dagbag.py:540} INFO - Filling up the DagBag from /home/airflow/.local/lib/python3.8/site-packages/airflow/example_dags/example_complex.py
[2024-04-05T23:17:42.846+0000] {processor.py:840} INFO - DAG(s) 'example_complex' retrieved from /home/airflow/.local/lib/python3.8/site-packages/airflow/example_dags/example_complex.py
[2024-04-05T23:17:42.875+0000] {logging_mixin.py:188} INFO - [2024-04-05T23:17:42.875+0000] {dag.py:3047} INFO - Sync 1 DAGs
[2024-04-05T23:17:42.887+0000] {logging_mixin.py:188} INFO - [2024-04-05T23:17:42.887+0000] {dag.py:3834} INFO - Setting next_dagrun for example_complex to None, run_after=None
[2024-04-05T23:17:42.910+0000] {processor.py:183} INFO - Processing /home/airflow/.local/lib/python3.8/site-packages/airflow/example_dags/example_complex.py took 0.081 seconds
[2024-04-05T23:18:13.097+0000] {processor.py:161} INFO - Started process (PID=2335) to work on /home/airflow/.local/lib/python3.8/site-packages/airflow/example_dags/example_complex.py
[2024-04-05T23:18:13.098+0000] {processor.py:830} INFO - Processing file /home/airflow/.local/lib/python3.8/site-packages/airflow/example_dags/example_complex.py for tasks to queue
[2024-04-05T23:18:13.101+0000] {logging_mixin.py:188} INFO - [2024-04-05T23:18:13.100+0000] {dagbag.py:540} INFO - Filling up the DagBag from /home/airflow/.local/lib/python3.8/site-packages/airflow/example_dags/example_complex.py
[2024-04-05T23:18:13.115+0000] {processor.py:840} INFO - DAG(s) 'example_complex' retrieved from /home/airflow/.local/lib/python3.8/site-packages/airflow/example_dags/example_complex.py
[2024-04-05T23:18:13.149+0000] {logging_mixin.py:188} INFO - [2024-04-05T23:18:13.149+0000] {dag.py:3047} INFO - Sync 1 DAGs
[2024-04-05T23:18:13.161+0000] {logging_mixin.py:188} INFO - [2024-04-05T23:18:13.161+0000] {dag.py:3834} INFO - Setting next_dagrun for example_complex to None, run_after=None
[2024-04-05T23:18:13.180+0000] {processor.py:183} INFO - Processing /home/airflow/.local/lib/python3.8/site-packages/airflow/example_dags/example_complex.py took 0.087 seconds
[2024-04-05T23:18:43.207+0000] {processor.py:161} INFO - Started process (PID=2390) to work on /home/airflow/.local/lib/python3.8/site-packages/airflow/example_dags/example_complex.py
[2024-04-05T23:18:43.208+0000] {processor.py:830} INFO - Processing file /home/airflow/.local/lib/python3.8/site-packages/airflow/example_dags/example_complex.py for tasks to queue
[2024-04-05T23:18:43.211+0000] {logging_mixin.py:188} INFO - [2024-04-05T23:18:43.210+0000] {dagbag.py:540} INFO - Filling up the DagBag from /home/airflow/.local/lib/python3.8/site-packages/airflow/example_dags/example_complex.py
[2024-04-05T23:18:43.222+0000] {processor.py:840} INFO - DAG(s) 'example_complex' retrieved from /home/airflow/.local/lib/python3.8/site-packages/airflow/example_dags/example_complex.py
[2024-04-05T23:18:43.258+0000] {logging_mixin.py:188} INFO - [2024-04-05T23:18:43.257+0000] {dag.py:3047} INFO - Sync 1 DAGs
[2024-04-05T23:18:43.269+0000] {logging_mixin.py:188} INFO - [2024-04-05T23:18:43.269+0000] {dag.py:3834} INFO - Setting next_dagrun for example_complex to None, run_after=None
[2024-04-05T23:18:43.329+0000] {processor.py:183} INFO - Processing /home/airflow/.local/lib/python3.8/site-packages/airflow/example_dags/example_complex.py took 0.126 seconds
[2024-04-05T23:19:13.500+0000] {processor.py:161} INFO - Started process (PID=2444) to work on /home/airflow/.local/lib/python3.8/site-packages/airflow/example_dags/example_complex.py
[2024-04-05T23:19:13.501+0000] {processor.py:830} INFO - Processing file /home/airflow/.local/lib/python3.8/site-packages/airflow/example_dags/example_complex.py for tasks to queue
[2024-04-05T23:19:13.504+0000] {logging_mixin.py:188} INFO - [2024-04-05T23:19:13.504+0000] {dagbag.py:540} INFO - Filling up the DagBag from /home/airflow/.local/lib/python3.8/site-packages/airflow/example_dags/example_complex.py
[2024-04-05T23:19:13.521+0000] {processor.py:840} INFO - DAG(s) 'example_complex' retrieved from /home/airflow/.local/lib/python3.8/site-packages/airflow/example_dags/example_complex.py
[2024-04-05T23:19:13.557+0000] {logging_mixin.py:188} INFO - [2024-04-05T23:19:13.556+0000] {dag.py:3047} INFO - Sync 1 DAGs
[2024-04-05T23:19:13.571+0000] {logging_mixin.py:188} INFO - [2024-04-05T23:19:13.570+0000] {dag.py:3834} INFO - Setting next_dagrun for example_complex to None, run_after=None
[2024-04-05T23:19:13.632+0000] {processor.py:183} INFO - Processing /home/airflow/.local/lib/python3.8/site-packages/airflow/example_dags/example_complex.py took 0.137 seconds
[2024-04-05T23:19:43.926+0000] {processor.py:161} INFO - Started process (PID=2499) to work on /home/airflow/.local/lib/python3.8/site-packages/airflow/example_dags/example_complex.py
[2024-04-05T23:19:43.928+0000] {processor.py:830} INFO - Processing file /home/airflow/.local/lib/python3.8/site-packages/airflow/example_dags/example_complex.py for tasks to queue
[2024-04-05T23:19:43.931+0000] {logging_mixin.py:188} INFO - [2024-04-05T23:19:43.930+0000] {dagbag.py:540} INFO - Filling up the DagBag from /home/airflow/.local/lib/python3.8/site-packages/airflow/example_dags/example_complex.py
[2024-04-05T23:19:43.943+0000] {processor.py:840} INFO - DAG(s) 'example_complex' retrieved from /home/airflow/.local/lib/python3.8/site-packages/airflow/example_dags/example_complex.py
[2024-04-05T23:19:43.978+0000] {logging_mixin.py:188} INFO - [2024-04-05T23:19:43.978+0000] {dag.py:3047} INFO - Sync 1 DAGs
[2024-04-05T23:19:43.991+0000] {logging_mixin.py:188} INFO - [2024-04-05T23:19:43.991+0000] {dag.py:3834} INFO - Setting next_dagrun for example_complex to None, run_after=None
[2024-04-05T23:19:44.013+0000] {processor.py:183} INFO - Processing /home/airflow/.local/lib/python3.8/site-packages/airflow/example_dags/example_complex.py took 0.091 seconds
[2024-04-05T23:20:14.283+0000] {processor.py:161} INFO - Started process (PID=2554) to work on /home/airflow/.local/lib/python3.8/site-packages/airflow/example_dags/example_complex.py
[2024-04-05T23:20:14.284+0000] {processor.py:830} INFO - Processing file /home/airflow/.local/lib/python3.8/site-packages/airflow/example_dags/example_complex.py for tasks to queue
[2024-04-05T23:20:14.287+0000] {logging_mixin.py:188} INFO - [2024-04-05T23:20:14.286+0000] {dagbag.py:540} INFO - Filling up the DagBag from /home/airflow/.local/lib/python3.8/site-packages/airflow/example_dags/example_complex.py
[2024-04-05T23:20:14.298+0000] {processor.py:840} INFO - DAG(s) 'example_complex' retrieved from /home/airflow/.local/lib/python3.8/site-packages/airflow/example_dags/example_complex.py
[2024-04-05T23:20:14.329+0000] {logging_mixin.py:188} INFO - [2024-04-05T23:20:14.328+0000] {dag.py:3047} INFO - Sync 1 DAGs
[2024-04-05T23:20:14.342+0000] {logging_mixin.py:188} INFO - [2024-04-05T23:20:14.342+0000] {dag.py:3834} INFO - Setting next_dagrun for example_complex to None, run_after=None
[2024-04-05T23:20:14.400+0000] {processor.py:183} INFO - Processing /home/airflow/.local/lib/python3.8/site-packages/airflow/example_dags/example_complex.py took 0.122 seconds
[2024-04-05T23:20:45.114+0000] {processor.py:161} INFO - Started process (PID=2610) to work on /home/airflow/.local/lib/python3.8/site-packages/airflow/example_dags/example_complex.py
[2024-04-05T23:20:45.115+0000] {processor.py:830} INFO - Processing file /home/airflow/.local/lib/python3.8/site-packages/airflow/example_dags/example_complex.py for tasks to queue
[2024-04-05T23:20:45.118+0000] {logging_mixin.py:188} INFO - [2024-04-05T23:20:45.117+0000] {dagbag.py:540} INFO - Filling up the DagBag from /home/airflow/.local/lib/python3.8/site-packages/airflow/example_dags/example_complex.py
[2024-04-05T23:20:45.135+0000] {processor.py:840} INFO - DAG(s) 'example_complex' retrieved from /home/airflow/.local/lib/python3.8/site-packages/airflow/example_dags/example_complex.py
[2024-04-05T23:20:45.168+0000] {logging_mixin.py:188} INFO - [2024-04-05T23:20:45.168+0000] {dag.py:3047} INFO - Sync 1 DAGs
[2024-04-05T23:20:45.181+0000] {logging_mixin.py:188} INFO - [2024-04-05T23:20:45.181+0000] {dag.py:3834} INFO - Setting next_dagrun for example_complex to None, run_after=None
[2024-04-05T23:20:45.244+0000] {processor.py:183} INFO - Processing /home/airflow/.local/lib/python3.8/site-packages/airflow/example_dags/example_complex.py took 0.134 seconds
[2024-04-05T23:21:15.592+0000] {processor.py:161} INFO - Started process (PID=2665) to work on /home/airflow/.local/lib/python3.8/site-packages/airflow/example_dags/example_complex.py
[2024-04-05T23:21:15.594+0000] {processor.py:830} INFO - Processing file /home/airflow/.local/lib/python3.8/site-packages/airflow/example_dags/example_complex.py for tasks to queue
[2024-04-05T23:21:15.596+0000] {logging_mixin.py:188} INFO - [2024-04-05T23:21:15.595+0000] {dagbag.py:540} INFO - Filling up the DagBag from /home/airflow/.local/lib/python3.8/site-packages/airflow/example_dags/example_complex.py
[2024-04-05T23:21:15.607+0000] {processor.py:840} INFO - DAG(s) 'example_complex' retrieved from /home/airflow/.local/lib/python3.8/site-packages/airflow/example_dags/example_complex.py
[2024-04-05T23:21:15.640+0000] {logging_mixin.py:188} INFO - [2024-04-05T23:21:15.640+0000] {dag.py:3047} INFO - Sync 1 DAGs
[2024-04-05T23:21:15.653+0000] {logging_mixin.py:188} INFO - [2024-04-05T23:21:15.653+0000] {dag.py:3834} INFO - Setting next_dagrun for example_complex to None, run_after=None
[2024-04-05T23:21:15.719+0000] {processor.py:183} INFO - Processing /home/airflow/.local/lib/python3.8/site-packages/airflow/example_dags/example_complex.py took 0.132 seconds
[2024-04-05T23:21:46.362+0000] {processor.py:161} INFO - Started process (PID=2720) to work on /home/airflow/.local/lib/python3.8/site-packages/airflow/example_dags/example_complex.py
[2024-04-05T23:21:46.363+0000] {processor.py:830} INFO - Processing file /home/airflow/.local/lib/python3.8/site-packages/airflow/example_dags/example_complex.py for tasks to queue
[2024-04-05T23:21:46.366+0000] {logging_mixin.py:188} INFO - [2024-04-05T23:21:46.366+0000] {dagbag.py:540} INFO - Filling up the DagBag from /home/airflow/.local/lib/python3.8/site-packages/airflow/example_dags/example_complex.py
[2024-04-05T23:21:46.381+0000] {processor.py:840} INFO - DAG(s) 'example_complex' retrieved from /home/airflow/.local/lib/python3.8/site-packages/airflow/example_dags/example_complex.py
[2024-04-05T23:21:46.421+0000] {logging_mixin.py:188} INFO - [2024-04-05T23:21:46.420+0000] {dag.py:3047} INFO - Sync 1 DAGs
[2024-04-05T23:21:46.433+0000] {logging_mixin.py:188} INFO - [2024-04-05T23:21:46.433+0000] {dag.py:3834} INFO - Setting next_dagrun for example_complex to None, run_after=None
[2024-04-05T23:21:46.466+0000] {processor.py:183} INFO - Processing /home/airflow/.local/lib/python3.8/site-packages/airflow/example_dags/example_complex.py took 0.108 seconds
[2024-04-05T23:22:16.607+0000] {processor.py:161} INFO - Started process (PID=2773) to work on /home/airflow/.local/lib/python3.8/site-packages/airflow/example_dags/example_complex.py
[2024-04-05T23:22:16.608+0000] {processor.py:830} INFO - Processing file /home/airflow/.local/lib/python3.8/site-packages/airflow/example_dags/example_complex.py for tasks to queue
[2024-04-05T23:22:16.610+0000] {logging_mixin.py:188} INFO - [2024-04-05T23:22:16.610+0000] {dagbag.py:540} INFO - Filling up the DagBag from /home/airflow/.local/lib/python3.8/site-packages/airflow/example_dags/example_complex.py
[2024-04-05T23:22:16.621+0000] {processor.py:840} INFO - DAG(s) 'example_complex' retrieved from /home/airflow/.local/lib/python3.8/site-packages/airflow/example_dags/example_complex.py
[2024-04-05T23:22:16.656+0000] {logging_mixin.py:188} INFO - [2024-04-05T23:22:16.656+0000] {dag.py:3047} INFO - Sync 1 DAGs
[2024-04-05T23:22:16.672+0000] {logging_mixin.py:188} INFO - [2024-04-05T23:22:16.672+0000] {dag.py:3834} INFO - Setting next_dagrun for example_complex to None, run_after=None
[2024-04-05T23:22:16.732+0000] {processor.py:183} INFO - Processing /home/airflow/.local/lib/python3.8/site-packages/airflow/example_dags/example_complex.py took 0.129 seconds
[2024-04-05T23:22:47.014+0000] {processor.py:161} INFO - Started process (PID=2828) to work on /home/airflow/.local/lib/python3.8/site-packages/airflow/example_dags/example_complex.py
[2024-04-05T23:22:47.016+0000] {processor.py:830} INFO - Processing file /home/airflow/.local/lib/python3.8/site-packages/airflow/example_dags/example_complex.py for tasks to queue
[2024-04-05T23:22:47.018+0000] {logging_mixin.py:188} INFO - [2024-04-05T23:22:47.018+0000] {dagbag.py:540} INFO - Filling up the DagBag from /home/airflow/.local/lib/python3.8/site-packages/airflow/example_dags/example_complex.py
[2024-04-05T23:22:47.030+0000] {processor.py:840} INFO - DAG(s) 'example_complex' retrieved from /home/airflow/.local/lib/python3.8/site-packages/airflow/example_dags/example_complex.py
[2024-04-05T23:22:47.064+0000] {logging_mixin.py:188} INFO - [2024-04-05T23:22:47.064+0000] {dag.py:3047} INFO - Sync 1 DAGs
[2024-04-05T23:22:47.076+0000] {logging_mixin.py:188} INFO - [2024-04-05T23:22:47.076+0000] {dag.py:3834} INFO - Setting next_dagrun for example_complex to None, run_after=None
[2024-04-05T23:22:47.145+0000] {processor.py:183} INFO - Processing /home/airflow/.local/lib/python3.8/site-packages/airflow/example_dags/example_complex.py took 0.134 seconds
[2024-04-05T23:23:17.329+0000] {processor.py:161} INFO - Started process (PID=2883) to work on /home/airflow/.local/lib/python3.8/site-packages/airflow/example_dags/example_complex.py
[2024-04-05T23:23:17.332+0000] {processor.py:830} INFO - Processing file /home/airflow/.local/lib/python3.8/site-packages/airflow/example_dags/example_complex.py for tasks to queue
[2024-04-05T23:23:17.335+0000] {logging_mixin.py:188} INFO - [2024-04-05T23:23:17.335+0000] {dagbag.py:540} INFO - Filling up the DagBag from /home/airflow/.local/lib/python3.8/site-packages/airflow/example_dags/example_complex.py
[2024-04-05T23:23:17.356+0000] {processor.py:840} INFO - DAG(s) 'example_complex' retrieved from /home/airflow/.local/lib/python3.8/site-packages/airflow/example_dags/example_complex.py
[2024-04-05T23:23:17.398+0000] {logging_mixin.py:188} INFO - [2024-04-05T23:23:17.398+0000] {dag.py:3047} INFO - Sync 1 DAGs
[2024-04-05T23:23:17.413+0000] {logging_mixin.py:188} INFO - [2024-04-05T23:23:17.413+0000] {dag.py:3834} INFO - Setting next_dagrun for example_complex to None, run_after=None
[2024-04-05T23:23:17.442+0000] {processor.py:183} INFO - Processing /home/airflow/.local/lib/python3.8/site-packages/airflow/example_dags/example_complex.py took 0.117 seconds
[2024-04-05T23:23:47.996+0000] {processor.py:161} INFO - Started process (PID=2939) to work on /home/airflow/.local/lib/python3.8/site-packages/airflow/example_dags/example_complex.py
[2024-04-05T23:23:47.997+0000] {processor.py:830} INFO - Processing file /home/airflow/.local/lib/python3.8/site-packages/airflow/example_dags/example_complex.py for tasks to queue
[2024-04-05T23:23:47.999+0000] {logging_mixin.py:188} INFO - [2024-04-05T23:23:47.999+0000] {dagbag.py:540} INFO - Filling up the DagBag from /home/airflow/.local/lib/python3.8/site-packages/airflow/example_dags/example_complex.py
[2024-04-05T23:23:48.009+0000] {processor.py:840} INFO - DAG(s) 'example_complex' retrieved from /home/airflow/.local/lib/python3.8/site-packages/airflow/example_dags/example_complex.py
[2024-04-05T23:23:48.041+0000] {logging_mixin.py:188} INFO - [2024-04-05T23:23:48.041+0000] {dag.py:3047} INFO - Sync 1 DAGs
[2024-04-05T23:23:48.054+0000] {logging_mixin.py:188} INFO - [2024-04-05T23:23:48.054+0000] {dag.py:3834} INFO - Setting next_dagrun for example_complex to None, run_after=None
[2024-04-05T23:23:48.112+0000] {processor.py:183} INFO - Processing /home/airflow/.local/lib/python3.8/site-packages/airflow/example_dags/example_complex.py took 0.121 seconds
[2024-04-05T23:24:18.427+0000] {processor.py:161} INFO - Started process (PID=2995) to work on /home/airflow/.local/lib/python3.8/site-packages/airflow/example_dags/example_complex.py
[2024-04-05T23:24:18.429+0000] {processor.py:830} INFO - Processing file /home/airflow/.local/lib/python3.8/site-packages/airflow/example_dags/example_complex.py for tasks to queue
[2024-04-05T23:24:18.431+0000] {logging_mixin.py:188} INFO - [2024-04-05T23:24:18.431+0000] {dagbag.py:540} INFO - Filling up the DagBag from /home/airflow/.local/lib/python3.8/site-packages/airflow/example_dags/example_complex.py
[2024-04-05T23:24:18.441+0000] {processor.py:840} INFO - DAG(s) 'example_complex' retrieved from /home/airflow/.local/lib/python3.8/site-packages/airflow/example_dags/example_complex.py
[2024-04-05T23:24:18.476+0000] {logging_mixin.py:188} INFO - [2024-04-05T23:24:18.476+0000] {dag.py:3047} INFO - Sync 1 DAGs
[2024-04-05T23:24:18.491+0000] {logging_mixin.py:188} INFO - [2024-04-05T23:24:18.491+0000] {dag.py:3834} INFO - Setting next_dagrun for example_complex to None, run_after=None
[2024-04-05T23:24:18.550+0000] {processor.py:183} INFO - Processing /home/airflow/.local/lib/python3.8/site-packages/airflow/example_dags/example_complex.py took 0.126 seconds
[2024-04-05T23:24:48.667+0000] {processor.py:161} INFO - Started process (PID=3050) to work on /home/airflow/.local/lib/python3.8/site-packages/airflow/example_dags/example_complex.py
[2024-04-05T23:24:48.668+0000] {processor.py:830} INFO - Processing file /home/airflow/.local/lib/python3.8/site-packages/airflow/example_dags/example_complex.py for tasks to queue
[2024-04-05T23:24:48.669+0000] {logging_mixin.py:188} INFO - [2024-04-05T23:24:48.669+0000] {dagbag.py:540} INFO - Filling up the DagBag from /home/airflow/.local/lib/python3.8/site-packages/airflow/example_dags/example_complex.py
[2024-04-05T23:24:48.682+0000] {processor.py:840} INFO - DAG(s) 'example_complex' retrieved from /home/airflow/.local/lib/python3.8/site-packages/airflow/example_dags/example_complex.py
[2024-04-05T23:24:48.709+0000] {logging_mixin.py:188} INFO - [2024-04-05T23:24:48.709+0000] {dag.py:3047} INFO - Sync 1 DAGs
[2024-04-05T23:24:48.724+0000] {logging_mixin.py:188} INFO - [2024-04-05T23:24:48.724+0000] {dag.py:3834} INFO - Setting next_dagrun for example_complex to None, run_after=None
[2024-04-05T23:24:48.783+0000] {processor.py:183} INFO - Processing /home/airflow/.local/lib/python3.8/site-packages/airflow/example_dags/example_complex.py took 0.120 seconds
[2024-04-05T23:25:19.058+0000] {processor.py:161} INFO - Started process (PID=3106) to work on /home/airflow/.local/lib/python3.8/site-packages/airflow/example_dags/example_complex.py
[2024-04-05T23:25:19.059+0000] {processor.py:830} INFO - Processing file /home/airflow/.local/lib/python3.8/site-packages/airflow/example_dags/example_complex.py for tasks to queue
[2024-04-05T23:25:19.061+0000] {logging_mixin.py:188} INFO - [2024-04-05T23:25:19.061+0000] {dagbag.py:540} INFO - Filling up the DagBag from /home/airflow/.local/lib/python3.8/site-packages/airflow/example_dags/example_complex.py
[2024-04-05T23:25:19.078+0000] {processor.py:840} INFO - DAG(s) 'example_complex' retrieved from /home/airflow/.local/lib/python3.8/site-packages/airflow/example_dags/example_complex.py
[2024-04-05T23:25:19.112+0000] {logging_mixin.py:188} INFO - [2024-04-05T23:25:19.112+0000] {dag.py:3047} INFO - Sync 1 DAGs
[2024-04-05T23:25:19.126+0000] {logging_mixin.py:188} INFO - [2024-04-05T23:25:19.126+0000] {dag.py:3834} INFO - Setting next_dagrun for example_complex to None, run_after=None
[2024-04-05T23:25:19.188+0000] {processor.py:183} INFO - Processing /home/airflow/.local/lib/python3.8/site-packages/airflow/example_dags/example_complex.py took 0.135 seconds
[2024-04-05T23:25:49.688+0000] {processor.py:161} INFO - Started process (PID=3161) to work on /home/airflow/.local/lib/python3.8/site-packages/airflow/example_dags/example_complex.py
[2024-04-05T23:25:49.689+0000] {processor.py:830} INFO - Processing file /home/airflow/.local/lib/python3.8/site-packages/airflow/example_dags/example_complex.py for tasks to queue
[2024-04-05T23:25:49.691+0000] {logging_mixin.py:188} INFO - [2024-04-05T23:25:49.691+0000] {dagbag.py:540} INFO - Filling up the DagBag from /home/airflow/.local/lib/python3.8/site-packages/airflow/example_dags/example_complex.py
[2024-04-05T23:25:49.702+0000] {processor.py:840} INFO - DAG(s) 'example_complex' retrieved from /home/airflow/.local/lib/python3.8/site-packages/airflow/example_dags/example_complex.py
[2024-04-05T23:25:49.737+0000] {logging_mixin.py:188} INFO - [2024-04-05T23:25:49.737+0000] {dag.py:3047} INFO - Sync 1 DAGs
[2024-04-05T23:25:49.751+0000] {logging_mixin.py:188} INFO - [2024-04-05T23:25:49.751+0000] {dag.py:3834} INFO - Setting next_dagrun for example_complex to None, run_after=None
[2024-04-05T23:25:49.771+0000] {processor.py:183} INFO - Processing /home/airflow/.local/lib/python3.8/site-packages/airflow/example_dags/example_complex.py took 0.086 seconds
[2024-04-05T23:26:20.110+0000] {processor.py:161} INFO - Started process (PID=3216) to work on /home/airflow/.local/lib/python3.8/site-packages/airflow/example_dags/example_complex.py
[2024-04-05T23:26:20.111+0000] {processor.py:830} INFO - Processing file /home/airflow/.local/lib/python3.8/site-packages/airflow/example_dags/example_complex.py for tasks to queue
[2024-04-05T23:26:20.114+0000] {logging_mixin.py:188} INFO - [2024-04-05T23:26:20.113+0000] {dagbag.py:540} INFO - Filling up the DagBag from /home/airflow/.local/lib/python3.8/site-packages/airflow/example_dags/example_complex.py
[2024-04-05T23:26:20.127+0000] {processor.py:840} INFO - DAG(s) 'example_complex' retrieved from /home/airflow/.local/lib/python3.8/site-packages/airflow/example_dags/example_complex.py
[2024-04-05T23:26:20.160+0000] {logging_mixin.py:188} INFO - [2024-04-05T23:26:20.160+0000] {dag.py:3047} INFO - Sync 1 DAGs
[2024-04-05T23:26:20.173+0000] {logging_mixin.py:188} INFO - [2024-04-05T23:26:20.173+0000] {dag.py:3834} INFO - Setting next_dagrun for example_complex to None, run_after=None
[2024-04-05T23:26:20.192+0000] {processor.py:183} INFO - Processing /home/airflow/.local/lib/python3.8/site-packages/airflow/example_dags/example_complex.py took 0.086 seconds
[2024-04-05T23:26:50.679+0000] {processor.py:161} INFO - Started process (PID=3271) to work on /home/airflow/.local/lib/python3.8/site-packages/airflow/example_dags/example_complex.py
[2024-04-05T23:26:50.681+0000] {processor.py:830} INFO - Processing file /home/airflow/.local/lib/python3.8/site-packages/airflow/example_dags/example_complex.py for tasks to queue
[2024-04-05T23:26:50.684+0000] {logging_mixin.py:188} INFO - [2024-04-05T23:26:50.683+0000] {dagbag.py:540} INFO - Filling up the DagBag from /home/airflow/.local/lib/python3.8/site-packages/airflow/example_dags/example_complex.py
[2024-04-05T23:26:50.697+0000] {processor.py:840} INFO - DAG(s) 'example_complex' retrieved from /home/airflow/.local/lib/python3.8/site-packages/airflow/example_dags/example_complex.py
[2024-04-05T23:26:50.739+0000] {logging_mixin.py:188} INFO - [2024-04-05T23:26:50.739+0000] {dag.py:3047} INFO - Sync 1 DAGs
[2024-04-05T23:26:50.755+0000] {logging_mixin.py:188} INFO - [2024-04-05T23:26:50.755+0000] {dag.py:3834} INFO - Setting next_dagrun for example_complex to None, run_after=None
[2024-04-05T23:26:50.775+0000] {processor.py:183} INFO - Processing /home/airflow/.local/lib/python3.8/site-packages/airflow/example_dags/example_complex.py took 0.100 seconds
[2024-04-05T23:27:21.471+0000] {processor.py:161} INFO - Started process (PID=3326) to work on /home/airflow/.local/lib/python3.8/site-packages/airflow/example_dags/example_complex.py
[2024-04-05T23:27:21.472+0000] {processor.py:830} INFO - Processing file /home/airflow/.local/lib/python3.8/site-packages/airflow/example_dags/example_complex.py for tasks to queue
[2024-04-05T23:27:21.474+0000] {logging_mixin.py:188} INFO - [2024-04-05T23:27:21.474+0000] {dagbag.py:540} INFO - Filling up the DagBag from /home/airflow/.local/lib/python3.8/site-packages/airflow/example_dags/example_complex.py
[2024-04-05T23:27:21.486+0000] {processor.py:840} INFO - DAG(s) 'example_complex' retrieved from /home/airflow/.local/lib/python3.8/site-packages/airflow/example_dags/example_complex.py
[2024-04-05T23:27:21.521+0000] {logging_mixin.py:188} INFO - [2024-04-05T23:27:21.520+0000] {dag.py:3047} INFO - Sync 1 DAGs
[2024-04-05T23:27:21.532+0000] {logging_mixin.py:188} INFO - [2024-04-05T23:27:21.532+0000] {dag.py:3834} INFO - Setting next_dagrun for example_complex to None, run_after=None
[2024-04-05T23:27:21.594+0000] {processor.py:183} INFO - Processing /home/airflow/.local/lib/python3.8/site-packages/airflow/example_dags/example_complex.py took 0.126 seconds
[2024-04-05T23:27:51.764+0000] {processor.py:161} INFO - Started process (PID=3380) to work on /home/airflow/.local/lib/python3.8/site-packages/airflow/example_dags/example_complex.py
[2024-04-05T23:27:51.766+0000] {processor.py:830} INFO - Processing file /home/airflow/.local/lib/python3.8/site-packages/airflow/example_dags/example_complex.py for tasks to queue
[2024-04-05T23:27:51.768+0000] {logging_mixin.py:188} INFO - [2024-04-05T23:27:51.767+0000] {dagbag.py:540} INFO - Filling up the DagBag from /home/airflow/.local/lib/python3.8/site-packages/airflow/example_dags/example_complex.py
[2024-04-05T23:27:51.778+0000] {processor.py:840} INFO - DAG(s) 'example_complex' retrieved from /home/airflow/.local/lib/python3.8/site-packages/airflow/example_dags/example_complex.py
[2024-04-05T23:27:51.807+0000] {logging_mixin.py:188} INFO - [2024-04-05T23:27:51.807+0000] {dag.py:3047} INFO - Sync 1 DAGs
[2024-04-05T23:27:51.817+0000] {logging_mixin.py:188} INFO - [2024-04-05T23:27:51.817+0000] {dag.py:3834} INFO - Setting next_dagrun for example_complex to None, run_after=None
[2024-04-05T23:27:51.880+0000] {processor.py:183} INFO - Processing /home/airflow/.local/lib/python3.8/site-packages/airflow/example_dags/example_complex.py took 0.119 seconds
[2024-04-05T23:28:22.267+0000] {processor.py:161} INFO - Started process (PID=3435) to work on /home/airflow/.local/lib/python3.8/site-packages/airflow/example_dags/example_complex.py
[2024-04-05T23:28:22.268+0000] {processor.py:830} INFO - Processing file /home/airflow/.local/lib/python3.8/site-packages/airflow/example_dags/example_complex.py for tasks to queue
[2024-04-05T23:28:22.270+0000] {logging_mixin.py:188} INFO - [2024-04-05T23:28:22.270+0000] {dagbag.py:540} INFO - Filling up the DagBag from /home/airflow/.local/lib/python3.8/site-packages/airflow/example_dags/example_complex.py
[2024-04-05T23:28:22.283+0000] {processor.py:840} INFO - DAG(s) 'example_complex' retrieved from /home/airflow/.local/lib/python3.8/site-packages/airflow/example_dags/example_complex.py
[2024-04-05T23:28:22.315+0000] {logging_mixin.py:188} INFO - [2024-04-05T23:28:22.314+0000] {dag.py:3047} INFO - Sync 1 DAGs
[2024-04-05T23:28:22.329+0000] {logging_mixin.py:188} INFO - [2024-04-05T23:28:22.328+0000] {dag.py:3834} INFO - Setting next_dagrun for example_complex to None, run_after=None
[2024-04-05T23:28:22.390+0000] {processor.py:183} INFO - Processing /home/airflow/.local/lib/python3.8/site-packages/airflow/example_dags/example_complex.py took 0.128 seconds
