[2024-04-05T22:57:15.313+0000] {processor.py:161} INFO - Started process (PID=65) to work on /home/airflow/.local/lib/python3.8/site-packages/airflow/example_dags/example_python_decorator.py
[2024-04-05T22:57:15.320+0000] {processor.py:830} INFO - Processing file /home/airflow/.local/lib/python3.8/site-packages/airflow/example_dags/example_python_decorator.py for tasks to queue
[2024-04-05T22:57:15.324+0000] {logging_mixin.py:188} INFO - [2024-04-05T22:57:15.324+0000] {dagbag.py:540} INFO - Filling up the DagBag from /home/airflow/.local/lib/python3.8/site-packages/airflow/example_dags/example_python_decorator.py
[2024-04-05T22:57:15.352+0000] {processor.py:840} INFO - DAG(s) 'example_python_decorator' retrieved from /home/airflow/.local/lib/python3.8/site-packages/airflow/example_dags/example_python_decorator.py
[2024-04-05T22:57:15.790+0000] {logging_mixin.py:188} INFO - [2024-04-05T22:57:15.789+0000] {dag.py:3047} INFO - Sync 1 DAGs
[2024-04-05T22:57:15.833+0000] {logging_mixin.py:188} INFO - [2024-04-05T22:57:15.829+0000] {dag.py:3834} INFO - Setting next_dagrun for example_python_decorator to None, run_after=None
[2024-04-05T22:57:15.910+0000] {processor.py:183} INFO - Processing /home/airflow/.local/lib/python3.8/site-packages/airflow/example_dags/example_python_decorator.py took 0.610 seconds
[2024-04-05T22:57:46.919+0000] {processor.py:161} INFO - Started process (PID=121) to work on /home/airflow/.local/lib/python3.8/site-packages/airflow/example_dags/example_python_decorator.py
[2024-04-05T22:57:46.920+0000] {processor.py:830} INFO - Processing file /home/airflow/.local/lib/python3.8/site-packages/airflow/example_dags/example_python_decorator.py for tasks to queue
[2024-04-05T22:57:46.923+0000] {logging_mixin.py:188} INFO - [2024-04-05T22:57:46.923+0000] {dagbag.py:540} INFO - Filling up the DagBag from /home/airflow/.local/lib/python3.8/site-packages/airflow/example_dags/example_python_decorator.py
[2024-04-05T22:57:46.939+0000] {processor.py:840} INFO - DAG(s) 'example_python_decorator' retrieved from /home/airflow/.local/lib/python3.8/site-packages/airflow/example_dags/example_python_decorator.py
[2024-04-05T22:57:46.966+0000] {logging_mixin.py:188} INFO - [2024-04-05T22:57:46.966+0000] {dag.py:3047} INFO - Sync 1 DAGs
[2024-04-05T22:57:46.982+0000] {logging_mixin.py:188} INFO - [2024-04-05T22:57:46.982+0000] {dag.py:3834} INFO - Setting next_dagrun for example_python_decorator to None, run_after=None
[2024-04-05T22:57:47.010+0000] {processor.py:183} INFO - Processing /home/airflow/.local/lib/python3.8/site-packages/airflow/example_dags/example_python_decorator.py took 0.095 seconds
[2024-04-05T22:58:17.414+0000] {processor.py:161} INFO - Started process (PID=176) to work on /home/airflow/.local/lib/python3.8/site-packages/airflow/example_dags/example_python_decorator.py
[2024-04-05T22:58:17.416+0000] {processor.py:830} INFO - Processing file /home/airflow/.local/lib/python3.8/site-packages/airflow/example_dags/example_python_decorator.py for tasks to queue
[2024-04-05T22:58:17.420+0000] {logging_mixin.py:188} INFO - [2024-04-05T22:58:17.419+0000] {dagbag.py:540} INFO - Filling up the DagBag from /home/airflow/.local/lib/python3.8/site-packages/airflow/example_dags/example_python_decorator.py
[2024-04-05T22:58:17.440+0000] {processor.py:840} INFO - DAG(s) 'example_python_decorator' retrieved from /home/airflow/.local/lib/python3.8/site-packages/airflow/example_dags/example_python_decorator.py
[2024-04-05T22:58:17.466+0000] {logging_mixin.py:188} INFO - [2024-04-05T22:58:17.466+0000] {dag.py:3047} INFO - Sync 1 DAGs
[2024-04-05T22:58:17.485+0000] {logging_mixin.py:188} INFO - [2024-04-05T22:58:17.484+0000] {dag.py:3834} INFO - Setting next_dagrun for example_python_decorator to None, run_after=None
[2024-04-05T22:58:17.512+0000] {processor.py:183} INFO - Processing /home/airflow/.local/lib/python3.8/site-packages/airflow/example_dags/example_python_decorator.py took 0.102 seconds
[2024-04-05T22:58:48.930+0000] {processor.py:161} INFO - Started process (PID=230) to work on /home/airflow/.local/lib/python3.8/site-packages/airflow/example_dags/example_python_decorator.py
[2024-04-05T22:58:48.932+0000] {processor.py:830} INFO - Processing file /home/airflow/.local/lib/python3.8/site-packages/airflow/example_dags/example_python_decorator.py for tasks to queue
[2024-04-05T22:58:48.934+0000] {logging_mixin.py:188} INFO - [2024-04-05T22:58:48.934+0000] {dagbag.py:540} INFO - Filling up the DagBag from /home/airflow/.local/lib/python3.8/site-packages/airflow/example_dags/example_python_decorator.py
[2024-04-05T22:58:48.952+0000] {processor.py:840} INFO - DAG(s) 'example_python_decorator' retrieved from /home/airflow/.local/lib/python3.8/site-packages/airflow/example_dags/example_python_decorator.py
[2024-04-05T22:58:48.999+0000] {logging_mixin.py:188} INFO - [2024-04-05T22:58:48.998+0000] {dag.py:3047} INFO - Sync 1 DAGs
[2024-04-05T22:58:49.018+0000] {logging_mixin.py:188} INFO - [2024-04-05T22:58:49.018+0000] {dag.py:3834} INFO - Setting next_dagrun for example_python_decorator to None, run_after=None
[2024-04-05T22:58:49.054+0000] {processor.py:183} INFO - Processing /home/airflow/.local/lib/python3.8/site-packages/airflow/example_dags/example_python_decorator.py took 0.130 seconds
[2024-04-05T22:59:19.837+0000] {processor.py:161} INFO - Started process (PID=285) to work on /home/airflow/.local/lib/python3.8/site-packages/airflow/example_dags/example_python_decorator.py
[2024-04-05T22:59:19.838+0000] {processor.py:830} INFO - Processing file /home/airflow/.local/lib/python3.8/site-packages/airflow/example_dags/example_python_decorator.py for tasks to queue
[2024-04-05T22:59:19.842+0000] {logging_mixin.py:188} INFO - [2024-04-05T22:59:19.841+0000] {dagbag.py:540} INFO - Filling up the DagBag from /home/airflow/.local/lib/python3.8/site-packages/airflow/example_dags/example_python_decorator.py
[2024-04-05T22:59:19.864+0000] {processor.py:840} INFO - DAG(s) 'example_python_decorator' retrieved from /home/airflow/.local/lib/python3.8/site-packages/airflow/example_dags/example_python_decorator.py
[2024-04-05T22:59:19.900+0000] {logging_mixin.py:188} INFO - [2024-04-05T22:59:19.900+0000] {dag.py:3047} INFO - Sync 1 DAGs
[2024-04-05T22:59:20.102+0000] {logging_mixin.py:188} INFO - [2024-04-05T22:59:20.102+0000] {dag.py:3834} INFO - Setting next_dagrun for example_python_decorator to None, run_after=None
[2024-04-05T22:59:20.137+0000] {processor.py:183} INFO - Processing /home/airflow/.local/lib/python3.8/site-packages/airflow/example_dags/example_python_decorator.py took 0.307 seconds
[2024-04-05T22:59:50.306+0000] {processor.py:161} INFO - Started process (PID=340) to work on /home/airflow/.local/lib/python3.8/site-packages/airflow/example_dags/example_python_decorator.py
[2024-04-05T22:59:50.308+0000] {processor.py:830} INFO - Processing file /home/airflow/.local/lib/python3.8/site-packages/airflow/example_dags/example_python_decorator.py for tasks to queue
[2024-04-05T22:59:50.311+0000] {logging_mixin.py:188} INFO - [2024-04-05T22:59:50.311+0000] {dagbag.py:540} INFO - Filling up the DagBag from /home/airflow/.local/lib/python3.8/site-packages/airflow/example_dags/example_python_decorator.py
[2024-04-05T22:59:50.338+0000] {processor.py:840} INFO - DAG(s) 'example_python_decorator' retrieved from /home/airflow/.local/lib/python3.8/site-packages/airflow/example_dags/example_python_decorator.py
[2024-04-05T22:59:50.382+0000] {logging_mixin.py:188} INFO - [2024-04-05T22:59:50.382+0000] {dag.py:3047} INFO - Sync 1 DAGs
[2024-04-05T22:59:50.408+0000] {logging_mixin.py:188} INFO - [2024-04-05T22:59:50.408+0000] {dag.py:3834} INFO - Setting next_dagrun for example_python_decorator to None, run_after=None
[2024-04-05T22:59:50.443+0000] {processor.py:183} INFO - Processing /home/airflow/.local/lib/python3.8/site-packages/airflow/example_dags/example_python_decorator.py took 0.142 seconds
[2024-04-05T23:00:21.233+0000] {processor.py:161} INFO - Started process (PID=395) to work on /home/airflow/.local/lib/python3.8/site-packages/airflow/example_dags/example_python_decorator.py
[2024-04-05T23:00:21.235+0000] {processor.py:830} INFO - Processing file /home/airflow/.local/lib/python3.8/site-packages/airflow/example_dags/example_python_decorator.py for tasks to queue
[2024-04-05T23:00:21.239+0000] {logging_mixin.py:188} INFO - [2024-04-05T23:00:21.239+0000] {dagbag.py:540} INFO - Filling up the DagBag from /home/airflow/.local/lib/python3.8/site-packages/airflow/example_dags/example_python_decorator.py
[2024-04-05T23:00:21.258+0000] {processor.py:840} INFO - DAG(s) 'example_python_decorator' retrieved from /home/airflow/.local/lib/python3.8/site-packages/airflow/example_dags/example_python_decorator.py
[2024-04-05T23:00:21.290+0000] {logging_mixin.py:188} INFO - [2024-04-05T23:00:21.289+0000] {dag.py:3047} INFO - Sync 1 DAGs
[2024-04-05T23:00:21.306+0000] {logging_mixin.py:188} INFO - [2024-04-05T23:00:21.306+0000] {dag.py:3834} INFO - Setting next_dagrun for example_python_decorator to None, run_after=None
[2024-04-05T23:00:21.333+0000] {processor.py:183} INFO - Processing /home/airflow/.local/lib/python3.8/site-packages/airflow/example_dags/example_python_decorator.py took 0.106 seconds
[2024-04-05T23:00:51.609+0000] {processor.py:161} INFO - Started process (PID=449) to work on /home/airflow/.local/lib/python3.8/site-packages/airflow/example_dags/example_python_decorator.py
[2024-04-05T23:00:51.611+0000] {processor.py:830} INFO - Processing file /home/airflow/.local/lib/python3.8/site-packages/airflow/example_dags/example_python_decorator.py for tasks to queue
[2024-04-05T23:00:51.614+0000] {logging_mixin.py:188} INFO - [2024-04-05T23:00:51.614+0000] {dagbag.py:540} INFO - Filling up the DagBag from /home/airflow/.local/lib/python3.8/site-packages/airflow/example_dags/example_python_decorator.py
[2024-04-05T23:00:51.631+0000] {processor.py:840} INFO - DAG(s) 'example_python_decorator' retrieved from /home/airflow/.local/lib/python3.8/site-packages/airflow/example_dags/example_python_decorator.py
[2024-04-05T23:00:51.663+0000] {logging_mixin.py:188} INFO - [2024-04-05T23:00:51.663+0000] {dag.py:3047} INFO - Sync 1 DAGs
[2024-04-05T23:00:51.678+0000] {logging_mixin.py:188} INFO - [2024-04-05T23:00:51.677+0000] {dag.py:3834} INFO - Setting next_dagrun for example_python_decorator to None, run_after=None
[2024-04-05T23:00:51.702+0000] {processor.py:183} INFO - Processing /home/airflow/.local/lib/python3.8/site-packages/airflow/example_dags/example_python_decorator.py took 0.097 seconds
[2024-04-05T23:01:22.462+0000] {processor.py:161} INFO - Started process (PID=510) to work on /home/airflow/.local/lib/python3.8/site-packages/airflow/example_dags/example_python_decorator.py
[2024-04-05T23:01:22.465+0000] {processor.py:830} INFO - Processing file /home/airflow/.local/lib/python3.8/site-packages/airflow/example_dags/example_python_decorator.py for tasks to queue
[2024-04-05T23:01:22.468+0000] {logging_mixin.py:188} INFO - [2024-04-05T23:01:22.467+0000] {dagbag.py:540} INFO - Filling up the DagBag from /home/airflow/.local/lib/python3.8/site-packages/airflow/example_dags/example_python_decorator.py
[2024-04-05T23:01:22.484+0000] {processor.py:840} INFO - DAG(s) 'example_python_decorator' retrieved from /home/airflow/.local/lib/python3.8/site-packages/airflow/example_dags/example_python_decorator.py
[2024-04-05T23:01:22.681+0000] {logging_mixin.py:188} INFO - [2024-04-05T23:01:22.681+0000] {dag.py:3047} INFO - Sync 1 DAGs
[2024-04-05T23:01:22.695+0000] {logging_mixin.py:188} INFO - [2024-04-05T23:01:22.694+0000] {dag.py:3834} INFO - Setting next_dagrun for example_python_decorator to None, run_after=None
[2024-04-05T23:01:22.722+0000] {processor.py:183} INFO - Processing /home/airflow/.local/lib/python3.8/site-packages/airflow/example_dags/example_python_decorator.py took 0.264 seconds
[2024-04-05T23:01:53.106+0000] {processor.py:161} INFO - Started process (PID=565) to work on /home/airflow/.local/lib/python3.8/site-packages/airflow/example_dags/example_python_decorator.py
[2024-04-05T23:01:53.108+0000] {processor.py:830} INFO - Processing file /home/airflow/.local/lib/python3.8/site-packages/airflow/example_dags/example_python_decorator.py for tasks to queue
[2024-04-05T23:01:53.111+0000] {logging_mixin.py:188} INFO - [2024-04-05T23:01:53.110+0000] {dagbag.py:540} INFO - Filling up the DagBag from /home/airflow/.local/lib/python3.8/site-packages/airflow/example_dags/example_python_decorator.py
[2024-04-05T23:01:53.126+0000] {processor.py:840} INFO - DAG(s) 'example_python_decorator' retrieved from /home/airflow/.local/lib/python3.8/site-packages/airflow/example_dags/example_python_decorator.py
[2024-04-05T23:01:53.157+0000] {logging_mixin.py:188} INFO - [2024-04-05T23:01:53.156+0000] {dag.py:3047} INFO - Sync 1 DAGs
[2024-04-05T23:01:53.176+0000] {logging_mixin.py:188} INFO - [2024-04-05T23:01:53.176+0000] {dag.py:3834} INFO - Setting next_dagrun for example_python_decorator to None, run_after=None
[2024-04-05T23:01:53.200+0000] {processor.py:183} INFO - Processing /home/airflow/.local/lib/python3.8/site-packages/airflow/example_dags/example_python_decorator.py took 0.099 seconds
[2024-04-05T23:02:23.320+0000] {processor.py:161} INFO - Started process (PID=620) to work on /home/airflow/.local/lib/python3.8/site-packages/airflow/example_dags/example_python_decorator.py
[2024-04-05T23:02:23.321+0000] {processor.py:830} INFO - Processing file /home/airflow/.local/lib/python3.8/site-packages/airflow/example_dags/example_python_decorator.py for tasks to queue
[2024-04-05T23:02:23.324+0000] {logging_mixin.py:188} INFO - [2024-04-05T23:02:23.324+0000] {dagbag.py:540} INFO - Filling up the DagBag from /home/airflow/.local/lib/python3.8/site-packages/airflow/example_dags/example_python_decorator.py
[2024-04-05T23:02:23.344+0000] {processor.py:840} INFO - DAG(s) 'example_python_decorator' retrieved from /home/airflow/.local/lib/python3.8/site-packages/airflow/example_dags/example_python_decorator.py
[2024-04-05T23:02:23.374+0000] {logging_mixin.py:188} INFO - [2024-04-05T23:02:23.374+0000] {dag.py:3047} INFO - Sync 1 DAGs
[2024-04-05T23:02:23.393+0000] {logging_mixin.py:188} INFO - [2024-04-05T23:02:23.392+0000] {dag.py:3834} INFO - Setting next_dagrun for example_python_decorator to None, run_after=None
[2024-04-05T23:02:23.415+0000] {processor.py:183} INFO - Processing /home/airflow/.local/lib/python3.8/site-packages/airflow/example_dags/example_python_decorator.py took 0.100 seconds
[2024-04-05T23:02:54.073+0000] {processor.py:161} INFO - Started process (PID=675) to work on /home/airflow/.local/lib/python3.8/site-packages/airflow/example_dags/example_python_decorator.py
[2024-04-05T23:02:54.074+0000] {processor.py:830} INFO - Processing file /home/airflow/.local/lib/python3.8/site-packages/airflow/example_dags/example_python_decorator.py for tasks to queue
[2024-04-05T23:02:54.077+0000] {logging_mixin.py:188} INFO - [2024-04-05T23:02:54.076+0000] {dagbag.py:540} INFO - Filling up the DagBag from /home/airflow/.local/lib/python3.8/site-packages/airflow/example_dags/example_python_decorator.py
[2024-04-05T23:02:54.093+0000] {processor.py:840} INFO - DAG(s) 'example_python_decorator' retrieved from /home/airflow/.local/lib/python3.8/site-packages/airflow/example_dags/example_python_decorator.py
[2024-04-05T23:02:54.120+0000] {logging_mixin.py:188} INFO - [2024-04-05T23:02:54.120+0000] {dag.py:3047} INFO - Sync 1 DAGs
[2024-04-05T23:02:54.135+0000] {logging_mixin.py:188} INFO - [2024-04-05T23:02:54.135+0000] {dag.py:3834} INFO - Setting next_dagrun for example_python_decorator to None, run_after=None
[2024-04-05T23:02:54.157+0000] {processor.py:183} INFO - Processing /home/airflow/.local/lib/python3.8/site-packages/airflow/example_dags/example_python_decorator.py took 0.089 seconds
[2024-04-05T23:03:24.440+0000] {processor.py:161} INFO - Started process (PID=731) to work on /home/airflow/.local/lib/python3.8/site-packages/airflow/example_dags/example_python_decorator.py
[2024-04-05T23:03:24.442+0000] {processor.py:830} INFO - Processing file /home/airflow/.local/lib/python3.8/site-packages/airflow/example_dags/example_python_decorator.py for tasks to queue
[2024-04-05T23:03:24.444+0000] {logging_mixin.py:188} INFO - [2024-04-05T23:03:24.444+0000] {dagbag.py:540} INFO - Filling up the DagBag from /home/airflow/.local/lib/python3.8/site-packages/airflow/example_dags/example_python_decorator.py
[2024-04-05T23:03:24.459+0000] {processor.py:840} INFO - DAG(s) 'example_python_decorator' retrieved from /home/airflow/.local/lib/python3.8/site-packages/airflow/example_dags/example_python_decorator.py
[2024-04-05T23:03:24.481+0000] {logging_mixin.py:188} INFO - [2024-04-05T23:03:24.481+0000] {dag.py:3047} INFO - Sync 1 DAGs
[2024-04-05T23:03:24.494+0000] {logging_mixin.py:188} INFO - [2024-04-05T23:03:24.493+0000] {dag.py:3834} INFO - Setting next_dagrun for example_python_decorator to None, run_after=None
[2024-04-05T23:03:24.513+0000] {processor.py:183} INFO - Processing /home/airflow/.local/lib/python3.8/site-packages/airflow/example_dags/example_python_decorator.py took 0.076 seconds
[2024-04-05T23:03:54.770+0000] {processor.py:161} INFO - Started process (PID=786) to work on /home/airflow/.local/lib/python3.8/site-packages/airflow/example_dags/example_python_decorator.py
[2024-04-05T23:03:54.772+0000] {processor.py:830} INFO - Processing file /home/airflow/.local/lib/python3.8/site-packages/airflow/example_dags/example_python_decorator.py for tasks to queue
[2024-04-05T23:03:54.775+0000] {logging_mixin.py:188} INFO - [2024-04-05T23:03:54.774+0000] {dagbag.py:540} INFO - Filling up the DagBag from /home/airflow/.local/lib/python3.8/site-packages/airflow/example_dags/example_python_decorator.py
[2024-04-05T23:03:54.791+0000] {processor.py:840} INFO - DAG(s) 'example_python_decorator' retrieved from /home/airflow/.local/lib/python3.8/site-packages/airflow/example_dags/example_python_decorator.py
[2024-04-05T23:03:54.818+0000] {logging_mixin.py:188} INFO - [2024-04-05T23:03:54.818+0000] {dag.py:3047} INFO - Sync 1 DAGs
[2024-04-05T23:03:54.833+0000] {logging_mixin.py:188} INFO - [2024-04-05T23:03:54.833+0000] {dag.py:3834} INFO - Setting next_dagrun for example_python_decorator to None, run_after=None
[2024-04-05T23:03:54.904+0000] {processor.py:183} INFO - Processing /home/airflow/.local/lib/python3.8/site-packages/airflow/example_dags/example_python_decorator.py took 0.138 seconds
[2024-04-05T23:04:25.775+0000] {processor.py:161} INFO - Started process (PID=841) to work on /home/airflow/.local/lib/python3.8/site-packages/airflow/example_dags/example_python_decorator.py
[2024-04-05T23:04:25.777+0000] {processor.py:830} INFO - Processing file /home/airflow/.local/lib/python3.8/site-packages/airflow/example_dags/example_python_decorator.py for tasks to queue
[2024-04-05T23:04:25.780+0000] {logging_mixin.py:188} INFO - [2024-04-05T23:04:25.780+0000] {dagbag.py:540} INFO - Filling up the DagBag from /home/airflow/.local/lib/python3.8/site-packages/airflow/example_dags/example_python_decorator.py
[2024-04-05T23:04:25.798+0000] {processor.py:840} INFO - DAG(s) 'example_python_decorator' retrieved from /home/airflow/.local/lib/python3.8/site-packages/airflow/example_dags/example_python_decorator.py
[2024-04-05T23:04:25.827+0000] {logging_mixin.py:188} INFO - [2024-04-05T23:04:25.827+0000] {dag.py:3047} INFO - Sync 1 DAGs
[2024-04-05T23:04:25.843+0000] {logging_mixin.py:188} INFO - [2024-04-05T23:04:25.842+0000] {dag.py:3834} INFO - Setting next_dagrun for example_python_decorator to None, run_after=None
[2024-04-05T23:04:25.867+0000] {processor.py:183} INFO - Processing /home/airflow/.local/lib/python3.8/site-packages/airflow/example_dags/example_python_decorator.py took 0.097 seconds
[2024-04-05T23:04:56.797+0000] {processor.py:161} INFO - Started process (PID=896) to work on /home/airflow/.local/lib/python3.8/site-packages/airflow/example_dags/example_python_decorator.py
[2024-04-05T23:04:56.799+0000] {processor.py:830} INFO - Processing file /home/airflow/.local/lib/python3.8/site-packages/airflow/example_dags/example_python_decorator.py for tasks to queue
[2024-04-05T23:04:56.802+0000] {logging_mixin.py:188} INFO - [2024-04-05T23:04:56.801+0000] {dagbag.py:540} INFO - Filling up the DagBag from /home/airflow/.local/lib/python3.8/site-packages/airflow/example_dags/example_python_decorator.py
[2024-04-05T23:04:56.814+0000] {processor.py:840} INFO - DAG(s) 'example_python_decorator' retrieved from /home/airflow/.local/lib/python3.8/site-packages/airflow/example_dags/example_python_decorator.py
[2024-04-05T23:04:56.838+0000] {logging_mixin.py:188} INFO - [2024-04-05T23:04:56.837+0000] {dag.py:3047} INFO - Sync 1 DAGs
[2024-04-05T23:04:56.850+0000] {logging_mixin.py:188} INFO - [2024-04-05T23:04:56.849+0000] {dag.py:3834} INFO - Setting next_dagrun for example_python_decorator to None, run_after=None
[2024-04-05T23:04:56.869+0000] {processor.py:183} INFO - Processing /home/airflow/.local/lib/python3.8/site-packages/airflow/example_dags/example_python_decorator.py took 0.076 seconds
[2024-04-05T23:05:27.611+0000] {processor.py:161} INFO - Started process (PID=951) to work on /home/airflow/.local/lib/python3.8/site-packages/airflow/example_dags/example_python_decorator.py
[2024-04-05T23:05:27.612+0000] {processor.py:830} INFO - Processing file /home/airflow/.local/lib/python3.8/site-packages/airflow/example_dags/example_python_decorator.py for tasks to queue
[2024-04-05T23:05:27.614+0000] {logging_mixin.py:188} INFO - [2024-04-05T23:05:27.614+0000] {dagbag.py:540} INFO - Filling up the DagBag from /home/airflow/.local/lib/python3.8/site-packages/airflow/example_dags/example_python_decorator.py
[2024-04-05T23:05:27.628+0000] {processor.py:840} INFO - DAG(s) 'example_python_decorator' retrieved from /home/airflow/.local/lib/python3.8/site-packages/airflow/example_dags/example_python_decorator.py
[2024-04-05T23:05:27.654+0000] {logging_mixin.py:188} INFO - [2024-04-05T23:05:27.653+0000] {dag.py:3047} INFO - Sync 1 DAGs
[2024-04-05T23:05:27.671+0000] {logging_mixin.py:188} INFO - [2024-04-05T23:05:27.671+0000] {dag.py:3834} INFO - Setting next_dagrun for example_python_decorator to None, run_after=None
[2024-04-05T23:05:27.732+0000] {processor.py:183} INFO - Processing /home/airflow/.local/lib/python3.8/site-packages/airflow/example_dags/example_python_decorator.py took 0.123 seconds
[2024-04-05T23:05:57.945+0000] {processor.py:161} INFO - Started process (PID=1006) to work on /home/airflow/.local/lib/python3.8/site-packages/airflow/example_dags/example_python_decorator.py
[2024-04-05T23:05:57.947+0000] {processor.py:830} INFO - Processing file /home/airflow/.local/lib/python3.8/site-packages/airflow/example_dags/example_python_decorator.py for tasks to queue
[2024-04-05T23:05:57.950+0000] {logging_mixin.py:188} INFO - [2024-04-05T23:05:57.949+0000] {dagbag.py:540} INFO - Filling up the DagBag from /home/airflow/.local/lib/python3.8/site-packages/airflow/example_dags/example_python_decorator.py
[2024-04-05T23:05:57.965+0000] {processor.py:840} INFO - DAG(s) 'example_python_decorator' retrieved from /home/airflow/.local/lib/python3.8/site-packages/airflow/example_dags/example_python_decorator.py
[2024-04-05T23:05:57.994+0000] {logging_mixin.py:188} INFO - [2024-04-05T23:05:57.994+0000] {dag.py:3047} INFO - Sync 1 DAGs
[2024-04-05T23:05:58.009+0000] {logging_mixin.py:188} INFO - [2024-04-05T23:05:58.009+0000] {dag.py:3834} INFO - Setting next_dagrun for example_python_decorator to None, run_after=None
[2024-04-05T23:05:58.070+0000] {processor.py:183} INFO - Processing /home/airflow/.local/lib/python3.8/site-packages/airflow/example_dags/example_python_decorator.py took 0.131 seconds
[2024-04-05T23:06:28.302+0000] {processor.py:161} INFO - Started process (PID=1061) to work on /home/airflow/.local/lib/python3.8/site-packages/airflow/example_dags/example_python_decorator.py
[2024-04-05T23:06:28.303+0000] {processor.py:830} INFO - Processing file /home/airflow/.local/lib/python3.8/site-packages/airflow/example_dags/example_python_decorator.py for tasks to queue
[2024-04-05T23:06:28.306+0000] {logging_mixin.py:188} INFO - [2024-04-05T23:06:28.306+0000] {dagbag.py:540} INFO - Filling up the DagBag from /home/airflow/.local/lib/python3.8/site-packages/airflow/example_dags/example_python_decorator.py
[2024-04-05T23:06:28.324+0000] {processor.py:840} INFO - DAG(s) 'example_python_decorator' retrieved from /home/airflow/.local/lib/python3.8/site-packages/airflow/example_dags/example_python_decorator.py
[2024-04-05T23:06:28.352+0000] {logging_mixin.py:188} INFO - [2024-04-05T23:06:28.352+0000] {dag.py:3047} INFO - Sync 1 DAGs
[2024-04-05T23:06:28.369+0000] {logging_mixin.py:188} INFO - [2024-04-05T23:06:28.368+0000] {dag.py:3834} INFO - Setting next_dagrun for example_python_decorator to None, run_after=None
[2024-04-05T23:06:28.392+0000] {processor.py:183} INFO - Processing /home/airflow/.local/lib/python3.8/site-packages/airflow/example_dags/example_python_decorator.py took 0.093 seconds
[2024-04-05T23:06:58.713+0000] {processor.py:161} INFO - Started process (PID=1116) to work on /home/airflow/.local/lib/python3.8/site-packages/airflow/example_dags/example_python_decorator.py
[2024-04-05T23:06:58.715+0000] {processor.py:830} INFO - Processing file /home/airflow/.local/lib/python3.8/site-packages/airflow/example_dags/example_python_decorator.py for tasks to queue
[2024-04-05T23:06:58.717+0000] {logging_mixin.py:188} INFO - [2024-04-05T23:06:58.717+0000] {dagbag.py:540} INFO - Filling up the DagBag from /home/airflow/.local/lib/python3.8/site-packages/airflow/example_dags/example_python_decorator.py
[2024-04-05T23:06:58.735+0000] {processor.py:840} INFO - DAG(s) 'example_python_decorator' retrieved from /home/airflow/.local/lib/python3.8/site-packages/airflow/example_dags/example_python_decorator.py
[2024-04-05T23:06:58.766+0000] {logging_mixin.py:188} INFO - [2024-04-05T23:06:58.766+0000] {dag.py:3047} INFO - Sync 1 DAGs
[2024-04-05T23:06:58.782+0000] {logging_mixin.py:188} INFO - [2024-04-05T23:06:58.782+0000] {dag.py:3834} INFO - Setting next_dagrun for example_python_decorator to None, run_after=None
[2024-04-05T23:06:58.850+0000] {processor.py:183} INFO - Processing /home/airflow/.local/lib/python3.8/site-packages/airflow/example_dags/example_python_decorator.py took 0.140 seconds
[2024-04-05T23:07:29.010+0000] {processor.py:161} INFO - Started process (PID=1171) to work on /home/airflow/.local/lib/python3.8/site-packages/airflow/example_dags/example_python_decorator.py
[2024-04-05T23:07:29.011+0000] {processor.py:830} INFO - Processing file /home/airflow/.local/lib/python3.8/site-packages/airflow/example_dags/example_python_decorator.py for tasks to queue
[2024-04-05T23:07:29.014+0000] {logging_mixin.py:188} INFO - [2024-04-05T23:07:29.014+0000] {dagbag.py:540} INFO - Filling up the DagBag from /home/airflow/.local/lib/python3.8/site-packages/airflow/example_dags/example_python_decorator.py
[2024-04-05T23:07:29.034+0000] {processor.py:840} INFO - DAG(s) 'example_python_decorator' retrieved from /home/airflow/.local/lib/python3.8/site-packages/airflow/example_dags/example_python_decorator.py
[2024-04-05T23:07:29.069+0000] {logging_mixin.py:188} INFO - [2024-04-05T23:07:29.069+0000] {dag.py:3047} INFO - Sync 1 DAGs
[2024-04-05T23:07:29.083+0000] {logging_mixin.py:188} INFO - [2024-04-05T23:07:29.083+0000] {dag.py:3834} INFO - Setting next_dagrun for example_python_decorator to None, run_after=None
[2024-04-05T23:07:29.110+0000] {processor.py:183} INFO - Processing /home/airflow/.local/lib/python3.8/site-packages/airflow/example_dags/example_python_decorator.py took 0.104 seconds
[2024-04-05T23:07:59.294+0000] {processor.py:161} INFO - Started process (PID=1226) to work on /home/airflow/.local/lib/python3.8/site-packages/airflow/example_dags/example_python_decorator.py
[2024-04-05T23:07:59.295+0000] {processor.py:830} INFO - Processing file /home/airflow/.local/lib/python3.8/site-packages/airflow/example_dags/example_python_decorator.py for tasks to queue
[2024-04-05T23:07:59.298+0000] {logging_mixin.py:188} INFO - [2024-04-05T23:07:59.298+0000] {dagbag.py:540} INFO - Filling up the DagBag from /home/airflow/.local/lib/python3.8/site-packages/airflow/example_dags/example_python_decorator.py
[2024-04-05T23:07:59.313+0000] {processor.py:840} INFO - DAG(s) 'example_python_decorator' retrieved from /home/airflow/.local/lib/python3.8/site-packages/airflow/example_dags/example_python_decorator.py
[2024-04-05T23:07:59.341+0000] {logging_mixin.py:188} INFO - [2024-04-05T23:07:59.341+0000] {dag.py:3047} INFO - Sync 1 DAGs
[2024-04-05T23:07:59.356+0000] {logging_mixin.py:188} INFO - [2024-04-05T23:07:59.356+0000] {dag.py:3834} INFO - Setting next_dagrun for example_python_decorator to None, run_after=None
[2024-04-05T23:07:59.379+0000] {processor.py:183} INFO - Processing /home/airflow/.local/lib/python3.8/site-packages/airflow/example_dags/example_python_decorator.py took 0.091 seconds
[2024-04-05T23:08:30.144+0000] {processor.py:161} INFO - Started process (PID=1281) to work on /home/airflow/.local/lib/python3.8/site-packages/airflow/example_dags/example_python_decorator.py
[2024-04-05T23:08:30.146+0000] {processor.py:830} INFO - Processing file /home/airflow/.local/lib/python3.8/site-packages/airflow/example_dags/example_python_decorator.py for tasks to queue
[2024-04-05T23:08:30.149+0000] {logging_mixin.py:188} INFO - [2024-04-05T23:08:30.148+0000] {dagbag.py:540} INFO - Filling up the DagBag from /home/airflow/.local/lib/python3.8/site-packages/airflow/example_dags/example_python_decorator.py
[2024-04-05T23:08:30.165+0000] {processor.py:840} INFO - DAG(s) 'example_python_decorator' retrieved from /home/airflow/.local/lib/python3.8/site-packages/airflow/example_dags/example_python_decorator.py
[2024-04-05T23:08:30.189+0000] {logging_mixin.py:188} INFO - [2024-04-05T23:08:30.189+0000] {dag.py:3047} INFO - Sync 1 DAGs
[2024-04-05T23:08:30.204+0000] {logging_mixin.py:188} INFO - [2024-04-05T23:08:30.203+0000] {dag.py:3834} INFO - Setting next_dagrun for example_python_decorator to None, run_after=None
[2024-04-05T23:08:30.226+0000] {processor.py:183} INFO - Processing /home/airflow/.local/lib/python3.8/site-packages/airflow/example_dags/example_python_decorator.py took 0.086 seconds
[2024-04-05T23:09:00.460+0000] {processor.py:161} INFO - Started process (PID=1336) to work on /home/airflow/.local/lib/python3.8/site-packages/airflow/example_dags/example_python_decorator.py
[2024-04-05T23:09:00.462+0000] {processor.py:830} INFO - Processing file /home/airflow/.local/lib/python3.8/site-packages/airflow/example_dags/example_python_decorator.py for tasks to queue
[2024-04-05T23:09:00.465+0000] {logging_mixin.py:188} INFO - [2024-04-05T23:09:00.464+0000] {dagbag.py:540} INFO - Filling up the DagBag from /home/airflow/.local/lib/python3.8/site-packages/airflow/example_dags/example_python_decorator.py
[2024-04-05T23:09:00.481+0000] {processor.py:840} INFO - DAG(s) 'example_python_decorator' retrieved from /home/airflow/.local/lib/python3.8/site-packages/airflow/example_dags/example_python_decorator.py
[2024-04-05T23:09:00.512+0000] {logging_mixin.py:188} INFO - [2024-04-05T23:09:00.512+0000] {dag.py:3047} INFO - Sync 1 DAGs
[2024-04-05T23:09:00.525+0000] {logging_mixin.py:188} INFO - [2024-04-05T23:09:00.525+0000] {dag.py:3834} INFO - Setting next_dagrun for example_python_decorator to None, run_after=None
[2024-04-05T23:09:00.546+0000] {processor.py:183} INFO - Processing /home/airflow/.local/lib/python3.8/site-packages/airflow/example_dags/example_python_decorator.py took 0.089 seconds
[2024-04-05T23:09:30.990+0000] {processor.py:161} INFO - Started process (PID=1391) to work on /home/airflow/.local/lib/python3.8/site-packages/airflow/example_dags/example_python_decorator.py
[2024-04-05T23:09:30.992+0000] {processor.py:830} INFO - Processing file /home/airflow/.local/lib/python3.8/site-packages/airflow/example_dags/example_python_decorator.py for tasks to queue
[2024-04-05T23:09:30.994+0000] {logging_mixin.py:188} INFO - [2024-04-05T23:09:30.994+0000] {dagbag.py:540} INFO - Filling up the DagBag from /home/airflow/.local/lib/python3.8/site-packages/airflow/example_dags/example_python_decorator.py
[2024-04-05T23:09:31.011+0000] {processor.py:840} INFO - DAG(s) 'example_python_decorator' retrieved from /home/airflow/.local/lib/python3.8/site-packages/airflow/example_dags/example_python_decorator.py
[2024-04-05T23:09:31.041+0000] {logging_mixin.py:188} INFO - [2024-04-05T23:09:31.041+0000] {dag.py:3047} INFO - Sync 1 DAGs
[2024-04-05T23:09:31.057+0000] {logging_mixin.py:188} INFO - [2024-04-05T23:09:31.057+0000] {dag.py:3834} INFO - Setting next_dagrun for example_python_decorator to None, run_after=None
[2024-04-05T23:09:31.078+0000] {processor.py:183} INFO - Processing /home/airflow/.local/lib/python3.8/site-packages/airflow/example_dags/example_python_decorator.py took 0.092 seconds
[2024-04-05T23:10:01.129+0000] {processor.py:161} INFO - Started process (PID=1446) to work on /home/airflow/.local/lib/python3.8/site-packages/airflow/example_dags/example_python_decorator.py
[2024-04-05T23:10:01.130+0000] {processor.py:830} INFO - Processing file /home/airflow/.local/lib/python3.8/site-packages/airflow/example_dags/example_python_decorator.py for tasks to queue
[2024-04-05T23:10:01.133+0000] {logging_mixin.py:188} INFO - [2024-04-05T23:10:01.132+0000] {dagbag.py:540} INFO - Filling up the DagBag from /home/airflow/.local/lib/python3.8/site-packages/airflow/example_dags/example_python_decorator.py
[2024-04-05T23:10:01.148+0000] {processor.py:840} INFO - DAG(s) 'example_python_decorator' retrieved from /home/airflow/.local/lib/python3.8/site-packages/airflow/example_dags/example_python_decorator.py
[2024-04-05T23:10:01.175+0000] {logging_mixin.py:188} INFO - [2024-04-05T23:10:01.174+0000] {dag.py:3047} INFO - Sync 1 DAGs
[2024-04-05T23:10:01.188+0000] {logging_mixin.py:188} INFO - [2024-04-05T23:10:01.188+0000] {dag.py:3834} INFO - Setting next_dagrun for example_python_decorator to None, run_after=None
[2024-04-05T23:10:01.208+0000] {processor.py:183} INFO - Processing /home/airflow/.local/lib/python3.8/site-packages/airflow/example_dags/example_python_decorator.py took 0.084 seconds
[2024-04-05T23:10:31.929+0000] {processor.py:161} INFO - Started process (PID=1501) to work on /home/airflow/.local/lib/python3.8/site-packages/airflow/example_dags/example_python_decorator.py
[2024-04-05T23:10:31.930+0000] {processor.py:830} INFO - Processing file /home/airflow/.local/lib/python3.8/site-packages/airflow/example_dags/example_python_decorator.py for tasks to queue
[2024-04-05T23:10:31.933+0000] {logging_mixin.py:188} INFO - [2024-04-05T23:10:31.933+0000] {dagbag.py:540} INFO - Filling up the DagBag from /home/airflow/.local/lib/python3.8/site-packages/airflow/example_dags/example_python_decorator.py
[2024-04-05T23:10:31.948+0000] {processor.py:840} INFO - DAG(s) 'example_python_decorator' retrieved from /home/airflow/.local/lib/python3.8/site-packages/airflow/example_dags/example_python_decorator.py
[2024-04-05T23:10:31.977+0000] {logging_mixin.py:188} INFO - [2024-04-05T23:10:31.977+0000] {dag.py:3047} INFO - Sync 1 DAGs
[2024-04-05T23:10:31.991+0000] {logging_mixin.py:188} INFO - [2024-04-05T23:10:31.991+0000] {dag.py:3834} INFO - Setting next_dagrun for example_python_decorator to None, run_after=None
[2024-04-05T23:10:32.054+0000] {processor.py:183} INFO - Processing /home/airflow/.local/lib/python3.8/site-packages/airflow/example_dags/example_python_decorator.py took 0.131 seconds
[2024-04-05T23:11:02.552+0000] {processor.py:161} INFO - Started process (PID=1556) to work on /home/airflow/.local/lib/python3.8/site-packages/airflow/example_dags/example_python_decorator.py
[2024-04-05T23:11:02.553+0000] {processor.py:830} INFO - Processing file /home/airflow/.local/lib/python3.8/site-packages/airflow/example_dags/example_python_decorator.py for tasks to queue
[2024-04-05T23:11:02.556+0000] {logging_mixin.py:188} INFO - [2024-04-05T23:11:02.556+0000] {dagbag.py:540} INFO - Filling up the DagBag from /home/airflow/.local/lib/python3.8/site-packages/airflow/example_dags/example_python_decorator.py
[2024-04-05T23:11:02.575+0000] {processor.py:840} INFO - DAG(s) 'example_python_decorator' retrieved from /home/airflow/.local/lib/python3.8/site-packages/airflow/example_dags/example_python_decorator.py
[2024-04-05T23:11:02.602+0000] {logging_mixin.py:188} INFO - [2024-04-05T23:11:02.602+0000] {dag.py:3047} INFO - Sync 1 DAGs
[2024-04-05T23:11:02.617+0000] {logging_mixin.py:188} INFO - [2024-04-05T23:11:02.616+0000] {dag.py:3834} INFO - Setting next_dagrun for example_python_decorator to None, run_after=None
[2024-04-05T23:11:02.646+0000] {processor.py:183} INFO - Processing /home/airflow/.local/lib/python3.8/site-packages/airflow/example_dags/example_python_decorator.py took 0.098 seconds
[2024-04-05T23:11:33.160+0000] {processor.py:161} INFO - Started process (PID=1611) to work on /home/airflow/.local/lib/python3.8/site-packages/airflow/example_dags/example_python_decorator.py
[2024-04-05T23:11:33.161+0000] {processor.py:830} INFO - Processing file /home/airflow/.local/lib/python3.8/site-packages/airflow/example_dags/example_python_decorator.py for tasks to queue
[2024-04-05T23:11:33.163+0000] {logging_mixin.py:188} INFO - [2024-04-05T23:11:33.163+0000] {dagbag.py:540} INFO - Filling up the DagBag from /home/airflow/.local/lib/python3.8/site-packages/airflow/example_dags/example_python_decorator.py
[2024-04-05T23:11:33.177+0000] {processor.py:840} INFO - DAG(s) 'example_python_decorator' retrieved from /home/airflow/.local/lib/python3.8/site-packages/airflow/example_dags/example_python_decorator.py
[2024-04-05T23:11:33.206+0000] {logging_mixin.py:188} INFO - [2024-04-05T23:11:33.205+0000] {dag.py:3047} INFO - Sync 1 DAGs
[2024-04-05T23:11:33.219+0000] {logging_mixin.py:188} INFO - [2024-04-05T23:11:33.219+0000] {dag.py:3834} INFO - Setting next_dagrun for example_python_decorator to None, run_after=None
[2024-04-05T23:11:33.240+0000] {processor.py:183} INFO - Processing /home/airflow/.local/lib/python3.8/site-packages/airflow/example_dags/example_python_decorator.py took 0.085 seconds
[2024-04-05T23:12:03.501+0000] {processor.py:161} INFO - Started process (PID=1666) to work on /home/airflow/.local/lib/python3.8/site-packages/airflow/example_dags/example_python_decorator.py
[2024-04-05T23:12:03.503+0000] {processor.py:830} INFO - Processing file /home/airflow/.local/lib/python3.8/site-packages/airflow/example_dags/example_python_decorator.py for tasks to queue
[2024-04-05T23:12:03.505+0000] {logging_mixin.py:188} INFO - [2024-04-05T23:12:03.505+0000] {dagbag.py:540} INFO - Filling up the DagBag from /home/airflow/.local/lib/python3.8/site-packages/airflow/example_dags/example_python_decorator.py
[2024-04-05T23:12:03.525+0000] {processor.py:840} INFO - DAG(s) 'example_python_decorator' retrieved from /home/airflow/.local/lib/python3.8/site-packages/airflow/example_dags/example_python_decorator.py
[2024-04-05T23:12:03.553+0000] {logging_mixin.py:188} INFO - [2024-04-05T23:12:03.552+0000] {dag.py:3047} INFO - Sync 1 DAGs
[2024-04-05T23:12:03.566+0000] {logging_mixin.py:188} INFO - [2024-04-05T23:12:03.565+0000] {dag.py:3834} INFO - Setting next_dagrun for example_python_decorator to None, run_after=None
[2024-04-05T23:12:03.585+0000] {processor.py:183} INFO - Processing /home/airflow/.local/lib/python3.8/site-packages/airflow/example_dags/example_python_decorator.py took 0.089 seconds
[2024-04-05T23:12:33.975+0000] {processor.py:161} INFO - Started process (PID=1721) to work on /home/airflow/.local/lib/python3.8/site-packages/airflow/example_dags/example_python_decorator.py
[2024-04-05T23:12:33.977+0000] {processor.py:830} INFO - Processing file /home/airflow/.local/lib/python3.8/site-packages/airflow/example_dags/example_python_decorator.py for tasks to queue
[2024-04-05T23:12:33.981+0000] {logging_mixin.py:188} INFO - [2024-04-05T23:12:33.981+0000] {dagbag.py:540} INFO - Filling up the DagBag from /home/airflow/.local/lib/python3.8/site-packages/airflow/example_dags/example_python_decorator.py
[2024-04-05T23:12:34.002+0000] {processor.py:840} INFO - DAG(s) 'example_python_decorator' retrieved from /home/airflow/.local/lib/python3.8/site-packages/airflow/example_dags/example_python_decorator.py
[2024-04-05T23:12:34.047+0000] {logging_mixin.py:188} INFO - [2024-04-05T23:12:34.046+0000] {dag.py:3047} INFO - Sync 1 DAGs
[2024-04-05T23:12:34.070+0000] {logging_mixin.py:188} INFO - [2024-04-05T23:12:34.070+0000] {dag.py:3834} INFO - Setting next_dagrun for example_python_decorator to None, run_after=None
[2024-04-05T23:12:34.114+0000] {processor.py:183} INFO - Processing /home/airflow/.local/lib/python3.8/site-packages/airflow/example_dags/example_python_decorator.py took 0.144 seconds
[2024-04-05T23:13:04.258+0000] {processor.py:161} INFO - Started process (PID=1776) to work on /home/airflow/.local/lib/python3.8/site-packages/airflow/example_dags/example_python_decorator.py
[2024-04-05T23:13:04.259+0000] {processor.py:830} INFO - Processing file /home/airflow/.local/lib/python3.8/site-packages/airflow/example_dags/example_python_decorator.py for tasks to queue
[2024-04-05T23:13:04.262+0000] {logging_mixin.py:188} INFO - [2024-04-05T23:13:04.262+0000] {dagbag.py:540} INFO - Filling up the DagBag from /home/airflow/.local/lib/python3.8/site-packages/airflow/example_dags/example_python_decorator.py
[2024-04-05T23:13:04.279+0000] {processor.py:840} INFO - DAG(s) 'example_python_decorator' retrieved from /home/airflow/.local/lib/python3.8/site-packages/airflow/example_dags/example_python_decorator.py
[2024-04-05T23:13:04.307+0000] {logging_mixin.py:188} INFO - [2024-04-05T23:13:04.306+0000] {dag.py:3047} INFO - Sync 1 DAGs
[2024-04-05T23:13:04.320+0000] {logging_mixin.py:188} INFO - [2024-04-05T23:13:04.320+0000] {dag.py:3834} INFO - Setting next_dagrun for example_python_decorator to None, run_after=None
[2024-04-05T23:13:04.380+0000] {processor.py:183} INFO - Processing /home/airflow/.local/lib/python3.8/site-packages/airflow/example_dags/example_python_decorator.py took 0.125 seconds
[2024-04-05T23:13:34.706+0000] {processor.py:161} INFO - Started process (PID=1831) to work on /home/airflow/.local/lib/python3.8/site-packages/airflow/example_dags/example_python_decorator.py
[2024-04-05T23:13:34.709+0000] {processor.py:830} INFO - Processing file /home/airflow/.local/lib/python3.8/site-packages/airflow/example_dags/example_python_decorator.py for tasks to queue
[2024-04-05T23:13:34.715+0000] {logging_mixin.py:188} INFO - [2024-04-05T23:13:34.714+0000] {dagbag.py:540} INFO - Filling up the DagBag from /home/airflow/.local/lib/python3.8/site-packages/airflow/example_dags/example_python_decorator.py
[2024-04-05T23:13:34.736+0000] {processor.py:840} INFO - DAG(s) 'example_python_decorator' retrieved from /home/airflow/.local/lib/python3.8/site-packages/airflow/example_dags/example_python_decorator.py
[2024-04-05T23:13:34.766+0000] {logging_mixin.py:188} INFO - [2024-04-05T23:13:34.766+0000] {dag.py:3047} INFO - Sync 1 DAGs
[2024-04-05T23:13:34.780+0000] {logging_mixin.py:188} INFO - [2024-04-05T23:13:34.780+0000] {dag.py:3834} INFO - Setting next_dagrun for example_python_decorator to None, run_after=None
[2024-04-05T23:13:34.806+0000] {processor.py:183} INFO - Processing /home/airflow/.local/lib/python3.8/site-packages/airflow/example_dags/example_python_decorator.py took 0.105 seconds
[2024-04-05T23:14:05.372+0000] {processor.py:161} INFO - Started process (PID=1886) to work on /home/airflow/.local/lib/python3.8/site-packages/airflow/example_dags/example_python_decorator.py
[2024-04-05T23:14:05.373+0000] {processor.py:830} INFO - Processing file /home/airflow/.local/lib/python3.8/site-packages/airflow/example_dags/example_python_decorator.py for tasks to queue
[2024-04-05T23:14:05.376+0000] {logging_mixin.py:188} INFO - [2024-04-05T23:14:05.376+0000] {dagbag.py:540} INFO - Filling up the DagBag from /home/airflow/.local/lib/python3.8/site-packages/airflow/example_dags/example_python_decorator.py
[2024-04-05T23:14:05.392+0000] {processor.py:840} INFO - DAG(s) 'example_python_decorator' retrieved from /home/airflow/.local/lib/python3.8/site-packages/airflow/example_dags/example_python_decorator.py
[2024-04-05T23:14:05.420+0000] {logging_mixin.py:188} INFO - [2024-04-05T23:14:05.420+0000] {dag.py:3047} INFO - Sync 1 DAGs
[2024-04-05T23:14:05.433+0000] {logging_mixin.py:188} INFO - [2024-04-05T23:14:05.433+0000] {dag.py:3834} INFO - Setting next_dagrun for example_python_decorator to None, run_after=None
[2024-04-05T23:14:05.455+0000] {processor.py:183} INFO - Processing /home/airflow/.local/lib/python3.8/site-packages/airflow/example_dags/example_python_decorator.py took 0.087 seconds
[2024-04-05T23:14:35.717+0000] {processor.py:161} INFO - Started process (PID=1941) to work on /home/airflow/.local/lib/python3.8/site-packages/airflow/example_dags/example_python_decorator.py
[2024-04-05T23:14:35.718+0000] {processor.py:830} INFO - Processing file /home/airflow/.local/lib/python3.8/site-packages/airflow/example_dags/example_python_decorator.py for tasks to queue
[2024-04-05T23:14:35.721+0000] {logging_mixin.py:188} INFO - [2024-04-05T23:14:35.721+0000] {dagbag.py:540} INFO - Filling up the DagBag from /home/airflow/.local/lib/python3.8/site-packages/airflow/example_dags/example_python_decorator.py
[2024-04-05T23:14:35.738+0000] {processor.py:840} INFO - DAG(s) 'example_python_decorator' retrieved from /home/airflow/.local/lib/python3.8/site-packages/airflow/example_dags/example_python_decorator.py
[2024-04-05T23:14:35.769+0000] {logging_mixin.py:188} INFO - [2024-04-05T23:14:35.769+0000] {dag.py:3047} INFO - Sync 1 DAGs
[2024-04-05T23:14:35.785+0000] {logging_mixin.py:188} INFO - [2024-04-05T23:14:35.785+0000] {dag.py:3834} INFO - Setting next_dagrun for example_python_decorator to None, run_after=None
[2024-04-05T23:14:35.850+0000] {processor.py:183} INFO - Processing /home/airflow/.local/lib/python3.8/site-packages/airflow/example_dags/example_python_decorator.py took 0.137 seconds
[2024-04-05T23:15:06.210+0000] {processor.py:161} INFO - Started process (PID=1996) to work on /home/airflow/.local/lib/python3.8/site-packages/airflow/example_dags/example_python_decorator.py
[2024-04-05T23:15:06.211+0000] {processor.py:830} INFO - Processing file /home/airflow/.local/lib/python3.8/site-packages/airflow/example_dags/example_python_decorator.py for tasks to queue
[2024-04-05T23:15:06.214+0000] {logging_mixin.py:188} INFO - [2024-04-05T23:15:06.213+0000] {dagbag.py:540} INFO - Filling up the DagBag from /home/airflow/.local/lib/python3.8/site-packages/airflow/example_dags/example_python_decorator.py
[2024-04-05T23:15:06.228+0000] {processor.py:840} INFO - DAG(s) 'example_python_decorator' retrieved from /home/airflow/.local/lib/python3.8/site-packages/airflow/example_dags/example_python_decorator.py
[2024-04-05T23:15:06.250+0000] {logging_mixin.py:188} INFO - [2024-04-05T23:15:06.249+0000] {dag.py:3047} INFO - Sync 1 DAGs
[2024-04-05T23:15:06.262+0000] {logging_mixin.py:188} INFO - [2024-04-05T23:15:06.262+0000] {dag.py:3834} INFO - Setting next_dagrun for example_python_decorator to None, run_after=None
[2024-04-05T23:15:06.328+0000] {processor.py:183} INFO - Processing /home/airflow/.local/lib/python3.8/site-packages/airflow/example_dags/example_python_decorator.py took 0.123 seconds
[2024-04-05T23:15:36.814+0000] {processor.py:161} INFO - Started process (PID=2051) to work on /home/airflow/.local/lib/python3.8/site-packages/airflow/example_dags/example_python_decorator.py
[2024-04-05T23:15:36.815+0000] {processor.py:830} INFO - Processing file /home/airflow/.local/lib/python3.8/site-packages/airflow/example_dags/example_python_decorator.py for tasks to queue
[2024-04-05T23:15:36.818+0000] {logging_mixin.py:188} INFO - [2024-04-05T23:15:36.817+0000] {dagbag.py:540} INFO - Filling up the DagBag from /home/airflow/.local/lib/python3.8/site-packages/airflow/example_dags/example_python_decorator.py
[2024-04-05T23:15:36.834+0000] {processor.py:840} INFO - DAG(s) 'example_python_decorator' retrieved from /home/airflow/.local/lib/python3.8/site-packages/airflow/example_dags/example_python_decorator.py
[2024-04-05T23:15:36.864+0000] {logging_mixin.py:188} INFO - [2024-04-05T23:15:36.864+0000] {dag.py:3047} INFO - Sync 1 DAGs
[2024-04-05T23:15:36.879+0000] {logging_mixin.py:188} INFO - [2024-04-05T23:15:36.878+0000] {dag.py:3834} INFO - Setting next_dagrun for example_python_decorator to None, run_after=None
[2024-04-05T23:15:36.904+0000] {processor.py:183} INFO - Processing /home/airflow/.local/lib/python3.8/site-packages/airflow/example_dags/example_python_decorator.py took 0.094 seconds
[2024-04-05T23:16:07.734+0000] {processor.py:161} INFO - Started process (PID=2106) to work on /home/airflow/.local/lib/python3.8/site-packages/airflow/example_dags/example_python_decorator.py
[2024-04-05T23:16:07.736+0000] {processor.py:830} INFO - Processing file /home/airflow/.local/lib/python3.8/site-packages/airflow/example_dags/example_python_decorator.py for tasks to queue
[2024-04-05T23:16:07.739+0000] {logging_mixin.py:188} INFO - [2024-04-05T23:16:07.739+0000] {dagbag.py:540} INFO - Filling up the DagBag from /home/airflow/.local/lib/python3.8/site-packages/airflow/example_dags/example_python_decorator.py
[2024-04-05T23:16:07.754+0000] {processor.py:840} INFO - DAG(s) 'example_python_decorator' retrieved from /home/airflow/.local/lib/python3.8/site-packages/airflow/example_dags/example_python_decorator.py
[2024-04-05T23:16:07.780+0000] {logging_mixin.py:188} INFO - [2024-04-05T23:16:07.780+0000] {dag.py:3047} INFO - Sync 1 DAGs
[2024-04-05T23:16:07.795+0000] {logging_mixin.py:188} INFO - [2024-04-05T23:16:07.795+0000] {dag.py:3834} INFO - Setting next_dagrun for example_python_decorator to None, run_after=None
[2024-04-05T23:16:07.816+0000] {processor.py:183} INFO - Processing /home/airflow/.local/lib/python3.8/site-packages/airflow/example_dags/example_python_decorator.py took 0.086 seconds
[2024-04-05T23:16:38.004+0000] {processor.py:161} INFO - Started process (PID=2161) to work on /home/airflow/.local/lib/python3.8/site-packages/airflow/example_dags/example_python_decorator.py
[2024-04-05T23:16:38.005+0000] {processor.py:830} INFO - Processing file /home/airflow/.local/lib/python3.8/site-packages/airflow/example_dags/example_python_decorator.py for tasks to queue
[2024-04-05T23:16:38.007+0000] {logging_mixin.py:188} INFO - [2024-04-05T23:16:38.007+0000] {dagbag.py:540} INFO - Filling up the DagBag from /home/airflow/.local/lib/python3.8/site-packages/airflow/example_dags/example_python_decorator.py
[2024-04-05T23:16:38.023+0000] {processor.py:840} INFO - DAG(s) 'example_python_decorator' retrieved from /home/airflow/.local/lib/python3.8/site-packages/airflow/example_dags/example_python_decorator.py
[2024-04-05T23:16:38.048+0000] {logging_mixin.py:188} INFO - [2024-04-05T23:16:38.047+0000] {dag.py:3047} INFO - Sync 1 DAGs
[2024-04-05T23:16:38.063+0000] {logging_mixin.py:188} INFO - [2024-04-05T23:16:38.063+0000] {dag.py:3834} INFO - Setting next_dagrun for example_python_decorator to None, run_after=None
[2024-04-05T23:16:38.085+0000] {processor.py:183} INFO - Processing /home/airflow/.local/lib/python3.8/site-packages/airflow/example_dags/example_python_decorator.py took 0.084 seconds
[2024-04-05T23:17:08.514+0000] {processor.py:161} INFO - Started process (PID=2216) to work on /home/airflow/.local/lib/python3.8/site-packages/airflow/example_dags/example_python_decorator.py
[2024-04-05T23:17:08.515+0000] {processor.py:830} INFO - Processing file /home/airflow/.local/lib/python3.8/site-packages/airflow/example_dags/example_python_decorator.py for tasks to queue
[2024-04-05T23:17:08.517+0000] {logging_mixin.py:188} INFO - [2024-04-05T23:17:08.517+0000] {dagbag.py:540} INFO - Filling up the DagBag from /home/airflow/.local/lib/python3.8/site-packages/airflow/example_dags/example_python_decorator.py
[2024-04-05T23:17:08.531+0000] {processor.py:840} INFO - DAG(s) 'example_python_decorator' retrieved from /home/airflow/.local/lib/python3.8/site-packages/airflow/example_dags/example_python_decorator.py
[2024-04-05T23:17:08.553+0000] {logging_mixin.py:188} INFO - [2024-04-05T23:17:08.553+0000] {dag.py:3047} INFO - Sync 1 DAGs
[2024-04-05T23:17:08.569+0000] {logging_mixin.py:188} INFO - [2024-04-05T23:17:08.568+0000] {dag.py:3834} INFO - Setting next_dagrun for example_python_decorator to None, run_after=None
[2024-04-05T23:17:08.587+0000] {processor.py:183} INFO - Processing /home/airflow/.local/lib/python3.8/site-packages/airflow/example_dags/example_python_decorator.py took 0.078 seconds
[2024-04-05T23:17:39.227+0000] {processor.py:161} INFO - Started process (PID=2271) to work on /home/airflow/.local/lib/python3.8/site-packages/airflow/example_dags/example_python_decorator.py
[2024-04-05T23:17:39.228+0000] {processor.py:830} INFO - Processing file /home/airflow/.local/lib/python3.8/site-packages/airflow/example_dags/example_python_decorator.py for tasks to queue
[2024-04-05T23:17:39.231+0000] {logging_mixin.py:188} INFO - [2024-04-05T23:17:39.231+0000] {dagbag.py:540} INFO - Filling up the DagBag from /home/airflow/.local/lib/python3.8/site-packages/airflow/example_dags/example_python_decorator.py
[2024-04-05T23:17:39.247+0000] {processor.py:840} INFO - DAG(s) 'example_python_decorator' retrieved from /home/airflow/.local/lib/python3.8/site-packages/airflow/example_dags/example_python_decorator.py
[2024-04-05T23:17:39.274+0000] {logging_mixin.py:188} INFO - [2024-04-05T23:17:39.274+0000] {dag.py:3047} INFO - Sync 1 DAGs
[2024-04-05T23:17:39.288+0000] {logging_mixin.py:188} INFO - [2024-04-05T23:17:39.288+0000] {dag.py:3834} INFO - Setting next_dagrun for example_python_decorator to None, run_after=None
[2024-04-05T23:17:39.312+0000] {processor.py:183} INFO - Processing /home/airflow/.local/lib/python3.8/site-packages/airflow/example_dags/example_python_decorator.py took 0.090 seconds
[2024-04-05T23:18:10.439+0000] {processor.py:161} INFO - Started process (PID=2326) to work on /home/airflow/.local/lib/python3.8/site-packages/airflow/example_dags/example_python_decorator.py
[2024-04-05T23:18:10.441+0000] {processor.py:830} INFO - Processing file /home/airflow/.local/lib/python3.8/site-packages/airflow/example_dags/example_python_decorator.py for tasks to queue
[2024-04-05T23:18:10.443+0000] {logging_mixin.py:188} INFO - [2024-04-05T23:18:10.443+0000] {dagbag.py:540} INFO - Filling up the DagBag from /home/airflow/.local/lib/python3.8/site-packages/airflow/example_dags/example_python_decorator.py
[2024-04-05T23:18:10.465+0000] {processor.py:840} INFO - DAG(s) 'example_python_decorator' retrieved from /home/airflow/.local/lib/python3.8/site-packages/airflow/example_dags/example_python_decorator.py
[2024-04-05T23:18:10.487+0000] {logging_mixin.py:188} INFO - [2024-04-05T23:18:10.487+0000] {dag.py:3047} INFO - Sync 1 DAGs
[2024-04-05T23:18:10.501+0000] {logging_mixin.py:188} INFO - [2024-04-05T23:18:10.501+0000] {dag.py:3834} INFO - Setting next_dagrun for example_python_decorator to None, run_after=None
[2024-04-05T23:18:10.523+0000] {processor.py:183} INFO - Processing /home/airflow/.local/lib/python3.8/site-packages/airflow/example_dags/example_python_decorator.py took 0.088 seconds
[2024-04-05T23:18:40.657+0000] {processor.py:161} INFO - Started process (PID=2381) to work on /home/airflow/.local/lib/python3.8/site-packages/airflow/example_dags/example_python_decorator.py
[2024-04-05T23:18:40.659+0000] {processor.py:830} INFO - Processing file /home/airflow/.local/lib/python3.8/site-packages/airflow/example_dags/example_python_decorator.py for tasks to queue
[2024-04-05T23:18:40.661+0000] {logging_mixin.py:188} INFO - [2024-04-05T23:18:40.660+0000] {dagbag.py:540} INFO - Filling up the DagBag from /home/airflow/.local/lib/python3.8/site-packages/airflow/example_dags/example_python_decorator.py
[2024-04-05T23:18:40.675+0000] {processor.py:840} INFO - DAG(s) 'example_python_decorator' retrieved from /home/airflow/.local/lib/python3.8/site-packages/airflow/example_dags/example_python_decorator.py
[2024-04-05T23:18:40.696+0000] {logging_mixin.py:188} INFO - [2024-04-05T23:18:40.696+0000] {dag.py:3047} INFO - Sync 1 DAGs
[2024-04-05T23:18:40.708+0000] {logging_mixin.py:188} INFO - [2024-04-05T23:18:40.708+0000] {dag.py:3834} INFO - Setting next_dagrun for example_python_decorator to None, run_after=None
[2024-04-05T23:18:40.726+0000] {processor.py:183} INFO - Processing /home/airflow/.local/lib/python3.8/site-packages/airflow/example_dags/example_python_decorator.py took 0.072 seconds
[2024-04-05T23:19:12.007+0000] {processor.py:161} INFO - Started process (PID=2436) to work on /home/airflow/.local/lib/python3.8/site-packages/airflow/example_dags/example_python_decorator.py
[2024-04-05T23:19:12.009+0000] {processor.py:830} INFO - Processing file /home/airflow/.local/lib/python3.8/site-packages/airflow/example_dags/example_python_decorator.py for tasks to queue
[2024-04-05T23:19:12.011+0000] {logging_mixin.py:188} INFO - [2024-04-05T23:19:12.011+0000] {dagbag.py:540} INFO - Filling up the DagBag from /home/airflow/.local/lib/python3.8/site-packages/airflow/example_dags/example_python_decorator.py
[2024-04-05T23:19:12.025+0000] {processor.py:840} INFO - DAG(s) 'example_python_decorator' retrieved from /home/airflow/.local/lib/python3.8/site-packages/airflow/example_dags/example_python_decorator.py
[2024-04-05T23:19:12.047+0000] {logging_mixin.py:188} INFO - [2024-04-05T23:19:12.047+0000] {dag.py:3047} INFO - Sync 1 DAGs
[2024-04-05T23:19:12.062+0000] {logging_mixin.py:188} INFO - [2024-04-05T23:19:12.062+0000] {dag.py:3834} INFO - Setting next_dagrun for example_python_decorator to None, run_after=None
[2024-04-05T23:19:12.080+0000] {processor.py:183} INFO - Processing /home/airflow/.local/lib/python3.8/site-packages/airflow/example_dags/example_python_decorator.py took 0.077 seconds
[2024-04-05T23:19:42.342+0000] {processor.py:161} INFO - Started process (PID=2491) to work on /home/airflow/.local/lib/python3.8/site-packages/airflow/example_dags/example_python_decorator.py
[2024-04-05T23:19:42.344+0000] {processor.py:830} INFO - Processing file /home/airflow/.local/lib/python3.8/site-packages/airflow/example_dags/example_python_decorator.py for tasks to queue
[2024-04-05T23:19:42.347+0000] {logging_mixin.py:188} INFO - [2024-04-05T23:19:42.346+0000] {dagbag.py:540} INFO - Filling up the DagBag from /home/airflow/.local/lib/python3.8/site-packages/airflow/example_dags/example_python_decorator.py
[2024-04-05T23:19:42.362+0000] {processor.py:840} INFO - DAG(s) 'example_python_decorator' retrieved from /home/airflow/.local/lib/python3.8/site-packages/airflow/example_dags/example_python_decorator.py
[2024-04-05T23:19:42.388+0000] {logging_mixin.py:188} INFO - [2024-04-05T23:19:42.388+0000] {dag.py:3047} INFO - Sync 1 DAGs
[2024-04-05T23:19:42.403+0000] {logging_mixin.py:188} INFO - [2024-04-05T23:19:42.403+0000] {dag.py:3834} INFO - Setting next_dagrun for example_python_decorator to None, run_after=None
[2024-04-05T23:19:42.426+0000] {processor.py:183} INFO - Processing /home/airflow/.local/lib/python3.8/site-packages/airflow/example_dags/example_python_decorator.py took 0.087 seconds
[2024-04-05T23:20:12.663+0000] {processor.py:161} INFO - Started process (PID=2546) to work on /home/airflow/.local/lib/python3.8/site-packages/airflow/example_dags/example_python_decorator.py
[2024-04-05T23:20:12.665+0000] {processor.py:830} INFO - Processing file /home/airflow/.local/lib/python3.8/site-packages/airflow/example_dags/example_python_decorator.py for tasks to queue
[2024-04-05T23:20:12.667+0000] {logging_mixin.py:188} INFO - [2024-04-05T23:20:12.667+0000] {dagbag.py:540} INFO - Filling up the DagBag from /home/airflow/.local/lib/python3.8/site-packages/airflow/example_dags/example_python_decorator.py
[2024-04-05T23:20:12.680+0000] {processor.py:840} INFO - DAG(s) 'example_python_decorator' retrieved from /home/airflow/.local/lib/python3.8/site-packages/airflow/example_dags/example_python_decorator.py
[2024-04-05T23:20:12.705+0000] {logging_mixin.py:188} INFO - [2024-04-05T23:20:12.705+0000] {dag.py:3047} INFO - Sync 1 DAGs
[2024-04-05T23:20:12.719+0000] {logging_mixin.py:188} INFO - [2024-04-05T23:20:12.719+0000] {dag.py:3834} INFO - Setting next_dagrun for example_python_decorator to None, run_after=None
[2024-04-05T23:20:12.783+0000] {processor.py:183} INFO - Processing /home/airflow/.local/lib/python3.8/site-packages/airflow/example_dags/example_python_decorator.py took 0.123 seconds
[2024-04-05T23:20:43.097+0000] {processor.py:161} INFO - Started process (PID=2601) to work on /home/airflow/.local/lib/python3.8/site-packages/airflow/example_dags/example_python_decorator.py
[2024-04-05T23:20:43.099+0000] {processor.py:830} INFO - Processing file /home/airflow/.local/lib/python3.8/site-packages/airflow/example_dags/example_python_decorator.py for tasks to queue
[2024-04-05T23:20:43.101+0000] {logging_mixin.py:188} INFO - [2024-04-05T23:20:43.100+0000] {dagbag.py:540} INFO - Filling up the DagBag from /home/airflow/.local/lib/python3.8/site-packages/airflow/example_dags/example_python_decorator.py
[2024-04-05T23:20:43.114+0000] {processor.py:840} INFO - DAG(s) 'example_python_decorator' retrieved from /home/airflow/.local/lib/python3.8/site-packages/airflow/example_dags/example_python_decorator.py
[2024-04-05T23:20:43.136+0000] {logging_mixin.py:188} INFO - [2024-04-05T23:20:43.135+0000] {dag.py:3047} INFO - Sync 1 DAGs
[2024-04-05T23:20:43.149+0000] {logging_mixin.py:188} INFO - [2024-04-05T23:20:43.148+0000] {dag.py:3834} INFO - Setting next_dagrun for example_python_decorator to None, run_after=None
[2024-04-05T23:20:43.216+0000] {processor.py:183} INFO - Processing /home/airflow/.local/lib/python3.8/site-packages/airflow/example_dags/example_python_decorator.py took 0.123 seconds
[2024-04-05T23:21:13.615+0000] {processor.py:161} INFO - Started process (PID=2656) to work on /home/airflow/.local/lib/python3.8/site-packages/airflow/example_dags/example_python_decorator.py
[2024-04-05T23:21:13.616+0000] {processor.py:830} INFO - Processing file /home/airflow/.local/lib/python3.8/site-packages/airflow/example_dags/example_python_decorator.py for tasks to queue
[2024-04-05T23:21:13.619+0000] {logging_mixin.py:188} INFO - [2024-04-05T23:21:13.619+0000] {dagbag.py:540} INFO - Filling up the DagBag from /home/airflow/.local/lib/python3.8/site-packages/airflow/example_dags/example_python_decorator.py
[2024-04-05T23:21:13.634+0000] {processor.py:840} INFO - DAG(s) 'example_python_decorator' retrieved from /home/airflow/.local/lib/python3.8/site-packages/airflow/example_dags/example_python_decorator.py
[2024-04-05T23:21:13.658+0000] {logging_mixin.py:188} INFO - [2024-04-05T23:21:13.658+0000] {dag.py:3047} INFO - Sync 1 DAGs
[2024-04-05T23:21:13.670+0000] {logging_mixin.py:188} INFO - [2024-04-05T23:21:13.670+0000] {dag.py:3834} INFO - Setting next_dagrun for example_python_decorator to None, run_after=None
[2024-04-05T23:21:13.730+0000] {processor.py:183} INFO - Processing /home/airflow/.local/lib/python3.8/site-packages/airflow/example_dags/example_python_decorator.py took 0.120 seconds
[2024-04-05T23:21:43.779+0000] {processor.py:161} INFO - Started process (PID=2711) to work on /home/airflow/.local/lib/python3.8/site-packages/airflow/example_dags/example_python_decorator.py
[2024-04-05T23:21:43.780+0000] {processor.py:830} INFO - Processing file /home/airflow/.local/lib/python3.8/site-packages/airflow/example_dags/example_python_decorator.py for tasks to queue
[2024-04-05T23:21:43.782+0000] {logging_mixin.py:188} INFO - [2024-04-05T23:21:43.782+0000] {dagbag.py:540} INFO - Filling up the DagBag from /home/airflow/.local/lib/python3.8/site-packages/airflow/example_dags/example_python_decorator.py
[2024-04-05T23:21:43.796+0000] {processor.py:840} INFO - DAG(s) 'example_python_decorator' retrieved from /home/airflow/.local/lib/python3.8/site-packages/airflow/example_dags/example_python_decorator.py
[2024-04-05T23:21:43.822+0000] {logging_mixin.py:188} INFO - [2024-04-05T23:21:43.822+0000] {dag.py:3047} INFO - Sync 1 DAGs
[2024-04-05T23:21:43.834+0000] {logging_mixin.py:188} INFO - [2024-04-05T23:21:43.834+0000] {dag.py:3834} INFO - Setting next_dagrun for example_python_decorator to None, run_after=None
[2024-04-05T23:21:43.894+0000] {processor.py:183} INFO - Processing /home/airflow/.local/lib/python3.8/site-packages/airflow/example_dags/example_python_decorator.py took 0.119 seconds
[2024-04-05T23:22:14.919+0000] {processor.py:161} INFO - Started process (PID=2765) to work on /home/airflow/.local/lib/python3.8/site-packages/airflow/example_dags/example_python_decorator.py
[2024-04-05T23:22:14.921+0000] {processor.py:830} INFO - Processing file /home/airflow/.local/lib/python3.8/site-packages/airflow/example_dags/example_python_decorator.py for tasks to queue
[2024-04-05T23:22:14.924+0000] {logging_mixin.py:188} INFO - [2024-04-05T23:22:14.923+0000] {dagbag.py:540} INFO - Filling up the DagBag from /home/airflow/.local/lib/python3.8/site-packages/airflow/example_dags/example_python_decorator.py
[2024-04-05T23:22:14.939+0000] {processor.py:840} INFO - DAG(s) 'example_python_decorator' retrieved from /home/airflow/.local/lib/python3.8/site-packages/airflow/example_dags/example_python_decorator.py
[2024-04-05T23:22:14.963+0000] {logging_mixin.py:188} INFO - [2024-04-05T23:22:14.963+0000] {dag.py:3047} INFO - Sync 1 DAGs
[2024-04-05T23:22:14.976+0000] {logging_mixin.py:188} INFO - [2024-04-05T23:22:14.976+0000] {dag.py:3834} INFO - Setting next_dagrun for example_python_decorator to None, run_after=None
[2024-04-05T23:22:14.998+0000] {processor.py:183} INFO - Processing /home/airflow/.local/lib/python3.8/site-packages/airflow/example_dags/example_python_decorator.py took 0.082 seconds
[2024-04-05T23:22:45.174+0000] {processor.py:161} INFO - Started process (PID=2820) to work on /home/airflow/.local/lib/python3.8/site-packages/airflow/example_dags/example_python_decorator.py
[2024-04-05T23:22:45.176+0000] {processor.py:830} INFO - Processing file /home/airflow/.local/lib/python3.8/site-packages/airflow/example_dags/example_python_decorator.py for tasks to queue
[2024-04-05T23:22:45.178+0000] {logging_mixin.py:188} INFO - [2024-04-05T23:22:45.178+0000] {dagbag.py:540} INFO - Filling up the DagBag from /home/airflow/.local/lib/python3.8/site-packages/airflow/example_dags/example_python_decorator.py
[2024-04-05T23:22:45.192+0000] {processor.py:840} INFO - DAG(s) 'example_python_decorator' retrieved from /home/airflow/.local/lib/python3.8/site-packages/airflow/example_dags/example_python_decorator.py
[2024-04-05T23:22:45.217+0000] {logging_mixin.py:188} INFO - [2024-04-05T23:22:45.216+0000] {dag.py:3047} INFO - Sync 1 DAGs
[2024-04-05T23:22:45.230+0000] {logging_mixin.py:188} INFO - [2024-04-05T23:22:45.230+0000] {dag.py:3834} INFO - Setting next_dagrun for example_python_decorator to None, run_after=None
[2024-04-05T23:22:45.299+0000] {processor.py:183} INFO - Processing /home/airflow/.local/lib/python3.8/site-packages/airflow/example_dags/example_python_decorator.py took 0.129 seconds
[2024-04-05T23:23:15.827+0000] {processor.py:161} INFO - Started process (PID=2875) to work on /home/airflow/.local/lib/python3.8/site-packages/airflow/example_dags/example_python_decorator.py
[2024-04-05T23:23:15.828+0000] {processor.py:830} INFO - Processing file /home/airflow/.local/lib/python3.8/site-packages/airflow/example_dags/example_python_decorator.py for tasks to queue
[2024-04-05T23:23:15.830+0000] {logging_mixin.py:188} INFO - [2024-04-05T23:23:15.830+0000] {dagbag.py:540} INFO - Filling up the DagBag from /home/airflow/.local/lib/python3.8/site-packages/airflow/example_dags/example_python_decorator.py
[2024-04-05T23:23:15.847+0000] {processor.py:840} INFO - DAG(s) 'example_python_decorator' retrieved from /home/airflow/.local/lib/python3.8/site-packages/airflow/example_dags/example_python_decorator.py
[2024-04-05T23:23:15.874+0000] {logging_mixin.py:188} INFO - [2024-04-05T23:23:15.874+0000] {dag.py:3047} INFO - Sync 1 DAGs
[2024-04-05T23:23:15.887+0000] {logging_mixin.py:188} INFO - [2024-04-05T23:23:15.887+0000] {dag.py:3834} INFO - Setting next_dagrun for example_python_decorator to None, run_after=None
[2024-04-05T23:23:15.906+0000] {processor.py:183} INFO - Processing /home/airflow/.local/lib/python3.8/site-packages/airflow/example_dags/example_python_decorator.py took 0.083 seconds
[2024-04-05T23:23:46.098+0000] {processor.py:161} INFO - Started process (PID=2930) to work on /home/airflow/.local/lib/python3.8/site-packages/airflow/example_dags/example_python_decorator.py
[2024-04-05T23:23:46.099+0000] {processor.py:830} INFO - Processing file /home/airflow/.local/lib/python3.8/site-packages/airflow/example_dags/example_python_decorator.py for tasks to queue
[2024-04-05T23:23:46.102+0000] {logging_mixin.py:188} INFO - [2024-04-05T23:23:46.102+0000] {dagbag.py:540} INFO - Filling up the DagBag from /home/airflow/.local/lib/python3.8/site-packages/airflow/example_dags/example_python_decorator.py
[2024-04-05T23:23:46.116+0000] {processor.py:840} INFO - DAG(s) 'example_python_decorator' retrieved from /home/airflow/.local/lib/python3.8/site-packages/airflow/example_dags/example_python_decorator.py
[2024-04-05T23:23:46.148+0000] {logging_mixin.py:188} INFO - [2024-04-05T23:23:46.148+0000] {dag.py:3047} INFO - Sync 1 DAGs
[2024-04-05T23:23:46.170+0000] {logging_mixin.py:188} INFO - [2024-04-05T23:23:46.170+0000] {dag.py:3834} INFO - Setting next_dagrun for example_python_decorator to None, run_after=None
[2024-04-05T23:23:46.238+0000] {processor.py:183} INFO - Processing /home/airflow/.local/lib/python3.8/site-packages/airflow/example_dags/example_python_decorator.py took 0.146 seconds
[2024-04-05T23:24:16.600+0000] {processor.py:161} INFO - Started process (PID=2986) to work on /home/airflow/.local/lib/python3.8/site-packages/airflow/example_dags/example_python_decorator.py
[2024-04-05T23:24:16.601+0000] {processor.py:830} INFO - Processing file /home/airflow/.local/lib/python3.8/site-packages/airflow/example_dags/example_python_decorator.py for tasks to queue
[2024-04-05T23:24:16.604+0000] {logging_mixin.py:188} INFO - [2024-04-05T23:24:16.603+0000] {dagbag.py:540} INFO - Filling up the DagBag from /home/airflow/.local/lib/python3.8/site-packages/airflow/example_dags/example_python_decorator.py
[2024-04-05T23:24:16.616+0000] {processor.py:840} INFO - DAG(s) 'example_python_decorator' retrieved from /home/airflow/.local/lib/python3.8/site-packages/airflow/example_dags/example_python_decorator.py
[2024-04-05T23:24:16.641+0000] {logging_mixin.py:188} INFO - [2024-04-05T23:24:16.641+0000] {dag.py:3047} INFO - Sync 1 DAGs
[2024-04-05T23:24:16.653+0000] {logging_mixin.py:188} INFO - [2024-04-05T23:24:16.653+0000] {dag.py:3834} INFO - Setting next_dagrun for example_python_decorator to None, run_after=None
[2024-04-05T23:24:16.676+0000] {processor.py:183} INFO - Processing /home/airflow/.local/lib/python3.8/site-packages/airflow/example_dags/example_python_decorator.py took 0.080 seconds
[2024-04-05T23:24:46.869+0000] {processor.py:161} INFO - Started process (PID=3042) to work on /home/airflow/.local/lib/python3.8/site-packages/airflow/example_dags/example_python_decorator.py
[2024-04-05T23:24:46.870+0000] {processor.py:830} INFO - Processing file /home/airflow/.local/lib/python3.8/site-packages/airflow/example_dags/example_python_decorator.py for tasks to queue
[2024-04-05T23:24:46.873+0000] {logging_mixin.py:188} INFO - [2024-04-05T23:24:46.873+0000] {dagbag.py:540} INFO - Filling up the DagBag from /home/airflow/.local/lib/python3.8/site-packages/airflow/example_dags/example_python_decorator.py
[2024-04-05T23:24:46.886+0000] {processor.py:840} INFO - DAG(s) 'example_python_decorator' retrieved from /home/airflow/.local/lib/python3.8/site-packages/airflow/example_dags/example_python_decorator.py
[2024-04-05T23:24:46.915+0000] {logging_mixin.py:188} INFO - [2024-04-05T23:24:46.915+0000] {dag.py:3047} INFO - Sync 1 DAGs
[2024-04-05T23:24:46.930+0000] {logging_mixin.py:188} INFO - [2024-04-05T23:24:46.930+0000] {dag.py:3834} INFO - Setting next_dagrun for example_python_decorator to None, run_after=None
[2024-04-05T23:24:46.985+0000] {processor.py:183} INFO - Processing /home/airflow/.local/lib/python3.8/site-packages/airflow/example_dags/example_python_decorator.py took 0.120 seconds
[2024-04-05T23:25:17.343+0000] {processor.py:161} INFO - Started process (PID=3097) to work on /home/airflow/.local/lib/python3.8/site-packages/airflow/example_dags/example_python_decorator.py
[2024-04-05T23:25:17.345+0000] {processor.py:830} INFO - Processing file /home/airflow/.local/lib/python3.8/site-packages/airflow/example_dags/example_python_decorator.py for tasks to queue
[2024-04-05T23:25:17.348+0000] {logging_mixin.py:188} INFO - [2024-04-05T23:25:17.347+0000] {dagbag.py:540} INFO - Filling up the DagBag from /home/airflow/.local/lib/python3.8/site-packages/airflow/example_dags/example_python_decorator.py
[2024-04-05T23:25:17.361+0000] {processor.py:840} INFO - DAG(s) 'example_python_decorator' retrieved from /home/airflow/.local/lib/python3.8/site-packages/airflow/example_dags/example_python_decorator.py
[2024-04-05T23:25:17.386+0000] {logging_mixin.py:188} INFO - [2024-04-05T23:25:17.385+0000] {dag.py:3047} INFO - Sync 1 DAGs
[2024-04-05T23:25:17.397+0000] {logging_mixin.py:188} INFO - [2024-04-05T23:25:17.397+0000] {dag.py:3834} INFO - Setting next_dagrun for example_python_decorator to None, run_after=None
[2024-04-05T23:25:17.418+0000] {processor.py:183} INFO - Processing /home/airflow/.local/lib/python3.8/site-packages/airflow/example_dags/example_python_decorator.py took 0.078 seconds
[2024-04-05T23:25:47.800+0000] {processor.py:161} INFO - Started process (PID=3152) to work on /home/airflow/.local/lib/python3.8/site-packages/airflow/example_dags/example_python_decorator.py
[2024-04-05T23:25:47.802+0000] {processor.py:830} INFO - Processing file /home/airflow/.local/lib/python3.8/site-packages/airflow/example_dags/example_python_decorator.py for tasks to queue
[2024-04-05T23:25:47.804+0000] {logging_mixin.py:188} INFO - [2024-04-05T23:25:47.803+0000] {dagbag.py:540} INFO - Filling up the DagBag from /home/airflow/.local/lib/python3.8/site-packages/airflow/example_dags/example_python_decorator.py
[2024-04-05T23:25:47.819+0000] {processor.py:840} INFO - DAG(s) 'example_python_decorator' retrieved from /home/airflow/.local/lib/python3.8/site-packages/airflow/example_dags/example_python_decorator.py
[2024-04-05T23:25:47.843+0000] {logging_mixin.py:188} INFO - [2024-04-05T23:25:47.843+0000] {dag.py:3047} INFO - Sync 1 DAGs
[2024-04-05T23:25:47.855+0000] {logging_mixin.py:188} INFO - [2024-04-05T23:25:47.855+0000] {dag.py:3834} INFO - Setting next_dagrun for example_python_decorator to None, run_after=None
[2024-04-05T23:25:47.919+0000] {processor.py:183} INFO - Processing /home/airflow/.local/lib/python3.8/site-packages/airflow/example_dags/example_python_decorator.py took 0.122 seconds
[2024-04-05T23:26:18.327+0000] {processor.py:161} INFO - Started process (PID=3207) to work on /home/airflow/.local/lib/python3.8/site-packages/airflow/example_dags/example_python_decorator.py
[2024-04-05T23:26:18.328+0000] {processor.py:830} INFO - Processing file /home/airflow/.local/lib/python3.8/site-packages/airflow/example_dags/example_python_decorator.py for tasks to queue
[2024-04-05T23:26:18.330+0000] {logging_mixin.py:188} INFO - [2024-04-05T23:26:18.330+0000] {dagbag.py:540} INFO - Filling up the DagBag from /home/airflow/.local/lib/python3.8/site-packages/airflow/example_dags/example_python_decorator.py
[2024-04-05T23:26:18.345+0000] {processor.py:840} INFO - DAG(s) 'example_python_decorator' retrieved from /home/airflow/.local/lib/python3.8/site-packages/airflow/example_dags/example_python_decorator.py
[2024-04-05T23:26:18.367+0000] {logging_mixin.py:188} INFO - [2024-04-05T23:26:18.367+0000] {dag.py:3047} INFO - Sync 1 DAGs
[2024-04-05T23:26:18.382+0000] {logging_mixin.py:188} INFO - [2024-04-05T23:26:18.381+0000] {dag.py:3834} INFO - Setting next_dagrun for example_python_decorator to None, run_after=None
[2024-04-05T23:26:18.440+0000] {processor.py:183} INFO - Processing /home/airflow/.local/lib/python3.8/site-packages/airflow/example_dags/example_python_decorator.py took 0.117 seconds
[2024-04-05T23:26:48.986+0000] {processor.py:161} INFO - Started process (PID=3262) to work on /home/airflow/.local/lib/python3.8/site-packages/airflow/example_dags/example_python_decorator.py
[2024-04-05T23:26:48.991+0000] {processor.py:830} INFO - Processing file /home/airflow/.local/lib/python3.8/site-packages/airflow/example_dags/example_python_decorator.py for tasks to queue
[2024-04-05T23:26:48.994+0000] {logging_mixin.py:188} INFO - [2024-04-05T23:26:48.994+0000] {dagbag.py:540} INFO - Filling up the DagBag from /home/airflow/.local/lib/python3.8/site-packages/airflow/example_dags/example_python_decorator.py
[2024-04-05T23:26:49.007+0000] {processor.py:840} INFO - DAG(s) 'example_python_decorator' retrieved from /home/airflow/.local/lib/python3.8/site-packages/airflow/example_dags/example_python_decorator.py
[2024-04-05T23:26:49.031+0000] {logging_mixin.py:188} INFO - [2024-04-05T23:26:49.030+0000] {dag.py:3047} INFO - Sync 1 DAGs
[2024-04-05T23:26:49.045+0000] {logging_mixin.py:188} INFO - [2024-04-05T23:26:49.045+0000] {dag.py:3834} INFO - Setting next_dagrun for example_python_decorator to None, run_after=None
[2024-04-05T23:26:49.065+0000] {processor.py:183} INFO - Processing /home/airflow/.local/lib/python3.8/site-packages/airflow/example_dags/example_python_decorator.py took 0.083 seconds
[2024-04-05T23:27:19.938+0000] {processor.py:161} INFO - Started process (PID=3317) to work on /home/airflow/.local/lib/python3.8/site-packages/airflow/example_dags/example_python_decorator.py
[2024-04-05T23:27:19.941+0000] {processor.py:830} INFO - Processing file /home/airflow/.local/lib/python3.8/site-packages/airflow/example_dags/example_python_decorator.py for tasks to queue
[2024-04-05T23:27:19.944+0000] {logging_mixin.py:188} INFO - [2024-04-05T23:27:19.944+0000] {dagbag.py:540} INFO - Filling up the DagBag from /home/airflow/.local/lib/python3.8/site-packages/airflow/example_dags/example_python_decorator.py
[2024-04-05T23:27:19.961+0000] {processor.py:840} INFO - DAG(s) 'example_python_decorator' retrieved from /home/airflow/.local/lib/python3.8/site-packages/airflow/example_dags/example_python_decorator.py
[2024-04-05T23:27:19.995+0000] {logging_mixin.py:188} INFO - [2024-04-05T23:27:19.995+0000] {dag.py:3047} INFO - Sync 1 DAGs
[2024-04-05T23:27:20.009+0000] {logging_mixin.py:188} INFO - [2024-04-05T23:27:20.008+0000] {dag.py:3834} INFO - Setting next_dagrun for example_python_decorator to None, run_after=None
[2024-04-05T23:27:20.037+0000] {processor.py:183} INFO - Processing /home/airflow/.local/lib/python3.8/site-packages/airflow/example_dags/example_python_decorator.py took 0.103 seconds
[2024-04-05T23:27:51.043+0000] {processor.py:161} INFO - Started process (PID=3372) to work on /home/airflow/.local/lib/python3.8/site-packages/airflow/example_dags/example_python_decorator.py
[2024-04-05T23:27:51.045+0000] {processor.py:830} INFO - Processing file /home/airflow/.local/lib/python3.8/site-packages/airflow/example_dags/example_python_decorator.py for tasks to queue
[2024-04-05T23:27:51.047+0000] {logging_mixin.py:188} INFO - [2024-04-05T23:27:51.046+0000] {dagbag.py:540} INFO - Filling up the DagBag from /home/airflow/.local/lib/python3.8/site-packages/airflow/example_dags/example_python_decorator.py
[2024-04-05T23:27:51.061+0000] {processor.py:840} INFO - DAG(s) 'example_python_decorator' retrieved from /home/airflow/.local/lib/python3.8/site-packages/airflow/example_dags/example_python_decorator.py
[2024-04-05T23:27:51.084+0000] {logging_mixin.py:188} INFO - [2024-04-05T23:27:51.083+0000] {dag.py:3047} INFO - Sync 1 DAGs
[2024-04-05T23:27:51.097+0000] {logging_mixin.py:188} INFO - [2024-04-05T23:27:51.096+0000] {dag.py:3834} INFO - Setting next_dagrun for example_python_decorator to None, run_after=None
[2024-04-05T23:27:51.164+0000] {processor.py:183} INFO - Processing /home/airflow/.local/lib/python3.8/site-packages/airflow/example_dags/example_python_decorator.py took 0.124 seconds
[2024-04-05T23:28:21.494+0000] {processor.py:161} INFO - Started process (PID=3427) to work on /home/airflow/.local/lib/python3.8/site-packages/airflow/example_dags/example_python_decorator.py
[2024-04-05T23:28:21.496+0000] {processor.py:830} INFO - Processing file /home/airflow/.local/lib/python3.8/site-packages/airflow/example_dags/example_python_decorator.py for tasks to queue
[2024-04-05T23:28:21.498+0000] {logging_mixin.py:188} INFO - [2024-04-05T23:28:21.498+0000] {dagbag.py:540} INFO - Filling up the DagBag from /home/airflow/.local/lib/python3.8/site-packages/airflow/example_dags/example_python_decorator.py
[2024-04-05T23:28:21.510+0000] {processor.py:840} INFO - DAG(s) 'example_python_decorator' retrieved from /home/airflow/.local/lib/python3.8/site-packages/airflow/example_dags/example_python_decorator.py
[2024-04-05T23:28:21.537+0000] {logging_mixin.py:188} INFO - [2024-04-05T23:28:21.536+0000] {dag.py:3047} INFO - Sync 1 DAGs
[2024-04-05T23:28:21.549+0000] {logging_mixin.py:188} INFO - [2024-04-05T23:28:21.549+0000] {dag.py:3834} INFO - Setting next_dagrun for example_python_decorator to None, run_after=None
[2024-04-05T23:28:21.610+0000] {processor.py:183} INFO - Processing /home/airflow/.local/lib/python3.8/site-packages/airflow/example_dags/example_python_decorator.py took 0.120 seconds
