[2024-04-05T22:57:18.193+0000] {processor.py:161} INFO - Started process (PID=81) to work on /home/airflow/.local/lib/python3.8/site-packages/airflow/example_dags/example_task_group_decorator.py
[2024-04-05T22:57:18.199+0000] {processor.py:830} INFO - Processing file /home/airflow/.local/lib/python3.8/site-packages/airflow/example_dags/example_task_group_decorator.py for tasks to queue
[2024-04-05T22:57:18.204+0000] {logging_mixin.py:188} INFO - [2024-04-05T22:57:18.203+0000] {dagbag.py:540} INFO - Filling up the DagBag from /home/airflow/.local/lib/python3.8/site-packages/airflow/example_dags/example_task_group_decorator.py
[2024-04-05T22:57:18.239+0000] {processor.py:840} INFO - DAG(s) 'example_task_group_decorator' retrieved from /home/airflow/.local/lib/python3.8/site-packages/airflow/example_dags/example_task_group_decorator.py
[2024-04-05T22:57:18.293+0000] {logging_mixin.py:188} INFO - [2024-04-05T22:57:18.292+0000] {dag.py:3047} INFO - Sync 1 DAGs
[2024-04-05T22:57:18.335+0000] {logging_mixin.py:188} INFO - [2024-04-05T22:57:18.334+0000] {dag.py:3834} INFO - Setting next_dagrun for example_task_group_decorator to 2024-04-04 00:00:00+00:00, run_after=2024-04-05 00:00:00+00:00
[2024-04-05T22:57:18.624+0000] {processor.py:183} INFO - Processing /home/airflow/.local/lib/python3.8/site-packages/airflow/example_dags/example_task_group_decorator.py took 0.441 seconds
[2024-04-05T22:57:49.080+0000] {processor.py:161} INFO - Started process (PID=136) to work on /home/airflow/.local/lib/python3.8/site-packages/airflow/example_dags/example_task_group_decorator.py
[2024-04-05T22:57:49.081+0000] {processor.py:830} INFO - Processing file /home/airflow/.local/lib/python3.8/site-packages/airflow/example_dags/example_task_group_decorator.py for tasks to queue
[2024-04-05T22:57:49.084+0000] {logging_mixin.py:188} INFO - [2024-04-05T22:57:49.083+0000] {dagbag.py:540} INFO - Filling up the DagBag from /home/airflow/.local/lib/python3.8/site-packages/airflow/example_dags/example_task_group_decorator.py
[2024-04-05T22:57:49.099+0000] {processor.py:840} INFO - DAG(s) 'example_task_group_decorator' retrieved from /home/airflow/.local/lib/python3.8/site-packages/airflow/example_dags/example_task_group_decorator.py
[2024-04-05T22:57:49.130+0000] {logging_mixin.py:188} INFO - [2024-04-05T22:57:49.129+0000] {dag.py:3047} INFO - Sync 1 DAGs
[2024-04-05T22:57:49.155+0000] {logging_mixin.py:188} INFO - [2024-04-05T22:57:49.154+0000] {dag.py:3834} INFO - Setting next_dagrun for example_task_group_decorator to 2024-04-04 00:00:00+00:00, run_after=2024-04-05 00:00:00+00:00
[2024-04-05T22:57:49.175+0000] {processor.py:183} INFO - Processing /home/airflow/.local/lib/python3.8/site-packages/airflow/example_dags/example_task_group_decorator.py took 0.099 seconds
[2024-04-05T22:58:19.852+0000] {processor.py:161} INFO - Started process (PID=191) to work on /home/airflow/.local/lib/python3.8/site-packages/airflow/example_dags/example_task_group_decorator.py
[2024-04-05T22:58:19.854+0000] {processor.py:830} INFO - Processing file /home/airflow/.local/lib/python3.8/site-packages/airflow/example_dags/example_task_group_decorator.py for tasks to queue
[2024-04-05T22:58:19.857+0000] {logging_mixin.py:188} INFO - [2024-04-05T22:58:19.857+0000] {dagbag.py:540} INFO - Filling up the DagBag from /home/airflow/.local/lib/python3.8/site-packages/airflow/example_dags/example_task_group_decorator.py
[2024-04-05T22:58:19.880+0000] {processor.py:840} INFO - DAG(s) 'example_task_group_decorator' retrieved from /home/airflow/.local/lib/python3.8/site-packages/airflow/example_dags/example_task_group_decorator.py
[2024-04-05T22:58:19.917+0000] {logging_mixin.py:188} INFO - [2024-04-05T22:58:19.916+0000] {dag.py:3047} INFO - Sync 1 DAGs
[2024-04-05T22:58:19.951+0000] {logging_mixin.py:188} INFO - [2024-04-05T22:58:19.950+0000] {dag.py:3834} INFO - Setting next_dagrun for example_task_group_decorator to 2024-04-04 00:00:00+00:00, run_after=2024-04-05 00:00:00+00:00
[2024-04-05T22:58:19.980+0000] {processor.py:183} INFO - Processing /home/airflow/.local/lib/python3.8/site-packages/airflow/example_dags/example_task_group_decorator.py took 0.133 seconds
[2024-04-05T22:58:50.384+0000] {processor.py:161} INFO - Started process (PID=246) to work on /home/airflow/.local/lib/python3.8/site-packages/airflow/example_dags/example_task_group_decorator.py
[2024-04-05T22:58:50.386+0000] {processor.py:830} INFO - Processing file /home/airflow/.local/lib/python3.8/site-packages/airflow/example_dags/example_task_group_decorator.py for tasks to queue
[2024-04-05T22:58:50.389+0000] {logging_mixin.py:188} INFO - [2024-04-05T22:58:50.389+0000] {dagbag.py:540} INFO - Filling up the DagBag from /home/airflow/.local/lib/python3.8/site-packages/airflow/example_dags/example_task_group_decorator.py
[2024-04-05T22:58:50.419+0000] {processor.py:840} INFO - DAG(s) 'example_task_group_decorator' retrieved from /home/airflow/.local/lib/python3.8/site-packages/airflow/example_dags/example_task_group_decorator.py
[2024-04-05T22:58:50.458+0000] {logging_mixin.py:188} INFO - [2024-04-05T22:58:50.457+0000] {dag.py:3047} INFO - Sync 1 DAGs
[2024-04-05T22:58:50.483+0000] {logging_mixin.py:188} INFO - [2024-04-05T22:58:50.483+0000] {dag.py:3834} INFO - Setting next_dagrun for example_task_group_decorator to 2024-04-04 00:00:00+00:00, run_after=2024-04-05 00:00:00+00:00
[2024-04-05T22:58:50.508+0000] {processor.py:183} INFO - Processing /home/airflow/.local/lib/python3.8/site-packages/airflow/example_dags/example_task_group_decorator.py took 0.128 seconds
[2024-04-05T22:59:23.633+0000] {processor.py:161} INFO - Started process (PID=307) to work on /home/airflow/.local/lib/python3.8/site-packages/airflow/example_dags/example_task_group_decorator.py
[2024-04-05T22:59:23.635+0000] {processor.py:830} INFO - Processing file /home/airflow/.local/lib/python3.8/site-packages/airflow/example_dags/example_task_group_decorator.py for tasks to queue
[2024-04-05T22:59:23.638+0000] {logging_mixin.py:188} INFO - [2024-04-05T22:59:23.638+0000] {dagbag.py:540} INFO - Filling up the DagBag from /home/airflow/.local/lib/python3.8/site-packages/airflow/example_dags/example_task_group_decorator.py
[2024-04-05T22:59:23.659+0000] {processor.py:840} INFO - DAG(s) 'example_task_group_decorator' retrieved from /home/airflow/.local/lib/python3.8/site-packages/airflow/example_dags/example_task_group_decorator.py
[2024-04-05T22:59:23.698+0000] {logging_mixin.py:188} INFO - [2024-04-05T22:59:23.697+0000] {dag.py:3047} INFO - Sync 1 DAGs
[2024-04-05T22:59:23.925+0000] {logging_mixin.py:188} INFO - [2024-04-05T22:59:23.924+0000] {dag.py:3834} INFO - Setting next_dagrun for example_task_group_decorator to 2024-04-04 00:00:00+00:00, run_after=2024-04-05 00:00:00+00:00
[2024-04-05T22:59:23.957+0000] {processor.py:183} INFO - Processing /home/airflow/.local/lib/python3.8/site-packages/airflow/example_dags/example_task_group_decorator.py took 0.329 seconds
[2024-04-05T22:59:54.665+0000] {processor.py:161} INFO - Started process (PID=362) to work on /home/airflow/.local/lib/python3.8/site-packages/airflow/example_dags/example_task_group_decorator.py
[2024-04-05T22:59:54.668+0000] {processor.py:830} INFO - Processing file /home/airflow/.local/lib/python3.8/site-packages/airflow/example_dags/example_task_group_decorator.py for tasks to queue
[2024-04-05T22:59:54.671+0000] {logging_mixin.py:188} INFO - [2024-04-05T22:59:54.671+0000] {dagbag.py:540} INFO - Filling up the DagBag from /home/airflow/.local/lib/python3.8/site-packages/airflow/example_dags/example_task_group_decorator.py
[2024-04-05T22:59:54.697+0000] {processor.py:840} INFO - DAG(s) 'example_task_group_decorator' retrieved from /home/airflow/.local/lib/python3.8/site-packages/airflow/example_dags/example_task_group_decorator.py
[2024-04-05T22:59:54.736+0000] {logging_mixin.py:188} INFO - [2024-04-05T22:59:54.736+0000] {dag.py:3047} INFO - Sync 1 DAGs
[2024-04-05T22:59:54.983+0000] {logging_mixin.py:188} INFO - [2024-04-05T22:59:54.983+0000] {dag.py:3834} INFO - Setting next_dagrun for example_task_group_decorator to 2024-04-04 00:00:00+00:00, run_after=2024-04-05 00:00:00+00:00
[2024-04-05T22:59:55.013+0000] {processor.py:183} INFO - Processing /home/airflow/.local/lib/python3.8/site-packages/airflow/example_dags/example_task_group_decorator.py took 0.355 seconds
[2024-04-05T23:00:25.577+0000] {processor.py:161} INFO - Started process (PID=417) to work on /home/airflow/.local/lib/python3.8/site-packages/airflow/example_dags/example_task_group_decorator.py
[2024-04-05T23:00:25.579+0000] {processor.py:830} INFO - Processing file /home/airflow/.local/lib/python3.8/site-packages/airflow/example_dags/example_task_group_decorator.py for tasks to queue
[2024-04-05T23:00:25.582+0000] {logging_mixin.py:188} INFO - [2024-04-05T23:00:25.581+0000] {dagbag.py:540} INFO - Filling up the DagBag from /home/airflow/.local/lib/python3.8/site-packages/airflow/example_dags/example_task_group_decorator.py
[2024-04-05T23:00:25.602+0000] {processor.py:840} INFO - DAG(s) 'example_task_group_decorator' retrieved from /home/airflow/.local/lib/python3.8/site-packages/airflow/example_dags/example_task_group_decorator.py
[2024-04-05T23:00:25.634+0000] {logging_mixin.py:188} INFO - [2024-04-05T23:00:25.633+0000] {dag.py:3047} INFO - Sync 1 DAGs
[2024-04-05T23:00:25.662+0000] {logging_mixin.py:188} INFO - [2024-04-05T23:00:25.662+0000] {dag.py:3834} INFO - Setting next_dagrun for example_task_group_decorator to 2024-04-04 00:00:00+00:00, run_after=2024-04-05 00:00:00+00:00
[2024-04-05T23:00:25.884+0000] {processor.py:183} INFO - Processing /home/airflow/.local/lib/python3.8/site-packages/airflow/example_dags/example_task_group_decorator.py took 0.312 seconds
[2024-04-05T23:00:56.165+0000] {processor.py:161} INFO - Started process (PID=472) to work on /home/airflow/.local/lib/python3.8/site-packages/airflow/example_dags/example_task_group_decorator.py
[2024-04-05T23:00:56.167+0000] {processor.py:830} INFO - Processing file /home/airflow/.local/lib/python3.8/site-packages/airflow/example_dags/example_task_group_decorator.py for tasks to queue
[2024-04-05T23:00:56.170+0000] {logging_mixin.py:188} INFO - [2024-04-05T23:00:56.169+0000] {dagbag.py:540} INFO - Filling up the DagBag from /home/airflow/.local/lib/python3.8/site-packages/airflow/example_dags/example_task_group_decorator.py
[2024-04-05T23:00:56.193+0000] {processor.py:840} INFO - DAG(s) 'example_task_group_decorator' retrieved from /home/airflow/.local/lib/python3.8/site-packages/airflow/example_dags/example_task_group_decorator.py
[2024-04-05T23:00:56.227+0000] {logging_mixin.py:188} INFO - [2024-04-05T23:00:56.227+0000] {dag.py:3047} INFO - Sync 1 DAGs
[2024-04-05T23:00:56.259+0000] {logging_mixin.py:188} INFO - [2024-04-05T23:00:56.258+0000] {dag.py:3834} INFO - Setting next_dagrun for example_task_group_decorator to 2024-04-04 00:00:00+00:00, run_after=2024-04-05 00:00:00+00:00
[2024-04-05T23:00:56.284+0000] {processor.py:183} INFO - Processing /home/airflow/.local/lib/python3.8/site-packages/airflow/example_dags/example_task_group_decorator.py took 0.124 seconds
[2024-04-05T23:01:26.845+0000] {processor.py:161} INFO - Started process (PID=527) to work on /home/airflow/.local/lib/python3.8/site-packages/airflow/example_dags/example_task_group_decorator.py
[2024-04-05T23:01:26.846+0000] {processor.py:830} INFO - Processing file /home/airflow/.local/lib/python3.8/site-packages/airflow/example_dags/example_task_group_decorator.py for tasks to queue
[2024-04-05T23:01:26.849+0000] {logging_mixin.py:188} INFO - [2024-04-05T23:01:26.848+0000] {dagbag.py:540} INFO - Filling up the DagBag from /home/airflow/.local/lib/python3.8/site-packages/airflow/example_dags/example_task_group_decorator.py
[2024-04-05T23:01:27.034+0000] {processor.py:840} INFO - DAG(s) 'example_task_group_decorator' retrieved from /home/airflow/.local/lib/python3.8/site-packages/airflow/example_dags/example_task_group_decorator.py
[2024-04-05T23:01:27.064+0000] {logging_mixin.py:188} INFO - [2024-04-05T23:01:27.064+0000] {dag.py:3047} INFO - Sync 1 DAGs
[2024-04-05T23:01:27.087+0000] {logging_mixin.py:188} INFO - [2024-04-05T23:01:27.087+0000] {dag.py:3834} INFO - Setting next_dagrun for example_task_group_decorator to 2024-04-04 00:00:00+00:00, run_after=2024-04-05 00:00:00+00:00
[2024-04-05T23:01:27.112+0000] {processor.py:183} INFO - Processing /home/airflow/.local/lib/python3.8/site-packages/airflow/example_dags/example_task_group_decorator.py took 0.272 seconds
[2024-04-05T23:01:57.433+0000] {processor.py:161} INFO - Started process (PID=582) to work on /home/airflow/.local/lib/python3.8/site-packages/airflow/example_dags/example_task_group_decorator.py
[2024-04-05T23:01:57.434+0000] {processor.py:830} INFO - Processing file /home/airflow/.local/lib/python3.8/site-packages/airflow/example_dags/example_task_group_decorator.py for tasks to queue
[2024-04-05T23:01:57.437+0000] {logging_mixin.py:188} INFO - [2024-04-05T23:01:57.437+0000] {dagbag.py:540} INFO - Filling up the DagBag from /home/airflow/.local/lib/python3.8/site-packages/airflow/example_dags/example_task_group_decorator.py
[2024-04-05T23:01:57.461+0000] {processor.py:840} INFO - DAG(s) 'example_task_group_decorator' retrieved from /home/airflow/.local/lib/python3.8/site-packages/airflow/example_dags/example_task_group_decorator.py
[2024-04-05T23:01:57.502+0000] {logging_mixin.py:188} INFO - [2024-04-05T23:01:57.502+0000] {dag.py:3047} INFO - Sync 1 DAGs
[2024-04-05T23:01:57.538+0000] {logging_mixin.py:188} INFO - [2024-04-05T23:01:57.537+0000] {dag.py:3834} INFO - Setting next_dagrun for example_task_group_decorator to 2024-04-04 00:00:00+00:00, run_after=2024-04-05 00:00:00+00:00
[2024-04-05T23:01:57.571+0000] {processor.py:183} INFO - Processing /home/airflow/.local/lib/python3.8/site-packages/airflow/example_dags/example_task_group_decorator.py took 0.145 seconds
[2024-04-05T23:02:27.737+0000] {processor.py:161} INFO - Started process (PID=637) to work on /home/airflow/.local/lib/python3.8/site-packages/airflow/example_dags/example_task_group_decorator.py
[2024-04-05T23:02:27.739+0000] {processor.py:830} INFO - Processing file /home/airflow/.local/lib/python3.8/site-packages/airflow/example_dags/example_task_group_decorator.py for tasks to queue
[2024-04-05T23:02:27.741+0000] {logging_mixin.py:188} INFO - [2024-04-05T23:02:27.741+0000] {dagbag.py:540} INFO - Filling up the DagBag from /home/airflow/.local/lib/python3.8/site-packages/airflow/example_dags/example_task_group_decorator.py
[2024-04-05T23:02:27.758+0000] {processor.py:840} INFO - DAG(s) 'example_task_group_decorator' retrieved from /home/airflow/.local/lib/python3.8/site-packages/airflow/example_dags/example_task_group_decorator.py
[2024-04-05T23:02:27.792+0000] {logging_mixin.py:188} INFO - [2024-04-05T23:02:27.792+0000] {dag.py:3047} INFO - Sync 1 DAGs
[2024-04-05T23:02:27.820+0000] {logging_mixin.py:188} INFO - [2024-04-05T23:02:27.819+0000] {dag.py:3834} INFO - Setting next_dagrun for example_task_group_decorator to 2024-04-04 00:00:00+00:00, run_after=2024-04-05 00:00:00+00:00
[2024-04-05T23:02:27.843+0000] {processor.py:183} INFO - Processing /home/airflow/.local/lib/python3.8/site-packages/airflow/example_dags/example_task_group_decorator.py took 0.111 seconds
[2024-04-05T23:02:58.323+0000] {processor.py:161} INFO - Started process (PID=692) to work on /home/airflow/.local/lib/python3.8/site-packages/airflow/example_dags/example_task_group_decorator.py
[2024-04-05T23:02:58.325+0000] {processor.py:830} INFO - Processing file /home/airflow/.local/lib/python3.8/site-packages/airflow/example_dags/example_task_group_decorator.py for tasks to queue
[2024-04-05T23:02:58.327+0000] {logging_mixin.py:188} INFO - [2024-04-05T23:02:58.327+0000] {dagbag.py:540} INFO - Filling up the DagBag from /home/airflow/.local/lib/python3.8/site-packages/airflow/example_dags/example_task_group_decorator.py
[2024-04-05T23:02:58.345+0000] {processor.py:840} INFO - DAG(s) 'example_task_group_decorator' retrieved from /home/airflow/.local/lib/python3.8/site-packages/airflow/example_dags/example_task_group_decorator.py
[2024-04-05T23:02:58.376+0000] {logging_mixin.py:188} INFO - [2024-04-05T23:02:58.376+0000] {dag.py:3047} INFO - Sync 1 DAGs
[2024-04-05T23:02:58.404+0000] {logging_mixin.py:188} INFO - [2024-04-05T23:02:58.403+0000] {dag.py:3834} INFO - Setting next_dagrun for example_task_group_decorator to 2024-04-04 00:00:00+00:00, run_after=2024-04-05 00:00:00+00:00
[2024-04-05T23:02:58.428+0000] {processor.py:183} INFO - Processing /home/airflow/.local/lib/python3.8/site-packages/airflow/example_dags/example_task_group_decorator.py took 0.110 seconds
[2024-04-05T23:03:28.530+0000] {processor.py:161} INFO - Started process (PID=748) to work on /home/airflow/.local/lib/python3.8/site-packages/airflow/example_dags/example_task_group_decorator.py
[2024-04-05T23:03:28.532+0000] {processor.py:830} INFO - Processing file /home/airflow/.local/lib/python3.8/site-packages/airflow/example_dags/example_task_group_decorator.py for tasks to queue
[2024-04-05T23:03:28.535+0000] {logging_mixin.py:188} INFO - [2024-04-05T23:03:28.534+0000] {dagbag.py:540} INFO - Filling up the DagBag from /home/airflow/.local/lib/python3.8/site-packages/airflow/example_dags/example_task_group_decorator.py
[2024-04-05T23:03:28.551+0000] {processor.py:840} INFO - DAG(s) 'example_task_group_decorator' retrieved from /home/airflow/.local/lib/python3.8/site-packages/airflow/example_dags/example_task_group_decorator.py
[2024-04-05T23:03:28.580+0000] {logging_mixin.py:188} INFO - [2024-04-05T23:03:28.580+0000] {dag.py:3047} INFO - Sync 1 DAGs
[2024-04-05T23:03:28.604+0000] {logging_mixin.py:188} INFO - [2024-04-05T23:03:28.604+0000] {dag.py:3834} INFO - Setting next_dagrun for example_task_group_decorator to 2024-04-04 00:00:00+00:00, run_after=2024-04-05 00:00:00+00:00
[2024-04-05T23:03:28.631+0000] {processor.py:183} INFO - Processing /home/airflow/.local/lib/python3.8/site-packages/airflow/example_dags/example_task_group_decorator.py took 0.104 seconds
[2024-04-05T23:03:58.991+0000] {processor.py:161} INFO - Started process (PID=803) to work on /home/airflow/.local/lib/python3.8/site-packages/airflow/example_dags/example_task_group_decorator.py
[2024-04-05T23:03:58.993+0000] {processor.py:830} INFO - Processing file /home/airflow/.local/lib/python3.8/site-packages/airflow/example_dags/example_task_group_decorator.py for tasks to queue
[2024-04-05T23:03:58.996+0000] {logging_mixin.py:188} INFO - [2024-04-05T23:03:58.996+0000] {dagbag.py:540} INFO - Filling up the DagBag from /home/airflow/.local/lib/python3.8/site-packages/airflow/example_dags/example_task_group_decorator.py
[2024-04-05T23:03:59.013+0000] {processor.py:840} INFO - DAG(s) 'example_task_group_decorator' retrieved from /home/airflow/.local/lib/python3.8/site-packages/airflow/example_dags/example_task_group_decorator.py
[2024-04-05T23:03:59.060+0000] {logging_mixin.py:188} INFO - [2024-04-05T23:03:59.060+0000] {dag.py:3047} INFO - Sync 1 DAGs
[2024-04-05T23:03:59.094+0000] {logging_mixin.py:188} INFO - [2024-04-05T23:03:59.094+0000] {dag.py:3834} INFO - Setting next_dagrun for example_task_group_decorator to 2024-04-04 00:00:00+00:00, run_after=2024-04-05 00:00:00+00:00
[2024-04-05T23:03:59.128+0000] {processor.py:183} INFO - Processing /home/airflow/.local/lib/python3.8/site-packages/airflow/example_dags/example_task_group_decorator.py took 0.142 seconds
[2024-04-05T23:04:29.269+0000] {processor.py:161} INFO - Started process (PID=858) to work on /home/airflow/.local/lib/python3.8/site-packages/airflow/example_dags/example_task_group_decorator.py
[2024-04-05T23:04:29.270+0000] {processor.py:830} INFO - Processing file /home/airflow/.local/lib/python3.8/site-packages/airflow/example_dags/example_task_group_decorator.py for tasks to queue
[2024-04-05T23:04:29.273+0000] {logging_mixin.py:188} INFO - [2024-04-05T23:04:29.273+0000] {dagbag.py:540} INFO - Filling up the DagBag from /home/airflow/.local/lib/python3.8/site-packages/airflow/example_dags/example_task_group_decorator.py
[2024-04-05T23:04:29.291+0000] {processor.py:840} INFO - DAG(s) 'example_task_group_decorator' retrieved from /home/airflow/.local/lib/python3.8/site-packages/airflow/example_dags/example_task_group_decorator.py
[2024-04-05T23:04:29.319+0000] {logging_mixin.py:188} INFO - [2024-04-05T23:04:29.318+0000] {dag.py:3047} INFO - Sync 1 DAGs
[2024-04-05T23:04:29.342+0000] {logging_mixin.py:188} INFO - [2024-04-05T23:04:29.342+0000] {dag.py:3834} INFO - Setting next_dagrun for example_task_group_decorator to 2024-04-04 00:00:00+00:00, run_after=2024-04-05 00:00:00+00:00
[2024-04-05T23:04:29.371+0000] {processor.py:183} INFO - Processing /home/airflow/.local/lib/python3.8/site-packages/airflow/example_dags/example_task_group_decorator.py took 0.105 seconds
[2024-04-05T23:05:00.058+0000] {processor.py:161} INFO - Started process (PID=913) to work on /home/airflow/.local/lib/python3.8/site-packages/airflow/example_dags/example_task_group_decorator.py
[2024-04-05T23:05:00.060+0000] {processor.py:830} INFO - Processing file /home/airflow/.local/lib/python3.8/site-packages/airflow/example_dags/example_task_group_decorator.py for tasks to queue
[2024-04-05T23:05:00.064+0000] {logging_mixin.py:188} INFO - [2024-04-05T23:05:00.063+0000] {dagbag.py:540} INFO - Filling up the DagBag from /home/airflow/.local/lib/python3.8/site-packages/airflow/example_dags/example_task_group_decorator.py
[2024-04-05T23:05:00.085+0000] {processor.py:840} INFO - DAG(s) 'example_task_group_decorator' retrieved from /home/airflow/.local/lib/python3.8/site-packages/airflow/example_dags/example_task_group_decorator.py
[2024-04-05T23:05:00.121+0000] {logging_mixin.py:188} INFO - [2024-04-05T23:05:00.121+0000] {dag.py:3047} INFO - Sync 1 DAGs
[2024-04-05T23:05:00.156+0000] {logging_mixin.py:188} INFO - [2024-04-05T23:05:00.155+0000] {dag.py:3834} INFO - Setting next_dagrun for example_task_group_decorator to 2024-04-04 00:00:00+00:00, run_after=2024-04-05 00:00:00+00:00
[2024-04-05T23:05:00.187+0000] {processor.py:183} INFO - Processing /home/airflow/.local/lib/python3.8/site-packages/airflow/example_dags/example_task_group_decorator.py took 0.135 seconds
[2024-04-05T23:05:30.268+0000] {processor.py:161} INFO - Started process (PID=968) to work on /home/airflow/.local/lib/python3.8/site-packages/airflow/example_dags/example_task_group_decorator.py
[2024-04-05T23:05:30.269+0000] {processor.py:830} INFO - Processing file /home/airflow/.local/lib/python3.8/site-packages/airflow/example_dags/example_task_group_decorator.py for tasks to queue
[2024-04-05T23:05:30.272+0000] {logging_mixin.py:188} INFO - [2024-04-05T23:05:30.271+0000] {dagbag.py:540} INFO - Filling up the DagBag from /home/airflow/.local/lib/python3.8/site-packages/airflow/example_dags/example_task_group_decorator.py
[2024-04-05T23:05:30.292+0000] {processor.py:840} INFO - DAG(s) 'example_task_group_decorator' retrieved from /home/airflow/.local/lib/python3.8/site-packages/airflow/example_dags/example_task_group_decorator.py
[2024-04-05T23:05:30.321+0000] {logging_mixin.py:188} INFO - [2024-04-05T23:05:30.321+0000] {dag.py:3047} INFO - Sync 1 DAGs
[2024-04-05T23:05:30.349+0000] {logging_mixin.py:188} INFO - [2024-04-05T23:05:30.349+0000] {dag.py:3834} INFO - Setting next_dagrun for example_task_group_decorator to 2024-04-04 00:00:00+00:00, run_after=2024-04-05 00:00:00+00:00
[2024-04-05T23:05:30.373+0000] {processor.py:183} INFO - Processing /home/airflow/.local/lib/python3.8/site-packages/airflow/example_dags/example_task_group_decorator.py took 0.110 seconds
[2024-04-05T23:06:00.456+0000] {processor.py:161} INFO - Started process (PID=1023) to work on /home/airflow/.local/lib/python3.8/site-packages/airflow/example_dags/example_task_group_decorator.py
[2024-04-05T23:06:00.458+0000] {processor.py:830} INFO - Processing file /home/airflow/.local/lib/python3.8/site-packages/airflow/example_dags/example_task_group_decorator.py for tasks to queue
[2024-04-05T23:06:00.462+0000] {logging_mixin.py:188} INFO - [2024-04-05T23:06:00.461+0000] {dagbag.py:540} INFO - Filling up the DagBag from /home/airflow/.local/lib/python3.8/site-packages/airflow/example_dags/example_task_group_decorator.py
[2024-04-05T23:06:00.481+0000] {processor.py:840} INFO - DAG(s) 'example_task_group_decorator' retrieved from /home/airflow/.local/lib/python3.8/site-packages/airflow/example_dags/example_task_group_decorator.py
[2024-04-05T23:06:00.518+0000] {logging_mixin.py:188} INFO - [2024-04-05T23:06:00.518+0000] {dag.py:3047} INFO - Sync 1 DAGs
[2024-04-05T23:06:00.550+0000] {logging_mixin.py:188} INFO - [2024-04-05T23:06:00.550+0000] {dag.py:3834} INFO - Setting next_dagrun for example_task_group_decorator to 2024-04-04 00:00:00+00:00, run_after=2024-04-05 00:00:00+00:00
[2024-04-05T23:06:00.576+0000] {processor.py:183} INFO - Processing /home/airflow/.local/lib/python3.8/site-packages/airflow/example_dags/example_task_group_decorator.py took 0.124 seconds
[2024-04-05T23:06:30.662+0000] {processor.py:161} INFO - Started process (PID=1078) to work on /home/airflow/.local/lib/python3.8/site-packages/airflow/example_dags/example_task_group_decorator.py
[2024-04-05T23:06:30.665+0000] {processor.py:830} INFO - Processing file /home/airflow/.local/lib/python3.8/site-packages/airflow/example_dags/example_task_group_decorator.py for tasks to queue
[2024-04-05T23:06:30.668+0000] {logging_mixin.py:188} INFO - [2024-04-05T23:06:30.667+0000] {dagbag.py:540} INFO - Filling up the DagBag from /home/airflow/.local/lib/python3.8/site-packages/airflow/example_dags/example_task_group_decorator.py
[2024-04-05T23:06:30.687+0000] {processor.py:840} INFO - DAG(s) 'example_task_group_decorator' retrieved from /home/airflow/.local/lib/python3.8/site-packages/airflow/example_dags/example_task_group_decorator.py
[2024-04-05T23:06:30.723+0000] {logging_mixin.py:188} INFO - [2024-04-05T23:06:30.722+0000] {dag.py:3047} INFO - Sync 1 DAGs
[2024-04-05T23:06:30.752+0000] {logging_mixin.py:188} INFO - [2024-04-05T23:06:30.752+0000] {dag.py:3834} INFO - Setting next_dagrun for example_task_group_decorator to 2024-04-04 00:00:00+00:00, run_after=2024-04-05 00:00:00+00:00
[2024-04-05T23:06:30.776+0000] {processor.py:183} INFO - Processing /home/airflow/.local/lib/python3.8/site-packages/airflow/example_dags/example_task_group_decorator.py took 0.120 seconds
[2024-04-05T23:07:02.229+0000] {processor.py:161} INFO - Started process (PID=1133) to work on /home/airflow/.local/lib/python3.8/site-packages/airflow/example_dags/example_task_group_decorator.py
[2024-04-05T23:07:02.233+0000] {processor.py:830} INFO - Processing file /home/airflow/.local/lib/python3.8/site-packages/airflow/example_dags/example_task_group_decorator.py for tasks to queue
[2024-04-05T23:07:02.237+0000] {logging_mixin.py:188} INFO - [2024-04-05T23:07:02.237+0000] {dagbag.py:540} INFO - Filling up the DagBag from /home/airflow/.local/lib/python3.8/site-packages/airflow/example_dags/example_task_group_decorator.py
[2024-04-05T23:07:02.268+0000] {processor.py:840} INFO - DAG(s) 'example_task_group_decorator' retrieved from /home/airflow/.local/lib/python3.8/site-packages/airflow/example_dags/example_task_group_decorator.py
[2024-04-05T23:07:02.321+0000] {logging_mixin.py:188} INFO - [2024-04-05T23:07:02.321+0000] {dag.py:3047} INFO - Sync 1 DAGs
[2024-04-05T23:07:02.364+0000] {logging_mixin.py:188} INFO - [2024-04-05T23:07:02.364+0000] {dag.py:3834} INFO - Setting next_dagrun for example_task_group_decorator to 2024-04-04 00:00:00+00:00, run_after=2024-04-05 00:00:00+00:00
[2024-04-05T23:07:02.403+0000] {processor.py:183} INFO - Processing /home/airflow/.local/lib/python3.8/site-packages/airflow/example_dags/example_task_group_decorator.py took 0.181 seconds
[2024-04-05T23:07:32.515+0000] {processor.py:161} INFO - Started process (PID=1188) to work on /home/airflow/.local/lib/python3.8/site-packages/airflow/example_dags/example_task_group_decorator.py
[2024-04-05T23:07:32.517+0000] {processor.py:830} INFO - Processing file /home/airflow/.local/lib/python3.8/site-packages/airflow/example_dags/example_task_group_decorator.py for tasks to queue
[2024-04-05T23:07:32.520+0000] {logging_mixin.py:188} INFO - [2024-04-05T23:07:32.519+0000] {dagbag.py:540} INFO - Filling up the DagBag from /home/airflow/.local/lib/python3.8/site-packages/airflow/example_dags/example_task_group_decorator.py
[2024-04-05T23:07:32.546+0000] {processor.py:840} INFO - DAG(s) 'example_task_group_decorator' retrieved from /home/airflow/.local/lib/python3.8/site-packages/airflow/example_dags/example_task_group_decorator.py
[2024-04-05T23:07:32.583+0000] {logging_mixin.py:188} INFO - [2024-04-05T23:07:32.583+0000] {dag.py:3047} INFO - Sync 1 DAGs
[2024-04-05T23:07:32.615+0000] {logging_mixin.py:188} INFO - [2024-04-05T23:07:32.615+0000] {dag.py:3834} INFO - Setting next_dagrun for example_task_group_decorator to 2024-04-04 00:00:00+00:00, run_after=2024-04-05 00:00:00+00:00
[2024-04-05T23:07:32.643+0000] {processor.py:183} INFO - Processing /home/airflow/.local/lib/python3.8/site-packages/airflow/example_dags/example_task_group_decorator.py took 0.133 seconds
[2024-04-05T23:08:02.920+0000] {processor.py:161} INFO - Started process (PID=1243) to work on /home/airflow/.local/lib/python3.8/site-packages/airflow/example_dags/example_task_group_decorator.py
[2024-04-05T23:08:02.922+0000] {processor.py:830} INFO - Processing file /home/airflow/.local/lib/python3.8/site-packages/airflow/example_dags/example_task_group_decorator.py for tasks to queue
[2024-04-05T23:08:02.925+0000] {logging_mixin.py:188} INFO - [2024-04-05T23:08:02.924+0000] {dagbag.py:540} INFO - Filling up the DagBag from /home/airflow/.local/lib/python3.8/site-packages/airflow/example_dags/example_task_group_decorator.py
[2024-04-05T23:08:02.945+0000] {processor.py:840} INFO - DAG(s) 'example_task_group_decorator' retrieved from /home/airflow/.local/lib/python3.8/site-packages/airflow/example_dags/example_task_group_decorator.py
[2024-04-05T23:08:02.981+0000] {logging_mixin.py:188} INFO - [2024-04-05T23:08:02.981+0000] {dag.py:3047} INFO - Sync 1 DAGs
[2024-04-05T23:08:03.016+0000] {logging_mixin.py:188} INFO - [2024-04-05T23:08:03.015+0000] {dag.py:3834} INFO - Setting next_dagrun for example_task_group_decorator to 2024-04-04 00:00:00+00:00, run_after=2024-04-05 00:00:00+00:00
[2024-04-05T23:08:03.047+0000] {processor.py:183} INFO - Processing /home/airflow/.local/lib/python3.8/site-packages/airflow/example_dags/example_task_group_decorator.py took 0.132 seconds
[2024-04-05T23:08:33.574+0000] {processor.py:161} INFO - Started process (PID=1298) to work on /home/airflow/.local/lib/python3.8/site-packages/airflow/example_dags/example_task_group_decorator.py
[2024-04-05T23:08:33.576+0000] {processor.py:830} INFO - Processing file /home/airflow/.local/lib/python3.8/site-packages/airflow/example_dags/example_task_group_decorator.py for tasks to queue
[2024-04-05T23:08:33.578+0000] {logging_mixin.py:188} INFO - [2024-04-05T23:08:33.577+0000] {dagbag.py:540} INFO - Filling up the DagBag from /home/airflow/.local/lib/python3.8/site-packages/airflow/example_dags/example_task_group_decorator.py
[2024-04-05T23:08:33.591+0000] {processor.py:840} INFO - DAG(s) 'example_task_group_decorator' retrieved from /home/airflow/.local/lib/python3.8/site-packages/airflow/example_dags/example_task_group_decorator.py
[2024-04-05T23:08:33.617+0000] {logging_mixin.py:188} INFO - [2024-04-05T23:08:33.617+0000] {dag.py:3047} INFO - Sync 1 DAGs
[2024-04-05T23:08:33.640+0000] {logging_mixin.py:188} INFO - [2024-04-05T23:08:33.639+0000] {dag.py:3834} INFO - Setting next_dagrun for example_task_group_decorator to 2024-04-04 00:00:00+00:00, run_after=2024-04-05 00:00:00+00:00
[2024-04-05T23:08:33.696+0000] {processor.py:183} INFO - Processing /home/airflow/.local/lib/python3.8/site-packages/airflow/example_dags/example_task_group_decorator.py took 0.126 seconds
[2024-04-05T23:09:04.043+0000] {processor.py:161} INFO - Started process (PID=1353) to work on /home/airflow/.local/lib/python3.8/site-packages/airflow/example_dags/example_task_group_decorator.py
[2024-04-05T23:09:04.044+0000] {processor.py:830} INFO - Processing file /home/airflow/.local/lib/python3.8/site-packages/airflow/example_dags/example_task_group_decorator.py for tasks to queue
[2024-04-05T23:09:04.047+0000] {logging_mixin.py:188} INFO - [2024-04-05T23:09:04.047+0000] {dagbag.py:540} INFO - Filling up the DagBag from /home/airflow/.local/lib/python3.8/site-packages/airflow/example_dags/example_task_group_decorator.py
[2024-04-05T23:09:04.061+0000] {processor.py:840} INFO - DAG(s) 'example_task_group_decorator' retrieved from /home/airflow/.local/lib/python3.8/site-packages/airflow/example_dags/example_task_group_decorator.py
[2024-04-05T23:09:04.089+0000] {logging_mixin.py:188} INFO - [2024-04-05T23:09:04.089+0000] {dag.py:3047} INFO - Sync 1 DAGs
[2024-04-05T23:09:04.113+0000] {logging_mixin.py:188} INFO - [2024-04-05T23:09:04.112+0000] {dag.py:3834} INFO - Setting next_dagrun for example_task_group_decorator to 2024-04-04 00:00:00+00:00, run_after=2024-04-05 00:00:00+00:00
[2024-04-05T23:09:04.173+0000] {processor.py:183} INFO - Processing /home/airflow/.local/lib/python3.8/site-packages/airflow/example_dags/example_task_group_decorator.py took 0.133 seconds
[2024-04-05T23:09:34.442+0000] {processor.py:161} INFO - Started process (PID=1408) to work on /home/airflow/.local/lib/python3.8/site-packages/airflow/example_dags/example_task_group_decorator.py
[2024-04-05T23:09:34.443+0000] {processor.py:830} INFO - Processing file /home/airflow/.local/lib/python3.8/site-packages/airflow/example_dags/example_task_group_decorator.py for tasks to queue
[2024-04-05T23:09:34.446+0000] {logging_mixin.py:188} INFO - [2024-04-05T23:09:34.446+0000] {dagbag.py:540} INFO - Filling up the DagBag from /home/airflow/.local/lib/python3.8/site-packages/airflow/example_dags/example_task_group_decorator.py
[2024-04-05T23:09:34.466+0000] {processor.py:840} INFO - DAG(s) 'example_task_group_decorator' retrieved from /home/airflow/.local/lib/python3.8/site-packages/airflow/example_dags/example_task_group_decorator.py
[2024-04-05T23:09:34.494+0000] {logging_mixin.py:188} INFO - [2024-04-05T23:09:34.494+0000] {dag.py:3047} INFO - Sync 1 DAGs
[2024-04-05T23:09:34.521+0000] {logging_mixin.py:188} INFO - [2024-04-05T23:09:34.520+0000] {dag.py:3834} INFO - Setting next_dagrun for example_task_group_decorator to 2024-04-04 00:00:00+00:00, run_after=2024-04-05 00:00:00+00:00
[2024-04-05T23:09:34.543+0000] {processor.py:183} INFO - Processing /home/airflow/.local/lib/python3.8/site-packages/airflow/example_dags/example_task_group_decorator.py took 0.107 seconds
[2024-04-05T23:10:05.460+0000] {processor.py:161} INFO - Started process (PID=1463) to work on /home/airflow/.local/lib/python3.8/site-packages/airflow/example_dags/example_task_group_decorator.py
[2024-04-05T23:10:05.461+0000] {processor.py:830} INFO - Processing file /home/airflow/.local/lib/python3.8/site-packages/airflow/example_dags/example_task_group_decorator.py for tasks to queue
[2024-04-05T23:10:05.465+0000] {logging_mixin.py:188} INFO - [2024-04-05T23:10:05.464+0000] {dagbag.py:540} INFO - Filling up the DagBag from /home/airflow/.local/lib/python3.8/site-packages/airflow/example_dags/example_task_group_decorator.py
[2024-04-05T23:10:05.480+0000] {processor.py:840} INFO - DAG(s) 'example_task_group_decorator' retrieved from /home/airflow/.local/lib/python3.8/site-packages/airflow/example_dags/example_task_group_decorator.py
[2024-04-05T23:10:05.508+0000] {logging_mixin.py:188} INFO - [2024-04-05T23:10:05.507+0000] {dag.py:3047} INFO - Sync 1 DAGs
[2024-04-05T23:10:05.530+0000] {logging_mixin.py:188} INFO - [2024-04-05T23:10:05.530+0000] {dag.py:3834} INFO - Setting next_dagrun for example_task_group_decorator to 2024-04-04 00:00:00+00:00, run_after=2024-04-05 00:00:00+00:00
[2024-04-05T23:10:05.553+0000] {processor.py:183} INFO - Processing /home/airflow/.local/lib/python3.8/site-packages/airflow/example_dags/example_task_group_decorator.py took 0.096 seconds
[2024-04-05T23:10:35.924+0000] {processor.py:161} INFO - Started process (PID=1518) to work on /home/airflow/.local/lib/python3.8/site-packages/airflow/example_dags/example_task_group_decorator.py
[2024-04-05T23:10:35.926+0000] {processor.py:830} INFO - Processing file /home/airflow/.local/lib/python3.8/site-packages/airflow/example_dags/example_task_group_decorator.py for tasks to queue
[2024-04-05T23:10:35.929+0000] {logging_mixin.py:188} INFO - [2024-04-05T23:10:35.929+0000] {dagbag.py:540} INFO - Filling up the DagBag from /home/airflow/.local/lib/python3.8/site-packages/airflow/example_dags/example_task_group_decorator.py
[2024-04-05T23:10:35.949+0000] {processor.py:840} INFO - DAG(s) 'example_task_group_decorator' retrieved from /home/airflow/.local/lib/python3.8/site-packages/airflow/example_dags/example_task_group_decorator.py
[2024-04-05T23:10:35.977+0000] {logging_mixin.py:188} INFO - [2024-04-05T23:10:35.976+0000] {dag.py:3047} INFO - Sync 1 DAGs
[2024-04-05T23:10:36.000+0000] {logging_mixin.py:188} INFO - [2024-04-05T23:10:36.000+0000] {dag.py:3834} INFO - Setting next_dagrun for example_task_group_decorator to 2024-04-04 00:00:00+00:00, run_after=2024-04-05 00:00:00+00:00
[2024-04-05T23:10:36.066+0000] {processor.py:183} INFO - Processing /home/airflow/.local/lib/python3.8/site-packages/airflow/example_dags/example_task_group_decorator.py took 0.146 seconds
[2024-04-05T23:11:06.502+0000] {processor.py:161} INFO - Started process (PID=1573) to work on /home/airflow/.local/lib/python3.8/site-packages/airflow/example_dags/example_task_group_decorator.py
[2024-04-05T23:11:06.503+0000] {processor.py:830} INFO - Processing file /home/airflow/.local/lib/python3.8/site-packages/airflow/example_dags/example_task_group_decorator.py for tasks to queue
[2024-04-05T23:11:06.507+0000] {logging_mixin.py:188} INFO - [2024-04-05T23:11:06.506+0000] {dagbag.py:540} INFO - Filling up the DagBag from /home/airflow/.local/lib/python3.8/site-packages/airflow/example_dags/example_task_group_decorator.py
[2024-04-05T23:11:06.523+0000] {processor.py:840} INFO - DAG(s) 'example_task_group_decorator' retrieved from /home/airflow/.local/lib/python3.8/site-packages/airflow/example_dags/example_task_group_decorator.py
[2024-04-05T23:11:06.551+0000] {logging_mixin.py:188} INFO - [2024-04-05T23:11:06.550+0000] {dag.py:3047} INFO - Sync 1 DAGs
[2024-04-05T23:11:06.576+0000] {logging_mixin.py:188} INFO - [2024-04-05T23:11:06.576+0000] {dag.py:3834} INFO - Setting next_dagrun for example_task_group_decorator to 2024-04-04 00:00:00+00:00, run_after=2024-04-05 00:00:00+00:00
[2024-04-05T23:11:06.600+0000] {processor.py:183} INFO - Processing /home/airflow/.local/lib/python3.8/site-packages/airflow/example_dags/example_task_group_decorator.py took 0.102 seconds
[2024-04-05T23:11:37.446+0000] {processor.py:161} INFO - Started process (PID=1628) to work on /home/airflow/.local/lib/python3.8/site-packages/airflow/example_dags/example_task_group_decorator.py
[2024-04-05T23:11:37.447+0000] {processor.py:830} INFO - Processing file /home/airflow/.local/lib/python3.8/site-packages/airflow/example_dags/example_task_group_decorator.py for tasks to queue
[2024-04-05T23:11:37.450+0000] {logging_mixin.py:188} INFO - [2024-04-05T23:11:37.450+0000] {dagbag.py:540} INFO - Filling up the DagBag from /home/airflow/.local/lib/python3.8/site-packages/airflow/example_dags/example_task_group_decorator.py
[2024-04-05T23:11:37.464+0000] {processor.py:840} INFO - DAG(s) 'example_task_group_decorator' retrieved from /home/airflow/.local/lib/python3.8/site-packages/airflow/example_dags/example_task_group_decorator.py
[2024-04-05T23:11:37.491+0000] {logging_mixin.py:188} INFO - [2024-04-05T23:11:37.490+0000] {dag.py:3047} INFO - Sync 1 DAGs
[2024-04-05T23:11:37.516+0000] {logging_mixin.py:188} INFO - [2024-04-05T23:11:37.516+0000] {dag.py:3834} INFO - Setting next_dagrun for example_task_group_decorator to 2024-04-04 00:00:00+00:00, run_after=2024-04-05 00:00:00+00:00
[2024-04-05T23:11:37.563+0000] {processor.py:183} INFO - Processing /home/airflow/.local/lib/python3.8/site-packages/airflow/example_dags/example_task_group_decorator.py took 0.121 seconds
[2024-04-05T23:12:07.650+0000] {processor.py:161} INFO - Started process (PID=1683) to work on /home/airflow/.local/lib/python3.8/site-packages/airflow/example_dags/example_task_group_decorator.py
[2024-04-05T23:12:07.651+0000] {processor.py:830} INFO - Processing file /home/airflow/.local/lib/python3.8/site-packages/airflow/example_dags/example_task_group_decorator.py for tasks to queue
[2024-04-05T23:12:07.654+0000] {logging_mixin.py:188} INFO - [2024-04-05T23:12:07.654+0000] {dagbag.py:540} INFO - Filling up the DagBag from /home/airflow/.local/lib/python3.8/site-packages/airflow/example_dags/example_task_group_decorator.py
[2024-04-05T23:12:07.672+0000] {processor.py:840} INFO - DAG(s) 'example_task_group_decorator' retrieved from /home/airflow/.local/lib/python3.8/site-packages/airflow/example_dags/example_task_group_decorator.py
[2024-04-05T23:12:07.700+0000] {logging_mixin.py:188} INFO - [2024-04-05T23:12:07.700+0000] {dag.py:3047} INFO - Sync 1 DAGs
[2024-04-05T23:12:07.725+0000] {logging_mixin.py:188} INFO - [2024-04-05T23:12:07.725+0000] {dag.py:3834} INFO - Setting next_dagrun for example_task_group_decorator to 2024-04-04 00:00:00+00:00, run_after=2024-04-05 00:00:00+00:00
[2024-04-05T23:12:07.767+0000] {processor.py:183} INFO - Processing /home/airflow/.local/lib/python3.8/site-packages/airflow/example_dags/example_task_group_decorator.py took 0.121 seconds
[2024-04-05T23:12:37.888+0000] {processor.py:161} INFO - Started process (PID=1738) to work on /home/airflow/.local/lib/python3.8/site-packages/airflow/example_dags/example_task_group_decorator.py
[2024-04-05T23:12:37.889+0000] {processor.py:830} INFO - Processing file /home/airflow/.local/lib/python3.8/site-packages/airflow/example_dags/example_task_group_decorator.py for tasks to queue
[2024-04-05T23:12:37.892+0000] {logging_mixin.py:188} INFO - [2024-04-05T23:12:37.891+0000] {dagbag.py:540} INFO - Filling up the DagBag from /home/airflow/.local/lib/python3.8/site-packages/airflow/example_dags/example_task_group_decorator.py
[2024-04-05T23:12:37.911+0000] {processor.py:840} INFO - DAG(s) 'example_task_group_decorator' retrieved from /home/airflow/.local/lib/python3.8/site-packages/airflow/example_dags/example_task_group_decorator.py
[2024-04-05T23:12:37.937+0000] {logging_mixin.py:188} INFO - [2024-04-05T23:12:37.937+0000] {dag.py:3047} INFO - Sync 1 DAGs
[2024-04-05T23:12:37.959+0000] {logging_mixin.py:188} INFO - [2024-04-05T23:12:37.959+0000] {dag.py:3834} INFO - Setting next_dagrun for example_task_group_decorator to 2024-04-04 00:00:00+00:00, run_after=2024-04-05 00:00:00+00:00
[2024-04-05T23:12:37.978+0000] {processor.py:183} INFO - Processing /home/airflow/.local/lib/python3.8/site-packages/airflow/example_dags/example_task_group_decorator.py took 0.093 seconds
[2024-04-05T23:13:08.203+0000] {processor.py:161} INFO - Started process (PID=1793) to work on /home/airflow/.local/lib/python3.8/site-packages/airflow/example_dags/example_task_group_decorator.py
[2024-04-05T23:13:08.205+0000] {processor.py:830} INFO - Processing file /home/airflow/.local/lib/python3.8/site-packages/airflow/example_dags/example_task_group_decorator.py for tasks to queue
[2024-04-05T23:13:08.208+0000] {logging_mixin.py:188} INFO - [2024-04-05T23:13:08.207+0000] {dagbag.py:540} INFO - Filling up the DagBag from /home/airflow/.local/lib/python3.8/site-packages/airflow/example_dags/example_task_group_decorator.py
[2024-04-05T23:13:08.226+0000] {processor.py:840} INFO - DAG(s) 'example_task_group_decorator' retrieved from /home/airflow/.local/lib/python3.8/site-packages/airflow/example_dags/example_task_group_decorator.py
[2024-04-05T23:13:08.260+0000] {logging_mixin.py:188} INFO - [2024-04-05T23:13:08.259+0000] {dag.py:3047} INFO - Sync 1 DAGs
[2024-04-05T23:13:08.289+0000] {logging_mixin.py:188} INFO - [2024-04-05T23:13:08.289+0000] {dag.py:3834} INFO - Setting next_dagrun for example_task_group_decorator to 2024-04-04 00:00:00+00:00, run_after=2024-04-05 00:00:00+00:00
[2024-04-05T23:13:08.309+0000] {processor.py:183} INFO - Processing /home/airflow/.local/lib/python3.8/site-packages/airflow/example_dags/example_task_group_decorator.py took 0.111 seconds
[2024-04-05T23:13:39.015+0000] {processor.py:161} INFO - Started process (PID=1848) to work on /home/airflow/.local/lib/python3.8/site-packages/airflow/example_dags/example_task_group_decorator.py
[2024-04-05T23:13:39.017+0000] {processor.py:830} INFO - Processing file /home/airflow/.local/lib/python3.8/site-packages/airflow/example_dags/example_task_group_decorator.py for tasks to queue
[2024-04-05T23:13:39.019+0000] {logging_mixin.py:188} INFO - [2024-04-05T23:13:39.019+0000] {dagbag.py:540} INFO - Filling up the DagBag from /home/airflow/.local/lib/python3.8/site-packages/airflow/example_dags/example_task_group_decorator.py
[2024-04-05T23:13:39.041+0000] {processor.py:840} INFO - DAG(s) 'example_task_group_decorator' retrieved from /home/airflow/.local/lib/python3.8/site-packages/airflow/example_dags/example_task_group_decorator.py
[2024-04-05T23:13:39.072+0000] {logging_mixin.py:188} INFO - [2024-04-05T23:13:39.071+0000] {dag.py:3047} INFO - Sync 1 DAGs
[2024-04-05T23:13:39.102+0000] {logging_mixin.py:188} INFO - [2024-04-05T23:13:39.101+0000] {dag.py:3834} INFO - Setting next_dagrun for example_task_group_decorator to 2024-04-04 00:00:00+00:00, run_after=2024-04-05 00:00:00+00:00
[2024-04-05T23:13:39.138+0000] {processor.py:183} INFO - Processing /home/airflow/.local/lib/python3.8/site-packages/airflow/example_dags/example_task_group_decorator.py took 0.128 seconds
[2024-04-05T23:14:09.285+0000] {processor.py:161} INFO - Started process (PID=1903) to work on /home/airflow/.local/lib/python3.8/site-packages/airflow/example_dags/example_task_group_decorator.py
[2024-04-05T23:14:09.286+0000] {processor.py:830} INFO - Processing file /home/airflow/.local/lib/python3.8/site-packages/airflow/example_dags/example_task_group_decorator.py for tasks to queue
[2024-04-05T23:14:09.288+0000] {logging_mixin.py:188} INFO - [2024-04-05T23:14:09.288+0000] {dagbag.py:540} INFO - Filling up the DagBag from /home/airflow/.local/lib/python3.8/site-packages/airflow/example_dags/example_task_group_decorator.py
[2024-04-05T23:14:09.304+0000] {processor.py:840} INFO - DAG(s) 'example_task_group_decorator' retrieved from /home/airflow/.local/lib/python3.8/site-packages/airflow/example_dags/example_task_group_decorator.py
[2024-04-05T23:14:09.332+0000] {logging_mixin.py:188} INFO - [2024-04-05T23:14:09.332+0000] {dag.py:3047} INFO - Sync 1 DAGs
[2024-04-05T23:14:09.354+0000] {logging_mixin.py:188} INFO - [2024-04-05T23:14:09.354+0000] {dag.py:3834} INFO - Setting next_dagrun for example_task_group_decorator to 2024-04-04 00:00:00+00:00, run_after=2024-04-05 00:00:00+00:00
[2024-04-05T23:14:09.373+0000] {processor.py:183} INFO - Processing /home/airflow/.local/lib/python3.8/site-packages/airflow/example_dags/example_task_group_decorator.py took 0.092 seconds
[2024-04-05T23:14:39.903+0000] {processor.py:161} INFO - Started process (PID=1958) to work on /home/airflow/.local/lib/python3.8/site-packages/airflow/example_dags/example_task_group_decorator.py
[2024-04-05T23:14:39.904+0000] {processor.py:830} INFO - Processing file /home/airflow/.local/lib/python3.8/site-packages/airflow/example_dags/example_task_group_decorator.py for tasks to queue
[2024-04-05T23:14:39.907+0000] {logging_mixin.py:188} INFO - [2024-04-05T23:14:39.906+0000] {dagbag.py:540} INFO - Filling up the DagBag from /home/airflow/.local/lib/python3.8/site-packages/airflow/example_dags/example_task_group_decorator.py
[2024-04-05T23:14:39.920+0000] {processor.py:840} INFO - DAG(s) 'example_task_group_decorator' retrieved from /home/airflow/.local/lib/python3.8/site-packages/airflow/example_dags/example_task_group_decorator.py
[2024-04-05T23:14:39.947+0000] {logging_mixin.py:188} INFO - [2024-04-05T23:14:39.947+0000] {dag.py:3047} INFO - Sync 1 DAGs
[2024-04-05T23:14:39.968+0000] {logging_mixin.py:188} INFO - [2024-04-05T23:14:39.968+0000] {dag.py:3834} INFO - Setting next_dagrun for example_task_group_decorator to 2024-04-04 00:00:00+00:00, run_after=2024-04-05 00:00:00+00:00
[2024-04-05T23:14:40.019+0000] {processor.py:183} INFO - Processing /home/airflow/.local/lib/python3.8/site-packages/airflow/example_dags/example_task_group_decorator.py took 0.120 seconds
[2024-04-05T23:15:10.111+0000] {processor.py:161} INFO - Started process (PID=2013) to work on /home/airflow/.local/lib/python3.8/site-packages/airflow/example_dags/example_task_group_decorator.py
[2024-04-05T23:15:10.112+0000] {processor.py:830} INFO - Processing file /home/airflow/.local/lib/python3.8/site-packages/airflow/example_dags/example_task_group_decorator.py for tasks to queue
[2024-04-05T23:15:10.114+0000] {logging_mixin.py:188} INFO - [2024-04-05T23:15:10.114+0000] {dagbag.py:540} INFO - Filling up the DagBag from /home/airflow/.local/lib/python3.8/site-packages/airflow/example_dags/example_task_group_decorator.py
[2024-04-05T23:15:10.131+0000] {processor.py:840} INFO - DAG(s) 'example_task_group_decorator' retrieved from /home/airflow/.local/lib/python3.8/site-packages/airflow/example_dags/example_task_group_decorator.py
[2024-04-05T23:15:10.158+0000] {logging_mixin.py:188} INFO - [2024-04-05T23:15:10.158+0000] {dag.py:3047} INFO - Sync 1 DAGs
[2024-04-05T23:15:10.181+0000] {logging_mixin.py:188} INFO - [2024-04-05T23:15:10.181+0000] {dag.py:3834} INFO - Setting next_dagrun for example_task_group_decorator to 2024-04-04 00:00:00+00:00, run_after=2024-04-05 00:00:00+00:00
[2024-04-05T23:15:10.199+0000] {processor.py:183} INFO - Processing /home/airflow/.local/lib/python3.8/site-packages/airflow/example_dags/example_task_group_decorator.py took 0.091 seconds
[2024-04-05T23:15:41.215+0000] {processor.py:161} INFO - Started process (PID=2068) to work on /home/airflow/.local/lib/python3.8/site-packages/airflow/example_dags/example_task_group_decorator.py
[2024-04-05T23:15:41.216+0000] {processor.py:830} INFO - Processing file /home/airflow/.local/lib/python3.8/site-packages/airflow/example_dags/example_task_group_decorator.py for tasks to queue
[2024-04-05T23:15:41.219+0000] {logging_mixin.py:188} INFO - [2024-04-05T23:15:41.218+0000] {dagbag.py:540} INFO - Filling up the DagBag from /home/airflow/.local/lib/python3.8/site-packages/airflow/example_dags/example_task_group_decorator.py
[2024-04-05T23:15:41.237+0000] {processor.py:840} INFO - DAG(s) 'example_task_group_decorator' retrieved from /home/airflow/.local/lib/python3.8/site-packages/airflow/example_dags/example_task_group_decorator.py
[2024-04-05T23:15:41.264+0000] {logging_mixin.py:188} INFO - [2024-04-05T23:15:41.264+0000] {dag.py:3047} INFO - Sync 1 DAGs
[2024-04-05T23:15:41.292+0000] {logging_mixin.py:188} INFO - [2024-04-05T23:15:41.292+0000] {dag.py:3834} INFO - Setting next_dagrun for example_task_group_decorator to 2024-04-04 00:00:00+00:00, run_after=2024-04-05 00:00:00+00:00
[2024-04-05T23:15:41.319+0000] {processor.py:183} INFO - Processing /home/airflow/.local/lib/python3.8/site-packages/airflow/example_dags/example_task_group_decorator.py took 0.108 seconds
[2024-04-05T23:16:11.437+0000] {processor.py:161} INFO - Started process (PID=2123) to work on /home/airflow/.local/lib/python3.8/site-packages/airflow/example_dags/example_task_group_decorator.py
[2024-04-05T23:16:11.439+0000] {processor.py:830} INFO - Processing file /home/airflow/.local/lib/python3.8/site-packages/airflow/example_dags/example_task_group_decorator.py for tasks to queue
[2024-04-05T23:16:11.441+0000] {logging_mixin.py:188} INFO - [2024-04-05T23:16:11.441+0000] {dagbag.py:540} INFO - Filling up the DagBag from /home/airflow/.local/lib/python3.8/site-packages/airflow/example_dags/example_task_group_decorator.py
[2024-04-05T23:16:11.458+0000] {processor.py:840} INFO - DAG(s) 'example_task_group_decorator' retrieved from /home/airflow/.local/lib/python3.8/site-packages/airflow/example_dags/example_task_group_decorator.py
[2024-04-05T23:16:11.487+0000] {logging_mixin.py:188} INFO - [2024-04-05T23:16:11.487+0000] {dag.py:3047} INFO - Sync 1 DAGs
[2024-04-05T23:16:11.513+0000] {logging_mixin.py:188} INFO - [2024-04-05T23:16:11.513+0000] {dag.py:3834} INFO - Setting next_dagrun for example_task_group_decorator to 2024-04-04 00:00:00+00:00, run_after=2024-04-05 00:00:00+00:00
[2024-04-05T23:16:11.534+0000] {processor.py:183} INFO - Processing /home/airflow/.local/lib/python3.8/site-packages/airflow/example_dags/example_task_group_decorator.py took 0.101 seconds
[2024-04-05T23:16:42.364+0000] {processor.py:161} INFO - Started process (PID=2178) to work on /home/airflow/.local/lib/python3.8/site-packages/airflow/example_dags/example_task_group_decorator.py
[2024-04-05T23:16:42.365+0000] {processor.py:830} INFO - Processing file /home/airflow/.local/lib/python3.8/site-packages/airflow/example_dags/example_task_group_decorator.py for tasks to queue
[2024-04-05T23:16:42.368+0000] {logging_mixin.py:188} INFO - [2024-04-05T23:16:42.367+0000] {dagbag.py:540} INFO - Filling up the DagBag from /home/airflow/.local/lib/python3.8/site-packages/airflow/example_dags/example_task_group_decorator.py
[2024-04-05T23:16:42.384+0000] {processor.py:840} INFO - DAG(s) 'example_task_group_decorator' retrieved from /home/airflow/.local/lib/python3.8/site-packages/airflow/example_dags/example_task_group_decorator.py
[2024-04-05T23:16:42.407+0000] {logging_mixin.py:188} INFO - [2024-04-05T23:16:42.407+0000] {dag.py:3047} INFO - Sync 1 DAGs
[2024-04-05T23:16:42.430+0000] {logging_mixin.py:188} INFO - [2024-04-05T23:16:42.430+0000] {dag.py:3834} INFO - Setting next_dagrun for example_task_group_decorator to 2024-04-04 00:00:00+00:00, run_after=2024-04-05 00:00:00+00:00
[2024-04-05T23:16:42.486+0000] {processor.py:183} INFO - Processing /home/airflow/.local/lib/python3.8/site-packages/airflow/example_dags/example_task_group_decorator.py took 0.126 seconds
[2024-04-05T23:17:12.539+0000] {processor.py:161} INFO - Started process (PID=2233) to work on /home/airflow/.local/lib/python3.8/site-packages/airflow/example_dags/example_task_group_decorator.py
[2024-04-05T23:17:12.540+0000] {processor.py:830} INFO - Processing file /home/airflow/.local/lib/python3.8/site-packages/airflow/example_dags/example_task_group_decorator.py for tasks to queue
[2024-04-05T23:17:12.543+0000] {logging_mixin.py:188} INFO - [2024-04-05T23:17:12.543+0000] {dagbag.py:540} INFO - Filling up the DagBag from /home/airflow/.local/lib/python3.8/site-packages/airflow/example_dags/example_task_group_decorator.py
[2024-04-05T23:17:12.559+0000] {processor.py:840} INFO - DAG(s) 'example_task_group_decorator' retrieved from /home/airflow/.local/lib/python3.8/site-packages/airflow/example_dags/example_task_group_decorator.py
[2024-04-05T23:17:12.585+0000] {logging_mixin.py:188} INFO - [2024-04-05T23:17:12.584+0000] {dag.py:3047} INFO - Sync 1 DAGs
[2024-04-05T23:17:12.607+0000] {logging_mixin.py:188} INFO - [2024-04-05T23:17:12.607+0000] {dag.py:3834} INFO - Setting next_dagrun for example_task_group_decorator to 2024-04-04 00:00:00+00:00, run_after=2024-04-05 00:00:00+00:00
[2024-04-05T23:17:12.666+0000] {processor.py:183} INFO - Processing /home/airflow/.local/lib/python3.8/site-packages/airflow/example_dags/example_task_group_decorator.py took 0.131 seconds
[2024-04-05T23:17:43.480+0000] {processor.py:161} INFO - Started process (PID=2288) to work on /home/airflow/.local/lib/python3.8/site-packages/airflow/example_dags/example_task_group_decorator.py
[2024-04-05T23:17:43.481+0000] {processor.py:830} INFO - Processing file /home/airflow/.local/lib/python3.8/site-packages/airflow/example_dags/example_task_group_decorator.py for tasks to queue
[2024-04-05T23:17:43.484+0000] {logging_mixin.py:188} INFO - [2024-04-05T23:17:43.483+0000] {dagbag.py:540} INFO - Filling up the DagBag from /home/airflow/.local/lib/python3.8/site-packages/airflow/example_dags/example_task_group_decorator.py
[2024-04-05T23:17:43.502+0000] {processor.py:840} INFO - DAG(s) 'example_task_group_decorator' retrieved from /home/airflow/.local/lib/python3.8/site-packages/airflow/example_dags/example_task_group_decorator.py
[2024-04-05T23:17:43.524+0000] {logging_mixin.py:188} INFO - [2024-04-05T23:17:43.524+0000] {dag.py:3047} INFO - Sync 1 DAGs
[2024-04-05T23:17:43.543+0000] {logging_mixin.py:188} INFO - [2024-04-05T23:17:43.543+0000] {dag.py:3834} INFO - Setting next_dagrun for example_task_group_decorator to 2024-04-04 00:00:00+00:00, run_after=2024-04-05 00:00:00+00:00
[2024-04-05T23:17:43.559+0000] {processor.py:183} INFO - Processing /home/airflow/.local/lib/python3.8/site-packages/airflow/example_dags/example_task_group_decorator.py took 0.082 seconds
[2024-04-05T23:18:13.770+0000] {processor.py:161} INFO - Started process (PID=2343) to work on /home/airflow/.local/lib/python3.8/site-packages/airflow/example_dags/example_task_group_decorator.py
[2024-04-05T23:18:13.771+0000] {processor.py:830} INFO - Processing file /home/airflow/.local/lib/python3.8/site-packages/airflow/example_dags/example_task_group_decorator.py for tasks to queue
[2024-04-05T23:18:13.774+0000] {logging_mixin.py:188} INFO - [2024-04-05T23:18:13.773+0000] {dagbag.py:540} INFO - Filling up the DagBag from /home/airflow/.local/lib/python3.8/site-packages/airflow/example_dags/example_task_group_decorator.py
[2024-04-05T23:18:13.786+0000] {processor.py:840} INFO - DAG(s) 'example_task_group_decorator' retrieved from /home/airflow/.local/lib/python3.8/site-packages/airflow/example_dags/example_task_group_decorator.py
[2024-04-05T23:18:13.811+0000] {logging_mixin.py:188} INFO - [2024-04-05T23:18:13.811+0000] {dag.py:3047} INFO - Sync 1 DAGs
[2024-04-05T23:18:13.831+0000] {logging_mixin.py:188} INFO - [2024-04-05T23:18:13.831+0000] {dag.py:3834} INFO - Setting next_dagrun for example_task_group_decorator to 2024-04-04 00:00:00+00:00, run_after=2024-04-05 00:00:00+00:00
[2024-04-05T23:18:13.897+0000] {processor.py:183} INFO - Processing /home/airflow/.local/lib/python3.8/site-packages/airflow/example_dags/example_task_group_decorator.py took 0.131 seconds
[2024-04-05T23:18:43.940+0000] {processor.py:161} INFO - Started process (PID=2398) to work on /home/airflow/.local/lib/python3.8/site-packages/airflow/example_dags/example_task_group_decorator.py
[2024-04-05T23:18:43.942+0000] {processor.py:830} INFO - Processing file /home/airflow/.local/lib/python3.8/site-packages/airflow/example_dags/example_task_group_decorator.py for tasks to queue
[2024-04-05T23:18:43.947+0000] {logging_mixin.py:188} INFO - [2024-04-05T23:18:43.947+0000] {dagbag.py:540} INFO - Filling up the DagBag from /home/airflow/.local/lib/python3.8/site-packages/airflow/example_dags/example_task_group_decorator.py
[2024-04-05T23:18:43.965+0000] {processor.py:840} INFO - DAG(s) 'example_task_group_decorator' retrieved from /home/airflow/.local/lib/python3.8/site-packages/airflow/example_dags/example_task_group_decorator.py
[2024-04-05T23:18:43.993+0000] {logging_mixin.py:188} INFO - [2024-04-05T23:18:43.993+0000] {dag.py:3047} INFO - Sync 1 DAGs
[2024-04-05T23:18:44.016+0000] {logging_mixin.py:188} INFO - [2024-04-05T23:18:44.016+0000] {dag.py:3834} INFO - Setting next_dagrun for example_task_group_decorator to 2024-04-04 00:00:00+00:00, run_after=2024-04-05 00:00:00+00:00
[2024-04-05T23:18:44.074+0000] {processor.py:183} INFO - Processing /home/airflow/.local/lib/python3.8/site-packages/airflow/example_dags/example_task_group_decorator.py took 0.137 seconds
[2024-04-05T23:19:14.130+0000] {processor.py:161} INFO - Started process (PID=2453) to work on /home/airflow/.local/lib/python3.8/site-packages/airflow/example_dags/example_task_group_decorator.py
[2024-04-05T23:19:14.131+0000] {processor.py:830} INFO - Processing file /home/airflow/.local/lib/python3.8/site-packages/airflow/example_dags/example_task_group_decorator.py for tasks to queue
[2024-04-05T23:19:14.133+0000] {logging_mixin.py:188} INFO - [2024-04-05T23:19:14.133+0000] {dagbag.py:540} INFO - Filling up the DagBag from /home/airflow/.local/lib/python3.8/site-packages/airflow/example_dags/example_task_group_decorator.py
[2024-04-05T23:19:14.150+0000] {processor.py:840} INFO - DAG(s) 'example_task_group_decorator' retrieved from /home/airflow/.local/lib/python3.8/site-packages/airflow/example_dags/example_task_group_decorator.py
[2024-04-05T23:19:14.171+0000] {logging_mixin.py:188} INFO - [2024-04-05T23:19:14.171+0000] {dag.py:3047} INFO - Sync 1 DAGs
[2024-04-05T23:19:14.192+0000] {logging_mixin.py:188} INFO - [2024-04-05T23:19:14.192+0000] {dag.py:3834} INFO - Setting next_dagrun for example_task_group_decorator to 2024-04-04 00:00:00+00:00, run_after=2024-04-05 00:00:00+00:00
[2024-04-05T23:19:14.207+0000] {processor.py:183} INFO - Processing /home/airflow/.local/lib/python3.8/site-packages/airflow/example_dags/example_task_group_decorator.py took 0.080 seconds
[2024-04-05T23:19:44.709+0000] {processor.py:161} INFO - Started process (PID=2508) to work on /home/airflow/.local/lib/python3.8/site-packages/airflow/example_dags/example_task_group_decorator.py
[2024-04-05T23:19:44.710+0000] {processor.py:830} INFO - Processing file /home/airflow/.local/lib/python3.8/site-packages/airflow/example_dags/example_task_group_decorator.py for tasks to queue
[2024-04-05T23:19:44.712+0000] {logging_mixin.py:188} INFO - [2024-04-05T23:19:44.712+0000] {dagbag.py:540} INFO - Filling up the DagBag from /home/airflow/.local/lib/python3.8/site-packages/airflow/example_dags/example_task_group_decorator.py
[2024-04-05T23:19:44.725+0000] {processor.py:840} INFO - DAG(s) 'example_task_group_decorator' retrieved from /home/airflow/.local/lib/python3.8/site-packages/airflow/example_dags/example_task_group_decorator.py
[2024-04-05T23:19:44.754+0000] {logging_mixin.py:188} INFO - [2024-04-05T23:19:44.754+0000] {dag.py:3047} INFO - Sync 1 DAGs
[2024-04-05T23:19:44.775+0000] {logging_mixin.py:188} INFO - [2024-04-05T23:19:44.775+0000] {dag.py:3834} INFO - Setting next_dagrun for example_task_group_decorator to 2024-04-04 00:00:00+00:00, run_after=2024-04-05 00:00:00+00:00
[2024-04-05T23:19:44.843+0000] {processor.py:183} INFO - Processing /home/airflow/.local/lib/python3.8/site-packages/airflow/example_dags/example_task_group_decorator.py took 0.137 seconds
[2024-04-05T23:20:15.260+0000] {processor.py:161} INFO - Started process (PID=2563) to work on /home/airflow/.local/lib/python3.8/site-packages/airflow/example_dags/example_task_group_decorator.py
[2024-04-05T23:20:15.261+0000] {processor.py:830} INFO - Processing file /home/airflow/.local/lib/python3.8/site-packages/airflow/example_dags/example_task_group_decorator.py for tasks to queue
[2024-04-05T23:20:15.264+0000] {logging_mixin.py:188} INFO - [2024-04-05T23:20:15.263+0000] {dagbag.py:540} INFO - Filling up the DagBag from /home/airflow/.local/lib/python3.8/site-packages/airflow/example_dags/example_task_group_decorator.py
[2024-04-05T23:20:15.277+0000] {processor.py:840} INFO - DAG(s) 'example_task_group_decorator' retrieved from /home/airflow/.local/lib/python3.8/site-packages/airflow/example_dags/example_task_group_decorator.py
[2024-04-05T23:20:15.309+0000] {logging_mixin.py:188} INFO - [2024-04-05T23:20:15.309+0000] {dag.py:3047} INFO - Sync 1 DAGs
[2024-04-05T23:20:15.330+0000] {logging_mixin.py:188} INFO - [2024-04-05T23:20:15.330+0000] {dag.py:3834} INFO - Setting next_dagrun for example_task_group_decorator to 2024-04-04 00:00:00+00:00, run_after=2024-04-05 00:00:00+00:00
[2024-04-05T23:20:15.388+0000] {processor.py:183} INFO - Processing /home/airflow/.local/lib/python3.8/site-packages/airflow/example_dags/example_task_group_decorator.py took 0.132 seconds
[2024-04-05T23:20:45.921+0000] {processor.py:161} INFO - Started process (PID=2618) to work on /home/airflow/.local/lib/python3.8/site-packages/airflow/example_dags/example_task_group_decorator.py
[2024-04-05T23:20:45.922+0000] {processor.py:830} INFO - Processing file /home/airflow/.local/lib/python3.8/site-packages/airflow/example_dags/example_task_group_decorator.py for tasks to queue
[2024-04-05T23:20:45.925+0000] {logging_mixin.py:188} INFO - [2024-04-05T23:20:45.924+0000] {dagbag.py:540} INFO - Filling up the DagBag from /home/airflow/.local/lib/python3.8/site-packages/airflow/example_dags/example_task_group_decorator.py
[2024-04-05T23:20:45.941+0000] {processor.py:840} INFO - DAG(s) 'example_task_group_decorator' retrieved from /home/airflow/.local/lib/python3.8/site-packages/airflow/example_dags/example_task_group_decorator.py
[2024-04-05T23:20:45.967+0000] {logging_mixin.py:188} INFO - [2024-04-05T23:20:45.967+0000] {dag.py:3047} INFO - Sync 1 DAGs
[2024-04-05T23:20:45.989+0000] {logging_mixin.py:188} INFO - [2024-04-05T23:20:45.989+0000] {dag.py:3834} INFO - Setting next_dagrun for example_task_group_decorator to 2024-04-04 00:00:00+00:00, run_after=2024-04-05 00:00:00+00:00
[2024-04-05T23:20:46.045+0000] {processor.py:183} INFO - Processing /home/airflow/.local/lib/python3.8/site-packages/airflow/example_dags/example_task_group_decorator.py took 0.129 seconds
[2024-04-05T23:21:16.399+0000] {processor.py:161} INFO - Started process (PID=2673) to work on /home/airflow/.local/lib/python3.8/site-packages/airflow/example_dags/example_task_group_decorator.py
[2024-04-05T23:21:16.400+0000] {processor.py:830} INFO - Processing file /home/airflow/.local/lib/python3.8/site-packages/airflow/example_dags/example_task_group_decorator.py for tasks to queue
[2024-04-05T23:21:16.402+0000] {logging_mixin.py:188} INFO - [2024-04-05T23:21:16.402+0000] {dagbag.py:540} INFO - Filling up the DagBag from /home/airflow/.local/lib/python3.8/site-packages/airflow/example_dags/example_task_group_decorator.py
[2024-04-05T23:21:16.422+0000] {processor.py:840} INFO - DAG(s) 'example_task_group_decorator' retrieved from /home/airflow/.local/lib/python3.8/site-packages/airflow/example_dags/example_task_group_decorator.py
[2024-04-05T23:21:16.454+0000] {logging_mixin.py:188} INFO - [2024-04-05T23:21:16.454+0000] {dag.py:3047} INFO - Sync 1 DAGs
[2024-04-05T23:21:16.474+0000] {logging_mixin.py:188} INFO - [2024-04-05T23:21:16.474+0000] {dag.py:3834} INFO - Setting next_dagrun for example_task_group_decorator to 2024-04-04 00:00:00+00:00, run_after=2024-04-05 00:00:00+00:00
[2024-04-05T23:21:16.542+0000] {processor.py:183} INFO - Processing /home/airflow/.local/lib/python3.8/site-packages/airflow/example_dags/example_task_group_decorator.py took 0.146 seconds
[2024-04-05T23:21:47.230+0000] {processor.py:161} INFO - Started process (PID=2728) to work on /home/airflow/.local/lib/python3.8/site-packages/airflow/example_dags/example_task_group_decorator.py
[2024-04-05T23:21:47.231+0000] {processor.py:830} INFO - Processing file /home/airflow/.local/lib/python3.8/site-packages/airflow/example_dags/example_task_group_decorator.py for tasks to queue
[2024-04-05T23:21:47.233+0000] {logging_mixin.py:188} INFO - [2024-04-05T23:21:47.233+0000] {dagbag.py:540} INFO - Filling up the DagBag from /home/airflow/.local/lib/python3.8/site-packages/airflow/example_dags/example_task_group_decorator.py
[2024-04-05T23:21:47.247+0000] {processor.py:840} INFO - DAG(s) 'example_task_group_decorator' retrieved from /home/airflow/.local/lib/python3.8/site-packages/airflow/example_dags/example_task_group_decorator.py
[2024-04-05T23:21:47.272+0000] {logging_mixin.py:188} INFO - [2024-04-05T23:21:47.272+0000] {dag.py:3047} INFO - Sync 1 DAGs
[2024-04-05T23:21:47.293+0000] {logging_mixin.py:188} INFO - [2024-04-05T23:21:47.293+0000] {dag.py:3834} INFO - Setting next_dagrun for example_task_group_decorator to 2024-04-04 00:00:00+00:00, run_after=2024-04-05 00:00:00+00:00
[2024-04-05T23:21:47.312+0000] {processor.py:183} INFO - Processing /home/airflow/.local/lib/python3.8/site-packages/airflow/example_dags/example_task_group_decorator.py took 0.085 seconds
[2024-04-05T23:22:17.684+0000] {processor.py:161} INFO - Started process (PID=2782) to work on /home/airflow/.local/lib/python3.8/site-packages/airflow/example_dags/example_task_group_decorator.py
[2024-04-05T23:22:17.685+0000] {processor.py:830} INFO - Processing file /home/airflow/.local/lib/python3.8/site-packages/airflow/example_dags/example_task_group_decorator.py for tasks to queue
[2024-04-05T23:22:17.688+0000] {logging_mixin.py:188} INFO - [2024-04-05T23:22:17.687+0000] {dagbag.py:540} INFO - Filling up the DagBag from /home/airflow/.local/lib/python3.8/site-packages/airflow/example_dags/example_task_group_decorator.py
[2024-04-05T23:22:17.703+0000] {processor.py:840} INFO - DAG(s) 'example_task_group_decorator' retrieved from /home/airflow/.local/lib/python3.8/site-packages/airflow/example_dags/example_task_group_decorator.py
[2024-04-05T23:22:17.729+0000] {logging_mixin.py:188} INFO - [2024-04-05T23:22:17.729+0000] {dag.py:3047} INFO - Sync 1 DAGs
[2024-04-05T23:22:17.754+0000] {logging_mixin.py:188} INFO - [2024-04-05T23:22:17.754+0000] {dag.py:3834} INFO - Setting next_dagrun for example_task_group_decorator to 2024-04-04 00:00:00+00:00, run_after=2024-04-05 00:00:00+00:00
[2024-04-05T23:22:17.815+0000] {processor.py:183} INFO - Processing /home/airflow/.local/lib/python3.8/site-packages/airflow/example_dags/example_task_group_decorator.py took 0.135 seconds
[2024-04-05T23:22:47.874+0000] {processor.py:161} INFO - Started process (PID=2837) to work on /home/airflow/.local/lib/python3.8/site-packages/airflow/example_dags/example_task_group_decorator.py
[2024-04-05T23:22:47.875+0000] {processor.py:830} INFO - Processing file /home/airflow/.local/lib/python3.8/site-packages/airflow/example_dags/example_task_group_decorator.py for tasks to queue
[2024-04-05T23:22:47.878+0000] {logging_mixin.py:188} INFO - [2024-04-05T23:22:47.877+0000] {dagbag.py:540} INFO - Filling up the DagBag from /home/airflow/.local/lib/python3.8/site-packages/airflow/example_dags/example_task_group_decorator.py
[2024-04-05T23:22:47.891+0000] {processor.py:840} INFO - DAG(s) 'example_task_group_decorator' retrieved from /home/airflow/.local/lib/python3.8/site-packages/airflow/example_dags/example_task_group_decorator.py
[2024-04-05T23:22:47.915+0000] {logging_mixin.py:188} INFO - [2024-04-05T23:22:47.915+0000] {dag.py:3047} INFO - Sync 1 DAGs
[2024-04-05T23:22:47.937+0000] {logging_mixin.py:188} INFO - [2024-04-05T23:22:47.937+0000] {dag.py:3834} INFO - Setting next_dagrun for example_task_group_decorator to 2024-04-04 00:00:00+00:00, run_after=2024-04-05 00:00:00+00:00
[2024-04-05T23:22:48.002+0000] {processor.py:183} INFO - Processing /home/airflow/.local/lib/python3.8/site-packages/airflow/example_dags/example_task_group_decorator.py took 0.132 seconds
[2024-04-05T23:23:18.043+0000] {processor.py:161} INFO - Started process (PID=2892) to work on /home/airflow/.local/lib/python3.8/site-packages/airflow/example_dags/example_task_group_decorator.py
[2024-04-05T23:23:18.045+0000] {processor.py:830} INFO - Processing file /home/airflow/.local/lib/python3.8/site-packages/airflow/example_dags/example_task_group_decorator.py for tasks to queue
[2024-04-05T23:23:18.048+0000] {logging_mixin.py:188} INFO - [2024-04-05T23:23:18.047+0000] {dagbag.py:540} INFO - Filling up the DagBag from /home/airflow/.local/lib/python3.8/site-packages/airflow/example_dags/example_task_group_decorator.py
[2024-04-05T23:23:18.063+0000] {processor.py:840} INFO - DAG(s) 'example_task_group_decorator' retrieved from /home/airflow/.local/lib/python3.8/site-packages/airflow/example_dags/example_task_group_decorator.py
[2024-04-05T23:23:18.092+0000] {logging_mixin.py:188} INFO - [2024-04-05T23:23:18.092+0000] {dag.py:3047} INFO - Sync 1 DAGs
[2024-04-05T23:23:18.113+0000] {logging_mixin.py:188} INFO - [2024-04-05T23:23:18.113+0000] {dag.py:3834} INFO - Setting next_dagrun for example_task_group_decorator to 2024-04-04 00:00:00+00:00, run_after=2024-04-05 00:00:00+00:00
[2024-04-05T23:23:18.133+0000] {processor.py:183} INFO - Processing /home/airflow/.local/lib/python3.8/site-packages/airflow/example_dags/example_task_group_decorator.py took 0.094 seconds
[2024-04-05T23:23:48.916+0000] {processor.py:161} INFO - Started process (PID=2947) to work on /home/airflow/.local/lib/python3.8/site-packages/airflow/example_dags/example_task_group_decorator.py
[2024-04-05T23:23:48.917+0000] {processor.py:830} INFO - Processing file /home/airflow/.local/lib/python3.8/site-packages/airflow/example_dags/example_task_group_decorator.py for tasks to queue
[2024-04-05T23:23:48.919+0000] {logging_mixin.py:188} INFO - [2024-04-05T23:23:48.918+0000] {dagbag.py:540} INFO - Filling up the DagBag from /home/airflow/.local/lib/python3.8/site-packages/airflow/example_dags/example_task_group_decorator.py
[2024-04-05T23:23:48.935+0000] {processor.py:840} INFO - DAG(s) 'example_task_group_decorator' retrieved from /home/airflow/.local/lib/python3.8/site-packages/airflow/example_dags/example_task_group_decorator.py
[2024-04-05T23:23:48.958+0000] {logging_mixin.py:188} INFO - [2024-04-05T23:23:48.958+0000] {dag.py:3047} INFO - Sync 1 DAGs
[2024-04-05T23:23:48.979+0000] {logging_mixin.py:188} INFO - [2024-04-05T23:23:48.979+0000] {dag.py:3834} INFO - Setting next_dagrun for example_task_group_decorator to 2024-04-04 00:00:00+00:00, run_after=2024-04-05 00:00:00+00:00
[2024-04-05T23:23:49.047+0000] {processor.py:183} INFO - Processing /home/airflow/.local/lib/python3.8/site-packages/airflow/example_dags/example_task_group_decorator.py took 0.135 seconds
[2024-04-05T23:24:19.321+0000] {processor.py:161} INFO - Started process (PID=3003) to work on /home/airflow/.local/lib/python3.8/site-packages/airflow/example_dags/example_task_group_decorator.py
[2024-04-05T23:24:19.322+0000] {processor.py:830} INFO - Processing file /home/airflow/.local/lib/python3.8/site-packages/airflow/example_dags/example_task_group_decorator.py for tasks to queue
[2024-04-05T23:24:19.324+0000] {logging_mixin.py:188} INFO - [2024-04-05T23:24:19.324+0000] {dagbag.py:540} INFO - Filling up the DagBag from /home/airflow/.local/lib/python3.8/site-packages/airflow/example_dags/example_task_group_decorator.py
[2024-04-05T23:24:19.338+0000] {processor.py:840} INFO - DAG(s) 'example_task_group_decorator' retrieved from /home/airflow/.local/lib/python3.8/site-packages/airflow/example_dags/example_task_group_decorator.py
[2024-04-05T23:24:19.366+0000] {logging_mixin.py:188} INFO - [2024-04-05T23:24:19.366+0000] {dag.py:3047} INFO - Sync 1 DAGs
[2024-04-05T23:24:19.388+0000] {logging_mixin.py:188} INFO - [2024-04-05T23:24:19.388+0000] {dag.py:3834} INFO - Setting next_dagrun for example_task_group_decorator to 2024-04-04 00:00:00+00:00, run_after=2024-04-05 00:00:00+00:00
[2024-04-05T23:24:19.456+0000] {processor.py:183} INFO - Processing /home/airflow/.local/lib/python3.8/site-packages/airflow/example_dags/example_task_group_decorator.py took 0.138 seconds
[2024-04-05T23:24:50.462+0000] {processor.py:161} INFO - Started process (PID=3059) to work on /home/airflow/.local/lib/python3.8/site-packages/airflow/example_dags/example_task_group_decorator.py
[2024-04-05T23:24:50.463+0000] {processor.py:830} INFO - Processing file /home/airflow/.local/lib/python3.8/site-packages/airflow/example_dags/example_task_group_decorator.py for tasks to queue
[2024-04-05T23:24:50.465+0000] {logging_mixin.py:188} INFO - [2024-04-05T23:24:50.465+0000] {dagbag.py:540} INFO - Filling up the DagBag from /home/airflow/.local/lib/python3.8/site-packages/airflow/example_dags/example_task_group_decorator.py
[2024-04-05T23:24:50.477+0000] {processor.py:840} INFO - DAG(s) 'example_task_group_decorator' retrieved from /home/airflow/.local/lib/python3.8/site-packages/airflow/example_dags/example_task_group_decorator.py
[2024-04-05T23:24:50.501+0000] {logging_mixin.py:188} INFO - [2024-04-05T23:24:50.501+0000] {dag.py:3047} INFO - Sync 1 DAGs
[2024-04-05T23:24:50.522+0000] {logging_mixin.py:188} INFO - [2024-04-05T23:24:50.522+0000] {dag.py:3834} INFO - Setting next_dagrun for example_task_group_decorator to 2024-04-04 00:00:00+00:00, run_after=2024-04-05 00:00:00+00:00
[2024-04-05T23:24:50.584+0000] {processor.py:183} INFO - Processing /home/airflow/.local/lib/python3.8/site-packages/airflow/example_dags/example_task_group_decorator.py took 0.125 seconds
[2024-04-05T23:25:20.885+0000] {processor.py:161} INFO - Started process (PID=3114) to work on /home/airflow/.local/lib/python3.8/site-packages/airflow/example_dags/example_task_group_decorator.py
[2024-04-05T23:25:20.887+0000] {processor.py:830} INFO - Processing file /home/airflow/.local/lib/python3.8/site-packages/airflow/example_dags/example_task_group_decorator.py for tasks to queue
[2024-04-05T23:25:20.889+0000] {logging_mixin.py:188} INFO - [2024-04-05T23:25:20.889+0000] {dagbag.py:540} INFO - Filling up the DagBag from /home/airflow/.local/lib/python3.8/site-packages/airflow/example_dags/example_task_group_decorator.py
[2024-04-05T23:25:20.905+0000] {processor.py:840} INFO - DAG(s) 'example_task_group_decorator' retrieved from /home/airflow/.local/lib/python3.8/site-packages/airflow/example_dags/example_task_group_decorator.py
[2024-04-05T23:25:20.930+0000] {logging_mixin.py:188} INFO - [2024-04-05T23:25:20.930+0000] {dag.py:3047} INFO - Sync 1 DAGs
[2024-04-05T23:25:20.952+0000] {logging_mixin.py:188} INFO - [2024-04-05T23:25:20.951+0000] {dag.py:3834} INFO - Setting next_dagrun for example_task_group_decorator to 2024-04-04 00:00:00+00:00, run_after=2024-04-05 00:00:00+00:00
[2024-04-05T23:25:20.993+0000] {processor.py:183} INFO - Processing /home/airflow/.local/lib/python3.8/site-packages/airflow/example_dags/example_task_group_decorator.py took 0.112 seconds
[2024-04-05T23:25:51.419+0000] {processor.py:161} INFO - Started process (PID=3169) to work on /home/airflow/.local/lib/python3.8/site-packages/airflow/example_dags/example_task_group_decorator.py
[2024-04-05T23:25:51.421+0000] {processor.py:830} INFO - Processing file /home/airflow/.local/lib/python3.8/site-packages/airflow/example_dags/example_task_group_decorator.py for tasks to queue
[2024-04-05T23:25:51.423+0000] {logging_mixin.py:188} INFO - [2024-04-05T23:25:51.422+0000] {dagbag.py:540} INFO - Filling up the DagBag from /home/airflow/.local/lib/python3.8/site-packages/airflow/example_dags/example_task_group_decorator.py
[2024-04-05T23:25:51.439+0000] {processor.py:840} INFO - DAG(s) 'example_task_group_decorator' retrieved from /home/airflow/.local/lib/python3.8/site-packages/airflow/example_dags/example_task_group_decorator.py
[2024-04-05T23:25:51.463+0000] {logging_mixin.py:188} INFO - [2024-04-05T23:25:51.463+0000] {dag.py:3047} INFO - Sync 1 DAGs
[2024-04-05T23:25:51.482+0000] {logging_mixin.py:188} INFO - [2024-04-05T23:25:51.482+0000] {dag.py:3834} INFO - Setting next_dagrun for example_task_group_decorator to 2024-04-04 00:00:00+00:00, run_after=2024-04-05 00:00:00+00:00
[2024-04-05T23:25:51.521+0000] {processor.py:183} INFO - Processing /home/airflow/.local/lib/python3.8/site-packages/airflow/example_dags/example_task_group_decorator.py took 0.105 seconds
[2024-04-05T23:26:21.846+0000] {processor.py:161} INFO - Started process (PID=3224) to work on /home/airflow/.local/lib/python3.8/site-packages/airflow/example_dags/example_task_group_decorator.py
[2024-04-05T23:26:21.847+0000] {processor.py:830} INFO - Processing file /home/airflow/.local/lib/python3.8/site-packages/airflow/example_dags/example_task_group_decorator.py for tasks to queue
[2024-04-05T23:26:21.849+0000] {logging_mixin.py:188} INFO - [2024-04-05T23:26:21.849+0000] {dagbag.py:540} INFO - Filling up the DagBag from /home/airflow/.local/lib/python3.8/site-packages/airflow/example_dags/example_task_group_decorator.py
[2024-04-05T23:26:21.863+0000] {processor.py:840} INFO - DAG(s) 'example_task_group_decorator' retrieved from /home/airflow/.local/lib/python3.8/site-packages/airflow/example_dags/example_task_group_decorator.py
[2024-04-05T23:26:21.891+0000] {logging_mixin.py:188} INFO - [2024-04-05T23:26:21.891+0000] {dag.py:3047} INFO - Sync 1 DAGs
[2024-04-05T23:26:21.914+0000] {logging_mixin.py:188} INFO - [2024-04-05T23:26:21.914+0000] {dag.py:3834} INFO - Setting next_dagrun for example_task_group_decorator to 2024-04-04 00:00:00+00:00, run_after=2024-04-05 00:00:00+00:00
[2024-04-05T23:26:21.934+0000] {processor.py:183} INFO - Processing /home/airflow/.local/lib/python3.8/site-packages/airflow/example_dags/example_task_group_decorator.py took 0.093 seconds
[2024-04-05T23:26:52.475+0000] {processor.py:161} INFO - Started process (PID=3279) to work on /home/airflow/.local/lib/python3.8/site-packages/airflow/example_dags/example_task_group_decorator.py
[2024-04-05T23:26:52.476+0000] {processor.py:830} INFO - Processing file /home/airflow/.local/lib/python3.8/site-packages/airflow/example_dags/example_task_group_decorator.py for tasks to queue
[2024-04-05T23:26:52.478+0000] {logging_mixin.py:188} INFO - [2024-04-05T23:26:52.478+0000] {dagbag.py:540} INFO - Filling up the DagBag from /home/airflow/.local/lib/python3.8/site-packages/airflow/example_dags/example_task_group_decorator.py
[2024-04-05T23:26:52.494+0000] {processor.py:840} INFO - DAG(s) 'example_task_group_decorator' retrieved from /home/airflow/.local/lib/python3.8/site-packages/airflow/example_dags/example_task_group_decorator.py
[2024-04-05T23:26:52.518+0000] {logging_mixin.py:188} INFO - [2024-04-05T23:26:52.518+0000] {dag.py:3047} INFO - Sync 1 DAGs
[2024-04-05T23:26:52.540+0000] {logging_mixin.py:188} INFO - [2024-04-05T23:26:52.540+0000] {dag.py:3834} INFO - Setting next_dagrun for example_task_group_decorator to 2024-04-04 00:00:00+00:00, run_after=2024-04-05 00:00:00+00:00
[2024-04-05T23:26:52.559+0000] {processor.py:183} INFO - Processing /home/airflow/.local/lib/python3.8/site-packages/airflow/example_dags/example_task_group_decorator.py took 0.088 seconds
[2024-04-05T23:27:23.286+0000] {processor.py:161} INFO - Started process (PID=3334) to work on /home/airflow/.local/lib/python3.8/site-packages/airflow/example_dags/example_task_group_decorator.py
[2024-04-05T23:27:23.288+0000] {processor.py:830} INFO - Processing file /home/airflow/.local/lib/python3.8/site-packages/airflow/example_dags/example_task_group_decorator.py for tasks to queue
[2024-04-05T23:27:23.291+0000] {logging_mixin.py:188} INFO - [2024-04-05T23:27:23.290+0000] {dagbag.py:540} INFO - Filling up the DagBag from /home/airflow/.local/lib/python3.8/site-packages/airflow/example_dags/example_task_group_decorator.py
[2024-04-05T23:27:23.306+0000] {processor.py:840} INFO - DAG(s) 'example_task_group_decorator' retrieved from /home/airflow/.local/lib/python3.8/site-packages/airflow/example_dags/example_task_group_decorator.py
[2024-04-05T23:27:23.331+0000] {logging_mixin.py:188} INFO - [2024-04-05T23:27:23.330+0000] {dag.py:3047} INFO - Sync 1 DAGs
[2024-04-05T23:27:23.353+0000] {logging_mixin.py:188} INFO - [2024-04-05T23:27:23.352+0000] {dag.py:3834} INFO - Setting next_dagrun for example_task_group_decorator to 2024-04-04 00:00:00+00:00, run_after=2024-04-05 00:00:00+00:00
[2024-04-05T23:27:23.390+0000] {processor.py:183} INFO - Processing /home/airflow/.local/lib/python3.8/site-packages/airflow/example_dags/example_task_group_decorator.py took 0.108 seconds
[2024-04-05T23:27:53.701+0000] {processor.py:161} INFO - Started process (PID=3389) to work on /home/airflow/.local/lib/python3.8/site-packages/airflow/example_dags/example_task_group_decorator.py
[2024-04-05T23:27:53.702+0000] {processor.py:830} INFO - Processing file /home/airflow/.local/lib/python3.8/site-packages/airflow/example_dags/example_task_group_decorator.py for tasks to queue
[2024-04-05T23:27:53.705+0000] {logging_mixin.py:188} INFO - [2024-04-05T23:27:53.705+0000] {dagbag.py:540} INFO - Filling up the DagBag from /home/airflow/.local/lib/python3.8/site-packages/airflow/example_dags/example_task_group_decorator.py
[2024-04-05T23:27:53.723+0000] {processor.py:840} INFO - DAG(s) 'example_task_group_decorator' retrieved from /home/airflow/.local/lib/python3.8/site-packages/airflow/example_dags/example_task_group_decorator.py
[2024-04-05T23:27:53.748+0000] {logging_mixin.py:188} INFO - [2024-04-05T23:27:53.748+0000] {dag.py:3047} INFO - Sync 1 DAGs
[2024-04-05T23:27:53.770+0000] {logging_mixin.py:188} INFO - [2024-04-05T23:27:53.770+0000] {dag.py:3834} INFO - Setting next_dagrun for example_task_group_decorator to 2024-04-04 00:00:00+00:00, run_after=2024-04-05 00:00:00+00:00
[2024-04-05T23:27:53.809+0000] {processor.py:183} INFO - Processing /home/airflow/.local/lib/python3.8/site-packages/airflow/example_dags/example_task_group_decorator.py took 0.111 seconds
[2024-04-05T23:28:24.248+0000] {processor.py:161} INFO - Started process (PID=3444) to work on /home/airflow/.local/lib/python3.8/site-packages/airflow/example_dags/example_task_group_decorator.py
[2024-04-05T23:28:24.249+0000] {processor.py:830} INFO - Processing file /home/airflow/.local/lib/python3.8/site-packages/airflow/example_dags/example_task_group_decorator.py for tasks to queue
[2024-04-05T23:28:24.251+0000] {logging_mixin.py:188} INFO - [2024-04-05T23:28:24.251+0000] {dagbag.py:540} INFO - Filling up the DagBag from /home/airflow/.local/lib/python3.8/site-packages/airflow/example_dags/example_task_group_decorator.py
[2024-04-05T23:28:24.267+0000] {processor.py:840} INFO - DAG(s) 'example_task_group_decorator' retrieved from /home/airflow/.local/lib/python3.8/site-packages/airflow/example_dags/example_task_group_decorator.py
[2024-04-05T23:28:24.297+0000] {logging_mixin.py:188} INFO - [2024-04-05T23:28:24.296+0000] {dag.py:3047} INFO - Sync 1 DAGs
[2024-04-05T23:28:24.318+0000] {logging_mixin.py:188} INFO - [2024-04-05T23:28:24.317+0000] {dag.py:3834} INFO - Setting next_dagrun for example_task_group_decorator to 2024-04-04 00:00:00+00:00, run_after=2024-04-05 00:00:00+00:00
[2024-04-05T23:28:24.336+0000] {processor.py:183} INFO - Processing /home/airflow/.local/lib/python3.8/site-packages/airflow/example_dags/example_task_group_decorator.py took 0.093 seconds
