[2024-04-05T22:57:12.779+0000] {processor.py:161} INFO - Started process (PID=51) to work on /home/airflow/.local/lib/python3.8/site-packages/airflow/example_dags/example_short_circuit_operator.py
[2024-04-05T22:57:12.782+0000] {processor.py:830} INFO - Processing file /home/airflow/.local/lib/python3.8/site-packages/airflow/example_dags/example_short_circuit_operator.py for tasks to queue
[2024-04-05T22:57:12.786+0000] {logging_mixin.py:188} INFO - [2024-04-05T22:57:12.785+0000] {dagbag.py:540} INFO - Filling up the DagBag from /home/airflow/.local/lib/python3.8/site-packages/airflow/example_dags/example_short_circuit_operator.py
[2024-04-05T22:57:12.804+0000] {processor.py:840} INFO - DAG(s) 'example_short_circuit_operator' retrieved from /home/airflow/.local/lib/python3.8/site-packages/airflow/example_dags/example_short_circuit_operator.py
[2024-04-05T22:57:12.859+0000] {logging_mixin.py:188} INFO - [2024-04-05T22:57:12.858+0000] {dag.py:3047} INFO - Sync 1 DAGs
[2024-04-05T22:57:12.902+0000] {logging_mixin.py:188} INFO - [2024-04-05T22:57:12.902+0000] {dag.py:3834} INFO - Setting next_dagrun for example_short_circuit_operator to 2024-04-04 00:00:00+00:00, run_after=2024-04-05 00:00:00+00:00
[2024-04-05T22:57:12.949+0000] {processor.py:183} INFO - Processing /home/airflow/.local/lib/python3.8/site-packages/airflow/example_dags/example_short_circuit_operator.py took 0.176 seconds
[2024-04-05T22:57:43.687+0000] {processor.py:161} INFO - Started process (PID=106) to work on /home/airflow/.local/lib/python3.8/site-packages/airflow/example_dags/example_short_circuit_operator.py
[2024-04-05T22:57:43.688+0000] {processor.py:830} INFO - Processing file /home/airflow/.local/lib/python3.8/site-packages/airflow/example_dags/example_short_circuit_operator.py for tasks to queue
[2024-04-05T22:57:43.691+0000] {logging_mixin.py:188} INFO - [2024-04-05T22:57:43.691+0000] {dagbag.py:540} INFO - Filling up the DagBag from /home/airflow/.local/lib/python3.8/site-packages/airflow/example_dags/example_short_circuit_operator.py
[2024-04-05T22:57:43.708+0000] {processor.py:840} INFO - DAG(s) 'example_short_circuit_operator' retrieved from /home/airflow/.local/lib/python3.8/site-packages/airflow/example_dags/example_short_circuit_operator.py
[2024-04-05T22:57:43.741+0000] {logging_mixin.py:188} INFO - [2024-04-05T22:57:43.741+0000] {dag.py:3047} INFO - Sync 1 DAGs
[2024-04-05T22:57:43.767+0000] {logging_mixin.py:188} INFO - [2024-04-05T22:57:43.767+0000] {dag.py:3834} INFO - Setting next_dagrun for example_short_circuit_operator to 2024-04-04 00:00:00+00:00, run_after=2024-04-05 00:00:00+00:00
[2024-04-05T22:57:43.790+0000] {processor.py:183} INFO - Processing /home/airflow/.local/lib/python3.8/site-packages/airflow/example_dags/example_short_circuit_operator.py took 0.109 seconds
[2024-04-05T22:58:13.919+0000] {processor.py:161} INFO - Started process (PID=161) to work on /home/airflow/.local/lib/python3.8/site-packages/airflow/example_dags/example_short_circuit_operator.py
[2024-04-05T22:58:13.920+0000] {processor.py:830} INFO - Processing file /home/airflow/.local/lib/python3.8/site-packages/airflow/example_dags/example_short_circuit_operator.py for tasks to queue
[2024-04-05T22:58:13.923+0000] {logging_mixin.py:188} INFO - [2024-04-05T22:58:13.923+0000] {dagbag.py:540} INFO - Filling up the DagBag from /home/airflow/.local/lib/python3.8/site-packages/airflow/example_dags/example_short_circuit_operator.py
[2024-04-05T22:58:13.931+0000] {processor.py:840} INFO - DAG(s) 'example_short_circuit_operator' retrieved from /home/airflow/.local/lib/python3.8/site-packages/airflow/example_dags/example_short_circuit_operator.py
[2024-04-05T22:58:13.963+0000] {logging_mixin.py:188} INFO - [2024-04-05T22:58:13.963+0000] {dag.py:3047} INFO - Sync 1 DAGs
[2024-04-05T22:58:13.991+0000] {logging_mixin.py:188} INFO - [2024-04-05T22:58:13.990+0000] {dag.py:3834} INFO - Setting next_dagrun for example_short_circuit_operator to 2024-04-04 00:00:00+00:00, run_after=2024-04-05 00:00:00+00:00
[2024-04-05T22:58:14.012+0000] {processor.py:183} INFO - Processing /home/airflow/.local/lib/python3.8/site-packages/airflow/example_dags/example_short_circuit_operator.py took 0.097 seconds
[2024-04-05T22:58:45.783+0000] {processor.py:161} INFO - Started process (PID=216) to work on /home/airflow/.local/lib/python3.8/site-packages/airflow/example_dags/example_short_circuit_operator.py
[2024-04-05T22:58:45.786+0000] {processor.py:830} INFO - Processing file /home/airflow/.local/lib/python3.8/site-packages/airflow/example_dags/example_short_circuit_operator.py for tasks to queue
[2024-04-05T22:58:45.792+0000] {logging_mixin.py:188} INFO - [2024-04-05T22:58:45.791+0000] {dagbag.py:540} INFO - Filling up the DagBag from /home/airflow/.local/lib/python3.8/site-packages/airflow/example_dags/example_short_circuit_operator.py
[2024-04-05T22:58:45.815+0000] {processor.py:840} INFO - DAG(s) 'example_short_circuit_operator' retrieved from /home/airflow/.local/lib/python3.8/site-packages/airflow/example_dags/example_short_circuit_operator.py
[2024-04-05T22:58:45.857+0000] {logging_mixin.py:188} INFO - [2024-04-05T22:58:45.856+0000] {dag.py:3047} INFO - Sync 1 DAGs
[2024-04-05T22:58:45.898+0000] {logging_mixin.py:188} INFO - [2024-04-05T22:58:45.897+0000] {dag.py:3834} INFO - Setting next_dagrun for example_short_circuit_operator to 2024-04-04 00:00:00+00:00, run_after=2024-04-05 00:00:00+00:00
[2024-04-05T22:58:46.223+0000] {processor.py:183} INFO - Processing /home/airflow/.local/lib/python3.8/site-packages/airflow/example_dags/example_short_circuit_operator.py took 0.448 seconds
[2024-04-05T22:59:16.297+0000] {processor.py:161} INFO - Started process (PID=271) to work on /home/airflow/.local/lib/python3.8/site-packages/airflow/example_dags/example_short_circuit_operator.py
[2024-04-05T22:59:16.299+0000] {processor.py:830} INFO - Processing file /home/airflow/.local/lib/python3.8/site-packages/airflow/example_dags/example_short_circuit_operator.py for tasks to queue
[2024-04-05T22:59:16.303+0000] {logging_mixin.py:188} INFO - [2024-04-05T22:59:16.302+0000] {dagbag.py:540} INFO - Filling up the DagBag from /home/airflow/.local/lib/python3.8/site-packages/airflow/example_dags/example_short_circuit_operator.py
[2024-04-05T22:59:16.315+0000] {processor.py:840} INFO - DAG(s) 'example_short_circuit_operator' retrieved from /home/airflow/.local/lib/python3.8/site-packages/airflow/example_dags/example_short_circuit_operator.py
[2024-04-05T22:59:16.358+0000] {logging_mixin.py:188} INFO - [2024-04-05T22:59:16.357+0000] {dag.py:3047} INFO - Sync 1 DAGs
[2024-04-05T22:59:16.397+0000] {logging_mixin.py:188} INFO - [2024-04-05T22:59:16.397+0000] {dag.py:3834} INFO - Setting next_dagrun for example_short_circuit_operator to 2024-04-04 00:00:00+00:00, run_after=2024-04-05 00:00:00+00:00
[2024-04-05T22:59:16.442+0000] {processor.py:183} INFO - Processing /home/airflow/.local/lib/python3.8/site-packages/airflow/example_dags/example_short_circuit_operator.py took 0.152 seconds
[2024-04-05T22:59:46.666+0000] {processor.py:161} INFO - Started process (PID=326) to work on /home/airflow/.local/lib/python3.8/site-packages/airflow/example_dags/example_short_circuit_operator.py
[2024-04-05T22:59:46.668+0000] {processor.py:830} INFO - Processing file /home/airflow/.local/lib/python3.8/site-packages/airflow/example_dags/example_short_circuit_operator.py for tasks to queue
[2024-04-05T22:59:46.671+0000] {logging_mixin.py:188} INFO - [2024-04-05T22:59:46.670+0000] {dagbag.py:540} INFO - Filling up the DagBag from /home/airflow/.local/lib/python3.8/site-packages/airflow/example_dags/example_short_circuit_operator.py
[2024-04-05T22:59:46.681+0000] {processor.py:840} INFO - DAG(s) 'example_short_circuit_operator' retrieved from /home/airflow/.local/lib/python3.8/site-packages/airflow/example_dags/example_short_circuit_operator.py
[2024-04-05T22:59:46.713+0000] {logging_mixin.py:188} INFO - [2024-04-05T22:59:46.713+0000] {dag.py:3047} INFO - Sync 1 DAGs
[2024-04-05T22:59:46.741+0000] {logging_mixin.py:188} INFO - [2024-04-05T22:59:46.741+0000] {dag.py:3834} INFO - Setting next_dagrun for example_short_circuit_operator to 2024-04-04 00:00:00+00:00, run_after=2024-04-05 00:00:00+00:00
[2024-04-05T22:59:46.766+0000] {processor.py:183} INFO - Processing /home/airflow/.local/lib/python3.8/site-packages/airflow/example_dags/example_short_circuit_operator.py took 0.105 seconds
[2024-04-05T23:00:16.867+0000] {processor.py:161} INFO - Started process (PID=381) to work on /home/airflow/.local/lib/python3.8/site-packages/airflow/example_dags/example_short_circuit_operator.py
[2024-04-05T23:00:16.869+0000] {processor.py:830} INFO - Processing file /home/airflow/.local/lib/python3.8/site-packages/airflow/example_dags/example_short_circuit_operator.py for tasks to queue
[2024-04-05T23:00:16.872+0000] {logging_mixin.py:188} INFO - [2024-04-05T23:00:16.871+0000] {dagbag.py:540} INFO - Filling up the DagBag from /home/airflow/.local/lib/python3.8/site-packages/airflow/example_dags/example_short_circuit_operator.py
[2024-04-05T23:00:16.886+0000] {processor.py:840} INFO - DAG(s) 'example_short_circuit_operator' retrieved from /home/airflow/.local/lib/python3.8/site-packages/airflow/example_dags/example_short_circuit_operator.py
[2024-04-05T23:00:16.923+0000] {logging_mixin.py:188} INFO - [2024-04-05T23:00:16.922+0000] {dag.py:3047} INFO - Sync 1 DAGs
[2024-04-05T23:00:16.955+0000] {logging_mixin.py:188} INFO - [2024-04-05T23:00:16.955+0000] {dag.py:3834} INFO - Setting next_dagrun for example_short_circuit_operator to 2024-04-04 00:00:00+00:00, run_after=2024-04-05 00:00:00+00:00
[2024-04-05T23:00:16.985+0000] {processor.py:183} INFO - Processing /home/airflow/.local/lib/python3.8/site-packages/airflow/example_dags/example_short_circuit_operator.py took 0.124 seconds
[2024-04-05T23:00:48.005+0000] {processor.py:161} INFO - Started process (PID=436) to work on /home/airflow/.local/lib/python3.8/site-packages/airflow/example_dags/example_short_circuit_operator.py
[2024-04-05T23:00:48.007+0000] {processor.py:830} INFO - Processing file /home/airflow/.local/lib/python3.8/site-packages/airflow/example_dags/example_short_circuit_operator.py for tasks to queue
[2024-04-05T23:00:48.010+0000] {logging_mixin.py:188} INFO - [2024-04-05T23:00:48.010+0000] {dagbag.py:540} INFO - Filling up the DagBag from /home/airflow/.local/lib/python3.8/site-packages/airflow/example_dags/example_short_circuit_operator.py
[2024-04-05T23:00:48.024+0000] {processor.py:840} INFO - DAG(s) 'example_short_circuit_operator' retrieved from /home/airflow/.local/lib/python3.8/site-packages/airflow/example_dags/example_short_circuit_operator.py
[2024-04-05T23:00:48.237+0000] {logging_mixin.py:188} INFO - [2024-04-05T23:00:48.236+0000] {dag.py:3047} INFO - Sync 1 DAGs
[2024-04-05T23:00:48.265+0000] {logging_mixin.py:188} INFO - [2024-04-05T23:00:48.265+0000] {dag.py:3834} INFO - Setting next_dagrun for example_short_circuit_operator to 2024-04-04 00:00:00+00:00, run_after=2024-04-05 00:00:00+00:00
[2024-04-05T23:00:48.288+0000] {processor.py:183} INFO - Processing /home/airflow/.local/lib/python3.8/site-packages/airflow/example_dags/example_short_circuit_operator.py took 0.288 seconds
[2024-04-05T23:01:19.092+0000] {processor.py:161} INFO - Started process (PID=491) to work on /home/airflow/.local/lib/python3.8/site-packages/airflow/example_dags/example_short_circuit_operator.py
[2024-04-05T23:01:19.094+0000] {processor.py:830} INFO - Processing file /home/airflow/.local/lib/python3.8/site-packages/airflow/example_dags/example_short_circuit_operator.py for tasks to queue
[2024-04-05T23:01:19.097+0000] {logging_mixin.py:188} INFO - [2024-04-05T23:01:19.097+0000] {dagbag.py:540} INFO - Filling up the DagBag from /home/airflow/.local/lib/python3.8/site-packages/airflow/example_dags/example_short_circuit_operator.py
[2024-04-05T23:01:19.105+0000] {processor.py:840} INFO - DAG(s) 'example_short_circuit_operator' retrieved from /home/airflow/.local/lib/python3.8/site-packages/airflow/example_dags/example_short_circuit_operator.py
[2024-04-05T23:01:19.137+0000] {logging_mixin.py:188} INFO - [2024-04-05T23:01:19.137+0000] {dag.py:3047} INFO - Sync 1 DAGs
[2024-04-05T23:01:19.327+0000] {logging_mixin.py:188} INFO - [2024-04-05T23:01:19.327+0000] {dag.py:3834} INFO - Setting next_dagrun for example_short_circuit_operator to 2024-04-04 00:00:00+00:00, run_after=2024-04-05 00:00:00+00:00
[2024-04-05T23:01:19.366+0000] {processor.py:183} INFO - Processing /home/airflow/.local/lib/python3.8/site-packages/airflow/example_dags/example_short_circuit_operator.py took 0.277 seconds
[2024-04-05T23:01:50.036+0000] {processor.py:161} INFO - Started process (PID=546) to work on /home/airflow/.local/lib/python3.8/site-packages/airflow/example_dags/example_short_circuit_operator.py
[2024-04-05T23:01:50.037+0000] {processor.py:830} INFO - Processing file /home/airflow/.local/lib/python3.8/site-packages/airflow/example_dags/example_short_circuit_operator.py for tasks to queue
[2024-04-05T23:01:50.041+0000] {logging_mixin.py:188} INFO - [2024-04-05T23:01:50.040+0000] {dagbag.py:540} INFO - Filling up the DagBag from /home/airflow/.local/lib/python3.8/site-packages/airflow/example_dags/example_short_circuit_operator.py
[2024-04-05T23:01:50.050+0000] {processor.py:840} INFO - DAG(s) 'example_short_circuit_operator' retrieved from /home/airflow/.local/lib/python3.8/site-packages/airflow/example_dags/example_short_circuit_operator.py
[2024-04-05T23:01:50.088+0000] {logging_mixin.py:188} INFO - [2024-04-05T23:01:50.088+0000] {dag.py:3047} INFO - Sync 1 DAGs
[2024-04-05T23:01:50.112+0000] {logging_mixin.py:188} INFO - [2024-04-05T23:01:50.112+0000] {dag.py:3834} INFO - Setting next_dagrun for example_short_circuit_operator to 2024-04-04 00:00:00+00:00, run_after=2024-04-05 00:00:00+00:00
[2024-04-05T23:01:50.135+0000] {processor.py:183} INFO - Processing /home/airflow/.local/lib/python3.8/site-packages/airflow/example_dags/example_short_circuit_operator.py took 0.103 seconds
[2024-04-05T23:02:20.264+0000] {processor.py:161} INFO - Started process (PID=601) to work on /home/airflow/.local/lib/python3.8/site-packages/airflow/example_dags/example_short_circuit_operator.py
[2024-04-05T23:02:20.265+0000] {processor.py:830} INFO - Processing file /home/airflow/.local/lib/python3.8/site-packages/airflow/example_dags/example_short_circuit_operator.py for tasks to queue
[2024-04-05T23:02:20.268+0000] {logging_mixin.py:188} INFO - [2024-04-05T23:02:20.268+0000] {dagbag.py:540} INFO - Filling up the DagBag from /home/airflow/.local/lib/python3.8/site-packages/airflow/example_dags/example_short_circuit_operator.py
[2024-04-05T23:02:20.279+0000] {processor.py:840} INFO - DAG(s) 'example_short_circuit_operator' retrieved from /home/airflow/.local/lib/python3.8/site-packages/airflow/example_dags/example_short_circuit_operator.py
[2024-04-05T23:02:20.312+0000] {logging_mixin.py:188} INFO - [2024-04-05T23:02:20.312+0000] {dag.py:3047} INFO - Sync 1 DAGs
[2024-04-05T23:02:20.351+0000] {logging_mixin.py:188} INFO - [2024-04-05T23:02:20.351+0000] {dag.py:3834} INFO - Setting next_dagrun for example_short_circuit_operator to 2024-04-04 00:00:00+00:00, run_after=2024-04-05 00:00:00+00:00
[2024-04-05T23:02:20.382+0000] {processor.py:183} INFO - Processing /home/airflow/.local/lib/python3.8/site-packages/airflow/example_dags/example_short_circuit_operator.py took 0.124 seconds
[2024-04-05T23:02:51.192+0000] {processor.py:161} INFO - Started process (PID=656) to work on /home/airflow/.local/lib/python3.8/site-packages/airflow/example_dags/example_short_circuit_operator.py
[2024-04-05T23:02:51.194+0000] {processor.py:830} INFO - Processing file /home/airflow/.local/lib/python3.8/site-packages/airflow/example_dags/example_short_circuit_operator.py for tasks to queue
[2024-04-05T23:02:51.196+0000] {logging_mixin.py:188} INFO - [2024-04-05T23:02:51.196+0000] {dagbag.py:540} INFO - Filling up the DagBag from /home/airflow/.local/lib/python3.8/site-packages/airflow/example_dags/example_short_circuit_operator.py
[2024-04-05T23:02:51.205+0000] {processor.py:840} INFO - DAG(s) 'example_short_circuit_operator' retrieved from /home/airflow/.local/lib/python3.8/site-packages/airflow/example_dags/example_short_circuit_operator.py
[2024-04-05T23:02:51.233+0000] {logging_mixin.py:188} INFO - [2024-04-05T23:02:51.233+0000] {dag.py:3047} INFO - Sync 1 DAGs
[2024-04-05T23:02:51.259+0000] {logging_mixin.py:188} INFO - [2024-04-05T23:02:51.259+0000] {dag.py:3834} INFO - Setting next_dagrun for example_short_circuit_operator to 2024-04-04 00:00:00+00:00, run_after=2024-04-05 00:00:00+00:00
[2024-04-05T23:02:51.282+0000] {processor.py:183} INFO - Processing /home/airflow/.local/lib/python3.8/site-packages/airflow/example_dags/example_short_circuit_operator.py took 0.094 seconds
[2024-04-05T23:03:21.595+0000] {processor.py:161} INFO - Started process (PID=711) to work on /home/airflow/.local/lib/python3.8/site-packages/airflow/example_dags/example_short_circuit_operator.py
[2024-04-05T23:03:21.596+0000] {processor.py:830} INFO - Processing file /home/airflow/.local/lib/python3.8/site-packages/airflow/example_dags/example_short_circuit_operator.py for tasks to queue
[2024-04-05T23:03:21.599+0000] {logging_mixin.py:188} INFO - [2024-04-05T23:03:21.598+0000] {dagbag.py:540} INFO - Filling up the DagBag from /home/airflow/.local/lib/python3.8/site-packages/airflow/example_dags/example_short_circuit_operator.py
[2024-04-05T23:03:21.607+0000] {processor.py:840} INFO - DAG(s) 'example_short_circuit_operator' retrieved from /home/airflow/.local/lib/python3.8/site-packages/airflow/example_dags/example_short_circuit_operator.py
[2024-04-05T23:03:21.631+0000] {logging_mixin.py:188} INFO - [2024-04-05T23:03:21.631+0000] {dag.py:3047} INFO - Sync 1 DAGs
[2024-04-05T23:03:21.653+0000] {logging_mixin.py:188} INFO - [2024-04-05T23:03:21.653+0000] {dag.py:3834} INFO - Setting next_dagrun for example_short_circuit_operator to 2024-04-04 00:00:00+00:00, run_after=2024-04-05 00:00:00+00:00
[2024-04-05T23:03:21.673+0000] {processor.py:183} INFO - Processing /home/airflow/.local/lib/python3.8/site-packages/airflow/example_dags/example_short_circuit_operator.py took 0.082 seconds
[2024-04-05T23:03:51.788+0000] {processor.py:161} INFO - Started process (PID=767) to work on /home/airflow/.local/lib/python3.8/site-packages/airflow/example_dags/example_short_circuit_operator.py
[2024-04-05T23:03:51.790+0000] {processor.py:830} INFO - Processing file /home/airflow/.local/lib/python3.8/site-packages/airflow/example_dags/example_short_circuit_operator.py for tasks to queue
[2024-04-05T23:03:51.793+0000] {logging_mixin.py:188} INFO - [2024-04-05T23:03:51.792+0000] {dagbag.py:540} INFO - Filling up the DagBag from /home/airflow/.local/lib/python3.8/site-packages/airflow/example_dags/example_short_circuit_operator.py
[2024-04-05T23:03:51.803+0000] {processor.py:840} INFO - DAG(s) 'example_short_circuit_operator' retrieved from /home/airflow/.local/lib/python3.8/site-packages/airflow/example_dags/example_short_circuit_operator.py
[2024-04-05T23:03:51.838+0000] {logging_mixin.py:188} INFO - [2024-04-05T23:03:51.837+0000] {dag.py:3047} INFO - Sync 1 DAGs
[2024-04-05T23:03:51.866+0000] {logging_mixin.py:188} INFO - [2024-04-05T23:03:51.866+0000] {dag.py:3834} INFO - Setting next_dagrun for example_short_circuit_operator to 2024-04-04 00:00:00+00:00, run_after=2024-04-05 00:00:00+00:00
[2024-04-05T23:03:51.889+0000] {processor.py:183} INFO - Processing /home/airflow/.local/lib/python3.8/site-packages/airflow/example_dags/example_short_circuit_operator.py took 0.104 seconds
[2024-04-05T23:04:22.436+0000] {processor.py:161} INFO - Started process (PID=828) to work on /home/airflow/.local/lib/python3.8/site-packages/airflow/example_dags/example_short_circuit_operator.py
[2024-04-05T23:04:22.438+0000] {processor.py:830} INFO - Processing file /home/airflow/.local/lib/python3.8/site-packages/airflow/example_dags/example_short_circuit_operator.py for tasks to queue
[2024-04-05T23:04:22.443+0000] {logging_mixin.py:188} INFO - [2024-04-05T23:04:22.442+0000] {dagbag.py:540} INFO - Filling up the DagBag from /home/airflow/.local/lib/python3.8/site-packages/airflow/example_dags/example_short_circuit_operator.py
[2024-04-05T23:04:22.464+0000] {processor.py:840} INFO - DAG(s) 'example_short_circuit_operator' retrieved from /home/airflow/.local/lib/python3.8/site-packages/airflow/example_dags/example_short_circuit_operator.py
[2024-04-05T23:04:22.513+0000] {logging_mixin.py:188} INFO - [2024-04-05T23:04:22.512+0000] {dag.py:3047} INFO - Sync 1 DAGs
[2024-04-05T23:04:22.566+0000] {logging_mixin.py:188} INFO - [2024-04-05T23:04:22.565+0000] {dag.py:3834} INFO - Setting next_dagrun for example_short_circuit_operator to 2024-04-04 00:00:00+00:00, run_after=2024-04-05 00:00:00+00:00
[2024-04-05T23:04:22.598+0000] {processor.py:183} INFO - Processing /home/airflow/.local/lib/python3.8/site-packages/airflow/example_dags/example_short_circuit_operator.py took 0.168 seconds
[2024-04-05T23:04:52.728+0000] {processor.py:161} INFO - Started process (PID=883) to work on /home/airflow/.local/lib/python3.8/site-packages/airflow/example_dags/example_short_circuit_operator.py
[2024-04-05T23:04:52.730+0000] {processor.py:830} INFO - Processing file /home/airflow/.local/lib/python3.8/site-packages/airflow/example_dags/example_short_circuit_operator.py for tasks to queue
[2024-04-05T23:04:52.732+0000] {logging_mixin.py:188} INFO - [2024-04-05T23:04:52.732+0000] {dagbag.py:540} INFO - Filling up the DagBag from /home/airflow/.local/lib/python3.8/site-packages/airflow/example_dags/example_short_circuit_operator.py
[2024-04-05T23:04:52.740+0000] {processor.py:840} INFO - DAG(s) 'example_short_circuit_operator' retrieved from /home/airflow/.local/lib/python3.8/site-packages/airflow/example_dags/example_short_circuit_operator.py
[2024-04-05T23:04:52.764+0000] {logging_mixin.py:188} INFO - [2024-04-05T23:04:52.764+0000] {dag.py:3047} INFO - Sync 1 DAGs
[2024-04-05T23:04:52.789+0000] {logging_mixin.py:188} INFO - [2024-04-05T23:04:52.789+0000] {dag.py:3834} INFO - Setting next_dagrun for example_short_circuit_operator to 2024-04-04 00:00:00+00:00, run_after=2024-04-05 00:00:00+00:00
[2024-04-05T23:04:52.842+0000] {processor.py:183} INFO - Processing /home/airflow/.local/lib/python3.8/site-packages/airflow/example_dags/example_short_circuit_operator.py took 0.118 seconds
[2024-04-05T23:05:23.509+0000] {processor.py:161} INFO - Started process (PID=938) to work on /home/airflow/.local/lib/python3.8/site-packages/airflow/example_dags/example_short_circuit_operator.py
[2024-04-05T23:05:23.511+0000] {processor.py:830} INFO - Processing file /home/airflow/.local/lib/python3.8/site-packages/airflow/example_dags/example_short_circuit_operator.py for tasks to queue
[2024-04-05T23:05:23.513+0000] {logging_mixin.py:188} INFO - [2024-04-05T23:05:23.512+0000] {dagbag.py:540} INFO - Filling up the DagBag from /home/airflow/.local/lib/python3.8/site-packages/airflow/example_dags/example_short_circuit_operator.py
[2024-04-05T23:05:23.525+0000] {processor.py:840} INFO - DAG(s) 'example_short_circuit_operator' retrieved from /home/airflow/.local/lib/python3.8/site-packages/airflow/example_dags/example_short_circuit_operator.py
[2024-04-05T23:05:23.552+0000] {logging_mixin.py:188} INFO - [2024-04-05T23:05:23.552+0000] {dag.py:3047} INFO - Sync 1 DAGs
[2024-04-05T23:05:23.577+0000] {logging_mixin.py:188} INFO - [2024-04-05T23:05:23.577+0000] {dag.py:3834} INFO - Setting next_dagrun for example_short_circuit_operator to 2024-04-04 00:00:00+00:00, run_after=2024-04-05 00:00:00+00:00
[2024-04-05T23:05:23.598+0000] {processor.py:183} INFO - Processing /home/airflow/.local/lib/python3.8/site-packages/airflow/example_dags/example_short_circuit_operator.py took 0.093 seconds
[2024-04-05T23:05:53.710+0000] {processor.py:161} INFO - Started process (PID=993) to work on /home/airflow/.local/lib/python3.8/site-packages/airflow/example_dags/example_short_circuit_operator.py
[2024-04-05T23:05:53.712+0000] {processor.py:830} INFO - Processing file /home/airflow/.local/lib/python3.8/site-packages/airflow/example_dags/example_short_circuit_operator.py for tasks to queue
[2024-04-05T23:05:53.714+0000] {logging_mixin.py:188} INFO - [2024-04-05T23:05:53.714+0000] {dagbag.py:540} INFO - Filling up the DagBag from /home/airflow/.local/lib/python3.8/site-packages/airflow/example_dags/example_short_circuit_operator.py
[2024-04-05T23:05:53.725+0000] {processor.py:840} INFO - DAG(s) 'example_short_circuit_operator' retrieved from /home/airflow/.local/lib/python3.8/site-packages/airflow/example_dags/example_short_circuit_operator.py
[2024-04-05T23:05:53.753+0000] {logging_mixin.py:188} INFO - [2024-04-05T23:05:53.753+0000] {dag.py:3047} INFO - Sync 1 DAGs
[2024-04-05T23:05:53.775+0000] {logging_mixin.py:188} INFO - [2024-04-05T23:05:53.775+0000] {dag.py:3834} INFO - Setting next_dagrun for example_short_circuit_operator to 2024-04-04 00:00:00+00:00, run_after=2024-04-05 00:00:00+00:00
[2024-04-05T23:05:53.797+0000] {processor.py:183} INFO - Processing /home/airflow/.local/lib/python3.8/site-packages/airflow/example_dags/example_short_circuit_operator.py took 0.091 seconds
[2024-04-05T23:06:24.231+0000] {processor.py:161} INFO - Started process (PID=1048) to work on /home/airflow/.local/lib/python3.8/site-packages/airflow/example_dags/example_short_circuit_operator.py
[2024-04-05T23:06:24.233+0000] {processor.py:830} INFO - Processing file /home/airflow/.local/lib/python3.8/site-packages/airflow/example_dags/example_short_circuit_operator.py for tasks to queue
[2024-04-05T23:06:24.236+0000] {logging_mixin.py:188} INFO - [2024-04-05T23:06:24.235+0000] {dagbag.py:540} INFO - Filling up the DagBag from /home/airflow/.local/lib/python3.8/site-packages/airflow/example_dags/example_short_circuit_operator.py
[2024-04-05T23:06:24.247+0000] {processor.py:840} INFO - DAG(s) 'example_short_circuit_operator' retrieved from /home/airflow/.local/lib/python3.8/site-packages/airflow/example_dags/example_short_circuit_operator.py
[2024-04-05T23:06:24.280+0000] {logging_mixin.py:188} INFO - [2024-04-05T23:06:24.280+0000] {dag.py:3047} INFO - Sync 1 DAGs
[2024-04-05T23:06:24.307+0000] {logging_mixin.py:188} INFO - [2024-04-05T23:06:24.307+0000] {dag.py:3834} INFO - Setting next_dagrun for example_short_circuit_operator to 2024-04-04 00:00:00+00:00, run_after=2024-04-05 00:00:00+00:00
[2024-04-05T23:06:24.329+0000] {processor.py:183} INFO - Processing /home/airflow/.local/lib/python3.8/site-packages/airflow/example_dags/example_short_circuit_operator.py took 0.102 seconds
[2024-04-05T23:06:55.160+0000] {processor.py:161} INFO - Started process (PID=1103) to work on /home/airflow/.local/lib/python3.8/site-packages/airflow/example_dags/example_short_circuit_operator.py
[2024-04-05T23:06:55.163+0000] {processor.py:830} INFO - Processing file /home/airflow/.local/lib/python3.8/site-packages/airflow/example_dags/example_short_circuit_operator.py for tasks to queue
[2024-04-05T23:06:55.168+0000] {logging_mixin.py:188} INFO - [2024-04-05T23:06:55.167+0000] {dagbag.py:540} INFO - Filling up the DagBag from /home/airflow/.local/lib/python3.8/site-packages/airflow/example_dags/example_short_circuit_operator.py
[2024-04-05T23:06:55.179+0000] {processor.py:840} INFO - DAG(s) 'example_short_circuit_operator' retrieved from /home/airflow/.local/lib/python3.8/site-packages/airflow/example_dags/example_short_circuit_operator.py
[2024-04-05T23:06:55.220+0000] {logging_mixin.py:188} INFO - [2024-04-05T23:06:55.220+0000] {dag.py:3047} INFO - Sync 1 DAGs
[2024-04-05T23:06:55.261+0000] {logging_mixin.py:188} INFO - [2024-04-05T23:06:55.261+0000] {dag.py:3834} INFO - Setting next_dagrun for example_short_circuit_operator to 2024-04-04 00:00:00+00:00, run_after=2024-04-05 00:00:00+00:00
[2024-04-05T23:06:55.304+0000] {processor.py:183} INFO - Processing /home/airflow/.local/lib/python3.8/site-packages/airflow/example_dags/example_short_circuit_operator.py took 0.149 seconds
[2024-04-05T23:07:25.407+0000] {processor.py:161} INFO - Started process (PID=1158) to work on /home/airflow/.local/lib/python3.8/site-packages/airflow/example_dags/example_short_circuit_operator.py
[2024-04-05T23:07:25.409+0000] {processor.py:830} INFO - Processing file /home/airflow/.local/lib/python3.8/site-packages/airflow/example_dags/example_short_circuit_operator.py for tasks to queue
[2024-04-05T23:07:25.413+0000] {logging_mixin.py:188} INFO - [2024-04-05T23:07:25.412+0000] {dagbag.py:540} INFO - Filling up the DagBag from /home/airflow/.local/lib/python3.8/site-packages/airflow/example_dags/example_short_circuit_operator.py
[2024-04-05T23:07:25.429+0000] {processor.py:840} INFO - DAG(s) 'example_short_circuit_operator' retrieved from /home/airflow/.local/lib/python3.8/site-packages/airflow/example_dags/example_short_circuit_operator.py
[2024-04-05T23:07:25.472+0000] {logging_mixin.py:188} INFO - [2024-04-05T23:07:25.471+0000] {dag.py:3047} INFO - Sync 1 DAGs
[2024-04-05T23:07:25.511+0000] {logging_mixin.py:188} INFO - [2024-04-05T23:07:25.511+0000] {dag.py:3834} INFO - Setting next_dagrun for example_short_circuit_operator to 2024-04-04 00:00:00+00:00, run_after=2024-04-05 00:00:00+00:00
[2024-04-05T23:07:25.544+0000] {processor.py:183} INFO - Processing /home/airflow/.local/lib/python3.8/site-packages/airflow/example_dags/example_short_circuit_operator.py took 0.143 seconds
[2024-04-05T23:07:56.127+0000] {processor.py:161} INFO - Started process (PID=1213) to work on /home/airflow/.local/lib/python3.8/site-packages/airflow/example_dags/example_short_circuit_operator.py
[2024-04-05T23:07:56.129+0000] {processor.py:830} INFO - Processing file /home/airflow/.local/lib/python3.8/site-packages/airflow/example_dags/example_short_circuit_operator.py for tasks to queue
[2024-04-05T23:07:56.133+0000] {logging_mixin.py:188} INFO - [2024-04-05T23:07:56.132+0000] {dagbag.py:540} INFO - Filling up the DagBag from /home/airflow/.local/lib/python3.8/site-packages/airflow/example_dags/example_short_circuit_operator.py
[2024-04-05T23:07:56.144+0000] {processor.py:840} INFO - DAG(s) 'example_short_circuit_operator' retrieved from /home/airflow/.local/lib/python3.8/site-packages/airflow/example_dags/example_short_circuit_operator.py
[2024-04-05T23:07:56.178+0000] {logging_mixin.py:188} INFO - [2024-04-05T23:07:56.178+0000] {dag.py:3047} INFO - Sync 1 DAGs
[2024-04-05T23:07:56.219+0000] {logging_mixin.py:188} INFO - [2024-04-05T23:07:56.219+0000] {dag.py:3834} INFO - Setting next_dagrun for example_short_circuit_operator to 2024-04-04 00:00:00+00:00, run_after=2024-04-05 00:00:00+00:00
[2024-04-05T23:07:56.253+0000] {processor.py:183} INFO - Processing /home/airflow/.local/lib/python3.8/site-packages/airflow/example_dags/example_short_circuit_operator.py took 0.131 seconds
[2024-04-05T23:08:26.711+0000] {processor.py:161} INFO - Started process (PID=1268) to work on /home/airflow/.local/lib/python3.8/site-packages/airflow/example_dags/example_short_circuit_operator.py
[2024-04-05T23:08:26.712+0000] {processor.py:830} INFO - Processing file /home/airflow/.local/lib/python3.8/site-packages/airflow/example_dags/example_short_circuit_operator.py for tasks to queue
[2024-04-05T23:08:26.714+0000] {logging_mixin.py:188} INFO - [2024-04-05T23:08:26.714+0000] {dagbag.py:540} INFO - Filling up the DagBag from /home/airflow/.local/lib/python3.8/site-packages/airflow/example_dags/example_short_circuit_operator.py
[2024-04-05T23:08:26.723+0000] {processor.py:840} INFO - DAG(s) 'example_short_circuit_operator' retrieved from /home/airflow/.local/lib/python3.8/site-packages/airflow/example_dags/example_short_circuit_operator.py
[2024-04-05T23:08:26.753+0000] {logging_mixin.py:188} INFO - [2024-04-05T23:08:26.752+0000] {dag.py:3047} INFO - Sync 1 DAGs
[2024-04-05T23:08:26.780+0000] {logging_mixin.py:188} INFO - [2024-04-05T23:08:26.780+0000] {dag.py:3834} INFO - Setting next_dagrun for example_short_circuit_operator to 2024-04-04 00:00:00+00:00, run_after=2024-04-05 00:00:00+00:00
[2024-04-05T23:08:26.806+0000] {processor.py:183} INFO - Processing /home/airflow/.local/lib/python3.8/site-packages/airflow/example_dags/example_short_circuit_operator.py took 0.099 seconds
[2024-04-05T23:08:57.198+0000] {processor.py:161} INFO - Started process (PID=1323) to work on /home/airflow/.local/lib/python3.8/site-packages/airflow/example_dags/example_short_circuit_operator.py
[2024-04-05T23:08:57.199+0000] {processor.py:830} INFO - Processing file /home/airflow/.local/lib/python3.8/site-packages/airflow/example_dags/example_short_circuit_operator.py for tasks to queue
[2024-04-05T23:08:57.202+0000] {logging_mixin.py:188} INFO - [2024-04-05T23:08:57.201+0000] {dagbag.py:540} INFO - Filling up the DagBag from /home/airflow/.local/lib/python3.8/site-packages/airflow/example_dags/example_short_circuit_operator.py
[2024-04-05T23:08:57.210+0000] {processor.py:840} INFO - DAG(s) 'example_short_circuit_operator' retrieved from /home/airflow/.local/lib/python3.8/site-packages/airflow/example_dags/example_short_circuit_operator.py
[2024-04-05T23:08:57.237+0000] {logging_mixin.py:188} INFO - [2024-04-05T23:08:57.237+0000] {dag.py:3047} INFO - Sync 1 DAGs
[2024-04-05T23:08:57.261+0000] {logging_mixin.py:188} INFO - [2024-04-05T23:08:57.261+0000] {dag.py:3834} INFO - Setting next_dagrun for example_short_circuit_operator to 2024-04-04 00:00:00+00:00, run_after=2024-04-05 00:00:00+00:00
[2024-04-05T23:08:57.317+0000] {processor.py:183} INFO - Processing /home/airflow/.local/lib/python3.8/site-packages/airflow/example_dags/example_short_circuit_operator.py took 0.122 seconds
[2024-04-05T23:09:27.814+0000] {processor.py:161} INFO - Started process (PID=1378) to work on /home/airflow/.local/lib/python3.8/site-packages/airflow/example_dags/example_short_circuit_operator.py
[2024-04-05T23:09:27.816+0000] {processor.py:830} INFO - Processing file /home/airflow/.local/lib/python3.8/site-packages/airflow/example_dags/example_short_circuit_operator.py for tasks to queue
[2024-04-05T23:09:27.818+0000] {logging_mixin.py:188} INFO - [2024-04-05T23:09:27.818+0000] {dagbag.py:540} INFO - Filling up the DagBag from /home/airflow/.local/lib/python3.8/site-packages/airflow/example_dags/example_short_circuit_operator.py
[2024-04-05T23:09:27.829+0000] {processor.py:840} INFO - DAG(s) 'example_short_circuit_operator' retrieved from /home/airflow/.local/lib/python3.8/site-packages/airflow/example_dags/example_short_circuit_operator.py
[2024-04-05T23:09:27.862+0000] {logging_mixin.py:188} INFO - [2024-04-05T23:09:27.861+0000] {dag.py:3047} INFO - Sync 1 DAGs
[2024-04-05T23:09:27.888+0000] {logging_mixin.py:188} INFO - [2024-04-05T23:09:27.888+0000] {dag.py:3834} INFO - Setting next_dagrun for example_short_circuit_operator to 2024-04-04 00:00:00+00:00, run_after=2024-04-05 00:00:00+00:00
[2024-04-05T23:09:27.943+0000] {processor.py:183} INFO - Processing /home/airflow/.local/lib/python3.8/site-packages/airflow/example_dags/example_short_circuit_operator.py took 0.134 seconds
[2024-04-05T23:09:58.797+0000] {processor.py:161} INFO - Started process (PID=1433) to work on /home/airflow/.local/lib/python3.8/site-packages/airflow/example_dags/example_short_circuit_operator.py
[2024-04-05T23:09:58.799+0000] {processor.py:830} INFO - Processing file /home/airflow/.local/lib/python3.8/site-packages/airflow/example_dags/example_short_circuit_operator.py for tasks to queue
[2024-04-05T23:09:58.801+0000] {logging_mixin.py:188} INFO - [2024-04-05T23:09:58.801+0000] {dagbag.py:540} INFO - Filling up the DagBag from /home/airflow/.local/lib/python3.8/site-packages/airflow/example_dags/example_short_circuit_operator.py
[2024-04-05T23:09:58.810+0000] {processor.py:840} INFO - DAG(s) 'example_short_circuit_operator' retrieved from /home/airflow/.local/lib/python3.8/site-packages/airflow/example_dags/example_short_circuit_operator.py
[2024-04-05T23:09:58.841+0000] {logging_mixin.py:188} INFO - [2024-04-05T23:09:58.841+0000] {dag.py:3047} INFO - Sync 1 DAGs
[2024-04-05T23:09:58.869+0000] {logging_mixin.py:188} INFO - [2024-04-05T23:09:58.869+0000] {dag.py:3834} INFO - Setting next_dagrun for example_short_circuit_operator to 2024-04-04 00:00:00+00:00, run_after=2024-04-05 00:00:00+00:00
[2024-04-05T23:09:58.931+0000] {processor.py:183} INFO - Processing /home/airflow/.local/lib/python3.8/site-packages/airflow/example_dags/example_short_circuit_operator.py took 0.138 seconds
[2024-04-05T23:10:29.897+0000] {processor.py:161} INFO - Started process (PID=1488) to work on /home/airflow/.local/lib/python3.8/site-packages/airflow/example_dags/example_short_circuit_operator.py
[2024-04-05T23:10:29.899+0000] {processor.py:830} INFO - Processing file /home/airflow/.local/lib/python3.8/site-packages/airflow/example_dags/example_short_circuit_operator.py for tasks to queue
[2024-04-05T23:10:29.901+0000] {logging_mixin.py:188} INFO - [2024-04-05T23:10:29.900+0000] {dagbag.py:540} INFO - Filling up the DagBag from /home/airflow/.local/lib/python3.8/site-packages/airflow/example_dags/example_short_circuit_operator.py
[2024-04-05T23:10:29.908+0000] {processor.py:840} INFO - DAG(s) 'example_short_circuit_operator' retrieved from /home/airflow/.local/lib/python3.8/site-packages/airflow/example_dags/example_short_circuit_operator.py
[2024-04-05T23:10:29.933+0000] {logging_mixin.py:188} INFO - [2024-04-05T23:10:29.933+0000] {dag.py:3047} INFO - Sync 1 DAGs
[2024-04-05T23:10:29.956+0000] {logging_mixin.py:188} INFO - [2024-04-05T23:10:29.956+0000] {dag.py:3834} INFO - Setting next_dagrun for example_short_circuit_operator to 2024-04-04 00:00:00+00:00, run_after=2024-04-05 00:00:00+00:00
[2024-04-05T23:10:29.975+0000] {processor.py:183} INFO - Processing /home/airflow/.local/lib/python3.8/site-packages/airflow/example_dags/example_short_circuit_operator.py took 0.082 seconds
[2024-04-05T23:11:00.557+0000] {processor.py:161} INFO - Started process (PID=1543) to work on /home/airflow/.local/lib/python3.8/site-packages/airflow/example_dags/example_short_circuit_operator.py
[2024-04-05T23:11:00.559+0000] {processor.py:830} INFO - Processing file /home/airflow/.local/lib/python3.8/site-packages/airflow/example_dags/example_short_circuit_operator.py for tasks to queue
[2024-04-05T23:11:00.562+0000] {logging_mixin.py:188} INFO - [2024-04-05T23:11:00.561+0000] {dagbag.py:540} INFO - Filling up the DagBag from /home/airflow/.local/lib/python3.8/site-packages/airflow/example_dags/example_short_circuit_operator.py
[2024-04-05T23:11:00.572+0000] {processor.py:840} INFO - DAG(s) 'example_short_circuit_operator' retrieved from /home/airflow/.local/lib/python3.8/site-packages/airflow/example_dags/example_short_circuit_operator.py
[2024-04-05T23:11:00.604+0000] {logging_mixin.py:188} INFO - [2024-04-05T23:11:00.604+0000] {dag.py:3047} INFO - Sync 1 DAGs
[2024-04-05T23:11:00.636+0000] {logging_mixin.py:188} INFO - [2024-04-05T23:11:00.636+0000] {dag.py:3834} INFO - Setting next_dagrun for example_short_circuit_operator to 2024-04-04 00:00:00+00:00, run_after=2024-04-05 00:00:00+00:00
[2024-04-05T23:11:00.659+0000] {processor.py:183} INFO - Processing /home/airflow/.local/lib/python3.8/site-packages/airflow/example_dags/example_short_circuit_operator.py took 0.107 seconds
[2024-04-05T23:11:31.131+0000] {processor.py:161} INFO - Started process (PID=1598) to work on /home/airflow/.local/lib/python3.8/site-packages/airflow/example_dags/example_short_circuit_operator.py
[2024-04-05T23:11:31.132+0000] {processor.py:830} INFO - Processing file /home/airflow/.local/lib/python3.8/site-packages/airflow/example_dags/example_short_circuit_operator.py for tasks to queue
[2024-04-05T23:11:31.134+0000] {logging_mixin.py:188} INFO - [2024-04-05T23:11:31.134+0000] {dagbag.py:540} INFO - Filling up the DagBag from /home/airflow/.local/lib/python3.8/site-packages/airflow/example_dags/example_short_circuit_operator.py
[2024-04-05T23:11:31.143+0000] {processor.py:840} INFO - DAG(s) 'example_short_circuit_operator' retrieved from /home/airflow/.local/lib/python3.8/site-packages/airflow/example_dags/example_short_circuit_operator.py
[2024-04-05T23:11:31.169+0000] {logging_mixin.py:188} INFO - [2024-04-05T23:11:31.169+0000] {dag.py:3047} INFO - Sync 1 DAGs
[2024-04-05T23:11:31.195+0000] {logging_mixin.py:188} INFO - [2024-04-05T23:11:31.195+0000] {dag.py:3834} INFO - Setting next_dagrun for example_short_circuit_operator to 2024-04-04 00:00:00+00:00, run_after=2024-04-05 00:00:00+00:00
[2024-04-05T23:11:31.216+0000] {processor.py:183} INFO - Processing /home/airflow/.local/lib/python3.8/site-packages/airflow/example_dags/example_short_circuit_operator.py took 0.089 seconds
[2024-04-05T23:12:01.317+0000] {processor.py:161} INFO - Started process (PID=1653) to work on /home/airflow/.local/lib/python3.8/site-packages/airflow/example_dags/example_short_circuit_operator.py
[2024-04-05T23:12:01.319+0000] {processor.py:830} INFO - Processing file /home/airflow/.local/lib/python3.8/site-packages/airflow/example_dags/example_short_circuit_operator.py for tasks to queue
[2024-04-05T23:12:01.321+0000] {logging_mixin.py:188} INFO - [2024-04-05T23:12:01.320+0000] {dagbag.py:540} INFO - Filling up the DagBag from /home/airflow/.local/lib/python3.8/site-packages/airflow/example_dags/example_short_circuit_operator.py
[2024-04-05T23:12:01.328+0000] {processor.py:840} INFO - DAG(s) 'example_short_circuit_operator' retrieved from /home/airflow/.local/lib/python3.8/site-packages/airflow/example_dags/example_short_circuit_operator.py
[2024-04-05T23:12:01.356+0000] {logging_mixin.py:188} INFO - [2024-04-05T23:12:01.355+0000] {dag.py:3047} INFO - Sync 1 DAGs
[2024-04-05T23:12:01.380+0000] {logging_mixin.py:188} INFO - [2024-04-05T23:12:01.380+0000] {dag.py:3834} INFO - Setting next_dagrun for example_short_circuit_operator to 2024-04-04 00:00:00+00:00, run_after=2024-04-05 00:00:00+00:00
[2024-04-05T23:12:01.399+0000] {processor.py:183} INFO - Processing /home/airflow/.local/lib/python3.8/site-packages/airflow/example_dags/example_short_circuit_operator.py took 0.085 seconds
[2024-04-05T23:12:31.701+0000] {processor.py:161} INFO - Started process (PID=1708) to work on /home/airflow/.local/lib/python3.8/site-packages/airflow/example_dags/example_short_circuit_operator.py
[2024-04-05T23:12:31.702+0000] {processor.py:830} INFO - Processing file /home/airflow/.local/lib/python3.8/site-packages/airflow/example_dags/example_short_circuit_operator.py for tasks to queue
[2024-04-05T23:12:31.705+0000] {logging_mixin.py:188} INFO - [2024-04-05T23:12:31.704+0000] {dagbag.py:540} INFO - Filling up the DagBag from /home/airflow/.local/lib/python3.8/site-packages/airflow/example_dags/example_short_circuit_operator.py
[2024-04-05T23:12:31.713+0000] {processor.py:840} INFO - DAG(s) 'example_short_circuit_operator' retrieved from /home/airflow/.local/lib/python3.8/site-packages/airflow/example_dags/example_short_circuit_operator.py
[2024-04-05T23:12:31.740+0000] {logging_mixin.py:188} INFO - [2024-04-05T23:12:31.740+0000] {dag.py:3047} INFO - Sync 1 DAGs
[2024-04-05T23:12:31.761+0000] {logging_mixin.py:188} INFO - [2024-04-05T23:12:31.761+0000] {dag.py:3834} INFO - Setting next_dagrun for example_short_circuit_operator to 2024-04-04 00:00:00+00:00, run_after=2024-04-05 00:00:00+00:00
[2024-04-05T23:12:31.778+0000] {processor.py:183} INFO - Processing /home/airflow/.local/lib/python3.8/site-packages/airflow/example_dags/example_short_circuit_operator.py took 0.081 seconds
[2024-04-05T23:13:02.339+0000] {processor.py:161} INFO - Started process (PID=1763) to work on /home/airflow/.local/lib/python3.8/site-packages/airflow/example_dags/example_short_circuit_operator.py
[2024-04-05T23:13:02.341+0000] {processor.py:830} INFO - Processing file /home/airflow/.local/lib/python3.8/site-packages/airflow/example_dags/example_short_circuit_operator.py for tasks to queue
[2024-04-05T23:13:02.344+0000] {logging_mixin.py:188} INFO - [2024-04-05T23:13:02.343+0000] {dagbag.py:540} INFO - Filling up the DagBag from /home/airflow/.local/lib/python3.8/site-packages/airflow/example_dags/example_short_circuit_operator.py
[2024-04-05T23:13:02.352+0000] {processor.py:840} INFO - DAG(s) 'example_short_circuit_operator' retrieved from /home/airflow/.local/lib/python3.8/site-packages/airflow/example_dags/example_short_circuit_operator.py
[2024-04-05T23:13:02.380+0000] {logging_mixin.py:188} INFO - [2024-04-05T23:13:02.380+0000] {dag.py:3047} INFO - Sync 1 DAGs
[2024-04-05T23:13:02.408+0000] {logging_mixin.py:188} INFO - [2024-04-05T23:13:02.408+0000] {dag.py:3834} INFO - Setting next_dagrun for example_short_circuit_operator to 2024-04-04 00:00:00+00:00, run_after=2024-04-05 00:00:00+00:00
[2024-04-05T23:13:02.433+0000] {processor.py:183} INFO - Processing /home/airflow/.local/lib/python3.8/site-packages/airflow/example_dags/example_short_circuit_operator.py took 0.098 seconds
[2024-04-05T23:13:32.682+0000] {processor.py:161} INFO - Started process (PID=1818) to work on /home/airflow/.local/lib/python3.8/site-packages/airflow/example_dags/example_short_circuit_operator.py
[2024-04-05T23:13:32.684+0000] {processor.py:830} INFO - Processing file /home/airflow/.local/lib/python3.8/site-packages/airflow/example_dags/example_short_circuit_operator.py for tasks to queue
[2024-04-05T23:13:32.687+0000] {logging_mixin.py:188} INFO - [2024-04-05T23:13:32.686+0000] {dagbag.py:540} INFO - Filling up the DagBag from /home/airflow/.local/lib/python3.8/site-packages/airflow/example_dags/example_short_circuit_operator.py
[2024-04-05T23:13:32.696+0000] {processor.py:840} INFO - DAG(s) 'example_short_circuit_operator' retrieved from /home/airflow/.local/lib/python3.8/site-packages/airflow/example_dags/example_short_circuit_operator.py
[2024-04-05T23:13:32.723+0000] {logging_mixin.py:188} INFO - [2024-04-05T23:13:32.723+0000] {dag.py:3047} INFO - Sync 1 DAGs
[2024-04-05T23:13:32.749+0000] {logging_mixin.py:188} INFO - [2024-04-05T23:13:32.748+0000] {dag.py:3834} INFO - Setting next_dagrun for example_short_circuit_operator to 2024-04-04 00:00:00+00:00, run_after=2024-04-05 00:00:00+00:00
[2024-04-05T23:13:32.771+0000] {processor.py:183} INFO - Processing /home/airflow/.local/lib/python3.8/site-packages/airflow/example_dags/example_short_circuit_operator.py took 0.093 seconds
[2024-04-05T23:14:03.434+0000] {processor.py:161} INFO - Started process (PID=1873) to work on /home/airflow/.local/lib/python3.8/site-packages/airflow/example_dags/example_short_circuit_operator.py
[2024-04-05T23:14:03.435+0000] {processor.py:830} INFO - Processing file /home/airflow/.local/lib/python3.8/site-packages/airflow/example_dags/example_short_circuit_operator.py for tasks to queue
[2024-04-05T23:14:03.437+0000] {logging_mixin.py:188} INFO - [2024-04-05T23:14:03.437+0000] {dagbag.py:540} INFO - Filling up the DagBag from /home/airflow/.local/lib/python3.8/site-packages/airflow/example_dags/example_short_circuit_operator.py
[2024-04-05T23:14:03.444+0000] {processor.py:840} INFO - DAG(s) 'example_short_circuit_operator' retrieved from /home/airflow/.local/lib/python3.8/site-packages/airflow/example_dags/example_short_circuit_operator.py
[2024-04-05T23:14:03.473+0000] {logging_mixin.py:188} INFO - [2024-04-05T23:14:03.472+0000] {dag.py:3047} INFO - Sync 1 DAGs
[2024-04-05T23:14:03.496+0000] {logging_mixin.py:188} INFO - [2024-04-05T23:14:03.496+0000] {dag.py:3834} INFO - Setting next_dagrun for example_short_circuit_operator to 2024-04-04 00:00:00+00:00, run_after=2024-04-05 00:00:00+00:00
[2024-04-05T23:14:03.514+0000] {processor.py:183} INFO - Processing /home/airflow/.local/lib/python3.8/site-packages/airflow/example_dags/example_short_circuit_operator.py took 0.085 seconds
[2024-04-05T23:14:33.725+0000] {processor.py:161} INFO - Started process (PID=1928) to work on /home/airflow/.local/lib/python3.8/site-packages/airflow/example_dags/example_short_circuit_operator.py
[2024-04-05T23:14:33.726+0000] {processor.py:830} INFO - Processing file /home/airflow/.local/lib/python3.8/site-packages/airflow/example_dags/example_short_circuit_operator.py for tasks to queue
[2024-04-05T23:14:33.729+0000] {logging_mixin.py:188} INFO - [2024-04-05T23:14:33.728+0000] {dagbag.py:540} INFO - Filling up the DagBag from /home/airflow/.local/lib/python3.8/site-packages/airflow/example_dags/example_short_circuit_operator.py
[2024-04-05T23:14:33.737+0000] {processor.py:840} INFO - DAG(s) 'example_short_circuit_operator' retrieved from /home/airflow/.local/lib/python3.8/site-packages/airflow/example_dags/example_short_circuit_operator.py
[2024-04-05T23:14:33.763+0000] {logging_mixin.py:188} INFO - [2024-04-05T23:14:33.762+0000] {dag.py:3047} INFO - Sync 1 DAGs
[2024-04-05T23:14:33.784+0000] {logging_mixin.py:188} INFO - [2024-04-05T23:14:33.784+0000] {dag.py:3834} INFO - Setting next_dagrun for example_short_circuit_operator to 2024-04-04 00:00:00+00:00, run_after=2024-04-05 00:00:00+00:00
[2024-04-05T23:14:33.801+0000] {processor.py:183} INFO - Processing /home/airflow/.local/lib/python3.8/site-packages/airflow/example_dags/example_short_circuit_operator.py took 0.080 seconds
[2024-04-05T23:15:04.790+0000] {processor.py:161} INFO - Started process (PID=1983) to work on /home/airflow/.local/lib/python3.8/site-packages/airflow/example_dags/example_short_circuit_operator.py
[2024-04-05T23:15:04.792+0000] {processor.py:830} INFO - Processing file /home/airflow/.local/lib/python3.8/site-packages/airflow/example_dags/example_short_circuit_operator.py for tasks to queue
[2024-04-05T23:15:04.794+0000] {logging_mixin.py:188} INFO - [2024-04-05T23:15:04.794+0000] {dagbag.py:540} INFO - Filling up the DagBag from /home/airflow/.local/lib/python3.8/site-packages/airflow/example_dags/example_short_circuit_operator.py
[2024-04-05T23:15:04.803+0000] {processor.py:840} INFO - DAG(s) 'example_short_circuit_operator' retrieved from /home/airflow/.local/lib/python3.8/site-packages/airflow/example_dags/example_short_circuit_operator.py
[2024-04-05T23:15:04.826+0000] {logging_mixin.py:188} INFO - [2024-04-05T23:15:04.826+0000] {dag.py:3047} INFO - Sync 1 DAGs
[2024-04-05T23:15:04.847+0000] {logging_mixin.py:188} INFO - [2024-04-05T23:15:04.847+0000] {dag.py:3834} INFO - Setting next_dagrun for example_short_circuit_operator to 2024-04-04 00:00:00+00:00, run_after=2024-04-05 00:00:00+00:00
[2024-04-05T23:15:04.905+0000] {processor.py:183} INFO - Processing /home/airflow/.local/lib/python3.8/site-packages/airflow/example_dags/example_short_circuit_operator.py took 0.119 seconds
[2024-04-05T23:15:35.593+0000] {processor.py:161} INFO - Started process (PID=2038) to work on /home/airflow/.local/lib/python3.8/site-packages/airflow/example_dags/example_short_circuit_operator.py
[2024-04-05T23:15:35.595+0000] {processor.py:830} INFO - Processing file /home/airflow/.local/lib/python3.8/site-packages/airflow/example_dags/example_short_circuit_operator.py for tasks to queue
[2024-04-05T23:15:35.597+0000] {logging_mixin.py:188} INFO - [2024-04-05T23:15:35.597+0000] {dagbag.py:540} INFO - Filling up the DagBag from /home/airflow/.local/lib/python3.8/site-packages/airflow/example_dags/example_short_circuit_operator.py
[2024-04-05T23:15:35.605+0000] {processor.py:840} INFO - DAG(s) 'example_short_circuit_operator' retrieved from /home/airflow/.local/lib/python3.8/site-packages/airflow/example_dags/example_short_circuit_operator.py
[2024-04-05T23:15:35.630+0000] {logging_mixin.py:188} INFO - [2024-04-05T23:15:35.630+0000] {dag.py:3047} INFO - Sync 1 DAGs
[2024-04-05T23:15:35.655+0000] {logging_mixin.py:188} INFO - [2024-04-05T23:15:35.654+0000] {dag.py:3834} INFO - Setting next_dagrun for example_short_circuit_operator to 2024-04-04 00:00:00+00:00, run_after=2024-04-05 00:00:00+00:00
[2024-04-05T23:15:35.676+0000] {processor.py:183} INFO - Processing /home/airflow/.local/lib/python3.8/site-packages/airflow/example_dags/example_short_circuit_operator.py took 0.087 seconds
[2024-04-05T23:16:06.676+0000] {processor.py:161} INFO - Started process (PID=2093) to work on /home/airflow/.local/lib/python3.8/site-packages/airflow/example_dags/example_short_circuit_operator.py
[2024-04-05T23:16:06.678+0000] {processor.py:830} INFO - Processing file /home/airflow/.local/lib/python3.8/site-packages/airflow/example_dags/example_short_circuit_operator.py for tasks to queue
[2024-04-05T23:16:06.680+0000] {logging_mixin.py:188} INFO - [2024-04-05T23:16:06.680+0000] {dagbag.py:540} INFO - Filling up the DagBag from /home/airflow/.local/lib/python3.8/site-packages/airflow/example_dags/example_short_circuit_operator.py
[2024-04-05T23:16:06.689+0000] {processor.py:840} INFO - DAG(s) 'example_short_circuit_operator' retrieved from /home/airflow/.local/lib/python3.8/site-packages/airflow/example_dags/example_short_circuit_operator.py
[2024-04-05T23:16:06.723+0000] {logging_mixin.py:188} INFO - [2024-04-05T23:16:06.723+0000] {dag.py:3047} INFO - Sync 1 DAGs
[2024-04-05T23:16:06.752+0000] {logging_mixin.py:188} INFO - [2024-04-05T23:16:06.752+0000] {dag.py:3834} INFO - Setting next_dagrun for example_short_circuit_operator to 2024-04-04 00:00:00+00:00, run_after=2024-04-05 00:00:00+00:00
[2024-04-05T23:16:06.802+0000] {processor.py:183} INFO - Processing /home/airflow/.local/lib/python3.8/site-packages/airflow/example_dags/example_short_circuit_operator.py took 0.132 seconds
[2024-04-05T23:16:37.060+0000] {processor.py:161} INFO - Started process (PID=2148) to work on /home/airflow/.local/lib/python3.8/site-packages/airflow/example_dags/example_short_circuit_operator.py
[2024-04-05T23:16:37.063+0000] {processor.py:830} INFO - Processing file /home/airflow/.local/lib/python3.8/site-packages/airflow/example_dags/example_short_circuit_operator.py for tasks to queue
[2024-04-05T23:16:37.065+0000] {logging_mixin.py:188} INFO - [2024-04-05T23:16:37.064+0000] {dagbag.py:540} INFO - Filling up the DagBag from /home/airflow/.local/lib/python3.8/site-packages/airflow/example_dags/example_short_circuit_operator.py
[2024-04-05T23:16:37.075+0000] {processor.py:840} INFO - DAG(s) 'example_short_circuit_operator' retrieved from /home/airflow/.local/lib/python3.8/site-packages/airflow/example_dags/example_short_circuit_operator.py
[2024-04-05T23:16:37.104+0000] {logging_mixin.py:188} INFO - [2024-04-05T23:16:37.104+0000] {dag.py:3047} INFO - Sync 1 DAGs
[2024-04-05T23:16:37.127+0000] {logging_mixin.py:188} INFO - [2024-04-05T23:16:37.127+0000] {dag.py:3834} INFO - Setting next_dagrun for example_short_circuit_operator to 2024-04-04 00:00:00+00:00, run_after=2024-04-05 00:00:00+00:00
[2024-04-05T23:16:37.146+0000] {processor.py:183} INFO - Processing /home/airflow/.local/lib/python3.8/site-packages/airflow/example_dags/example_short_circuit_operator.py took 0.090 seconds
[2024-04-05T23:17:07.405+0000] {processor.py:161} INFO - Started process (PID=2203) to work on /home/airflow/.local/lib/python3.8/site-packages/airflow/example_dags/example_short_circuit_operator.py
[2024-04-05T23:17:07.406+0000] {processor.py:830} INFO - Processing file /home/airflow/.local/lib/python3.8/site-packages/airflow/example_dags/example_short_circuit_operator.py for tasks to queue
[2024-04-05T23:17:07.408+0000] {logging_mixin.py:188} INFO - [2024-04-05T23:17:07.408+0000] {dagbag.py:540} INFO - Filling up the DagBag from /home/airflow/.local/lib/python3.8/site-packages/airflow/example_dags/example_short_circuit_operator.py
[2024-04-05T23:17:07.416+0000] {processor.py:840} INFO - DAG(s) 'example_short_circuit_operator' retrieved from /home/airflow/.local/lib/python3.8/site-packages/airflow/example_dags/example_short_circuit_operator.py
[2024-04-05T23:17:07.441+0000] {logging_mixin.py:188} INFO - [2024-04-05T23:17:07.441+0000] {dag.py:3047} INFO - Sync 1 DAGs
[2024-04-05T23:17:07.465+0000] {logging_mixin.py:188} INFO - [2024-04-05T23:17:07.465+0000] {dag.py:3834} INFO - Setting next_dagrun for example_short_circuit_operator to 2024-04-04 00:00:00+00:00, run_after=2024-04-05 00:00:00+00:00
[2024-04-05T23:17:07.523+0000] {processor.py:183} INFO - Processing /home/airflow/.local/lib/python3.8/site-packages/airflow/example_dags/example_short_circuit_operator.py took 0.122 seconds
[2024-04-05T23:17:38.124+0000] {processor.py:161} INFO - Started process (PID=2258) to work on /home/airflow/.local/lib/python3.8/site-packages/airflow/example_dags/example_short_circuit_operator.py
[2024-04-05T23:17:38.125+0000] {processor.py:830} INFO - Processing file /home/airflow/.local/lib/python3.8/site-packages/airflow/example_dags/example_short_circuit_operator.py for tasks to queue
[2024-04-05T23:17:38.128+0000] {logging_mixin.py:188} INFO - [2024-04-05T23:17:38.127+0000] {dagbag.py:540} INFO - Filling up the DagBag from /home/airflow/.local/lib/python3.8/site-packages/airflow/example_dags/example_short_circuit_operator.py
[2024-04-05T23:17:38.134+0000] {processor.py:840} INFO - DAG(s) 'example_short_circuit_operator' retrieved from /home/airflow/.local/lib/python3.8/site-packages/airflow/example_dags/example_short_circuit_operator.py
[2024-04-05T23:17:38.161+0000] {logging_mixin.py:188} INFO - [2024-04-05T23:17:38.160+0000] {dag.py:3047} INFO - Sync 1 DAGs
[2024-04-05T23:17:38.185+0000] {logging_mixin.py:188} INFO - [2024-04-05T23:17:38.185+0000] {dag.py:3834} INFO - Setting next_dagrun for example_short_circuit_operator to 2024-04-04 00:00:00+00:00, run_after=2024-04-05 00:00:00+00:00
[2024-04-05T23:17:38.252+0000] {processor.py:183} INFO - Processing /home/airflow/.local/lib/python3.8/site-packages/airflow/example_dags/example_short_circuit_operator.py took 0.133 seconds
[2024-04-05T23:18:09.383+0000] {processor.py:161} INFO - Started process (PID=2313) to work on /home/airflow/.local/lib/python3.8/site-packages/airflow/example_dags/example_short_circuit_operator.py
[2024-04-05T23:18:09.385+0000] {processor.py:830} INFO - Processing file /home/airflow/.local/lib/python3.8/site-packages/airflow/example_dags/example_short_circuit_operator.py for tasks to queue
[2024-04-05T23:18:09.387+0000] {logging_mixin.py:188} INFO - [2024-04-05T23:18:09.387+0000] {dagbag.py:540} INFO - Filling up the DagBag from /home/airflow/.local/lib/python3.8/site-packages/airflow/example_dags/example_short_circuit_operator.py
[2024-04-05T23:18:09.395+0000] {processor.py:840} INFO - DAG(s) 'example_short_circuit_operator' retrieved from /home/airflow/.local/lib/python3.8/site-packages/airflow/example_dags/example_short_circuit_operator.py
[2024-04-05T23:18:09.419+0000] {logging_mixin.py:188} INFO - [2024-04-05T23:18:09.419+0000] {dag.py:3047} INFO - Sync 1 DAGs
[2024-04-05T23:18:09.440+0000] {logging_mixin.py:188} INFO - [2024-04-05T23:18:09.439+0000] {dag.py:3834} INFO - Setting next_dagrun for example_short_circuit_operator to 2024-04-04 00:00:00+00:00, run_after=2024-04-05 00:00:00+00:00
[2024-04-05T23:18:09.456+0000] {processor.py:183} INFO - Processing /home/airflow/.local/lib/python3.8/site-packages/airflow/example_dags/example_short_circuit_operator.py took 0.077 seconds
[2024-04-05T23:18:39.681+0000] {processor.py:161} INFO - Started process (PID=2368) to work on /home/airflow/.local/lib/python3.8/site-packages/airflow/example_dags/example_short_circuit_operator.py
[2024-04-05T23:18:39.683+0000] {processor.py:830} INFO - Processing file /home/airflow/.local/lib/python3.8/site-packages/airflow/example_dags/example_short_circuit_operator.py for tasks to queue
[2024-04-05T23:18:39.685+0000] {logging_mixin.py:188} INFO - [2024-04-05T23:18:39.684+0000] {dagbag.py:540} INFO - Filling up the DagBag from /home/airflow/.local/lib/python3.8/site-packages/airflow/example_dags/example_short_circuit_operator.py
[2024-04-05T23:18:39.692+0000] {processor.py:840} INFO - DAG(s) 'example_short_circuit_operator' retrieved from /home/airflow/.local/lib/python3.8/site-packages/airflow/example_dags/example_short_circuit_operator.py
[2024-04-05T23:18:39.716+0000] {logging_mixin.py:188} INFO - [2024-04-05T23:18:39.715+0000] {dag.py:3047} INFO - Sync 1 DAGs
[2024-04-05T23:18:39.737+0000] {logging_mixin.py:188} INFO - [2024-04-05T23:18:39.737+0000] {dag.py:3834} INFO - Setting next_dagrun for example_short_circuit_operator to 2024-04-04 00:00:00+00:00, run_after=2024-04-05 00:00:00+00:00
[2024-04-05T23:18:39.755+0000] {processor.py:183} INFO - Processing /home/airflow/.local/lib/python3.8/site-packages/airflow/example_dags/example_short_circuit_operator.py took 0.078 seconds
[2024-04-05T23:19:10.645+0000] {processor.py:161} INFO - Started process (PID=2423) to work on /home/airflow/.local/lib/python3.8/site-packages/airflow/example_dags/example_short_circuit_operator.py
[2024-04-05T23:19:10.647+0000] {processor.py:830} INFO - Processing file /home/airflow/.local/lib/python3.8/site-packages/airflow/example_dags/example_short_circuit_operator.py for tasks to queue
[2024-04-05T23:19:10.650+0000] {logging_mixin.py:188} INFO - [2024-04-05T23:19:10.649+0000] {dagbag.py:540} INFO - Filling up the DagBag from /home/airflow/.local/lib/python3.8/site-packages/airflow/example_dags/example_short_circuit_operator.py
[2024-04-05T23:19:10.660+0000] {processor.py:840} INFO - DAG(s) 'example_short_circuit_operator' retrieved from /home/airflow/.local/lib/python3.8/site-packages/airflow/example_dags/example_short_circuit_operator.py
[2024-04-05T23:19:10.688+0000] {logging_mixin.py:188} INFO - [2024-04-05T23:19:10.688+0000] {dag.py:3047} INFO - Sync 1 DAGs
[2024-04-05T23:19:10.711+0000] {logging_mixin.py:188} INFO - [2024-04-05T23:19:10.711+0000] {dag.py:3834} INFO - Setting next_dagrun for example_short_circuit_operator to 2024-04-04 00:00:00+00:00, run_after=2024-04-05 00:00:00+00:00
[2024-04-05T23:19:10.771+0000] {processor.py:183} INFO - Processing /home/airflow/.local/lib/python3.8/site-packages/airflow/example_dags/example_short_circuit_operator.py took 0.129 seconds
[2024-04-05T23:19:40.892+0000] {processor.py:161} INFO - Started process (PID=2478) to work on /home/airflow/.local/lib/python3.8/site-packages/airflow/example_dags/example_short_circuit_operator.py
[2024-04-05T23:19:40.893+0000] {processor.py:830} INFO - Processing file /home/airflow/.local/lib/python3.8/site-packages/airflow/example_dags/example_short_circuit_operator.py for tasks to queue
[2024-04-05T23:19:40.896+0000] {logging_mixin.py:188} INFO - [2024-04-05T23:19:40.895+0000] {dagbag.py:540} INFO - Filling up the DagBag from /home/airflow/.local/lib/python3.8/site-packages/airflow/example_dags/example_short_circuit_operator.py
[2024-04-05T23:19:40.903+0000] {processor.py:840} INFO - DAG(s) 'example_short_circuit_operator' retrieved from /home/airflow/.local/lib/python3.8/site-packages/airflow/example_dags/example_short_circuit_operator.py
[2024-04-05T23:19:40.933+0000] {logging_mixin.py:188} INFO - [2024-04-05T23:19:40.933+0000] {dag.py:3047} INFO - Sync 1 DAGs
[2024-04-05T23:19:40.958+0000] {logging_mixin.py:188} INFO - [2024-04-05T23:19:40.958+0000] {dag.py:3834} INFO - Setting next_dagrun for example_short_circuit_operator to 2024-04-04 00:00:00+00:00, run_after=2024-04-05 00:00:00+00:00
[2024-04-05T23:19:41.011+0000] {processor.py:183} INFO - Processing /home/airflow/.local/lib/python3.8/site-packages/airflow/example_dags/example_short_circuit_operator.py took 0.123 seconds
[2024-04-05T23:20:11.364+0000] {processor.py:161} INFO - Started process (PID=2533) to work on /home/airflow/.local/lib/python3.8/site-packages/airflow/example_dags/example_short_circuit_operator.py
[2024-04-05T23:20:11.365+0000] {processor.py:830} INFO - Processing file /home/airflow/.local/lib/python3.8/site-packages/airflow/example_dags/example_short_circuit_operator.py for tasks to queue
[2024-04-05T23:20:11.367+0000] {logging_mixin.py:188} INFO - [2024-04-05T23:20:11.367+0000] {dagbag.py:540} INFO - Filling up the DagBag from /home/airflow/.local/lib/python3.8/site-packages/airflow/example_dags/example_short_circuit_operator.py
[2024-04-05T23:20:11.377+0000] {processor.py:840} INFO - DAG(s) 'example_short_circuit_operator' retrieved from /home/airflow/.local/lib/python3.8/site-packages/airflow/example_dags/example_short_circuit_operator.py
[2024-04-05T23:20:11.403+0000] {logging_mixin.py:188} INFO - [2024-04-05T23:20:11.403+0000] {dag.py:3047} INFO - Sync 1 DAGs
[2024-04-05T23:20:11.426+0000] {logging_mixin.py:188} INFO - [2024-04-05T23:20:11.426+0000] {dag.py:3834} INFO - Setting next_dagrun for example_short_circuit_operator to 2024-04-04 00:00:00+00:00, run_after=2024-04-05 00:00:00+00:00
[2024-04-05T23:20:11.481+0000] {processor.py:183} INFO - Processing /home/airflow/.local/lib/python3.8/site-packages/airflow/example_dags/example_short_circuit_operator.py took 0.121 seconds
[2024-04-05T23:20:41.935+0000] {processor.py:161} INFO - Started process (PID=2588) to work on /home/airflow/.local/lib/python3.8/site-packages/airflow/example_dags/example_short_circuit_operator.py
[2024-04-05T23:20:41.936+0000] {processor.py:830} INFO - Processing file /home/airflow/.local/lib/python3.8/site-packages/airflow/example_dags/example_short_circuit_operator.py for tasks to queue
[2024-04-05T23:20:41.939+0000] {logging_mixin.py:188} INFO - [2024-04-05T23:20:41.939+0000] {dagbag.py:540} INFO - Filling up the DagBag from /home/airflow/.local/lib/python3.8/site-packages/airflow/example_dags/example_short_circuit_operator.py
[2024-04-05T23:20:41.949+0000] {processor.py:840} INFO - DAG(s) 'example_short_circuit_operator' retrieved from /home/airflow/.local/lib/python3.8/site-packages/airflow/example_dags/example_short_circuit_operator.py
[2024-04-05T23:20:41.977+0000] {logging_mixin.py:188} INFO - [2024-04-05T23:20:41.976+0000] {dag.py:3047} INFO - Sync 1 DAGs
[2024-04-05T23:20:42.004+0000] {logging_mixin.py:188} INFO - [2024-04-05T23:20:42.003+0000] {dag.py:3834} INFO - Setting next_dagrun for example_short_circuit_operator to 2024-04-04 00:00:00+00:00, run_after=2024-04-05 00:00:00+00:00
[2024-04-05T23:20:42.028+0000] {processor.py:183} INFO - Processing /home/airflow/.local/lib/python3.8/site-packages/airflow/example_dags/example_short_circuit_operator.py took 0.097 seconds
[2024-04-05T23:21:12.281+0000] {processor.py:161} INFO - Started process (PID=2643) to work on /home/airflow/.local/lib/python3.8/site-packages/airflow/example_dags/example_short_circuit_operator.py
[2024-04-05T23:21:12.282+0000] {processor.py:830} INFO - Processing file /home/airflow/.local/lib/python3.8/site-packages/airflow/example_dags/example_short_circuit_operator.py for tasks to queue
[2024-04-05T23:21:12.285+0000] {logging_mixin.py:188} INFO - [2024-04-05T23:21:12.285+0000] {dagbag.py:540} INFO - Filling up the DagBag from /home/airflow/.local/lib/python3.8/site-packages/airflow/example_dags/example_short_circuit_operator.py
[2024-04-05T23:21:12.294+0000] {processor.py:840} INFO - DAG(s) 'example_short_circuit_operator' retrieved from /home/airflow/.local/lib/python3.8/site-packages/airflow/example_dags/example_short_circuit_operator.py
[2024-04-05T23:21:12.320+0000] {logging_mixin.py:188} INFO - [2024-04-05T23:21:12.320+0000] {dag.py:3047} INFO - Sync 1 DAGs
[2024-04-05T23:21:12.346+0000] {logging_mixin.py:188} INFO - [2024-04-05T23:21:12.346+0000] {dag.py:3834} INFO - Setting next_dagrun for example_short_circuit_operator to 2024-04-04 00:00:00+00:00, run_after=2024-04-05 00:00:00+00:00
[2024-04-05T23:21:12.388+0000] {processor.py:183} INFO - Processing /home/airflow/.local/lib/python3.8/site-packages/airflow/example_dags/example_short_circuit_operator.py took 0.110 seconds
[2024-04-05T23:21:42.983+0000] {processor.py:161} INFO - Started process (PID=2698) to work on /home/airflow/.local/lib/python3.8/site-packages/airflow/example_dags/example_short_circuit_operator.py
[2024-04-05T23:21:42.985+0000] {processor.py:830} INFO - Processing file /home/airflow/.local/lib/python3.8/site-packages/airflow/example_dags/example_short_circuit_operator.py for tasks to queue
[2024-04-05T23:21:42.987+0000] {logging_mixin.py:188} INFO - [2024-04-05T23:21:42.987+0000] {dagbag.py:540} INFO - Filling up the DagBag from /home/airflow/.local/lib/python3.8/site-packages/airflow/example_dags/example_short_circuit_operator.py
[2024-04-05T23:21:42.994+0000] {processor.py:840} INFO - DAG(s) 'example_short_circuit_operator' retrieved from /home/airflow/.local/lib/python3.8/site-packages/airflow/example_dags/example_short_circuit_operator.py
[2024-04-05T23:21:43.020+0000] {logging_mixin.py:188} INFO - [2024-04-05T23:21:43.019+0000] {dag.py:3047} INFO - Sync 1 DAGs
[2024-04-05T23:21:43.040+0000] {logging_mixin.py:188} INFO - [2024-04-05T23:21:43.040+0000] {dag.py:3834} INFO - Setting next_dagrun for example_short_circuit_operator to 2024-04-04 00:00:00+00:00, run_after=2024-04-05 00:00:00+00:00
[2024-04-05T23:21:43.060+0000] {processor.py:183} INFO - Processing /home/airflow/.local/lib/python3.8/site-packages/airflow/example_dags/example_short_circuit_operator.py took 0.081 seconds
[2024-04-05T23:22:13.855+0000] {processor.py:161} INFO - Started process (PID=2752) to work on /home/airflow/.local/lib/python3.8/site-packages/airflow/example_dags/example_short_circuit_operator.py
[2024-04-05T23:22:13.857+0000] {processor.py:830} INFO - Processing file /home/airflow/.local/lib/python3.8/site-packages/airflow/example_dags/example_short_circuit_operator.py for tasks to queue
[2024-04-05T23:22:13.859+0000] {logging_mixin.py:188} INFO - [2024-04-05T23:22:13.859+0000] {dagbag.py:540} INFO - Filling up the DagBag from /home/airflow/.local/lib/python3.8/site-packages/airflow/example_dags/example_short_circuit_operator.py
[2024-04-05T23:22:13.868+0000] {processor.py:840} INFO - DAG(s) 'example_short_circuit_operator' retrieved from /home/airflow/.local/lib/python3.8/site-packages/airflow/example_dags/example_short_circuit_operator.py
[2024-04-05T23:22:13.897+0000] {logging_mixin.py:188} INFO - [2024-04-05T23:22:13.896+0000] {dag.py:3047} INFO - Sync 1 DAGs
[2024-04-05T23:22:13.931+0000] {logging_mixin.py:188} INFO - [2024-04-05T23:22:13.931+0000] {dag.py:3834} INFO - Setting next_dagrun for example_short_circuit_operator to 2024-04-04 00:00:00+00:00, run_after=2024-04-05 00:00:00+00:00
[2024-04-05T23:22:13.951+0000] {processor.py:183} INFO - Processing /home/airflow/.local/lib/python3.8/site-packages/airflow/example_dags/example_short_circuit_operator.py took 0.098 seconds
[2024-04-05T23:22:44.351+0000] {processor.py:161} INFO - Started process (PID=2807) to work on /home/airflow/.local/lib/python3.8/site-packages/airflow/example_dags/example_short_circuit_operator.py
[2024-04-05T23:22:44.352+0000] {processor.py:830} INFO - Processing file /home/airflow/.local/lib/python3.8/site-packages/airflow/example_dags/example_short_circuit_operator.py for tasks to queue
[2024-04-05T23:22:44.354+0000] {logging_mixin.py:188} INFO - [2024-04-05T23:22:44.354+0000] {dagbag.py:540} INFO - Filling up the DagBag from /home/airflow/.local/lib/python3.8/site-packages/airflow/example_dags/example_short_circuit_operator.py
[2024-04-05T23:22:44.364+0000] {processor.py:840} INFO - DAG(s) 'example_short_circuit_operator' retrieved from /home/airflow/.local/lib/python3.8/site-packages/airflow/example_dags/example_short_circuit_operator.py
[2024-04-05T23:22:44.393+0000] {logging_mixin.py:188} INFO - [2024-04-05T23:22:44.392+0000] {dag.py:3047} INFO - Sync 1 DAGs
[2024-04-05T23:22:44.415+0000] {logging_mixin.py:188} INFO - [2024-04-05T23:22:44.415+0000] {dag.py:3834} INFO - Setting next_dagrun for example_short_circuit_operator to 2024-04-04 00:00:00+00:00, run_after=2024-04-05 00:00:00+00:00
[2024-04-05T23:22:44.438+0000] {processor.py:183} INFO - Processing /home/airflow/.local/lib/python3.8/site-packages/airflow/example_dags/example_short_circuit_operator.py took 0.090 seconds
[2024-04-05T23:23:14.649+0000] {processor.py:161} INFO - Started process (PID=2862) to work on /home/airflow/.local/lib/python3.8/site-packages/airflow/example_dags/example_short_circuit_operator.py
[2024-04-05T23:23:14.650+0000] {processor.py:830} INFO - Processing file /home/airflow/.local/lib/python3.8/site-packages/airflow/example_dags/example_short_circuit_operator.py for tasks to queue
[2024-04-05T23:23:14.652+0000] {logging_mixin.py:188} INFO - [2024-04-05T23:23:14.652+0000] {dagbag.py:540} INFO - Filling up the DagBag from /home/airflow/.local/lib/python3.8/site-packages/airflow/example_dags/example_short_circuit_operator.py
[2024-04-05T23:23:14.659+0000] {processor.py:840} INFO - DAG(s) 'example_short_circuit_operator' retrieved from /home/airflow/.local/lib/python3.8/site-packages/airflow/example_dags/example_short_circuit_operator.py
[2024-04-05T23:23:14.682+0000] {logging_mixin.py:188} INFO - [2024-04-05T23:23:14.682+0000] {dag.py:3047} INFO - Sync 1 DAGs
[2024-04-05T23:23:14.702+0000] {logging_mixin.py:188} INFO - [2024-04-05T23:23:14.702+0000] {dag.py:3834} INFO - Setting next_dagrun for example_short_circuit_operator to 2024-04-04 00:00:00+00:00, run_after=2024-04-05 00:00:00+00:00
[2024-04-05T23:23:14.770+0000] {processor.py:183} INFO - Processing /home/airflow/.local/lib/python3.8/site-packages/airflow/example_dags/example_short_circuit_operator.py took 0.124 seconds
[2024-04-05T23:23:44.880+0000] {processor.py:161} INFO - Started process (PID=2917) to work on /home/airflow/.local/lib/python3.8/site-packages/airflow/example_dags/example_short_circuit_operator.py
[2024-04-05T23:23:44.881+0000] {processor.py:830} INFO - Processing file /home/airflow/.local/lib/python3.8/site-packages/airflow/example_dags/example_short_circuit_operator.py for tasks to queue
[2024-04-05T23:23:44.885+0000] {logging_mixin.py:188} INFO - [2024-04-05T23:23:44.884+0000] {dagbag.py:540} INFO - Filling up the DagBag from /home/airflow/.local/lib/python3.8/site-packages/airflow/example_dags/example_short_circuit_operator.py
[2024-04-05T23:23:44.893+0000] {processor.py:840} INFO - DAG(s) 'example_short_circuit_operator' retrieved from /home/airflow/.local/lib/python3.8/site-packages/airflow/example_dags/example_short_circuit_operator.py
[2024-04-05T23:23:44.914+0000] {logging_mixin.py:188} INFO - [2024-04-05T23:23:44.914+0000] {dag.py:3047} INFO - Sync 1 DAGs
[2024-04-05T23:23:44.935+0000] {logging_mixin.py:188} INFO - [2024-04-05T23:23:44.934+0000] {dag.py:3834} INFO - Setting next_dagrun for example_short_circuit_operator to 2024-04-04 00:00:00+00:00, run_after=2024-04-05 00:00:00+00:00
[2024-04-05T23:23:44.955+0000] {processor.py:183} INFO - Processing /home/airflow/.local/lib/python3.8/site-packages/airflow/example_dags/example_short_circuit_operator.py took 0.081 seconds
[2024-04-05T23:24:15.327+0000] {processor.py:161} INFO - Started process (PID=2973) to work on /home/airflow/.local/lib/python3.8/site-packages/airflow/example_dags/example_short_circuit_operator.py
[2024-04-05T23:24:15.328+0000] {processor.py:830} INFO - Processing file /home/airflow/.local/lib/python3.8/site-packages/airflow/example_dags/example_short_circuit_operator.py for tasks to queue
[2024-04-05T23:24:15.331+0000] {logging_mixin.py:188} INFO - [2024-04-05T23:24:15.331+0000] {dagbag.py:540} INFO - Filling up the DagBag from /home/airflow/.local/lib/python3.8/site-packages/airflow/example_dags/example_short_circuit_operator.py
[2024-04-05T23:24:15.338+0000] {processor.py:840} INFO - DAG(s) 'example_short_circuit_operator' retrieved from /home/airflow/.local/lib/python3.8/site-packages/airflow/example_dags/example_short_circuit_operator.py
[2024-04-05T23:24:15.365+0000] {logging_mixin.py:188} INFO - [2024-04-05T23:24:15.364+0000] {dag.py:3047} INFO - Sync 1 DAGs
[2024-04-05T23:24:15.386+0000] {logging_mixin.py:188} INFO - [2024-04-05T23:24:15.385+0000] {dag.py:3834} INFO - Setting next_dagrun for example_short_circuit_operator to 2024-04-04 00:00:00+00:00, run_after=2024-04-05 00:00:00+00:00
[2024-04-05T23:24:15.445+0000] {processor.py:183} INFO - Processing /home/airflow/.local/lib/python3.8/site-packages/airflow/example_dags/example_short_circuit_operator.py took 0.122 seconds
[2024-04-05T23:24:45.781+0000] {processor.py:161} INFO - Started process (PID=3029) to work on /home/airflow/.local/lib/python3.8/site-packages/airflow/example_dags/example_short_circuit_operator.py
[2024-04-05T23:24:45.783+0000] {processor.py:830} INFO - Processing file /home/airflow/.local/lib/python3.8/site-packages/airflow/example_dags/example_short_circuit_operator.py for tasks to queue
[2024-04-05T23:24:45.785+0000] {logging_mixin.py:188} INFO - [2024-04-05T23:24:45.785+0000] {dagbag.py:540} INFO - Filling up the DagBag from /home/airflow/.local/lib/python3.8/site-packages/airflow/example_dags/example_short_circuit_operator.py
[2024-04-05T23:24:45.796+0000] {processor.py:840} INFO - DAG(s) 'example_short_circuit_operator' retrieved from /home/airflow/.local/lib/python3.8/site-packages/airflow/example_dags/example_short_circuit_operator.py
[2024-04-05T23:24:45.827+0000] {logging_mixin.py:188} INFO - [2024-04-05T23:24:45.827+0000] {dag.py:3047} INFO - Sync 1 DAGs
[2024-04-05T23:24:45.852+0000] {logging_mixin.py:188} INFO - [2024-04-05T23:24:45.851+0000] {dag.py:3834} INFO - Setting next_dagrun for example_short_circuit_operator to 2024-04-04 00:00:00+00:00, run_after=2024-04-05 00:00:00+00:00
[2024-04-05T23:24:45.909+0000] {processor.py:183} INFO - Processing /home/airflow/.local/lib/python3.8/site-packages/airflow/example_dags/example_short_circuit_operator.py took 0.132 seconds
[2024-04-05T23:25:16.142+0000] {processor.py:161} INFO - Started process (PID=3084) to work on /home/airflow/.local/lib/python3.8/site-packages/airflow/example_dags/example_short_circuit_operator.py
[2024-04-05T23:25:16.143+0000] {processor.py:830} INFO - Processing file /home/airflow/.local/lib/python3.8/site-packages/airflow/example_dags/example_short_circuit_operator.py for tasks to queue
[2024-04-05T23:25:16.146+0000] {logging_mixin.py:188} INFO - [2024-04-05T23:25:16.145+0000] {dagbag.py:540} INFO - Filling up the DagBag from /home/airflow/.local/lib/python3.8/site-packages/airflow/example_dags/example_short_circuit_operator.py
[2024-04-05T23:25:16.154+0000] {processor.py:840} INFO - DAG(s) 'example_short_circuit_operator' retrieved from /home/airflow/.local/lib/python3.8/site-packages/airflow/example_dags/example_short_circuit_operator.py
[2024-04-05T23:25:16.183+0000] {logging_mixin.py:188} INFO - [2024-04-05T23:25:16.182+0000] {dag.py:3047} INFO - Sync 1 DAGs
[2024-04-05T23:25:16.210+0000] {logging_mixin.py:188} INFO - [2024-04-05T23:25:16.210+0000] {dag.py:3834} INFO - Setting next_dagrun for example_short_circuit_operator to 2024-04-04 00:00:00+00:00, run_after=2024-04-05 00:00:00+00:00
[2024-04-05T23:25:16.233+0000] {processor.py:183} INFO - Processing /home/airflow/.local/lib/python3.8/site-packages/airflow/example_dags/example_short_circuit_operator.py took 0.094 seconds
[2024-04-05T23:25:46.584+0000] {processor.py:161} INFO - Started process (PID=3139) to work on /home/airflow/.local/lib/python3.8/site-packages/airflow/example_dags/example_short_circuit_operator.py
[2024-04-05T23:25:46.585+0000] {processor.py:830} INFO - Processing file /home/airflow/.local/lib/python3.8/site-packages/airflow/example_dags/example_short_circuit_operator.py for tasks to queue
[2024-04-05T23:25:46.588+0000] {logging_mixin.py:188} INFO - [2024-04-05T23:25:46.588+0000] {dagbag.py:540} INFO - Filling up the DagBag from /home/airflow/.local/lib/python3.8/site-packages/airflow/example_dags/example_short_circuit_operator.py
[2024-04-05T23:25:46.597+0000] {processor.py:840} INFO - DAG(s) 'example_short_circuit_operator' retrieved from /home/airflow/.local/lib/python3.8/site-packages/airflow/example_dags/example_short_circuit_operator.py
[2024-04-05T23:25:46.623+0000] {logging_mixin.py:188} INFO - [2024-04-05T23:25:46.623+0000] {dag.py:3047} INFO - Sync 1 DAGs
[2024-04-05T23:25:46.644+0000] {logging_mixin.py:188} INFO - [2024-04-05T23:25:46.644+0000] {dag.py:3834} INFO - Setting next_dagrun for example_short_circuit_operator to 2024-04-04 00:00:00+00:00, run_after=2024-04-05 00:00:00+00:00
[2024-04-05T23:25:46.661+0000] {processor.py:183} INFO - Processing /home/airflow/.local/lib/python3.8/site-packages/airflow/example_dags/example_short_circuit_operator.py took 0.080 seconds
[2024-04-05T23:26:17.069+0000] {processor.py:161} INFO - Started process (PID=3194) to work on /home/airflow/.local/lib/python3.8/site-packages/airflow/example_dags/example_short_circuit_operator.py
[2024-04-05T23:26:17.070+0000] {processor.py:830} INFO - Processing file /home/airflow/.local/lib/python3.8/site-packages/airflow/example_dags/example_short_circuit_operator.py for tasks to queue
[2024-04-05T23:26:17.073+0000] {logging_mixin.py:188} INFO - [2024-04-05T23:26:17.072+0000] {dagbag.py:540} INFO - Filling up the DagBag from /home/airflow/.local/lib/python3.8/site-packages/airflow/example_dags/example_short_circuit_operator.py
[2024-04-05T23:26:17.081+0000] {processor.py:840} INFO - DAG(s) 'example_short_circuit_operator' retrieved from /home/airflow/.local/lib/python3.8/site-packages/airflow/example_dags/example_short_circuit_operator.py
[2024-04-05T23:26:17.106+0000] {logging_mixin.py:188} INFO - [2024-04-05T23:26:17.106+0000] {dag.py:3047} INFO - Sync 1 DAGs
[2024-04-05T23:26:17.127+0000] {logging_mixin.py:188} INFO - [2024-04-05T23:26:17.127+0000] {dag.py:3834} INFO - Setting next_dagrun for example_short_circuit_operator to 2024-04-04 00:00:00+00:00, run_after=2024-04-05 00:00:00+00:00
[2024-04-05T23:26:17.180+0000] {processor.py:183} INFO - Processing /home/airflow/.local/lib/python3.8/site-packages/airflow/example_dags/example_short_circuit_operator.py took 0.116 seconds
[2024-04-05T23:26:47.269+0000] {processor.py:161} INFO - Started process (PID=3249) to work on /home/airflow/.local/lib/python3.8/site-packages/airflow/example_dags/example_short_circuit_operator.py
[2024-04-05T23:26:47.271+0000] {processor.py:830} INFO - Processing file /home/airflow/.local/lib/python3.8/site-packages/airflow/example_dags/example_short_circuit_operator.py for tasks to queue
[2024-04-05T23:26:47.273+0000] {logging_mixin.py:188} INFO - [2024-04-05T23:26:47.273+0000] {dagbag.py:540} INFO - Filling up the DagBag from /home/airflow/.local/lib/python3.8/site-packages/airflow/example_dags/example_short_circuit_operator.py
[2024-04-05T23:26:47.280+0000] {processor.py:840} INFO - DAG(s) 'example_short_circuit_operator' retrieved from /home/airflow/.local/lib/python3.8/site-packages/airflow/example_dags/example_short_circuit_operator.py
[2024-04-05T23:26:47.309+0000] {logging_mixin.py:188} INFO - [2024-04-05T23:26:47.309+0000] {dag.py:3047} INFO - Sync 1 DAGs
[2024-04-05T23:26:47.336+0000] {logging_mixin.py:188} INFO - [2024-04-05T23:26:47.336+0000] {dag.py:3834} INFO - Setting next_dagrun for example_short_circuit_operator to 2024-04-04 00:00:00+00:00, run_after=2024-04-05 00:00:00+00:00
[2024-04-05T23:26:47.354+0000] {processor.py:183} INFO - Processing /home/airflow/.local/lib/python3.8/site-packages/airflow/example_dags/example_short_circuit_operator.py took 0.089 seconds
[2024-04-05T23:27:18.128+0000] {processor.py:161} INFO - Started process (PID=3304) to work on /home/airflow/.local/lib/python3.8/site-packages/airflow/example_dags/example_short_circuit_operator.py
[2024-04-05T23:27:18.129+0000] {processor.py:830} INFO - Processing file /home/airflow/.local/lib/python3.8/site-packages/airflow/example_dags/example_short_circuit_operator.py for tasks to queue
[2024-04-05T23:27:18.132+0000] {logging_mixin.py:188} INFO - [2024-04-05T23:27:18.132+0000] {dagbag.py:540} INFO - Filling up the DagBag from /home/airflow/.local/lib/python3.8/site-packages/airflow/example_dags/example_short_circuit_operator.py
[2024-04-05T23:27:18.141+0000] {processor.py:840} INFO - DAG(s) 'example_short_circuit_operator' retrieved from /home/airflow/.local/lib/python3.8/site-packages/airflow/example_dags/example_short_circuit_operator.py
[2024-04-05T23:27:18.169+0000] {logging_mixin.py:188} INFO - [2024-04-05T23:27:18.168+0000] {dag.py:3047} INFO - Sync 1 DAGs
[2024-04-05T23:27:18.193+0000] {logging_mixin.py:188} INFO - [2024-04-05T23:27:18.192+0000] {dag.py:3834} INFO - Setting next_dagrun for example_short_circuit_operator to 2024-04-04 00:00:00+00:00, run_after=2024-04-05 00:00:00+00:00
[2024-04-05T23:27:18.212+0000] {processor.py:183} INFO - Processing /home/airflow/.local/lib/python3.8/site-packages/airflow/example_dags/example_short_circuit_operator.py took 0.089 seconds
[2024-04-05T23:27:48.931+0000] {processor.py:161} INFO - Started process (PID=3359) to work on /home/airflow/.local/lib/python3.8/site-packages/airflow/example_dags/example_short_circuit_operator.py
[2024-04-05T23:27:48.932+0000] {processor.py:830} INFO - Processing file /home/airflow/.local/lib/python3.8/site-packages/airflow/example_dags/example_short_circuit_operator.py for tasks to queue
[2024-04-05T23:27:48.935+0000] {logging_mixin.py:188} INFO - [2024-04-05T23:27:48.935+0000] {dagbag.py:540} INFO - Filling up the DagBag from /home/airflow/.local/lib/python3.8/site-packages/airflow/example_dags/example_short_circuit_operator.py
[2024-04-05T23:27:48.943+0000] {processor.py:840} INFO - DAG(s) 'example_short_circuit_operator' retrieved from /home/airflow/.local/lib/python3.8/site-packages/airflow/example_dags/example_short_circuit_operator.py
[2024-04-05T23:27:48.968+0000] {logging_mixin.py:188} INFO - [2024-04-05T23:27:48.968+0000] {dag.py:3047} INFO - Sync 1 DAGs
[2024-04-05T23:27:48.991+0000] {logging_mixin.py:188} INFO - [2024-04-05T23:27:48.991+0000] {dag.py:3834} INFO - Setting next_dagrun for example_short_circuit_operator to 2024-04-04 00:00:00+00:00, run_after=2024-04-05 00:00:00+00:00
[2024-04-05T23:27:49.047+0000] {processor.py:183} INFO - Processing /home/airflow/.local/lib/python3.8/site-packages/airflow/example_dags/example_short_circuit_operator.py took 0.120 seconds
[2024-04-05T23:28:19.376+0000] {processor.py:161} INFO - Started process (PID=3414) to work on /home/airflow/.local/lib/python3.8/site-packages/airflow/example_dags/example_short_circuit_operator.py
[2024-04-05T23:28:19.377+0000] {processor.py:830} INFO - Processing file /home/airflow/.local/lib/python3.8/site-packages/airflow/example_dags/example_short_circuit_operator.py for tasks to queue
[2024-04-05T23:28:19.379+0000] {logging_mixin.py:188} INFO - [2024-04-05T23:28:19.379+0000] {dagbag.py:540} INFO - Filling up the DagBag from /home/airflow/.local/lib/python3.8/site-packages/airflow/example_dags/example_short_circuit_operator.py
[2024-04-05T23:28:19.390+0000] {processor.py:840} INFO - DAG(s) 'example_short_circuit_operator' retrieved from /home/airflow/.local/lib/python3.8/site-packages/airflow/example_dags/example_short_circuit_operator.py
[2024-04-05T23:28:19.417+0000] {logging_mixin.py:188} INFO - [2024-04-05T23:28:19.416+0000] {dag.py:3047} INFO - Sync 1 DAGs
[2024-04-05T23:28:19.442+0000] {logging_mixin.py:188} INFO - [2024-04-05T23:28:19.442+0000] {dag.py:3834} INFO - Setting next_dagrun for example_short_circuit_operator to 2024-04-04 00:00:00+00:00, run_after=2024-04-05 00:00:00+00:00
[2024-04-05T23:28:19.497+0000] {processor.py:183} INFO - Processing /home/airflow/.local/lib/python3.8/site-packages/airflow/example_dags/example_short_circuit_operator.py took 0.125 seconds
