[2024-04-05T22:57:19.106+0000] {processor.py:161} INFO - Started process (PID=85) to work on /home/airflow/.local/lib/python3.8/site-packages/airflow/example_dags/example_branch_python_dop_operator_3.py
[2024-04-05T22:57:19.108+0000] {processor.py:830} INFO - Processing file /home/airflow/.local/lib/python3.8/site-packages/airflow/example_dags/example_branch_python_dop_operator_3.py for tasks to queue
[2024-04-05T22:57:19.112+0000] {logging_mixin.py:188} INFO - [2024-04-05T22:57:19.112+0000] {dagbag.py:540} INFO - Filling up the DagBag from /home/airflow/.local/lib/python3.8/site-packages/airflow/example_dags/example_branch_python_dop_operator_3.py
[2024-04-05T22:57:19.135+0000] {processor.py:840} INFO - DAG(s) 'example_branch_dop_operator_v3' retrieved from /home/airflow/.local/lib/python3.8/site-packages/airflow/example_dags/example_branch_python_dop_operator_3.py
[2024-04-05T22:57:19.175+0000] {logging_mixin.py:188} INFO - [2024-04-05T22:57:19.174+0000] {dag.py:3047} INFO - Sync 1 DAGs
[2024-04-05T22:57:19.225+0000] {logging_mixin.py:188} INFO - [2024-04-05T22:57:19.225+0000] {dag.py:3834} INFO - Setting next_dagrun for example_branch_dop_operator_v3 to 2024-04-05 22:56:00+00:00, run_after=2024-04-05 22:57:00+00:00
[2024-04-05T22:57:19.465+0000] {processor.py:183} INFO - Processing /home/airflow/.local/lib/python3.8/site-packages/airflow/example_dags/example_branch_python_dop_operator_3.py took 0.366 seconds
[2024-04-05T22:57:50.348+0000] {processor.py:161} INFO - Started process (PID=140) to work on /home/airflow/.local/lib/python3.8/site-packages/airflow/example_dags/example_branch_python_dop_operator_3.py
[2024-04-05T22:57:50.350+0000] {processor.py:830} INFO - Processing file /home/airflow/.local/lib/python3.8/site-packages/airflow/example_dags/example_branch_python_dop_operator_3.py for tasks to queue
[2024-04-05T22:57:50.352+0000] {logging_mixin.py:188} INFO - [2024-04-05T22:57:50.352+0000] {dagbag.py:540} INFO - Filling up the DagBag from /home/airflow/.local/lib/python3.8/site-packages/airflow/example_dags/example_branch_python_dop_operator_3.py
[2024-04-05T22:57:50.364+0000] {processor.py:840} INFO - DAG(s) 'example_branch_dop_operator_v3' retrieved from /home/airflow/.local/lib/python3.8/site-packages/airflow/example_dags/example_branch_python_dop_operator_3.py
[2024-04-05T22:57:50.392+0000] {logging_mixin.py:188} INFO - [2024-04-05T22:57:50.392+0000] {dag.py:3047} INFO - Sync 1 DAGs
[2024-04-05T22:57:50.424+0000] {logging_mixin.py:188} INFO - [2024-04-05T22:57:50.424+0000] {dag.py:3834} INFO - Setting next_dagrun for example_branch_dop_operator_v3 to 2024-04-05 22:56:00+00:00, run_after=2024-04-05 22:57:00+00:00
[2024-04-05T22:57:50.448+0000] {processor.py:183} INFO - Processing /home/airflow/.local/lib/python3.8/site-packages/airflow/example_dags/example_branch_python_dop_operator_3.py took 0.105 seconds
[2024-04-05T22:58:21.159+0000] {processor.py:161} INFO - Started process (PID=195) to work on /home/airflow/.local/lib/python3.8/site-packages/airflow/example_dags/example_branch_python_dop_operator_3.py
[2024-04-05T22:58:21.160+0000] {processor.py:830} INFO - Processing file /home/airflow/.local/lib/python3.8/site-packages/airflow/example_dags/example_branch_python_dop_operator_3.py for tasks to queue
[2024-04-05T22:58:21.164+0000] {logging_mixin.py:188} INFO - [2024-04-05T22:58:21.163+0000] {dagbag.py:540} INFO - Filling up the DagBag from /home/airflow/.local/lib/python3.8/site-packages/airflow/example_dags/example_branch_python_dop_operator_3.py
[2024-04-05T22:58:21.179+0000] {processor.py:840} INFO - DAG(s) 'example_branch_dop_operator_v3' retrieved from /home/airflow/.local/lib/python3.8/site-packages/airflow/example_dags/example_branch_python_dop_operator_3.py
[2024-04-05T22:58:21.215+0000] {logging_mixin.py:188} INFO - [2024-04-05T22:58:21.215+0000] {dag.py:3047} INFO - Sync 1 DAGs
[2024-04-05T22:58:21.265+0000] {logging_mixin.py:188} INFO - [2024-04-05T22:58:21.264+0000] {dag.py:3834} INFO - Setting next_dagrun for example_branch_dop_operator_v3 to 2024-04-05 22:57:00+00:00, run_after=2024-04-05 22:58:00+00:00
[2024-04-05T22:58:21.307+0000] {processor.py:183} INFO - Processing /home/airflow/.local/lib/python3.8/site-packages/airflow/example_dags/example_branch_python_dop_operator_3.py took 0.153 seconds
[2024-04-05T22:58:51.718+0000] {processor.py:161} INFO - Started process (PID=256) to work on /home/airflow/.local/lib/python3.8/site-packages/airflow/example_dags/example_branch_python_dop_operator_3.py
[2024-04-05T22:58:51.722+0000] {processor.py:830} INFO - Processing file /home/airflow/.local/lib/python3.8/site-packages/airflow/example_dags/example_branch_python_dop_operator_3.py for tasks to queue
[2024-04-05T22:58:51.727+0000] {logging_mixin.py:188} INFO - [2024-04-05T22:58:51.726+0000] {dagbag.py:540} INFO - Filling up the DagBag from /home/airflow/.local/lib/python3.8/site-packages/airflow/example_dags/example_branch_python_dop_operator_3.py
[2024-04-05T22:58:51.743+0000] {processor.py:840} INFO - DAG(s) 'example_branch_dop_operator_v3' retrieved from /home/airflow/.local/lib/python3.8/site-packages/airflow/example_dags/example_branch_python_dop_operator_3.py
[2024-04-05T22:58:51.782+0000] {logging_mixin.py:188} INFO - [2024-04-05T22:58:51.782+0000] {dag.py:3047} INFO - Sync 1 DAGs
[2024-04-05T22:58:51.854+0000] {logging_mixin.py:188} INFO - [2024-04-05T22:58:51.853+0000] {dag.py:3834} INFO - Setting next_dagrun for example_branch_dop_operator_v3 to 2024-04-05 22:57:00+00:00, run_after=2024-04-05 22:58:00+00:00
[2024-04-05T22:58:51.898+0000] {processor.py:183} INFO - Processing /home/airflow/.local/lib/python3.8/site-packages/airflow/example_dags/example_branch_python_dop_operator_3.py took 0.186 seconds
[2024-04-05T22:59:24.362+0000] {processor.py:161} INFO - Started process (PID=311) to work on /home/airflow/.local/lib/python3.8/site-packages/airflow/example_dags/example_branch_python_dop_operator_3.py
[2024-04-05T22:59:24.364+0000] {processor.py:830} INFO - Processing file /home/airflow/.local/lib/python3.8/site-packages/airflow/example_dags/example_branch_python_dop_operator_3.py for tasks to queue
[2024-04-05T22:59:24.368+0000] {logging_mixin.py:188} INFO - [2024-04-05T22:59:24.368+0000] {dagbag.py:540} INFO - Filling up the DagBag from /home/airflow/.local/lib/python3.8/site-packages/airflow/example_dags/example_branch_python_dop_operator_3.py
[2024-04-05T22:59:24.383+0000] {processor.py:840} INFO - DAG(s) 'example_branch_dop_operator_v3' retrieved from /home/airflow/.local/lib/python3.8/site-packages/airflow/example_dags/example_branch_python_dop_operator_3.py
[2024-04-05T22:59:24.416+0000] {logging_mixin.py:188} INFO - [2024-04-05T22:59:24.416+0000] {dag.py:3047} INFO - Sync 1 DAGs
[2024-04-05T22:59:24.644+0000] {logging_mixin.py:188} INFO - [2024-04-05T22:59:24.643+0000] {dag.py:3834} INFO - Setting next_dagrun for example_branch_dop_operator_v3 to 2024-04-05 22:58:00+00:00, run_after=2024-04-05 22:59:00+00:00
[2024-04-05T22:59:24.674+0000] {processor.py:183} INFO - Processing /home/airflow/.local/lib/python3.8/site-packages/airflow/example_dags/example_branch_python_dop_operator_3.py took 0.318 seconds
[2024-04-05T22:59:55.430+0000] {processor.py:161} INFO - Started process (PID=367) to work on /home/airflow/.local/lib/python3.8/site-packages/airflow/example_dags/example_branch_python_dop_operator_3.py
[2024-04-05T22:59:55.432+0000] {processor.py:830} INFO - Processing file /home/airflow/.local/lib/python3.8/site-packages/airflow/example_dags/example_branch_python_dop_operator_3.py for tasks to queue
[2024-04-05T22:59:55.436+0000] {logging_mixin.py:188} INFO - [2024-04-05T22:59:55.435+0000] {dagbag.py:540} INFO - Filling up the DagBag from /home/airflow/.local/lib/python3.8/site-packages/airflow/example_dags/example_branch_python_dop_operator_3.py
[2024-04-05T22:59:55.447+0000] {processor.py:840} INFO - DAG(s) 'example_branch_dop_operator_v3' retrieved from /home/airflow/.local/lib/python3.8/site-packages/airflow/example_dags/example_branch_python_dop_operator_3.py
[2024-04-05T22:59:55.475+0000] {logging_mixin.py:188} INFO - [2024-04-05T22:59:55.474+0000] {dag.py:3047} INFO - Sync 1 DAGs
[2024-04-05T22:59:55.736+0000] {logging_mixin.py:188} INFO - [2024-04-05T22:59:55.735+0000] {dag.py:3834} INFO - Setting next_dagrun for example_branch_dop_operator_v3 to 2024-04-05 22:58:00+00:00, run_after=2024-04-05 22:59:00+00:00
[2024-04-05T22:59:55.766+0000] {processor.py:183} INFO - Processing /home/airflow/.local/lib/python3.8/site-packages/airflow/example_dags/example_branch_python_dop_operator_3.py took 0.340 seconds
[2024-04-05T23:00:25.937+0000] {processor.py:161} INFO - Started process (PID=421) to work on /home/airflow/.local/lib/python3.8/site-packages/airflow/example_dags/example_branch_python_dop_operator_3.py
[2024-04-05T23:00:25.939+0000] {processor.py:830} INFO - Processing file /home/airflow/.local/lib/python3.8/site-packages/airflow/example_dags/example_branch_python_dop_operator_3.py for tasks to queue
[2024-04-05T23:00:25.942+0000] {logging_mixin.py:188} INFO - [2024-04-05T23:00:25.942+0000] {dagbag.py:540} INFO - Filling up the DagBag from /home/airflow/.local/lib/python3.8/site-packages/airflow/example_dags/example_branch_python_dop_operator_3.py
[2024-04-05T23:00:25.960+0000] {processor.py:840} INFO - DAG(s) 'example_branch_dop_operator_v3' retrieved from /home/airflow/.local/lib/python3.8/site-packages/airflow/example_dags/example_branch_python_dop_operator_3.py
[2024-04-05T23:00:25.997+0000] {logging_mixin.py:188} INFO - [2024-04-05T23:00:25.997+0000] {dag.py:3047} INFO - Sync 1 DAGs
[2024-04-05T23:00:26.047+0000] {logging_mixin.py:188} INFO - [2024-04-05T23:00:26.047+0000] {dag.py:3834} INFO - Setting next_dagrun for example_branch_dop_operator_v3 to 2024-04-05 22:59:00+00:00, run_after=2024-04-05 23:00:00+00:00
[2024-04-05T23:00:26.080+0000] {processor.py:183} INFO - Processing /home/airflow/.local/lib/python3.8/site-packages/airflow/example_dags/example_branch_python_dop_operator_3.py took 0.150 seconds
[2024-04-05T23:00:56.485+0000] {processor.py:161} INFO - Started process (PID=476) to work on /home/airflow/.local/lib/python3.8/site-packages/airflow/example_dags/example_branch_python_dop_operator_3.py
[2024-04-05T23:00:56.487+0000] {processor.py:830} INFO - Processing file /home/airflow/.local/lib/python3.8/site-packages/airflow/example_dags/example_branch_python_dop_operator_3.py for tasks to queue
[2024-04-05T23:00:56.491+0000] {logging_mixin.py:188} INFO - [2024-04-05T23:00:56.491+0000] {dagbag.py:540} INFO - Filling up the DagBag from /home/airflow/.local/lib/python3.8/site-packages/airflow/example_dags/example_branch_python_dop_operator_3.py
[2024-04-05T23:00:56.504+0000] {processor.py:840} INFO - DAG(s) 'example_branch_dop_operator_v3' retrieved from /home/airflow/.local/lib/python3.8/site-packages/airflow/example_dags/example_branch_python_dop_operator_3.py
[2024-04-05T23:00:56.529+0000] {logging_mixin.py:188} INFO - [2024-04-05T23:00:56.529+0000] {dag.py:3047} INFO - Sync 1 DAGs
[2024-04-05T23:00:56.560+0000] {logging_mixin.py:188} INFO - [2024-04-05T23:00:56.560+0000] {dag.py:3834} INFO - Setting next_dagrun for example_branch_dop_operator_v3 to 2024-04-05 22:59:00+00:00, run_after=2024-04-05 23:00:00+00:00
[2024-04-05T23:00:56.585+0000] {processor.py:183} INFO - Processing /home/airflow/.local/lib/python3.8/site-packages/airflow/example_dags/example_branch_python_dop_operator_3.py took 0.105 seconds
[2024-04-05T23:01:27.457+0000] {processor.py:161} INFO - Started process (PID=531) to work on /home/airflow/.local/lib/python3.8/site-packages/airflow/example_dags/example_branch_python_dop_operator_3.py
[2024-04-05T23:01:27.459+0000] {processor.py:830} INFO - Processing file /home/airflow/.local/lib/python3.8/site-packages/airflow/example_dags/example_branch_python_dop_operator_3.py for tasks to queue
[2024-04-05T23:01:27.464+0000] {logging_mixin.py:188} INFO - [2024-04-05T23:01:27.463+0000] {dagbag.py:540} INFO - Filling up the DagBag from /home/airflow/.local/lib/python3.8/site-packages/airflow/example_dags/example_branch_python_dop_operator_3.py
[2024-04-05T23:01:27.482+0000] {processor.py:840} INFO - DAG(s) 'example_branch_dop_operator_v3' retrieved from /home/airflow/.local/lib/python3.8/site-packages/airflow/example_dags/example_branch_python_dop_operator_3.py
[2024-04-05T23:01:27.658+0000] {logging_mixin.py:188} INFO - [2024-04-05T23:01:27.658+0000] {dag.py:3047} INFO - Sync 1 DAGs
[2024-04-05T23:01:27.687+0000] {logging_mixin.py:188} INFO - [2024-04-05T23:01:27.687+0000] {dag.py:3834} INFO - Setting next_dagrun for example_branch_dop_operator_v3 to 2024-04-05 23:00:00+00:00, run_after=2024-04-05 23:01:00+00:00
[2024-04-05T23:01:27.708+0000] {processor.py:183} INFO - Processing /home/airflow/.local/lib/python3.8/site-packages/airflow/example_dags/example_branch_python_dop_operator_3.py took 0.255 seconds
[2024-04-05T23:01:57.774+0000] {processor.py:161} INFO - Started process (PID=586) to work on /home/airflow/.local/lib/python3.8/site-packages/airflow/example_dags/example_branch_python_dop_operator_3.py
[2024-04-05T23:01:57.776+0000] {processor.py:830} INFO - Processing file /home/airflow/.local/lib/python3.8/site-packages/airflow/example_dags/example_branch_python_dop_operator_3.py for tasks to queue
[2024-04-05T23:01:57.779+0000] {logging_mixin.py:188} INFO - [2024-04-05T23:01:57.779+0000] {dagbag.py:540} INFO - Filling up the DagBag from /home/airflow/.local/lib/python3.8/site-packages/airflow/example_dags/example_branch_python_dop_operator_3.py
[2024-04-05T23:01:57.792+0000] {processor.py:840} INFO - DAG(s) 'example_branch_dop_operator_v3' retrieved from /home/airflow/.local/lib/python3.8/site-packages/airflow/example_dags/example_branch_python_dop_operator_3.py
[2024-04-05T23:01:57.817+0000] {logging_mixin.py:188} INFO - [2024-04-05T23:01:57.817+0000] {dag.py:3047} INFO - Sync 1 DAGs
[2024-04-05T23:01:57.851+0000] {logging_mixin.py:188} INFO - [2024-04-05T23:01:57.850+0000] {dag.py:3834} INFO - Setting next_dagrun for example_branch_dop_operator_v3 to 2024-04-05 23:00:00+00:00, run_after=2024-04-05 23:01:00+00:00
[2024-04-05T23:01:57.875+0000] {processor.py:183} INFO - Processing /home/airflow/.local/lib/python3.8/site-packages/airflow/example_dags/example_branch_python_dop_operator_3.py took 0.105 seconds
[2024-04-05T23:02:27.990+0000] {processor.py:161} INFO - Started process (PID=641) to work on /home/airflow/.local/lib/python3.8/site-packages/airflow/example_dags/example_branch_python_dop_operator_3.py
[2024-04-05T23:02:27.992+0000] {processor.py:830} INFO - Processing file /home/airflow/.local/lib/python3.8/site-packages/airflow/example_dags/example_branch_python_dop_operator_3.py for tasks to queue
[2024-04-05T23:02:27.995+0000] {logging_mixin.py:188} INFO - [2024-04-05T23:02:27.995+0000] {dagbag.py:540} INFO - Filling up the DagBag from /home/airflow/.local/lib/python3.8/site-packages/airflow/example_dags/example_branch_python_dop_operator_3.py
[2024-04-05T23:02:28.010+0000] {processor.py:840} INFO - DAG(s) 'example_branch_dop_operator_v3' retrieved from /home/airflow/.local/lib/python3.8/site-packages/airflow/example_dags/example_branch_python_dop_operator_3.py
[2024-04-05T23:02:28.038+0000] {logging_mixin.py:188} INFO - [2024-04-05T23:02:28.037+0000] {dag.py:3047} INFO - Sync 1 DAGs
[2024-04-05T23:02:28.068+0000] {logging_mixin.py:188} INFO - [2024-04-05T23:02:28.068+0000] {dag.py:3834} INFO - Setting next_dagrun for example_branch_dop_operator_v3 to 2024-04-05 23:01:00+00:00, run_after=2024-04-05 23:02:00+00:00
[2024-04-05T23:02:28.090+0000] {processor.py:183} INFO - Processing /home/airflow/.local/lib/python3.8/site-packages/airflow/example_dags/example_branch_python_dop_operator_3.py took 0.106 seconds
[2024-04-05T23:02:58.566+0000] {processor.py:161} INFO - Started process (PID=696) to work on /home/airflow/.local/lib/python3.8/site-packages/airflow/example_dags/example_branch_python_dop_operator_3.py
[2024-04-05T23:02:58.568+0000] {processor.py:830} INFO - Processing file /home/airflow/.local/lib/python3.8/site-packages/airflow/example_dags/example_branch_python_dop_operator_3.py for tasks to queue
[2024-04-05T23:02:58.570+0000] {logging_mixin.py:188} INFO - [2024-04-05T23:02:58.570+0000] {dagbag.py:540} INFO - Filling up the DagBag from /home/airflow/.local/lib/python3.8/site-packages/airflow/example_dags/example_branch_python_dop_operator_3.py
[2024-04-05T23:02:58.584+0000] {processor.py:840} INFO - DAG(s) 'example_branch_dop_operator_v3' retrieved from /home/airflow/.local/lib/python3.8/site-packages/airflow/example_dags/example_branch_python_dop_operator_3.py
[2024-04-05T23:02:58.608+0000] {logging_mixin.py:188} INFO - [2024-04-05T23:02:58.608+0000] {dag.py:3047} INFO - Sync 1 DAGs
[2024-04-05T23:02:58.642+0000] {logging_mixin.py:188} INFO - [2024-04-05T23:02:58.641+0000] {dag.py:3834} INFO - Setting next_dagrun for example_branch_dop_operator_v3 to 2024-04-05 23:01:00+00:00, run_after=2024-04-05 23:02:00+00:00
[2024-04-05T23:02:58.664+0000] {processor.py:183} INFO - Processing /home/airflow/.local/lib/python3.8/site-packages/airflow/example_dags/example_branch_python_dop_operator_3.py took 0.102 seconds
[2024-04-05T23:03:28.750+0000] {processor.py:161} INFO - Started process (PID=752) to work on /home/airflow/.local/lib/python3.8/site-packages/airflow/example_dags/example_branch_python_dop_operator_3.py
[2024-04-05T23:03:28.751+0000] {processor.py:830} INFO - Processing file /home/airflow/.local/lib/python3.8/site-packages/airflow/example_dags/example_branch_python_dop_operator_3.py for tasks to queue
[2024-04-05T23:03:28.753+0000] {logging_mixin.py:188} INFO - [2024-04-05T23:03:28.753+0000] {dagbag.py:540} INFO - Filling up the DagBag from /home/airflow/.local/lib/python3.8/site-packages/airflow/example_dags/example_branch_python_dop_operator_3.py
[2024-04-05T23:03:28.764+0000] {processor.py:840} INFO - DAG(s) 'example_branch_dop_operator_v3' retrieved from /home/airflow/.local/lib/python3.8/site-packages/airflow/example_dags/example_branch_python_dop_operator_3.py
[2024-04-05T23:03:28.789+0000] {logging_mixin.py:188} INFO - [2024-04-05T23:03:28.788+0000] {dag.py:3047} INFO - Sync 1 DAGs
[2024-04-05T23:03:28.815+0000] {logging_mixin.py:188} INFO - [2024-04-05T23:03:28.815+0000] {dag.py:3834} INFO - Setting next_dagrun for example_branch_dop_operator_v3 to 2024-04-05 23:02:00+00:00, run_after=2024-04-05 23:03:00+00:00
[2024-04-05T23:03:28.836+0000] {processor.py:183} INFO - Processing /home/airflow/.local/lib/python3.8/site-packages/airflow/example_dags/example_branch_python_dop_operator_3.py took 0.090 seconds
[2024-04-05T23:03:59.293+0000] {processor.py:161} INFO - Started process (PID=807) to work on /home/airflow/.local/lib/python3.8/site-packages/airflow/example_dags/example_branch_python_dop_operator_3.py
[2024-04-05T23:03:59.295+0000] {processor.py:830} INFO - Processing file /home/airflow/.local/lib/python3.8/site-packages/airflow/example_dags/example_branch_python_dop_operator_3.py for tasks to queue
[2024-04-05T23:03:59.298+0000] {logging_mixin.py:188} INFO - [2024-04-05T23:03:59.297+0000] {dagbag.py:540} INFO - Filling up the DagBag from /home/airflow/.local/lib/python3.8/site-packages/airflow/example_dags/example_branch_python_dop_operator_3.py
[2024-04-05T23:03:59.312+0000] {processor.py:840} INFO - DAG(s) 'example_branch_dop_operator_v3' retrieved from /home/airflow/.local/lib/python3.8/site-packages/airflow/example_dags/example_branch_python_dop_operator_3.py
[2024-04-05T23:03:59.343+0000] {logging_mixin.py:188} INFO - [2024-04-05T23:03:59.343+0000] {dag.py:3047} INFO - Sync 1 DAGs
[2024-04-05T23:03:59.383+0000] {logging_mixin.py:188} INFO - [2024-04-05T23:03:59.383+0000] {dag.py:3834} INFO - Setting next_dagrun for example_branch_dop_operator_v3 to 2024-04-05 23:02:00+00:00, run_after=2024-04-05 23:03:00+00:00
[2024-04-05T23:03:59.408+0000] {processor.py:183} INFO - Processing /home/airflow/.local/lib/python3.8/site-packages/airflow/example_dags/example_branch_python_dop_operator_3.py took 0.121 seconds
[2024-04-05T23:04:29.497+0000] {processor.py:161} INFO - Started process (PID=862) to work on /home/airflow/.local/lib/python3.8/site-packages/airflow/example_dags/example_branch_python_dop_operator_3.py
[2024-04-05T23:04:29.499+0000] {processor.py:830} INFO - Processing file /home/airflow/.local/lib/python3.8/site-packages/airflow/example_dags/example_branch_python_dop_operator_3.py for tasks to queue
[2024-04-05T23:04:29.503+0000] {logging_mixin.py:188} INFO - [2024-04-05T23:04:29.502+0000] {dagbag.py:540} INFO - Filling up the DagBag from /home/airflow/.local/lib/python3.8/site-packages/airflow/example_dags/example_branch_python_dop_operator_3.py
[2024-04-05T23:04:29.514+0000] {processor.py:840} INFO - DAG(s) 'example_branch_dop_operator_v3' retrieved from /home/airflow/.local/lib/python3.8/site-packages/airflow/example_dags/example_branch_python_dop_operator_3.py
[2024-04-05T23:04:29.537+0000] {logging_mixin.py:188} INFO - [2024-04-05T23:04:29.537+0000] {dag.py:3047} INFO - Sync 1 DAGs
[2024-04-05T23:04:29.565+0000] {logging_mixin.py:188} INFO - [2024-04-05T23:04:29.565+0000] {dag.py:3834} INFO - Setting next_dagrun for example_branch_dop_operator_v3 to 2024-04-05 23:03:00+00:00, run_after=2024-04-05 23:04:00+00:00
[2024-04-05T23:04:29.587+0000] {processor.py:183} INFO - Processing /home/airflow/.local/lib/python3.8/site-packages/airflow/example_dags/example_branch_python_dop_operator_3.py took 0.095 seconds
[2024-04-05T23:05:00.345+0000] {processor.py:161} INFO - Started process (PID=917) to work on /home/airflow/.local/lib/python3.8/site-packages/airflow/example_dags/example_branch_python_dop_operator_3.py
[2024-04-05T23:05:00.347+0000] {processor.py:830} INFO - Processing file /home/airflow/.local/lib/python3.8/site-packages/airflow/example_dags/example_branch_python_dop_operator_3.py for tasks to queue
[2024-04-05T23:05:00.351+0000] {logging_mixin.py:188} INFO - [2024-04-05T23:05:00.350+0000] {dagbag.py:540} INFO - Filling up the DagBag from /home/airflow/.local/lib/python3.8/site-packages/airflow/example_dags/example_branch_python_dop_operator_3.py
[2024-04-05T23:05:00.365+0000] {processor.py:840} INFO - DAG(s) 'example_branch_dop_operator_v3' retrieved from /home/airflow/.local/lib/python3.8/site-packages/airflow/example_dags/example_branch_python_dop_operator_3.py
[2024-04-05T23:05:00.392+0000] {logging_mixin.py:188} INFO - [2024-04-05T23:05:00.392+0000] {dag.py:3047} INFO - Sync 1 DAGs
[2024-04-05T23:05:00.437+0000] {logging_mixin.py:188} INFO - [2024-04-05T23:05:00.436+0000] {dag.py:3834} INFO - Setting next_dagrun for example_branch_dop_operator_v3 to 2024-04-05 23:04:00+00:00, run_after=2024-04-05 23:05:00+00:00
[2024-04-05T23:05:00.476+0000] {processor.py:183} INFO - Processing /home/airflow/.local/lib/python3.8/site-packages/airflow/example_dags/example_branch_python_dop_operator_3.py took 0.135 seconds
[2024-04-05T23:05:30.567+0000] {processor.py:161} INFO - Started process (PID=972) to work on /home/airflow/.local/lib/python3.8/site-packages/airflow/example_dags/example_branch_python_dop_operator_3.py
[2024-04-05T23:05:30.569+0000] {processor.py:830} INFO - Processing file /home/airflow/.local/lib/python3.8/site-packages/airflow/example_dags/example_branch_python_dop_operator_3.py for tasks to queue
[2024-04-05T23:05:30.572+0000] {logging_mixin.py:188} INFO - [2024-04-05T23:05:30.571+0000] {dagbag.py:540} INFO - Filling up the DagBag from /home/airflow/.local/lib/python3.8/site-packages/airflow/example_dags/example_branch_python_dop_operator_3.py
[2024-04-05T23:05:30.585+0000] {processor.py:840} INFO - DAG(s) 'example_branch_dop_operator_v3' retrieved from /home/airflow/.local/lib/python3.8/site-packages/airflow/example_dags/example_branch_python_dop_operator_3.py
[2024-04-05T23:05:30.610+0000] {logging_mixin.py:188} INFO - [2024-04-05T23:05:30.610+0000] {dag.py:3047} INFO - Sync 1 DAGs
[2024-04-05T23:05:30.636+0000] {logging_mixin.py:188} INFO - [2024-04-05T23:05:30.635+0000] {dag.py:3834} INFO - Setting next_dagrun for example_branch_dop_operator_v3 to 2024-04-05 23:04:00+00:00, run_after=2024-04-05 23:05:00+00:00
[2024-04-05T23:05:30.705+0000] {processor.py:183} INFO - Processing /home/airflow/.local/lib/python3.8/site-packages/airflow/example_dags/example_branch_python_dop_operator_3.py took 0.142 seconds
[2024-04-05T23:06:00.965+0000] {processor.py:161} INFO - Started process (PID=1027) to work on /home/airflow/.local/lib/python3.8/site-packages/airflow/example_dags/example_branch_python_dop_operator_3.py
[2024-04-05T23:06:00.967+0000] {processor.py:830} INFO - Processing file /home/airflow/.local/lib/python3.8/site-packages/airflow/example_dags/example_branch_python_dop_operator_3.py for tasks to queue
[2024-04-05T23:06:00.969+0000] {logging_mixin.py:188} INFO - [2024-04-05T23:06:00.969+0000] {dagbag.py:540} INFO - Filling up the DagBag from /home/airflow/.local/lib/python3.8/site-packages/airflow/example_dags/example_branch_python_dop_operator_3.py
[2024-04-05T23:06:00.981+0000] {processor.py:840} INFO - DAG(s) 'example_branch_dop_operator_v3' retrieved from /home/airflow/.local/lib/python3.8/site-packages/airflow/example_dags/example_branch_python_dop_operator_3.py
[2024-04-05T23:06:01.010+0000] {logging_mixin.py:188} INFO - [2024-04-05T23:06:01.010+0000] {dag.py:3047} INFO - Sync 1 DAGs
[2024-04-05T23:06:01.045+0000] {logging_mixin.py:188} INFO - [2024-04-05T23:06:01.045+0000] {dag.py:3834} INFO - Setting next_dagrun for example_branch_dop_operator_v3 to 2024-04-05 23:05:00+00:00, run_after=2024-04-05 23:06:00+00:00
[2024-04-05T23:06:01.073+0000] {processor.py:183} INFO - Processing /home/airflow/.local/lib/python3.8/site-packages/airflow/example_dags/example_branch_python_dop_operator_3.py took 0.112 seconds
[2024-04-05T23:06:31.969+0000] {processor.py:161} INFO - Started process (PID=1082) to work on /home/airflow/.local/lib/python3.8/site-packages/airflow/example_dags/example_branch_python_dop_operator_3.py
[2024-04-05T23:06:31.971+0000] {processor.py:830} INFO - Processing file /home/airflow/.local/lib/python3.8/site-packages/airflow/example_dags/example_branch_python_dop_operator_3.py for tasks to queue
[2024-04-05T23:06:31.974+0000] {logging_mixin.py:188} INFO - [2024-04-05T23:06:31.974+0000] {dagbag.py:540} INFO - Filling up the DagBag from /home/airflow/.local/lib/python3.8/site-packages/airflow/example_dags/example_branch_python_dop_operator_3.py
[2024-04-05T23:06:31.983+0000] {processor.py:840} INFO - DAG(s) 'example_branch_dop_operator_v3' retrieved from /home/airflow/.local/lib/python3.8/site-packages/airflow/example_dags/example_branch_python_dop_operator_3.py
[2024-04-05T23:06:32.004+0000] {logging_mixin.py:188} INFO - [2024-04-05T23:06:32.003+0000] {dag.py:3047} INFO - Sync 1 DAGs
[2024-04-05T23:06:32.030+0000] {logging_mixin.py:188} INFO - [2024-04-05T23:06:32.030+0000] {dag.py:3834} INFO - Setting next_dagrun for example_branch_dop_operator_v3 to 2024-04-05 23:05:00+00:00, run_after=2024-04-05 23:06:00+00:00
[2024-04-05T23:06:32.048+0000] {processor.py:183} INFO - Processing /home/airflow/.local/lib/python3.8/site-packages/airflow/example_dags/example_branch_python_dop_operator_3.py took 0.083 seconds
[2024-04-05T23:07:02.646+0000] {processor.py:161} INFO - Started process (PID=1137) to work on /home/airflow/.local/lib/python3.8/site-packages/airflow/example_dags/example_branch_python_dop_operator_3.py
[2024-04-05T23:07:02.648+0000] {processor.py:830} INFO - Processing file /home/airflow/.local/lib/python3.8/site-packages/airflow/example_dags/example_branch_python_dop_operator_3.py for tasks to queue
[2024-04-05T23:07:02.655+0000] {logging_mixin.py:188} INFO - [2024-04-05T23:07:02.654+0000] {dagbag.py:540} INFO - Filling up the DagBag from /home/airflow/.local/lib/python3.8/site-packages/airflow/example_dags/example_branch_python_dop_operator_3.py
[2024-04-05T23:07:02.677+0000] {processor.py:840} INFO - DAG(s) 'example_branch_dop_operator_v3' retrieved from /home/airflow/.local/lib/python3.8/site-packages/airflow/example_dags/example_branch_python_dop_operator_3.py
[2024-04-05T23:07:02.721+0000] {logging_mixin.py:188} INFO - [2024-04-05T23:07:02.721+0000] {dag.py:3047} INFO - Sync 1 DAGs
[2024-04-05T23:07:02.805+0000] {logging_mixin.py:188} INFO - [2024-04-05T23:07:02.805+0000] {dag.py:3834} INFO - Setting next_dagrun for example_branch_dop_operator_v3 to 2024-04-05 23:06:00+00:00, run_after=2024-04-05 23:07:00+00:00
[2024-04-05T23:07:02.861+0000] {processor.py:183} INFO - Processing /home/airflow/.local/lib/python3.8/site-packages/airflow/example_dags/example_branch_python_dop_operator_3.py took 0.223 seconds
[2024-04-05T23:07:32.938+0000] {processor.py:161} INFO - Started process (PID=1192) to work on /home/airflow/.local/lib/python3.8/site-packages/airflow/example_dags/example_branch_python_dop_operator_3.py
[2024-04-05T23:07:32.940+0000] {processor.py:830} INFO - Processing file /home/airflow/.local/lib/python3.8/site-packages/airflow/example_dags/example_branch_python_dop_operator_3.py for tasks to queue
[2024-04-05T23:07:32.944+0000] {logging_mixin.py:188} INFO - [2024-04-05T23:07:32.943+0000] {dagbag.py:540} INFO - Filling up the DagBag from /home/airflow/.local/lib/python3.8/site-packages/airflow/example_dags/example_branch_python_dop_operator_3.py
[2024-04-05T23:07:32.965+0000] {processor.py:840} INFO - DAG(s) 'example_branch_dop_operator_v3' retrieved from /home/airflow/.local/lib/python3.8/site-packages/airflow/example_dags/example_branch_python_dop_operator_3.py
[2024-04-05T23:07:33.002+0000] {logging_mixin.py:188} INFO - [2024-04-05T23:07:33.002+0000] {dag.py:3047} INFO - Sync 1 DAGs
[2024-04-05T23:07:33.041+0000] {logging_mixin.py:188} INFO - [2024-04-05T23:07:33.040+0000] {dag.py:3834} INFO - Setting next_dagrun for example_branch_dop_operator_v3 to 2024-04-05 23:06:00+00:00, run_after=2024-04-05 23:07:00+00:00
[2024-04-05T23:07:33.065+0000] {processor.py:183} INFO - Processing /home/airflow/.local/lib/python3.8/site-packages/airflow/example_dags/example_branch_python_dop_operator_3.py took 0.132 seconds
[2024-04-05T23:08:03.248+0000] {processor.py:161} INFO - Started process (PID=1247) to work on /home/airflow/.local/lib/python3.8/site-packages/airflow/example_dags/example_branch_python_dop_operator_3.py
[2024-04-05T23:08:03.249+0000] {processor.py:830} INFO - Processing file /home/airflow/.local/lib/python3.8/site-packages/airflow/example_dags/example_branch_python_dop_operator_3.py for tasks to queue
[2024-04-05T23:08:03.252+0000] {logging_mixin.py:188} INFO - [2024-04-05T23:08:03.252+0000] {dagbag.py:540} INFO - Filling up the DagBag from /home/airflow/.local/lib/python3.8/site-packages/airflow/example_dags/example_branch_python_dop_operator_3.py
[2024-04-05T23:08:03.266+0000] {processor.py:840} INFO - DAG(s) 'example_branch_dop_operator_v3' retrieved from /home/airflow/.local/lib/python3.8/site-packages/airflow/example_dags/example_branch_python_dop_operator_3.py
[2024-04-05T23:08:03.296+0000] {logging_mixin.py:188} INFO - [2024-04-05T23:08:03.295+0000] {dag.py:3047} INFO - Sync 1 DAGs
[2024-04-05T23:08:03.334+0000] {logging_mixin.py:188} INFO - [2024-04-05T23:08:03.333+0000] {dag.py:3834} INFO - Setting next_dagrun for example_branch_dop_operator_v3 to 2024-04-05 23:07:00+00:00, run_after=2024-04-05 23:08:00+00:00
[2024-04-05T23:08:03.357+0000] {processor.py:183} INFO - Processing /home/airflow/.local/lib/python3.8/site-packages/airflow/example_dags/example_branch_python_dop_operator_3.py took 0.113 seconds
[2024-04-05T23:08:33.884+0000] {processor.py:161} INFO - Started process (PID=1302) to work on /home/airflow/.local/lib/python3.8/site-packages/airflow/example_dags/example_branch_python_dop_operator_3.py
[2024-04-05T23:08:33.885+0000] {processor.py:830} INFO - Processing file /home/airflow/.local/lib/python3.8/site-packages/airflow/example_dags/example_branch_python_dop_operator_3.py for tasks to queue
[2024-04-05T23:08:33.887+0000] {logging_mixin.py:188} INFO - [2024-04-05T23:08:33.887+0000] {dagbag.py:540} INFO - Filling up the DagBag from /home/airflow/.local/lib/python3.8/site-packages/airflow/example_dags/example_branch_python_dop_operator_3.py
[2024-04-05T23:08:33.897+0000] {processor.py:840} INFO - DAG(s) 'example_branch_dop_operator_v3' retrieved from /home/airflow/.local/lib/python3.8/site-packages/airflow/example_dags/example_branch_python_dop_operator_3.py
[2024-04-05T23:08:33.918+0000] {logging_mixin.py:188} INFO - [2024-04-05T23:08:33.918+0000] {dag.py:3047} INFO - Sync 1 DAGs
[2024-04-05T23:08:33.950+0000] {logging_mixin.py:188} INFO - [2024-04-05T23:08:33.950+0000] {dag.py:3834} INFO - Setting next_dagrun for example_branch_dop_operator_v3 to 2024-04-05 23:07:00+00:00, run_after=2024-04-05 23:08:00+00:00
[2024-04-05T23:08:34.003+0000] {processor.py:183} INFO - Processing /home/airflow/.local/lib/python3.8/site-packages/airflow/example_dags/example_branch_python_dop_operator_3.py took 0.123 seconds
[2024-04-05T23:09:04.491+0000] {processor.py:161} INFO - Started process (PID=1357) to work on /home/airflow/.local/lib/python3.8/site-packages/airflow/example_dags/example_branch_python_dop_operator_3.py
[2024-04-05T23:09:04.493+0000] {processor.py:830} INFO - Processing file /home/airflow/.local/lib/python3.8/site-packages/airflow/example_dags/example_branch_python_dop_operator_3.py for tasks to queue
[2024-04-05T23:09:04.495+0000] {logging_mixin.py:188} INFO - [2024-04-05T23:09:04.495+0000] {dagbag.py:540} INFO - Filling up the DagBag from /home/airflow/.local/lib/python3.8/site-packages/airflow/example_dags/example_branch_python_dop_operator_3.py
[2024-04-05T23:09:04.504+0000] {processor.py:840} INFO - DAG(s) 'example_branch_dop_operator_v3' retrieved from /home/airflow/.local/lib/python3.8/site-packages/airflow/example_dags/example_branch_python_dop_operator_3.py
[2024-04-05T23:09:04.523+0000] {logging_mixin.py:188} INFO - [2024-04-05T23:09:04.523+0000] {dag.py:3047} INFO - Sync 1 DAGs
[2024-04-05T23:09:04.546+0000] {logging_mixin.py:188} INFO - [2024-04-05T23:09:04.546+0000] {dag.py:3834} INFO - Setting next_dagrun for example_branch_dop_operator_v3 to 2024-04-05 23:08:00+00:00, run_after=2024-04-05 23:09:00+00:00
[2024-04-05T23:09:04.604+0000] {processor.py:183} INFO - Processing /home/airflow/.local/lib/python3.8/site-packages/airflow/example_dags/example_branch_python_dop_operator_3.py took 0.117 seconds
[2024-04-05T23:09:34.677+0000] {processor.py:161} INFO - Started process (PID=1412) to work on /home/airflow/.local/lib/python3.8/site-packages/airflow/example_dags/example_branch_python_dop_operator_3.py
[2024-04-05T23:09:34.678+0000] {processor.py:830} INFO - Processing file /home/airflow/.local/lib/python3.8/site-packages/airflow/example_dags/example_branch_python_dop_operator_3.py for tasks to queue
[2024-04-05T23:09:34.681+0000] {logging_mixin.py:188} INFO - [2024-04-05T23:09:34.681+0000] {dagbag.py:540} INFO - Filling up the DagBag from /home/airflow/.local/lib/python3.8/site-packages/airflow/example_dags/example_branch_python_dop_operator_3.py
[2024-04-05T23:09:34.695+0000] {processor.py:840} INFO - DAG(s) 'example_branch_dop_operator_v3' retrieved from /home/airflow/.local/lib/python3.8/site-packages/airflow/example_dags/example_branch_python_dop_operator_3.py
[2024-04-05T23:09:34.718+0000] {logging_mixin.py:188} INFO - [2024-04-05T23:09:34.717+0000] {dag.py:3047} INFO - Sync 1 DAGs
[2024-04-05T23:09:34.753+0000] {logging_mixin.py:188} INFO - [2024-04-05T23:09:34.752+0000] {dag.py:3834} INFO - Setting next_dagrun for example_branch_dop_operator_v3 to 2024-04-05 23:08:00+00:00, run_after=2024-04-05 23:09:00+00:00
[2024-04-05T23:09:34.778+0000] {processor.py:183} INFO - Processing /home/airflow/.local/lib/python3.8/site-packages/airflow/example_dags/example_branch_python_dop_operator_3.py took 0.105 seconds
[2024-04-05T23:10:05.675+0000] {processor.py:161} INFO - Started process (PID=1467) to work on /home/airflow/.local/lib/python3.8/site-packages/airflow/example_dags/example_branch_python_dop_operator_3.py
[2024-04-05T23:10:05.677+0000] {processor.py:830} INFO - Processing file /home/airflow/.local/lib/python3.8/site-packages/airflow/example_dags/example_branch_python_dop_operator_3.py for tasks to queue
[2024-04-05T23:10:05.679+0000] {logging_mixin.py:188} INFO - [2024-04-05T23:10:05.678+0000] {dagbag.py:540} INFO - Filling up the DagBag from /home/airflow/.local/lib/python3.8/site-packages/airflow/example_dags/example_branch_python_dop_operator_3.py
[2024-04-05T23:10:05.689+0000] {processor.py:840} INFO - DAG(s) 'example_branch_dop_operator_v3' retrieved from /home/airflow/.local/lib/python3.8/site-packages/airflow/example_dags/example_branch_python_dop_operator_3.py
[2024-04-05T23:10:05.712+0000] {logging_mixin.py:188} INFO - [2024-04-05T23:10:05.712+0000] {dag.py:3047} INFO - Sync 1 DAGs
[2024-04-05T23:10:05.742+0000] {logging_mixin.py:188} INFO - [2024-04-05T23:10:05.741+0000] {dag.py:3834} INFO - Setting next_dagrun for example_branch_dop_operator_v3 to 2024-04-05 23:09:00+00:00, run_after=2024-04-05 23:10:00+00:00
[2024-04-05T23:10:05.761+0000] {processor.py:183} INFO - Processing /home/airflow/.local/lib/python3.8/site-packages/airflow/example_dags/example_branch_python_dop_operator_3.py took 0.089 seconds
[2024-04-05T23:10:36.267+0000] {processor.py:161} INFO - Started process (PID=1522) to work on /home/airflow/.local/lib/python3.8/site-packages/airflow/example_dags/example_branch_python_dop_operator_3.py
[2024-04-05T23:10:36.268+0000] {processor.py:830} INFO - Processing file /home/airflow/.local/lib/python3.8/site-packages/airflow/example_dags/example_branch_python_dop_operator_3.py for tasks to queue
[2024-04-05T23:10:36.270+0000] {logging_mixin.py:188} INFO - [2024-04-05T23:10:36.270+0000] {dagbag.py:540} INFO - Filling up the DagBag from /home/airflow/.local/lib/python3.8/site-packages/airflow/example_dags/example_branch_python_dop_operator_3.py
[2024-04-05T23:10:36.280+0000] {processor.py:840} INFO - DAG(s) 'example_branch_dop_operator_v3' retrieved from /home/airflow/.local/lib/python3.8/site-packages/airflow/example_dags/example_branch_python_dop_operator_3.py
[2024-04-05T23:10:36.305+0000] {logging_mixin.py:188} INFO - [2024-04-05T23:10:36.305+0000] {dag.py:3047} INFO - Sync 1 DAGs
[2024-04-05T23:10:36.336+0000] {logging_mixin.py:188} INFO - [2024-04-05T23:10:36.335+0000] {dag.py:3834} INFO - Setting next_dagrun for example_branch_dop_operator_v3 to 2024-04-05 23:09:00+00:00, run_after=2024-04-05 23:10:00+00:00
[2024-04-05T23:10:36.360+0000] {processor.py:183} INFO - Processing /home/airflow/.local/lib/python3.8/site-packages/airflow/example_dags/example_branch_python_dop_operator_3.py took 0.098 seconds
[2024-04-05T23:11:06.769+0000] {processor.py:161} INFO - Started process (PID=1577) to work on /home/airflow/.local/lib/python3.8/site-packages/airflow/example_dags/example_branch_python_dop_operator_3.py
[2024-04-05T23:11:06.771+0000] {processor.py:830} INFO - Processing file /home/airflow/.local/lib/python3.8/site-packages/airflow/example_dags/example_branch_python_dop_operator_3.py for tasks to queue
[2024-04-05T23:11:06.774+0000] {logging_mixin.py:188} INFO - [2024-04-05T23:11:06.773+0000] {dagbag.py:540} INFO - Filling up the DagBag from /home/airflow/.local/lib/python3.8/site-packages/airflow/example_dags/example_branch_python_dop_operator_3.py
[2024-04-05T23:11:06.787+0000] {processor.py:840} INFO - DAG(s) 'example_branch_dop_operator_v3' retrieved from /home/airflow/.local/lib/python3.8/site-packages/airflow/example_dags/example_branch_python_dop_operator_3.py
[2024-04-05T23:11:06.815+0000] {logging_mixin.py:188} INFO - [2024-04-05T23:11:06.815+0000] {dag.py:3047} INFO - Sync 1 DAGs
[2024-04-05T23:11:06.847+0000] {logging_mixin.py:188} INFO - [2024-04-05T23:11:06.847+0000] {dag.py:3834} INFO - Setting next_dagrun for example_branch_dop_operator_v3 to 2024-04-05 23:10:00+00:00, run_after=2024-04-05 23:11:00+00:00
[2024-04-05T23:11:06.867+0000] {processor.py:183} INFO - Processing /home/airflow/.local/lib/python3.8/site-packages/airflow/example_dags/example_branch_python_dop_operator_3.py took 0.103 seconds
[2024-04-05T23:11:37.724+0000] {processor.py:161} INFO - Started process (PID=1632) to work on /home/airflow/.local/lib/python3.8/site-packages/airflow/example_dags/example_branch_python_dop_operator_3.py
[2024-04-05T23:11:37.725+0000] {processor.py:830} INFO - Processing file /home/airflow/.local/lib/python3.8/site-packages/airflow/example_dags/example_branch_python_dop_operator_3.py for tasks to queue
[2024-04-05T23:11:37.727+0000] {logging_mixin.py:188} INFO - [2024-04-05T23:11:37.726+0000] {dagbag.py:540} INFO - Filling up the DagBag from /home/airflow/.local/lib/python3.8/site-packages/airflow/example_dags/example_branch_python_dop_operator_3.py
[2024-04-05T23:11:37.737+0000] {processor.py:840} INFO - DAG(s) 'example_branch_dop_operator_v3' retrieved from /home/airflow/.local/lib/python3.8/site-packages/airflow/example_dags/example_branch_python_dop_operator_3.py
[2024-04-05T23:11:37.759+0000] {logging_mixin.py:188} INFO - [2024-04-05T23:11:37.759+0000] {dag.py:3047} INFO - Sync 1 DAGs
[2024-04-05T23:11:37.785+0000] {logging_mixin.py:188} INFO - [2024-04-05T23:11:37.785+0000] {dag.py:3834} INFO - Setting next_dagrun for example_branch_dop_operator_v3 to 2024-04-05 23:10:00+00:00, run_after=2024-04-05 23:11:00+00:00
[2024-04-05T23:11:37.807+0000] {processor.py:183} INFO - Processing /home/airflow/.local/lib/python3.8/site-packages/airflow/example_dags/example_branch_python_dop_operator_3.py took 0.086 seconds
[2024-04-05T23:12:07.999+0000] {processor.py:161} INFO - Started process (PID=1687) to work on /home/airflow/.local/lib/python3.8/site-packages/airflow/example_dags/example_branch_python_dop_operator_3.py
[2024-04-05T23:12:08.000+0000] {processor.py:830} INFO - Processing file /home/airflow/.local/lib/python3.8/site-packages/airflow/example_dags/example_branch_python_dop_operator_3.py for tasks to queue
[2024-04-05T23:12:08.003+0000] {logging_mixin.py:188} INFO - [2024-04-05T23:12:08.002+0000] {dagbag.py:540} INFO - Filling up the DagBag from /home/airflow/.local/lib/python3.8/site-packages/airflow/example_dags/example_branch_python_dop_operator_3.py
[2024-04-05T23:12:08.015+0000] {processor.py:840} INFO - DAG(s) 'example_branch_dop_operator_v3' retrieved from /home/airflow/.local/lib/python3.8/site-packages/airflow/example_dags/example_branch_python_dop_operator_3.py
[2024-04-05T23:12:08.040+0000] {logging_mixin.py:188} INFO - [2024-04-05T23:12:08.040+0000] {dag.py:3047} INFO - Sync 1 DAGs
[2024-04-05T23:12:08.069+0000] {logging_mixin.py:188} INFO - [2024-04-05T23:12:08.069+0000] {dag.py:3834} INFO - Setting next_dagrun for example_branch_dop_operator_v3 to 2024-04-05 23:11:00+00:00, run_after=2024-04-05 23:12:00+00:00
[2024-04-05T23:12:08.089+0000] {processor.py:183} INFO - Processing /home/airflow/.local/lib/python3.8/site-packages/airflow/example_dags/example_branch_python_dop_operator_3.py took 0.095 seconds
[2024-04-05T23:12:39.075+0000] {processor.py:161} INFO - Started process (PID=1742) to work on /home/airflow/.local/lib/python3.8/site-packages/airflow/example_dags/example_branch_python_dop_operator_3.py
[2024-04-05T23:12:39.076+0000] {processor.py:830} INFO - Processing file /home/airflow/.local/lib/python3.8/site-packages/airflow/example_dags/example_branch_python_dop_operator_3.py for tasks to queue
[2024-04-05T23:12:39.079+0000] {logging_mixin.py:188} INFO - [2024-04-05T23:12:39.078+0000] {dagbag.py:540} INFO - Filling up the DagBag from /home/airflow/.local/lib/python3.8/site-packages/airflow/example_dags/example_branch_python_dop_operator_3.py
[2024-04-05T23:12:39.090+0000] {processor.py:840} INFO - DAG(s) 'example_branch_dop_operator_v3' retrieved from /home/airflow/.local/lib/python3.8/site-packages/airflow/example_dags/example_branch_python_dop_operator_3.py
[2024-04-05T23:12:39.114+0000] {logging_mixin.py:188} INFO - [2024-04-05T23:12:39.113+0000] {dag.py:3047} INFO - Sync 1 DAGs
[2024-04-05T23:12:39.143+0000] {logging_mixin.py:188} INFO - [2024-04-05T23:12:39.142+0000] {dag.py:3834} INFO - Setting next_dagrun for example_branch_dop_operator_v3 to 2024-04-05 23:11:00+00:00, run_after=2024-04-05 23:12:00+00:00
[2024-04-05T23:12:39.165+0000] {processor.py:183} INFO - Processing /home/airflow/.local/lib/python3.8/site-packages/airflow/example_dags/example_branch_python_dop_operator_3.py took 0.095 seconds
[2024-04-05T23:13:09.385+0000] {processor.py:161} INFO - Started process (PID=1797) to work on /home/airflow/.local/lib/python3.8/site-packages/airflow/example_dags/example_branch_python_dop_operator_3.py
[2024-04-05T23:13:09.387+0000] {processor.py:830} INFO - Processing file /home/airflow/.local/lib/python3.8/site-packages/airflow/example_dags/example_branch_python_dop_operator_3.py for tasks to queue
[2024-04-05T23:13:09.389+0000] {logging_mixin.py:188} INFO - [2024-04-05T23:13:09.388+0000] {dagbag.py:540} INFO - Filling up the DagBag from /home/airflow/.local/lib/python3.8/site-packages/airflow/example_dags/example_branch_python_dop_operator_3.py
[2024-04-05T23:13:09.400+0000] {processor.py:840} INFO - DAG(s) 'example_branch_dop_operator_v3' retrieved from /home/airflow/.local/lib/python3.8/site-packages/airflow/example_dags/example_branch_python_dop_operator_3.py
[2024-04-05T23:13:09.423+0000] {logging_mixin.py:188} INFO - [2024-04-05T23:13:09.423+0000] {dag.py:3047} INFO - Sync 1 DAGs
[2024-04-05T23:13:09.452+0000] {logging_mixin.py:188} INFO - [2024-04-05T23:13:09.452+0000] {dag.py:3834} INFO - Setting next_dagrun for example_branch_dop_operator_v3 to 2024-04-05 23:12:00+00:00, run_after=2024-04-05 23:13:00+00:00
[2024-04-05T23:13:09.477+0000] {processor.py:183} INFO - Processing /home/airflow/.local/lib/python3.8/site-packages/airflow/example_dags/example_branch_python_dop_operator_3.py took 0.095 seconds
[2024-04-05T23:13:40.203+0000] {processor.py:161} INFO - Started process (PID=1852) to work on /home/airflow/.local/lib/python3.8/site-packages/airflow/example_dags/example_branch_python_dop_operator_3.py
[2024-04-05T23:13:40.205+0000] {processor.py:830} INFO - Processing file /home/airflow/.local/lib/python3.8/site-packages/airflow/example_dags/example_branch_python_dop_operator_3.py for tasks to queue
[2024-04-05T23:13:40.208+0000] {logging_mixin.py:188} INFO - [2024-04-05T23:13:40.208+0000] {dagbag.py:540} INFO - Filling up the DagBag from /home/airflow/.local/lib/python3.8/site-packages/airflow/example_dags/example_branch_python_dop_operator_3.py
[2024-04-05T23:13:40.221+0000] {processor.py:840} INFO - DAG(s) 'example_branch_dop_operator_v3' retrieved from /home/airflow/.local/lib/python3.8/site-packages/airflow/example_dags/example_branch_python_dop_operator_3.py
[2024-04-05T23:13:40.247+0000] {logging_mixin.py:188} INFO - [2024-04-05T23:13:40.246+0000] {dag.py:3047} INFO - Sync 1 DAGs
[2024-04-05T23:13:40.277+0000] {logging_mixin.py:188} INFO - [2024-04-05T23:13:40.276+0000] {dag.py:3834} INFO - Setting next_dagrun for example_branch_dop_operator_v3 to 2024-04-05 23:12:00+00:00, run_after=2024-04-05 23:13:00+00:00
[2024-04-05T23:13:40.297+0000] {processor.py:183} INFO - Processing /home/airflow/.local/lib/python3.8/site-packages/airflow/example_dags/example_branch_python_dop_operator_3.py took 0.100 seconds
[2024-04-05T23:14:10.451+0000] {processor.py:161} INFO - Started process (PID=1907) to work on /home/airflow/.local/lib/python3.8/site-packages/airflow/example_dags/example_branch_python_dop_operator_3.py
[2024-04-05T23:14:10.452+0000] {processor.py:830} INFO - Processing file /home/airflow/.local/lib/python3.8/site-packages/airflow/example_dags/example_branch_python_dop_operator_3.py for tasks to queue
[2024-04-05T23:14:10.454+0000] {logging_mixin.py:188} INFO - [2024-04-05T23:14:10.453+0000] {dagbag.py:540} INFO - Filling up the DagBag from /home/airflow/.local/lib/python3.8/site-packages/airflow/example_dags/example_branch_python_dop_operator_3.py
[2024-04-05T23:14:10.462+0000] {processor.py:840} INFO - DAG(s) 'example_branch_dop_operator_v3' retrieved from /home/airflow/.local/lib/python3.8/site-packages/airflow/example_dags/example_branch_python_dop_operator_3.py
[2024-04-05T23:14:10.488+0000] {logging_mixin.py:188} INFO - [2024-04-05T23:14:10.487+0000] {dag.py:3047} INFO - Sync 1 DAGs
[2024-04-05T23:14:10.513+0000] {logging_mixin.py:188} INFO - [2024-04-05T23:14:10.513+0000] {dag.py:3834} INFO - Setting next_dagrun for example_branch_dop_operator_v3 to 2024-04-05 23:13:00+00:00, run_after=2024-04-05 23:14:00+00:00
[2024-04-05T23:14:10.578+0000] {processor.py:183} INFO - Processing /home/airflow/.local/lib/python3.8/site-packages/airflow/example_dags/example_branch_python_dop_operator_3.py took 0.131 seconds
[2024-04-05T23:14:41.081+0000] {processor.py:161} INFO - Started process (PID=1962) to work on /home/airflow/.local/lib/python3.8/site-packages/airflow/example_dags/example_branch_python_dop_operator_3.py
[2024-04-05T23:14:41.082+0000] {processor.py:830} INFO - Processing file /home/airflow/.local/lib/python3.8/site-packages/airflow/example_dags/example_branch_python_dop_operator_3.py for tasks to queue
[2024-04-05T23:14:41.084+0000] {logging_mixin.py:188} INFO - [2024-04-05T23:14:41.084+0000] {dagbag.py:540} INFO - Filling up the DagBag from /home/airflow/.local/lib/python3.8/site-packages/airflow/example_dags/example_branch_python_dop_operator_3.py
[2024-04-05T23:14:41.095+0000] {processor.py:840} INFO - DAG(s) 'example_branch_dop_operator_v3' retrieved from /home/airflow/.local/lib/python3.8/site-packages/airflow/example_dags/example_branch_python_dop_operator_3.py
[2024-04-05T23:14:41.116+0000] {logging_mixin.py:188} INFO - [2024-04-05T23:14:41.116+0000] {dag.py:3047} INFO - Sync 1 DAGs
[2024-04-05T23:14:41.142+0000] {logging_mixin.py:188} INFO - [2024-04-05T23:14:41.141+0000] {dag.py:3834} INFO - Setting next_dagrun for example_branch_dop_operator_v3 to 2024-04-05 23:13:00+00:00, run_after=2024-04-05 23:14:00+00:00
[2024-04-05T23:14:41.214+0000] {processor.py:183} INFO - Processing /home/airflow/.local/lib/python3.8/site-packages/airflow/example_dags/example_branch_python_dop_operator_3.py took 0.137 seconds
[2024-04-05T23:15:11.273+0000] {processor.py:161} INFO - Started process (PID=2017) to work on /home/airflow/.local/lib/python3.8/site-packages/airflow/example_dags/example_branch_python_dop_operator_3.py
[2024-04-05T23:15:11.275+0000] {processor.py:830} INFO - Processing file /home/airflow/.local/lib/python3.8/site-packages/airflow/example_dags/example_branch_python_dop_operator_3.py for tasks to queue
[2024-04-05T23:15:11.278+0000] {logging_mixin.py:188} INFO - [2024-04-05T23:15:11.278+0000] {dagbag.py:540} INFO - Filling up the DagBag from /home/airflow/.local/lib/python3.8/site-packages/airflow/example_dags/example_branch_python_dop_operator_3.py
[2024-04-05T23:15:11.289+0000] {processor.py:840} INFO - DAG(s) 'example_branch_dop_operator_v3' retrieved from /home/airflow/.local/lib/python3.8/site-packages/airflow/example_dags/example_branch_python_dop_operator_3.py
[2024-04-05T23:15:11.309+0000] {logging_mixin.py:188} INFO - [2024-04-05T23:15:11.309+0000] {dag.py:3047} INFO - Sync 1 DAGs
[2024-04-05T23:15:11.339+0000] {logging_mixin.py:188} INFO - [2024-04-05T23:15:11.339+0000] {dag.py:3834} INFO - Setting next_dagrun for example_branch_dop_operator_v3 to 2024-04-05 23:14:00+00:00, run_after=2024-04-05 23:15:00+00:00
[2024-04-05T23:15:11.401+0000] {processor.py:183} INFO - Processing /home/airflow/.local/lib/python3.8/site-packages/airflow/example_dags/example_branch_python_dop_operator_3.py took 0.132 seconds
[2024-04-05T23:15:41.454+0000] {processor.py:161} INFO - Started process (PID=2072) to work on /home/airflow/.local/lib/python3.8/site-packages/airflow/example_dags/example_branch_python_dop_operator_3.py
[2024-04-05T23:15:41.455+0000] {processor.py:830} INFO - Processing file /home/airflow/.local/lib/python3.8/site-packages/airflow/example_dags/example_branch_python_dop_operator_3.py for tasks to queue
[2024-04-05T23:15:41.458+0000] {logging_mixin.py:188} INFO - [2024-04-05T23:15:41.458+0000] {dagbag.py:540} INFO - Filling up the DagBag from /home/airflow/.local/lib/python3.8/site-packages/airflow/example_dags/example_branch_python_dop_operator_3.py
[2024-04-05T23:15:41.468+0000] {processor.py:840} INFO - DAG(s) 'example_branch_dop_operator_v3' retrieved from /home/airflow/.local/lib/python3.8/site-packages/airflow/example_dags/example_branch_python_dop_operator_3.py
[2024-04-05T23:15:41.491+0000] {logging_mixin.py:188} INFO - [2024-04-05T23:15:41.490+0000] {dag.py:3047} INFO - Sync 1 DAGs
[2024-04-05T23:15:41.522+0000] {logging_mixin.py:188} INFO - [2024-04-05T23:15:41.522+0000] {dag.py:3834} INFO - Setting next_dagrun for example_branch_dop_operator_v3 to 2024-04-05 23:14:00+00:00, run_after=2024-04-05 23:15:00+00:00
[2024-04-05T23:15:41.577+0000] {processor.py:183} INFO - Processing /home/airflow/.local/lib/python3.8/site-packages/airflow/example_dags/example_branch_python_dop_operator_3.py took 0.128 seconds
[2024-04-05T23:16:11.668+0000] {processor.py:161} INFO - Started process (PID=2127) to work on /home/airflow/.local/lib/python3.8/site-packages/airflow/example_dags/example_branch_python_dop_operator_3.py
[2024-04-05T23:16:11.669+0000] {processor.py:830} INFO - Processing file /home/airflow/.local/lib/python3.8/site-packages/airflow/example_dags/example_branch_python_dop_operator_3.py for tasks to queue
[2024-04-05T23:16:11.672+0000] {logging_mixin.py:188} INFO - [2024-04-05T23:16:11.671+0000] {dagbag.py:540} INFO - Filling up the DagBag from /home/airflow/.local/lib/python3.8/site-packages/airflow/example_dags/example_branch_python_dop_operator_3.py
[2024-04-05T23:16:11.684+0000] {processor.py:840} INFO - DAG(s) 'example_branch_dop_operator_v3' retrieved from /home/airflow/.local/lib/python3.8/site-packages/airflow/example_dags/example_branch_python_dop_operator_3.py
[2024-04-05T23:16:11.706+0000] {logging_mixin.py:188} INFO - [2024-04-05T23:16:11.705+0000] {dag.py:3047} INFO - Sync 1 DAGs
[2024-04-05T23:16:11.737+0000] {logging_mixin.py:188} INFO - [2024-04-05T23:16:11.737+0000] {dag.py:3834} INFO - Setting next_dagrun for example_branch_dop_operator_v3 to 2024-04-05 23:15:00+00:00, run_after=2024-04-05 23:16:00+00:00
[2024-04-05T23:16:11.798+0000] {processor.py:183} INFO - Processing /home/airflow/.local/lib/python3.8/site-packages/airflow/example_dags/example_branch_python_dop_operator_3.py took 0.137 seconds
[2024-04-05T23:16:42.885+0000] {processor.py:161} INFO - Started process (PID=2182) to work on /home/airflow/.local/lib/python3.8/site-packages/airflow/example_dags/example_branch_python_dop_operator_3.py
[2024-04-05T23:16:42.887+0000] {processor.py:830} INFO - Processing file /home/airflow/.local/lib/python3.8/site-packages/airflow/example_dags/example_branch_python_dop_operator_3.py for tasks to queue
[2024-04-05T23:16:42.889+0000] {logging_mixin.py:188} INFO - [2024-04-05T23:16:42.889+0000] {dagbag.py:540} INFO - Filling up the DagBag from /home/airflow/.local/lib/python3.8/site-packages/airflow/example_dags/example_branch_python_dop_operator_3.py
[2024-04-05T23:16:42.898+0000] {processor.py:840} INFO - DAG(s) 'example_branch_dop_operator_v3' retrieved from /home/airflow/.local/lib/python3.8/site-packages/airflow/example_dags/example_branch_python_dop_operator_3.py
[2024-04-05T23:16:42.918+0000] {logging_mixin.py:188} INFO - [2024-04-05T23:16:42.917+0000] {dag.py:3047} INFO - Sync 1 DAGs
[2024-04-05T23:16:42.942+0000] {logging_mixin.py:188} INFO - [2024-04-05T23:16:42.942+0000] {dag.py:3834} INFO - Setting next_dagrun for example_branch_dop_operator_v3 to 2024-04-05 23:15:00+00:00, run_after=2024-04-05 23:16:00+00:00
[2024-04-05T23:16:43.005+0000] {processor.py:183} INFO - Processing /home/airflow/.local/lib/python3.8/site-packages/airflow/example_dags/example_branch_python_dop_operator_3.py took 0.123 seconds
[2024-04-05T23:17:13.715+0000] {processor.py:161} INFO - Started process (PID=2237) to work on /home/airflow/.local/lib/python3.8/site-packages/airflow/example_dags/example_branch_python_dop_operator_3.py
[2024-04-05T23:17:13.716+0000] {processor.py:830} INFO - Processing file /home/airflow/.local/lib/python3.8/site-packages/airflow/example_dags/example_branch_python_dop_operator_3.py for tasks to queue
[2024-04-05T23:17:13.719+0000] {logging_mixin.py:188} INFO - [2024-04-05T23:17:13.719+0000] {dagbag.py:540} INFO - Filling up the DagBag from /home/airflow/.local/lib/python3.8/site-packages/airflow/example_dags/example_branch_python_dop_operator_3.py
[2024-04-05T23:17:13.729+0000] {processor.py:840} INFO - DAG(s) 'example_branch_dop_operator_v3' retrieved from /home/airflow/.local/lib/python3.8/site-packages/airflow/example_dags/example_branch_python_dop_operator_3.py
[2024-04-05T23:17:13.753+0000] {logging_mixin.py:188} INFO - [2024-04-05T23:17:13.753+0000] {dag.py:3047} INFO - Sync 1 DAGs
[2024-04-05T23:17:13.779+0000] {logging_mixin.py:188} INFO - [2024-04-05T23:17:13.778+0000] {dag.py:3834} INFO - Setting next_dagrun for example_branch_dop_operator_v3 to 2024-04-05 23:16:00+00:00, run_after=2024-04-05 23:17:00+00:00
[2024-04-05T23:17:13.799+0000] {processor.py:183} INFO - Processing /home/airflow/.local/lib/python3.8/site-packages/airflow/example_dags/example_branch_python_dop_operator_3.py took 0.088 seconds
[2024-04-05T23:17:44.871+0000] {processor.py:161} INFO - Started process (PID=2292) to work on /home/airflow/.local/lib/python3.8/site-packages/airflow/example_dags/example_branch_python_dop_operator_3.py
[2024-04-05T23:17:44.873+0000] {processor.py:830} INFO - Processing file /home/airflow/.local/lib/python3.8/site-packages/airflow/example_dags/example_branch_python_dop_operator_3.py for tasks to queue
[2024-04-05T23:17:44.875+0000] {logging_mixin.py:188} INFO - [2024-04-05T23:17:44.875+0000] {dagbag.py:540} INFO - Filling up the DagBag from /home/airflow/.local/lib/python3.8/site-packages/airflow/example_dags/example_branch_python_dop_operator_3.py
[2024-04-05T23:17:44.885+0000] {processor.py:840} INFO - DAG(s) 'example_branch_dop_operator_v3' retrieved from /home/airflow/.local/lib/python3.8/site-packages/airflow/example_dags/example_branch_python_dop_operator_3.py
[2024-04-05T23:17:44.907+0000] {logging_mixin.py:188} INFO - [2024-04-05T23:17:44.907+0000] {dag.py:3047} INFO - Sync 1 DAGs
[2024-04-05T23:17:44.935+0000] {logging_mixin.py:188} INFO - [2024-04-05T23:17:44.935+0000] {dag.py:3834} INFO - Setting next_dagrun for example_branch_dop_operator_v3 to 2024-04-05 23:16:00+00:00, run_after=2024-04-05 23:17:00+00:00
[2024-04-05T23:17:44.955+0000] {processor.py:183} INFO - Processing /home/airflow/.local/lib/python3.8/site-packages/airflow/example_dags/example_branch_python_dop_operator_3.py took 0.087 seconds
[2024-04-05T23:18:15.134+0000] {processor.py:161} INFO - Started process (PID=2347) to work on /home/airflow/.local/lib/python3.8/site-packages/airflow/example_dags/example_branch_python_dop_operator_3.py
[2024-04-05T23:18:15.135+0000] {processor.py:830} INFO - Processing file /home/airflow/.local/lib/python3.8/site-packages/airflow/example_dags/example_branch_python_dop_operator_3.py for tasks to queue
[2024-04-05T23:18:15.137+0000] {logging_mixin.py:188} INFO - [2024-04-05T23:18:15.137+0000] {dagbag.py:540} INFO - Filling up the DagBag from /home/airflow/.local/lib/python3.8/site-packages/airflow/example_dags/example_branch_python_dop_operator_3.py
[2024-04-05T23:18:15.146+0000] {processor.py:840} INFO - DAG(s) 'example_branch_dop_operator_v3' retrieved from /home/airflow/.local/lib/python3.8/site-packages/airflow/example_dags/example_branch_python_dop_operator_3.py
[2024-04-05T23:18:15.166+0000] {logging_mixin.py:188} INFO - [2024-04-05T23:18:15.166+0000] {dag.py:3047} INFO - Sync 1 DAGs
[2024-04-05T23:18:15.191+0000] {logging_mixin.py:188} INFO - [2024-04-05T23:18:15.191+0000] {dag.py:3834} INFO - Setting next_dagrun for example_branch_dop_operator_v3 to 2024-04-05 23:17:00+00:00, run_after=2024-04-05 23:18:00+00:00
[2024-04-05T23:18:15.253+0000] {processor.py:183} INFO - Processing /home/airflow/.local/lib/python3.8/site-packages/airflow/example_dags/example_branch_python_dop_operator_3.py took 0.122 seconds
[2024-04-05T23:18:46.003+0000] {processor.py:161} INFO - Started process (PID=2402) to work on /home/airflow/.local/lib/python3.8/site-packages/airflow/example_dags/example_branch_python_dop_operator_3.py
[2024-04-05T23:18:46.005+0000] {processor.py:830} INFO - Processing file /home/airflow/.local/lib/python3.8/site-packages/airflow/example_dags/example_branch_python_dop_operator_3.py for tasks to queue
[2024-04-05T23:18:46.007+0000] {logging_mixin.py:188} INFO - [2024-04-05T23:18:46.007+0000] {dagbag.py:540} INFO - Filling up the DagBag from /home/airflow/.local/lib/python3.8/site-packages/airflow/example_dags/example_branch_python_dop_operator_3.py
[2024-04-05T23:18:46.016+0000] {processor.py:840} INFO - DAG(s) 'example_branch_dop_operator_v3' retrieved from /home/airflow/.local/lib/python3.8/site-packages/airflow/example_dags/example_branch_python_dop_operator_3.py
[2024-04-05T23:18:46.038+0000] {logging_mixin.py:188} INFO - [2024-04-05T23:18:46.038+0000] {dag.py:3047} INFO - Sync 1 DAGs
[2024-04-05T23:18:46.065+0000] {logging_mixin.py:188} INFO - [2024-04-05T23:18:46.065+0000] {dag.py:3834} INFO - Setting next_dagrun for example_branch_dop_operator_v3 to 2024-04-05 23:17:00+00:00, run_after=2024-04-05 23:18:00+00:00
[2024-04-05T23:18:46.124+0000] {processor.py:183} INFO - Processing /home/airflow/.local/lib/python3.8/site-packages/airflow/example_dags/example_branch_python_dop_operator_3.py took 0.125 seconds
[2024-04-05T23:19:16.282+0000] {processor.py:161} INFO - Started process (PID=2457) to work on /home/airflow/.local/lib/python3.8/site-packages/airflow/example_dags/example_branch_python_dop_operator_3.py
[2024-04-05T23:19:16.314+0000] {processor.py:830} INFO - Processing file /home/airflow/.local/lib/python3.8/site-packages/airflow/example_dags/example_branch_python_dop_operator_3.py for tasks to queue
[2024-04-05T23:19:16.320+0000] {logging_mixin.py:188} INFO - [2024-04-05T23:19:16.319+0000] {dagbag.py:540} INFO - Filling up the DagBag from /home/airflow/.local/lib/python3.8/site-packages/airflow/example_dags/example_branch_python_dop_operator_3.py
[2024-04-05T23:19:16.333+0000] {processor.py:840} INFO - DAG(s) 'example_branch_dop_operator_v3' retrieved from /home/airflow/.local/lib/python3.8/site-packages/airflow/example_dags/example_branch_python_dop_operator_3.py
[2024-04-05T23:19:16.359+0000] {logging_mixin.py:188} INFO - [2024-04-05T23:19:16.358+0000] {dag.py:3047} INFO - Sync 1 DAGs
[2024-04-05T23:19:16.386+0000] {logging_mixin.py:188} INFO - [2024-04-05T23:19:16.385+0000] {dag.py:3834} INFO - Setting next_dagrun for example_branch_dop_operator_v3 to 2024-04-05 23:18:00+00:00, run_after=2024-04-05 23:19:00+00:00
[2024-04-05T23:19:16.409+0000] {processor.py:183} INFO - Processing /home/airflow/.local/lib/python3.8/site-packages/airflow/example_dags/example_branch_python_dop_operator_3.py took 0.132 seconds
[2024-04-05T23:19:46.763+0000] {processor.py:161} INFO - Started process (PID=2512) to work on /home/airflow/.local/lib/python3.8/site-packages/airflow/example_dags/example_branch_python_dop_operator_3.py
[2024-04-05T23:19:46.765+0000] {processor.py:830} INFO - Processing file /home/airflow/.local/lib/python3.8/site-packages/airflow/example_dags/example_branch_python_dop_operator_3.py for tasks to queue
[2024-04-05T23:19:46.767+0000] {logging_mixin.py:188} INFO - [2024-04-05T23:19:46.767+0000] {dagbag.py:540} INFO - Filling up the DagBag from /home/airflow/.local/lib/python3.8/site-packages/airflow/example_dags/example_branch_python_dop_operator_3.py
[2024-04-05T23:19:46.776+0000] {processor.py:840} INFO - DAG(s) 'example_branch_dop_operator_v3' retrieved from /home/airflow/.local/lib/python3.8/site-packages/airflow/example_dags/example_branch_python_dop_operator_3.py
[2024-04-05T23:19:46.800+0000] {logging_mixin.py:188} INFO - [2024-04-05T23:19:46.799+0000] {dag.py:3047} INFO - Sync 1 DAGs
[2024-04-05T23:19:46.828+0000] {logging_mixin.py:188} INFO - [2024-04-05T23:19:46.828+0000] {dag.py:3834} INFO - Setting next_dagrun for example_branch_dop_operator_v3 to 2024-04-05 23:18:00+00:00, run_after=2024-04-05 23:19:00+00:00
[2024-04-05T23:19:46.888+0000] {processor.py:183} INFO - Processing /home/airflow/.local/lib/python3.8/site-packages/airflow/example_dags/example_branch_python_dop_operator_3.py took 0.128 seconds
[2024-04-05T23:20:17.410+0000] {processor.py:161} INFO - Started process (PID=2567) to work on /home/airflow/.local/lib/python3.8/site-packages/airflow/example_dags/example_branch_python_dop_operator_3.py
[2024-04-05T23:20:17.412+0000] {processor.py:830} INFO - Processing file /home/airflow/.local/lib/python3.8/site-packages/airflow/example_dags/example_branch_python_dop_operator_3.py for tasks to queue
[2024-04-05T23:20:17.414+0000] {logging_mixin.py:188} INFO - [2024-04-05T23:20:17.414+0000] {dagbag.py:540} INFO - Filling up the DagBag from /home/airflow/.local/lib/python3.8/site-packages/airflow/example_dags/example_branch_python_dop_operator_3.py
[2024-04-05T23:20:17.425+0000] {processor.py:840} INFO - DAG(s) 'example_branch_dop_operator_v3' retrieved from /home/airflow/.local/lib/python3.8/site-packages/airflow/example_dags/example_branch_python_dop_operator_3.py
[2024-04-05T23:20:17.449+0000] {logging_mixin.py:188} INFO - [2024-04-05T23:20:17.448+0000] {dag.py:3047} INFO - Sync 1 DAGs
[2024-04-05T23:20:17.477+0000] {logging_mixin.py:188} INFO - [2024-04-05T23:20:17.477+0000] {dag.py:3834} INFO - Setting next_dagrun for example_branch_dop_operator_v3 to 2024-04-05 23:19:00+00:00, run_after=2024-04-05 23:20:00+00:00
[2024-04-05T23:20:17.494+0000] {processor.py:183} INFO - Processing /home/airflow/.local/lib/python3.8/site-packages/airflow/example_dags/example_branch_python_dop_operator_3.py took 0.087 seconds
[2024-04-05T23:20:47.964+0000] {processor.py:161} INFO - Started process (PID=2622) to work on /home/airflow/.local/lib/python3.8/site-packages/airflow/example_dags/example_branch_python_dop_operator_3.py
[2024-04-05T23:20:47.965+0000] {processor.py:830} INFO - Processing file /home/airflow/.local/lib/python3.8/site-packages/airflow/example_dags/example_branch_python_dop_operator_3.py for tasks to queue
[2024-04-05T23:20:47.967+0000] {logging_mixin.py:188} INFO - [2024-04-05T23:20:47.967+0000] {dagbag.py:540} INFO - Filling up the DagBag from /home/airflow/.local/lib/python3.8/site-packages/airflow/example_dags/example_branch_python_dop_operator_3.py
[2024-04-05T23:20:47.979+0000] {processor.py:840} INFO - DAG(s) 'example_branch_dop_operator_v3' retrieved from /home/airflow/.local/lib/python3.8/site-packages/airflow/example_dags/example_branch_python_dop_operator_3.py
[2024-04-05T23:20:48.003+0000] {logging_mixin.py:188} INFO - [2024-04-05T23:20:48.002+0000] {dag.py:3047} INFO - Sync 1 DAGs
[2024-04-05T23:20:48.028+0000] {logging_mixin.py:188} INFO - [2024-04-05T23:20:48.028+0000] {dag.py:3834} INFO - Setting next_dagrun for example_branch_dop_operator_v3 to 2024-04-05 23:19:00+00:00, run_after=2024-04-05 23:20:00+00:00
[2024-04-05T23:20:48.080+0000] {processor.py:183} INFO - Processing /home/airflow/.local/lib/python3.8/site-packages/airflow/example_dags/example_branch_python_dop_operator_3.py took 0.120 seconds
[2024-04-05T23:21:18.546+0000] {processor.py:161} INFO - Started process (PID=2677) to work on /home/airflow/.local/lib/python3.8/site-packages/airflow/example_dags/example_branch_python_dop_operator_3.py
[2024-04-05T23:21:18.548+0000] {processor.py:830} INFO - Processing file /home/airflow/.local/lib/python3.8/site-packages/airflow/example_dags/example_branch_python_dop_operator_3.py for tasks to queue
[2024-04-05T23:21:18.550+0000] {logging_mixin.py:188} INFO - [2024-04-05T23:21:18.550+0000] {dagbag.py:540} INFO - Filling up the DagBag from /home/airflow/.local/lib/python3.8/site-packages/airflow/example_dags/example_branch_python_dop_operator_3.py
[2024-04-05T23:21:18.561+0000] {processor.py:840} INFO - DAG(s) 'example_branch_dop_operator_v3' retrieved from /home/airflow/.local/lib/python3.8/site-packages/airflow/example_dags/example_branch_python_dop_operator_3.py
[2024-04-05T23:21:18.586+0000] {logging_mixin.py:188} INFO - [2024-04-05T23:21:18.585+0000] {dag.py:3047} INFO - Sync 1 DAGs
[2024-04-05T23:21:18.624+0000] {logging_mixin.py:188} INFO - [2024-04-05T23:21:18.623+0000] {dag.py:3834} INFO - Setting next_dagrun for example_branch_dop_operator_v3 to 2024-04-05 23:20:00+00:00, run_after=2024-04-05 23:21:00+00:00
[2024-04-05T23:21:18.685+0000] {processor.py:183} INFO - Processing /home/airflow/.local/lib/python3.8/site-packages/airflow/example_dags/example_branch_python_dop_operator_3.py took 0.143 seconds
[2024-04-05T23:21:49.387+0000] {processor.py:161} INFO - Started process (PID=2732) to work on /home/airflow/.local/lib/python3.8/site-packages/airflow/example_dags/example_branch_python_dop_operator_3.py
[2024-04-05T23:21:49.388+0000] {processor.py:830} INFO - Processing file /home/airflow/.local/lib/python3.8/site-packages/airflow/example_dags/example_branch_python_dop_operator_3.py for tasks to queue
[2024-04-05T23:21:49.391+0000] {logging_mixin.py:188} INFO - [2024-04-05T23:21:49.390+0000] {dagbag.py:540} INFO - Filling up the DagBag from /home/airflow/.local/lib/python3.8/site-packages/airflow/example_dags/example_branch_python_dop_operator_3.py
[2024-04-05T23:21:49.402+0000] {processor.py:840} INFO - DAG(s) 'example_branch_dop_operator_v3' retrieved from /home/airflow/.local/lib/python3.8/site-packages/airflow/example_dags/example_branch_python_dop_operator_3.py
[2024-04-05T23:21:49.423+0000] {logging_mixin.py:188} INFO - [2024-04-05T23:21:49.423+0000] {dag.py:3047} INFO - Sync 1 DAGs
[2024-04-05T23:21:49.451+0000] {logging_mixin.py:188} INFO - [2024-04-05T23:21:49.451+0000] {dag.py:3834} INFO - Setting next_dagrun for example_branch_dop_operator_v3 to 2024-04-05 23:20:00+00:00, run_after=2024-04-05 23:21:00+00:00
[2024-04-05T23:21:49.511+0000] {processor.py:183} INFO - Processing /home/airflow/.local/lib/python3.8/site-packages/airflow/example_dags/example_branch_python_dop_operator_3.py took 0.129 seconds
[2024-04-05T23:22:19.904+0000] {processor.py:161} INFO - Started process (PID=2786) to work on /home/airflow/.local/lib/python3.8/site-packages/airflow/example_dags/example_branch_python_dop_operator_3.py
[2024-04-05T23:22:19.906+0000] {processor.py:830} INFO - Processing file /home/airflow/.local/lib/python3.8/site-packages/airflow/example_dags/example_branch_python_dop_operator_3.py for tasks to queue
[2024-04-05T23:22:19.908+0000] {logging_mixin.py:188} INFO - [2024-04-05T23:22:19.908+0000] {dagbag.py:540} INFO - Filling up the DagBag from /home/airflow/.local/lib/python3.8/site-packages/airflow/example_dags/example_branch_python_dop_operator_3.py
[2024-04-05T23:22:19.918+0000] {processor.py:840} INFO - DAG(s) 'example_branch_dop_operator_v3' retrieved from /home/airflow/.local/lib/python3.8/site-packages/airflow/example_dags/example_branch_python_dop_operator_3.py
[2024-04-05T23:22:19.939+0000] {logging_mixin.py:188} INFO - [2024-04-05T23:22:19.939+0000] {dag.py:3047} INFO - Sync 1 DAGs
[2024-04-05T23:22:19.964+0000] {logging_mixin.py:188} INFO - [2024-04-05T23:22:19.964+0000] {dag.py:3834} INFO - Setting next_dagrun for example_branch_dop_operator_v3 to 2024-04-05 23:21:00+00:00, run_after=2024-04-05 23:22:00+00:00
[2024-04-05T23:22:19.982+0000] {processor.py:183} INFO - Processing /home/airflow/.local/lib/python3.8/site-packages/airflow/example_dags/example_branch_python_dop_operator_3.py took 0.081 seconds
[2024-04-05T23:22:50.054+0000] {processor.py:161} INFO - Started process (PID=2841) to work on /home/airflow/.local/lib/python3.8/site-packages/airflow/example_dags/example_branch_python_dop_operator_3.py
[2024-04-05T23:22:50.055+0000] {processor.py:830} INFO - Processing file /home/airflow/.local/lib/python3.8/site-packages/airflow/example_dags/example_branch_python_dop_operator_3.py for tasks to queue
[2024-04-05T23:22:50.057+0000] {logging_mixin.py:188} INFO - [2024-04-05T23:22:50.057+0000] {dagbag.py:540} INFO - Filling up the DagBag from /home/airflow/.local/lib/python3.8/site-packages/airflow/example_dags/example_branch_python_dop_operator_3.py
[2024-04-05T23:22:50.071+0000] {processor.py:840} INFO - DAG(s) 'example_branch_dop_operator_v3' retrieved from /home/airflow/.local/lib/python3.8/site-packages/airflow/example_dags/example_branch_python_dop_operator_3.py
[2024-04-05T23:22:50.100+0000] {logging_mixin.py:188} INFO - [2024-04-05T23:22:50.100+0000] {dag.py:3047} INFO - Sync 1 DAGs
[2024-04-05T23:22:50.132+0000] {logging_mixin.py:188} INFO - [2024-04-05T23:22:50.132+0000] {dag.py:3834} INFO - Setting next_dagrun for example_branch_dop_operator_v3 to 2024-04-05 23:21:00+00:00, run_after=2024-04-05 23:22:00+00:00
[2024-04-05T23:22:50.154+0000] {processor.py:183} INFO - Processing /home/airflow/.local/lib/python3.8/site-packages/airflow/example_dags/example_branch_python_dop_operator_3.py took 0.106 seconds
[2024-04-05T23:23:20.294+0000] {processor.py:161} INFO - Started process (PID=2896) to work on /home/airflow/.local/lib/python3.8/site-packages/airflow/example_dags/example_branch_python_dop_operator_3.py
[2024-04-05T23:23:20.295+0000] {processor.py:830} INFO - Processing file /home/airflow/.local/lib/python3.8/site-packages/airflow/example_dags/example_branch_python_dop_operator_3.py for tasks to queue
[2024-04-05T23:23:20.298+0000] {logging_mixin.py:188} INFO - [2024-04-05T23:23:20.297+0000] {dagbag.py:540} INFO - Filling up the DagBag from /home/airflow/.local/lib/python3.8/site-packages/airflow/example_dags/example_branch_python_dop_operator_3.py
[2024-04-05T23:23:20.307+0000] {processor.py:840} INFO - DAG(s) 'example_branch_dop_operator_v3' retrieved from /home/airflow/.local/lib/python3.8/site-packages/airflow/example_dags/example_branch_python_dop_operator_3.py
[2024-04-05T23:23:20.331+0000] {logging_mixin.py:188} INFO - [2024-04-05T23:23:20.331+0000] {dag.py:3047} INFO - Sync 1 DAGs
[2024-04-05T23:23:20.360+0000] {logging_mixin.py:188} INFO - [2024-04-05T23:23:20.360+0000] {dag.py:3834} INFO - Setting next_dagrun for example_branch_dop_operator_v3 to 2024-04-05 23:22:00+00:00, run_after=2024-04-05 23:23:00+00:00
[2024-04-05T23:23:20.379+0000] {processor.py:183} INFO - Processing /home/airflow/.local/lib/python3.8/site-packages/airflow/example_dags/example_branch_python_dop_operator_3.py took 0.088 seconds
[2024-04-05T23:23:50.980+0000] {processor.py:161} INFO - Started process (PID=2951) to work on /home/airflow/.local/lib/python3.8/site-packages/airflow/example_dags/example_branch_python_dop_operator_3.py
[2024-04-05T23:23:50.981+0000] {processor.py:830} INFO - Processing file /home/airflow/.local/lib/python3.8/site-packages/airflow/example_dags/example_branch_python_dop_operator_3.py for tasks to queue
[2024-04-05T23:23:50.983+0000] {logging_mixin.py:188} INFO - [2024-04-05T23:23:50.983+0000] {dagbag.py:540} INFO - Filling up the DagBag from /home/airflow/.local/lib/python3.8/site-packages/airflow/example_dags/example_branch_python_dop_operator_3.py
[2024-04-05T23:23:50.994+0000] {processor.py:840} INFO - DAG(s) 'example_branch_dop_operator_v3' retrieved from /home/airflow/.local/lib/python3.8/site-packages/airflow/example_dags/example_branch_python_dop_operator_3.py
[2024-04-05T23:23:51.018+0000] {logging_mixin.py:188} INFO - [2024-04-05T23:23:51.017+0000] {dag.py:3047} INFO - Sync 1 DAGs
[2024-04-05T23:23:51.044+0000] {logging_mixin.py:188} INFO - [2024-04-05T23:23:51.044+0000] {dag.py:3834} INFO - Setting next_dagrun for example_branch_dop_operator_v3 to 2024-04-05 23:22:00+00:00, run_after=2024-04-05 23:23:00+00:00
[2024-04-05T23:23:51.062+0000] {processor.py:183} INFO - Processing /home/airflow/.local/lib/python3.8/site-packages/airflow/example_dags/example_branch_python_dop_operator_3.py took 0.086 seconds
[2024-04-05T23:24:21.476+0000] {processor.py:161} INFO - Started process (PID=3007) to work on /home/airflow/.local/lib/python3.8/site-packages/airflow/example_dags/example_branch_python_dop_operator_3.py
[2024-04-05T23:24:21.477+0000] {processor.py:830} INFO - Processing file /home/airflow/.local/lib/python3.8/site-packages/airflow/example_dags/example_branch_python_dop_operator_3.py for tasks to queue
[2024-04-05T23:24:21.480+0000] {logging_mixin.py:188} INFO - [2024-04-05T23:24:21.479+0000] {dagbag.py:540} INFO - Filling up the DagBag from /home/airflow/.local/lib/python3.8/site-packages/airflow/example_dags/example_branch_python_dop_operator_3.py
[2024-04-05T23:24:21.488+0000] {processor.py:840} INFO - DAG(s) 'example_branch_dop_operator_v3' retrieved from /home/airflow/.local/lib/python3.8/site-packages/airflow/example_dags/example_branch_python_dop_operator_3.py
[2024-04-05T23:24:21.512+0000] {logging_mixin.py:188} INFO - [2024-04-05T23:24:21.511+0000] {dag.py:3047} INFO - Sync 1 DAGs
[2024-04-05T23:24:21.543+0000] {logging_mixin.py:188} INFO - [2024-04-05T23:24:21.542+0000] {dag.py:3834} INFO - Setting next_dagrun for example_branch_dop_operator_v3 to 2024-04-05 23:23:00+00:00, run_after=2024-04-05 23:24:00+00:00
[2024-04-05T23:24:21.605+0000] {processor.py:183} INFO - Processing /home/airflow/.local/lib/python3.8/site-packages/airflow/example_dags/example_branch_python_dop_operator_3.py took 0.132 seconds
[2024-04-05T23:24:51.750+0000] {processor.py:161} INFO - Started process (PID=3063) to work on /home/airflow/.local/lib/python3.8/site-packages/airflow/example_dags/example_branch_python_dop_operator_3.py
[2024-04-05T23:24:51.752+0000] {processor.py:830} INFO - Processing file /home/airflow/.local/lib/python3.8/site-packages/airflow/example_dags/example_branch_python_dop_operator_3.py for tasks to queue
[2024-04-05T23:24:51.754+0000] {logging_mixin.py:188} INFO - [2024-04-05T23:24:51.754+0000] {dagbag.py:540} INFO - Filling up the DagBag from /home/airflow/.local/lib/python3.8/site-packages/airflow/example_dags/example_branch_python_dop_operator_3.py
[2024-04-05T23:24:51.763+0000] {processor.py:840} INFO - DAG(s) 'example_branch_dop_operator_v3' retrieved from /home/airflow/.local/lib/python3.8/site-packages/airflow/example_dags/example_branch_python_dop_operator_3.py
[2024-04-05T23:24:51.785+0000] {logging_mixin.py:188} INFO - [2024-04-05T23:24:51.785+0000] {dag.py:3047} INFO - Sync 1 DAGs
[2024-04-05T23:24:51.814+0000] {logging_mixin.py:188} INFO - [2024-04-05T23:24:51.814+0000] {dag.py:3834} INFO - Setting next_dagrun for example_branch_dop_operator_v3 to 2024-04-05 23:23:00+00:00, run_after=2024-04-05 23:24:00+00:00
[2024-04-05T23:24:51.874+0000] {processor.py:183} INFO - Processing /home/airflow/.local/lib/python3.8/site-packages/airflow/example_dags/example_branch_python_dop_operator_3.py took 0.128 seconds
[2024-04-05T23:25:22.056+0000] {processor.py:161} INFO - Started process (PID=3118) to work on /home/airflow/.local/lib/python3.8/site-packages/airflow/example_dags/example_branch_python_dop_operator_3.py
[2024-04-05T23:25:22.058+0000] {processor.py:830} INFO - Processing file /home/airflow/.local/lib/python3.8/site-packages/airflow/example_dags/example_branch_python_dop_operator_3.py for tasks to queue
[2024-04-05T23:25:22.061+0000] {logging_mixin.py:188} INFO - [2024-04-05T23:25:22.061+0000] {dagbag.py:540} INFO - Filling up the DagBag from /home/airflow/.local/lib/python3.8/site-packages/airflow/example_dags/example_branch_python_dop_operator_3.py
[2024-04-05T23:25:22.070+0000] {processor.py:840} INFO - DAG(s) 'example_branch_dop_operator_v3' retrieved from /home/airflow/.local/lib/python3.8/site-packages/airflow/example_dags/example_branch_python_dop_operator_3.py
[2024-04-05T23:25:22.092+0000] {logging_mixin.py:188} INFO - [2024-04-05T23:25:22.092+0000] {dag.py:3047} INFO - Sync 1 DAGs
[2024-04-05T23:25:22.118+0000] {logging_mixin.py:188} INFO - [2024-04-05T23:25:22.118+0000] {dag.py:3834} INFO - Setting next_dagrun for example_branch_dop_operator_v3 to 2024-04-05 23:24:00+00:00, run_after=2024-04-05 23:25:00+00:00
[2024-04-05T23:25:22.182+0000] {processor.py:183} INFO - Processing /home/airflow/.local/lib/python3.8/site-packages/airflow/example_dags/example_branch_python_dop_operator_3.py took 0.131 seconds
[2024-04-05T23:25:52.589+0000] {processor.py:161} INFO - Started process (PID=3173) to work on /home/airflow/.local/lib/python3.8/site-packages/airflow/example_dags/example_branch_python_dop_operator_3.py
[2024-04-05T23:25:52.590+0000] {processor.py:830} INFO - Processing file /home/airflow/.local/lib/python3.8/site-packages/airflow/example_dags/example_branch_python_dop_operator_3.py for tasks to queue
[2024-04-05T23:25:52.592+0000] {logging_mixin.py:188} INFO - [2024-04-05T23:25:52.592+0000] {dagbag.py:540} INFO - Filling up the DagBag from /home/airflow/.local/lib/python3.8/site-packages/airflow/example_dags/example_branch_python_dop_operator_3.py
[2024-04-05T23:25:52.602+0000] {processor.py:840} INFO - DAG(s) 'example_branch_dop_operator_v3' retrieved from /home/airflow/.local/lib/python3.8/site-packages/airflow/example_dags/example_branch_python_dop_operator_3.py
[2024-04-05T23:25:52.625+0000] {logging_mixin.py:188} INFO - [2024-04-05T23:25:52.625+0000] {dag.py:3047} INFO - Sync 1 DAGs
[2024-04-05T23:25:52.649+0000] {logging_mixin.py:188} INFO - [2024-04-05T23:25:52.648+0000] {dag.py:3834} INFO - Setting next_dagrun for example_branch_dop_operator_v3 to 2024-04-05 23:24:00+00:00, run_after=2024-04-05 23:25:00+00:00
[2024-04-05T23:25:52.717+0000] {processor.py:183} INFO - Processing /home/airflow/.local/lib/python3.8/site-packages/airflow/example_dags/example_branch_python_dop_operator_3.py took 0.133 seconds
[2024-04-05T23:26:23.007+0000] {processor.py:161} INFO - Started process (PID=3228) to work on /home/airflow/.local/lib/python3.8/site-packages/airflow/example_dags/example_branch_python_dop_operator_3.py
[2024-04-05T23:26:23.008+0000] {processor.py:830} INFO - Processing file /home/airflow/.local/lib/python3.8/site-packages/airflow/example_dags/example_branch_python_dop_operator_3.py for tasks to queue
[2024-04-05T23:26:23.010+0000] {logging_mixin.py:188} INFO - [2024-04-05T23:26:23.010+0000] {dagbag.py:540} INFO - Filling up the DagBag from /home/airflow/.local/lib/python3.8/site-packages/airflow/example_dags/example_branch_python_dop_operator_3.py
[2024-04-05T23:26:23.020+0000] {processor.py:840} INFO - DAG(s) 'example_branch_dop_operator_v3' retrieved from /home/airflow/.local/lib/python3.8/site-packages/airflow/example_dags/example_branch_python_dop_operator_3.py
[2024-04-05T23:26:23.044+0000] {logging_mixin.py:188} INFO - [2024-04-05T23:26:23.044+0000] {dag.py:3047} INFO - Sync 1 DAGs
[2024-04-05T23:26:23.070+0000] {logging_mixin.py:188} INFO - [2024-04-05T23:26:23.069+0000] {dag.py:3834} INFO - Setting next_dagrun for example_branch_dop_operator_v3 to 2024-04-05 23:25:00+00:00, run_after=2024-04-05 23:26:00+00:00
[2024-04-05T23:26:23.133+0000] {processor.py:183} INFO - Processing /home/airflow/.local/lib/python3.8/site-packages/airflow/example_dags/example_branch_python_dop_operator_3.py took 0.130 seconds
[2024-04-05T23:26:53.615+0000] {processor.py:161} INFO - Started process (PID=3283) to work on /home/airflow/.local/lib/python3.8/site-packages/airflow/example_dags/example_branch_python_dop_operator_3.py
[2024-04-05T23:26:53.616+0000] {processor.py:830} INFO - Processing file /home/airflow/.local/lib/python3.8/site-packages/airflow/example_dags/example_branch_python_dop_operator_3.py for tasks to queue
[2024-04-05T23:26:53.618+0000] {logging_mixin.py:188} INFO - [2024-04-05T23:26:53.618+0000] {dagbag.py:540} INFO - Filling up the DagBag from /home/airflow/.local/lib/python3.8/site-packages/airflow/example_dags/example_branch_python_dop_operator_3.py
[2024-04-05T23:26:53.629+0000] {processor.py:840} INFO - DAG(s) 'example_branch_dop_operator_v3' retrieved from /home/airflow/.local/lib/python3.8/site-packages/airflow/example_dags/example_branch_python_dop_operator_3.py
[2024-04-05T23:26:53.655+0000] {logging_mixin.py:188} INFO - [2024-04-05T23:26:53.655+0000] {dag.py:3047} INFO - Sync 1 DAGs
[2024-04-05T23:26:53.684+0000] {logging_mixin.py:188} INFO - [2024-04-05T23:26:53.684+0000] {dag.py:3834} INFO - Setting next_dagrun for example_branch_dop_operator_v3 to 2024-04-05 23:25:00+00:00, run_after=2024-04-05 23:26:00+00:00
[2024-04-05T23:26:53.743+0000] {processor.py:183} INFO - Processing /home/airflow/.local/lib/python3.8/site-packages/airflow/example_dags/example_branch_python_dop_operator_3.py took 0.132 seconds
[2024-04-05T23:27:24.449+0000] {processor.py:161} INFO - Started process (PID=3338) to work on /home/airflow/.local/lib/python3.8/site-packages/airflow/example_dags/example_branch_python_dop_operator_3.py
[2024-04-05T23:27:24.450+0000] {processor.py:830} INFO - Processing file /home/airflow/.local/lib/python3.8/site-packages/airflow/example_dags/example_branch_python_dop_operator_3.py for tasks to queue
[2024-04-05T23:27:24.452+0000] {logging_mixin.py:188} INFO - [2024-04-05T23:27:24.452+0000] {dagbag.py:540} INFO - Filling up the DagBag from /home/airflow/.local/lib/python3.8/site-packages/airflow/example_dags/example_branch_python_dop_operator_3.py
[2024-04-05T23:27:24.460+0000] {processor.py:840} INFO - DAG(s) 'example_branch_dop_operator_v3' retrieved from /home/airflow/.local/lib/python3.8/site-packages/airflow/example_dags/example_branch_python_dop_operator_3.py
[2024-04-05T23:27:24.490+0000] {logging_mixin.py:188} INFO - [2024-04-05T23:27:24.489+0000] {dag.py:3047} INFO - Sync 1 DAGs
[2024-04-05T23:27:24.528+0000] {logging_mixin.py:188} INFO - [2024-04-05T23:27:24.528+0000] {dag.py:3834} INFO - Setting next_dagrun for example_branch_dop_operator_v3 to 2024-04-05 23:26:00+00:00, run_after=2024-04-05 23:27:00+00:00
[2024-04-05T23:27:24.555+0000] {processor.py:183} INFO - Processing /home/airflow/.local/lib/python3.8/site-packages/airflow/example_dags/example_branch_python_dop_operator_3.py took 0.109 seconds
[2024-04-05T23:27:54.873+0000] {processor.py:161} INFO - Started process (PID=3399) to work on /home/airflow/.local/lib/python3.8/site-packages/airflow/example_dags/example_branch_python_dop_operator_3.py
[2024-04-05T23:27:54.874+0000] {processor.py:830} INFO - Processing file /home/airflow/.local/lib/python3.8/site-packages/airflow/example_dags/example_branch_python_dop_operator_3.py for tasks to queue
[2024-04-05T23:27:54.876+0000] {logging_mixin.py:188} INFO - [2024-04-05T23:27:54.876+0000] {dagbag.py:540} INFO - Filling up the DagBag from /home/airflow/.local/lib/python3.8/site-packages/airflow/example_dags/example_branch_python_dop_operator_3.py
[2024-04-05T23:27:54.888+0000] {processor.py:840} INFO - DAG(s) 'example_branch_dop_operator_v3' retrieved from /home/airflow/.local/lib/python3.8/site-packages/airflow/example_dags/example_branch_python_dop_operator_3.py
[2024-04-05T23:27:54.911+0000] {logging_mixin.py:188} INFO - [2024-04-05T23:27:54.911+0000] {dag.py:3047} INFO - Sync 1 DAGs
[2024-04-05T23:27:54.943+0000] {logging_mixin.py:188} INFO - [2024-04-05T23:27:54.942+0000] {dag.py:3834} INFO - Setting next_dagrun for example_branch_dop_operator_v3 to 2024-04-05 23:26:00+00:00, run_after=2024-04-05 23:27:00+00:00
[2024-04-05T23:27:54.960+0000] {processor.py:183} INFO - Processing /home/airflow/.local/lib/python3.8/site-packages/airflow/example_dags/example_branch_python_dop_operator_3.py took 0.093 seconds
[2024-04-05T23:28:25.508+0000] {processor.py:161} INFO - Started process (PID=3454) to work on /home/airflow/.local/lib/python3.8/site-packages/airflow/example_dags/example_branch_python_dop_operator_3.py
[2024-04-05T23:28:25.511+0000] {processor.py:830} INFO - Processing file /home/airflow/.local/lib/python3.8/site-packages/airflow/example_dags/example_branch_python_dop_operator_3.py for tasks to queue
[2024-04-05T23:28:25.515+0000] {logging_mixin.py:188} INFO - [2024-04-05T23:28:25.515+0000] {dagbag.py:540} INFO - Filling up the DagBag from /home/airflow/.local/lib/python3.8/site-packages/airflow/example_dags/example_branch_python_dop_operator_3.py
[2024-04-05T23:28:25.528+0000] {processor.py:840} INFO - DAG(s) 'example_branch_dop_operator_v3' retrieved from /home/airflow/.local/lib/python3.8/site-packages/airflow/example_dags/example_branch_python_dop_operator_3.py
[2024-04-05T23:28:25.559+0000] {logging_mixin.py:188} INFO - [2024-04-05T23:28:25.558+0000] {dag.py:3047} INFO - Sync 1 DAGs
[2024-04-05T23:28:25.591+0000] {logging_mixin.py:188} INFO - [2024-04-05T23:28:25.591+0000] {dag.py:3834} INFO - Setting next_dagrun for example_branch_dop_operator_v3 to 2024-04-05 23:27:00+00:00, run_after=2024-04-05 23:28:00+00:00
[2024-04-05T23:28:25.659+0000] {processor.py:183} INFO - Processing /home/airflow/.local/lib/python3.8/site-packages/airflow/example_dags/example_branch_python_dop_operator_3.py took 0.157 seconds
