[2024-04-05T22:57:16.930+0000] {processor.py:161} INFO - Started process (PID=75) to work on /home/airflow/.local/lib/python3.8/site-packages/airflow/example_dags/example_branch_labels.py
[2024-04-05T22:57:16.933+0000] {processor.py:830} INFO - Processing file /home/airflow/.local/lib/python3.8/site-packages/airflow/example_dags/example_branch_labels.py for tasks to queue
[2024-04-05T22:57:16.937+0000] {logging_mixin.py:188} INFO - [2024-04-05T22:57:16.936+0000] {dagbag.py:540} INFO - Filling up the DagBag from /home/airflow/.local/lib/python3.8/site-packages/airflow/example_dags/example_branch_labels.py
[2024-04-05T22:57:16.955+0000] {processor.py:840} INFO - DAG(s) 'example_branch_labels' retrieved from /home/airflow/.local/lib/python3.8/site-packages/airflow/example_dags/example_branch_labels.py
[2024-04-05T22:57:17.022+0000] {logging_mixin.py:188} INFO - [2024-04-05T22:57:17.021+0000] {dag.py:3047} INFO - Sync 1 DAGs
[2024-04-05T22:57:17.081+0000] {logging_mixin.py:188} INFO - [2024-04-05T22:57:17.080+0000] {dag.py:3834} INFO - Setting next_dagrun for example_branch_labels to 2024-04-04 00:00:00+00:00, run_after=2024-04-05 00:00:00+00:00
[2024-04-05T22:57:17.117+0000] {processor.py:183} INFO - Processing /home/airflow/.local/lib/python3.8/site-packages/airflow/example_dags/example_branch_labels.py took 0.194 seconds
[2024-04-05T22:57:47.698+0000] {processor.py:161} INFO - Started process (PID=130) to work on /home/airflow/.local/lib/python3.8/site-packages/airflow/example_dags/example_branch_labels.py
[2024-04-05T22:57:47.699+0000] {processor.py:830} INFO - Processing file /home/airflow/.local/lib/python3.8/site-packages/airflow/example_dags/example_branch_labels.py for tasks to queue
[2024-04-05T22:57:47.701+0000] {logging_mixin.py:188} INFO - [2024-04-05T22:57:47.701+0000] {dagbag.py:540} INFO - Filling up the DagBag from /home/airflow/.local/lib/python3.8/site-packages/airflow/example_dags/example_branch_labels.py
[2024-04-05T22:57:47.712+0000] {processor.py:840} INFO - DAG(s) 'example_branch_labels' retrieved from /home/airflow/.local/lib/python3.8/site-packages/airflow/example_dags/example_branch_labels.py
[2024-04-05T22:57:47.735+0000] {logging_mixin.py:188} INFO - [2024-04-05T22:57:47.734+0000] {dag.py:3047} INFO - Sync 1 DAGs
[2024-04-05T22:57:47.760+0000] {logging_mixin.py:188} INFO - [2024-04-05T22:57:47.760+0000] {dag.py:3834} INFO - Setting next_dagrun for example_branch_labels to 2024-04-04 00:00:00+00:00, run_after=2024-04-05 00:00:00+00:00
[2024-04-05T22:57:47.782+0000] {processor.py:183} INFO - Processing /home/airflow/.local/lib/python3.8/site-packages/airflow/example_dags/example_branch_labels.py took 0.089 seconds
[2024-04-05T22:58:18.388+0000] {processor.py:161} INFO - Started process (PID=185) to work on /home/airflow/.local/lib/python3.8/site-packages/airflow/example_dags/example_branch_labels.py
[2024-04-05T22:58:18.389+0000] {processor.py:830} INFO - Processing file /home/airflow/.local/lib/python3.8/site-packages/airflow/example_dags/example_branch_labels.py for tasks to queue
[2024-04-05T22:58:18.392+0000] {logging_mixin.py:188} INFO - [2024-04-05T22:58:18.392+0000] {dagbag.py:540} INFO - Filling up the DagBag from /home/airflow/.local/lib/python3.8/site-packages/airflow/example_dags/example_branch_labels.py
[2024-04-05T22:58:18.404+0000] {processor.py:840} INFO - DAG(s) 'example_branch_labels' retrieved from /home/airflow/.local/lib/python3.8/site-packages/airflow/example_dags/example_branch_labels.py
[2024-04-05T22:58:18.432+0000] {logging_mixin.py:188} INFO - [2024-04-05T22:58:18.431+0000] {dag.py:3047} INFO - Sync 1 DAGs
[2024-04-05T22:58:18.463+0000] {logging_mixin.py:188} INFO - [2024-04-05T22:58:18.463+0000] {dag.py:3834} INFO - Setting next_dagrun for example_branch_labels to 2024-04-04 00:00:00+00:00, run_after=2024-04-05 00:00:00+00:00
[2024-04-05T22:58:18.488+0000] {processor.py:183} INFO - Processing /home/airflow/.local/lib/python3.8/site-packages/airflow/example_dags/example_branch_labels.py took 0.106 seconds
[2024-04-05T22:58:49.832+0000] {processor.py:161} INFO - Started process (PID=240) to work on /home/airflow/.local/lib/python3.8/site-packages/airflow/example_dags/example_branch_labels.py
[2024-04-05T22:58:49.834+0000] {processor.py:830} INFO - Processing file /home/airflow/.local/lib/python3.8/site-packages/airflow/example_dags/example_branch_labels.py for tasks to queue
[2024-04-05T22:58:49.838+0000] {logging_mixin.py:188} INFO - [2024-04-05T22:58:49.838+0000] {dagbag.py:540} INFO - Filling up the DagBag from /home/airflow/.local/lib/python3.8/site-packages/airflow/example_dags/example_branch_labels.py
[2024-04-05T22:58:49.851+0000] {processor.py:840} INFO - DAG(s) 'example_branch_labels' retrieved from /home/airflow/.local/lib/python3.8/site-packages/airflow/example_dags/example_branch_labels.py
[2024-04-05T22:58:49.881+0000] {logging_mixin.py:188} INFO - [2024-04-05T22:58:49.880+0000] {dag.py:3047} INFO - Sync 1 DAGs
[2024-04-05T22:58:49.911+0000] {logging_mixin.py:188} INFO - [2024-04-05T22:58:49.911+0000] {dag.py:3834} INFO - Setting next_dagrun for example_branch_labels to 2024-04-04 00:00:00+00:00, run_after=2024-04-05 00:00:00+00:00
[2024-04-05T22:58:49.933+0000] {processor.py:183} INFO - Processing /home/airflow/.local/lib/python3.8/site-packages/airflow/example_dags/example_branch_labels.py took 0.105 seconds
[2024-04-05T22:59:22.182+0000] {processor.py:161} INFO - Started process (PID=301) to work on /home/airflow/.local/lib/python3.8/site-packages/airflow/example_dags/example_branch_labels.py
[2024-04-05T22:59:22.184+0000] {processor.py:830} INFO - Processing file /home/airflow/.local/lib/python3.8/site-packages/airflow/example_dags/example_branch_labels.py for tasks to queue
[2024-04-05T22:59:22.186+0000] {logging_mixin.py:188} INFO - [2024-04-05T22:59:22.186+0000] {dagbag.py:540} INFO - Filling up the DagBag from /home/airflow/.local/lib/python3.8/site-packages/airflow/example_dags/example_branch_labels.py
[2024-04-05T22:59:22.200+0000] {processor.py:840} INFO - DAG(s) 'example_branch_labels' retrieved from /home/airflow/.local/lib/python3.8/site-packages/airflow/example_dags/example_branch_labels.py
[2024-04-05T22:59:22.238+0000] {logging_mixin.py:188} INFO - [2024-04-05T22:59:22.237+0000] {dag.py:3047} INFO - Sync 1 DAGs
[2024-04-05T22:59:22.462+0000] {logging_mixin.py:188} INFO - [2024-04-05T22:59:22.462+0000] {dag.py:3834} INFO - Setting next_dagrun for example_branch_labels to 2024-04-04 00:00:00+00:00, run_after=2024-04-05 00:00:00+00:00
[2024-04-05T22:59:22.493+0000] {processor.py:183} INFO - Processing /home/airflow/.local/lib/python3.8/site-packages/airflow/example_dags/example_branch_labels.py took 0.315 seconds
[2024-04-05T22:59:52.594+0000] {processor.py:161} INFO - Started process (PID=356) to work on /home/airflow/.local/lib/python3.8/site-packages/airflow/example_dags/example_branch_labels.py
[2024-04-05T22:59:52.596+0000] {processor.py:830} INFO - Processing file /home/airflow/.local/lib/python3.8/site-packages/airflow/example_dags/example_branch_labels.py for tasks to queue
[2024-04-05T22:59:52.601+0000] {logging_mixin.py:188} INFO - [2024-04-05T22:59:52.600+0000] {dagbag.py:540} INFO - Filling up the DagBag from /home/airflow/.local/lib/python3.8/site-packages/airflow/example_dags/example_branch_labels.py
[2024-04-05T22:59:52.614+0000] {processor.py:840} INFO - DAG(s) 'example_branch_labels' retrieved from /home/airflow/.local/lib/python3.8/site-packages/airflow/example_dags/example_branch_labels.py
[2024-04-05T22:59:52.653+0000] {logging_mixin.py:188} INFO - [2024-04-05T22:59:52.652+0000] {dag.py:3047} INFO - Sync 1 DAGs
[2024-04-05T22:59:52.693+0000] {logging_mixin.py:188} INFO - [2024-04-05T22:59:52.693+0000] {dag.py:3834} INFO - Setting next_dagrun for example_branch_labels to 2024-04-04 00:00:00+00:00, run_after=2024-04-05 00:00:00+00:00
[2024-04-05T22:59:52.909+0000] {processor.py:183} INFO - Processing /home/airflow/.local/lib/python3.8/site-packages/airflow/example_dags/example_branch_labels.py took 0.319 seconds
[2024-04-05T23:00:23.230+0000] {processor.py:161} INFO - Started process (PID=411) to work on /home/airflow/.local/lib/python3.8/site-packages/airflow/example_dags/example_branch_labels.py
[2024-04-05T23:00:23.232+0000] {processor.py:830} INFO - Processing file /home/airflow/.local/lib/python3.8/site-packages/airflow/example_dags/example_branch_labels.py for tasks to queue
[2024-04-05T23:00:23.236+0000] {logging_mixin.py:188} INFO - [2024-04-05T23:00:23.236+0000] {dagbag.py:540} INFO - Filling up the DagBag from /home/airflow/.local/lib/python3.8/site-packages/airflow/example_dags/example_branch_labels.py
[2024-04-05T23:00:23.245+0000] {processor.py:840} INFO - DAG(s) 'example_branch_labels' retrieved from /home/airflow/.local/lib/python3.8/site-packages/airflow/example_dags/example_branch_labels.py
[2024-04-05T23:00:23.276+0000] {logging_mixin.py:188} INFO - [2024-04-05T23:00:23.276+0000] {dag.py:3047} INFO - Sync 1 DAGs
[2024-04-05T23:00:23.311+0000] {logging_mixin.py:188} INFO - [2024-04-05T23:00:23.310+0000] {dag.py:3834} INFO - Setting next_dagrun for example_branch_labels to 2024-04-04 00:00:00+00:00, run_after=2024-04-05 00:00:00+00:00
[2024-04-05T23:00:23.340+0000] {processor.py:183} INFO - Processing /home/airflow/.local/lib/python3.8/site-packages/airflow/example_dags/example_branch_labels.py took 0.116 seconds
[2024-04-05T23:00:53.810+0000] {processor.py:161} INFO - Started process (PID=466) to work on /home/airflow/.local/lib/python3.8/site-packages/airflow/example_dags/example_branch_labels.py
[2024-04-05T23:00:53.813+0000] {processor.py:830} INFO - Processing file /home/airflow/.local/lib/python3.8/site-packages/airflow/example_dags/example_branch_labels.py for tasks to queue
[2024-04-05T23:00:53.816+0000] {logging_mixin.py:188} INFO - [2024-04-05T23:00:53.816+0000] {dagbag.py:540} INFO - Filling up the DagBag from /home/airflow/.local/lib/python3.8/site-packages/airflow/example_dags/example_branch_labels.py
[2024-04-05T23:00:53.831+0000] {processor.py:840} INFO - DAG(s) 'example_branch_labels' retrieved from /home/airflow/.local/lib/python3.8/site-packages/airflow/example_dags/example_branch_labels.py
[2024-04-05T23:00:53.874+0000] {logging_mixin.py:188} INFO - [2024-04-05T23:00:53.874+0000] {dag.py:3047} INFO - Sync 1 DAGs
[2024-04-05T23:00:53.911+0000] {logging_mixin.py:188} INFO - [2024-04-05T23:00:53.910+0000] {dag.py:3834} INFO - Setting next_dagrun for example_branch_labels to 2024-04-04 00:00:00+00:00, run_after=2024-04-05 00:00:00+00:00
[2024-04-05T23:00:53.943+0000] {processor.py:183} INFO - Processing /home/airflow/.local/lib/python3.8/site-packages/airflow/example_dags/example_branch_labels.py took 0.139 seconds
[2024-04-05T23:01:24.832+0000] {processor.py:161} INFO - Started process (PID=521) to work on /home/airflow/.local/lib/python3.8/site-packages/airflow/example_dags/example_branch_labels.py
[2024-04-05T23:01:24.833+0000] {processor.py:830} INFO - Processing file /home/airflow/.local/lib/python3.8/site-packages/airflow/example_dags/example_branch_labels.py for tasks to queue
[2024-04-05T23:01:24.836+0000] {logging_mixin.py:188} INFO - [2024-04-05T23:01:24.835+0000] {dagbag.py:540} INFO - Filling up the DagBag from /home/airflow/.local/lib/python3.8/site-packages/airflow/example_dags/example_branch_labels.py
[2024-04-05T23:01:24.848+0000] {processor.py:840} INFO - DAG(s) 'example_branch_labels' retrieved from /home/airflow/.local/lib/python3.8/site-packages/airflow/example_dags/example_branch_labels.py
[2024-04-05T23:01:25.063+0000] {logging_mixin.py:188} INFO - [2024-04-05T23:01:25.062+0000] {dag.py:3047} INFO - Sync 1 DAGs
[2024-04-05T23:01:25.093+0000] {logging_mixin.py:188} INFO - [2024-04-05T23:01:25.092+0000] {dag.py:3834} INFO - Setting next_dagrun for example_branch_labels to 2024-04-04 00:00:00+00:00, run_after=2024-04-05 00:00:00+00:00
[2024-04-05T23:01:25.126+0000] {processor.py:183} INFO - Processing /home/airflow/.local/lib/python3.8/site-packages/airflow/example_dags/example_branch_labels.py took 0.298 seconds
[2024-04-05T23:01:55.774+0000] {processor.py:161} INFO - Started process (PID=576) to work on /home/airflow/.local/lib/python3.8/site-packages/airflow/example_dags/example_branch_labels.py
[2024-04-05T23:01:55.776+0000] {processor.py:830} INFO - Processing file /home/airflow/.local/lib/python3.8/site-packages/airflow/example_dags/example_branch_labels.py for tasks to queue
[2024-04-05T23:01:55.778+0000] {logging_mixin.py:188} INFO - [2024-04-05T23:01:55.778+0000] {dagbag.py:540} INFO - Filling up the DagBag from /home/airflow/.local/lib/python3.8/site-packages/airflow/example_dags/example_branch_labels.py
[2024-04-05T23:01:55.791+0000] {processor.py:840} INFO - DAG(s) 'example_branch_labels' retrieved from /home/airflow/.local/lib/python3.8/site-packages/airflow/example_dags/example_branch_labels.py
[2024-04-05T23:01:55.824+0000] {logging_mixin.py:188} INFO - [2024-04-05T23:01:55.824+0000] {dag.py:3047} INFO - Sync 1 DAGs
[2024-04-05T23:01:55.856+0000] {logging_mixin.py:188} INFO - [2024-04-05T23:01:55.856+0000] {dag.py:3834} INFO - Setting next_dagrun for example_branch_labels to 2024-04-04 00:00:00+00:00, run_after=2024-04-05 00:00:00+00:00
[2024-04-05T23:01:55.883+0000] {processor.py:183} INFO - Processing /home/airflow/.local/lib/python3.8/site-packages/airflow/example_dags/example_branch_labels.py took 0.113 seconds
[2024-04-05T23:02:26.123+0000] {processor.py:161} INFO - Started process (PID=631) to work on /home/airflow/.local/lib/python3.8/site-packages/airflow/example_dags/example_branch_labels.py
[2024-04-05T23:02:26.126+0000] {processor.py:830} INFO - Processing file /home/airflow/.local/lib/python3.8/site-packages/airflow/example_dags/example_branch_labels.py for tasks to queue
[2024-04-05T23:02:26.131+0000] {logging_mixin.py:188} INFO - [2024-04-05T23:02:26.130+0000] {dagbag.py:540} INFO - Filling up the DagBag from /home/airflow/.local/lib/python3.8/site-packages/airflow/example_dags/example_branch_labels.py
[2024-04-05T23:02:26.145+0000] {processor.py:840} INFO - DAG(s) 'example_branch_labels' retrieved from /home/airflow/.local/lib/python3.8/site-packages/airflow/example_dags/example_branch_labels.py
[2024-04-05T23:02:26.180+0000] {logging_mixin.py:188} INFO - [2024-04-05T23:02:26.179+0000] {dag.py:3047} INFO - Sync 1 DAGs
[2024-04-05T23:02:26.212+0000] {logging_mixin.py:188} INFO - [2024-04-05T23:02:26.212+0000] {dag.py:3834} INFO - Setting next_dagrun for example_branch_labels to 2024-04-04 00:00:00+00:00, run_after=2024-04-05 00:00:00+00:00
[2024-04-05T23:02:26.245+0000] {processor.py:183} INFO - Processing /home/airflow/.local/lib/python3.8/site-packages/airflow/example_dags/example_branch_labels.py took 0.127 seconds
[2024-04-05T23:02:56.789+0000] {processor.py:161} INFO - Started process (PID=686) to work on /home/airflow/.local/lib/python3.8/site-packages/airflow/example_dags/example_branch_labels.py
[2024-04-05T23:02:56.791+0000] {processor.py:830} INFO - Processing file /home/airflow/.local/lib/python3.8/site-packages/airflow/example_dags/example_branch_labels.py for tasks to queue
[2024-04-05T23:02:56.795+0000] {logging_mixin.py:188} INFO - [2024-04-05T23:02:56.795+0000] {dagbag.py:540} INFO - Filling up the DagBag from /home/airflow/.local/lib/python3.8/site-packages/airflow/example_dags/example_branch_labels.py
[2024-04-05T23:02:56.806+0000] {processor.py:840} INFO - DAG(s) 'example_branch_labels' retrieved from /home/airflow/.local/lib/python3.8/site-packages/airflow/example_dags/example_branch_labels.py
[2024-04-05T23:02:56.836+0000] {logging_mixin.py:188} INFO - [2024-04-05T23:02:56.836+0000] {dag.py:3047} INFO - Sync 1 DAGs
[2024-04-05T23:02:56.869+0000] {logging_mixin.py:188} INFO - [2024-04-05T23:02:56.869+0000] {dag.py:3834} INFO - Setting next_dagrun for example_branch_labels to 2024-04-04 00:00:00+00:00, run_after=2024-04-05 00:00:00+00:00
[2024-04-05T23:02:56.893+0000] {processor.py:183} INFO - Processing /home/airflow/.local/lib/python3.8/site-packages/airflow/example_dags/example_branch_labels.py took 0.108 seconds
[2024-04-05T23:03:27.028+0000] {processor.py:161} INFO - Started process (PID=742) to work on /home/airflow/.local/lib/python3.8/site-packages/airflow/example_dags/example_branch_labels.py
[2024-04-05T23:03:27.029+0000] {processor.py:830} INFO - Processing file /home/airflow/.local/lib/python3.8/site-packages/airflow/example_dags/example_branch_labels.py for tasks to queue
[2024-04-05T23:03:27.031+0000] {logging_mixin.py:188} INFO - [2024-04-05T23:03:27.031+0000] {dagbag.py:540} INFO - Filling up the DagBag from /home/airflow/.local/lib/python3.8/site-packages/airflow/example_dags/example_branch_labels.py
[2024-04-05T23:03:27.042+0000] {processor.py:840} INFO - DAG(s) 'example_branch_labels' retrieved from /home/airflow/.local/lib/python3.8/site-packages/airflow/example_dags/example_branch_labels.py
[2024-04-05T23:03:27.069+0000] {logging_mixin.py:188} INFO - [2024-04-05T23:03:27.069+0000] {dag.py:3047} INFO - Sync 1 DAGs
[2024-04-05T23:03:27.096+0000] {logging_mixin.py:188} INFO - [2024-04-05T23:03:27.096+0000] {dag.py:3834} INFO - Setting next_dagrun for example_branch_labels to 2024-04-04 00:00:00+00:00, run_after=2024-04-05 00:00:00+00:00
[2024-04-05T23:03:27.117+0000] {processor.py:183} INFO - Processing /home/airflow/.local/lib/python3.8/site-packages/airflow/example_dags/example_branch_labels.py took 0.092 seconds
[2024-04-05T23:03:57.527+0000] {processor.py:161} INFO - Started process (PID=797) to work on /home/airflow/.local/lib/python3.8/site-packages/airflow/example_dags/example_branch_labels.py
[2024-04-05T23:03:57.528+0000] {processor.py:830} INFO - Processing file /home/airflow/.local/lib/python3.8/site-packages/airflow/example_dags/example_branch_labels.py for tasks to queue
[2024-04-05T23:03:57.532+0000] {logging_mixin.py:188} INFO - [2024-04-05T23:03:57.531+0000] {dagbag.py:540} INFO - Filling up the DagBag from /home/airflow/.local/lib/python3.8/site-packages/airflow/example_dags/example_branch_labels.py
[2024-04-05T23:03:57.543+0000] {processor.py:840} INFO - DAG(s) 'example_branch_labels' retrieved from /home/airflow/.local/lib/python3.8/site-packages/airflow/example_dags/example_branch_labels.py
[2024-04-05T23:03:57.567+0000] {logging_mixin.py:188} INFO - [2024-04-05T23:03:57.567+0000] {dag.py:3047} INFO - Sync 1 DAGs
[2024-04-05T23:03:57.590+0000] {logging_mixin.py:188} INFO - [2024-04-05T23:03:57.589+0000] {dag.py:3834} INFO - Setting next_dagrun for example_branch_labels to 2024-04-04 00:00:00+00:00, run_after=2024-04-05 00:00:00+00:00
[2024-04-05T23:03:57.609+0000] {processor.py:183} INFO - Processing /home/airflow/.local/lib/python3.8/site-packages/airflow/example_dags/example_branch_labels.py took 0.088 seconds
[2024-04-05T23:04:27.673+0000] {processor.py:161} INFO - Started process (PID=851) to work on /home/airflow/.local/lib/python3.8/site-packages/airflow/example_dags/example_branch_labels.py
[2024-04-05T23:04:27.675+0000] {processor.py:830} INFO - Processing file /home/airflow/.local/lib/python3.8/site-packages/airflow/example_dags/example_branch_labels.py for tasks to queue
[2024-04-05T23:04:27.678+0000] {logging_mixin.py:188} INFO - [2024-04-05T23:04:27.677+0000] {dagbag.py:540} INFO - Filling up the DagBag from /home/airflow/.local/lib/python3.8/site-packages/airflow/example_dags/example_branch_labels.py
[2024-04-05T23:04:27.692+0000] {processor.py:840} INFO - DAG(s) 'example_branch_labels' retrieved from /home/airflow/.local/lib/python3.8/site-packages/airflow/example_dags/example_branch_labels.py
[2024-04-05T23:04:27.733+0000] {logging_mixin.py:188} INFO - [2024-04-05T23:04:27.732+0000] {dag.py:3047} INFO - Sync 1 DAGs
[2024-04-05T23:04:27.767+0000] {logging_mixin.py:188} INFO - [2024-04-05T23:04:27.766+0000] {dag.py:3834} INFO - Setting next_dagrun for example_branch_labels to 2024-04-04 00:00:00+00:00, run_after=2024-04-05 00:00:00+00:00
[2024-04-05T23:04:27.797+0000] {processor.py:183} INFO - Processing /home/airflow/.local/lib/python3.8/site-packages/airflow/example_dags/example_branch_labels.py took 0.127 seconds
[2024-04-05T23:04:58.478+0000] {processor.py:161} INFO - Started process (PID=906) to work on /home/airflow/.local/lib/python3.8/site-packages/airflow/example_dags/example_branch_labels.py
[2024-04-05T23:04:58.480+0000] {processor.py:830} INFO - Processing file /home/airflow/.local/lib/python3.8/site-packages/airflow/example_dags/example_branch_labels.py for tasks to queue
[2024-04-05T23:04:58.484+0000] {logging_mixin.py:188} INFO - [2024-04-05T23:04:58.483+0000] {dagbag.py:540} INFO - Filling up the DagBag from /home/airflow/.local/lib/python3.8/site-packages/airflow/example_dags/example_branch_labels.py
[2024-04-05T23:04:58.496+0000] {processor.py:840} INFO - DAG(s) 'example_branch_labels' retrieved from /home/airflow/.local/lib/python3.8/site-packages/airflow/example_dags/example_branch_labels.py
[2024-04-05T23:04:58.527+0000] {logging_mixin.py:188} INFO - [2024-04-05T23:04:58.527+0000] {dag.py:3047} INFO - Sync 1 DAGs
[2024-04-05T23:04:58.554+0000] {logging_mixin.py:188} INFO - [2024-04-05T23:04:58.554+0000] {dag.py:3834} INFO - Setting next_dagrun for example_branch_labels to 2024-04-04 00:00:00+00:00, run_after=2024-04-05 00:00:00+00:00
[2024-04-05T23:04:58.579+0000] {processor.py:183} INFO - Processing /home/airflow/.local/lib/python3.8/site-packages/airflow/example_dags/example_branch_labels.py took 0.106 seconds
[2024-04-05T23:05:29.426+0000] {processor.py:161} INFO - Started process (PID=961) to work on /home/airflow/.local/lib/python3.8/site-packages/airflow/example_dags/example_branch_labels.py
[2024-04-05T23:05:29.427+0000] {processor.py:830} INFO - Processing file /home/airflow/.local/lib/python3.8/site-packages/airflow/example_dags/example_branch_labels.py for tasks to queue
[2024-04-05T23:05:29.430+0000] {logging_mixin.py:188} INFO - [2024-04-05T23:05:29.429+0000] {dagbag.py:540} INFO - Filling up the DagBag from /home/airflow/.local/lib/python3.8/site-packages/airflow/example_dags/example_branch_labels.py
[2024-04-05T23:05:29.439+0000] {processor.py:840} INFO - DAG(s) 'example_branch_labels' retrieved from /home/airflow/.local/lib/python3.8/site-packages/airflow/example_dags/example_branch_labels.py
[2024-04-05T23:05:29.464+0000] {logging_mixin.py:188} INFO - [2024-04-05T23:05:29.464+0000] {dag.py:3047} INFO - Sync 1 DAGs
[2024-04-05T23:05:29.489+0000] {logging_mixin.py:188} INFO - [2024-04-05T23:05:29.489+0000] {dag.py:3834} INFO - Setting next_dagrun for example_branch_labels to 2024-04-04 00:00:00+00:00, run_after=2024-04-05 00:00:00+00:00
[2024-04-05T23:05:29.552+0000] {processor.py:183} INFO - Processing /home/airflow/.local/lib/python3.8/site-packages/airflow/example_dags/example_branch_labels.py took 0.130 seconds
[2024-04-05T23:05:59.711+0000] {processor.py:161} INFO - Started process (PID=1016) to work on /home/airflow/.local/lib/python3.8/site-packages/airflow/example_dags/example_branch_labels.py
[2024-04-05T23:05:59.713+0000] {processor.py:830} INFO - Processing file /home/airflow/.local/lib/python3.8/site-packages/airflow/example_dags/example_branch_labels.py for tasks to queue
[2024-04-05T23:05:59.716+0000] {logging_mixin.py:188} INFO - [2024-04-05T23:05:59.716+0000] {dagbag.py:540} INFO - Filling up the DagBag from /home/airflow/.local/lib/python3.8/site-packages/airflow/example_dags/example_branch_labels.py
[2024-04-05T23:05:59.731+0000] {processor.py:840} INFO - DAG(s) 'example_branch_labels' retrieved from /home/airflow/.local/lib/python3.8/site-packages/airflow/example_dags/example_branch_labels.py
[2024-04-05T23:05:59.770+0000] {logging_mixin.py:188} INFO - [2024-04-05T23:05:59.769+0000] {dag.py:3047} INFO - Sync 1 DAGs
[2024-04-05T23:05:59.810+0000] {logging_mixin.py:188} INFO - [2024-04-05T23:05:59.809+0000] {dag.py:3834} INFO - Setting next_dagrun for example_branch_labels to 2024-04-04 00:00:00+00:00, run_after=2024-04-05 00:00:00+00:00
[2024-04-05T23:05:59.836+0000] {processor.py:183} INFO - Processing /home/airflow/.local/lib/python3.8/site-packages/airflow/example_dags/example_branch_labels.py took 0.129 seconds
[2024-04-05T23:06:30.257+0000] {processor.py:161} INFO - Started process (PID=1072) to work on /home/airflow/.local/lib/python3.8/site-packages/airflow/example_dags/example_branch_labels.py
[2024-04-05T23:06:30.259+0000] {processor.py:830} INFO - Processing file /home/airflow/.local/lib/python3.8/site-packages/airflow/example_dags/example_branch_labels.py for tasks to queue
[2024-04-05T23:06:30.262+0000] {logging_mixin.py:188} INFO - [2024-04-05T23:06:30.262+0000] {dagbag.py:540} INFO - Filling up the DagBag from /home/airflow/.local/lib/python3.8/site-packages/airflow/example_dags/example_branch_labels.py
[2024-04-05T23:06:30.273+0000] {processor.py:840} INFO - DAG(s) 'example_branch_labels' retrieved from /home/airflow/.local/lib/python3.8/site-packages/airflow/example_dags/example_branch_labels.py
[2024-04-05T23:06:30.301+0000] {logging_mixin.py:188} INFO - [2024-04-05T23:06:30.301+0000] {dag.py:3047} INFO - Sync 1 DAGs
[2024-04-05T23:06:30.334+0000] {logging_mixin.py:188} INFO - [2024-04-05T23:06:30.333+0000] {dag.py:3834} INFO - Setting next_dagrun for example_branch_labels to 2024-04-04 00:00:00+00:00, run_after=2024-04-05 00:00:00+00:00
[2024-04-05T23:06:30.359+0000] {processor.py:183} INFO - Processing /home/airflow/.local/lib/python3.8/site-packages/airflow/example_dags/example_branch_labels.py took 0.106 seconds
[2024-04-05T23:07:01.683+0000] {processor.py:161} INFO - Started process (PID=1127) to work on /home/airflow/.local/lib/python3.8/site-packages/airflow/example_dags/example_branch_labels.py
[2024-04-05T23:07:01.685+0000] {processor.py:830} INFO - Processing file /home/airflow/.local/lib/python3.8/site-packages/airflow/example_dags/example_branch_labels.py for tasks to queue
[2024-04-05T23:07:01.688+0000] {logging_mixin.py:188} INFO - [2024-04-05T23:07:01.687+0000] {dagbag.py:540} INFO - Filling up the DagBag from /home/airflow/.local/lib/python3.8/site-packages/airflow/example_dags/example_branch_labels.py
[2024-04-05T23:07:01.703+0000] {processor.py:840} INFO - DAG(s) 'example_branch_labels' retrieved from /home/airflow/.local/lib/python3.8/site-packages/airflow/example_dags/example_branch_labels.py
[2024-04-05T23:07:01.736+0000] {logging_mixin.py:188} INFO - [2024-04-05T23:07:01.736+0000] {dag.py:3047} INFO - Sync 1 DAGs
[2024-04-05T23:07:01.775+0000] {logging_mixin.py:188} INFO - [2024-04-05T23:07:01.775+0000] {dag.py:3834} INFO - Setting next_dagrun for example_branch_labels to 2024-04-04 00:00:00+00:00, run_after=2024-04-05 00:00:00+00:00
[2024-04-05T23:07:01.802+0000] {processor.py:183} INFO - Processing /home/airflow/.local/lib/python3.8/site-packages/airflow/example_dags/example_branch_labels.py took 0.124 seconds
[2024-04-05T23:07:32.056+0000] {processor.py:161} INFO - Started process (PID=1182) to work on /home/airflow/.local/lib/python3.8/site-packages/airflow/example_dags/example_branch_labels.py
[2024-04-05T23:07:32.059+0000] {processor.py:830} INFO - Processing file /home/airflow/.local/lib/python3.8/site-packages/airflow/example_dags/example_branch_labels.py for tasks to queue
[2024-04-05T23:07:32.062+0000] {logging_mixin.py:188} INFO - [2024-04-05T23:07:32.062+0000] {dagbag.py:540} INFO - Filling up the DagBag from /home/airflow/.local/lib/python3.8/site-packages/airflow/example_dags/example_branch_labels.py
[2024-04-05T23:07:32.074+0000] {processor.py:840} INFO - DAG(s) 'example_branch_labels' retrieved from /home/airflow/.local/lib/python3.8/site-packages/airflow/example_dags/example_branch_labels.py
[2024-04-05T23:07:32.112+0000] {logging_mixin.py:188} INFO - [2024-04-05T23:07:32.111+0000] {dag.py:3047} INFO - Sync 1 DAGs
[2024-04-05T23:07:32.155+0000] {logging_mixin.py:188} INFO - [2024-04-05T23:07:32.154+0000] {dag.py:3834} INFO - Setting next_dagrun for example_branch_labels to 2024-04-04 00:00:00+00:00, run_after=2024-04-05 00:00:00+00:00
[2024-04-05T23:07:32.189+0000] {processor.py:183} INFO - Processing /home/airflow/.local/lib/python3.8/site-packages/airflow/example_dags/example_branch_labels.py took 0.136 seconds
[2024-04-05T23:08:02.502+0000] {processor.py:161} INFO - Started process (PID=1237) to work on /home/airflow/.local/lib/python3.8/site-packages/airflow/example_dags/example_branch_labels.py
[2024-04-05T23:08:02.504+0000] {processor.py:830} INFO - Processing file /home/airflow/.local/lib/python3.8/site-packages/airflow/example_dags/example_branch_labels.py for tasks to queue
[2024-04-05T23:08:02.506+0000] {logging_mixin.py:188} INFO - [2024-04-05T23:08:02.506+0000] {dagbag.py:540} INFO - Filling up the DagBag from /home/airflow/.local/lib/python3.8/site-packages/airflow/example_dags/example_branch_labels.py
[2024-04-05T23:08:02.515+0000] {processor.py:840} INFO - DAG(s) 'example_branch_labels' retrieved from /home/airflow/.local/lib/python3.8/site-packages/airflow/example_dags/example_branch_labels.py
[2024-04-05T23:08:02.548+0000] {logging_mixin.py:188} INFO - [2024-04-05T23:08:02.548+0000] {dag.py:3047} INFO - Sync 1 DAGs
[2024-04-05T23:08:02.583+0000] {logging_mixin.py:188} INFO - [2024-04-05T23:08:02.583+0000] {dag.py:3834} INFO - Setting next_dagrun for example_branch_labels to 2024-04-04 00:00:00+00:00, run_after=2024-04-05 00:00:00+00:00
[2024-04-05T23:08:02.605+0000] {processor.py:183} INFO - Processing /home/airflow/.local/lib/python3.8/site-packages/airflow/example_dags/example_branch_labels.py took 0.108 seconds
[2024-04-05T23:08:32.984+0000] {processor.py:161} INFO - Started process (PID=1292) to work on /home/airflow/.local/lib/python3.8/site-packages/airflow/example_dags/example_branch_labels.py
[2024-04-05T23:08:32.985+0000] {processor.py:830} INFO - Processing file /home/airflow/.local/lib/python3.8/site-packages/airflow/example_dags/example_branch_labels.py for tasks to queue
[2024-04-05T23:08:32.987+0000] {logging_mixin.py:188} INFO - [2024-04-05T23:08:32.987+0000] {dagbag.py:540} INFO - Filling up the DagBag from /home/airflow/.local/lib/python3.8/site-packages/airflow/example_dags/example_branch_labels.py
[2024-04-05T23:08:32.996+0000] {processor.py:840} INFO - DAG(s) 'example_branch_labels' retrieved from /home/airflow/.local/lib/python3.8/site-packages/airflow/example_dags/example_branch_labels.py
[2024-04-05T23:08:33.018+0000] {logging_mixin.py:188} INFO - [2024-04-05T23:08:33.018+0000] {dag.py:3047} INFO - Sync 1 DAGs
[2024-04-05T23:08:33.042+0000] {logging_mixin.py:188} INFO - [2024-04-05T23:08:33.042+0000] {dag.py:3834} INFO - Setting next_dagrun for example_branch_labels to 2024-04-04 00:00:00+00:00, run_after=2024-04-05 00:00:00+00:00
[2024-04-05T23:08:33.098+0000] {processor.py:183} INFO - Processing /home/airflow/.local/lib/python3.8/site-packages/airflow/example_dags/example_branch_labels.py took 0.118 seconds
[2024-04-05T23:09:03.419+0000] {processor.py:161} INFO - Started process (PID=1347) to work on /home/airflow/.local/lib/python3.8/site-packages/airflow/example_dags/example_branch_labels.py
[2024-04-05T23:09:03.421+0000] {processor.py:830} INFO - Processing file /home/airflow/.local/lib/python3.8/site-packages/airflow/example_dags/example_branch_labels.py for tasks to queue
[2024-04-05T23:09:03.423+0000] {logging_mixin.py:188} INFO - [2024-04-05T23:09:03.423+0000] {dagbag.py:540} INFO - Filling up the DagBag from /home/airflow/.local/lib/python3.8/site-packages/airflow/example_dags/example_branch_labels.py
[2024-04-05T23:09:03.433+0000] {processor.py:840} INFO - DAG(s) 'example_branch_labels' retrieved from /home/airflow/.local/lib/python3.8/site-packages/airflow/example_dags/example_branch_labels.py
[2024-04-05T23:09:03.462+0000] {logging_mixin.py:188} INFO - [2024-04-05T23:09:03.461+0000] {dag.py:3047} INFO - Sync 1 DAGs
[2024-04-05T23:09:03.486+0000] {logging_mixin.py:188} INFO - [2024-04-05T23:09:03.486+0000] {dag.py:3834} INFO - Setting next_dagrun for example_branch_labels to 2024-04-04 00:00:00+00:00, run_after=2024-04-05 00:00:00+00:00
[2024-04-05T23:09:03.545+0000] {processor.py:183} INFO - Processing /home/airflow/.local/lib/python3.8/site-packages/airflow/example_dags/example_branch_labels.py took 0.130 seconds
[2024-04-05T23:09:33.913+0000] {processor.py:161} INFO - Started process (PID=1402) to work on /home/airflow/.local/lib/python3.8/site-packages/airflow/example_dags/example_branch_labels.py
[2024-04-05T23:09:33.914+0000] {processor.py:830} INFO - Processing file /home/airflow/.local/lib/python3.8/site-packages/airflow/example_dags/example_branch_labels.py for tasks to queue
[2024-04-05T23:09:33.917+0000] {logging_mixin.py:188} INFO - [2024-04-05T23:09:33.916+0000] {dagbag.py:540} INFO - Filling up the DagBag from /home/airflow/.local/lib/python3.8/site-packages/airflow/example_dags/example_branch_labels.py
[2024-04-05T23:09:33.928+0000] {processor.py:840} INFO - DAG(s) 'example_branch_labels' retrieved from /home/airflow/.local/lib/python3.8/site-packages/airflow/example_dags/example_branch_labels.py
[2024-04-05T23:09:33.953+0000] {logging_mixin.py:188} INFO - [2024-04-05T23:09:33.953+0000] {dag.py:3047} INFO - Sync 1 DAGs
[2024-04-05T23:09:33.994+0000] {logging_mixin.py:188} INFO - [2024-04-05T23:09:33.994+0000] {dag.py:3834} INFO - Setting next_dagrun for example_branch_labels to 2024-04-04 00:00:00+00:00, run_after=2024-04-05 00:00:00+00:00
[2024-04-05T23:09:34.026+0000] {processor.py:183} INFO - Processing /home/airflow/.local/lib/python3.8/site-packages/airflow/example_dags/example_branch_labels.py took 0.117 seconds
[2024-04-05T23:10:04.902+0000] {processor.py:161} INFO - Started process (PID=1457) to work on /home/airflow/.local/lib/python3.8/site-packages/airflow/example_dags/example_branch_labels.py
[2024-04-05T23:10:04.904+0000] {processor.py:830} INFO - Processing file /home/airflow/.local/lib/python3.8/site-packages/airflow/example_dags/example_branch_labels.py for tasks to queue
[2024-04-05T23:10:04.906+0000] {logging_mixin.py:188} INFO - [2024-04-05T23:10:04.905+0000] {dagbag.py:540} INFO - Filling up the DagBag from /home/airflow/.local/lib/python3.8/site-packages/airflow/example_dags/example_branch_labels.py
[2024-04-05T23:10:04.914+0000] {processor.py:840} INFO - DAG(s) 'example_branch_labels' retrieved from /home/airflow/.local/lib/python3.8/site-packages/airflow/example_dags/example_branch_labels.py
[2024-04-05T23:10:04.936+0000] {logging_mixin.py:188} INFO - [2024-04-05T23:10:04.936+0000] {dag.py:3047} INFO - Sync 1 DAGs
[2024-04-05T23:10:04.963+0000] {logging_mixin.py:188} INFO - [2024-04-05T23:10:04.963+0000] {dag.py:3834} INFO - Setting next_dagrun for example_branch_labels to 2024-04-04 00:00:00+00:00, run_after=2024-04-05 00:00:00+00:00
[2024-04-05T23:10:04.981+0000] {processor.py:183} INFO - Processing /home/airflow/.local/lib/python3.8/site-packages/airflow/example_dags/example_branch_labels.py took 0.083 seconds
[2024-04-05T23:10:35.390+0000] {processor.py:161} INFO - Started process (PID=1512) to work on /home/airflow/.local/lib/python3.8/site-packages/airflow/example_dags/example_branch_labels.py
[2024-04-05T23:10:35.391+0000] {processor.py:830} INFO - Processing file /home/airflow/.local/lib/python3.8/site-packages/airflow/example_dags/example_branch_labels.py for tasks to queue
[2024-04-05T23:10:35.393+0000] {logging_mixin.py:188} INFO - [2024-04-05T23:10:35.393+0000] {dagbag.py:540} INFO - Filling up the DagBag from /home/airflow/.local/lib/python3.8/site-packages/airflow/example_dags/example_branch_labels.py
[2024-04-05T23:10:35.405+0000] {processor.py:840} INFO - DAG(s) 'example_branch_labels' retrieved from /home/airflow/.local/lib/python3.8/site-packages/airflow/example_dags/example_branch_labels.py
[2024-04-05T23:10:35.431+0000] {logging_mixin.py:188} INFO - [2024-04-05T23:10:35.431+0000] {dag.py:3047} INFO - Sync 1 DAGs
[2024-04-05T23:10:35.457+0000] {logging_mixin.py:188} INFO - [2024-04-05T23:10:35.457+0000] {dag.py:3834} INFO - Setting next_dagrun for example_branch_labels to 2024-04-04 00:00:00+00:00, run_after=2024-04-05 00:00:00+00:00
[2024-04-05T23:10:35.497+0000] {processor.py:183} INFO - Processing /home/airflow/.local/lib/python3.8/site-packages/airflow/example_dags/example_branch_labels.py took 0.112 seconds
[2024-04-05T23:11:06.166+0000] {processor.py:161} INFO - Started process (PID=1567) to work on /home/airflow/.local/lib/python3.8/site-packages/airflow/example_dags/example_branch_labels.py
[2024-04-05T23:11:06.167+0000] {processor.py:830} INFO - Processing file /home/airflow/.local/lib/python3.8/site-packages/airflow/example_dags/example_branch_labels.py for tasks to queue
[2024-04-05T23:11:06.169+0000] {logging_mixin.py:188} INFO - [2024-04-05T23:11:06.169+0000] {dagbag.py:540} INFO - Filling up the DagBag from /home/airflow/.local/lib/python3.8/site-packages/airflow/example_dags/example_branch_labels.py
[2024-04-05T23:11:06.178+0000] {processor.py:840} INFO - DAG(s) 'example_branch_labels' retrieved from /home/airflow/.local/lib/python3.8/site-packages/airflow/example_dags/example_branch_labels.py
[2024-04-05T23:11:06.200+0000] {logging_mixin.py:188} INFO - [2024-04-05T23:11:06.200+0000] {dag.py:3047} INFO - Sync 1 DAGs
[2024-04-05T23:11:06.228+0000] {logging_mixin.py:188} INFO - [2024-04-05T23:11:06.228+0000] {dag.py:3834} INFO - Setting next_dagrun for example_branch_labels to 2024-04-04 00:00:00+00:00, run_after=2024-04-05 00:00:00+00:00
[2024-04-05T23:11:06.247+0000] {processor.py:183} INFO - Processing /home/airflow/.local/lib/python3.8/site-packages/airflow/example_dags/example_branch_labels.py took 0.085 seconds
[2024-04-05T23:11:36.959+0000] {processor.py:161} INFO - Started process (PID=1622) to work on /home/airflow/.local/lib/python3.8/site-packages/airflow/example_dags/example_branch_labels.py
[2024-04-05T23:11:36.960+0000] {processor.py:830} INFO - Processing file /home/airflow/.local/lib/python3.8/site-packages/airflow/example_dags/example_branch_labels.py for tasks to queue
[2024-04-05T23:11:36.962+0000] {logging_mixin.py:188} INFO - [2024-04-05T23:11:36.961+0000] {dagbag.py:540} INFO - Filling up the DagBag from /home/airflow/.local/lib/python3.8/site-packages/airflow/example_dags/example_branch_labels.py
[2024-04-05T23:11:36.971+0000] {processor.py:840} INFO - DAG(s) 'example_branch_labels' retrieved from /home/airflow/.local/lib/python3.8/site-packages/airflow/example_dags/example_branch_labels.py
[2024-04-05T23:11:36.994+0000] {logging_mixin.py:188} INFO - [2024-04-05T23:11:36.994+0000] {dag.py:3047} INFO - Sync 1 DAGs
[2024-04-05T23:11:37.019+0000] {logging_mixin.py:188} INFO - [2024-04-05T23:11:37.019+0000] {dag.py:3834} INFO - Setting next_dagrun for example_branch_labels to 2024-04-04 00:00:00+00:00, run_after=2024-04-05 00:00:00+00:00
[2024-04-05T23:11:37.039+0000] {processor.py:183} INFO - Processing /home/airflow/.local/lib/python3.8/site-packages/airflow/example_dags/example_branch_labels.py took 0.084 seconds
[2024-04-05T23:12:07.125+0000] {processor.py:161} INFO - Started process (PID=1677) to work on /home/airflow/.local/lib/python3.8/site-packages/airflow/example_dags/example_branch_labels.py
[2024-04-05T23:12:07.126+0000] {processor.py:830} INFO - Processing file /home/airflow/.local/lib/python3.8/site-packages/airflow/example_dags/example_branch_labels.py for tasks to queue
[2024-04-05T23:12:07.128+0000] {logging_mixin.py:188} INFO - [2024-04-05T23:12:07.128+0000] {dagbag.py:540} INFO - Filling up the DagBag from /home/airflow/.local/lib/python3.8/site-packages/airflow/example_dags/example_branch_labels.py
[2024-04-05T23:12:07.137+0000] {processor.py:840} INFO - DAG(s) 'example_branch_labels' retrieved from /home/airflow/.local/lib/python3.8/site-packages/airflow/example_dags/example_branch_labels.py
[2024-04-05T23:12:07.162+0000] {logging_mixin.py:188} INFO - [2024-04-05T23:12:07.162+0000] {dag.py:3047} INFO - Sync 1 DAGs
[2024-04-05T23:12:07.188+0000] {logging_mixin.py:188} INFO - [2024-04-05T23:12:07.188+0000] {dag.py:3834} INFO - Setting next_dagrun for example_branch_labels to 2024-04-04 00:00:00+00:00, run_after=2024-04-05 00:00:00+00:00
[2024-04-05T23:12:07.207+0000] {processor.py:183} INFO - Processing /home/airflow/.local/lib/python3.8/site-packages/airflow/example_dags/example_branch_labels.py took 0.086 seconds
[2024-04-05T23:12:37.558+0000] {processor.py:161} INFO - Started process (PID=1732) to work on /home/airflow/.local/lib/python3.8/site-packages/airflow/example_dags/example_branch_labels.py
[2024-04-05T23:12:37.559+0000] {processor.py:830} INFO - Processing file /home/airflow/.local/lib/python3.8/site-packages/airflow/example_dags/example_branch_labels.py for tasks to queue
[2024-04-05T23:12:37.562+0000] {logging_mixin.py:188} INFO - [2024-04-05T23:12:37.561+0000] {dagbag.py:540} INFO - Filling up the DagBag from /home/airflow/.local/lib/python3.8/site-packages/airflow/example_dags/example_branch_labels.py
[2024-04-05T23:12:37.570+0000] {processor.py:840} INFO - DAG(s) 'example_branch_labels' retrieved from /home/airflow/.local/lib/python3.8/site-packages/airflow/example_dags/example_branch_labels.py
[2024-04-05T23:12:37.594+0000] {logging_mixin.py:188} INFO - [2024-04-05T23:12:37.594+0000] {dag.py:3047} INFO - Sync 1 DAGs
[2024-04-05T23:12:37.620+0000] {logging_mixin.py:188} INFO - [2024-04-05T23:12:37.619+0000] {dag.py:3834} INFO - Setting next_dagrun for example_branch_labels to 2024-04-04 00:00:00+00:00, run_after=2024-04-05 00:00:00+00:00
[2024-04-05T23:12:37.643+0000] {processor.py:183} INFO - Processing /home/airflow/.local/lib/python3.8/site-packages/airflow/example_dags/example_branch_labels.py took 0.089 seconds
[2024-04-05T23:13:07.838+0000] {processor.py:161} INFO - Started process (PID=1787) to work on /home/airflow/.local/lib/python3.8/site-packages/airflow/example_dags/example_branch_labels.py
[2024-04-05T23:13:07.839+0000] {processor.py:830} INFO - Processing file /home/airflow/.local/lib/python3.8/site-packages/airflow/example_dags/example_branch_labels.py for tasks to queue
[2024-04-05T23:13:07.842+0000] {logging_mixin.py:188} INFO - [2024-04-05T23:13:07.841+0000] {dagbag.py:540} INFO - Filling up the DagBag from /home/airflow/.local/lib/python3.8/site-packages/airflow/example_dags/example_branch_labels.py
[2024-04-05T23:13:07.851+0000] {processor.py:840} INFO - DAG(s) 'example_branch_labels' retrieved from /home/airflow/.local/lib/python3.8/site-packages/airflow/example_dags/example_branch_labels.py
[2024-04-05T23:13:07.880+0000] {logging_mixin.py:188} INFO - [2024-04-05T23:13:07.880+0000] {dag.py:3047} INFO - Sync 1 DAGs
[2024-04-05T23:13:07.907+0000] {logging_mixin.py:188} INFO - [2024-04-05T23:13:07.907+0000] {dag.py:3834} INFO - Setting next_dagrun for example_branch_labels to 2024-04-04 00:00:00+00:00, run_after=2024-04-05 00:00:00+00:00
[2024-04-05T23:13:07.929+0000] {processor.py:183} INFO - Processing /home/airflow/.local/lib/python3.8/site-packages/airflow/example_dags/example_branch_labels.py took 0.095 seconds
[2024-04-05T23:13:38.467+0000] {processor.py:161} INFO - Started process (PID=1842) to work on /home/airflow/.local/lib/python3.8/site-packages/airflow/example_dags/example_branch_labels.py
[2024-04-05T23:13:38.468+0000] {processor.py:830} INFO - Processing file /home/airflow/.local/lib/python3.8/site-packages/airflow/example_dags/example_branch_labels.py for tasks to queue
[2024-04-05T23:13:38.471+0000] {logging_mixin.py:188} INFO - [2024-04-05T23:13:38.470+0000] {dagbag.py:540} INFO - Filling up the DagBag from /home/airflow/.local/lib/python3.8/site-packages/airflow/example_dags/example_branch_labels.py
[2024-04-05T23:13:38.482+0000] {processor.py:840} INFO - DAG(s) 'example_branch_labels' retrieved from /home/airflow/.local/lib/python3.8/site-packages/airflow/example_dags/example_branch_labels.py
[2024-04-05T23:13:38.507+0000] {logging_mixin.py:188} INFO - [2024-04-05T23:13:38.507+0000] {dag.py:3047} INFO - Sync 1 DAGs
[2024-04-05T23:13:38.536+0000] {logging_mixin.py:188} INFO - [2024-04-05T23:13:38.536+0000] {dag.py:3834} INFO - Setting next_dagrun for example_branch_labels to 2024-04-04 00:00:00+00:00, run_after=2024-04-05 00:00:00+00:00
[2024-04-05T23:13:38.581+0000] {processor.py:183} INFO - Processing /home/airflow/.local/lib/python3.8/site-packages/airflow/example_dags/example_branch_labels.py took 0.120 seconds
[2024-04-05T23:14:08.958+0000] {processor.py:161} INFO - Started process (PID=1897) to work on /home/airflow/.local/lib/python3.8/site-packages/airflow/example_dags/example_branch_labels.py
[2024-04-05T23:14:08.959+0000] {processor.py:830} INFO - Processing file /home/airflow/.local/lib/python3.8/site-packages/airflow/example_dags/example_branch_labels.py for tasks to queue
[2024-04-05T23:14:08.962+0000] {logging_mixin.py:188} INFO - [2024-04-05T23:14:08.962+0000] {dagbag.py:540} INFO - Filling up the DagBag from /home/airflow/.local/lib/python3.8/site-packages/airflow/example_dags/example_branch_labels.py
[2024-04-05T23:14:08.972+0000] {processor.py:840} INFO - DAG(s) 'example_branch_labels' retrieved from /home/airflow/.local/lib/python3.8/site-packages/airflow/example_dags/example_branch_labels.py
[2024-04-05T23:14:09.000+0000] {logging_mixin.py:188} INFO - [2024-04-05T23:14:08.999+0000] {dag.py:3047} INFO - Sync 1 DAGs
[2024-04-05T23:14:09.024+0000] {logging_mixin.py:188} INFO - [2024-04-05T23:14:09.023+0000] {dag.py:3834} INFO - Setting next_dagrun for example_branch_labels to 2024-04-04 00:00:00+00:00, run_after=2024-04-05 00:00:00+00:00
[2024-04-05T23:14:09.044+0000] {processor.py:183} INFO - Processing /home/airflow/.local/lib/python3.8/site-packages/airflow/example_dags/example_branch_labels.py took 0.090 seconds
[2024-04-05T23:14:39.311+0000] {processor.py:161} INFO - Started process (PID=1952) to work on /home/airflow/.local/lib/python3.8/site-packages/airflow/example_dags/example_branch_labels.py
[2024-04-05T23:14:39.312+0000] {processor.py:830} INFO - Processing file /home/airflow/.local/lib/python3.8/site-packages/airflow/example_dags/example_branch_labels.py for tasks to queue
[2024-04-05T23:14:39.314+0000] {logging_mixin.py:188} INFO - [2024-04-05T23:14:39.314+0000] {dagbag.py:540} INFO - Filling up the DagBag from /home/airflow/.local/lib/python3.8/site-packages/airflow/example_dags/example_branch_labels.py
[2024-04-05T23:14:39.323+0000] {processor.py:840} INFO - DAG(s) 'example_branch_labels' retrieved from /home/airflow/.local/lib/python3.8/site-packages/airflow/example_dags/example_branch_labels.py
[2024-04-05T23:14:39.349+0000] {logging_mixin.py:188} INFO - [2024-04-05T23:14:39.349+0000] {dag.py:3047} INFO - Sync 1 DAGs
[2024-04-05T23:14:39.372+0000] {logging_mixin.py:188} INFO - [2024-04-05T23:14:39.371+0000] {dag.py:3834} INFO - Setting next_dagrun for example_branch_labels to 2024-04-04 00:00:00+00:00, run_after=2024-04-05 00:00:00+00:00
[2024-04-05T23:14:39.438+0000] {processor.py:183} INFO - Processing /home/airflow/.local/lib/python3.8/site-packages/airflow/example_dags/example_branch_labels.py took 0.131 seconds
[2024-04-05T23:15:09.749+0000] {processor.py:161} INFO - Started process (PID=2007) to work on /home/airflow/.local/lib/python3.8/site-packages/airflow/example_dags/example_branch_labels.py
[2024-04-05T23:15:09.750+0000] {processor.py:830} INFO - Processing file /home/airflow/.local/lib/python3.8/site-packages/airflow/example_dags/example_branch_labels.py for tasks to queue
[2024-04-05T23:15:09.752+0000] {logging_mixin.py:188} INFO - [2024-04-05T23:15:09.752+0000] {dagbag.py:540} INFO - Filling up the DagBag from /home/airflow/.local/lib/python3.8/site-packages/airflow/example_dags/example_branch_labels.py
[2024-04-05T23:15:09.764+0000] {processor.py:840} INFO - DAG(s) 'example_branch_labels' retrieved from /home/airflow/.local/lib/python3.8/site-packages/airflow/example_dags/example_branch_labels.py
[2024-04-05T23:15:09.788+0000] {logging_mixin.py:188} INFO - [2024-04-05T23:15:09.788+0000] {dag.py:3047} INFO - Sync 1 DAGs
[2024-04-05T23:15:09.812+0000] {logging_mixin.py:188} INFO - [2024-04-05T23:15:09.812+0000] {dag.py:3834} INFO - Setting next_dagrun for example_branch_labels to 2024-04-04 00:00:00+00:00, run_after=2024-04-05 00:00:00+00:00
[2024-04-05T23:15:09.831+0000] {processor.py:183} INFO - Processing /home/airflow/.local/lib/python3.8/site-packages/airflow/example_dags/example_branch_labels.py took 0.087 seconds
[2024-04-05T23:15:40.573+0000] {processor.py:161} INFO - Started process (PID=2062) to work on /home/airflow/.local/lib/python3.8/site-packages/airflow/example_dags/example_branch_labels.py
[2024-04-05T23:15:40.574+0000] {processor.py:830} INFO - Processing file /home/airflow/.local/lib/python3.8/site-packages/airflow/example_dags/example_branch_labels.py for tasks to queue
[2024-04-05T23:15:40.577+0000] {logging_mixin.py:188} INFO - [2024-04-05T23:15:40.576+0000] {dagbag.py:540} INFO - Filling up the DagBag from /home/airflow/.local/lib/python3.8/site-packages/airflow/example_dags/example_branch_labels.py
[2024-04-05T23:15:40.586+0000] {processor.py:840} INFO - DAG(s) 'example_branch_labels' retrieved from /home/airflow/.local/lib/python3.8/site-packages/airflow/example_dags/example_branch_labels.py
[2024-04-05T23:15:40.610+0000] {logging_mixin.py:188} INFO - [2024-04-05T23:15:40.609+0000] {dag.py:3047} INFO - Sync 1 DAGs
[2024-04-05T23:15:40.635+0000] {logging_mixin.py:188} INFO - [2024-04-05T23:15:40.635+0000] {dag.py:3834} INFO - Setting next_dagrun for example_branch_labels to 2024-04-04 00:00:00+00:00, run_after=2024-04-05 00:00:00+00:00
[2024-04-05T23:15:40.693+0000] {processor.py:183} INFO - Processing /home/airflow/.local/lib/python3.8/site-packages/airflow/example_dags/example_branch_labels.py took 0.128 seconds
[2024-04-05T23:16:10.878+0000] {processor.py:161} INFO - Started process (PID=2117) to work on /home/airflow/.local/lib/python3.8/site-packages/airflow/example_dags/example_branch_labels.py
[2024-04-05T23:16:10.879+0000] {processor.py:830} INFO - Processing file /home/airflow/.local/lib/python3.8/site-packages/airflow/example_dags/example_branch_labels.py for tasks to queue
[2024-04-05T23:16:10.885+0000] {logging_mixin.py:188} INFO - [2024-04-05T23:16:10.884+0000] {dagbag.py:540} INFO - Filling up the DagBag from /home/airflow/.local/lib/python3.8/site-packages/airflow/example_dags/example_branch_labels.py
[2024-04-05T23:16:10.897+0000] {processor.py:840} INFO - DAG(s) 'example_branch_labels' retrieved from /home/airflow/.local/lib/python3.8/site-packages/airflow/example_dags/example_branch_labels.py
[2024-04-05T23:16:10.921+0000] {logging_mixin.py:188} INFO - [2024-04-05T23:16:10.921+0000] {dag.py:3047} INFO - Sync 1 DAGs
[2024-04-05T23:16:10.947+0000] {logging_mixin.py:188} INFO - [2024-04-05T23:16:10.947+0000] {dag.py:3834} INFO - Setting next_dagrun for example_branch_labels to 2024-04-04 00:00:00+00:00, run_after=2024-04-05 00:00:00+00:00
[2024-04-05T23:16:10.968+0000] {processor.py:183} INFO - Processing /home/airflow/.local/lib/python3.8/site-packages/airflow/example_dags/example_branch_labels.py took 0.094 seconds
[2024-04-05T23:16:41.774+0000] {processor.py:161} INFO - Started process (PID=2172) to work on /home/airflow/.local/lib/python3.8/site-packages/airflow/example_dags/example_branch_labels.py
[2024-04-05T23:16:41.775+0000] {processor.py:830} INFO - Processing file /home/airflow/.local/lib/python3.8/site-packages/airflow/example_dags/example_branch_labels.py for tasks to queue
[2024-04-05T23:16:41.777+0000] {logging_mixin.py:188} INFO - [2024-04-05T23:16:41.777+0000] {dagbag.py:540} INFO - Filling up the DagBag from /home/airflow/.local/lib/python3.8/site-packages/airflow/example_dags/example_branch_labels.py
[2024-04-05T23:16:41.788+0000] {processor.py:840} INFO - DAG(s) 'example_branch_labels' retrieved from /home/airflow/.local/lib/python3.8/site-packages/airflow/example_dags/example_branch_labels.py
[2024-04-05T23:16:41.821+0000] {logging_mixin.py:188} INFO - [2024-04-05T23:16:41.821+0000] {dag.py:3047} INFO - Sync 1 DAGs
[2024-04-05T23:16:41.848+0000] {logging_mixin.py:188} INFO - [2024-04-05T23:16:41.848+0000] {dag.py:3834} INFO - Setting next_dagrun for example_branch_labels to 2024-04-04 00:00:00+00:00, run_after=2024-04-05 00:00:00+00:00
[2024-04-05T23:16:41.871+0000] {processor.py:183} INFO - Processing /home/airflow/.local/lib/python3.8/site-packages/airflow/example_dags/example_branch_labels.py took 0.101 seconds
[2024-04-05T23:17:12.213+0000] {processor.py:161} INFO - Started process (PID=2227) to work on /home/airflow/.local/lib/python3.8/site-packages/airflow/example_dags/example_branch_labels.py
[2024-04-05T23:17:12.214+0000] {processor.py:830} INFO - Processing file /home/airflow/.local/lib/python3.8/site-packages/airflow/example_dags/example_branch_labels.py for tasks to queue
[2024-04-05T23:17:12.218+0000] {logging_mixin.py:188} INFO - [2024-04-05T23:17:12.217+0000] {dagbag.py:540} INFO - Filling up the DagBag from /home/airflow/.local/lib/python3.8/site-packages/airflow/example_dags/example_branch_labels.py
[2024-04-05T23:17:12.227+0000] {processor.py:840} INFO - DAG(s) 'example_branch_labels' retrieved from /home/airflow/.local/lib/python3.8/site-packages/airflow/example_dags/example_branch_labels.py
[2024-04-05T23:17:12.250+0000] {logging_mixin.py:188} INFO - [2024-04-05T23:17:12.250+0000] {dag.py:3047} INFO - Sync 1 DAGs
[2024-04-05T23:17:12.280+0000] {logging_mixin.py:188} INFO - [2024-04-05T23:17:12.279+0000] {dag.py:3834} INFO - Setting next_dagrun for example_branch_labels to 2024-04-04 00:00:00+00:00, run_after=2024-04-05 00:00:00+00:00
[2024-04-05T23:17:12.299+0000] {processor.py:183} INFO - Processing /home/airflow/.local/lib/python3.8/site-packages/airflow/example_dags/example_branch_labels.py took 0.088 seconds
[2024-04-05T23:17:42.950+0000] {processor.py:161} INFO - Started process (PID=2282) to work on /home/airflow/.local/lib/python3.8/site-packages/airflow/example_dags/example_branch_labels.py
[2024-04-05T23:17:42.952+0000] {processor.py:830} INFO - Processing file /home/airflow/.local/lib/python3.8/site-packages/airflow/example_dags/example_branch_labels.py for tasks to queue
[2024-04-05T23:17:42.954+0000] {logging_mixin.py:188} INFO - [2024-04-05T23:17:42.954+0000] {dagbag.py:540} INFO - Filling up the DagBag from /home/airflow/.local/lib/python3.8/site-packages/airflow/example_dags/example_branch_labels.py
[2024-04-05T23:17:42.963+0000] {processor.py:840} INFO - DAG(s) 'example_branch_labels' retrieved from /home/airflow/.local/lib/python3.8/site-packages/airflow/example_dags/example_branch_labels.py
[2024-04-05T23:17:42.984+0000] {logging_mixin.py:188} INFO - [2024-04-05T23:17:42.984+0000] {dag.py:3047} INFO - Sync 1 DAGs
[2024-04-05T23:17:43.007+0000] {logging_mixin.py:188} INFO - [2024-04-05T23:17:43.007+0000] {dag.py:3834} INFO - Setting next_dagrun for example_branch_labels to 2024-04-04 00:00:00+00:00, run_after=2024-04-05 00:00:00+00:00
[2024-04-05T23:17:43.069+0000] {processor.py:183} INFO - Processing /home/airflow/.local/lib/python3.8/site-packages/airflow/example_dags/example_branch_labels.py took 0.123 seconds
[2024-04-05T23:18:13.208+0000] {processor.py:161} INFO - Started process (PID=2337) to work on /home/airflow/.local/lib/python3.8/site-packages/airflow/example_dags/example_branch_labels.py
[2024-04-05T23:18:13.209+0000] {processor.py:830} INFO - Processing file /home/airflow/.local/lib/python3.8/site-packages/airflow/example_dags/example_branch_labels.py for tasks to queue
[2024-04-05T23:18:13.211+0000] {logging_mixin.py:188} INFO - [2024-04-05T23:18:13.211+0000] {dagbag.py:540} INFO - Filling up the DagBag from /home/airflow/.local/lib/python3.8/site-packages/airflow/example_dags/example_branch_labels.py
[2024-04-05T23:18:13.222+0000] {processor.py:840} INFO - DAG(s) 'example_branch_labels' retrieved from /home/airflow/.local/lib/python3.8/site-packages/airflow/example_dags/example_branch_labels.py
[2024-04-05T23:18:13.240+0000] {logging_mixin.py:188} INFO - [2024-04-05T23:18:13.240+0000] {dag.py:3047} INFO - Sync 1 DAGs
[2024-04-05T23:18:13.259+0000] {logging_mixin.py:188} INFO - [2024-04-05T23:18:13.259+0000] {dag.py:3834} INFO - Setting next_dagrun for example_branch_labels to 2024-04-04 00:00:00+00:00, run_after=2024-04-05 00:00:00+00:00
[2024-04-05T23:18:13.273+0000] {processor.py:183} INFO - Processing /home/airflow/.local/lib/python3.8/site-packages/airflow/example_dags/example_branch_labels.py took 0.069 seconds
[2024-04-05T23:18:43.405+0000] {processor.py:161} INFO - Started process (PID=2392) to work on /home/airflow/.local/lib/python3.8/site-packages/airflow/example_dags/example_branch_labels.py
[2024-04-05T23:18:43.407+0000] {processor.py:830} INFO - Processing file /home/airflow/.local/lib/python3.8/site-packages/airflow/example_dags/example_branch_labels.py for tasks to queue
[2024-04-05T23:18:43.409+0000] {logging_mixin.py:188} INFO - [2024-04-05T23:18:43.408+0000] {dagbag.py:540} INFO - Filling up the DagBag from /home/airflow/.local/lib/python3.8/site-packages/airflow/example_dags/example_branch_labels.py
[2024-04-05T23:18:43.417+0000] {processor.py:840} INFO - DAG(s) 'example_branch_labels' retrieved from /home/airflow/.local/lib/python3.8/site-packages/airflow/example_dags/example_branch_labels.py
[2024-04-05T23:18:43.438+0000] {logging_mixin.py:188} INFO - [2024-04-05T23:18:43.438+0000] {dag.py:3047} INFO - Sync 1 DAGs
[2024-04-05T23:18:43.464+0000] {logging_mixin.py:188} INFO - [2024-04-05T23:18:43.464+0000] {dag.py:3834} INFO - Setting next_dagrun for example_branch_labels to 2024-04-04 00:00:00+00:00, run_after=2024-04-05 00:00:00+00:00
[2024-04-05T23:18:43.483+0000] {processor.py:183} INFO - Processing /home/airflow/.local/lib/python3.8/site-packages/airflow/example_dags/example_branch_labels.py took 0.081 seconds
[2024-04-05T23:19:13.798+0000] {processor.py:161} INFO - Started process (PID=2447) to work on /home/airflow/.local/lib/python3.8/site-packages/airflow/example_dags/example_branch_labels.py
[2024-04-05T23:19:13.799+0000] {processor.py:830} INFO - Processing file /home/airflow/.local/lib/python3.8/site-packages/airflow/example_dags/example_branch_labels.py for tasks to queue
[2024-04-05T23:19:13.802+0000] {logging_mixin.py:188} INFO - [2024-04-05T23:19:13.801+0000] {dagbag.py:540} INFO - Filling up the DagBag from /home/airflow/.local/lib/python3.8/site-packages/airflow/example_dags/example_branch_labels.py
[2024-04-05T23:19:13.813+0000] {processor.py:840} INFO - DAG(s) 'example_branch_labels' retrieved from /home/airflow/.local/lib/python3.8/site-packages/airflow/example_dags/example_branch_labels.py
[2024-04-05T23:19:13.845+0000] {logging_mixin.py:188} INFO - [2024-04-05T23:19:13.845+0000] {dag.py:3047} INFO - Sync 1 DAGs
[2024-04-05T23:19:13.873+0000] {logging_mixin.py:188} INFO - [2024-04-05T23:19:13.873+0000] {dag.py:3834} INFO - Setting next_dagrun for example_branch_labels to 2024-04-04 00:00:00+00:00, run_after=2024-04-05 00:00:00+00:00
[2024-04-05T23:19:13.895+0000] {processor.py:183} INFO - Processing /home/airflow/.local/lib/python3.8/site-packages/airflow/example_dags/example_branch_labels.py took 0.101 seconds
[2024-04-05T23:19:44.208+0000] {processor.py:161} INFO - Started process (PID=2502) to work on /home/airflow/.local/lib/python3.8/site-packages/airflow/example_dags/example_branch_labels.py
[2024-04-05T23:19:44.210+0000] {processor.py:830} INFO - Processing file /home/airflow/.local/lib/python3.8/site-packages/airflow/example_dags/example_branch_labels.py for tasks to queue
[2024-04-05T23:19:44.213+0000] {logging_mixin.py:188} INFO - [2024-04-05T23:19:44.212+0000] {dagbag.py:540} INFO - Filling up the DagBag from /home/airflow/.local/lib/python3.8/site-packages/airflow/example_dags/example_branch_labels.py
[2024-04-05T23:19:44.221+0000] {processor.py:840} INFO - DAG(s) 'example_branch_labels' retrieved from /home/airflow/.local/lib/python3.8/site-packages/airflow/example_dags/example_branch_labels.py
[2024-04-05T23:19:44.247+0000] {logging_mixin.py:188} INFO - [2024-04-05T23:19:44.246+0000] {dag.py:3047} INFO - Sync 1 DAGs
[2024-04-05T23:19:44.268+0000] {logging_mixin.py:188} INFO - [2024-04-05T23:19:44.268+0000] {dag.py:3834} INFO - Setting next_dagrun for example_branch_labels to 2024-04-04 00:00:00+00:00, run_after=2024-04-05 00:00:00+00:00
[2024-04-05T23:19:44.288+0000] {processor.py:183} INFO - Processing /home/airflow/.local/lib/python3.8/site-packages/airflow/example_dags/example_branch_labels.py took 0.083 seconds
[2024-04-05T23:20:14.601+0000] {processor.py:161} INFO - Started process (PID=2557) to work on /home/airflow/.local/lib/python3.8/site-packages/airflow/example_dags/example_branch_labels.py
[2024-04-05T23:20:14.603+0000] {processor.py:830} INFO - Processing file /home/airflow/.local/lib/python3.8/site-packages/airflow/example_dags/example_branch_labels.py for tasks to queue
[2024-04-05T23:20:14.605+0000] {logging_mixin.py:188} INFO - [2024-04-05T23:20:14.605+0000] {dagbag.py:540} INFO - Filling up the DagBag from /home/airflow/.local/lib/python3.8/site-packages/airflow/example_dags/example_branch_labels.py
[2024-04-05T23:20:14.616+0000] {processor.py:840} INFO - DAG(s) 'example_branch_labels' retrieved from /home/airflow/.local/lib/python3.8/site-packages/airflow/example_dags/example_branch_labels.py
[2024-04-05T23:20:14.643+0000] {logging_mixin.py:188} INFO - [2024-04-05T23:20:14.643+0000] {dag.py:3047} INFO - Sync 1 DAGs
[2024-04-05T23:20:14.671+0000] {logging_mixin.py:188} INFO - [2024-04-05T23:20:14.671+0000] {dag.py:3834} INFO - Setting next_dagrun for example_branch_labels to 2024-04-04 00:00:00+00:00, run_after=2024-04-05 00:00:00+00:00
[2024-04-05T23:20:14.732+0000] {processor.py:183} INFO - Processing /home/airflow/.local/lib/python3.8/site-packages/airflow/example_dags/example_branch_labels.py took 0.134 seconds
[2024-04-05T23:20:45.289+0000] {processor.py:161} INFO - Started process (PID=2612) to work on /home/airflow/.local/lib/python3.8/site-packages/airflow/example_dags/example_branch_labels.py
[2024-04-05T23:20:45.291+0000] {processor.py:830} INFO - Processing file /home/airflow/.local/lib/python3.8/site-packages/airflow/example_dags/example_branch_labels.py for tasks to queue
[2024-04-05T23:20:45.293+0000] {logging_mixin.py:188} INFO - [2024-04-05T23:20:45.293+0000] {dagbag.py:540} INFO - Filling up the DagBag from /home/airflow/.local/lib/python3.8/site-packages/airflow/example_dags/example_branch_labels.py
[2024-04-05T23:20:45.301+0000] {processor.py:840} INFO - DAG(s) 'example_branch_labels' retrieved from /home/airflow/.local/lib/python3.8/site-packages/airflow/example_dags/example_branch_labels.py
[2024-04-05T23:20:45.327+0000] {logging_mixin.py:188} INFO - [2024-04-05T23:20:45.326+0000] {dag.py:3047} INFO - Sync 1 DAGs
[2024-04-05T23:20:45.354+0000] {logging_mixin.py:188} INFO - [2024-04-05T23:20:45.354+0000] {dag.py:3834} INFO - Setting next_dagrun for example_branch_labels to 2024-04-04 00:00:00+00:00, run_after=2024-04-05 00:00:00+00:00
[2024-04-05T23:20:45.417+0000] {processor.py:183} INFO - Processing /home/airflow/.local/lib/python3.8/site-packages/airflow/example_dags/example_branch_labels.py took 0.133 seconds
[2024-04-05T23:21:15.761+0000] {processor.py:161} INFO - Started process (PID=2667) to work on /home/airflow/.local/lib/python3.8/site-packages/airflow/example_dags/example_branch_labels.py
[2024-04-05T23:21:15.762+0000] {processor.py:830} INFO - Processing file /home/airflow/.local/lib/python3.8/site-packages/airflow/example_dags/example_branch_labels.py for tasks to queue
[2024-04-05T23:21:15.765+0000] {logging_mixin.py:188} INFO - [2024-04-05T23:21:15.764+0000] {dagbag.py:540} INFO - Filling up the DagBag from /home/airflow/.local/lib/python3.8/site-packages/airflow/example_dags/example_branch_labels.py
[2024-04-05T23:21:15.772+0000] {processor.py:840} INFO - DAG(s) 'example_branch_labels' retrieved from /home/airflow/.local/lib/python3.8/site-packages/airflow/example_dags/example_branch_labels.py
[2024-04-05T23:21:15.795+0000] {logging_mixin.py:188} INFO - [2024-04-05T23:21:15.795+0000] {dag.py:3047} INFO - Sync 1 DAGs
[2024-04-05T23:21:15.816+0000] {logging_mixin.py:188} INFO - [2024-04-05T23:21:15.816+0000] {dag.py:3834} INFO - Setting next_dagrun for example_branch_labels to 2024-04-04 00:00:00+00:00, run_after=2024-04-05 00:00:00+00:00
[2024-04-05T23:21:15.883+0000] {processor.py:183} INFO - Processing /home/airflow/.local/lib/python3.8/site-packages/airflow/example_dags/example_branch_labels.py took 0.125 seconds
[2024-04-05T23:21:46.667+0000] {processor.py:161} INFO - Started process (PID=2722) to work on /home/airflow/.local/lib/python3.8/site-packages/airflow/example_dags/example_branch_labels.py
[2024-04-05T23:21:46.668+0000] {processor.py:830} INFO - Processing file /home/airflow/.local/lib/python3.8/site-packages/airflow/example_dags/example_branch_labels.py for tasks to queue
[2024-04-05T23:21:46.671+0000] {logging_mixin.py:188} INFO - [2024-04-05T23:21:46.671+0000] {dagbag.py:540} INFO - Filling up the DagBag from /home/airflow/.local/lib/python3.8/site-packages/airflow/example_dags/example_branch_labels.py
[2024-04-05T23:21:46.679+0000] {processor.py:840} INFO - DAG(s) 'example_branch_labels' retrieved from /home/airflow/.local/lib/python3.8/site-packages/airflow/example_dags/example_branch_labels.py
[2024-04-05T23:21:46.699+0000] {logging_mixin.py:188} INFO - [2024-04-05T23:21:46.699+0000] {dag.py:3047} INFO - Sync 1 DAGs
[2024-04-05T23:21:46.719+0000] {logging_mixin.py:188} INFO - [2024-04-05T23:21:46.719+0000] {dag.py:3834} INFO - Setting next_dagrun for example_branch_labels to 2024-04-04 00:00:00+00:00, run_after=2024-04-05 00:00:00+00:00
[2024-04-05T23:21:46.738+0000] {processor.py:183} INFO - Processing /home/airflow/.local/lib/python3.8/site-packages/airflow/example_dags/example_branch_labels.py took 0.073 seconds
[2024-04-05T23:22:16.892+0000] {processor.py:161} INFO - Started process (PID=2776) to work on /home/airflow/.local/lib/python3.8/site-packages/airflow/example_dags/example_branch_labels.py
[2024-04-05T23:22:16.893+0000] {processor.py:830} INFO - Processing file /home/airflow/.local/lib/python3.8/site-packages/airflow/example_dags/example_branch_labels.py for tasks to queue
[2024-04-05T23:22:16.896+0000] {logging_mixin.py:188} INFO - [2024-04-05T23:22:16.896+0000] {dagbag.py:540} INFO - Filling up the DagBag from /home/airflow/.local/lib/python3.8/site-packages/airflow/example_dags/example_branch_labels.py
[2024-04-05T23:22:16.908+0000] {processor.py:840} INFO - DAG(s) 'example_branch_labels' retrieved from /home/airflow/.local/lib/python3.8/site-packages/airflow/example_dags/example_branch_labels.py
[2024-04-05T23:22:16.934+0000] {logging_mixin.py:188} INFO - [2024-04-05T23:22:16.933+0000] {dag.py:3047} INFO - Sync 1 DAGs
[2024-04-05T23:22:16.962+0000] {logging_mixin.py:188} INFO - [2024-04-05T23:22:16.962+0000] {dag.py:3834} INFO - Setting next_dagrun for example_branch_labels to 2024-04-04 00:00:00+00:00, run_after=2024-04-05 00:00:00+00:00
[2024-04-05T23:22:17.029+0000] {processor.py:183} INFO - Processing /home/airflow/.local/lib/python3.8/site-packages/airflow/example_dags/example_branch_labels.py took 0.141 seconds
[2024-04-05T23:22:47.200+0000] {processor.py:161} INFO - Started process (PID=2830) to work on /home/airflow/.local/lib/python3.8/site-packages/airflow/example_dags/example_branch_labels.py
[2024-04-05T23:22:47.202+0000] {processor.py:830} INFO - Processing file /home/airflow/.local/lib/python3.8/site-packages/airflow/example_dags/example_branch_labels.py for tasks to queue
[2024-04-05T23:22:47.205+0000] {logging_mixin.py:188} INFO - [2024-04-05T23:22:47.204+0000] {dagbag.py:540} INFO - Filling up the DagBag from /home/airflow/.local/lib/python3.8/site-packages/airflow/example_dags/example_branch_labels.py
[2024-04-05T23:22:47.218+0000] {processor.py:840} INFO - DAG(s) 'example_branch_labels' retrieved from /home/airflow/.local/lib/python3.8/site-packages/airflow/example_dags/example_branch_labels.py
[2024-04-05T23:22:47.244+0000] {logging_mixin.py:188} INFO - [2024-04-05T23:22:47.243+0000] {dag.py:3047} INFO - Sync 1 DAGs
[2024-04-05T23:22:47.266+0000] {logging_mixin.py:188} INFO - [2024-04-05T23:22:47.266+0000] {dag.py:3834} INFO - Setting next_dagrun for example_branch_labels to 2024-04-04 00:00:00+00:00, run_after=2024-04-05 00:00:00+00:00
[2024-04-05T23:22:47.285+0000] {processor.py:183} INFO - Processing /home/airflow/.local/lib/python3.8/site-packages/airflow/example_dags/example_branch_labels.py took 0.090 seconds
[2024-04-05T23:23:17.499+0000] {processor.py:161} INFO - Started process (PID=2885) to work on /home/airflow/.local/lib/python3.8/site-packages/airflow/example_dags/example_branch_labels.py
[2024-04-05T23:23:17.500+0000] {processor.py:830} INFO - Processing file /home/airflow/.local/lib/python3.8/site-packages/airflow/example_dags/example_branch_labels.py for tasks to queue
[2024-04-05T23:23:17.503+0000] {logging_mixin.py:188} INFO - [2024-04-05T23:23:17.502+0000] {dagbag.py:540} INFO - Filling up the DagBag from /home/airflow/.local/lib/python3.8/site-packages/airflow/example_dags/example_branch_labels.py
[2024-04-05T23:23:17.510+0000] {processor.py:840} INFO - DAG(s) 'example_branch_labels' retrieved from /home/airflow/.local/lib/python3.8/site-packages/airflow/example_dags/example_branch_labels.py
[2024-04-05T23:23:17.538+0000] {logging_mixin.py:188} INFO - [2024-04-05T23:23:17.537+0000] {dag.py:3047} INFO - Sync 1 DAGs
[2024-04-05T23:23:17.558+0000] {logging_mixin.py:188} INFO - [2024-04-05T23:23:17.557+0000] {dag.py:3834} INFO - Setting next_dagrun for example_branch_labels to 2024-04-04 00:00:00+00:00, run_after=2024-04-05 00:00:00+00:00
[2024-04-05T23:23:17.623+0000] {processor.py:183} INFO - Processing /home/airflow/.local/lib/python3.8/site-packages/airflow/example_dags/example_branch_labels.py took 0.128 seconds
[2024-04-05T23:23:48.337+0000] {processor.py:161} INFO - Started process (PID=2941) to work on /home/airflow/.local/lib/python3.8/site-packages/airflow/example_dags/example_branch_labels.py
[2024-04-05T23:23:48.339+0000] {processor.py:830} INFO - Processing file /home/airflow/.local/lib/python3.8/site-packages/airflow/example_dags/example_branch_labels.py for tasks to queue
[2024-04-05T23:23:48.342+0000] {logging_mixin.py:188} INFO - [2024-04-05T23:23:48.342+0000] {dagbag.py:540} INFO - Filling up the DagBag from /home/airflow/.local/lib/python3.8/site-packages/airflow/example_dags/example_branch_labels.py
[2024-04-05T23:23:48.352+0000] {processor.py:840} INFO - DAG(s) 'example_branch_labels' retrieved from /home/airflow/.local/lib/python3.8/site-packages/airflow/example_dags/example_branch_labels.py
[2024-04-05T23:23:48.379+0000] {logging_mixin.py:188} INFO - [2024-04-05T23:23:48.379+0000] {dag.py:3047} INFO - Sync 1 DAGs
[2024-04-05T23:23:48.403+0000] {logging_mixin.py:188} INFO - [2024-04-05T23:23:48.402+0000] {dag.py:3834} INFO - Setting next_dagrun for example_branch_labels to 2024-04-04 00:00:00+00:00, run_after=2024-04-05 00:00:00+00:00
[2024-04-05T23:23:48.466+0000] {processor.py:183} INFO - Processing /home/airflow/.local/lib/python3.8/site-packages/airflow/example_dags/example_branch_labels.py took 0.134 seconds
[2024-04-05T23:24:18.707+0000] {processor.py:161} INFO - Started process (PID=2997) to work on /home/airflow/.local/lib/python3.8/site-packages/airflow/example_dags/example_branch_labels.py
[2024-04-05T23:24:18.708+0000] {processor.py:830} INFO - Processing file /home/airflow/.local/lib/python3.8/site-packages/airflow/example_dags/example_branch_labels.py for tasks to queue
[2024-04-05T23:24:18.710+0000] {logging_mixin.py:188} INFO - [2024-04-05T23:24:18.710+0000] {dagbag.py:540} INFO - Filling up the DagBag from /home/airflow/.local/lib/python3.8/site-packages/airflow/example_dags/example_branch_labels.py
[2024-04-05T23:24:18.719+0000] {processor.py:840} INFO - DAG(s) 'example_branch_labels' retrieved from /home/airflow/.local/lib/python3.8/site-packages/airflow/example_dags/example_branch_labels.py
[2024-04-05T23:24:18.742+0000] {logging_mixin.py:188} INFO - [2024-04-05T23:24:18.741+0000] {dag.py:3047} INFO - Sync 1 DAGs
[2024-04-05T23:24:18.766+0000] {logging_mixin.py:188} INFO - [2024-04-05T23:24:18.765+0000] {dag.py:3834} INFO - Setting next_dagrun for example_branch_labels to 2024-04-04 00:00:00+00:00, run_after=2024-04-05 00:00:00+00:00
[2024-04-05T23:24:18.830+0000] {processor.py:183} INFO - Processing /home/airflow/.local/lib/python3.8/site-packages/airflow/example_dags/example_branch_labels.py took 0.126 seconds
[2024-04-05T23:24:48.921+0000] {processor.py:161} INFO - Started process (PID=3053) to work on /home/airflow/.local/lib/python3.8/site-packages/airflow/example_dags/example_branch_labels.py
[2024-04-05T23:24:48.922+0000] {processor.py:830} INFO - Processing file /home/airflow/.local/lib/python3.8/site-packages/airflow/example_dags/example_branch_labels.py for tasks to queue
[2024-04-05T23:24:48.925+0000] {logging_mixin.py:188} INFO - [2024-04-05T23:24:48.924+0000] {dagbag.py:540} INFO - Filling up the DagBag from /home/airflow/.local/lib/python3.8/site-packages/airflow/example_dags/example_branch_labels.py
[2024-04-05T23:24:48.938+0000] {processor.py:840} INFO - DAG(s) 'example_branch_labels' retrieved from /home/airflow/.local/lib/python3.8/site-packages/airflow/example_dags/example_branch_labels.py
[2024-04-05T23:24:48.963+0000] {logging_mixin.py:188} INFO - [2024-04-05T23:24:48.963+0000] {dag.py:3047} INFO - Sync 1 DAGs
[2024-04-05T23:24:48.987+0000] {logging_mixin.py:188} INFO - [2024-04-05T23:24:48.987+0000] {dag.py:3834} INFO - Setting next_dagrun for example_branch_labels to 2024-04-04 00:00:00+00:00, run_after=2024-04-05 00:00:00+00:00
[2024-04-05T23:24:49.004+0000] {processor.py:183} INFO - Processing /home/airflow/.local/lib/python3.8/site-packages/airflow/example_dags/example_branch_labels.py took 0.087 seconds
[2024-04-05T23:25:19.340+0000] {processor.py:161} INFO - Started process (PID=3108) to work on /home/airflow/.local/lib/python3.8/site-packages/airflow/example_dags/example_branch_labels.py
[2024-04-05T23:25:19.342+0000] {processor.py:830} INFO - Processing file /home/airflow/.local/lib/python3.8/site-packages/airflow/example_dags/example_branch_labels.py for tasks to queue
[2024-04-05T23:25:19.345+0000] {logging_mixin.py:188} INFO - [2024-04-05T23:25:19.344+0000] {dagbag.py:540} INFO - Filling up the DagBag from /home/airflow/.local/lib/python3.8/site-packages/airflow/example_dags/example_branch_labels.py
[2024-04-05T23:25:19.353+0000] {processor.py:840} INFO - DAG(s) 'example_branch_labels' retrieved from /home/airflow/.local/lib/python3.8/site-packages/airflow/example_dags/example_branch_labels.py
[2024-04-05T23:25:19.373+0000] {logging_mixin.py:188} INFO - [2024-04-05T23:25:19.373+0000] {dag.py:3047} INFO - Sync 1 DAGs
[2024-04-05T23:25:19.395+0000] {logging_mixin.py:188} INFO - [2024-04-05T23:25:19.395+0000] {dag.py:3834} INFO - Setting next_dagrun for example_branch_labels to 2024-04-04 00:00:00+00:00, run_after=2024-04-05 00:00:00+00:00
[2024-04-05T23:25:19.460+0000] {processor.py:183} INFO - Processing /home/airflow/.local/lib/python3.8/site-packages/airflow/example_dags/example_branch_labels.py took 0.124 seconds
[2024-04-05T23:25:49.906+0000] {processor.py:161} INFO - Started process (PID=3163) to work on /home/airflow/.local/lib/python3.8/site-packages/airflow/example_dags/example_branch_labels.py
[2024-04-05T23:25:49.908+0000] {processor.py:830} INFO - Processing file /home/airflow/.local/lib/python3.8/site-packages/airflow/example_dags/example_branch_labels.py for tasks to queue
[2024-04-05T23:25:49.911+0000] {logging_mixin.py:188} INFO - [2024-04-05T23:25:49.910+0000] {dagbag.py:540} INFO - Filling up the DagBag from /home/airflow/.local/lib/python3.8/site-packages/airflow/example_dags/example_branch_labels.py
[2024-04-05T23:25:49.922+0000] {processor.py:840} INFO - DAG(s) 'example_branch_labels' retrieved from /home/airflow/.local/lib/python3.8/site-packages/airflow/example_dags/example_branch_labels.py
[2024-04-05T23:25:49.947+0000] {logging_mixin.py:188} INFO - [2024-04-05T23:25:49.946+0000] {dag.py:3047} INFO - Sync 1 DAGs
[2024-04-05T23:25:49.973+0000] {logging_mixin.py:188} INFO - [2024-04-05T23:25:49.972+0000] {dag.py:3834} INFO - Setting next_dagrun for example_branch_labels to 2024-04-04 00:00:00+00:00, run_after=2024-04-05 00:00:00+00:00
[2024-04-05T23:25:49.995+0000] {processor.py:183} INFO - Processing /home/airflow/.local/lib/python3.8/site-packages/airflow/example_dags/example_branch_labels.py took 0.092 seconds
[2024-04-05T23:26:20.323+0000] {processor.py:161} INFO - Started process (PID=3218) to work on /home/airflow/.local/lib/python3.8/site-packages/airflow/example_dags/example_branch_labels.py
[2024-04-05T23:26:20.325+0000] {processor.py:830} INFO - Processing file /home/airflow/.local/lib/python3.8/site-packages/airflow/example_dags/example_branch_labels.py for tasks to queue
[2024-04-05T23:26:20.328+0000] {logging_mixin.py:188} INFO - [2024-04-05T23:26:20.327+0000] {dagbag.py:540} INFO - Filling up the DagBag from /home/airflow/.local/lib/python3.8/site-packages/airflow/example_dags/example_branch_labels.py
[2024-04-05T23:26:20.337+0000] {processor.py:840} INFO - DAG(s) 'example_branch_labels' retrieved from /home/airflow/.local/lib/python3.8/site-packages/airflow/example_dags/example_branch_labels.py
[2024-04-05T23:26:20.358+0000] {logging_mixin.py:188} INFO - [2024-04-05T23:26:20.358+0000] {dag.py:3047} INFO - Sync 1 DAGs
[2024-04-05T23:26:20.383+0000] {logging_mixin.py:188} INFO - [2024-04-05T23:26:20.383+0000] {dag.py:3834} INFO - Setting next_dagrun for example_branch_labels to 2024-04-04 00:00:00+00:00, run_after=2024-04-05 00:00:00+00:00
[2024-04-05T23:26:20.404+0000] {processor.py:183} INFO - Processing /home/airflow/.local/lib/python3.8/site-packages/airflow/example_dags/example_branch_labels.py took 0.085 seconds
[2024-04-05T23:26:50.978+0000] {processor.py:161} INFO - Started process (PID=3273) to work on /home/airflow/.local/lib/python3.8/site-packages/airflow/example_dags/example_branch_labels.py
[2024-04-05T23:26:50.980+0000] {processor.py:830} INFO - Processing file /home/airflow/.local/lib/python3.8/site-packages/airflow/example_dags/example_branch_labels.py for tasks to queue
[2024-04-05T23:26:50.982+0000] {logging_mixin.py:188} INFO - [2024-04-05T23:26:50.982+0000] {dagbag.py:540} INFO - Filling up the DagBag from /home/airflow/.local/lib/python3.8/site-packages/airflow/example_dags/example_branch_labels.py
[2024-04-05T23:26:50.990+0000] {processor.py:840} INFO - DAG(s) 'example_branch_labels' retrieved from /home/airflow/.local/lib/python3.8/site-packages/airflow/example_dags/example_branch_labels.py
[2024-04-05T23:26:51.014+0000] {logging_mixin.py:188} INFO - [2024-04-05T23:26:51.014+0000] {dag.py:3047} INFO - Sync 1 DAGs
[2024-04-05T23:26:51.037+0000] {logging_mixin.py:188} INFO - [2024-04-05T23:26:51.037+0000] {dag.py:3834} INFO - Setting next_dagrun for example_branch_labels to 2024-04-04 00:00:00+00:00, run_after=2024-04-05 00:00:00+00:00
[2024-04-05T23:26:51.098+0000] {processor.py:183} INFO - Processing /home/airflow/.local/lib/python3.8/site-packages/airflow/example_dags/example_branch_labels.py took 0.125 seconds
[2024-04-05T23:27:21.751+0000] {processor.py:161} INFO - Started process (PID=3328) to work on /home/airflow/.local/lib/python3.8/site-packages/airflow/example_dags/example_branch_labels.py
[2024-04-05T23:27:21.753+0000] {processor.py:830} INFO - Processing file /home/airflow/.local/lib/python3.8/site-packages/airflow/example_dags/example_branch_labels.py for tasks to queue
[2024-04-05T23:27:21.756+0000] {logging_mixin.py:188} INFO - [2024-04-05T23:27:21.755+0000] {dagbag.py:540} INFO - Filling up the DagBag from /home/airflow/.local/lib/python3.8/site-packages/airflow/example_dags/example_branch_labels.py
[2024-04-05T23:27:21.766+0000] {processor.py:840} INFO - DAG(s) 'example_branch_labels' retrieved from /home/airflow/.local/lib/python3.8/site-packages/airflow/example_dags/example_branch_labels.py
[2024-04-05T23:27:21.791+0000] {logging_mixin.py:188} INFO - [2024-04-05T23:27:21.790+0000] {dag.py:3047} INFO - Sync 1 DAGs
[2024-04-05T23:27:21.816+0000] {logging_mixin.py:188} INFO - [2024-04-05T23:27:21.816+0000] {dag.py:3834} INFO - Setting next_dagrun for example_branch_labels to 2024-04-04 00:00:00+00:00, run_after=2024-04-05 00:00:00+00:00
[2024-04-05T23:27:21.884+0000] {processor.py:183} INFO - Processing /home/airflow/.local/lib/python3.8/site-packages/airflow/example_dags/example_branch_labels.py took 0.137 seconds
[2024-04-05T23:27:52.025+0000] {processor.py:161} INFO - Started process (PID=3383) to work on /home/airflow/.local/lib/python3.8/site-packages/airflow/example_dags/example_branch_labels.py
[2024-04-05T23:27:52.027+0000] {processor.py:830} INFO - Processing file /home/airflow/.local/lib/python3.8/site-packages/airflow/example_dags/example_branch_labels.py for tasks to queue
[2024-04-05T23:27:52.029+0000] {logging_mixin.py:188} INFO - [2024-04-05T23:27:52.028+0000] {dagbag.py:540} INFO - Filling up the DagBag from /home/airflow/.local/lib/python3.8/site-packages/airflow/example_dags/example_branch_labels.py
[2024-04-05T23:27:52.037+0000] {processor.py:840} INFO - DAG(s) 'example_branch_labels' retrieved from /home/airflow/.local/lib/python3.8/site-packages/airflow/example_dags/example_branch_labels.py
[2024-04-05T23:27:52.060+0000] {logging_mixin.py:188} INFO - [2024-04-05T23:27:52.060+0000] {dag.py:3047} INFO - Sync 1 DAGs
[2024-04-05T23:27:52.081+0000] {logging_mixin.py:188} INFO - [2024-04-05T23:27:52.081+0000] {dag.py:3834} INFO - Setting next_dagrun for example_branch_labels to 2024-04-04 00:00:00+00:00, run_after=2024-04-05 00:00:00+00:00
[2024-04-05T23:27:52.143+0000] {processor.py:183} INFO - Processing /home/airflow/.local/lib/python3.8/site-packages/airflow/example_dags/example_branch_labels.py took 0.122 seconds
[2024-04-05T23:28:22.744+0000] {processor.py:161} INFO - Started process (PID=3438) to work on /home/airflow/.local/lib/python3.8/site-packages/airflow/example_dags/example_branch_labels.py
[2024-04-05T23:28:22.745+0000] {processor.py:830} INFO - Processing file /home/airflow/.local/lib/python3.8/site-packages/airflow/example_dags/example_branch_labels.py for tasks to queue
[2024-04-05T23:28:22.747+0000] {logging_mixin.py:188} INFO - [2024-04-05T23:28:22.747+0000] {dagbag.py:540} INFO - Filling up the DagBag from /home/airflow/.local/lib/python3.8/site-packages/airflow/example_dags/example_branch_labels.py
[2024-04-05T23:28:22.755+0000] {processor.py:840} INFO - DAG(s) 'example_branch_labels' retrieved from /home/airflow/.local/lib/python3.8/site-packages/airflow/example_dags/example_branch_labels.py
[2024-04-05T23:28:22.778+0000] {logging_mixin.py:188} INFO - [2024-04-05T23:28:22.778+0000] {dag.py:3047} INFO - Sync 1 DAGs
[2024-04-05T23:28:22.805+0000] {logging_mixin.py:188} INFO - [2024-04-05T23:28:22.804+0000] {dag.py:3834} INFO - Setting next_dagrun for example_branch_labels to 2024-04-04 00:00:00+00:00, run_after=2024-04-05 00:00:00+00:00
[2024-04-05T23:28:22.869+0000] {processor.py:183} INFO - Processing /home/airflow/.local/lib/python3.8/site-packages/airflow/example_dags/example_branch_labels.py took 0.130 seconds
