[2024-04-05T22:57:18.631+0000] {processor.py:161} INFO - Started process (PID=83) to work on /home/airflow/.local/lib/python3.8/site-packages/airflow/example_dags/tutorial.py
[2024-04-05T22:57:18.633+0000] {processor.py:830} INFO - Processing file /home/airflow/.local/lib/python3.8/site-packages/airflow/example_dags/tutorial.py for tasks to queue
[2024-04-05T22:57:18.636+0000] {logging_mixin.py:188} INFO - [2024-04-05T22:57:18.636+0000] {dagbag.py:540} INFO - Filling up the DagBag from /home/airflow/.local/lib/python3.8/site-packages/airflow/example_dags/tutorial.py
[2024-04-05T22:57:18.650+0000] {processor.py:840} INFO - DAG(s) 'tutorial' retrieved from /home/airflow/.local/lib/python3.8/site-packages/airflow/example_dags/tutorial.py
[2024-04-05T22:57:18.690+0000] {logging_mixin.py:188} INFO - [2024-04-05T22:57:18.690+0000] {dag.py:3047} INFO - Sync 1 DAGs
[2024-04-05T22:57:18.728+0000] {logging_mixin.py:188} INFO - [2024-04-05T22:57:18.728+0000] {dag.py:3834} INFO - Setting next_dagrun for tutorial to 2024-04-04 00:00:00+00:00, run_after=2024-04-05 00:00:00+00:00
[2024-04-05T22:57:19.045+0000] {processor.py:183} INFO - Processing /home/airflow/.local/lib/python3.8/site-packages/airflow/example_dags/tutorial.py took 0.428 seconds
[2024-04-05T22:57:49.333+0000] {processor.py:161} INFO - Started process (PID=138) to work on /home/airflow/.local/lib/python3.8/site-packages/airflow/example_dags/tutorial.py
[2024-04-05T22:57:49.335+0000] {processor.py:830} INFO - Processing file /home/airflow/.local/lib/python3.8/site-packages/airflow/example_dags/tutorial.py for tasks to queue
[2024-04-05T22:57:49.337+0000] {logging_mixin.py:188} INFO - [2024-04-05T22:57:49.337+0000] {dagbag.py:540} INFO - Filling up the DagBag from /home/airflow/.local/lib/python3.8/site-packages/airflow/example_dags/tutorial.py
[2024-04-05T22:57:49.344+0000] {processor.py:840} INFO - DAG(s) 'tutorial' retrieved from /home/airflow/.local/lib/python3.8/site-packages/airflow/example_dags/tutorial.py
[2024-04-05T22:57:49.371+0000] {logging_mixin.py:188} INFO - [2024-04-05T22:57:49.371+0000] {dag.py:3047} INFO - Sync 1 DAGs
[2024-04-05T22:57:49.402+0000] {logging_mixin.py:188} INFO - [2024-04-05T22:57:49.401+0000] {dag.py:3834} INFO - Setting next_dagrun for tutorial to 2024-04-04 00:00:00+00:00, run_after=2024-04-05 00:00:00+00:00
[2024-04-05T22:57:49.424+0000] {processor.py:183} INFO - Processing /home/airflow/.local/lib/python3.8/site-packages/airflow/example_dags/tutorial.py took 0.094 seconds
[2024-04-05T22:58:19.991+0000] {processor.py:161} INFO - Started process (PID=193) to work on /home/airflow/.local/lib/python3.8/site-packages/airflow/example_dags/tutorial.py
[2024-04-05T22:58:19.992+0000] {processor.py:830} INFO - Processing file /home/airflow/.local/lib/python3.8/site-packages/airflow/example_dags/tutorial.py for tasks to queue
[2024-04-05T22:58:19.996+0000] {logging_mixin.py:188} INFO - [2024-04-05T22:58:19.995+0000] {dagbag.py:540} INFO - Filling up the DagBag from /home/airflow/.local/lib/python3.8/site-packages/airflow/example_dags/tutorial.py
[2024-04-05T22:58:20.007+0000] {processor.py:840} INFO - DAG(s) 'tutorial' retrieved from /home/airflow/.local/lib/python3.8/site-packages/airflow/example_dags/tutorial.py
[2024-04-05T22:58:20.040+0000] {logging_mixin.py:188} INFO - [2024-04-05T22:58:20.039+0000] {dag.py:3047} INFO - Sync 1 DAGs
[2024-04-05T22:58:20.073+0000] {logging_mixin.py:188} INFO - [2024-04-05T22:58:20.072+0000] {dag.py:3834} INFO - Setting next_dagrun for tutorial to 2024-04-04 00:00:00+00:00, run_after=2024-04-05 00:00:00+00:00
[2024-04-05T22:58:20.101+0000] {processor.py:183} INFO - Processing /home/airflow/.local/lib/python3.8/site-packages/airflow/example_dags/tutorial.py took 0.116 seconds
[2024-04-05T22:58:50.554+0000] {processor.py:161} INFO - Started process (PID=248) to work on /home/airflow/.local/lib/python3.8/site-packages/airflow/example_dags/tutorial.py
[2024-04-05T22:58:50.555+0000] {processor.py:830} INFO - Processing file /home/airflow/.local/lib/python3.8/site-packages/airflow/example_dags/tutorial.py for tasks to queue
[2024-04-05T22:58:50.559+0000] {logging_mixin.py:188} INFO - [2024-04-05T22:58:50.559+0000] {dagbag.py:540} INFO - Filling up the DagBag from /home/airflow/.local/lib/python3.8/site-packages/airflow/example_dags/tutorial.py
[2024-04-05T22:58:50.566+0000] {processor.py:840} INFO - DAG(s) 'tutorial' retrieved from /home/airflow/.local/lib/python3.8/site-packages/airflow/example_dags/tutorial.py
[2024-04-05T22:58:50.594+0000] {logging_mixin.py:188} INFO - [2024-04-05T22:58:50.593+0000] {dag.py:3047} INFO - Sync 1 DAGs
[2024-04-05T22:58:50.628+0000] {logging_mixin.py:188} INFO - [2024-04-05T22:58:50.628+0000] {dag.py:3834} INFO - Setting next_dagrun for tutorial to 2024-04-04 00:00:00+00:00, run_after=2024-04-05 00:00:00+00:00
[2024-04-05T22:58:50.661+0000] {processor.py:183} INFO - Processing /home/airflow/.local/lib/python3.8/site-packages/airflow/example_dags/tutorial.py took 0.113 seconds
[2024-04-05T22:59:23.968+0000] {processor.py:161} INFO - Started process (PID=309) to work on /home/airflow/.local/lib/python3.8/site-packages/airflow/example_dags/tutorial.py
[2024-04-05T22:59:23.970+0000] {processor.py:830} INFO - Processing file /home/airflow/.local/lib/python3.8/site-packages/airflow/example_dags/tutorial.py for tasks to queue
[2024-04-05T22:59:23.973+0000] {logging_mixin.py:188} INFO - [2024-04-05T22:59:23.973+0000] {dagbag.py:540} INFO - Filling up the DagBag from /home/airflow/.local/lib/python3.8/site-packages/airflow/example_dags/tutorial.py
[2024-04-05T22:59:23.983+0000] {processor.py:840} INFO - DAG(s) 'tutorial' retrieved from /home/airflow/.local/lib/python3.8/site-packages/airflow/example_dags/tutorial.py
[2024-04-05T22:59:24.022+0000] {logging_mixin.py:188} INFO - [2024-04-05T22:59:24.021+0000] {dag.py:3047} INFO - Sync 1 DAGs
[2024-04-05T22:59:24.265+0000] {logging_mixin.py:188} INFO - [2024-04-05T22:59:24.264+0000] {dag.py:3834} INFO - Setting next_dagrun for tutorial to 2024-04-04 00:00:00+00:00, run_after=2024-04-05 00:00:00+00:00
[2024-04-05T22:59:24.306+0000] {processor.py:183} INFO - Processing /home/airflow/.local/lib/python3.8/site-packages/airflow/example_dags/tutorial.py took 0.344 seconds
[2024-04-05T22:59:54.976+0000] {processor.py:161} INFO - Started process (PID=364) to work on /home/airflow/.local/lib/python3.8/site-packages/airflow/example_dags/tutorial.py
[2024-04-05T22:59:54.978+0000] {processor.py:830} INFO - Processing file /home/airflow/.local/lib/python3.8/site-packages/airflow/example_dags/tutorial.py for tasks to queue
[2024-04-05T22:59:54.981+0000] {logging_mixin.py:188} INFO - [2024-04-05T22:59:54.980+0000] {dagbag.py:540} INFO - Filling up the DagBag from /home/airflow/.local/lib/python3.8/site-packages/airflow/example_dags/tutorial.py
[2024-04-05T22:59:54.991+0000] {processor.py:840} INFO - DAG(s) 'tutorial' retrieved from /home/airflow/.local/lib/python3.8/site-packages/airflow/example_dags/tutorial.py
[2024-04-05T22:59:55.023+0000] {logging_mixin.py:188} INFO - [2024-04-05T22:59:55.023+0000] {dag.py:3047} INFO - Sync 1 DAGs
[2024-04-05T22:59:55.250+0000] {logging_mixin.py:188} INFO - [2024-04-05T22:59:55.249+0000] {dag.py:3834} INFO - Setting next_dagrun for tutorial to 2024-04-04 00:00:00+00:00, run_after=2024-04-05 00:00:00+00:00
[2024-04-05T22:59:55.282+0000] {processor.py:183} INFO - Processing /home/airflow/.local/lib/python3.8/site-packages/airflow/example_dags/tutorial.py took 0.312 seconds
[2024-04-05T23:00:25.711+0000] {processor.py:161} INFO - Started process (PID=419) to work on /home/airflow/.local/lib/python3.8/site-packages/airflow/example_dags/tutorial.py
[2024-04-05T23:00:25.714+0000] {processor.py:830} INFO - Processing file /home/airflow/.local/lib/python3.8/site-packages/airflow/example_dags/tutorial.py for tasks to queue
[2024-04-05T23:00:25.719+0000] {logging_mixin.py:188} INFO - [2024-04-05T23:00:25.718+0000] {dagbag.py:540} INFO - Filling up the DagBag from /home/airflow/.local/lib/python3.8/site-packages/airflow/example_dags/tutorial.py
[2024-04-05T23:00:25.729+0000] {processor.py:840} INFO - DAG(s) 'tutorial' retrieved from /home/airflow/.local/lib/python3.8/site-packages/airflow/example_dags/tutorial.py
[2024-04-05T23:00:25.768+0000] {logging_mixin.py:188} INFO - [2024-04-05T23:00:25.768+0000] {dag.py:3047} INFO - Sync 1 DAGs
[2024-04-05T23:00:25.804+0000] {logging_mixin.py:188} INFO - [2024-04-05T23:00:25.804+0000] {dag.py:3834} INFO - Setting next_dagrun for tutorial to 2024-04-04 00:00:00+00:00, run_after=2024-04-05 00:00:00+00:00
[2024-04-05T23:00:25.842+0000] {processor.py:183} INFO - Processing /home/airflow/.local/lib/python3.8/site-packages/airflow/example_dags/tutorial.py took 0.136 seconds
[2024-04-05T23:00:56.327+0000] {processor.py:161} INFO - Started process (PID=474) to work on /home/airflow/.local/lib/python3.8/site-packages/airflow/example_dags/tutorial.py
[2024-04-05T23:00:56.329+0000] {processor.py:830} INFO - Processing file /home/airflow/.local/lib/python3.8/site-packages/airflow/example_dags/tutorial.py for tasks to queue
[2024-04-05T23:00:56.332+0000] {logging_mixin.py:188} INFO - [2024-04-05T23:00:56.331+0000] {dagbag.py:540} INFO - Filling up the DagBag from /home/airflow/.local/lib/python3.8/site-packages/airflow/example_dags/tutorial.py
[2024-04-05T23:00:56.340+0000] {processor.py:840} INFO - DAG(s) 'tutorial' retrieved from /home/airflow/.local/lib/python3.8/site-packages/airflow/example_dags/tutorial.py
[2024-04-05T23:00:56.372+0000] {logging_mixin.py:188} INFO - [2024-04-05T23:00:56.371+0000] {dag.py:3047} INFO - Sync 1 DAGs
[2024-04-05T23:00:56.400+0000] {logging_mixin.py:188} INFO - [2024-04-05T23:00:56.400+0000] {dag.py:3834} INFO - Setting next_dagrun for tutorial to 2024-04-04 00:00:00+00:00, run_after=2024-04-05 00:00:00+00:00
[2024-04-05T23:00:56.427+0000] {processor.py:183} INFO - Processing /home/airflow/.local/lib/python3.8/site-packages/airflow/example_dags/tutorial.py took 0.105 seconds
[2024-04-05T23:01:27.128+0000] {processor.py:161} INFO - Started process (PID=529) to work on /home/airflow/.local/lib/python3.8/site-packages/airflow/example_dags/tutorial.py
[2024-04-05T23:01:27.130+0000] {processor.py:830} INFO - Processing file /home/airflow/.local/lib/python3.8/site-packages/airflow/example_dags/tutorial.py for tasks to queue
[2024-04-05T23:01:27.133+0000] {logging_mixin.py:188} INFO - [2024-04-05T23:01:27.132+0000] {dagbag.py:540} INFO - Filling up the DagBag from /home/airflow/.local/lib/python3.8/site-packages/airflow/example_dags/tutorial.py
[2024-04-05T23:01:27.143+0000] {processor.py:840} INFO - DAG(s) 'tutorial' retrieved from /home/airflow/.local/lib/python3.8/site-packages/airflow/example_dags/tutorial.py
[2024-04-05T23:01:27.342+0000] {logging_mixin.py:188} INFO - [2024-04-05T23:01:27.342+0000] {dag.py:3047} INFO - Sync 1 DAGs
[2024-04-05T23:01:27.374+0000] {logging_mixin.py:188} INFO - [2024-04-05T23:01:27.373+0000] {dag.py:3834} INFO - Setting next_dagrun for tutorial to 2024-04-04 00:00:00+00:00, run_after=2024-04-05 00:00:00+00:00
[2024-04-05T23:01:27.410+0000] {processor.py:183} INFO - Processing /home/airflow/.local/lib/python3.8/site-packages/airflow/example_dags/tutorial.py took 0.287 seconds
[2024-04-05T23:01:57.575+0000] {processor.py:161} INFO - Started process (PID=584) to work on /home/airflow/.local/lib/python3.8/site-packages/airflow/example_dags/tutorial.py
[2024-04-05T23:01:57.577+0000] {processor.py:830} INFO - Processing file /home/airflow/.local/lib/python3.8/site-packages/airflow/example_dags/tutorial.py for tasks to queue
[2024-04-05T23:01:57.581+0000] {logging_mixin.py:188} INFO - [2024-04-05T23:01:57.580+0000] {dagbag.py:540} INFO - Filling up the DagBag from /home/airflow/.local/lib/python3.8/site-packages/airflow/example_dags/tutorial.py
[2024-04-05T23:01:57.593+0000] {processor.py:840} INFO - DAG(s) 'tutorial' retrieved from /home/airflow/.local/lib/python3.8/site-packages/airflow/example_dags/tutorial.py
[2024-04-05T23:01:57.625+0000] {logging_mixin.py:188} INFO - [2024-04-05T23:01:57.625+0000] {dag.py:3047} INFO - Sync 1 DAGs
[2024-04-05T23:01:57.652+0000] {logging_mixin.py:188} INFO - [2024-04-05T23:01:57.652+0000] {dag.py:3834} INFO - Setting next_dagrun for tutorial to 2024-04-04 00:00:00+00:00, run_after=2024-04-05 00:00:00+00:00
[2024-04-05T23:01:57.679+0000] {processor.py:183} INFO - Processing /home/airflow/.local/lib/python3.8/site-packages/airflow/example_dags/tutorial.py took 0.110 seconds
[2024-04-05T23:02:27.854+0000] {processor.py:161} INFO - Started process (PID=639) to work on /home/airflow/.local/lib/python3.8/site-packages/airflow/example_dags/tutorial.py
[2024-04-05T23:02:27.856+0000] {processor.py:830} INFO - Processing file /home/airflow/.local/lib/python3.8/site-packages/airflow/example_dags/tutorial.py for tasks to queue
[2024-04-05T23:02:27.859+0000] {logging_mixin.py:188} INFO - [2024-04-05T23:02:27.858+0000] {dagbag.py:540} INFO - Filling up the DagBag from /home/airflow/.local/lib/python3.8/site-packages/airflow/example_dags/tutorial.py
[2024-04-05T23:02:27.865+0000] {processor.py:840} INFO - DAG(s) 'tutorial' retrieved from /home/airflow/.local/lib/python3.8/site-packages/airflow/example_dags/tutorial.py
[2024-04-05T23:02:27.893+0000] {logging_mixin.py:188} INFO - [2024-04-05T23:02:27.893+0000] {dag.py:3047} INFO - Sync 1 DAGs
[2024-04-05T23:02:27.922+0000] {logging_mixin.py:188} INFO - [2024-04-05T23:02:27.921+0000] {dag.py:3834} INFO - Setting next_dagrun for tutorial to 2024-04-04 00:00:00+00:00, run_after=2024-04-05 00:00:00+00:00
[2024-04-05T23:02:27.945+0000] {processor.py:183} INFO - Processing /home/airflow/.local/lib/python3.8/site-packages/airflow/example_dags/tutorial.py took 0.095 seconds
[2024-04-05T23:02:58.437+0000] {processor.py:161} INFO - Started process (PID=694) to work on /home/airflow/.local/lib/python3.8/site-packages/airflow/example_dags/tutorial.py
[2024-04-05T23:02:58.439+0000] {processor.py:830} INFO - Processing file /home/airflow/.local/lib/python3.8/site-packages/airflow/example_dags/tutorial.py for tasks to queue
[2024-04-05T23:02:58.442+0000] {logging_mixin.py:188} INFO - [2024-04-05T23:02:58.441+0000] {dagbag.py:540} INFO - Filling up the DagBag from /home/airflow/.local/lib/python3.8/site-packages/airflow/example_dags/tutorial.py
[2024-04-05T23:02:58.450+0000] {processor.py:840} INFO - DAG(s) 'tutorial' retrieved from /home/airflow/.local/lib/python3.8/site-packages/airflow/example_dags/tutorial.py
[2024-04-05T23:02:58.477+0000] {logging_mixin.py:188} INFO - [2024-04-05T23:02:58.477+0000] {dag.py:3047} INFO - Sync 1 DAGs
[2024-04-05T23:02:58.506+0000] {logging_mixin.py:188} INFO - [2024-04-05T23:02:58.505+0000] {dag.py:3834} INFO - Setting next_dagrun for tutorial to 2024-04-04 00:00:00+00:00, run_after=2024-04-05 00:00:00+00:00
[2024-04-05T23:02:58.529+0000] {processor.py:183} INFO - Processing /home/airflow/.local/lib/python3.8/site-packages/airflow/example_dags/tutorial.py took 0.097 seconds
[2024-04-05T23:03:28.642+0000] {processor.py:161} INFO - Started process (PID=750) to work on /home/airflow/.local/lib/python3.8/site-packages/airflow/example_dags/tutorial.py
[2024-04-05T23:03:28.644+0000] {processor.py:830} INFO - Processing file /home/airflow/.local/lib/python3.8/site-packages/airflow/example_dags/tutorial.py for tasks to queue
[2024-04-05T23:03:28.646+0000] {logging_mixin.py:188} INFO - [2024-04-05T23:03:28.646+0000] {dagbag.py:540} INFO - Filling up the DagBag from /home/airflow/.local/lib/python3.8/site-packages/airflow/example_dags/tutorial.py
[2024-04-05T23:03:28.654+0000] {processor.py:840} INFO - DAG(s) 'tutorial' retrieved from /home/airflow/.local/lib/python3.8/site-packages/airflow/example_dags/tutorial.py
[2024-04-05T23:03:28.677+0000] {logging_mixin.py:188} INFO - [2024-04-05T23:03:28.677+0000] {dag.py:3047} INFO - Sync 1 DAGs
[2024-04-05T23:03:28.699+0000] {logging_mixin.py:188} INFO - [2024-04-05T23:03:28.699+0000] {dag.py:3834} INFO - Setting next_dagrun for tutorial to 2024-04-04 00:00:00+00:00, run_after=2024-04-05 00:00:00+00:00
[2024-04-05T23:03:28.719+0000] {processor.py:183} INFO - Processing /home/airflow/.local/lib/python3.8/site-packages/airflow/example_dags/tutorial.py took 0.081 seconds
[2024-04-05T23:03:59.149+0000] {processor.py:161} INFO - Started process (PID=805) to work on /home/airflow/.local/lib/python3.8/site-packages/airflow/example_dags/tutorial.py
[2024-04-05T23:03:59.151+0000] {processor.py:830} INFO - Processing file /home/airflow/.local/lib/python3.8/site-packages/airflow/example_dags/tutorial.py for tasks to queue
[2024-04-05T23:03:59.154+0000] {logging_mixin.py:188} INFO - [2024-04-05T23:03:59.153+0000] {dagbag.py:540} INFO - Filling up the DagBag from /home/airflow/.local/lib/python3.8/site-packages/airflow/example_dags/tutorial.py
[2024-04-05T23:03:59.162+0000] {processor.py:840} INFO - DAG(s) 'tutorial' retrieved from /home/airflow/.local/lib/python3.8/site-packages/airflow/example_dags/tutorial.py
[2024-04-05T23:03:59.189+0000] {logging_mixin.py:188} INFO - [2024-04-05T23:03:59.189+0000] {dag.py:3047} INFO - Sync 1 DAGs
[2024-04-05T23:03:59.222+0000] {logging_mixin.py:188} INFO - [2024-04-05T23:03:59.221+0000] {dag.py:3834} INFO - Setting next_dagrun for tutorial to 2024-04-04 00:00:00+00:00, run_after=2024-04-05 00:00:00+00:00
[2024-04-05T23:03:59.250+0000] {processor.py:183} INFO - Processing /home/airflow/.local/lib/python3.8/site-packages/airflow/example_dags/tutorial.py took 0.104 seconds
[2024-04-05T23:04:29.386+0000] {processor.py:161} INFO - Started process (PID=860) to work on /home/airflow/.local/lib/python3.8/site-packages/airflow/example_dags/tutorial.py
[2024-04-05T23:04:29.387+0000] {processor.py:830} INFO - Processing file /home/airflow/.local/lib/python3.8/site-packages/airflow/example_dags/tutorial.py for tasks to queue
[2024-04-05T23:04:29.390+0000] {logging_mixin.py:188} INFO - [2024-04-05T23:04:29.389+0000] {dagbag.py:540} INFO - Filling up the DagBag from /home/airflow/.local/lib/python3.8/site-packages/airflow/example_dags/tutorial.py
[2024-04-05T23:04:29.396+0000] {processor.py:840} INFO - DAG(s) 'tutorial' retrieved from /home/airflow/.local/lib/python3.8/site-packages/airflow/example_dags/tutorial.py
[2024-04-05T23:04:29.419+0000] {logging_mixin.py:188} INFO - [2024-04-05T23:04:29.419+0000] {dag.py:3047} INFO - Sync 1 DAGs
[2024-04-05T23:04:29.442+0000] {logging_mixin.py:188} INFO - [2024-04-05T23:04:29.441+0000] {dag.py:3834} INFO - Setting next_dagrun for tutorial to 2024-04-04 00:00:00+00:00, run_after=2024-04-05 00:00:00+00:00
[2024-04-05T23:04:29.460+0000] {processor.py:183} INFO - Processing /home/airflow/.local/lib/python3.8/site-packages/airflow/example_dags/tutorial.py took 0.078 seconds
[2024-04-05T23:05:00.199+0000] {processor.py:161} INFO - Started process (PID=915) to work on /home/airflow/.local/lib/python3.8/site-packages/airflow/example_dags/tutorial.py
[2024-04-05T23:05:00.201+0000] {processor.py:830} INFO - Processing file /home/airflow/.local/lib/python3.8/site-packages/airflow/example_dags/tutorial.py for tasks to queue
[2024-04-05T23:05:00.205+0000] {logging_mixin.py:188} INFO - [2024-04-05T23:05:00.204+0000] {dagbag.py:540} INFO - Filling up the DagBag from /home/airflow/.local/lib/python3.8/site-packages/airflow/example_dags/tutorial.py
[2024-04-05T23:05:00.216+0000] {processor.py:840} INFO - DAG(s) 'tutorial' retrieved from /home/airflow/.local/lib/python3.8/site-packages/airflow/example_dags/tutorial.py
[2024-04-05T23:05:00.250+0000] {logging_mixin.py:188} INFO - [2024-04-05T23:05:00.249+0000] {dag.py:3047} INFO - Sync 1 DAGs
[2024-04-05T23:05:00.281+0000] {logging_mixin.py:188} INFO - [2024-04-05T23:05:00.281+0000] {dag.py:3834} INFO - Setting next_dagrun for tutorial to 2024-04-04 00:00:00+00:00, run_after=2024-04-05 00:00:00+00:00
[2024-04-05T23:05:00.307+0000] {processor.py:183} INFO - Processing /home/airflow/.local/lib/python3.8/site-packages/airflow/example_dags/tutorial.py took 0.113 seconds
[2024-04-05T23:05:30.379+0000] {processor.py:161} INFO - Started process (PID=970) to work on /home/airflow/.local/lib/python3.8/site-packages/airflow/example_dags/tutorial.py
[2024-04-05T23:05:30.381+0000] {processor.py:830} INFO - Processing file /home/airflow/.local/lib/python3.8/site-packages/airflow/example_dags/tutorial.py for tasks to queue
[2024-04-05T23:05:30.384+0000] {logging_mixin.py:188} INFO - [2024-04-05T23:05:30.383+0000] {dagbag.py:540} INFO - Filling up the DagBag from /home/airflow/.local/lib/python3.8/site-packages/airflow/example_dags/tutorial.py
[2024-04-05T23:05:30.392+0000] {processor.py:840} INFO - DAG(s) 'tutorial' retrieved from /home/airflow/.local/lib/python3.8/site-packages/airflow/example_dags/tutorial.py
[2024-04-05T23:05:30.416+0000] {logging_mixin.py:188} INFO - [2024-04-05T23:05:30.416+0000] {dag.py:3047} INFO - Sync 1 DAGs
[2024-04-05T23:05:30.442+0000] {logging_mixin.py:188} INFO - [2024-04-05T23:05:30.442+0000] {dag.py:3834} INFO - Setting next_dagrun for tutorial to 2024-04-04 00:00:00+00:00, run_after=2024-04-05 00:00:00+00:00
[2024-04-05T23:05:30.466+0000] {processor.py:183} INFO - Processing /home/airflow/.local/lib/python3.8/site-packages/airflow/example_dags/tutorial.py took 0.091 seconds
[2024-04-05T23:06:00.747+0000] {processor.py:161} INFO - Started process (PID=1025) to work on /home/airflow/.local/lib/python3.8/site-packages/airflow/example_dags/tutorial.py
[2024-04-05T23:06:00.749+0000] {processor.py:830} INFO - Processing file /home/airflow/.local/lib/python3.8/site-packages/airflow/example_dags/tutorial.py for tasks to queue
[2024-04-05T23:06:00.753+0000] {logging_mixin.py:188} INFO - [2024-04-05T23:06:00.753+0000] {dagbag.py:540} INFO - Filling up the DagBag from /home/airflow/.local/lib/python3.8/site-packages/airflow/example_dags/tutorial.py
[2024-04-05T23:06:00.763+0000] {processor.py:840} INFO - DAG(s) 'tutorial' retrieved from /home/airflow/.local/lib/python3.8/site-packages/airflow/example_dags/tutorial.py
[2024-04-05T23:06:00.799+0000] {logging_mixin.py:188} INFO - [2024-04-05T23:06:00.798+0000] {dag.py:3047} INFO - Sync 1 DAGs
[2024-04-05T23:06:00.838+0000] {logging_mixin.py:188} INFO - [2024-04-05T23:06:00.837+0000] {dag.py:3834} INFO - Setting next_dagrun for tutorial to 2024-04-04 00:00:00+00:00, run_after=2024-04-05 00:00:00+00:00
[2024-04-05T23:06:00.906+0000] {processor.py:183} INFO - Processing /home/airflow/.local/lib/python3.8/site-packages/airflow/example_dags/tutorial.py took 0.164 seconds
[2024-04-05T23:06:31.842+0000] {processor.py:161} INFO - Started process (PID=1080) to work on /home/airflow/.local/lib/python3.8/site-packages/airflow/example_dags/tutorial.py
[2024-04-05T23:06:31.844+0000] {processor.py:830} INFO - Processing file /home/airflow/.local/lib/python3.8/site-packages/airflow/example_dags/tutorial.py for tasks to queue
[2024-04-05T23:06:31.847+0000] {logging_mixin.py:188} INFO - [2024-04-05T23:06:31.847+0000] {dagbag.py:540} INFO - Filling up the DagBag from /home/airflow/.local/lib/python3.8/site-packages/airflow/example_dags/tutorial.py
[2024-04-05T23:06:31.855+0000] {processor.py:840} INFO - DAG(s) 'tutorial' retrieved from /home/airflow/.local/lib/python3.8/site-packages/airflow/example_dags/tutorial.py
[2024-04-05T23:06:31.880+0000] {logging_mixin.py:188} INFO - [2024-04-05T23:06:31.880+0000] {dag.py:3047} INFO - Sync 1 DAGs
[2024-04-05T23:06:31.907+0000] {logging_mixin.py:188} INFO - [2024-04-05T23:06:31.906+0000] {dag.py:3834} INFO - Setting next_dagrun for tutorial to 2024-04-04 00:00:00+00:00, run_after=2024-04-05 00:00:00+00:00
[2024-04-05T23:06:31.929+0000] {processor.py:183} INFO - Processing /home/airflow/.local/lib/python3.8/site-packages/airflow/example_dags/tutorial.py took 0.091 seconds
[2024-04-05T23:07:02.451+0000] {processor.py:161} INFO - Started process (PID=1135) to work on /home/airflow/.local/lib/python3.8/site-packages/airflow/example_dags/tutorial.py
[2024-04-05T23:07:02.454+0000] {processor.py:830} INFO - Processing file /home/airflow/.local/lib/python3.8/site-packages/airflow/example_dags/tutorial.py for tasks to queue
[2024-04-05T23:07:02.460+0000] {logging_mixin.py:188} INFO - [2024-04-05T23:07:02.459+0000] {dagbag.py:540} INFO - Filling up the DagBag from /home/airflow/.local/lib/python3.8/site-packages/airflow/example_dags/tutorial.py
[2024-04-05T23:07:02.471+0000] {processor.py:840} INFO - DAG(s) 'tutorial' retrieved from /home/airflow/.local/lib/python3.8/site-packages/airflow/example_dags/tutorial.py
[2024-04-05T23:07:02.511+0000] {logging_mixin.py:188} INFO - [2024-04-05T23:07:02.511+0000] {dag.py:3047} INFO - Sync 1 DAGs
[2024-04-05T23:07:02.559+0000] {logging_mixin.py:188} INFO - [2024-04-05T23:07:02.559+0000] {dag.py:3834} INFO - Setting next_dagrun for tutorial to 2024-04-04 00:00:00+00:00, run_after=2024-04-05 00:00:00+00:00
[2024-04-05T23:07:02.593+0000] {processor.py:183} INFO - Processing /home/airflow/.local/lib/python3.8/site-packages/airflow/example_dags/tutorial.py took 0.148 seconds
[2024-04-05T23:07:32.690+0000] {processor.py:161} INFO - Started process (PID=1190) to work on /home/airflow/.local/lib/python3.8/site-packages/airflow/example_dags/tutorial.py
[2024-04-05T23:07:32.692+0000] {processor.py:830} INFO - Processing file /home/airflow/.local/lib/python3.8/site-packages/airflow/example_dags/tutorial.py for tasks to queue
[2024-04-05T23:07:32.695+0000] {logging_mixin.py:188} INFO - [2024-04-05T23:07:32.694+0000] {dagbag.py:540} INFO - Filling up the DagBag from /home/airflow/.local/lib/python3.8/site-packages/airflow/example_dags/tutorial.py
[2024-04-05T23:07:32.705+0000] {processor.py:840} INFO - DAG(s) 'tutorial' retrieved from /home/airflow/.local/lib/python3.8/site-packages/airflow/example_dags/tutorial.py
[2024-04-05T23:07:32.743+0000] {logging_mixin.py:188} INFO - [2024-04-05T23:07:32.742+0000] {dag.py:3047} INFO - Sync 1 DAGs
[2024-04-05T23:07:32.783+0000] {logging_mixin.py:188} INFO - [2024-04-05T23:07:32.782+0000] {dag.py:3834} INFO - Setting next_dagrun for tutorial to 2024-04-04 00:00:00+00:00, run_after=2024-04-05 00:00:00+00:00
[2024-04-05T23:07:32.815+0000] {processor.py:183} INFO - Processing /home/airflow/.local/lib/python3.8/site-packages/airflow/example_dags/tutorial.py took 0.131 seconds
[2024-04-05T23:08:03.096+0000] {processor.py:161} INFO - Started process (PID=1245) to work on /home/airflow/.local/lib/python3.8/site-packages/airflow/example_dags/tutorial.py
[2024-04-05T23:08:03.098+0000] {processor.py:830} INFO - Processing file /home/airflow/.local/lib/python3.8/site-packages/airflow/example_dags/tutorial.py for tasks to queue
[2024-04-05T23:08:03.101+0000] {logging_mixin.py:188} INFO - [2024-04-05T23:08:03.100+0000] {dagbag.py:540} INFO - Filling up the DagBag from /home/airflow/.local/lib/python3.8/site-packages/airflow/example_dags/tutorial.py
[2024-04-05T23:08:03.113+0000] {processor.py:840} INFO - DAG(s) 'tutorial' retrieved from /home/airflow/.local/lib/python3.8/site-packages/airflow/example_dags/tutorial.py
[2024-04-05T23:08:03.146+0000] {logging_mixin.py:188} INFO - [2024-04-05T23:08:03.145+0000] {dag.py:3047} INFO - Sync 1 DAGs
[2024-04-05T23:08:03.181+0000] {logging_mixin.py:188} INFO - [2024-04-05T23:08:03.181+0000] {dag.py:3834} INFO - Setting next_dagrun for tutorial to 2024-04-04 00:00:00+00:00, run_after=2024-04-05 00:00:00+00:00
[2024-04-05T23:08:03.208+0000] {processor.py:183} INFO - Processing /home/airflow/.local/lib/python3.8/site-packages/airflow/example_dags/tutorial.py took 0.116 seconds
[2024-04-05T23:08:33.735+0000] {processor.py:161} INFO - Started process (PID=1300) to work on /home/airflow/.local/lib/python3.8/site-packages/airflow/example_dags/tutorial.py
[2024-04-05T23:08:33.736+0000] {processor.py:830} INFO - Processing file /home/airflow/.local/lib/python3.8/site-packages/airflow/example_dags/tutorial.py for tasks to queue
[2024-04-05T23:08:33.738+0000] {logging_mixin.py:188} INFO - [2024-04-05T23:08:33.738+0000] {dagbag.py:540} INFO - Filling up the DagBag from /home/airflow/.local/lib/python3.8/site-packages/airflow/example_dags/tutorial.py
[2024-04-05T23:08:33.744+0000] {processor.py:840} INFO - DAG(s) 'tutorial' retrieved from /home/airflow/.local/lib/python3.8/site-packages/airflow/example_dags/tutorial.py
[2024-04-05T23:08:33.778+0000] {logging_mixin.py:188} INFO - [2024-04-05T23:08:33.778+0000] {dag.py:3047} INFO - Sync 1 DAGs
[2024-04-05T23:08:33.814+0000] {logging_mixin.py:188} INFO - [2024-04-05T23:08:33.814+0000] {dag.py:3834} INFO - Setting next_dagrun for tutorial to 2024-04-04 00:00:00+00:00, run_after=2024-04-05 00:00:00+00:00
[2024-04-05T23:08:33.842+0000] {processor.py:183} INFO - Processing /home/airflow/.local/lib/python3.8/site-packages/airflow/example_dags/tutorial.py took 0.111 seconds
[2024-04-05T23:09:04.325+0000] {processor.py:161} INFO - Started process (PID=1355) to work on /home/airflow/.local/lib/python3.8/site-packages/airflow/example_dags/tutorial.py
[2024-04-05T23:09:04.327+0000] {processor.py:830} INFO - Processing file /home/airflow/.local/lib/python3.8/site-packages/airflow/example_dags/tutorial.py for tasks to queue
[2024-04-05T23:09:04.329+0000] {logging_mixin.py:188} INFO - [2024-04-05T23:09:04.329+0000] {dagbag.py:540} INFO - Filling up the DagBag from /home/airflow/.local/lib/python3.8/site-packages/airflow/example_dags/tutorial.py
[2024-04-05T23:09:04.334+0000] {processor.py:840} INFO - DAG(s) 'tutorial' retrieved from /home/airflow/.local/lib/python3.8/site-packages/airflow/example_dags/tutorial.py
[2024-04-05T23:09:04.359+0000] {logging_mixin.py:188} INFO - [2024-04-05T23:09:04.358+0000] {dag.py:3047} INFO - Sync 1 DAGs
[2024-04-05T23:09:04.382+0000] {logging_mixin.py:188} INFO - [2024-04-05T23:09:04.382+0000] {dag.py:3834} INFO - Setting next_dagrun for tutorial to 2024-04-04 00:00:00+00:00, run_after=2024-04-05 00:00:00+00:00
[2024-04-05T23:09:04.445+0000] {processor.py:183} INFO - Processing /home/airflow/.local/lib/python3.8/site-packages/airflow/example_dags/tutorial.py took 0.124 seconds
[2024-04-05T23:09:34.552+0000] {processor.py:161} INFO - Started process (PID=1410) to work on /home/airflow/.local/lib/python3.8/site-packages/airflow/example_dags/tutorial.py
[2024-04-05T23:09:34.554+0000] {processor.py:830} INFO - Processing file /home/airflow/.local/lib/python3.8/site-packages/airflow/example_dags/tutorial.py for tasks to queue
[2024-04-05T23:09:34.557+0000] {logging_mixin.py:188} INFO - [2024-04-05T23:09:34.556+0000] {dagbag.py:540} INFO - Filling up the DagBag from /home/airflow/.local/lib/python3.8/site-packages/airflow/example_dags/tutorial.py
[2024-04-05T23:09:34.566+0000] {processor.py:840} INFO - DAG(s) 'tutorial' retrieved from /home/airflow/.local/lib/python3.8/site-packages/airflow/example_dags/tutorial.py
[2024-04-05T23:09:34.592+0000] {logging_mixin.py:188} INFO - [2024-04-05T23:09:34.592+0000] {dag.py:3047} INFO - Sync 1 DAGs
[2024-04-05T23:09:34.620+0000] {logging_mixin.py:188} INFO - [2024-04-05T23:09:34.619+0000] {dag.py:3834} INFO - Setting next_dagrun for tutorial to 2024-04-04 00:00:00+00:00, run_after=2024-04-05 00:00:00+00:00
[2024-04-05T23:09:34.642+0000] {processor.py:183} INFO - Processing /home/airflow/.local/lib/python3.8/site-packages/airflow/example_dags/tutorial.py took 0.094 seconds
[2024-04-05T23:10:05.565+0000] {processor.py:161} INFO - Started process (PID=1465) to work on /home/airflow/.local/lib/python3.8/site-packages/airflow/example_dags/tutorial.py
[2024-04-05T23:10:05.567+0000] {processor.py:830} INFO - Processing file /home/airflow/.local/lib/python3.8/site-packages/airflow/example_dags/tutorial.py for tasks to queue
[2024-04-05T23:10:05.569+0000] {logging_mixin.py:188} INFO - [2024-04-05T23:10:05.569+0000] {dagbag.py:540} INFO - Filling up the DagBag from /home/airflow/.local/lib/python3.8/site-packages/airflow/example_dags/tutorial.py
[2024-04-05T23:10:05.576+0000] {processor.py:840} INFO - DAG(s) 'tutorial' retrieved from /home/airflow/.local/lib/python3.8/site-packages/airflow/example_dags/tutorial.py
[2024-04-05T23:10:05.600+0000] {logging_mixin.py:188} INFO - [2024-04-05T23:10:05.599+0000] {dag.py:3047} INFO - Sync 1 DAGs
[2024-04-05T23:10:05.621+0000] {logging_mixin.py:188} INFO - [2024-04-05T23:10:05.621+0000] {dag.py:3834} INFO - Setting next_dagrun for tutorial to 2024-04-04 00:00:00+00:00, run_after=2024-04-05 00:00:00+00:00
[2024-04-05T23:10:05.643+0000] {processor.py:183} INFO - Processing /home/airflow/.local/lib/python3.8/site-packages/airflow/example_dags/tutorial.py took 0.081 seconds
[2024-04-05T23:10:36.120+0000] {processor.py:161} INFO - Started process (PID=1520) to work on /home/airflow/.local/lib/python3.8/site-packages/airflow/example_dags/tutorial.py
[2024-04-05T23:10:36.121+0000] {processor.py:830} INFO - Processing file /home/airflow/.local/lib/python3.8/site-packages/airflow/example_dags/tutorial.py for tasks to queue
[2024-04-05T23:10:36.124+0000] {logging_mixin.py:188} INFO - [2024-04-05T23:10:36.123+0000] {dagbag.py:540} INFO - Filling up the DagBag from /home/airflow/.local/lib/python3.8/site-packages/airflow/example_dags/tutorial.py
[2024-04-05T23:10:36.130+0000] {processor.py:840} INFO - DAG(s) 'tutorial' retrieved from /home/airflow/.local/lib/python3.8/site-packages/airflow/example_dags/tutorial.py
[2024-04-05T23:10:36.158+0000] {logging_mixin.py:188} INFO - [2024-04-05T23:10:36.158+0000] {dag.py:3047} INFO - Sync 1 DAGs
[2024-04-05T23:10:36.184+0000] {logging_mixin.py:188} INFO - [2024-04-05T23:10:36.184+0000] {dag.py:3834} INFO - Setting next_dagrun for tutorial to 2024-04-04 00:00:00+00:00, run_after=2024-04-05 00:00:00+00:00
[2024-04-05T23:10:36.219+0000] {processor.py:183} INFO - Processing /home/airflow/.local/lib/python3.8/site-packages/airflow/example_dags/tutorial.py took 0.103 seconds
[2024-04-05T23:11:06.641+0000] {processor.py:161} INFO - Started process (PID=1575) to work on /home/airflow/.local/lib/python3.8/site-packages/airflow/example_dags/tutorial.py
[2024-04-05T23:11:06.642+0000] {processor.py:830} INFO - Processing file /home/airflow/.local/lib/python3.8/site-packages/airflow/example_dags/tutorial.py for tasks to queue
[2024-04-05T23:11:06.644+0000] {logging_mixin.py:188} INFO - [2024-04-05T23:11:06.644+0000] {dagbag.py:540} INFO - Filling up the DagBag from /home/airflow/.local/lib/python3.8/site-packages/airflow/example_dags/tutorial.py
[2024-04-05T23:11:06.651+0000] {processor.py:840} INFO - DAG(s) 'tutorial' retrieved from /home/airflow/.local/lib/python3.8/site-packages/airflow/example_dags/tutorial.py
[2024-04-05T23:11:06.678+0000] {logging_mixin.py:188} INFO - [2024-04-05T23:11:06.678+0000] {dag.py:3047} INFO - Sync 1 DAGs
[2024-04-05T23:11:06.707+0000] {logging_mixin.py:188} INFO - [2024-04-05T23:11:06.707+0000] {dag.py:3834} INFO - Setting next_dagrun for tutorial to 2024-04-04 00:00:00+00:00, run_after=2024-04-05 00:00:00+00:00
[2024-04-05T23:11:06.731+0000] {processor.py:183} INFO - Processing /home/airflow/.local/lib/python3.8/site-packages/airflow/example_dags/tutorial.py took 0.095 seconds
[2024-04-05T23:11:37.611+0000] {processor.py:161} INFO - Started process (PID=1630) to work on /home/airflow/.local/lib/python3.8/site-packages/airflow/example_dags/tutorial.py
[2024-04-05T23:11:37.612+0000] {processor.py:830} INFO - Processing file /home/airflow/.local/lib/python3.8/site-packages/airflow/example_dags/tutorial.py for tasks to queue
[2024-04-05T23:11:37.615+0000] {logging_mixin.py:188} INFO - [2024-04-05T23:11:37.615+0000] {dagbag.py:540} INFO - Filling up the DagBag from /home/airflow/.local/lib/python3.8/site-packages/airflow/example_dags/tutorial.py
[2024-04-05T23:11:37.623+0000] {processor.py:840} INFO - DAG(s) 'tutorial' retrieved from /home/airflow/.local/lib/python3.8/site-packages/airflow/example_dags/tutorial.py
[2024-04-05T23:11:37.646+0000] {logging_mixin.py:188} INFO - [2024-04-05T23:11:37.645+0000] {dag.py:3047} INFO - Sync 1 DAGs
[2024-04-05T23:11:37.667+0000] {logging_mixin.py:188} INFO - [2024-04-05T23:11:37.667+0000] {dag.py:3834} INFO - Setting next_dagrun for tutorial to 2024-04-04 00:00:00+00:00, run_after=2024-04-05 00:00:00+00:00
[2024-04-05T23:11:37.687+0000] {processor.py:183} INFO - Processing /home/airflow/.local/lib/python3.8/site-packages/airflow/example_dags/tutorial.py took 0.081 seconds
[2024-04-05T23:12:07.838+0000] {processor.py:161} INFO - Started process (PID=1685) to work on /home/airflow/.local/lib/python3.8/site-packages/airflow/example_dags/tutorial.py
[2024-04-05T23:12:07.840+0000] {processor.py:830} INFO - Processing file /home/airflow/.local/lib/python3.8/site-packages/airflow/example_dags/tutorial.py for tasks to queue
[2024-04-05T23:12:07.843+0000] {logging_mixin.py:188} INFO - [2024-04-05T23:12:07.843+0000] {dagbag.py:540} INFO - Filling up the DagBag from /home/airflow/.local/lib/python3.8/site-packages/airflow/example_dags/tutorial.py
[2024-04-05T23:12:07.850+0000] {processor.py:840} INFO - DAG(s) 'tutorial' retrieved from /home/airflow/.local/lib/python3.8/site-packages/airflow/example_dags/tutorial.py
[2024-04-05T23:12:07.875+0000] {logging_mixin.py:188} INFO - [2024-04-05T23:12:07.875+0000] {dag.py:3047} INFO - Sync 1 DAGs
[2024-04-05T23:12:07.898+0000] {logging_mixin.py:188} INFO - [2024-04-05T23:12:07.897+0000] {dag.py:3834} INFO - Setting next_dagrun for tutorial to 2024-04-04 00:00:00+00:00, run_after=2024-04-05 00:00:00+00:00
[2024-04-05T23:12:07.959+0000] {processor.py:183} INFO - Processing /home/airflow/.local/lib/python3.8/site-packages/airflow/example_dags/tutorial.py took 0.125 seconds
[2024-04-05T23:12:38.012+0000] {processor.py:161} INFO - Started process (PID=1740) to work on /home/airflow/.local/lib/python3.8/site-packages/airflow/example_dags/tutorial.py
[2024-04-05T23:12:38.013+0000] {processor.py:830} INFO - Processing file /home/airflow/.local/lib/python3.8/site-packages/airflow/example_dags/tutorial.py for tasks to queue
[2024-04-05T23:12:38.015+0000] {logging_mixin.py:188} INFO - [2024-04-05T23:12:38.015+0000] {dagbag.py:540} INFO - Filling up the DagBag from /home/airflow/.local/lib/python3.8/site-packages/airflow/example_dags/tutorial.py
[2024-04-05T23:12:38.022+0000] {processor.py:840} INFO - DAG(s) 'tutorial' retrieved from /home/airflow/.local/lib/python3.8/site-packages/airflow/example_dags/tutorial.py
[2024-04-05T23:12:38.044+0000] {logging_mixin.py:188} INFO - [2024-04-05T23:12:38.044+0000] {dag.py:3047} INFO - Sync 1 DAGs
[2024-04-05T23:12:38.063+0000] {logging_mixin.py:188} INFO - [2024-04-05T23:12:38.063+0000] {dag.py:3834} INFO - Setting next_dagrun for tutorial to 2024-04-04 00:00:00+00:00, run_after=2024-04-05 00:00:00+00:00
[2024-04-05T23:12:38.081+0000] {processor.py:183} INFO - Processing /home/airflow/.local/lib/python3.8/site-packages/airflow/example_dags/tutorial.py took 0.073 seconds
[2024-04-05T23:13:08.344+0000] {processor.py:161} INFO - Started process (PID=1795) to work on /home/airflow/.local/lib/python3.8/site-packages/airflow/example_dags/tutorial.py
[2024-04-05T23:13:08.346+0000] {processor.py:830} INFO - Processing file /home/airflow/.local/lib/python3.8/site-packages/airflow/example_dags/tutorial.py for tasks to queue
[2024-04-05T23:13:08.349+0000] {logging_mixin.py:188} INFO - [2024-04-05T23:13:08.348+0000] {dagbag.py:540} INFO - Filling up the DagBag from /home/airflow/.local/lib/python3.8/site-packages/airflow/example_dags/tutorial.py
[2024-04-05T23:13:08.357+0000] {processor.py:840} INFO - DAG(s) 'tutorial' retrieved from /home/airflow/.local/lib/python3.8/site-packages/airflow/example_dags/tutorial.py
[2024-04-05T23:13:08.379+0000] {logging_mixin.py:188} INFO - [2024-04-05T23:13:08.379+0000] {dag.py:3047} INFO - Sync 1 DAGs
[2024-04-05T23:13:08.402+0000] {logging_mixin.py:188} INFO - [2024-04-05T23:13:08.401+0000] {dag.py:3834} INFO - Setting next_dagrun for tutorial to 2024-04-04 00:00:00+00:00, run_after=2024-04-05 00:00:00+00:00
[2024-04-05T23:13:08.422+0000] {processor.py:183} INFO - Processing /home/airflow/.local/lib/python3.8/site-packages/airflow/example_dags/tutorial.py took 0.083 seconds
[2024-04-05T23:13:39.194+0000] {processor.py:161} INFO - Started process (PID=1850) to work on /home/airflow/.local/lib/python3.8/site-packages/airflow/example_dags/tutorial.py
[2024-04-05T23:13:39.195+0000] {processor.py:830} INFO - Processing file /home/airflow/.local/lib/python3.8/site-packages/airflow/example_dags/tutorial.py for tasks to queue
[2024-04-05T23:13:39.198+0000] {logging_mixin.py:188} INFO - [2024-04-05T23:13:39.198+0000] {dagbag.py:540} INFO - Filling up the DagBag from /home/airflow/.local/lib/python3.8/site-packages/airflow/example_dags/tutorial.py
[2024-04-05T23:13:39.205+0000] {processor.py:840} INFO - DAG(s) 'tutorial' retrieved from /home/airflow/.local/lib/python3.8/site-packages/airflow/example_dags/tutorial.py
[2024-04-05T23:13:39.231+0000] {logging_mixin.py:188} INFO - [2024-04-05T23:13:39.230+0000] {dag.py:3047} INFO - Sync 1 DAGs
[2024-04-05T23:13:39.258+0000] {logging_mixin.py:188} INFO - [2024-04-05T23:13:39.258+0000] {dag.py:3834} INFO - Setting next_dagrun for tutorial to 2024-04-04 00:00:00+00:00, run_after=2024-04-05 00:00:00+00:00
[2024-04-05T23:13:39.292+0000] {processor.py:183} INFO - Processing /home/airflow/.local/lib/python3.8/site-packages/airflow/example_dags/tutorial.py took 0.103 seconds
[2024-04-05T23:14:09.403+0000] {processor.py:161} INFO - Started process (PID=1905) to work on /home/airflow/.local/lib/python3.8/site-packages/airflow/example_dags/tutorial.py
[2024-04-05T23:14:09.405+0000] {processor.py:830} INFO - Processing file /home/airflow/.local/lib/python3.8/site-packages/airflow/example_dags/tutorial.py for tasks to queue
[2024-04-05T23:14:09.408+0000] {logging_mixin.py:188} INFO - [2024-04-05T23:14:09.407+0000] {dagbag.py:540} INFO - Filling up the DagBag from /home/airflow/.local/lib/python3.8/site-packages/airflow/example_dags/tutorial.py
[2024-04-05T23:14:09.414+0000] {processor.py:840} INFO - DAG(s) 'tutorial' retrieved from /home/airflow/.local/lib/python3.8/site-packages/airflow/example_dags/tutorial.py
[2024-04-05T23:14:09.432+0000] {logging_mixin.py:188} INFO - [2024-04-05T23:14:09.432+0000] {dag.py:3047} INFO - Sync 1 DAGs
[2024-04-05T23:14:09.451+0000] {logging_mixin.py:188} INFO - [2024-04-05T23:14:09.451+0000] {dag.py:3834} INFO - Setting next_dagrun for tutorial to 2024-04-04 00:00:00+00:00, run_after=2024-04-05 00:00:00+00:00
[2024-04-05T23:14:09.476+0000] {processor.py:183} INFO - Processing /home/airflow/.local/lib/python3.8/site-packages/airflow/example_dags/tutorial.py took 0.076 seconds
[2024-04-05T23:14:40.076+0000] {processor.py:161} INFO - Started process (PID=1960) to work on /home/airflow/.local/lib/python3.8/site-packages/airflow/example_dags/tutorial.py
[2024-04-05T23:14:40.077+0000] {processor.py:830} INFO - Processing file /home/airflow/.local/lib/python3.8/site-packages/airflow/example_dags/tutorial.py for tasks to queue
[2024-04-05T23:14:40.079+0000] {logging_mixin.py:188} INFO - [2024-04-05T23:14:40.079+0000] {dagbag.py:540} INFO - Filling up the DagBag from /home/airflow/.local/lib/python3.8/site-packages/airflow/example_dags/tutorial.py
[2024-04-05T23:14:40.085+0000] {processor.py:840} INFO - DAG(s) 'tutorial' retrieved from /home/airflow/.local/lib/python3.8/site-packages/airflow/example_dags/tutorial.py
[2024-04-05T23:14:40.109+0000] {logging_mixin.py:188} INFO - [2024-04-05T23:14:40.109+0000] {dag.py:3047} INFO - Sync 1 DAGs
[2024-04-05T23:14:40.132+0000] {logging_mixin.py:188} INFO - [2024-04-05T23:14:40.132+0000] {dag.py:3834} INFO - Setting next_dagrun for tutorial to 2024-04-04 00:00:00+00:00, run_after=2024-04-05 00:00:00+00:00
[2024-04-05T23:14:40.197+0000] {processor.py:183} INFO - Processing /home/airflow/.local/lib/python3.8/site-packages/airflow/example_dags/tutorial.py took 0.124 seconds
[2024-04-05T23:15:10.233+0000] {processor.py:161} INFO - Started process (PID=2015) to work on /home/airflow/.local/lib/python3.8/site-packages/airflow/example_dags/tutorial.py
[2024-04-05T23:15:10.234+0000] {processor.py:830} INFO - Processing file /home/airflow/.local/lib/python3.8/site-packages/airflow/example_dags/tutorial.py for tasks to queue
[2024-04-05T23:15:10.237+0000] {logging_mixin.py:188} INFO - [2024-04-05T23:15:10.236+0000] {dagbag.py:540} INFO - Filling up the DagBag from /home/airflow/.local/lib/python3.8/site-packages/airflow/example_dags/tutorial.py
[2024-04-05T23:15:10.242+0000] {processor.py:840} INFO - DAG(s) 'tutorial' retrieved from /home/airflow/.local/lib/python3.8/site-packages/airflow/example_dags/tutorial.py
[2024-04-05T23:15:10.267+0000] {logging_mixin.py:188} INFO - [2024-04-05T23:15:10.267+0000] {dag.py:3047} INFO - Sync 1 DAGs
[2024-04-05T23:15:10.293+0000] {logging_mixin.py:188} INFO - [2024-04-05T23:15:10.293+0000] {dag.py:3834} INFO - Setting next_dagrun for tutorial to 2024-04-04 00:00:00+00:00, run_after=2024-04-05 00:00:00+00:00
[2024-04-05T23:15:10.317+0000] {processor.py:183} INFO - Processing /home/airflow/.local/lib/python3.8/site-packages/airflow/example_dags/tutorial.py took 0.088 seconds
[2024-04-05T23:15:41.325+0000] {processor.py:161} INFO - Started process (PID=2070) to work on /home/airflow/.local/lib/python3.8/site-packages/airflow/example_dags/tutorial.py
[2024-04-05T23:15:41.326+0000] {processor.py:830} INFO - Processing file /home/airflow/.local/lib/python3.8/site-packages/airflow/example_dags/tutorial.py for tasks to queue
[2024-04-05T23:15:41.330+0000] {logging_mixin.py:188} INFO - [2024-04-05T23:15:41.329+0000] {dagbag.py:540} INFO - Filling up the DagBag from /home/airflow/.local/lib/python3.8/site-packages/airflow/example_dags/tutorial.py
[2024-04-05T23:15:41.340+0000] {processor.py:840} INFO - DAG(s) 'tutorial' retrieved from /home/airflow/.local/lib/python3.8/site-packages/airflow/example_dags/tutorial.py
[2024-04-05T23:15:41.361+0000] {logging_mixin.py:188} INFO - [2024-04-05T23:15:41.360+0000] {dag.py:3047} INFO - Sync 1 DAGs
[2024-04-05T23:15:41.390+0000] {logging_mixin.py:188} INFO - [2024-04-05T23:15:41.390+0000] {dag.py:3834} INFO - Setting next_dagrun for tutorial to 2024-04-04 00:00:00+00:00, run_after=2024-04-05 00:00:00+00:00
[2024-04-05T23:15:41.411+0000] {processor.py:183} INFO - Processing /home/airflow/.local/lib/python3.8/site-packages/airflow/example_dags/tutorial.py took 0.091 seconds
[2024-04-05T23:16:11.546+0000] {processor.py:161} INFO - Started process (PID=2125) to work on /home/airflow/.local/lib/python3.8/site-packages/airflow/example_dags/tutorial.py
[2024-04-05T23:16:11.548+0000] {processor.py:830} INFO - Processing file /home/airflow/.local/lib/python3.8/site-packages/airflow/example_dags/tutorial.py for tasks to queue
[2024-04-05T23:16:11.550+0000] {logging_mixin.py:188} INFO - [2024-04-05T23:16:11.550+0000] {dagbag.py:540} INFO - Filling up the DagBag from /home/airflow/.local/lib/python3.8/site-packages/airflow/example_dags/tutorial.py
[2024-04-05T23:16:11.558+0000] {processor.py:840} INFO - DAG(s) 'tutorial' retrieved from /home/airflow/.local/lib/python3.8/site-packages/airflow/example_dags/tutorial.py
[2024-04-05T23:16:11.578+0000] {logging_mixin.py:188} INFO - [2024-04-05T23:16:11.578+0000] {dag.py:3047} INFO - Sync 1 DAGs
[2024-04-05T23:16:11.601+0000] {logging_mixin.py:188} INFO - [2024-04-05T23:16:11.601+0000] {dag.py:3834} INFO - Setting next_dagrun for tutorial to 2024-04-04 00:00:00+00:00, run_after=2024-04-05 00:00:00+00:00
[2024-04-05T23:16:11.622+0000] {processor.py:183} INFO - Processing /home/airflow/.local/lib/python3.8/site-packages/airflow/example_dags/tutorial.py took 0.081 seconds
[2024-04-05T23:16:42.714+0000] {processor.py:161} INFO - Started process (PID=2180) to work on /home/airflow/.local/lib/python3.8/site-packages/airflow/example_dags/tutorial.py
[2024-04-05T23:16:42.715+0000] {processor.py:830} INFO - Processing file /home/airflow/.local/lib/python3.8/site-packages/airflow/example_dags/tutorial.py for tasks to queue
[2024-04-05T23:16:42.718+0000] {logging_mixin.py:188} INFO - [2024-04-05T23:16:42.717+0000] {dagbag.py:540} INFO - Filling up the DagBag from /home/airflow/.local/lib/python3.8/site-packages/airflow/example_dags/tutorial.py
[2024-04-05T23:16:42.725+0000] {processor.py:840} INFO - DAG(s) 'tutorial' retrieved from /home/airflow/.local/lib/python3.8/site-packages/airflow/example_dags/tutorial.py
[2024-04-05T23:16:42.750+0000] {logging_mixin.py:188} INFO - [2024-04-05T23:16:42.750+0000] {dag.py:3047} INFO - Sync 1 DAGs
[2024-04-05T23:16:42.775+0000] {logging_mixin.py:188} INFO - [2024-04-05T23:16:42.775+0000] {dag.py:3834} INFO - Setting next_dagrun for tutorial to 2024-04-04 00:00:00+00:00, run_after=2024-04-05 00:00:00+00:00
[2024-04-05T23:16:42.840+0000] {processor.py:183} INFO - Processing /home/airflow/.local/lib/python3.8/site-packages/airflow/example_dags/tutorial.py took 0.131 seconds
[2024-04-05T23:17:13.575+0000] {processor.py:161} INFO - Started process (PID=2235) to work on /home/airflow/.local/lib/python3.8/site-packages/airflow/example_dags/tutorial.py
[2024-04-05T23:17:13.576+0000] {processor.py:830} INFO - Processing file /home/airflow/.local/lib/python3.8/site-packages/airflow/example_dags/tutorial.py for tasks to queue
[2024-04-05T23:17:13.579+0000] {logging_mixin.py:188} INFO - [2024-04-05T23:17:13.578+0000] {dagbag.py:540} INFO - Filling up the DagBag from /home/airflow/.local/lib/python3.8/site-packages/airflow/example_dags/tutorial.py
[2024-04-05T23:17:13.585+0000] {processor.py:840} INFO - DAG(s) 'tutorial' retrieved from /home/airflow/.local/lib/python3.8/site-packages/airflow/example_dags/tutorial.py
[2024-04-05T23:17:13.608+0000] {logging_mixin.py:188} INFO - [2024-04-05T23:17:13.608+0000] {dag.py:3047} INFO - Sync 1 DAGs
[2024-04-05T23:17:13.631+0000] {logging_mixin.py:188} INFO - [2024-04-05T23:17:13.631+0000] {dag.py:3834} INFO - Setting next_dagrun for tutorial to 2024-04-04 00:00:00+00:00, run_after=2024-04-05 00:00:00+00:00
[2024-04-05T23:17:13.656+0000] {processor.py:183} INFO - Processing /home/airflow/.local/lib/python3.8/site-packages/airflow/example_dags/tutorial.py took 0.084 seconds
[2024-04-05T23:17:44.548+0000] {processor.py:161} INFO - Started process (PID=2290) to work on /home/airflow/.local/lib/python3.8/site-packages/airflow/example_dags/tutorial.py
[2024-04-05T23:17:44.549+0000] {processor.py:830} INFO - Processing file /home/airflow/.local/lib/python3.8/site-packages/airflow/example_dags/tutorial.py for tasks to queue
[2024-04-05T23:17:44.551+0000] {logging_mixin.py:188} INFO - [2024-04-05T23:17:44.551+0000] {dagbag.py:540} INFO - Filling up the DagBag from /home/airflow/.local/lib/python3.8/site-packages/airflow/example_dags/tutorial.py
[2024-04-05T23:17:44.557+0000] {processor.py:840} INFO - DAG(s) 'tutorial' retrieved from /home/airflow/.local/lib/python3.8/site-packages/airflow/example_dags/tutorial.py
[2024-04-05T23:17:44.579+0000] {logging_mixin.py:188} INFO - [2024-04-05T23:17:44.579+0000] {dag.py:3047} INFO - Sync 1 DAGs
[2024-04-05T23:17:44.601+0000] {logging_mixin.py:188} INFO - [2024-04-05T23:17:44.600+0000] {dag.py:3834} INFO - Setting next_dagrun for tutorial to 2024-04-04 00:00:00+00:00, run_after=2024-04-05 00:00:00+00:00
[2024-04-05T23:17:44.653+0000] {processor.py:183} INFO - Processing /home/airflow/.local/lib/python3.8/site-packages/airflow/example_dags/tutorial.py took 0.109 seconds
[2024-04-05T23:18:14.794+0000] {processor.py:161} INFO - Started process (PID=2345) to work on /home/airflow/.local/lib/python3.8/site-packages/airflow/example_dags/tutorial.py
[2024-04-05T23:18:14.795+0000] {processor.py:830} INFO - Processing file /home/airflow/.local/lib/python3.8/site-packages/airflow/example_dags/tutorial.py for tasks to queue
[2024-04-05T23:18:14.799+0000] {logging_mixin.py:188} INFO - [2024-04-05T23:18:14.798+0000] {dagbag.py:540} INFO - Filling up the DagBag from /home/airflow/.local/lib/python3.8/site-packages/airflow/example_dags/tutorial.py
[2024-04-05T23:18:14.806+0000] {processor.py:840} INFO - DAG(s) 'tutorial' retrieved from /home/airflow/.local/lib/python3.8/site-packages/airflow/example_dags/tutorial.py
[2024-04-05T23:18:14.828+0000] {logging_mixin.py:188} INFO - [2024-04-05T23:18:14.828+0000] {dag.py:3047} INFO - Sync 1 DAGs
[2024-04-05T23:18:14.850+0000] {logging_mixin.py:188} INFO - [2024-04-05T23:18:14.850+0000] {dag.py:3834} INFO - Setting next_dagrun for tutorial to 2024-04-04 00:00:00+00:00, run_after=2024-04-05 00:00:00+00:00
[2024-04-05T23:18:14.897+0000] {processor.py:183} INFO - Processing /home/airflow/.local/lib/python3.8/site-packages/airflow/example_dags/tutorial.py took 0.107 seconds
[2024-04-05T23:18:44.964+0000] {processor.py:161} INFO - Started process (PID=2400) to work on /home/airflow/.local/lib/python3.8/site-packages/airflow/example_dags/tutorial.py
[2024-04-05T23:18:44.965+0000] {processor.py:830} INFO - Processing file /home/airflow/.local/lib/python3.8/site-packages/airflow/example_dags/tutorial.py for tasks to queue
[2024-04-05T23:18:44.967+0000] {logging_mixin.py:188} INFO - [2024-04-05T23:18:44.967+0000] {dagbag.py:540} INFO - Filling up the DagBag from /home/airflow/.local/lib/python3.8/site-packages/airflow/example_dags/tutorial.py
[2024-04-05T23:18:44.975+0000] {processor.py:840} INFO - DAG(s) 'tutorial' retrieved from /home/airflow/.local/lib/python3.8/site-packages/airflow/example_dags/tutorial.py
[2024-04-05T23:18:44.996+0000] {logging_mixin.py:188} INFO - [2024-04-05T23:18:44.995+0000] {dag.py:3047} INFO - Sync 1 DAGs
[2024-04-05T23:18:45.021+0000] {logging_mixin.py:188} INFO - [2024-04-05T23:18:45.021+0000] {dag.py:3834} INFO - Setting next_dagrun for tutorial to 2024-04-04 00:00:00+00:00, run_after=2024-04-05 00:00:00+00:00
[2024-04-05T23:18:45.079+0000] {processor.py:183} INFO - Processing /home/airflow/.local/lib/python3.8/site-packages/airflow/example_dags/tutorial.py took 0.119 seconds
[2024-04-05T23:19:15.192+0000] {processor.py:161} INFO - Started process (PID=2455) to work on /home/airflow/.local/lib/python3.8/site-packages/airflow/example_dags/tutorial.py
[2024-04-05T23:19:15.194+0000] {processor.py:830} INFO - Processing file /home/airflow/.local/lib/python3.8/site-packages/airflow/example_dags/tutorial.py for tasks to queue
[2024-04-05T23:19:15.196+0000] {logging_mixin.py:188} INFO - [2024-04-05T23:19:15.195+0000] {dagbag.py:540} INFO - Filling up the DagBag from /home/airflow/.local/lib/python3.8/site-packages/airflow/example_dags/tutorial.py
[2024-04-05T23:19:15.203+0000] {processor.py:840} INFO - DAG(s) 'tutorial' retrieved from /home/airflow/.local/lib/python3.8/site-packages/airflow/example_dags/tutorial.py
[2024-04-05T23:19:15.226+0000] {logging_mixin.py:188} INFO - [2024-04-05T23:19:15.226+0000] {dag.py:3047} INFO - Sync 1 DAGs
[2024-04-05T23:19:15.247+0000] {logging_mixin.py:188} INFO - [2024-04-05T23:19:15.247+0000] {dag.py:3834} INFO - Setting next_dagrun for tutorial to 2024-04-04 00:00:00+00:00, run_after=2024-04-05 00:00:00+00:00
[2024-04-05T23:19:15.304+0000] {processor.py:183} INFO - Processing /home/airflow/.local/lib/python3.8/site-packages/airflow/example_dags/tutorial.py took 0.115 seconds
[2024-04-05T23:19:45.733+0000] {processor.py:161} INFO - Started process (PID=2510) to work on /home/airflow/.local/lib/python3.8/site-packages/airflow/example_dags/tutorial.py
[2024-04-05T23:19:45.734+0000] {processor.py:830} INFO - Processing file /home/airflow/.local/lib/python3.8/site-packages/airflow/example_dags/tutorial.py for tasks to queue
[2024-04-05T23:19:45.736+0000] {logging_mixin.py:188} INFO - [2024-04-05T23:19:45.736+0000] {dagbag.py:540} INFO - Filling up the DagBag from /home/airflow/.local/lib/python3.8/site-packages/airflow/example_dags/tutorial.py
[2024-04-05T23:19:45.743+0000] {processor.py:840} INFO - DAG(s) 'tutorial' retrieved from /home/airflow/.local/lib/python3.8/site-packages/airflow/example_dags/tutorial.py
[2024-04-05T23:19:45.764+0000] {logging_mixin.py:188} INFO - [2024-04-05T23:19:45.764+0000] {dag.py:3047} INFO - Sync 1 DAGs
[2024-04-05T23:19:45.787+0000] {logging_mixin.py:188} INFO - [2024-04-05T23:19:45.786+0000] {dag.py:3834} INFO - Setting next_dagrun for tutorial to 2024-04-04 00:00:00+00:00, run_after=2024-04-05 00:00:00+00:00
[2024-04-05T23:19:45.852+0000] {processor.py:183} INFO - Processing /home/airflow/.local/lib/python3.8/site-packages/airflow/example_dags/tutorial.py took 0.123 seconds
[2024-04-05T23:20:16.284+0000] {processor.py:161} INFO - Started process (PID=2565) to work on /home/airflow/.local/lib/python3.8/site-packages/airflow/example_dags/tutorial.py
[2024-04-05T23:20:16.286+0000] {processor.py:830} INFO - Processing file /home/airflow/.local/lib/python3.8/site-packages/airflow/example_dags/tutorial.py for tasks to queue
[2024-04-05T23:20:16.288+0000] {logging_mixin.py:188} INFO - [2024-04-05T23:20:16.288+0000] {dagbag.py:540} INFO - Filling up the DagBag from /home/airflow/.local/lib/python3.8/site-packages/airflow/example_dags/tutorial.py
[2024-04-05T23:20:16.295+0000] {processor.py:840} INFO - DAG(s) 'tutorial' retrieved from /home/airflow/.local/lib/python3.8/site-packages/airflow/example_dags/tutorial.py
[2024-04-05T23:20:16.318+0000] {logging_mixin.py:188} INFO - [2024-04-05T23:20:16.317+0000] {dag.py:3047} INFO - Sync 1 DAGs
[2024-04-05T23:20:16.342+0000] {logging_mixin.py:188} INFO - [2024-04-05T23:20:16.341+0000] {dag.py:3834} INFO - Setting next_dagrun for tutorial to 2024-04-04 00:00:00+00:00, run_after=2024-04-05 00:00:00+00:00
[2024-04-05T23:20:16.361+0000] {processor.py:183} INFO - Processing /home/airflow/.local/lib/python3.8/site-packages/airflow/example_dags/tutorial.py took 0.081 seconds
[2024-04-05T23:20:46.935+0000] {processor.py:161} INFO - Started process (PID=2620) to work on /home/airflow/.local/lib/python3.8/site-packages/airflow/example_dags/tutorial.py
[2024-04-05T23:20:46.937+0000] {processor.py:830} INFO - Processing file /home/airflow/.local/lib/python3.8/site-packages/airflow/example_dags/tutorial.py for tasks to queue
[2024-04-05T23:20:46.939+0000] {logging_mixin.py:188} INFO - [2024-04-05T23:20:46.939+0000] {dagbag.py:540} INFO - Filling up the DagBag from /home/airflow/.local/lib/python3.8/site-packages/airflow/example_dags/tutorial.py
[2024-04-05T23:20:46.947+0000] {processor.py:840} INFO - DAG(s) 'tutorial' retrieved from /home/airflow/.local/lib/python3.8/site-packages/airflow/example_dags/tutorial.py
[2024-04-05T23:20:46.970+0000] {logging_mixin.py:188} INFO - [2024-04-05T23:20:46.970+0000] {dag.py:3047} INFO - Sync 1 DAGs
[2024-04-05T23:20:46.994+0000] {logging_mixin.py:188} INFO - [2024-04-05T23:20:46.994+0000] {dag.py:3834} INFO - Setting next_dagrun for tutorial to 2024-04-04 00:00:00+00:00, run_after=2024-04-05 00:00:00+00:00
[2024-04-05T23:20:47.048+0000] {processor.py:183} INFO - Processing /home/airflow/.local/lib/python3.8/site-packages/airflow/example_dags/tutorial.py took 0.116 seconds
[2024-04-05T23:21:17.419+0000] {processor.py:161} INFO - Started process (PID=2675) to work on /home/airflow/.local/lib/python3.8/site-packages/airflow/example_dags/tutorial.py
[2024-04-05T23:21:17.420+0000] {processor.py:830} INFO - Processing file /home/airflow/.local/lib/python3.8/site-packages/airflow/example_dags/tutorial.py for tasks to queue
[2024-04-05T23:21:17.423+0000] {logging_mixin.py:188} INFO - [2024-04-05T23:21:17.423+0000] {dagbag.py:540} INFO - Filling up the DagBag from /home/airflow/.local/lib/python3.8/site-packages/airflow/example_dags/tutorial.py
[2024-04-05T23:21:17.430+0000] {processor.py:840} INFO - DAG(s) 'tutorial' retrieved from /home/airflow/.local/lib/python3.8/site-packages/airflow/example_dags/tutorial.py
[2024-04-05T23:21:17.459+0000] {logging_mixin.py:188} INFO - [2024-04-05T23:21:17.458+0000] {dag.py:3047} INFO - Sync 1 DAGs
[2024-04-05T23:21:17.487+0000] {logging_mixin.py:188} INFO - [2024-04-05T23:21:17.486+0000] {dag.py:3834} INFO - Setting next_dagrun for tutorial to 2024-04-04 00:00:00+00:00, run_after=2024-04-05 00:00:00+00:00
[2024-04-05T23:21:17.517+0000] {processor.py:183} INFO - Processing /home/airflow/.local/lib/python3.8/site-packages/airflow/example_dags/tutorial.py took 0.103 seconds
[2024-04-05T23:21:48.355+0000] {processor.py:161} INFO - Started process (PID=2730) to work on /home/airflow/.local/lib/python3.8/site-packages/airflow/example_dags/tutorial.py
[2024-04-05T23:21:48.357+0000] {processor.py:830} INFO - Processing file /home/airflow/.local/lib/python3.8/site-packages/airflow/example_dags/tutorial.py for tasks to queue
[2024-04-05T23:21:48.359+0000] {logging_mixin.py:188} INFO - [2024-04-05T23:21:48.359+0000] {dagbag.py:540} INFO - Filling up the DagBag from /home/airflow/.local/lib/python3.8/site-packages/airflow/example_dags/tutorial.py
[2024-04-05T23:21:48.365+0000] {processor.py:840} INFO - DAG(s) 'tutorial' retrieved from /home/airflow/.local/lib/python3.8/site-packages/airflow/example_dags/tutorial.py
[2024-04-05T23:21:48.394+0000] {logging_mixin.py:188} INFO - [2024-04-05T23:21:48.394+0000] {dag.py:3047} INFO - Sync 1 DAGs
[2024-04-05T23:21:48.419+0000] {logging_mixin.py:188} INFO - [2024-04-05T23:21:48.419+0000] {dag.py:3834} INFO - Setting next_dagrun for tutorial to 2024-04-04 00:00:00+00:00, run_after=2024-04-05 00:00:00+00:00
[2024-04-05T23:21:48.472+0000] {processor.py:183} INFO - Processing /home/airflow/.local/lib/python3.8/site-packages/airflow/example_dags/tutorial.py took 0.119 seconds
[2024-04-05T23:22:18.762+0000] {processor.py:161} INFO - Started process (PID=2784) to work on /home/airflow/.local/lib/python3.8/site-packages/airflow/example_dags/tutorial.py
[2024-04-05T23:22:18.763+0000] {processor.py:830} INFO - Processing file /home/airflow/.local/lib/python3.8/site-packages/airflow/example_dags/tutorial.py for tasks to queue
[2024-04-05T23:22:18.766+0000] {logging_mixin.py:188} INFO - [2024-04-05T23:22:18.766+0000] {dagbag.py:540} INFO - Filling up the DagBag from /home/airflow/.local/lib/python3.8/site-packages/airflow/example_dags/tutorial.py
[2024-04-05T23:22:18.774+0000] {processor.py:840} INFO - DAG(s) 'tutorial' retrieved from /home/airflow/.local/lib/python3.8/site-packages/airflow/example_dags/tutorial.py
[2024-04-05T23:22:18.801+0000] {logging_mixin.py:188} INFO - [2024-04-05T23:22:18.801+0000] {dag.py:3047} INFO - Sync 1 DAGs
[2024-04-05T23:22:18.830+0000] {logging_mixin.py:188} INFO - [2024-04-05T23:22:18.829+0000] {dag.py:3834} INFO - Setting next_dagrun for tutorial to 2024-04-04 00:00:00+00:00, run_after=2024-04-05 00:00:00+00:00
[2024-04-05T23:22:18.856+0000] {processor.py:183} INFO - Processing /home/airflow/.local/lib/python3.8/site-packages/airflow/example_dags/tutorial.py took 0.098 seconds
[2024-04-05T23:22:49.030+0000] {processor.py:161} INFO - Started process (PID=2839) to work on /home/airflow/.local/lib/python3.8/site-packages/airflow/example_dags/tutorial.py
[2024-04-05T23:22:49.031+0000] {processor.py:830} INFO - Processing file /home/airflow/.local/lib/python3.8/site-packages/airflow/example_dags/tutorial.py for tasks to queue
[2024-04-05T23:22:49.033+0000] {logging_mixin.py:188} INFO - [2024-04-05T23:22:49.033+0000] {dagbag.py:540} INFO - Filling up the DagBag from /home/airflow/.local/lib/python3.8/site-packages/airflow/example_dags/tutorial.py
[2024-04-05T23:22:49.041+0000] {processor.py:840} INFO - DAG(s) 'tutorial' retrieved from /home/airflow/.local/lib/python3.8/site-packages/airflow/example_dags/tutorial.py
[2024-04-05T23:22:49.062+0000] {logging_mixin.py:188} INFO - [2024-04-05T23:22:49.062+0000] {dag.py:3047} INFO - Sync 1 DAGs
[2024-04-05T23:22:49.088+0000] {logging_mixin.py:188} INFO - [2024-04-05T23:22:49.088+0000] {dag.py:3834} INFO - Setting next_dagrun for tutorial to 2024-04-04 00:00:00+00:00, run_after=2024-04-05 00:00:00+00:00
[2024-04-05T23:22:49.111+0000] {processor.py:183} INFO - Processing /home/airflow/.local/lib/python3.8/site-packages/airflow/example_dags/tutorial.py took 0.084 seconds
[2024-04-05T23:23:19.167+0000] {processor.py:161} INFO - Started process (PID=2894) to work on /home/airflow/.local/lib/python3.8/site-packages/airflow/example_dags/tutorial.py
[2024-04-05T23:23:19.169+0000] {processor.py:830} INFO - Processing file /home/airflow/.local/lib/python3.8/site-packages/airflow/example_dags/tutorial.py for tasks to queue
[2024-04-05T23:23:19.171+0000] {logging_mixin.py:188} INFO - [2024-04-05T23:23:19.171+0000] {dagbag.py:540} INFO - Filling up the DagBag from /home/airflow/.local/lib/python3.8/site-packages/airflow/example_dags/tutorial.py
[2024-04-05T23:23:19.178+0000] {processor.py:840} INFO - DAG(s) 'tutorial' retrieved from /home/airflow/.local/lib/python3.8/site-packages/airflow/example_dags/tutorial.py
[2024-04-05T23:23:19.200+0000] {logging_mixin.py:188} INFO - [2024-04-05T23:23:19.200+0000] {dag.py:3047} INFO - Sync 1 DAGs
[2024-04-05T23:23:19.221+0000] {logging_mixin.py:188} INFO - [2024-04-05T23:23:19.221+0000] {dag.py:3834} INFO - Setting next_dagrun for tutorial to 2024-04-04 00:00:00+00:00, run_after=2024-04-05 00:00:00+00:00
[2024-04-05T23:23:19.242+0000] {processor.py:183} INFO - Processing /home/airflow/.local/lib/python3.8/site-packages/airflow/example_dags/tutorial.py took 0.078 seconds
[2024-04-05T23:23:49.941+0000] {processor.py:161} INFO - Started process (PID=2949) to work on /home/airflow/.local/lib/python3.8/site-packages/airflow/example_dags/tutorial.py
[2024-04-05T23:23:49.942+0000] {processor.py:830} INFO - Processing file /home/airflow/.local/lib/python3.8/site-packages/airflow/example_dags/tutorial.py for tasks to queue
[2024-04-05T23:23:49.944+0000] {logging_mixin.py:188} INFO - [2024-04-05T23:23:49.944+0000] {dagbag.py:540} INFO - Filling up the DagBag from /home/airflow/.local/lib/python3.8/site-packages/airflow/example_dags/tutorial.py
[2024-04-05T23:23:49.952+0000] {processor.py:840} INFO - DAG(s) 'tutorial' retrieved from /home/airflow/.local/lib/python3.8/site-packages/airflow/example_dags/tutorial.py
[2024-04-05T23:23:49.977+0000] {logging_mixin.py:188} INFO - [2024-04-05T23:23:49.977+0000] {dag.py:3047} INFO - Sync 1 DAGs
[2024-04-05T23:23:49.998+0000] {logging_mixin.py:188} INFO - [2024-04-05T23:23:49.998+0000] {dag.py:3834} INFO - Setting next_dagrun for tutorial to 2024-04-04 00:00:00+00:00, run_after=2024-04-05 00:00:00+00:00
[2024-04-05T23:23:50.054+0000] {processor.py:183} INFO - Processing /home/airflow/.local/lib/python3.8/site-packages/airflow/example_dags/tutorial.py took 0.116 seconds
[2024-04-05T23:24:20.353+0000] {processor.py:161} INFO - Started process (PID=3005) to work on /home/airflow/.local/lib/python3.8/site-packages/airflow/example_dags/tutorial.py
[2024-04-05T23:24:20.355+0000] {processor.py:830} INFO - Processing file /home/airflow/.local/lib/python3.8/site-packages/airflow/example_dags/tutorial.py for tasks to queue
[2024-04-05T23:24:20.357+0000] {logging_mixin.py:188} INFO - [2024-04-05T23:24:20.356+0000] {dagbag.py:540} INFO - Filling up the DagBag from /home/airflow/.local/lib/python3.8/site-packages/airflow/example_dags/tutorial.py
[2024-04-05T23:24:20.364+0000] {processor.py:840} INFO - DAG(s) 'tutorial' retrieved from /home/airflow/.local/lib/python3.8/site-packages/airflow/example_dags/tutorial.py
[2024-04-05T23:24:20.384+0000] {logging_mixin.py:188} INFO - [2024-04-05T23:24:20.384+0000] {dag.py:3047} INFO - Sync 1 DAGs
[2024-04-05T23:24:20.407+0000] {logging_mixin.py:188} INFO - [2024-04-05T23:24:20.406+0000] {dag.py:3834} INFO - Setting next_dagrun for tutorial to 2024-04-04 00:00:00+00:00, run_after=2024-04-05 00:00:00+00:00
[2024-04-05T23:24:20.426+0000] {processor.py:183} INFO - Processing /home/airflow/.local/lib/python3.8/site-packages/airflow/example_dags/tutorial.py took 0.077 seconds
[2024-04-05T23:24:50.626+0000] {processor.py:161} INFO - Started process (PID=3061) to work on /home/airflow/.local/lib/python3.8/site-packages/airflow/example_dags/tutorial.py
[2024-04-05T23:24:50.627+0000] {processor.py:830} INFO - Processing file /home/airflow/.local/lib/python3.8/site-packages/airflow/example_dags/tutorial.py for tasks to queue
[2024-04-05T23:24:50.629+0000] {logging_mixin.py:188} INFO - [2024-04-05T23:24:50.629+0000] {dagbag.py:540} INFO - Filling up the DagBag from /home/airflow/.local/lib/python3.8/site-packages/airflow/example_dags/tutorial.py
[2024-04-05T23:24:50.636+0000] {processor.py:840} INFO - DAG(s) 'tutorial' retrieved from /home/airflow/.local/lib/python3.8/site-packages/airflow/example_dags/tutorial.py
[2024-04-05T23:24:50.657+0000] {logging_mixin.py:188} INFO - [2024-04-05T23:24:50.657+0000] {dag.py:3047} INFO - Sync 1 DAGs
[2024-04-05T23:24:50.678+0000] {logging_mixin.py:188} INFO - [2024-04-05T23:24:50.678+0000] {dag.py:3834} INFO - Setting next_dagrun for tutorial to 2024-04-04 00:00:00+00:00, run_after=2024-04-05 00:00:00+00:00
[2024-04-05T23:24:50.696+0000] {processor.py:183} INFO - Processing /home/airflow/.local/lib/python3.8/site-packages/airflow/example_dags/tutorial.py took 0.073 seconds
[2024-04-05T23:25:21.044+0000] {processor.py:161} INFO - Started process (PID=3116) to work on /home/airflow/.local/lib/python3.8/site-packages/airflow/example_dags/tutorial.py
[2024-04-05T23:25:21.045+0000] {processor.py:830} INFO - Processing file /home/airflow/.local/lib/python3.8/site-packages/airflow/example_dags/tutorial.py for tasks to queue
[2024-04-05T23:25:21.048+0000] {logging_mixin.py:188} INFO - [2024-04-05T23:25:21.047+0000] {dagbag.py:540} INFO - Filling up the DagBag from /home/airflow/.local/lib/python3.8/site-packages/airflow/example_dags/tutorial.py
[2024-04-05T23:25:21.053+0000] {processor.py:840} INFO - DAG(s) 'tutorial' retrieved from /home/airflow/.local/lib/python3.8/site-packages/airflow/example_dags/tutorial.py
[2024-04-05T23:25:21.074+0000] {logging_mixin.py:188} INFO - [2024-04-05T23:25:21.074+0000] {dag.py:3047} INFO - Sync 1 DAGs
[2024-04-05T23:25:21.095+0000] {logging_mixin.py:188} INFO - [2024-04-05T23:25:21.095+0000] {dag.py:3834} INFO - Setting next_dagrun for tutorial to 2024-04-04 00:00:00+00:00, run_after=2024-04-05 00:00:00+00:00
[2024-04-05T23:25:21.155+0000] {processor.py:183} INFO - Processing /home/airflow/.local/lib/python3.8/site-packages/airflow/example_dags/tutorial.py took 0.114 seconds
[2024-04-05T23:25:51.570+0000] {processor.py:161} INFO - Started process (PID=3171) to work on /home/airflow/.local/lib/python3.8/site-packages/airflow/example_dags/tutorial.py
[2024-04-05T23:25:51.572+0000] {processor.py:830} INFO - Processing file /home/airflow/.local/lib/python3.8/site-packages/airflow/example_dags/tutorial.py for tasks to queue
[2024-04-05T23:25:51.574+0000] {logging_mixin.py:188} INFO - [2024-04-05T23:25:51.574+0000] {dagbag.py:540} INFO - Filling up the DagBag from /home/airflow/.local/lib/python3.8/site-packages/airflow/example_dags/tutorial.py
[2024-04-05T23:25:51.581+0000] {processor.py:840} INFO - DAG(s) 'tutorial' retrieved from /home/airflow/.local/lib/python3.8/site-packages/airflow/example_dags/tutorial.py
[2024-04-05T23:25:51.604+0000] {logging_mixin.py:188} INFO - [2024-04-05T23:25:51.604+0000] {dag.py:3047} INFO - Sync 1 DAGs
[2024-04-05T23:25:51.624+0000] {logging_mixin.py:188} INFO - [2024-04-05T23:25:51.623+0000] {dag.py:3834} INFO - Setting next_dagrun for tutorial to 2024-04-04 00:00:00+00:00, run_after=2024-04-05 00:00:00+00:00
[2024-04-05T23:25:51.699+0000] {processor.py:183} INFO - Processing /home/airflow/.local/lib/python3.8/site-packages/airflow/example_dags/tutorial.py took 0.133 seconds
[2024-04-05T23:26:21.946+0000] {processor.py:161} INFO - Started process (PID=3226) to work on /home/airflow/.local/lib/python3.8/site-packages/airflow/example_dags/tutorial.py
[2024-04-05T23:26:21.948+0000] {processor.py:830} INFO - Processing file /home/airflow/.local/lib/python3.8/site-packages/airflow/example_dags/tutorial.py for tasks to queue
[2024-04-05T23:26:21.950+0000] {logging_mixin.py:188} INFO - [2024-04-05T23:26:21.950+0000] {dagbag.py:540} INFO - Filling up the DagBag from /home/airflow/.local/lib/python3.8/site-packages/airflow/example_dags/tutorial.py
[2024-04-05T23:26:21.956+0000] {processor.py:840} INFO - DAG(s) 'tutorial' retrieved from /home/airflow/.local/lib/python3.8/site-packages/airflow/example_dags/tutorial.py
[2024-04-05T23:26:21.978+0000] {logging_mixin.py:188} INFO - [2024-04-05T23:26:21.978+0000] {dag.py:3047} INFO - Sync 1 DAGs
[2024-04-05T23:26:22.001+0000] {logging_mixin.py:188} INFO - [2024-04-05T23:26:22.001+0000] {dag.py:3834} INFO - Setting next_dagrun for tutorial to 2024-04-04 00:00:00+00:00, run_after=2024-04-05 00:00:00+00:00
[2024-04-05T23:26:22.022+0000] {processor.py:183} INFO - Processing /home/airflow/.local/lib/python3.8/site-packages/airflow/example_dags/tutorial.py took 0.081 seconds
[2024-04-05T23:26:52.570+0000] {processor.py:161} INFO - Started process (PID=3281) to work on /home/airflow/.local/lib/python3.8/site-packages/airflow/example_dags/tutorial.py
[2024-04-05T23:26:52.571+0000] {processor.py:830} INFO - Processing file /home/airflow/.local/lib/python3.8/site-packages/airflow/example_dags/tutorial.py for tasks to queue
[2024-04-05T23:26:52.574+0000] {logging_mixin.py:188} INFO - [2024-04-05T23:26:52.573+0000] {dagbag.py:540} INFO - Filling up the DagBag from /home/airflow/.local/lib/python3.8/site-packages/airflow/example_dags/tutorial.py
[2024-04-05T23:26:52.582+0000] {processor.py:840} INFO - DAG(s) 'tutorial' retrieved from /home/airflow/.local/lib/python3.8/site-packages/airflow/example_dags/tutorial.py
[2024-04-05T23:26:52.602+0000] {logging_mixin.py:188} INFO - [2024-04-05T23:26:52.602+0000] {dag.py:3047} INFO - Sync 1 DAGs
[2024-04-05T23:26:52.623+0000] {logging_mixin.py:188} INFO - [2024-04-05T23:26:52.622+0000] {dag.py:3834} INFO - Setting next_dagrun for tutorial to 2024-04-04 00:00:00+00:00, run_after=2024-04-05 00:00:00+00:00
[2024-04-05T23:26:52.645+0000] {processor.py:183} INFO - Processing /home/airflow/.local/lib/python3.8/site-packages/airflow/example_dags/tutorial.py took 0.079 seconds
[2024-04-05T23:27:23.450+0000] {processor.py:161} INFO - Started process (PID=3336) to work on /home/airflow/.local/lib/python3.8/site-packages/airflow/example_dags/tutorial.py
[2024-04-05T23:27:23.452+0000] {processor.py:830} INFO - Processing file /home/airflow/.local/lib/python3.8/site-packages/airflow/example_dags/tutorial.py for tasks to queue
[2024-04-05T23:27:23.455+0000] {logging_mixin.py:188} INFO - [2024-04-05T23:27:23.454+0000] {dagbag.py:540} INFO - Filling up the DagBag from /home/airflow/.local/lib/python3.8/site-packages/airflow/example_dags/tutorial.py
[2024-04-05T23:27:23.461+0000] {processor.py:840} INFO - DAG(s) 'tutorial' retrieved from /home/airflow/.local/lib/python3.8/site-packages/airflow/example_dags/tutorial.py
[2024-04-05T23:27:23.485+0000] {logging_mixin.py:188} INFO - [2024-04-05T23:27:23.485+0000] {dag.py:3047} INFO - Sync 1 DAGs
[2024-04-05T23:27:23.505+0000] {logging_mixin.py:188} INFO - [2024-04-05T23:27:23.505+0000] {dag.py:3834} INFO - Setting next_dagrun for tutorial to 2024-04-04 00:00:00+00:00, run_after=2024-04-05 00:00:00+00:00
[2024-04-05T23:27:23.570+0000] {processor.py:183} INFO - Processing /home/airflow/.local/lib/python3.8/site-packages/airflow/example_dags/tutorial.py took 0.124 seconds
[2024-04-05T23:27:53.862+0000] {processor.py:161} INFO - Started process (PID=3391) to work on /home/airflow/.local/lib/python3.8/site-packages/airflow/example_dags/tutorial.py
[2024-04-05T23:27:53.863+0000] {processor.py:830} INFO - Processing file /home/airflow/.local/lib/python3.8/site-packages/airflow/example_dags/tutorial.py for tasks to queue
[2024-04-05T23:27:53.866+0000] {logging_mixin.py:188} INFO - [2024-04-05T23:27:53.865+0000] {dagbag.py:540} INFO - Filling up the DagBag from /home/airflow/.local/lib/python3.8/site-packages/airflow/example_dags/tutorial.py
[2024-04-05T23:27:53.871+0000] {processor.py:840} INFO - DAG(s) 'tutorial' retrieved from /home/airflow/.local/lib/python3.8/site-packages/airflow/example_dags/tutorial.py
[2024-04-05T23:27:53.893+0000] {logging_mixin.py:188} INFO - [2024-04-05T23:27:53.893+0000] {dag.py:3047} INFO - Sync 1 DAGs
[2024-04-05T23:27:53.913+0000] {logging_mixin.py:188} INFO - [2024-04-05T23:27:53.913+0000] {dag.py:3834} INFO - Setting next_dagrun for tutorial to 2024-04-04 00:00:00+00:00, run_after=2024-04-05 00:00:00+00:00
[2024-04-05T23:27:53.977+0000] {processor.py:183} INFO - Processing /home/airflow/.local/lib/python3.8/site-packages/airflow/example_dags/tutorial.py took 0.118 seconds
[2024-04-05T23:28:24.370+0000] {processor.py:161} INFO - Started process (PID=3446) to work on /home/airflow/.local/lib/python3.8/site-packages/airflow/example_dags/tutorial.py
[2024-04-05T23:28:24.372+0000] {processor.py:830} INFO - Processing file /home/airflow/.local/lib/python3.8/site-packages/airflow/example_dags/tutorial.py for tasks to queue
[2024-04-05T23:28:24.374+0000] {logging_mixin.py:188} INFO - [2024-04-05T23:28:24.374+0000] {dagbag.py:540} INFO - Filling up the DagBag from /home/airflow/.local/lib/python3.8/site-packages/airflow/example_dags/tutorial.py
[2024-04-05T23:28:24.380+0000] {processor.py:840} INFO - DAG(s) 'tutorial' retrieved from /home/airflow/.local/lib/python3.8/site-packages/airflow/example_dags/tutorial.py
[2024-04-05T23:28:24.402+0000] {logging_mixin.py:188} INFO - [2024-04-05T23:28:24.401+0000] {dag.py:3047} INFO - Sync 1 DAGs
[2024-04-05T23:28:24.423+0000] {logging_mixin.py:188} INFO - [2024-04-05T23:28:24.423+0000] {dag.py:3834} INFO - Setting next_dagrun for tutorial to 2024-04-04 00:00:00+00:00, run_after=2024-04-05 00:00:00+00:00
[2024-04-05T23:28:24.444+0000] {processor.py:183} INFO - Processing /home/airflow/.local/lib/python3.8/site-packages/airflow/example_dags/tutorial.py took 0.077 seconds
