[2024-04-05T22:57:16.064+0000] {processor.py:161} INFO - Started process (PID=69) to work on /home/airflow/.local/lib/python3.8/site-packages/airflow/example_dags/tutorial_dag.py
[2024-04-05T22:57:16.068+0000] {processor.py:830} INFO - Processing file /home/airflow/.local/lib/python3.8/site-packages/airflow/example_dags/tutorial_dag.py for tasks to queue
[2024-04-05T22:57:16.076+0000] {logging_mixin.py:188} INFO - [2024-04-05T22:57:16.075+0000] {dagbag.py:540} INFO - Filling up the DagBag from /home/airflow/.local/lib/python3.8/site-packages/airflow/example_dags/tutorial_dag.py
[2024-04-05T22:57:16.090+0000] {processor.py:840} INFO - DAG(s) 'tutorial_dag' retrieved from /home/airflow/.local/lib/python3.8/site-packages/airflow/example_dags/tutorial_dag.py
[2024-04-05T22:57:16.140+0000] {logging_mixin.py:188} INFO - [2024-04-05T22:57:16.139+0000] {dag.py:3047} INFO - Sync 1 DAGs
[2024-04-05T22:57:16.186+0000] {logging_mixin.py:188} INFO - [2024-04-05T22:57:16.185+0000] {dag.py:3834} INFO - Setting next_dagrun for tutorial_dag to None, run_after=None
[2024-04-05T22:57:16.273+0000] {processor.py:183} INFO - Processing /home/airflow/.local/lib/python3.8/site-packages/airflow/example_dags/tutorial_dag.py took 0.217 seconds
[2024-04-05T22:57:47.177+0000] {processor.py:161} INFO - Started process (PID=124) to work on /home/airflow/.local/lib/python3.8/site-packages/airflow/example_dags/tutorial_dag.py
[2024-04-05T22:57:47.179+0000] {processor.py:830} INFO - Processing file /home/airflow/.local/lib/python3.8/site-packages/airflow/example_dags/tutorial_dag.py for tasks to queue
[2024-04-05T22:57:47.181+0000] {logging_mixin.py:188} INFO - [2024-04-05T22:57:47.181+0000] {dagbag.py:540} INFO - Filling up the DagBag from /home/airflow/.local/lib/python3.8/site-packages/airflow/example_dags/tutorial_dag.py
[2024-04-05T22:57:47.187+0000] {processor.py:840} INFO - DAG(s) 'tutorial_dag' retrieved from /home/airflow/.local/lib/python3.8/site-packages/airflow/example_dags/tutorial_dag.py
[2024-04-05T22:57:47.215+0000] {logging_mixin.py:188} INFO - [2024-04-05T22:57:47.214+0000] {dag.py:3047} INFO - Sync 1 DAGs
[2024-04-05T22:57:47.229+0000] {logging_mixin.py:188} INFO - [2024-04-05T22:57:47.229+0000] {dag.py:3834} INFO - Setting next_dagrun for tutorial_dag to None, run_after=None
[2024-04-05T22:57:47.251+0000] {processor.py:183} INFO - Processing /home/airflow/.local/lib/python3.8/site-packages/airflow/example_dags/tutorial_dag.py took 0.079 seconds
[2024-04-05T22:58:17.700+0000] {processor.py:161} INFO - Started process (PID=179) to work on /home/airflow/.local/lib/python3.8/site-packages/airflow/example_dags/tutorial_dag.py
[2024-04-05T22:58:17.702+0000] {processor.py:830} INFO - Processing file /home/airflow/.local/lib/python3.8/site-packages/airflow/example_dags/tutorial_dag.py for tasks to queue
[2024-04-05T22:58:17.705+0000] {logging_mixin.py:188} INFO - [2024-04-05T22:58:17.705+0000] {dagbag.py:540} INFO - Filling up the DagBag from /home/airflow/.local/lib/python3.8/site-packages/airflow/example_dags/tutorial_dag.py
[2024-04-05T22:58:17.713+0000] {processor.py:840} INFO - DAG(s) 'tutorial_dag' retrieved from /home/airflow/.local/lib/python3.8/site-packages/airflow/example_dags/tutorial_dag.py
[2024-04-05T22:58:17.740+0000] {logging_mixin.py:188} INFO - [2024-04-05T22:58:17.740+0000] {dag.py:3047} INFO - Sync 1 DAGs
[2024-04-05T22:58:17.758+0000] {logging_mixin.py:188} INFO - [2024-04-05T22:58:17.758+0000] {dag.py:3834} INFO - Setting next_dagrun for tutorial_dag to None, run_after=None
[2024-04-05T22:58:17.788+0000] {processor.py:183} INFO - Processing /home/airflow/.local/lib/python3.8/site-packages/airflow/example_dags/tutorial_dag.py took 0.092 seconds
[2024-04-05T22:58:49.287+0000] {processor.py:161} INFO - Started process (PID=234) to work on /home/airflow/.local/lib/python3.8/site-packages/airflow/example_dags/tutorial_dag.py
[2024-04-05T22:58:49.289+0000] {processor.py:830} INFO - Processing file /home/airflow/.local/lib/python3.8/site-packages/airflow/example_dags/tutorial_dag.py for tasks to queue
[2024-04-05T22:58:49.293+0000] {logging_mixin.py:188} INFO - [2024-04-05T22:58:49.293+0000] {dagbag.py:540} INFO - Filling up the DagBag from /home/airflow/.local/lib/python3.8/site-packages/airflow/example_dags/tutorial_dag.py
[2024-04-05T22:58:49.300+0000] {processor.py:840} INFO - DAG(s) 'tutorial_dag' retrieved from /home/airflow/.local/lib/python3.8/site-packages/airflow/example_dags/tutorial_dag.py
[2024-04-05T22:58:49.328+0000] {logging_mixin.py:188} INFO - [2024-04-05T22:58:49.327+0000] {dag.py:3047} INFO - Sync 1 DAGs
[2024-04-05T22:58:49.347+0000] {logging_mixin.py:188} INFO - [2024-04-05T22:58:49.347+0000] {dag.py:3834} INFO - Setting next_dagrun for tutorial_dag to None, run_after=None
[2024-04-05T22:58:49.375+0000] {processor.py:183} INFO - Processing /home/airflow/.local/lib/python3.8/site-packages/airflow/example_dags/tutorial_dag.py took 0.092 seconds
[2024-04-05T22:59:20.558+0000] {processor.py:161} INFO - Started process (PID=289) to work on /home/airflow/.local/lib/python3.8/site-packages/airflow/example_dags/tutorial_dag.py
[2024-04-05T22:59:20.559+0000] {processor.py:830} INFO - Processing file /home/airflow/.local/lib/python3.8/site-packages/airflow/example_dags/tutorial_dag.py for tasks to queue
[2024-04-05T22:59:20.564+0000] {logging_mixin.py:188} INFO - [2024-04-05T22:59:20.564+0000] {dagbag.py:540} INFO - Filling up the DagBag from /home/airflow/.local/lib/python3.8/site-packages/airflow/example_dags/tutorial_dag.py
[2024-04-05T22:59:20.576+0000] {processor.py:840} INFO - DAG(s) 'tutorial_dag' retrieved from /home/airflow/.local/lib/python3.8/site-packages/airflow/example_dags/tutorial_dag.py
[2024-04-05T22:59:20.614+0000] {logging_mixin.py:188} INFO - [2024-04-05T22:59:20.613+0000] {dag.py:3047} INFO - Sync 1 DAGs
[2024-04-05T22:59:20.639+0000] {logging_mixin.py:188} INFO - [2024-04-05T22:59:20.639+0000] {dag.py:3834} INFO - Setting next_dagrun for tutorial_dag to None, run_after=None
[2024-04-05T22:59:20.905+0000] {processor.py:183} INFO - Processing /home/airflow/.local/lib/python3.8/site-packages/airflow/example_dags/tutorial_dag.py took 0.352 seconds
[2024-04-05T22:59:50.987+0000] {processor.py:161} INFO - Started process (PID=344) to work on /home/airflow/.local/lib/python3.8/site-packages/airflow/example_dags/tutorial_dag.py
[2024-04-05T22:59:50.990+0000] {processor.py:830} INFO - Processing file /home/airflow/.local/lib/python3.8/site-packages/airflow/example_dags/tutorial_dag.py for tasks to queue
[2024-04-05T22:59:50.993+0000] {logging_mixin.py:188} INFO - [2024-04-05T22:59:50.993+0000] {dagbag.py:540} INFO - Filling up the DagBag from /home/airflow/.local/lib/python3.8/site-packages/airflow/example_dags/tutorial_dag.py
[2024-04-05T22:59:51.003+0000] {processor.py:840} INFO - DAG(s) 'tutorial_dag' retrieved from /home/airflow/.local/lib/python3.8/site-packages/airflow/example_dags/tutorial_dag.py
[2024-04-05T22:59:51.040+0000] {logging_mixin.py:188} INFO - [2024-04-05T22:59:51.040+0000] {dag.py:3047} INFO - Sync 1 DAGs
[2024-04-05T22:59:51.071+0000] {logging_mixin.py:188} INFO - [2024-04-05T22:59:51.071+0000] {dag.py:3834} INFO - Setting next_dagrun for tutorial_dag to None, run_after=None
[2024-04-05T22:59:51.109+0000] {processor.py:183} INFO - Processing /home/airflow/.local/lib/python3.8/site-packages/airflow/example_dags/tutorial_dag.py took 0.125 seconds
[2024-04-05T23:00:21.628+0000] {processor.py:161} INFO - Started process (PID=399) to work on /home/airflow/.local/lib/python3.8/site-packages/airflow/example_dags/tutorial_dag.py
[2024-04-05T23:00:21.629+0000] {processor.py:830} INFO - Processing file /home/airflow/.local/lib/python3.8/site-packages/airflow/example_dags/tutorial_dag.py for tasks to queue
[2024-04-05T23:00:21.633+0000] {logging_mixin.py:188} INFO - [2024-04-05T23:00:21.632+0000] {dagbag.py:540} INFO - Filling up the DagBag from /home/airflow/.local/lib/python3.8/site-packages/airflow/example_dags/tutorial_dag.py
[2024-04-05T23:00:21.642+0000] {processor.py:840} INFO - DAG(s) 'tutorial_dag' retrieved from /home/airflow/.local/lib/python3.8/site-packages/airflow/example_dags/tutorial_dag.py
[2024-04-05T23:00:21.679+0000] {logging_mixin.py:188} INFO - [2024-04-05T23:00:21.679+0000] {dag.py:3047} INFO - Sync 1 DAGs
[2024-04-05T23:00:21.707+0000] {logging_mixin.py:188} INFO - [2024-04-05T23:00:21.706+0000] {dag.py:3834} INFO - Setting next_dagrun for tutorial_dag to None, run_after=None
[2024-04-05T23:00:21.740+0000] {processor.py:183} INFO - Processing /home/airflow/.local/lib/python3.8/site-packages/airflow/example_dags/tutorial_dag.py took 0.118 seconds
[2024-04-05T23:00:52.201+0000] {processor.py:161} INFO - Started process (PID=460) to work on /home/airflow/.local/lib/python3.8/site-packages/airflow/example_dags/tutorial_dag.py
[2024-04-05T23:00:52.202+0000] {processor.py:830} INFO - Processing file /home/airflow/.local/lib/python3.8/site-packages/airflow/example_dags/tutorial_dag.py for tasks to queue
[2024-04-05T23:00:52.205+0000] {logging_mixin.py:188} INFO - [2024-04-05T23:00:52.205+0000] {dagbag.py:540} INFO - Filling up the DagBag from /home/airflow/.local/lib/python3.8/site-packages/airflow/example_dags/tutorial_dag.py
[2024-04-05T23:00:52.212+0000] {processor.py:840} INFO - DAG(s) 'tutorial_dag' retrieved from /home/airflow/.local/lib/python3.8/site-packages/airflow/example_dags/tutorial_dag.py
[2024-04-05T23:00:52.239+0000] {logging_mixin.py:188} INFO - [2024-04-05T23:00:52.239+0000] {dag.py:3047} INFO - Sync 1 DAGs
[2024-04-05T23:00:52.256+0000] {logging_mixin.py:188} INFO - [2024-04-05T23:00:52.255+0000] {dag.py:3834} INFO - Setting next_dagrun for tutorial_dag to None, run_after=None
[2024-04-05T23:00:52.286+0000] {processor.py:183} INFO - Processing /home/airflow/.local/lib/python3.8/site-packages/airflow/example_dags/tutorial_dag.py took 0.089 seconds
[2024-04-05T23:01:23.496+0000] {processor.py:161} INFO - Started process (PID=515) to work on /home/airflow/.local/lib/python3.8/site-packages/airflow/example_dags/tutorial_dag.py
[2024-04-05T23:01:23.497+0000] {processor.py:830} INFO - Processing file /home/airflow/.local/lib/python3.8/site-packages/airflow/example_dags/tutorial_dag.py for tasks to queue
[2024-04-05T23:01:23.499+0000] {logging_mixin.py:188} INFO - [2024-04-05T23:01:23.499+0000] {dagbag.py:540} INFO - Filling up the DagBag from /home/airflow/.local/lib/python3.8/site-packages/airflow/example_dags/tutorial_dag.py
[2024-04-05T23:01:23.506+0000] {processor.py:840} INFO - DAG(s) 'tutorial_dag' retrieved from /home/airflow/.local/lib/python3.8/site-packages/airflow/example_dags/tutorial_dag.py
[2024-04-05T23:01:23.663+0000] {logging_mixin.py:188} INFO - [2024-04-05T23:01:23.663+0000] {dag.py:3047} INFO - Sync 1 DAGs
[2024-04-05T23:01:23.674+0000] {logging_mixin.py:188} INFO - [2024-04-05T23:01:23.674+0000] {dag.py:3834} INFO - Setting next_dagrun for tutorial_dag to None, run_after=None
[2024-04-05T23:01:23.693+0000] {processor.py:183} INFO - Processing /home/airflow/.local/lib/python3.8/site-packages/airflow/example_dags/tutorial_dag.py took 0.202 seconds
[2024-04-05T23:01:54.034+0000] {processor.py:161} INFO - Started process (PID=570) to work on /home/airflow/.local/lib/python3.8/site-packages/airflow/example_dags/tutorial_dag.py
[2024-04-05T23:01:54.036+0000] {processor.py:830} INFO - Processing file /home/airflow/.local/lib/python3.8/site-packages/airflow/example_dags/tutorial_dag.py for tasks to queue
[2024-04-05T23:01:54.040+0000] {logging_mixin.py:188} INFO - [2024-04-05T23:01:54.039+0000] {dagbag.py:540} INFO - Filling up the DagBag from /home/airflow/.local/lib/python3.8/site-packages/airflow/example_dags/tutorial_dag.py
[2024-04-05T23:01:54.049+0000] {processor.py:840} INFO - DAG(s) 'tutorial_dag' retrieved from /home/airflow/.local/lib/python3.8/site-packages/airflow/example_dags/tutorial_dag.py
[2024-04-05T23:01:54.080+0000] {logging_mixin.py:188} INFO - [2024-04-05T23:01:54.079+0000] {dag.py:3047} INFO - Sync 1 DAGs
[2024-04-05T23:01:54.097+0000] {logging_mixin.py:188} INFO - [2024-04-05T23:01:54.097+0000] {dag.py:3834} INFO - Setting next_dagrun for tutorial_dag to None, run_after=None
[2024-04-05T23:01:54.153+0000] {processor.py:183} INFO - Processing /home/airflow/.local/lib/python3.8/site-packages/airflow/example_dags/tutorial_dag.py took 0.123 seconds
[2024-04-05T23:02:24.780+0000] {processor.py:161} INFO - Started process (PID=625) to work on /home/airflow/.local/lib/python3.8/site-packages/airflow/example_dags/tutorial_dag.py
[2024-04-05T23:02:24.781+0000] {processor.py:830} INFO - Processing file /home/airflow/.local/lib/python3.8/site-packages/airflow/example_dags/tutorial_dag.py for tasks to queue
[2024-04-05T23:02:24.784+0000] {logging_mixin.py:188} INFO - [2024-04-05T23:02:24.784+0000] {dagbag.py:540} INFO - Filling up the DagBag from /home/airflow/.local/lib/python3.8/site-packages/airflow/example_dags/tutorial_dag.py
[2024-04-05T23:02:24.791+0000] {processor.py:840} INFO - DAG(s) 'tutorial_dag' retrieved from /home/airflow/.local/lib/python3.8/site-packages/airflow/example_dags/tutorial_dag.py
[2024-04-05T23:02:24.821+0000] {logging_mixin.py:188} INFO - [2024-04-05T23:02:24.821+0000] {dag.py:3047} INFO - Sync 1 DAGs
[2024-04-05T23:02:24.839+0000] {logging_mixin.py:188} INFO - [2024-04-05T23:02:24.839+0000] {dag.py:3834} INFO - Setting next_dagrun for tutorial_dag to None, run_after=None
[2024-04-05T23:02:24.862+0000] {processor.py:183} INFO - Processing /home/airflow/.local/lib/python3.8/site-packages/airflow/example_dags/tutorial_dag.py took 0.087 seconds
[2024-04-05T23:02:55.453+0000] {processor.py:161} INFO - Started process (PID=680) to work on /home/airflow/.local/lib/python3.8/site-packages/airflow/example_dags/tutorial_dag.py
[2024-04-05T23:02:55.455+0000] {processor.py:830} INFO - Processing file /home/airflow/.local/lib/python3.8/site-packages/airflow/example_dags/tutorial_dag.py for tasks to queue
[2024-04-05T23:02:55.457+0000] {logging_mixin.py:188} INFO - [2024-04-05T23:02:55.457+0000] {dagbag.py:540} INFO - Filling up the DagBag from /home/airflow/.local/lib/python3.8/site-packages/airflow/example_dags/tutorial_dag.py
[2024-04-05T23:02:55.464+0000] {processor.py:840} INFO - DAG(s) 'tutorial_dag' retrieved from /home/airflow/.local/lib/python3.8/site-packages/airflow/example_dags/tutorial_dag.py
[2024-04-05T23:02:55.487+0000] {logging_mixin.py:188} INFO - [2024-04-05T23:02:55.487+0000] {dag.py:3047} INFO - Sync 1 DAGs
[2024-04-05T23:02:55.502+0000] {logging_mixin.py:188} INFO - [2024-04-05T23:02:55.502+0000] {dag.py:3834} INFO - Setting next_dagrun for tutorial_dag to None, run_after=None
[2024-04-05T23:02:55.525+0000] {processor.py:183} INFO - Processing /home/airflow/.local/lib/python3.8/site-packages/airflow/example_dags/tutorial_dag.py took 0.076 seconds
[2024-04-05T23:03:25.781+0000] {processor.py:161} INFO - Started process (PID=736) to work on /home/airflow/.local/lib/python3.8/site-packages/airflow/example_dags/tutorial_dag.py
[2024-04-05T23:03:25.783+0000] {processor.py:830} INFO - Processing file /home/airflow/.local/lib/python3.8/site-packages/airflow/example_dags/tutorial_dag.py for tasks to queue
[2024-04-05T23:03:25.786+0000] {logging_mixin.py:188} INFO - [2024-04-05T23:03:25.785+0000] {dagbag.py:540} INFO - Filling up the DagBag from /home/airflow/.local/lib/python3.8/site-packages/airflow/example_dags/tutorial_dag.py
[2024-04-05T23:03:25.791+0000] {processor.py:840} INFO - DAG(s) 'tutorial_dag' retrieved from /home/airflow/.local/lib/python3.8/site-packages/airflow/example_dags/tutorial_dag.py
[2024-04-05T23:03:25.812+0000] {logging_mixin.py:188} INFO - [2024-04-05T23:03:25.812+0000] {dag.py:3047} INFO - Sync 1 DAGs
[2024-04-05T23:03:25.825+0000] {logging_mixin.py:188} INFO - [2024-04-05T23:03:25.824+0000] {dag.py:3834} INFO - Setting next_dagrun for tutorial_dag to None, run_after=None
[2024-04-05T23:03:25.843+0000] {processor.py:183} INFO - Processing /home/airflow/.local/lib/python3.8/site-packages/airflow/example_dags/tutorial_dag.py took 0.066 seconds
[2024-04-05T23:03:56.183+0000] {processor.py:161} INFO - Started process (PID=791) to work on /home/airflow/.local/lib/python3.8/site-packages/airflow/example_dags/tutorial_dag.py
[2024-04-05T23:03:56.184+0000] {processor.py:830} INFO - Processing file /home/airflow/.local/lib/python3.8/site-packages/airflow/example_dags/tutorial_dag.py for tasks to queue
[2024-04-05T23:03:56.186+0000] {logging_mixin.py:188} INFO - [2024-04-05T23:03:56.186+0000] {dagbag.py:540} INFO - Filling up the DagBag from /home/airflow/.local/lib/python3.8/site-packages/airflow/example_dags/tutorial_dag.py
[2024-04-05T23:03:56.194+0000] {processor.py:840} INFO - DAG(s) 'tutorial_dag' retrieved from /home/airflow/.local/lib/python3.8/site-packages/airflow/example_dags/tutorial_dag.py
[2024-04-05T23:03:56.222+0000] {logging_mixin.py:188} INFO - [2024-04-05T23:03:56.221+0000] {dag.py:3047} INFO - Sync 1 DAGs
[2024-04-05T23:03:56.236+0000] {logging_mixin.py:188} INFO - [2024-04-05T23:03:56.236+0000] {dag.py:3834} INFO - Setting next_dagrun for tutorial_dag to None, run_after=None
[2024-04-05T23:03:56.260+0000] {processor.py:183} INFO - Processing /home/airflow/.local/lib/python3.8/site-packages/airflow/example_dags/tutorial_dag.py took 0.080 seconds
[2024-04-05T23:04:27.164+0000] {processor.py:161} INFO - Started process (PID=846) to work on /home/airflow/.local/lib/python3.8/site-packages/airflow/example_dags/tutorial_dag.py
[2024-04-05T23:04:27.168+0000] {processor.py:830} INFO - Processing file /home/airflow/.local/lib/python3.8/site-packages/airflow/example_dags/tutorial_dag.py for tasks to queue
[2024-04-05T23:04:27.172+0000] {logging_mixin.py:188} INFO - [2024-04-05T23:04:27.172+0000] {dagbag.py:540} INFO - Filling up the DagBag from /home/airflow/.local/lib/python3.8/site-packages/airflow/example_dags/tutorial_dag.py
[2024-04-05T23:04:27.182+0000] {processor.py:840} INFO - DAG(s) 'tutorial_dag' retrieved from /home/airflow/.local/lib/python3.8/site-packages/airflow/example_dags/tutorial_dag.py
[2024-04-05T23:04:27.221+0000] {logging_mixin.py:188} INFO - [2024-04-05T23:04:27.221+0000] {dag.py:3047} INFO - Sync 1 DAGs
[2024-04-05T23:04:27.250+0000] {logging_mixin.py:188} INFO - [2024-04-05T23:04:27.249+0000] {dag.py:3834} INFO - Setting next_dagrun for tutorial_dag to None, run_after=None
[2024-04-05T23:04:27.287+0000] {processor.py:183} INFO - Processing /home/airflow/.local/lib/python3.8/site-packages/airflow/example_dags/tutorial_dag.py took 0.129 seconds
[2024-04-05T23:04:58.177+0000] {processor.py:161} INFO - Started process (PID=901) to work on /home/airflow/.local/lib/python3.8/site-packages/airflow/example_dags/tutorial_dag.py
[2024-04-05T23:04:58.178+0000] {processor.py:830} INFO - Processing file /home/airflow/.local/lib/python3.8/site-packages/airflow/example_dags/tutorial_dag.py for tasks to queue
[2024-04-05T23:04:58.181+0000] {logging_mixin.py:188} INFO - [2024-04-05T23:04:58.181+0000] {dagbag.py:540} INFO - Filling up the DagBag from /home/airflow/.local/lib/python3.8/site-packages/airflow/example_dags/tutorial_dag.py
[2024-04-05T23:04:58.187+0000] {processor.py:840} INFO - DAG(s) 'tutorial_dag' retrieved from /home/airflow/.local/lib/python3.8/site-packages/airflow/example_dags/tutorial_dag.py
[2024-04-05T23:04:58.209+0000] {logging_mixin.py:188} INFO - [2024-04-05T23:04:58.209+0000] {dag.py:3047} INFO - Sync 1 DAGs
[2024-04-05T23:04:58.221+0000] {logging_mixin.py:188} INFO - [2024-04-05T23:04:58.221+0000] {dag.py:3834} INFO - Setting next_dagrun for tutorial_dag to None, run_after=None
[2024-04-05T23:04:58.242+0000] {processor.py:183} INFO - Processing /home/airflow/.local/lib/python3.8/site-packages/airflow/example_dags/tutorial_dag.py took 0.069 seconds
[2024-04-05T23:05:29.004+0000] {processor.py:161} INFO - Started process (PID=956) to work on /home/airflow/.local/lib/python3.8/site-packages/airflow/example_dags/tutorial_dag.py
[2024-04-05T23:05:29.006+0000] {processor.py:830} INFO - Processing file /home/airflow/.local/lib/python3.8/site-packages/airflow/example_dags/tutorial_dag.py for tasks to queue
[2024-04-05T23:05:29.008+0000] {logging_mixin.py:188} INFO - [2024-04-05T23:05:29.008+0000] {dagbag.py:540} INFO - Filling up the DagBag from /home/airflow/.local/lib/python3.8/site-packages/airflow/example_dags/tutorial_dag.py
[2024-04-05T23:05:29.015+0000] {processor.py:840} INFO - DAG(s) 'tutorial_dag' retrieved from /home/airflow/.local/lib/python3.8/site-packages/airflow/example_dags/tutorial_dag.py
[2024-04-05T23:05:29.043+0000] {logging_mixin.py:188} INFO - [2024-04-05T23:05:29.043+0000] {dag.py:3047} INFO - Sync 1 DAGs
[2024-04-05T23:05:29.060+0000] {logging_mixin.py:188} INFO - [2024-04-05T23:05:29.060+0000] {dag.py:3834} INFO - Setting next_dagrun for tutorial_dag to None, run_after=None
[2024-04-05T23:05:29.088+0000] {processor.py:183} INFO - Processing /home/airflow/.local/lib/python3.8/site-packages/airflow/example_dags/tutorial_dag.py took 0.089 seconds
[2024-04-05T23:05:59.279+0000] {processor.py:161} INFO - Started process (PID=1011) to work on /home/airflow/.local/lib/python3.8/site-packages/airflow/example_dags/tutorial_dag.py
[2024-04-05T23:05:59.281+0000] {processor.py:830} INFO - Processing file /home/airflow/.local/lib/python3.8/site-packages/airflow/example_dags/tutorial_dag.py for tasks to queue
[2024-04-05T23:05:59.283+0000] {logging_mixin.py:188} INFO - [2024-04-05T23:05:59.283+0000] {dagbag.py:540} INFO - Filling up the DagBag from /home/airflow/.local/lib/python3.8/site-packages/airflow/example_dags/tutorial_dag.py
[2024-04-05T23:05:59.289+0000] {processor.py:840} INFO - DAG(s) 'tutorial_dag' retrieved from /home/airflow/.local/lib/python3.8/site-packages/airflow/example_dags/tutorial_dag.py
[2024-04-05T23:05:59.318+0000] {logging_mixin.py:188} INFO - [2024-04-05T23:05:59.317+0000] {dag.py:3047} INFO - Sync 1 DAGs
[2024-04-05T23:05:59.342+0000] {logging_mixin.py:188} INFO - [2024-04-05T23:05:59.341+0000] {dag.py:3834} INFO - Setting next_dagrun for tutorial_dag to None, run_after=None
[2024-04-05T23:05:59.379+0000] {processor.py:183} INFO - Processing /home/airflow/.local/lib/python3.8/site-packages/airflow/example_dags/tutorial_dag.py took 0.105 seconds
[2024-04-05T23:06:29.642+0000] {processor.py:161} INFO - Started process (PID=1065) to work on /home/airflow/.local/lib/python3.8/site-packages/airflow/example_dags/tutorial_dag.py
[2024-04-05T23:06:29.643+0000] {processor.py:830} INFO - Processing file /home/airflow/.local/lib/python3.8/site-packages/airflow/example_dags/tutorial_dag.py for tasks to queue
[2024-04-05T23:06:29.646+0000] {logging_mixin.py:188} INFO - [2024-04-05T23:06:29.646+0000] {dagbag.py:540} INFO - Filling up the DagBag from /home/airflow/.local/lib/python3.8/site-packages/airflow/example_dags/tutorial_dag.py
[2024-04-05T23:06:29.653+0000] {processor.py:840} INFO - DAG(s) 'tutorial_dag' retrieved from /home/airflow/.local/lib/python3.8/site-packages/airflow/example_dags/tutorial_dag.py
[2024-04-05T23:06:29.679+0000] {logging_mixin.py:188} INFO - [2024-04-05T23:06:29.678+0000] {dag.py:3047} INFO - Sync 1 DAGs
[2024-04-05T23:06:29.691+0000] {logging_mixin.py:188} INFO - [2024-04-05T23:06:29.690+0000] {dag.py:3834} INFO - Setting next_dagrun for tutorial_dag to None, run_after=None
[2024-04-05T23:06:29.712+0000] {processor.py:183} INFO - Processing /home/airflow/.local/lib/python3.8/site-packages/airflow/example_dags/tutorial_dag.py took 0.074 seconds
[2024-04-05T23:07:00.955+0000] {processor.py:161} INFO - Started process (PID=1120) to work on /home/airflow/.local/lib/python3.8/site-packages/airflow/example_dags/tutorial_dag.py
[2024-04-05T23:07:00.958+0000] {processor.py:830} INFO - Processing file /home/airflow/.local/lib/python3.8/site-packages/airflow/example_dags/tutorial_dag.py for tasks to queue
[2024-04-05T23:07:00.961+0000] {logging_mixin.py:188} INFO - [2024-04-05T23:07:00.961+0000] {dagbag.py:540} INFO - Filling up the DagBag from /home/airflow/.local/lib/python3.8/site-packages/airflow/example_dags/tutorial_dag.py
[2024-04-05T23:07:00.971+0000] {processor.py:840} INFO - DAG(s) 'tutorial_dag' retrieved from /home/airflow/.local/lib/python3.8/site-packages/airflow/example_dags/tutorial_dag.py
[2024-04-05T23:07:01.008+0000] {logging_mixin.py:188} INFO - [2024-04-05T23:07:01.007+0000] {dag.py:3047} INFO - Sync 1 DAGs
[2024-04-05T23:07:01.035+0000] {logging_mixin.py:188} INFO - [2024-04-05T23:07:01.034+0000] {dag.py:3834} INFO - Setting next_dagrun for tutorial_dag to None, run_after=None
[2024-04-05T23:07:01.068+0000] {processor.py:183} INFO - Processing /home/airflow/.local/lib/python3.8/site-packages/airflow/example_dags/tutorial_dag.py took 0.117 seconds
[2024-04-05T23:07:31.328+0000] {processor.py:161} INFO - Started process (PID=1175) to work on /home/airflow/.local/lib/python3.8/site-packages/airflow/example_dags/tutorial_dag.py
[2024-04-05T23:07:31.330+0000] {processor.py:830} INFO - Processing file /home/airflow/.local/lib/python3.8/site-packages/airflow/example_dags/tutorial_dag.py for tasks to queue
[2024-04-05T23:07:31.333+0000] {logging_mixin.py:188} INFO - [2024-04-05T23:07:31.332+0000] {dagbag.py:540} INFO - Filling up the DagBag from /home/airflow/.local/lib/python3.8/site-packages/airflow/example_dags/tutorial_dag.py
[2024-04-05T23:07:31.342+0000] {processor.py:840} INFO - DAG(s) 'tutorial_dag' retrieved from /home/airflow/.local/lib/python3.8/site-packages/airflow/example_dags/tutorial_dag.py
[2024-04-05T23:07:31.374+0000] {logging_mixin.py:188} INFO - [2024-04-05T23:07:31.374+0000] {dag.py:3047} INFO - Sync 1 DAGs
[2024-04-05T23:07:31.394+0000] {logging_mixin.py:188} INFO - [2024-04-05T23:07:31.394+0000] {dag.py:3834} INFO - Setting next_dagrun for tutorial_dag to None, run_after=None
[2024-04-05T23:07:31.425+0000] {processor.py:183} INFO - Processing /home/airflow/.local/lib/python3.8/site-packages/airflow/example_dags/tutorial_dag.py took 0.103 seconds
[2024-04-05T23:08:01.589+0000] {processor.py:161} INFO - Started process (PID=1230) to work on /home/airflow/.local/lib/python3.8/site-packages/airflow/example_dags/tutorial_dag.py
[2024-04-05T23:08:01.591+0000] {processor.py:830} INFO - Processing file /home/airflow/.local/lib/python3.8/site-packages/airflow/example_dags/tutorial_dag.py for tasks to queue
[2024-04-05T23:08:01.595+0000] {logging_mixin.py:188} INFO - [2024-04-05T23:08:01.594+0000] {dagbag.py:540} INFO - Filling up the DagBag from /home/airflow/.local/lib/python3.8/site-packages/airflow/example_dags/tutorial_dag.py
[2024-04-05T23:08:01.603+0000] {processor.py:840} INFO - DAG(s) 'tutorial_dag' retrieved from /home/airflow/.local/lib/python3.8/site-packages/airflow/example_dags/tutorial_dag.py
[2024-04-05T23:08:01.634+0000] {logging_mixin.py:188} INFO - [2024-04-05T23:08:01.634+0000] {dag.py:3047} INFO - Sync 1 DAGs
[2024-04-05T23:08:01.660+0000] {logging_mixin.py:188} INFO - [2024-04-05T23:08:01.660+0000] {dag.py:3834} INFO - Setting next_dagrun for tutorial_dag to None, run_after=None
[2024-04-05T23:08:01.690+0000] {processor.py:183} INFO - Processing /home/airflow/.local/lib/python3.8/site-packages/airflow/example_dags/tutorial_dag.py took 0.106 seconds
[2024-04-05T23:08:32.318+0000] {processor.py:161} INFO - Started process (PID=1285) to work on /home/airflow/.local/lib/python3.8/site-packages/airflow/example_dags/tutorial_dag.py
[2024-04-05T23:08:32.319+0000] {processor.py:830} INFO - Processing file /home/airflow/.local/lib/python3.8/site-packages/airflow/example_dags/tutorial_dag.py for tasks to queue
[2024-04-05T23:08:32.322+0000] {logging_mixin.py:188} INFO - [2024-04-05T23:08:32.322+0000] {dagbag.py:540} INFO - Filling up the DagBag from /home/airflow/.local/lib/python3.8/site-packages/airflow/example_dags/tutorial_dag.py
[2024-04-05T23:08:32.328+0000] {processor.py:840} INFO - DAG(s) 'tutorial_dag' retrieved from /home/airflow/.local/lib/python3.8/site-packages/airflow/example_dags/tutorial_dag.py
[2024-04-05T23:08:32.352+0000] {logging_mixin.py:188} INFO - [2024-04-05T23:08:32.351+0000] {dag.py:3047} INFO - Sync 1 DAGs
[2024-04-05T23:08:32.366+0000] {logging_mixin.py:188} INFO - [2024-04-05T23:08:32.366+0000] {dag.py:3834} INFO - Setting next_dagrun for tutorial_dag to None, run_after=None
[2024-04-05T23:08:32.388+0000] {processor.py:183} INFO - Processing /home/airflow/.local/lib/python3.8/site-packages/airflow/example_dags/tutorial_dag.py took 0.073 seconds
[2024-04-05T23:09:02.618+0000] {processor.py:161} INFO - Started process (PID=1340) to work on /home/airflow/.local/lib/python3.8/site-packages/airflow/example_dags/tutorial_dag.py
[2024-04-05T23:09:02.620+0000] {processor.py:830} INFO - Processing file /home/airflow/.local/lib/python3.8/site-packages/airflow/example_dags/tutorial_dag.py for tasks to queue
[2024-04-05T23:09:02.622+0000] {logging_mixin.py:188} INFO - [2024-04-05T23:09:02.622+0000] {dagbag.py:540} INFO - Filling up the DagBag from /home/airflow/.local/lib/python3.8/site-packages/airflow/example_dags/tutorial_dag.py
[2024-04-05T23:09:02.627+0000] {processor.py:840} INFO - DAG(s) 'tutorial_dag' retrieved from /home/airflow/.local/lib/python3.8/site-packages/airflow/example_dags/tutorial_dag.py
[2024-04-05T23:09:02.654+0000] {logging_mixin.py:188} INFO - [2024-04-05T23:09:02.653+0000] {dag.py:3047} INFO - Sync 1 DAGs
[2024-04-05T23:09:02.666+0000] {logging_mixin.py:188} INFO - [2024-04-05T23:09:02.666+0000] {dag.py:3834} INFO - Setting next_dagrun for tutorial_dag to None, run_after=None
[2024-04-05T23:09:02.730+0000] {processor.py:183} INFO - Processing /home/airflow/.local/lib/python3.8/site-packages/airflow/example_dags/tutorial_dag.py took 0.115 seconds
[2024-04-05T23:09:33.131+0000] {processor.py:161} INFO - Started process (PID=1395) to work on /home/airflow/.local/lib/python3.8/site-packages/airflow/example_dags/tutorial_dag.py
[2024-04-05T23:09:33.132+0000] {processor.py:830} INFO - Processing file /home/airflow/.local/lib/python3.8/site-packages/airflow/example_dags/tutorial_dag.py for tasks to queue
[2024-04-05T23:09:33.134+0000] {logging_mixin.py:188} INFO - [2024-04-05T23:09:33.134+0000] {dagbag.py:540} INFO - Filling up the DagBag from /home/airflow/.local/lib/python3.8/site-packages/airflow/example_dags/tutorial_dag.py
[2024-04-05T23:09:33.141+0000] {processor.py:840} INFO - DAG(s) 'tutorial_dag' retrieved from /home/airflow/.local/lib/python3.8/site-packages/airflow/example_dags/tutorial_dag.py
[2024-04-05T23:09:33.168+0000] {logging_mixin.py:188} INFO - [2024-04-05T23:09:33.167+0000] {dag.py:3047} INFO - Sync 1 DAGs
[2024-04-05T23:09:33.183+0000] {logging_mixin.py:188} INFO - [2024-04-05T23:09:33.183+0000] {dag.py:3834} INFO - Setting next_dagrun for tutorial_dag to None, run_after=None
[2024-04-05T23:09:33.246+0000] {processor.py:183} INFO - Processing /home/airflow/.local/lib/python3.8/site-packages/airflow/example_dags/tutorial_dag.py took 0.119 seconds
[2024-04-05T23:10:03.345+0000] {processor.py:161} INFO - Started process (PID=1450) to work on /home/airflow/.local/lib/python3.8/site-packages/airflow/example_dags/tutorial_dag.py
[2024-04-05T23:10:03.346+0000] {processor.py:830} INFO - Processing file /home/airflow/.local/lib/python3.8/site-packages/airflow/example_dags/tutorial_dag.py for tasks to queue
[2024-04-05T23:10:03.349+0000] {logging_mixin.py:188} INFO - [2024-04-05T23:10:03.348+0000] {dagbag.py:540} INFO - Filling up the DagBag from /home/airflow/.local/lib/python3.8/site-packages/airflow/example_dags/tutorial_dag.py
[2024-04-05T23:10:03.357+0000] {processor.py:840} INFO - DAG(s) 'tutorial_dag' retrieved from /home/airflow/.local/lib/python3.8/site-packages/airflow/example_dags/tutorial_dag.py
[2024-04-05T23:10:03.383+0000] {logging_mixin.py:188} INFO - [2024-04-05T23:10:03.382+0000] {dag.py:3047} INFO - Sync 1 DAGs
[2024-04-05T23:10:03.397+0000] {logging_mixin.py:188} INFO - [2024-04-05T23:10:03.396+0000] {dag.py:3834} INFO - Setting next_dagrun for tutorial_dag to None, run_after=None
[2024-04-05T23:10:03.421+0000] {processor.py:183} INFO - Processing /home/airflow/.local/lib/python3.8/site-packages/airflow/example_dags/tutorial_dag.py took 0.081 seconds
[2024-04-05T23:10:33.969+0000] {processor.py:161} INFO - Started process (PID=1505) to work on /home/airflow/.local/lib/python3.8/site-packages/airflow/example_dags/tutorial_dag.py
[2024-04-05T23:10:33.971+0000] {processor.py:830} INFO - Processing file /home/airflow/.local/lib/python3.8/site-packages/airflow/example_dags/tutorial_dag.py for tasks to queue
[2024-04-05T23:10:33.974+0000] {logging_mixin.py:188} INFO - [2024-04-05T23:10:33.973+0000] {dagbag.py:540} INFO - Filling up the DagBag from /home/airflow/.local/lib/python3.8/site-packages/airflow/example_dags/tutorial_dag.py
[2024-04-05T23:10:33.981+0000] {processor.py:840} INFO - DAG(s) 'tutorial_dag' retrieved from /home/airflow/.local/lib/python3.8/site-packages/airflow/example_dags/tutorial_dag.py
[2024-04-05T23:10:34.004+0000] {logging_mixin.py:188} INFO - [2024-04-05T23:10:34.004+0000] {dag.py:3047} INFO - Sync 1 DAGs
[2024-04-05T23:10:34.016+0000] {logging_mixin.py:188} INFO - [2024-04-05T23:10:34.016+0000] {dag.py:3834} INFO - Setting next_dagrun for tutorial_dag to None, run_after=None
[2024-04-05T23:10:34.036+0000] {processor.py:183} INFO - Processing /home/airflow/.local/lib/python3.8/site-packages/airflow/example_dags/tutorial_dag.py took 0.071 seconds
[2024-04-05T23:11:04.702+0000] {processor.py:161} INFO - Started process (PID=1560) to work on /home/airflow/.local/lib/python3.8/site-packages/airflow/example_dags/tutorial_dag.py
[2024-04-05T23:11:04.704+0000] {processor.py:830} INFO - Processing file /home/airflow/.local/lib/python3.8/site-packages/airflow/example_dags/tutorial_dag.py for tasks to queue
[2024-04-05T23:11:04.707+0000] {logging_mixin.py:188} INFO - [2024-04-05T23:11:04.706+0000] {dagbag.py:540} INFO - Filling up the DagBag from /home/airflow/.local/lib/python3.8/site-packages/airflow/example_dags/tutorial_dag.py
[2024-04-05T23:11:04.715+0000] {processor.py:840} INFO - DAG(s) 'tutorial_dag' retrieved from /home/airflow/.local/lib/python3.8/site-packages/airflow/example_dags/tutorial_dag.py
[2024-04-05T23:11:04.743+0000] {logging_mixin.py:188} INFO - [2024-04-05T23:11:04.742+0000] {dag.py:3047} INFO - Sync 1 DAGs
[2024-04-05T23:11:04.757+0000] {logging_mixin.py:188} INFO - [2024-04-05T23:11:04.757+0000] {dag.py:3834} INFO - Setting next_dagrun for tutorial_dag to None, run_after=None
[2024-04-05T23:11:04.831+0000] {processor.py:183} INFO - Processing /home/airflow/.local/lib/python3.8/site-packages/airflow/example_dags/tutorial_dag.py took 0.134 seconds
[2024-04-05T23:11:35.322+0000] {processor.py:161} INFO - Started process (PID=1615) to work on /home/airflow/.local/lib/python3.8/site-packages/airflow/example_dags/tutorial_dag.py
[2024-04-05T23:11:35.323+0000] {processor.py:830} INFO - Processing file /home/airflow/.local/lib/python3.8/site-packages/airflow/example_dags/tutorial_dag.py for tasks to queue
[2024-04-05T23:11:35.326+0000] {logging_mixin.py:188} INFO - [2024-04-05T23:11:35.326+0000] {dagbag.py:540} INFO - Filling up the DagBag from /home/airflow/.local/lib/python3.8/site-packages/airflow/example_dags/tutorial_dag.py
[2024-04-05T23:11:35.334+0000] {processor.py:840} INFO - DAG(s) 'tutorial_dag' retrieved from /home/airflow/.local/lib/python3.8/site-packages/airflow/example_dags/tutorial_dag.py
[2024-04-05T23:11:35.358+0000] {logging_mixin.py:188} INFO - [2024-04-05T23:11:35.357+0000] {dag.py:3047} INFO - Sync 1 DAGs
[2024-04-05T23:11:35.371+0000] {logging_mixin.py:188} INFO - [2024-04-05T23:11:35.370+0000] {dag.py:3834} INFO - Setting next_dagrun for tutorial_dag to None, run_after=None
[2024-04-05T23:11:35.393+0000] {processor.py:183} INFO - Processing /home/airflow/.local/lib/python3.8/site-packages/airflow/example_dags/tutorial_dag.py took 0.076 seconds
[2024-04-05T23:12:05.653+0000] {processor.py:161} INFO - Started process (PID=1670) to work on /home/airflow/.local/lib/python3.8/site-packages/airflow/example_dags/tutorial_dag.py
[2024-04-05T23:12:05.654+0000] {processor.py:830} INFO - Processing file /home/airflow/.local/lib/python3.8/site-packages/airflow/example_dags/tutorial_dag.py for tasks to queue
[2024-04-05T23:12:05.656+0000] {logging_mixin.py:188} INFO - [2024-04-05T23:12:05.656+0000] {dagbag.py:540} INFO - Filling up the DagBag from /home/airflow/.local/lib/python3.8/site-packages/airflow/example_dags/tutorial_dag.py
[2024-04-05T23:12:05.662+0000] {processor.py:840} INFO - DAG(s) 'tutorial_dag' retrieved from /home/airflow/.local/lib/python3.8/site-packages/airflow/example_dags/tutorial_dag.py
[2024-04-05T23:12:05.683+0000] {logging_mixin.py:188} INFO - [2024-04-05T23:12:05.683+0000] {dag.py:3047} INFO - Sync 1 DAGs
[2024-04-05T23:12:05.699+0000] {logging_mixin.py:188} INFO - [2024-04-05T23:12:05.698+0000] {dag.py:3834} INFO - Setting next_dagrun for tutorial_dag to None, run_after=None
[2024-04-05T23:12:05.760+0000] {processor.py:183} INFO - Processing /home/airflow/.local/lib/python3.8/site-packages/airflow/example_dags/tutorial_dag.py took 0.111 seconds
[2024-04-05T23:12:36.174+0000] {processor.py:161} INFO - Started process (PID=1725) to work on /home/airflow/.local/lib/python3.8/site-packages/airflow/example_dags/tutorial_dag.py
[2024-04-05T23:12:36.175+0000] {processor.py:830} INFO - Processing file /home/airflow/.local/lib/python3.8/site-packages/airflow/example_dags/tutorial_dag.py for tasks to queue
[2024-04-05T23:12:36.178+0000] {logging_mixin.py:188} INFO - [2024-04-05T23:12:36.177+0000] {dagbag.py:540} INFO - Filling up the DagBag from /home/airflow/.local/lib/python3.8/site-packages/airflow/example_dags/tutorial_dag.py
[2024-04-05T23:12:36.185+0000] {processor.py:840} INFO - DAG(s) 'tutorial_dag' retrieved from /home/airflow/.local/lib/python3.8/site-packages/airflow/example_dags/tutorial_dag.py
[2024-04-05T23:12:36.207+0000] {logging_mixin.py:188} INFO - [2024-04-05T23:12:36.207+0000] {dag.py:3047} INFO - Sync 1 DAGs
[2024-04-05T23:12:36.219+0000] {logging_mixin.py:188} INFO - [2024-04-05T23:12:36.219+0000] {dag.py:3834} INFO - Setting next_dagrun for tutorial_dag to None, run_after=None
[2024-04-05T23:12:36.244+0000] {processor.py:183} INFO - Processing /home/airflow/.local/lib/python3.8/site-packages/airflow/example_dags/tutorial_dag.py took 0.074 seconds
[2024-04-05T23:13:06.297+0000] {processor.py:161} INFO - Started process (PID=1780) to work on /home/airflow/.local/lib/python3.8/site-packages/airflow/example_dags/tutorial_dag.py
[2024-04-05T23:13:06.298+0000] {processor.py:830} INFO - Processing file /home/airflow/.local/lib/python3.8/site-packages/airflow/example_dags/tutorial_dag.py for tasks to queue
[2024-04-05T23:13:06.301+0000] {logging_mixin.py:188} INFO - [2024-04-05T23:13:06.301+0000] {dagbag.py:540} INFO - Filling up the DagBag from /home/airflow/.local/lib/python3.8/site-packages/airflow/example_dags/tutorial_dag.py
[2024-04-05T23:13:06.309+0000] {processor.py:840} INFO - DAG(s) 'tutorial_dag' retrieved from /home/airflow/.local/lib/python3.8/site-packages/airflow/example_dags/tutorial_dag.py
[2024-04-05T23:13:06.332+0000] {logging_mixin.py:188} INFO - [2024-04-05T23:13:06.331+0000] {dag.py:3047} INFO - Sync 1 DAGs
[2024-04-05T23:13:06.349+0000] {logging_mixin.py:188} INFO - [2024-04-05T23:13:06.348+0000] {dag.py:3834} INFO - Setting next_dagrun for tutorial_dag to None, run_after=None
[2024-04-05T23:13:06.370+0000] {processor.py:183} INFO - Processing /home/airflow/.local/lib/python3.8/site-packages/airflow/example_dags/tutorial_dag.py took 0.078 seconds
[2024-04-05T23:13:36.869+0000] {processor.py:161} INFO - Started process (PID=1835) to work on /home/airflow/.local/lib/python3.8/site-packages/airflow/example_dags/tutorial_dag.py
[2024-04-05T23:13:36.871+0000] {processor.py:830} INFO - Processing file /home/airflow/.local/lib/python3.8/site-packages/airflow/example_dags/tutorial_dag.py for tasks to queue
[2024-04-05T23:13:36.874+0000] {logging_mixin.py:188} INFO - [2024-04-05T23:13:36.874+0000] {dagbag.py:540} INFO - Filling up the DagBag from /home/airflow/.local/lib/python3.8/site-packages/airflow/example_dags/tutorial_dag.py
[2024-04-05T23:13:36.882+0000] {processor.py:840} INFO - DAG(s) 'tutorial_dag' retrieved from /home/airflow/.local/lib/python3.8/site-packages/airflow/example_dags/tutorial_dag.py
[2024-04-05T23:13:36.907+0000] {logging_mixin.py:188} INFO - [2024-04-05T23:13:36.907+0000] {dag.py:3047} INFO - Sync 1 DAGs
[2024-04-05T23:13:36.921+0000] {logging_mixin.py:188} INFO - [2024-04-05T23:13:36.921+0000] {dag.py:3834} INFO - Setting next_dagrun for tutorial_dag to None, run_after=None
[2024-04-05T23:13:36.986+0000] {processor.py:183} INFO - Processing /home/airflow/.local/lib/python3.8/site-packages/airflow/example_dags/tutorial_dag.py took 0.120 seconds
[2024-04-05T23:14:07.533+0000] {processor.py:161} INFO - Started process (PID=1890) to work on /home/airflow/.local/lib/python3.8/site-packages/airflow/example_dags/tutorial_dag.py
[2024-04-05T23:14:07.534+0000] {processor.py:830} INFO - Processing file /home/airflow/.local/lib/python3.8/site-packages/airflow/example_dags/tutorial_dag.py for tasks to queue
[2024-04-05T23:14:07.536+0000] {logging_mixin.py:188} INFO - [2024-04-05T23:14:07.536+0000] {dagbag.py:540} INFO - Filling up the DagBag from /home/airflow/.local/lib/python3.8/site-packages/airflow/example_dags/tutorial_dag.py
[2024-04-05T23:14:07.543+0000] {processor.py:840} INFO - DAG(s) 'tutorial_dag' retrieved from /home/airflow/.local/lib/python3.8/site-packages/airflow/example_dags/tutorial_dag.py
[2024-04-05T23:14:07.565+0000] {logging_mixin.py:188} INFO - [2024-04-05T23:14:07.564+0000] {dag.py:3047} INFO - Sync 1 DAGs
[2024-04-05T23:14:07.576+0000] {logging_mixin.py:188} INFO - [2024-04-05T23:14:07.575+0000] {dag.py:3834} INFO - Setting next_dagrun for tutorial_dag to None, run_after=None
[2024-04-05T23:14:07.594+0000] {processor.py:183} INFO - Processing /home/airflow/.local/lib/python3.8/site-packages/airflow/example_dags/tutorial_dag.py took 0.064 seconds
[2024-04-05T23:14:37.869+0000] {processor.py:161} INFO - Started process (PID=1945) to work on /home/airflow/.local/lib/python3.8/site-packages/airflow/example_dags/tutorial_dag.py
[2024-04-05T23:14:37.871+0000] {processor.py:830} INFO - Processing file /home/airflow/.local/lib/python3.8/site-packages/airflow/example_dags/tutorial_dag.py for tasks to queue
[2024-04-05T23:14:37.874+0000] {logging_mixin.py:188} INFO - [2024-04-05T23:14:37.873+0000] {dagbag.py:540} INFO - Filling up the DagBag from /home/airflow/.local/lib/python3.8/site-packages/airflow/example_dags/tutorial_dag.py
[2024-04-05T23:14:37.882+0000] {processor.py:840} INFO - DAG(s) 'tutorial_dag' retrieved from /home/airflow/.local/lib/python3.8/site-packages/airflow/example_dags/tutorial_dag.py
[2024-04-05T23:14:37.909+0000] {logging_mixin.py:188} INFO - [2024-04-05T23:14:37.909+0000] {dag.py:3047} INFO - Sync 1 DAGs
[2024-04-05T23:14:37.929+0000] {logging_mixin.py:188} INFO - [2024-04-05T23:14:37.929+0000] {dag.py:3834} INFO - Setting next_dagrun for tutorial_dag to None, run_after=None
[2024-04-05T23:14:38.001+0000] {processor.py:183} INFO - Processing /home/airflow/.local/lib/python3.8/site-packages/airflow/example_dags/tutorial_dag.py took 0.137 seconds
[2024-04-05T23:15:08.373+0000] {processor.py:161} INFO - Started process (PID=2000) to work on /home/airflow/.local/lib/python3.8/site-packages/airflow/example_dags/tutorial_dag.py
[2024-04-05T23:15:08.374+0000] {processor.py:830} INFO - Processing file /home/airflow/.local/lib/python3.8/site-packages/airflow/example_dags/tutorial_dag.py for tasks to queue
[2024-04-05T23:15:08.376+0000] {logging_mixin.py:188} INFO - [2024-04-05T23:15:08.376+0000] {dagbag.py:540} INFO - Filling up the DagBag from /home/airflow/.local/lib/python3.8/site-packages/airflow/example_dags/tutorial_dag.py
[2024-04-05T23:15:08.382+0000] {processor.py:840} INFO - DAG(s) 'tutorial_dag' retrieved from /home/airflow/.local/lib/python3.8/site-packages/airflow/example_dags/tutorial_dag.py
[2024-04-05T23:15:08.403+0000] {logging_mixin.py:188} INFO - [2024-04-05T23:15:08.403+0000] {dag.py:3047} INFO - Sync 1 DAGs
[2024-04-05T23:15:08.415+0000] {logging_mixin.py:188} INFO - [2024-04-05T23:15:08.415+0000] {dag.py:3834} INFO - Setting next_dagrun for tutorial_dag to None, run_after=None
[2024-04-05T23:15:08.434+0000] {processor.py:183} INFO - Processing /home/airflow/.local/lib/python3.8/site-packages/airflow/example_dags/tutorial_dag.py took 0.064 seconds
[2024-04-05T23:15:38.982+0000] {processor.py:161} INFO - Started process (PID=2055) to work on /home/airflow/.local/lib/python3.8/site-packages/airflow/example_dags/tutorial_dag.py
[2024-04-05T23:15:38.984+0000] {processor.py:830} INFO - Processing file /home/airflow/.local/lib/python3.8/site-packages/airflow/example_dags/tutorial_dag.py for tasks to queue
[2024-04-05T23:15:38.986+0000] {logging_mixin.py:188} INFO - [2024-04-05T23:15:38.986+0000] {dagbag.py:540} INFO - Filling up the DagBag from /home/airflow/.local/lib/python3.8/site-packages/airflow/example_dags/tutorial_dag.py
[2024-04-05T23:15:38.995+0000] {processor.py:840} INFO - DAG(s) 'tutorial_dag' retrieved from /home/airflow/.local/lib/python3.8/site-packages/airflow/example_dags/tutorial_dag.py
[2024-04-05T23:15:39.021+0000] {logging_mixin.py:188} INFO - [2024-04-05T23:15:39.020+0000] {dag.py:3047} INFO - Sync 1 DAGs
[2024-04-05T23:15:39.034+0000] {logging_mixin.py:188} INFO - [2024-04-05T23:15:39.034+0000] {dag.py:3834} INFO - Setting next_dagrun for tutorial_dag to None, run_after=None
[2024-04-05T23:15:39.057+0000] {processor.py:183} INFO - Processing /home/airflow/.local/lib/python3.8/site-packages/airflow/example_dags/tutorial_dag.py took 0.079 seconds
[2024-04-05T23:16:09.184+0000] {processor.py:161} INFO - Started process (PID=2110) to work on /home/airflow/.local/lib/python3.8/site-packages/airflow/example_dags/tutorial_dag.py
[2024-04-05T23:16:09.185+0000] {processor.py:830} INFO - Processing file /home/airflow/.local/lib/python3.8/site-packages/airflow/example_dags/tutorial_dag.py for tasks to queue
[2024-04-05T23:16:09.188+0000] {logging_mixin.py:188} INFO - [2024-04-05T23:16:09.188+0000] {dagbag.py:540} INFO - Filling up the DagBag from /home/airflow/.local/lib/python3.8/site-packages/airflow/example_dags/tutorial_dag.py
[2024-04-05T23:16:09.194+0000] {processor.py:840} INFO - DAG(s) 'tutorial_dag' retrieved from /home/airflow/.local/lib/python3.8/site-packages/airflow/example_dags/tutorial_dag.py
[2024-04-05T23:16:09.218+0000] {logging_mixin.py:188} INFO - [2024-04-05T23:16:09.218+0000] {dag.py:3047} INFO - Sync 1 DAGs
[2024-04-05T23:16:09.235+0000] {logging_mixin.py:188} INFO - [2024-04-05T23:16:09.234+0000] {dag.py:3834} INFO - Setting next_dagrun for tutorial_dag to None, run_after=None
[2024-04-05T23:16:09.295+0000] {processor.py:183} INFO - Processing /home/airflow/.local/lib/python3.8/site-packages/airflow/example_dags/tutorial_dag.py took 0.115 seconds
[2024-04-05T23:16:40.193+0000] {processor.py:161} INFO - Started process (PID=2165) to work on /home/airflow/.local/lib/python3.8/site-packages/airflow/example_dags/tutorial_dag.py
[2024-04-05T23:16:40.194+0000] {processor.py:830} INFO - Processing file /home/airflow/.local/lib/python3.8/site-packages/airflow/example_dags/tutorial_dag.py for tasks to queue
[2024-04-05T23:16:40.197+0000] {logging_mixin.py:188} INFO - [2024-04-05T23:16:40.196+0000] {dagbag.py:540} INFO - Filling up the DagBag from /home/airflow/.local/lib/python3.8/site-packages/airflow/example_dags/tutorial_dag.py
[2024-04-05T23:16:40.204+0000] {processor.py:840} INFO - DAG(s) 'tutorial_dag' retrieved from /home/airflow/.local/lib/python3.8/site-packages/airflow/example_dags/tutorial_dag.py
[2024-04-05T23:16:40.226+0000] {logging_mixin.py:188} INFO - [2024-04-05T23:16:40.226+0000] {dag.py:3047} INFO - Sync 1 DAGs
[2024-04-05T23:16:40.239+0000] {logging_mixin.py:188} INFO - [2024-04-05T23:16:40.239+0000] {dag.py:3834} INFO - Setting next_dagrun for tutorial_dag to None, run_after=None
[2024-04-05T23:16:40.300+0000] {processor.py:183} INFO - Processing /home/airflow/.local/lib/python3.8/site-packages/airflow/example_dags/tutorial_dag.py took 0.111 seconds
[2024-04-05T23:17:10.709+0000] {processor.py:161} INFO - Started process (PID=2220) to work on /home/airflow/.local/lib/python3.8/site-packages/airflow/example_dags/tutorial_dag.py
[2024-04-05T23:17:10.710+0000] {processor.py:830} INFO - Processing file /home/airflow/.local/lib/python3.8/site-packages/airflow/example_dags/tutorial_dag.py for tasks to queue
[2024-04-05T23:17:10.712+0000] {logging_mixin.py:188} INFO - [2024-04-05T23:17:10.712+0000] {dagbag.py:540} INFO - Filling up the DagBag from /home/airflow/.local/lib/python3.8/site-packages/airflow/example_dags/tutorial_dag.py
[2024-04-05T23:17:10.718+0000] {processor.py:840} INFO - DAG(s) 'tutorial_dag' retrieved from /home/airflow/.local/lib/python3.8/site-packages/airflow/example_dags/tutorial_dag.py
[2024-04-05T23:17:10.756+0000] {logging_mixin.py:188} INFO - [2024-04-05T23:17:10.755+0000] {dag.py:3047} INFO - Sync 1 DAGs
[2024-04-05T23:17:10.793+0000] {logging_mixin.py:188} INFO - [2024-04-05T23:17:10.793+0000] {dag.py:3834} INFO - Setting next_dagrun for tutorial_dag to None, run_after=None
[2024-04-05T23:17:10.827+0000] {processor.py:183} INFO - Processing /home/airflow/.local/lib/python3.8/site-packages/airflow/example_dags/tutorial_dag.py took 0.122 seconds
[2024-04-05T23:17:41.446+0000] {processor.py:161} INFO - Started process (PID=2275) to work on /home/airflow/.local/lib/python3.8/site-packages/airflow/example_dags/tutorial_dag.py
[2024-04-05T23:17:41.447+0000] {processor.py:830} INFO - Processing file /home/airflow/.local/lib/python3.8/site-packages/airflow/example_dags/tutorial_dag.py for tasks to queue
[2024-04-05T23:17:41.450+0000] {logging_mixin.py:188} INFO - [2024-04-05T23:17:41.450+0000] {dagbag.py:540} INFO - Filling up the DagBag from /home/airflow/.local/lib/python3.8/site-packages/airflow/example_dags/tutorial_dag.py
[2024-04-05T23:17:41.456+0000] {processor.py:840} INFO - DAG(s) 'tutorial_dag' retrieved from /home/airflow/.local/lib/python3.8/site-packages/airflow/example_dags/tutorial_dag.py
[2024-04-05T23:17:41.482+0000] {logging_mixin.py:188} INFO - [2024-04-05T23:17:41.482+0000] {dag.py:3047} INFO - Sync 1 DAGs
[2024-04-05T23:17:41.495+0000] {logging_mixin.py:188} INFO - [2024-04-05T23:17:41.495+0000] {dag.py:3834} INFO - Setting next_dagrun for tutorial_dag to None, run_after=None
[2024-04-05T23:17:41.561+0000] {processor.py:183} INFO - Processing /home/airflow/.local/lib/python3.8/site-packages/airflow/example_dags/tutorial_dag.py took 0.118 seconds
[2024-04-05T23:18:11.768+0000] {processor.py:161} INFO - Started process (PID=2330) to work on /home/airflow/.local/lib/python3.8/site-packages/airflow/example_dags/tutorial_dag.py
[2024-04-05T23:18:11.769+0000] {processor.py:830} INFO - Processing file /home/airflow/.local/lib/python3.8/site-packages/airflow/example_dags/tutorial_dag.py for tasks to queue
[2024-04-05T23:18:11.772+0000] {logging_mixin.py:188} INFO - [2024-04-05T23:18:11.771+0000] {dagbag.py:540} INFO - Filling up the DagBag from /home/airflow/.local/lib/python3.8/site-packages/airflow/example_dags/tutorial_dag.py
[2024-04-05T23:18:11.778+0000] {processor.py:840} INFO - DAG(s) 'tutorial_dag' retrieved from /home/airflow/.local/lib/python3.8/site-packages/airflow/example_dags/tutorial_dag.py
[2024-04-05T23:18:11.800+0000] {logging_mixin.py:188} INFO - [2024-04-05T23:18:11.800+0000] {dag.py:3047} INFO - Sync 1 DAGs
[2024-04-05T23:18:11.812+0000] {logging_mixin.py:188} INFO - [2024-04-05T23:18:11.812+0000] {dag.py:3834} INFO - Setting next_dagrun for tutorial_dag to None, run_after=None
[2024-04-05T23:18:11.830+0000] {processor.py:183} INFO - Processing /home/airflow/.local/lib/python3.8/site-packages/airflow/example_dags/tutorial_dag.py took 0.066 seconds
[2024-04-05T23:18:41.891+0000] {processor.py:161} INFO - Started process (PID=2385) to work on /home/airflow/.local/lib/python3.8/site-packages/airflow/example_dags/tutorial_dag.py
[2024-04-05T23:18:41.892+0000] {processor.py:830} INFO - Processing file /home/airflow/.local/lib/python3.8/site-packages/airflow/example_dags/tutorial_dag.py for tasks to queue
[2024-04-05T23:18:41.895+0000] {logging_mixin.py:188} INFO - [2024-04-05T23:18:41.895+0000] {dagbag.py:540} INFO - Filling up the DagBag from /home/airflow/.local/lib/python3.8/site-packages/airflow/example_dags/tutorial_dag.py
[2024-04-05T23:18:41.900+0000] {processor.py:840} INFO - DAG(s) 'tutorial_dag' retrieved from /home/airflow/.local/lib/python3.8/site-packages/airflow/example_dags/tutorial_dag.py
[2024-04-05T23:18:41.920+0000] {logging_mixin.py:188} INFO - [2024-04-05T23:18:41.920+0000] {dag.py:3047} INFO - Sync 1 DAGs
[2024-04-05T23:18:41.933+0000] {logging_mixin.py:188} INFO - [2024-04-05T23:18:41.933+0000] {dag.py:3834} INFO - Setting next_dagrun for tutorial_dag to None, run_after=None
[2024-04-05T23:18:41.952+0000] {processor.py:183} INFO - Processing /home/airflow/.local/lib/python3.8/site-packages/airflow/example_dags/tutorial_dag.py took 0.064 seconds
[2024-04-05T23:19:12.257+0000] {processor.py:161} INFO - Started process (PID=2440) to work on /home/airflow/.local/lib/python3.8/site-packages/airflow/example_dags/tutorial_dag.py
[2024-04-05T23:19:12.259+0000] {processor.py:830} INFO - Processing file /home/airflow/.local/lib/python3.8/site-packages/airflow/example_dags/tutorial_dag.py for tasks to queue
[2024-04-05T23:19:12.261+0000] {logging_mixin.py:188} INFO - [2024-04-05T23:19:12.261+0000] {dagbag.py:540} INFO - Filling up the DagBag from /home/airflow/.local/lib/python3.8/site-packages/airflow/example_dags/tutorial_dag.py
[2024-04-05T23:19:12.268+0000] {processor.py:840} INFO - DAG(s) 'tutorial_dag' retrieved from /home/airflow/.local/lib/python3.8/site-packages/airflow/example_dags/tutorial_dag.py
[2024-04-05T23:19:12.288+0000] {logging_mixin.py:188} INFO - [2024-04-05T23:19:12.287+0000] {dag.py:3047} INFO - Sync 1 DAGs
[2024-04-05T23:19:12.302+0000] {logging_mixin.py:188} INFO - [2024-04-05T23:19:12.302+0000] {dag.py:3834} INFO - Setting next_dagrun for tutorial_dag to None, run_after=None
[2024-04-05T23:19:12.324+0000] {processor.py:183} INFO - Processing /home/airflow/.local/lib/python3.8/site-packages/airflow/example_dags/tutorial_dag.py took 0.070 seconds
[2024-04-05T23:19:42.622+0000] {processor.py:161} INFO - Started process (PID=2495) to work on /home/airflow/.local/lib/python3.8/site-packages/airflow/example_dags/tutorial_dag.py
[2024-04-05T23:19:42.623+0000] {processor.py:830} INFO - Processing file /home/airflow/.local/lib/python3.8/site-packages/airflow/example_dags/tutorial_dag.py for tasks to queue
[2024-04-05T23:19:42.625+0000] {logging_mixin.py:188} INFO - [2024-04-05T23:19:42.625+0000] {dagbag.py:540} INFO - Filling up the DagBag from /home/airflow/.local/lib/python3.8/site-packages/airflow/example_dags/tutorial_dag.py
[2024-04-05T23:19:42.633+0000] {processor.py:840} INFO - DAG(s) 'tutorial_dag' retrieved from /home/airflow/.local/lib/python3.8/site-packages/airflow/example_dags/tutorial_dag.py
[2024-04-05T23:19:42.661+0000] {logging_mixin.py:188} INFO - [2024-04-05T23:19:42.660+0000] {dag.py:3047} INFO - Sync 1 DAGs
[2024-04-05T23:19:42.678+0000] {logging_mixin.py:188} INFO - [2024-04-05T23:19:42.678+0000] {dag.py:3834} INFO - Setting next_dagrun for tutorial_dag to None, run_after=None
[2024-04-05T23:19:42.704+0000] {processor.py:183} INFO - Processing /home/airflow/.local/lib/python3.8/site-packages/airflow/example_dags/tutorial_dag.py took 0.086 seconds
[2024-04-05T23:20:13.110+0000] {processor.py:161} INFO - Started process (PID=2550) to work on /home/airflow/.local/lib/python3.8/site-packages/airflow/example_dags/tutorial_dag.py
[2024-04-05T23:20:13.112+0000] {processor.py:830} INFO - Processing file /home/airflow/.local/lib/python3.8/site-packages/airflow/example_dags/tutorial_dag.py for tasks to queue
[2024-04-05T23:20:13.115+0000] {logging_mixin.py:188} INFO - [2024-04-05T23:20:13.115+0000] {dagbag.py:540} INFO - Filling up the DagBag from /home/airflow/.local/lib/python3.8/site-packages/airflow/example_dags/tutorial_dag.py
[2024-04-05T23:20:13.122+0000] {processor.py:840} INFO - DAG(s) 'tutorial_dag' retrieved from /home/airflow/.local/lib/python3.8/site-packages/airflow/example_dags/tutorial_dag.py
[2024-04-05T23:20:13.148+0000] {logging_mixin.py:188} INFO - [2024-04-05T23:20:13.148+0000] {dag.py:3047} INFO - Sync 1 DAGs
[2024-04-05T23:20:13.162+0000] {logging_mixin.py:188} INFO - [2024-04-05T23:20:13.162+0000] {dag.py:3834} INFO - Setting next_dagrun for tutorial_dag to None, run_after=None
[2024-04-05T23:20:13.183+0000] {processor.py:183} INFO - Processing /home/airflow/.local/lib/python3.8/site-packages/airflow/example_dags/tutorial_dag.py took 0.077 seconds
[2024-04-05T23:20:43.623+0000] {processor.py:161} INFO - Started process (PID=2605) to work on /home/airflow/.local/lib/python3.8/site-packages/airflow/example_dags/tutorial_dag.py
[2024-04-05T23:20:43.626+0000] {processor.py:830} INFO - Processing file /home/airflow/.local/lib/python3.8/site-packages/airflow/example_dags/tutorial_dag.py for tasks to queue
[2024-04-05T23:20:43.629+0000] {logging_mixin.py:188} INFO - [2024-04-05T23:20:43.629+0000] {dagbag.py:540} INFO - Filling up the DagBag from /home/airflow/.local/lib/python3.8/site-packages/airflow/example_dags/tutorial_dag.py
[2024-04-05T23:20:43.635+0000] {processor.py:840} INFO - DAG(s) 'tutorial_dag' retrieved from /home/airflow/.local/lib/python3.8/site-packages/airflow/example_dags/tutorial_dag.py
[2024-04-05T23:20:43.660+0000] {logging_mixin.py:188} INFO - [2024-04-05T23:20:43.660+0000] {dag.py:3047} INFO - Sync 1 DAGs
[2024-04-05T23:20:43.673+0000] {logging_mixin.py:188} INFO - [2024-04-05T23:20:43.673+0000] {dag.py:3834} INFO - Setting next_dagrun for tutorial_dag to None, run_after=None
[2024-04-05T23:20:43.745+0000] {processor.py:183} INFO - Processing /home/airflow/.local/lib/python3.8/site-packages/airflow/example_dags/tutorial_dag.py took 0.125 seconds
[2024-04-05T23:21:14.089+0000] {processor.py:161} INFO - Started process (PID=2660) to work on /home/airflow/.local/lib/python3.8/site-packages/airflow/example_dags/tutorial_dag.py
[2024-04-05T23:21:14.090+0000] {processor.py:830} INFO - Processing file /home/airflow/.local/lib/python3.8/site-packages/airflow/example_dags/tutorial_dag.py for tasks to queue
[2024-04-05T23:21:14.093+0000] {logging_mixin.py:188} INFO - [2024-04-05T23:21:14.093+0000] {dagbag.py:540} INFO - Filling up the DagBag from /home/airflow/.local/lib/python3.8/site-packages/airflow/example_dags/tutorial_dag.py
[2024-04-05T23:21:14.100+0000] {processor.py:840} INFO - DAG(s) 'tutorial_dag' retrieved from /home/airflow/.local/lib/python3.8/site-packages/airflow/example_dags/tutorial_dag.py
[2024-04-05T23:21:14.123+0000] {logging_mixin.py:188} INFO - [2024-04-05T23:21:14.123+0000] {dag.py:3047} INFO - Sync 1 DAGs
[2024-04-05T23:21:14.137+0000] {logging_mixin.py:188} INFO - [2024-04-05T23:21:14.137+0000] {dag.py:3834} INFO - Setting next_dagrun for tutorial_dag to None, run_after=None
[2024-04-05T23:21:14.158+0000] {processor.py:183} INFO - Processing /home/airflow/.local/lib/python3.8/site-packages/airflow/example_dags/tutorial_dag.py took 0.073 seconds
[2024-04-05T23:21:44.216+0000] {processor.py:161} INFO - Started process (PID=2715) to work on /home/airflow/.local/lib/python3.8/site-packages/airflow/example_dags/tutorial_dag.py
[2024-04-05T23:21:44.217+0000] {processor.py:830} INFO - Processing file /home/airflow/.local/lib/python3.8/site-packages/airflow/example_dags/tutorial_dag.py for tasks to queue
[2024-04-05T23:21:44.220+0000] {logging_mixin.py:188} INFO - [2024-04-05T23:21:44.219+0000] {dagbag.py:540} INFO - Filling up the DagBag from /home/airflow/.local/lib/python3.8/site-packages/airflow/example_dags/tutorial_dag.py
[2024-04-05T23:21:44.225+0000] {processor.py:840} INFO - DAG(s) 'tutorial_dag' retrieved from /home/airflow/.local/lib/python3.8/site-packages/airflow/example_dags/tutorial_dag.py
[2024-04-05T23:21:44.246+0000] {logging_mixin.py:188} INFO - [2024-04-05T23:21:44.246+0000] {dag.py:3047} INFO - Sync 1 DAGs
[2024-04-05T23:21:44.259+0000] {logging_mixin.py:188} INFO - [2024-04-05T23:21:44.259+0000] {dag.py:3834} INFO - Setting next_dagrun for tutorial_dag to None, run_after=None
[2024-04-05T23:21:44.281+0000] {processor.py:183} INFO - Processing /home/airflow/.local/lib/python3.8/site-packages/airflow/example_dags/tutorial_dag.py took 0.068 seconds
[2024-04-05T23:22:15.376+0000] {processor.py:161} INFO - Started process (PID=2769) to work on /home/airflow/.local/lib/python3.8/site-packages/airflow/example_dags/tutorial_dag.py
[2024-04-05T23:22:15.378+0000] {processor.py:830} INFO - Processing file /home/airflow/.local/lib/python3.8/site-packages/airflow/example_dags/tutorial_dag.py for tasks to queue
[2024-04-05T23:22:15.380+0000] {logging_mixin.py:188} INFO - [2024-04-05T23:22:15.380+0000] {dagbag.py:540} INFO - Filling up the DagBag from /home/airflow/.local/lib/python3.8/site-packages/airflow/example_dags/tutorial_dag.py
[2024-04-05T23:22:15.389+0000] {processor.py:840} INFO - DAG(s) 'tutorial_dag' retrieved from /home/airflow/.local/lib/python3.8/site-packages/airflow/example_dags/tutorial_dag.py
[2024-04-05T23:22:15.410+0000] {logging_mixin.py:188} INFO - [2024-04-05T23:22:15.410+0000] {dag.py:3047} INFO - Sync 1 DAGs
[2024-04-05T23:22:15.421+0000] {logging_mixin.py:188} INFO - [2024-04-05T23:22:15.421+0000] {dag.py:3834} INFO - Setting next_dagrun for tutorial_dag to None, run_after=None
[2024-04-05T23:22:15.439+0000] {processor.py:183} INFO - Processing /home/airflow/.local/lib/python3.8/site-packages/airflow/example_dags/tutorial_dag.py took 0.067 seconds
[2024-04-05T23:22:45.689+0000] {processor.py:161} INFO - Started process (PID=2824) to work on /home/airflow/.local/lib/python3.8/site-packages/airflow/example_dags/tutorial_dag.py
[2024-04-05T23:22:45.690+0000] {processor.py:830} INFO - Processing file /home/airflow/.local/lib/python3.8/site-packages/airflow/example_dags/tutorial_dag.py for tasks to queue
[2024-04-05T23:22:45.693+0000] {logging_mixin.py:188} INFO - [2024-04-05T23:22:45.693+0000] {dagbag.py:540} INFO - Filling up the DagBag from /home/airflow/.local/lib/python3.8/site-packages/airflow/example_dags/tutorial_dag.py
[2024-04-05T23:22:45.699+0000] {processor.py:840} INFO - DAG(s) 'tutorial_dag' retrieved from /home/airflow/.local/lib/python3.8/site-packages/airflow/example_dags/tutorial_dag.py
[2024-04-05T23:22:45.723+0000] {logging_mixin.py:188} INFO - [2024-04-05T23:22:45.722+0000] {dag.py:3047} INFO - Sync 1 DAGs
[2024-04-05T23:22:45.737+0000] {logging_mixin.py:188} INFO - [2024-04-05T23:22:45.736+0000] {dag.py:3834} INFO - Setting next_dagrun for tutorial_dag to None, run_after=None
[2024-04-05T23:22:45.812+0000] {processor.py:183} INFO - Processing /home/airflow/.local/lib/python3.8/site-packages/airflow/example_dags/tutorial_dag.py took 0.128 seconds
[2024-04-05T23:23:16.069+0000] {processor.py:161} INFO - Started process (PID=2879) to work on /home/airflow/.local/lib/python3.8/site-packages/airflow/example_dags/tutorial_dag.py
[2024-04-05T23:23:16.071+0000] {processor.py:830} INFO - Processing file /home/airflow/.local/lib/python3.8/site-packages/airflow/example_dags/tutorial_dag.py for tasks to queue
[2024-04-05T23:23:16.073+0000] {logging_mixin.py:188} INFO - [2024-04-05T23:23:16.073+0000] {dagbag.py:540} INFO - Filling up the DagBag from /home/airflow/.local/lib/python3.8/site-packages/airflow/example_dags/tutorial_dag.py
[2024-04-05T23:23:16.081+0000] {processor.py:840} INFO - DAG(s) 'tutorial_dag' retrieved from /home/airflow/.local/lib/python3.8/site-packages/airflow/example_dags/tutorial_dag.py
[2024-04-05T23:23:16.101+0000] {logging_mixin.py:188} INFO - [2024-04-05T23:23:16.101+0000] {dag.py:3047} INFO - Sync 1 DAGs
[2024-04-05T23:23:16.113+0000] {logging_mixin.py:188} INFO - [2024-04-05T23:23:16.113+0000] {dag.py:3834} INFO - Setting next_dagrun for tutorial_dag to None, run_after=None
[2024-04-05T23:23:16.133+0000] {processor.py:183} INFO - Processing /home/airflow/.local/lib/python3.8/site-packages/airflow/example_dags/tutorial_dag.py took 0.066 seconds
[2024-04-05T23:23:46.687+0000] {processor.py:161} INFO - Started process (PID=2934) to work on /home/airflow/.local/lib/python3.8/site-packages/airflow/example_dags/tutorial_dag.py
[2024-04-05T23:23:46.689+0000] {processor.py:830} INFO - Processing file /home/airflow/.local/lib/python3.8/site-packages/airflow/example_dags/tutorial_dag.py for tasks to queue
[2024-04-05T23:23:46.692+0000] {logging_mixin.py:188} INFO - [2024-04-05T23:23:46.692+0000] {dagbag.py:540} INFO - Filling up the DagBag from /home/airflow/.local/lib/python3.8/site-packages/airflow/example_dags/tutorial_dag.py
[2024-04-05T23:23:46.698+0000] {processor.py:840} INFO - DAG(s) 'tutorial_dag' retrieved from /home/airflow/.local/lib/python3.8/site-packages/airflow/example_dags/tutorial_dag.py
[2024-04-05T23:23:46.725+0000] {logging_mixin.py:188} INFO - [2024-04-05T23:23:46.725+0000] {dag.py:3047} INFO - Sync 1 DAGs
[2024-04-05T23:23:46.735+0000] {logging_mixin.py:188} INFO - [2024-04-05T23:23:46.735+0000] {dag.py:3834} INFO - Setting next_dagrun for tutorial_dag to None, run_after=None
[2024-04-05T23:23:46.795+0000] {processor.py:183} INFO - Processing /home/airflow/.local/lib/python3.8/site-packages/airflow/example_dags/tutorial_dag.py took 0.112 seconds
[2024-04-05T23:24:17.059+0000] {processor.py:161} INFO - Started process (PID=2990) to work on /home/airflow/.local/lib/python3.8/site-packages/airflow/example_dags/tutorial_dag.py
[2024-04-05T23:24:17.061+0000] {processor.py:830} INFO - Processing file /home/airflow/.local/lib/python3.8/site-packages/airflow/example_dags/tutorial_dag.py for tasks to queue
[2024-04-05T23:24:17.063+0000] {logging_mixin.py:188} INFO - [2024-04-05T23:24:17.063+0000] {dagbag.py:540} INFO - Filling up the DagBag from /home/airflow/.local/lib/python3.8/site-packages/airflow/example_dags/tutorial_dag.py
[2024-04-05T23:24:17.069+0000] {processor.py:840} INFO - DAG(s) 'tutorial_dag' retrieved from /home/airflow/.local/lib/python3.8/site-packages/airflow/example_dags/tutorial_dag.py
[2024-04-05T23:24:17.090+0000] {logging_mixin.py:188} INFO - [2024-04-05T23:24:17.090+0000] {dag.py:3047} INFO - Sync 1 DAGs
[2024-04-05T23:24:17.103+0000] {logging_mixin.py:188} INFO - [2024-04-05T23:24:17.102+0000] {dag.py:3834} INFO - Setting next_dagrun for tutorial_dag to None, run_after=None
[2024-04-05T23:24:17.173+0000] {processor.py:183} INFO - Processing /home/airflow/.local/lib/python3.8/site-packages/airflow/example_dags/tutorial_dag.py took 0.118 seconds
[2024-04-05T23:24:47.380+0000] {processor.py:161} INFO - Started process (PID=3046) to work on /home/airflow/.local/lib/python3.8/site-packages/airflow/example_dags/tutorial_dag.py
[2024-04-05T23:24:47.382+0000] {processor.py:830} INFO - Processing file /home/airflow/.local/lib/python3.8/site-packages/airflow/example_dags/tutorial_dag.py for tasks to queue
[2024-04-05T23:24:47.384+0000] {logging_mixin.py:188} INFO - [2024-04-05T23:24:47.384+0000] {dagbag.py:540} INFO - Filling up the DagBag from /home/airflow/.local/lib/python3.8/site-packages/airflow/example_dags/tutorial_dag.py
[2024-04-05T23:24:47.389+0000] {processor.py:840} INFO - DAG(s) 'tutorial_dag' retrieved from /home/airflow/.local/lib/python3.8/site-packages/airflow/example_dags/tutorial_dag.py
[2024-04-05T23:24:47.415+0000] {logging_mixin.py:188} INFO - [2024-04-05T23:24:47.414+0000] {dag.py:3047} INFO - Sync 1 DAGs
[2024-04-05T23:24:47.426+0000] {logging_mixin.py:188} INFO - [2024-04-05T23:24:47.426+0000] {dag.py:3834} INFO - Setting next_dagrun for tutorial_dag to None, run_after=None
[2024-04-05T23:24:47.487+0000] {processor.py:183} INFO - Processing /home/airflow/.local/lib/python3.8/site-packages/airflow/example_dags/tutorial_dag.py took 0.111 seconds
[2024-04-05T23:25:17.729+0000] {processor.py:161} INFO - Started process (PID=3101) to work on /home/airflow/.local/lib/python3.8/site-packages/airflow/example_dags/tutorial_dag.py
[2024-04-05T23:25:17.730+0000] {processor.py:830} INFO - Processing file /home/airflow/.local/lib/python3.8/site-packages/airflow/example_dags/tutorial_dag.py for tasks to queue
[2024-04-05T23:25:17.732+0000] {logging_mixin.py:188} INFO - [2024-04-05T23:25:17.732+0000] {dagbag.py:540} INFO - Filling up the DagBag from /home/airflow/.local/lib/python3.8/site-packages/airflow/example_dags/tutorial_dag.py
[2024-04-05T23:25:17.738+0000] {processor.py:840} INFO - DAG(s) 'tutorial_dag' retrieved from /home/airflow/.local/lib/python3.8/site-packages/airflow/example_dags/tutorial_dag.py
[2024-04-05T23:25:17.761+0000] {logging_mixin.py:188} INFO - [2024-04-05T23:25:17.761+0000] {dag.py:3047} INFO - Sync 1 DAGs
[2024-04-05T23:25:17.776+0000] {logging_mixin.py:188} INFO - [2024-04-05T23:25:17.776+0000] {dag.py:3834} INFO - Setting next_dagrun for tutorial_dag to None, run_after=None
[2024-04-05T23:25:17.798+0000] {processor.py:183} INFO - Processing /home/airflow/.local/lib/python3.8/site-packages/airflow/example_dags/tutorial_dag.py took 0.073 seconds
[2024-04-05T23:25:48.320+0000] {processor.py:161} INFO - Started process (PID=3156) to work on /home/airflow/.local/lib/python3.8/site-packages/airflow/example_dags/tutorial_dag.py
[2024-04-05T23:25:48.322+0000] {processor.py:830} INFO - Processing file /home/airflow/.local/lib/python3.8/site-packages/airflow/example_dags/tutorial_dag.py for tasks to queue
[2024-04-05T23:25:48.326+0000] {logging_mixin.py:188} INFO - [2024-04-05T23:25:48.326+0000] {dagbag.py:540} INFO - Filling up the DagBag from /home/airflow/.local/lib/python3.8/site-packages/airflow/example_dags/tutorial_dag.py
[2024-04-05T23:25:48.336+0000] {processor.py:840} INFO - DAG(s) 'tutorial_dag' retrieved from /home/airflow/.local/lib/python3.8/site-packages/airflow/example_dags/tutorial_dag.py
[2024-04-05T23:25:48.374+0000] {logging_mixin.py:188} INFO - [2024-04-05T23:25:48.374+0000] {dag.py:3047} INFO - Sync 1 DAGs
[2024-04-05T23:25:48.396+0000] {logging_mixin.py:188} INFO - [2024-04-05T23:25:48.396+0000] {dag.py:3834} INFO - Setting next_dagrun for tutorial_dag to None, run_after=None
[2024-04-05T23:25:48.434+0000] {processor.py:183} INFO - Processing /home/airflow/.local/lib/python3.8/site-packages/airflow/example_dags/tutorial_dag.py took 0.119 seconds
[2024-04-05T23:26:18.790+0000] {processor.py:161} INFO - Started process (PID=3211) to work on /home/airflow/.local/lib/python3.8/site-packages/airflow/example_dags/tutorial_dag.py
[2024-04-05T23:26:18.792+0000] {processor.py:830} INFO - Processing file /home/airflow/.local/lib/python3.8/site-packages/airflow/example_dags/tutorial_dag.py for tasks to queue
[2024-04-05T23:26:18.795+0000] {logging_mixin.py:188} INFO - [2024-04-05T23:26:18.794+0000] {dagbag.py:540} INFO - Filling up the DagBag from /home/airflow/.local/lib/python3.8/site-packages/airflow/example_dags/tutorial_dag.py
[2024-04-05T23:26:18.800+0000] {processor.py:840} INFO - DAG(s) 'tutorial_dag' retrieved from /home/airflow/.local/lib/python3.8/site-packages/airflow/example_dags/tutorial_dag.py
[2024-04-05T23:26:18.821+0000] {logging_mixin.py:188} INFO - [2024-04-05T23:26:18.820+0000] {dag.py:3047} INFO - Sync 1 DAGs
[2024-04-05T23:26:18.835+0000] {logging_mixin.py:188} INFO - [2024-04-05T23:26:18.835+0000] {dag.py:3834} INFO - Setting next_dagrun for tutorial_dag to None, run_after=None
[2024-04-05T23:26:18.902+0000] {processor.py:183} INFO - Processing /home/airflow/.local/lib/python3.8/site-packages/airflow/example_dags/tutorial_dag.py took 0.116 seconds
[2024-04-05T23:26:49.339+0000] {processor.py:161} INFO - Started process (PID=3266) to work on /home/airflow/.local/lib/python3.8/site-packages/airflow/example_dags/tutorial_dag.py
[2024-04-05T23:26:49.341+0000] {processor.py:830} INFO - Processing file /home/airflow/.local/lib/python3.8/site-packages/airflow/example_dags/tutorial_dag.py for tasks to queue
[2024-04-05T23:26:49.343+0000] {logging_mixin.py:188} INFO - [2024-04-05T23:26:49.343+0000] {dagbag.py:540} INFO - Filling up the DagBag from /home/airflow/.local/lib/python3.8/site-packages/airflow/example_dags/tutorial_dag.py
[2024-04-05T23:26:49.348+0000] {processor.py:840} INFO - DAG(s) 'tutorial_dag' retrieved from /home/airflow/.local/lib/python3.8/site-packages/airflow/example_dags/tutorial_dag.py
[2024-04-05T23:26:49.369+0000] {logging_mixin.py:188} INFO - [2024-04-05T23:26:49.369+0000] {dag.py:3047} INFO - Sync 1 DAGs
[2024-04-05T23:26:49.381+0000] {logging_mixin.py:188} INFO - [2024-04-05T23:26:49.381+0000] {dag.py:3834} INFO - Setting next_dagrun for tutorial_dag to None, run_after=None
[2024-04-05T23:26:49.448+0000] {processor.py:183} INFO - Processing /home/airflow/.local/lib/python3.8/site-packages/airflow/example_dags/tutorial_dag.py took 0.112 seconds
[2024-04-05T23:27:20.234+0000] {processor.py:161} INFO - Started process (PID=3321) to work on /home/airflow/.local/lib/python3.8/site-packages/airflow/example_dags/tutorial_dag.py
[2024-04-05T23:27:20.236+0000] {processor.py:830} INFO - Processing file /home/airflow/.local/lib/python3.8/site-packages/airflow/example_dags/tutorial_dag.py for tasks to queue
[2024-04-05T23:27:20.238+0000] {logging_mixin.py:188} INFO - [2024-04-05T23:27:20.238+0000] {dagbag.py:540} INFO - Filling up the DagBag from /home/airflow/.local/lib/python3.8/site-packages/airflow/example_dags/tutorial_dag.py
[2024-04-05T23:27:20.245+0000] {processor.py:840} INFO - DAG(s) 'tutorial_dag' retrieved from /home/airflow/.local/lib/python3.8/site-packages/airflow/example_dags/tutorial_dag.py
[2024-04-05T23:27:20.268+0000] {logging_mixin.py:188} INFO - [2024-04-05T23:27:20.268+0000] {dag.py:3047} INFO - Sync 1 DAGs
[2024-04-05T23:27:20.281+0000] {logging_mixin.py:188} INFO - [2024-04-05T23:27:20.280+0000] {dag.py:3834} INFO - Setting next_dagrun for tutorial_dag to None, run_after=None
[2024-04-05T23:27:20.300+0000] {processor.py:183} INFO - Processing /home/airflow/.local/lib/python3.8/site-packages/airflow/example_dags/tutorial_dag.py took 0.069 seconds
[2024-04-05T23:27:51.322+0000] {processor.py:161} INFO - Started process (PID=3376) to work on /home/airflow/.local/lib/python3.8/site-packages/airflow/example_dags/tutorial_dag.py
[2024-04-05T23:27:51.323+0000] {processor.py:830} INFO - Processing file /home/airflow/.local/lib/python3.8/site-packages/airflow/example_dags/tutorial_dag.py for tasks to queue
[2024-04-05T23:27:51.326+0000] {logging_mixin.py:188} INFO - [2024-04-05T23:27:51.325+0000] {dagbag.py:540} INFO - Filling up the DagBag from /home/airflow/.local/lib/python3.8/site-packages/airflow/example_dags/tutorial_dag.py
[2024-04-05T23:27:51.334+0000] {processor.py:840} INFO - DAG(s) 'tutorial_dag' retrieved from /home/airflow/.local/lib/python3.8/site-packages/airflow/example_dags/tutorial_dag.py
[2024-04-05T23:27:51.356+0000] {logging_mixin.py:188} INFO - [2024-04-05T23:27:51.356+0000] {dag.py:3047} INFO - Sync 1 DAGs
[2024-04-05T23:27:51.368+0000] {logging_mixin.py:188} INFO - [2024-04-05T23:27:51.368+0000] {dag.py:3834} INFO - Setting next_dagrun for tutorial_dag to None, run_after=None
[2024-04-05T23:27:51.440+0000] {processor.py:183} INFO - Processing /home/airflow/.local/lib/python3.8/site-packages/airflow/example_dags/tutorial_dag.py took 0.121 seconds
[2024-04-05T23:28:21.817+0000] {processor.py:161} INFO - Started process (PID=3430) to work on /home/airflow/.local/lib/python3.8/site-packages/airflow/example_dags/tutorial_dag.py
[2024-04-05T23:28:21.818+0000] {processor.py:830} INFO - Processing file /home/airflow/.local/lib/python3.8/site-packages/airflow/example_dags/tutorial_dag.py for tasks to queue
[2024-04-05T23:28:21.821+0000] {logging_mixin.py:188} INFO - [2024-04-05T23:28:21.820+0000] {dagbag.py:540} INFO - Filling up the DagBag from /home/airflow/.local/lib/python3.8/site-packages/airflow/example_dags/tutorial_dag.py
[2024-04-05T23:28:21.826+0000] {processor.py:840} INFO - DAG(s) 'tutorial_dag' retrieved from /home/airflow/.local/lib/python3.8/site-packages/airflow/example_dags/tutorial_dag.py
[2024-04-05T23:28:21.849+0000] {logging_mixin.py:188} INFO - [2024-04-05T23:28:21.848+0000] {dag.py:3047} INFO - Sync 1 DAGs
[2024-04-05T23:28:21.860+0000] {logging_mixin.py:188} INFO - [2024-04-05T23:28:21.860+0000] {dag.py:3834} INFO - Setting next_dagrun for tutorial_dag to None, run_after=None
[2024-04-05T23:28:21.922+0000] {processor.py:183} INFO - Processing /home/airflow/.local/lib/python3.8/site-packages/airflow/example_dags/tutorial_dag.py took 0.109 seconds
