[2024-04-06T00:03:07.859+0000] {processor.py:161} INFO - Started process (PID=3480) to work on /home/airflow/.local/lib/python3.8/site-packages/airflow/example_dags/example_nested_branch_dag.py
[2024-04-06T00:03:07.861+0000] {processor.py:830} INFO - Processing file /home/airflow/.local/lib/python3.8/site-packages/airflow/example_dags/example_nested_branch_dag.py for tasks to queue
[2024-04-06T00:03:07.867+0000] {logging_mixin.py:188} INFO - [2024-04-06T00:03:07.866+0000] {dagbag.py:540} INFO - Filling up the DagBag from /home/airflow/.local/lib/python3.8/site-packages/airflow/example_dags/example_nested_branch_dag.py
[2024-04-06T00:03:07.891+0000] {processor.py:840} INFO - DAG(s) 'example_nested_branch_dag' retrieved from /home/airflow/.local/lib/python3.8/site-packages/airflow/example_dags/example_nested_branch_dag.py
[2024-04-06T00:03:07.939+0000] {logging_mixin.py:188} INFO - [2024-04-06T00:03:07.938+0000] {dag.py:3047} INFO - Sync 1 DAGs
[2024-04-06T00:03:07.981+0000] {logging_mixin.py:188} INFO - [2024-04-06T00:03:07.981+0000] {dag.py:3834} INFO - Setting next_dagrun for example_nested_branch_dag to 2024-04-05 00:00:00+00:00, run_after=2024-04-06 00:00:00+00:00
[2024-04-06T00:03:08.016+0000] {processor.py:183} INFO - Processing /home/airflow/.local/lib/python3.8/site-packages/airflow/example_dags/example_nested_branch_dag.py took 0.164 seconds
[2024-04-06T00:03:38.673+0000] {processor.py:161} INFO - Started process (PID=3535) to work on /home/airflow/.local/lib/python3.8/site-packages/airflow/example_dags/example_nested_branch_dag.py
[2024-04-06T00:03:38.675+0000] {processor.py:830} INFO - Processing file /home/airflow/.local/lib/python3.8/site-packages/airflow/example_dags/example_nested_branch_dag.py for tasks to queue
[2024-04-06T00:03:38.679+0000] {logging_mixin.py:188} INFO - [2024-04-06T00:03:38.679+0000] {dagbag.py:540} INFO - Filling up the DagBag from /home/airflow/.local/lib/python3.8/site-packages/airflow/example_dags/example_nested_branch_dag.py
[2024-04-06T00:03:38.692+0000] {processor.py:840} INFO - DAG(s) 'example_nested_branch_dag' retrieved from /home/airflow/.local/lib/python3.8/site-packages/airflow/example_dags/example_nested_branch_dag.py
[2024-04-06T00:03:38.721+0000] {logging_mixin.py:188} INFO - [2024-04-06T00:03:38.721+0000] {dag.py:3047} INFO - Sync 1 DAGs
[2024-04-06T00:03:38.748+0000] {logging_mixin.py:188} INFO - [2024-04-06T00:03:38.747+0000] {dag.py:3834} INFO - Setting next_dagrun for example_nested_branch_dag to 2024-04-05 00:00:00+00:00, run_after=2024-04-06 00:00:00+00:00
[2024-04-06T00:03:38.773+0000] {processor.py:183} INFO - Processing /home/airflow/.local/lib/python3.8/site-packages/airflow/example_dags/example_nested_branch_dag.py took 0.106 seconds
[2024-04-06T00:04:09.426+0000] {processor.py:161} INFO - Started process (PID=3590) to work on /home/airflow/.local/lib/python3.8/site-packages/airflow/example_dags/example_nested_branch_dag.py
[2024-04-06T00:04:09.428+0000] {processor.py:830} INFO - Processing file /home/airflow/.local/lib/python3.8/site-packages/airflow/example_dags/example_nested_branch_dag.py for tasks to queue
[2024-04-06T00:04:09.431+0000] {logging_mixin.py:188} INFO - [2024-04-06T00:04:09.431+0000] {dagbag.py:540} INFO - Filling up the DagBag from /home/airflow/.local/lib/python3.8/site-packages/airflow/example_dags/example_nested_branch_dag.py
[2024-04-06T00:04:09.443+0000] {processor.py:840} INFO - DAG(s) 'example_nested_branch_dag' retrieved from /home/airflow/.local/lib/python3.8/site-packages/airflow/example_dags/example_nested_branch_dag.py
[2024-04-06T00:04:09.478+0000] {logging_mixin.py:188} INFO - [2024-04-06T00:04:09.477+0000] {dag.py:3047} INFO - Sync 1 DAGs
[2024-04-06T00:04:09.504+0000] {logging_mixin.py:188} INFO - [2024-04-06T00:04:09.504+0000] {dag.py:3834} INFO - Setting next_dagrun for example_nested_branch_dag to 2024-04-05 00:00:00+00:00, run_after=2024-04-06 00:00:00+00:00
[2024-04-06T00:04:09.551+0000] {processor.py:183} INFO - Processing /home/airflow/.local/lib/python3.8/site-packages/airflow/example_dags/example_nested_branch_dag.py took 0.130 seconds
[2024-04-06T00:04:40.225+0000] {processor.py:161} INFO - Started process (PID=3645) to work on /home/airflow/.local/lib/python3.8/site-packages/airflow/example_dags/example_nested_branch_dag.py
[2024-04-06T00:04:40.227+0000] {processor.py:830} INFO - Processing file /home/airflow/.local/lib/python3.8/site-packages/airflow/example_dags/example_nested_branch_dag.py for tasks to queue
[2024-04-06T00:04:40.230+0000] {logging_mixin.py:188} INFO - [2024-04-06T00:04:40.230+0000] {dagbag.py:540} INFO - Filling up the DagBag from /home/airflow/.local/lib/python3.8/site-packages/airflow/example_dags/example_nested_branch_dag.py
[2024-04-06T00:04:40.246+0000] {processor.py:840} INFO - DAG(s) 'example_nested_branch_dag' retrieved from /home/airflow/.local/lib/python3.8/site-packages/airflow/example_dags/example_nested_branch_dag.py
[2024-04-06T00:04:40.277+0000] {logging_mixin.py:188} INFO - [2024-04-06T00:04:40.276+0000] {dag.py:3047} INFO - Sync 1 DAGs
[2024-04-06T00:04:40.300+0000] {logging_mixin.py:188} INFO - [2024-04-06T00:04:40.300+0000] {dag.py:3834} INFO - Setting next_dagrun for example_nested_branch_dag to 2024-04-05 00:00:00+00:00, run_after=2024-04-06 00:00:00+00:00
[2024-04-06T00:04:40.323+0000] {processor.py:183} INFO - Processing /home/airflow/.local/lib/python3.8/site-packages/airflow/example_dags/example_nested_branch_dag.py took 0.103 seconds
[2024-04-06T00:05:10.466+0000] {processor.py:161} INFO - Started process (PID=3700) to work on /home/airflow/.local/lib/python3.8/site-packages/airflow/example_dags/example_nested_branch_dag.py
[2024-04-06T00:05:10.467+0000] {processor.py:830} INFO - Processing file /home/airflow/.local/lib/python3.8/site-packages/airflow/example_dags/example_nested_branch_dag.py for tasks to queue
[2024-04-06T00:05:10.469+0000] {logging_mixin.py:188} INFO - [2024-04-06T00:05:10.469+0000] {dagbag.py:540} INFO - Filling up the DagBag from /home/airflow/.local/lib/python3.8/site-packages/airflow/example_dags/example_nested_branch_dag.py
[2024-04-06T00:05:10.480+0000] {processor.py:840} INFO - DAG(s) 'example_nested_branch_dag' retrieved from /home/airflow/.local/lib/python3.8/site-packages/airflow/example_dags/example_nested_branch_dag.py
[2024-04-06T00:05:10.507+0000] {logging_mixin.py:188} INFO - [2024-04-06T00:05:10.506+0000] {dag.py:3047} INFO - Sync 1 DAGs
[2024-04-06T00:05:10.532+0000] {logging_mixin.py:188} INFO - [2024-04-06T00:05:10.532+0000] {dag.py:3834} INFO - Setting next_dagrun for example_nested_branch_dag to 2024-04-05 00:00:00+00:00, run_after=2024-04-06 00:00:00+00:00
[2024-04-06T00:05:10.552+0000] {processor.py:183} INFO - Processing /home/airflow/.local/lib/python3.8/site-packages/airflow/example_dags/example_nested_branch_dag.py took 0.090 seconds
[2024-04-06T00:05:40.680+0000] {processor.py:161} INFO - Started process (PID=3754) to work on /home/airflow/.local/lib/python3.8/site-packages/airflow/example_dags/example_nested_branch_dag.py
[2024-04-06T00:05:40.681+0000] {processor.py:830} INFO - Processing file /home/airflow/.local/lib/python3.8/site-packages/airflow/example_dags/example_nested_branch_dag.py for tasks to queue
[2024-04-06T00:05:40.683+0000] {logging_mixin.py:188} INFO - [2024-04-06T00:05:40.683+0000] {dagbag.py:540} INFO - Filling up the DagBag from /home/airflow/.local/lib/python3.8/site-packages/airflow/example_dags/example_nested_branch_dag.py
[2024-04-06T00:05:40.695+0000] {processor.py:840} INFO - DAG(s) 'example_nested_branch_dag' retrieved from /home/airflow/.local/lib/python3.8/site-packages/airflow/example_dags/example_nested_branch_dag.py
[2024-04-06T00:05:40.717+0000] {logging_mixin.py:188} INFO - [2024-04-06T00:05:40.717+0000] {dag.py:3047} INFO - Sync 1 DAGs
[2024-04-06T00:05:40.742+0000] {logging_mixin.py:188} INFO - [2024-04-06T00:05:40.742+0000] {dag.py:3834} INFO - Setting next_dagrun for example_nested_branch_dag to 2024-04-05 00:00:00+00:00, run_after=2024-04-06 00:00:00+00:00
[2024-04-06T00:05:40.767+0000] {processor.py:183} INFO - Processing /home/airflow/.local/lib/python3.8/site-packages/airflow/example_dags/example_nested_branch_dag.py took 0.089 seconds
[2024-04-06T00:06:11.426+0000] {processor.py:161} INFO - Started process (PID=3810) to work on /home/airflow/.local/lib/python3.8/site-packages/airflow/example_dags/example_nested_branch_dag.py
[2024-04-06T00:06:11.427+0000] {processor.py:830} INFO - Processing file /home/airflow/.local/lib/python3.8/site-packages/airflow/example_dags/example_nested_branch_dag.py for tasks to queue
[2024-04-06T00:06:11.429+0000] {logging_mixin.py:188} INFO - [2024-04-06T00:06:11.429+0000] {dagbag.py:540} INFO - Filling up the DagBag from /home/airflow/.local/lib/python3.8/site-packages/airflow/example_dags/example_nested_branch_dag.py
[2024-04-06T00:06:11.439+0000] {processor.py:840} INFO - DAG(s) 'example_nested_branch_dag' retrieved from /home/airflow/.local/lib/python3.8/site-packages/airflow/example_dags/example_nested_branch_dag.py
[2024-04-06T00:06:11.462+0000] {logging_mixin.py:188} INFO - [2024-04-06T00:06:11.462+0000] {dag.py:3047} INFO - Sync 1 DAGs
[2024-04-06T00:06:11.484+0000] {logging_mixin.py:188} INFO - [2024-04-06T00:06:11.484+0000] {dag.py:3834} INFO - Setting next_dagrun for example_nested_branch_dag to 2024-04-05 00:00:00+00:00, run_after=2024-04-06 00:00:00+00:00
[2024-04-06T00:06:11.504+0000] {processor.py:183} INFO - Processing /home/airflow/.local/lib/python3.8/site-packages/airflow/example_dags/example_nested_branch_dag.py took 0.082 seconds
[2024-04-06T00:06:42.028+0000] {processor.py:161} INFO - Started process (PID=3865) to work on /home/airflow/.local/lib/python3.8/site-packages/airflow/example_dags/example_nested_branch_dag.py
[2024-04-06T00:06:42.030+0000] {processor.py:830} INFO - Processing file /home/airflow/.local/lib/python3.8/site-packages/airflow/example_dags/example_nested_branch_dag.py for tasks to queue
[2024-04-06T00:06:42.032+0000] {logging_mixin.py:188} INFO - [2024-04-06T00:06:42.032+0000] {dagbag.py:540} INFO - Filling up the DagBag from /home/airflow/.local/lib/python3.8/site-packages/airflow/example_dags/example_nested_branch_dag.py
[2024-04-06T00:06:42.044+0000] {processor.py:840} INFO - DAG(s) 'example_nested_branch_dag' retrieved from /home/airflow/.local/lib/python3.8/site-packages/airflow/example_dags/example_nested_branch_dag.py
[2024-04-06T00:06:42.064+0000] {logging_mixin.py:188} INFO - [2024-04-06T00:06:42.064+0000] {dag.py:3047} INFO - Sync 1 DAGs
[2024-04-06T00:06:42.088+0000] {logging_mixin.py:188} INFO - [2024-04-06T00:06:42.088+0000] {dag.py:3834} INFO - Setting next_dagrun for example_nested_branch_dag to 2024-04-05 00:00:00+00:00, run_after=2024-04-06 00:00:00+00:00
[2024-04-06T00:06:42.106+0000] {processor.py:183} INFO - Processing /home/airflow/.local/lib/python3.8/site-packages/airflow/example_dags/example_nested_branch_dag.py took 0.082 seconds
[2024-04-06T00:07:12.915+0000] {processor.py:161} INFO - Started process (PID=3920) to work on /home/airflow/.local/lib/python3.8/site-packages/airflow/example_dags/example_nested_branch_dag.py
[2024-04-06T00:07:12.917+0000] {processor.py:830} INFO - Processing file /home/airflow/.local/lib/python3.8/site-packages/airflow/example_dags/example_nested_branch_dag.py for tasks to queue
[2024-04-06T00:07:12.919+0000] {logging_mixin.py:188} INFO - [2024-04-06T00:07:12.919+0000] {dagbag.py:540} INFO - Filling up the DagBag from /home/airflow/.local/lib/python3.8/site-packages/airflow/example_dags/example_nested_branch_dag.py
[2024-04-06T00:07:12.932+0000] {processor.py:840} INFO - DAG(s) 'example_nested_branch_dag' retrieved from /home/airflow/.local/lib/python3.8/site-packages/airflow/example_dags/example_nested_branch_dag.py
[2024-04-06T00:07:12.958+0000] {logging_mixin.py:188} INFO - [2024-04-06T00:07:12.958+0000] {dag.py:3047} INFO - Sync 1 DAGs
[2024-04-06T00:07:12.990+0000] {logging_mixin.py:188} INFO - [2024-04-06T00:07:12.990+0000] {dag.py:3834} INFO - Setting next_dagrun for example_nested_branch_dag to 2024-04-05 00:00:00+00:00, run_after=2024-04-06 00:00:00+00:00
[2024-04-06T00:07:13.013+0000] {processor.py:183} INFO - Processing /home/airflow/.local/lib/python3.8/site-packages/airflow/example_dags/example_nested_branch_dag.py took 0.101 seconds
[2024-04-06T00:07:43.272+0000] {processor.py:161} INFO - Started process (PID=3975) to work on /home/airflow/.local/lib/python3.8/site-packages/airflow/example_dags/example_nested_branch_dag.py
[2024-04-06T00:07:43.274+0000] {processor.py:830} INFO - Processing file /home/airflow/.local/lib/python3.8/site-packages/airflow/example_dags/example_nested_branch_dag.py for tasks to queue
[2024-04-06T00:07:43.276+0000] {logging_mixin.py:188} INFO - [2024-04-06T00:07:43.276+0000] {dagbag.py:540} INFO - Filling up the DagBag from /home/airflow/.local/lib/python3.8/site-packages/airflow/example_dags/example_nested_branch_dag.py
[2024-04-06T00:07:43.286+0000] {processor.py:840} INFO - DAG(s) 'example_nested_branch_dag' retrieved from /home/airflow/.local/lib/python3.8/site-packages/airflow/example_dags/example_nested_branch_dag.py
[2024-04-06T00:07:43.310+0000] {logging_mixin.py:188} INFO - [2024-04-06T00:07:43.310+0000] {dag.py:3047} INFO - Sync 1 DAGs
[2024-04-06T00:07:43.339+0000] {logging_mixin.py:188} INFO - [2024-04-06T00:07:43.338+0000] {dag.py:3834} INFO - Setting next_dagrun for example_nested_branch_dag to 2024-04-05 00:00:00+00:00, run_after=2024-04-06 00:00:00+00:00
[2024-04-06T00:07:43.365+0000] {processor.py:183} INFO - Processing /home/airflow/.local/lib/python3.8/site-packages/airflow/example_dags/example_nested_branch_dag.py took 0.095 seconds
[2024-04-06T00:08:13.859+0000] {processor.py:161} INFO - Started process (PID=4030) to work on /home/airflow/.local/lib/python3.8/site-packages/airflow/example_dags/example_nested_branch_dag.py
[2024-04-06T00:08:13.860+0000] {processor.py:830} INFO - Processing file /home/airflow/.local/lib/python3.8/site-packages/airflow/example_dags/example_nested_branch_dag.py for tasks to queue
[2024-04-06T00:08:13.862+0000] {logging_mixin.py:188} INFO - [2024-04-06T00:08:13.862+0000] {dagbag.py:540} INFO - Filling up the DagBag from /home/airflow/.local/lib/python3.8/site-packages/airflow/example_dags/example_nested_branch_dag.py
[2024-04-06T00:08:13.873+0000] {processor.py:840} INFO - DAG(s) 'example_nested_branch_dag' retrieved from /home/airflow/.local/lib/python3.8/site-packages/airflow/example_dags/example_nested_branch_dag.py
[2024-04-06T00:08:13.897+0000] {logging_mixin.py:188} INFO - [2024-04-06T00:08:13.897+0000] {dag.py:3047} INFO - Sync 1 DAGs
[2024-04-06T00:08:13.917+0000] {logging_mixin.py:188} INFO - [2024-04-06T00:08:13.917+0000] {dag.py:3834} INFO - Setting next_dagrun for example_nested_branch_dag to 2024-04-05 00:00:00+00:00, run_after=2024-04-06 00:00:00+00:00
[2024-04-06T00:08:13.936+0000] {processor.py:183} INFO - Processing /home/airflow/.local/lib/python3.8/site-packages/airflow/example_dags/example_nested_branch_dag.py took 0.081 seconds
[2024-04-06T00:08:44.388+0000] {processor.py:161} INFO - Started process (PID=4085) to work on /home/airflow/.local/lib/python3.8/site-packages/airflow/example_dags/example_nested_branch_dag.py
[2024-04-06T00:08:44.390+0000] {processor.py:830} INFO - Processing file /home/airflow/.local/lib/python3.8/site-packages/airflow/example_dags/example_nested_branch_dag.py for tasks to queue
[2024-04-06T00:08:44.392+0000] {logging_mixin.py:188} INFO - [2024-04-06T00:08:44.392+0000] {dagbag.py:540} INFO - Filling up the DagBag from /home/airflow/.local/lib/python3.8/site-packages/airflow/example_dags/example_nested_branch_dag.py
[2024-04-06T00:08:44.405+0000] {processor.py:840} INFO - DAG(s) 'example_nested_branch_dag' retrieved from /home/airflow/.local/lib/python3.8/site-packages/airflow/example_dags/example_nested_branch_dag.py
[2024-04-06T00:08:44.428+0000] {logging_mixin.py:188} INFO - [2024-04-06T00:08:44.428+0000] {dag.py:3047} INFO - Sync 1 DAGs
[2024-04-06T00:08:44.451+0000] {logging_mixin.py:188} INFO - [2024-04-06T00:08:44.451+0000] {dag.py:3834} INFO - Setting next_dagrun for example_nested_branch_dag to 2024-04-05 00:00:00+00:00, run_after=2024-04-06 00:00:00+00:00
[2024-04-06T00:08:44.505+0000] {processor.py:183} INFO - Processing /home/airflow/.local/lib/python3.8/site-packages/airflow/example_dags/example_nested_branch_dag.py took 0.120 seconds
[2024-04-06T00:09:14.965+0000] {processor.py:161} INFO - Started process (PID=4140) to work on /home/airflow/.local/lib/python3.8/site-packages/airflow/example_dags/example_nested_branch_dag.py
[2024-04-06T00:09:14.966+0000] {processor.py:830} INFO - Processing file /home/airflow/.local/lib/python3.8/site-packages/airflow/example_dags/example_nested_branch_dag.py for tasks to queue
[2024-04-06T00:09:14.968+0000] {logging_mixin.py:188} INFO - [2024-04-06T00:09:14.968+0000] {dagbag.py:540} INFO - Filling up the DagBag from /home/airflow/.local/lib/python3.8/site-packages/airflow/example_dags/example_nested_branch_dag.py
[2024-04-06T00:09:14.978+0000] {processor.py:840} INFO - DAG(s) 'example_nested_branch_dag' retrieved from /home/airflow/.local/lib/python3.8/site-packages/airflow/example_dags/example_nested_branch_dag.py
[2024-04-06T00:09:15.000+0000] {logging_mixin.py:188} INFO - [2024-04-06T00:09:15.000+0000] {dag.py:3047} INFO - Sync 1 DAGs
[2024-04-06T00:09:15.023+0000] {logging_mixin.py:188} INFO - [2024-04-06T00:09:15.023+0000] {dag.py:3834} INFO - Setting next_dagrun for example_nested_branch_dag to 2024-04-05 00:00:00+00:00, run_after=2024-04-06 00:00:00+00:00
[2024-04-06T00:09:15.040+0000] {processor.py:183} INFO - Processing /home/airflow/.local/lib/python3.8/site-packages/airflow/example_dags/example_nested_branch_dag.py took 0.079 seconds
[2024-04-06T00:09:45.594+0000] {processor.py:161} INFO - Started process (PID=4195) to work on /home/airflow/.local/lib/python3.8/site-packages/airflow/example_dags/example_nested_branch_dag.py
[2024-04-06T00:09:45.596+0000] {processor.py:830} INFO - Processing file /home/airflow/.local/lib/python3.8/site-packages/airflow/example_dags/example_nested_branch_dag.py for tasks to queue
[2024-04-06T00:09:45.598+0000] {logging_mixin.py:188} INFO - [2024-04-06T00:09:45.597+0000] {dagbag.py:540} INFO - Filling up the DagBag from /home/airflow/.local/lib/python3.8/site-packages/airflow/example_dags/example_nested_branch_dag.py
[2024-04-06T00:09:45.611+0000] {processor.py:840} INFO - DAG(s) 'example_nested_branch_dag' retrieved from /home/airflow/.local/lib/python3.8/site-packages/airflow/example_dags/example_nested_branch_dag.py
[2024-04-06T00:09:45.633+0000] {logging_mixin.py:188} INFO - [2024-04-06T00:09:45.633+0000] {dag.py:3047} INFO - Sync 1 DAGs
[2024-04-06T00:09:45.655+0000] {logging_mixin.py:188} INFO - [2024-04-06T00:09:45.655+0000] {dag.py:3834} INFO - Setting next_dagrun for example_nested_branch_dag to 2024-04-05 00:00:00+00:00, run_after=2024-04-06 00:00:00+00:00
[2024-04-06T00:09:45.675+0000] {processor.py:183} INFO - Processing /home/airflow/.local/lib/python3.8/site-packages/airflow/example_dags/example_nested_branch_dag.py took 0.084 seconds
[2024-04-06T00:10:16.502+0000] {processor.py:161} INFO - Started process (PID=4250) to work on /home/airflow/.local/lib/python3.8/site-packages/airflow/example_dags/example_nested_branch_dag.py
[2024-04-06T00:10:16.504+0000] {processor.py:830} INFO - Processing file /home/airflow/.local/lib/python3.8/site-packages/airflow/example_dags/example_nested_branch_dag.py for tasks to queue
[2024-04-06T00:10:16.508+0000] {logging_mixin.py:188} INFO - [2024-04-06T00:10:16.507+0000] {dagbag.py:540} INFO - Filling up the DagBag from /home/airflow/.local/lib/python3.8/site-packages/airflow/example_dags/example_nested_branch_dag.py
[2024-04-06T00:10:16.528+0000] {processor.py:840} INFO - DAG(s) 'example_nested_branch_dag' retrieved from /home/airflow/.local/lib/python3.8/site-packages/airflow/example_dags/example_nested_branch_dag.py
[2024-04-06T00:10:16.571+0000] {logging_mixin.py:188} INFO - [2024-04-06T00:10:16.570+0000] {dag.py:3047} INFO - Sync 1 DAGs
[2024-04-06T00:10:16.612+0000] {logging_mixin.py:188} INFO - [2024-04-06T00:10:16.612+0000] {dag.py:3834} INFO - Setting next_dagrun for example_nested_branch_dag to 2024-04-05 00:00:00+00:00, run_after=2024-04-06 00:00:00+00:00
[2024-04-06T00:10:16.650+0000] {processor.py:183} INFO - Processing /home/airflow/.local/lib/python3.8/site-packages/airflow/example_dags/example_nested_branch_dag.py took 0.155 seconds
