[2024-04-06T00:03:03.952+0000] {processor.py:161} INFO - Started process (PID=3471) to work on /home/airflow/.local/lib/python3.8/site-packages/airflow/example_dags/example_datasets.py
[2024-04-06T00:03:03.956+0000] {processor.py:830} INFO - Processing file /home/airflow/.local/lib/python3.8/site-packages/airflow/example_dags/example_datasets.py for tasks to queue
[2024-04-06T00:03:03.963+0000] {logging_mixin.py:188} INFO - [2024-04-06T00:03:03.962+0000] {dagbag.py:540} INFO - Filling up the DagBag from /home/airflow/.local/lib/python3.8/site-packages/airflow/example_dags/example_datasets.py
[2024-04-06T00:03:04.007+0000] {processor.py:840} INFO - DAG(s) 'dataset_consumes_1_and_2', 'dataset_produces_1', 'dataset_consumes_1_never_scheduled', 'dataset_produces_2', 'dataset_consumes_1', 'dataset_consumes_unknown_never_scheduled' retrieved from /home/airflow/.local/lib/python3.8/site-packages/airflow/example_dags/example_datasets.py
[2024-04-06T00:03:04.114+0000] {logging_mixin.py:188} INFO - [2024-04-06T00:03:04.114+0000] {dag.py:3047} INFO - Sync 6 DAGs
[2024-04-06T00:03:04.206+0000] {logging_mixin.py:188} INFO - [2024-04-06T00:03:04.205+0000] {dag.py:3834} INFO - Setting next_dagrun for dataset_consumes_1 to None, run_after=None
[2024-04-06T00:03:04.219+0000] {logging_mixin.py:188} INFO - [2024-04-06T00:03:04.218+0000] {dag.py:3834} INFO - Setting next_dagrun for dataset_consumes_1_and_2 to None, run_after=None
[2024-04-06T00:03:04.224+0000] {logging_mixin.py:188} INFO - [2024-04-06T00:03:04.224+0000] {dag.py:3834} INFO - Setting next_dagrun for dataset_consumes_1_never_scheduled to None, run_after=None
[2024-04-06T00:03:04.229+0000] {logging_mixin.py:188} INFO - [2024-04-06T00:03:04.229+0000] {dag.py:3834} INFO - Setting next_dagrun for dataset_consumes_unknown_never_scheduled to None, run_after=None
[2024-04-06T00:03:04.238+0000] {logging_mixin.py:188} INFO - [2024-04-06T00:03:04.238+0000] {dag.py:3834} INFO - Setting next_dagrun for dataset_produces_1 to 2024-04-05 00:00:00+00:00, run_after=2024-04-06 00:00:00+00:00
[2024-04-06T00:03:04.245+0000] {logging_mixin.py:188} INFO - [2024-04-06T00:03:04.244+0000] {dag.py:3834} INFO - Setting next_dagrun for dataset_produces_2 to None, run_after=None
[2024-04-06T00:03:04.374+0000] {processor.py:183} INFO - Processing /home/airflow/.local/lib/python3.8/site-packages/airflow/example_dags/example_datasets.py took 0.432 seconds
[2024-04-06T00:03:34.681+0000] {processor.py:161} INFO - Started process (PID=3526) to work on /home/airflow/.local/lib/python3.8/site-packages/airflow/example_dags/example_datasets.py
[2024-04-06T00:03:34.684+0000] {processor.py:830} INFO - Processing file /home/airflow/.local/lib/python3.8/site-packages/airflow/example_dags/example_datasets.py for tasks to queue
[2024-04-06T00:03:34.688+0000] {logging_mixin.py:188} INFO - [2024-04-06T00:03:34.688+0000] {dagbag.py:540} INFO - Filling up the DagBag from /home/airflow/.local/lib/python3.8/site-packages/airflow/example_dags/example_datasets.py
[2024-04-06T00:03:34.699+0000] {processor.py:840} INFO - DAG(s) 'dataset_produces_2', 'dataset_consumes_1_and_2', 'dataset_consumes_unknown_never_scheduled', 'dataset_consumes_1_never_scheduled', 'dataset_consumes_1', 'dataset_produces_1' retrieved from /home/airflow/.local/lib/python3.8/site-packages/airflow/example_dags/example_datasets.py
[2024-04-06T00:03:34.755+0000] {logging_mixin.py:188} INFO - [2024-04-06T00:03:34.754+0000] {dag.py:3047} INFO - Sync 6 DAGs
[2024-04-06T00:03:34.783+0000] {logging_mixin.py:188} INFO - [2024-04-06T00:03:34.782+0000] {dag.py:3834} INFO - Setting next_dagrun for dataset_consumes_1 to None, run_after=None
[2024-04-06T00:03:34.789+0000] {logging_mixin.py:188} INFO - [2024-04-06T00:03:34.788+0000] {dag.py:3834} INFO - Setting next_dagrun for dataset_consumes_1_and_2 to None, run_after=None
[2024-04-06T00:03:34.791+0000] {logging_mixin.py:188} INFO - [2024-04-06T00:03:34.791+0000] {dag.py:3834} INFO - Setting next_dagrun for dataset_consumes_1_never_scheduled to None, run_after=None
[2024-04-06T00:03:34.793+0000] {logging_mixin.py:188} INFO - [2024-04-06T00:03:34.793+0000] {dag.py:3834} INFO - Setting next_dagrun for dataset_consumes_unknown_never_scheduled to None, run_after=None
[2024-04-06T00:03:34.798+0000] {logging_mixin.py:188} INFO - [2024-04-06T00:03:34.798+0000] {dag.py:3834} INFO - Setting next_dagrun for dataset_produces_1 to 2024-04-05 00:00:00+00:00, run_after=2024-04-06 00:00:00+00:00
[2024-04-06T00:03:34.801+0000] {logging_mixin.py:188} INFO - [2024-04-06T00:03:34.800+0000] {dag.py:3834} INFO - Setting next_dagrun for dataset_produces_2 to None, run_after=None
[2024-04-06T00:03:34.858+0000] {processor.py:183} INFO - Processing /home/airflow/.local/lib/python3.8/site-packages/airflow/example_dags/example_datasets.py took 0.182 seconds
[2024-04-06T00:04:05.105+0000] {processor.py:161} INFO - Started process (PID=3582) to work on /home/airflow/.local/lib/python3.8/site-packages/airflow/example_dags/example_datasets.py
[2024-04-06T00:04:05.107+0000] {processor.py:830} INFO - Processing file /home/airflow/.local/lib/python3.8/site-packages/airflow/example_dags/example_datasets.py for tasks to queue
[2024-04-06T00:04:05.111+0000] {logging_mixin.py:188} INFO - [2024-04-06T00:04:05.110+0000] {dagbag.py:540} INFO - Filling up the DagBag from /home/airflow/.local/lib/python3.8/site-packages/airflow/example_dags/example_datasets.py
[2024-04-06T00:04:05.124+0000] {processor.py:840} INFO - DAG(s) 'dataset_consumes_1_and_2', 'dataset_consumes_1_never_scheduled', 'dataset_produces_2', 'dataset_produces_1', 'dataset_consumes_unknown_never_scheduled', 'dataset_consumes_1' retrieved from /home/airflow/.local/lib/python3.8/site-packages/airflow/example_dags/example_datasets.py
[2024-04-06T00:04:05.179+0000] {logging_mixin.py:188} INFO - [2024-04-06T00:04:05.179+0000] {dag.py:3047} INFO - Sync 6 DAGs
[2024-04-06T00:04:05.204+0000] {logging_mixin.py:188} INFO - [2024-04-06T00:04:05.204+0000] {dag.py:3834} INFO - Setting next_dagrun for dataset_consumes_1 to None, run_after=None
[2024-04-06T00:04:05.210+0000] {logging_mixin.py:188} INFO - [2024-04-06T00:04:05.210+0000] {dag.py:3834} INFO - Setting next_dagrun for dataset_consumes_1_and_2 to None, run_after=None
[2024-04-06T00:04:05.212+0000] {logging_mixin.py:188} INFO - [2024-04-06T00:04:05.212+0000] {dag.py:3834} INFO - Setting next_dagrun for dataset_consumes_1_never_scheduled to None, run_after=None
[2024-04-06T00:04:05.215+0000] {logging_mixin.py:188} INFO - [2024-04-06T00:04:05.215+0000] {dag.py:3834} INFO - Setting next_dagrun for dataset_consumes_unknown_never_scheduled to None, run_after=None
[2024-04-06T00:04:05.218+0000] {logging_mixin.py:188} INFO - [2024-04-06T00:04:05.218+0000] {dag.py:3834} INFO - Setting next_dagrun for dataset_produces_1 to 2024-04-05 00:00:00+00:00, run_after=2024-04-06 00:00:00+00:00
[2024-04-06T00:04:05.221+0000] {logging_mixin.py:188} INFO - [2024-04-06T00:04:05.221+0000] {dag.py:3834} INFO - Setting next_dagrun for dataset_produces_2 to None, run_after=None
[2024-04-06T00:04:05.268+0000] {processor.py:183} INFO - Processing /home/airflow/.local/lib/python3.8/site-packages/airflow/example_dags/example_datasets.py took 0.167 seconds
[2024-04-06T00:04:35.533+0000] {processor.py:161} INFO - Started process (PID=3637) to work on /home/airflow/.local/lib/python3.8/site-packages/airflow/example_dags/example_datasets.py
[2024-04-06T00:04:35.535+0000] {processor.py:830} INFO - Processing file /home/airflow/.local/lib/python3.8/site-packages/airflow/example_dags/example_datasets.py for tasks to queue
[2024-04-06T00:04:35.537+0000] {logging_mixin.py:188} INFO - [2024-04-06T00:04:35.536+0000] {dagbag.py:540} INFO - Filling up the DagBag from /home/airflow/.local/lib/python3.8/site-packages/airflow/example_dags/example_datasets.py
[2024-04-06T00:04:35.547+0000] {processor.py:840} INFO - DAG(s) 'dataset_consumes_1_and_2', 'dataset_produces_2', 'dataset_consumes_1_never_scheduled', 'dataset_consumes_unknown_never_scheduled', 'dataset_consumes_1', 'dataset_produces_1' retrieved from /home/airflow/.local/lib/python3.8/site-packages/airflow/example_dags/example_datasets.py
[2024-04-06T00:04:35.583+0000] {logging_mixin.py:188} INFO - [2024-04-06T00:04:35.583+0000] {dag.py:3047} INFO - Sync 6 DAGs
[2024-04-06T00:04:35.606+0000] {logging_mixin.py:188} INFO - [2024-04-06T00:04:35.605+0000] {dag.py:3834} INFO - Setting next_dagrun for dataset_consumes_1 to None, run_after=None
[2024-04-06T00:04:35.609+0000] {logging_mixin.py:188} INFO - [2024-04-06T00:04:35.609+0000] {dag.py:3834} INFO - Setting next_dagrun for dataset_consumes_1_and_2 to None, run_after=None
[2024-04-06T00:04:35.611+0000] {logging_mixin.py:188} INFO - [2024-04-06T00:04:35.611+0000] {dag.py:3834} INFO - Setting next_dagrun for dataset_consumes_1_never_scheduled to None, run_after=None
[2024-04-06T00:04:35.613+0000] {logging_mixin.py:188} INFO - [2024-04-06T00:04:35.613+0000] {dag.py:3834} INFO - Setting next_dagrun for dataset_consumes_unknown_never_scheduled to None, run_after=None
[2024-04-06T00:04:35.616+0000] {logging_mixin.py:188} INFO - [2024-04-06T00:04:35.616+0000] {dag.py:3834} INFO - Setting next_dagrun for dataset_produces_1 to 2024-04-05 00:00:00+00:00, run_after=2024-04-06 00:00:00+00:00
[2024-04-06T00:04:35.618+0000] {logging_mixin.py:188} INFO - [2024-04-06T00:04:35.617+0000] {dag.py:3834} INFO - Setting next_dagrun for dataset_produces_2 to None, run_after=None
[2024-04-06T00:04:35.652+0000] {processor.py:183} INFO - Processing /home/airflow/.local/lib/python3.8/site-packages/airflow/example_dags/example_datasets.py took 0.122 seconds
[2024-04-06T00:05:05.718+0000] {processor.py:161} INFO - Started process (PID=3692) to work on /home/airflow/.local/lib/python3.8/site-packages/airflow/example_dags/example_datasets.py
[2024-04-06T00:05:05.719+0000] {processor.py:830} INFO - Processing file /home/airflow/.local/lib/python3.8/site-packages/airflow/example_dags/example_datasets.py for tasks to queue
[2024-04-06T00:05:05.721+0000] {logging_mixin.py:188} INFO - [2024-04-06T00:05:05.721+0000] {dagbag.py:540} INFO - Filling up the DagBag from /home/airflow/.local/lib/python3.8/site-packages/airflow/example_dags/example_datasets.py
[2024-04-06T00:05:05.731+0000] {processor.py:840} INFO - DAG(s) 'dataset_produces_1', 'dataset_produces_2', 'dataset_consumes_1_and_2', 'dataset_consumes_1', 'dataset_consumes_unknown_never_scheduled', 'dataset_consumes_1_never_scheduled' retrieved from /home/airflow/.local/lib/python3.8/site-packages/airflow/example_dags/example_datasets.py
[2024-04-06T00:05:05.769+0000] {logging_mixin.py:188} INFO - [2024-04-06T00:05:05.769+0000] {dag.py:3047} INFO - Sync 6 DAGs
[2024-04-06T00:05:05.791+0000] {logging_mixin.py:188} INFO - [2024-04-06T00:05:05.790+0000] {dag.py:3834} INFO - Setting next_dagrun for dataset_consumes_1 to None, run_after=None
[2024-04-06T00:05:05.794+0000] {logging_mixin.py:188} INFO - [2024-04-06T00:05:05.794+0000] {dag.py:3834} INFO - Setting next_dagrun for dataset_consumes_1_and_2 to None, run_after=None
[2024-04-06T00:05:05.795+0000] {logging_mixin.py:188} INFO - [2024-04-06T00:05:05.795+0000] {dag.py:3834} INFO - Setting next_dagrun for dataset_consumes_1_never_scheduled to None, run_after=None
[2024-04-06T00:05:05.797+0000] {logging_mixin.py:188} INFO - [2024-04-06T00:05:05.797+0000] {dag.py:3834} INFO - Setting next_dagrun for dataset_consumes_unknown_never_scheduled to None, run_after=None
[2024-04-06T00:05:05.799+0000] {logging_mixin.py:188} INFO - [2024-04-06T00:05:05.799+0000] {dag.py:3834} INFO - Setting next_dagrun for dataset_produces_1 to 2024-04-05 00:00:00+00:00, run_after=2024-04-06 00:00:00+00:00
[2024-04-06T00:05:05.801+0000] {logging_mixin.py:188} INFO - [2024-04-06T00:05:05.801+0000] {dag.py:3834} INFO - Setting next_dagrun for dataset_produces_2 to None, run_after=None
[2024-04-06T00:05:05.830+0000] {processor.py:183} INFO - Processing /home/airflow/.local/lib/python3.8/site-packages/airflow/example_dags/example_datasets.py took 0.117 seconds
[2024-04-06T00:05:36.170+0000] {processor.py:161} INFO - Started process (PID=3747) to work on /home/airflow/.local/lib/python3.8/site-packages/airflow/example_dags/example_datasets.py
[2024-04-06T00:05:36.172+0000] {processor.py:830} INFO - Processing file /home/airflow/.local/lib/python3.8/site-packages/airflow/example_dags/example_datasets.py for tasks to queue
[2024-04-06T00:05:36.174+0000] {logging_mixin.py:188} INFO - [2024-04-06T00:05:36.173+0000] {dagbag.py:540} INFO - Filling up the DagBag from /home/airflow/.local/lib/python3.8/site-packages/airflow/example_dags/example_datasets.py
[2024-04-06T00:05:36.184+0000] {processor.py:840} INFO - DAG(s) 'dataset_consumes_1_never_scheduled', 'dataset_produces_2', 'dataset_consumes_1_and_2', 'dataset_consumes_unknown_never_scheduled', 'dataset_consumes_1', 'dataset_produces_1' retrieved from /home/airflow/.local/lib/python3.8/site-packages/airflow/example_dags/example_datasets.py
[2024-04-06T00:05:36.222+0000] {logging_mixin.py:188} INFO - [2024-04-06T00:05:36.222+0000] {dag.py:3047} INFO - Sync 6 DAGs
[2024-04-06T00:05:36.247+0000] {logging_mixin.py:188} INFO - [2024-04-06T00:05:36.246+0000] {dag.py:3834} INFO - Setting next_dagrun for dataset_consumes_1 to None, run_after=None
[2024-04-06T00:05:36.251+0000] {logging_mixin.py:188} INFO - [2024-04-06T00:05:36.251+0000] {dag.py:3834} INFO - Setting next_dagrun for dataset_consumes_1_and_2 to None, run_after=None
[2024-04-06T00:05:36.253+0000] {logging_mixin.py:188} INFO - [2024-04-06T00:05:36.253+0000] {dag.py:3834} INFO - Setting next_dagrun for dataset_consumes_1_never_scheduled to None, run_after=None
[2024-04-06T00:05:36.254+0000] {logging_mixin.py:188} INFO - [2024-04-06T00:05:36.254+0000] {dag.py:3834} INFO - Setting next_dagrun for dataset_consumes_unknown_never_scheduled to None, run_after=None
[2024-04-06T00:05:36.257+0000] {logging_mixin.py:188} INFO - [2024-04-06T00:05:36.257+0000] {dag.py:3834} INFO - Setting next_dagrun for dataset_produces_1 to 2024-04-05 00:00:00+00:00, run_after=2024-04-06 00:00:00+00:00
[2024-04-06T00:05:36.258+0000] {logging_mixin.py:188} INFO - [2024-04-06T00:05:36.258+0000] {dag.py:3834} INFO - Setting next_dagrun for dataset_produces_2 to None, run_after=None
[2024-04-06T00:05:36.288+0000] {processor.py:183} INFO - Processing /home/airflow/.local/lib/python3.8/site-packages/airflow/example_dags/example_datasets.py took 0.121 seconds
[2024-04-06T00:06:06.853+0000] {processor.py:161} INFO - Started process (PID=3801) to work on /home/airflow/.local/lib/python3.8/site-packages/airflow/example_dags/example_datasets.py
[2024-04-06T00:06:06.855+0000] {processor.py:830} INFO - Processing file /home/airflow/.local/lib/python3.8/site-packages/airflow/example_dags/example_datasets.py for tasks to queue
[2024-04-06T00:06:06.857+0000] {logging_mixin.py:188} INFO - [2024-04-06T00:06:06.856+0000] {dagbag.py:540} INFO - Filling up the DagBag from /home/airflow/.local/lib/python3.8/site-packages/airflow/example_dags/example_datasets.py
[2024-04-06T00:06:06.868+0000] {processor.py:840} INFO - DAG(s) 'dataset_consumes_1', 'dataset_consumes_1_and_2', 'dataset_produces_1', 'dataset_produces_2', 'dataset_consumes_1_never_scheduled', 'dataset_consumes_unknown_never_scheduled' retrieved from /home/airflow/.local/lib/python3.8/site-packages/airflow/example_dags/example_datasets.py
[2024-04-06T00:06:06.905+0000] {logging_mixin.py:188} INFO - [2024-04-06T00:06:06.905+0000] {dag.py:3047} INFO - Sync 6 DAGs
[2024-04-06T00:06:06.926+0000] {logging_mixin.py:188} INFO - [2024-04-06T00:06:06.926+0000] {dag.py:3834} INFO - Setting next_dagrun for dataset_consumes_1 to None, run_after=None
[2024-04-06T00:06:06.931+0000] {logging_mixin.py:188} INFO - [2024-04-06T00:06:06.931+0000] {dag.py:3834} INFO - Setting next_dagrun for dataset_consumes_1_and_2 to None, run_after=None
[2024-04-06T00:06:06.932+0000] {logging_mixin.py:188} INFO - [2024-04-06T00:06:06.932+0000] {dag.py:3834} INFO - Setting next_dagrun for dataset_consumes_1_never_scheduled to None, run_after=None
[2024-04-06T00:06:06.934+0000] {logging_mixin.py:188} INFO - [2024-04-06T00:06:06.933+0000] {dag.py:3834} INFO - Setting next_dagrun for dataset_consumes_unknown_never_scheduled to None, run_after=None
[2024-04-06T00:06:06.937+0000] {logging_mixin.py:188} INFO - [2024-04-06T00:06:06.937+0000] {dag.py:3834} INFO - Setting next_dagrun for dataset_produces_1 to 2024-04-05 00:00:00+00:00, run_after=2024-04-06 00:00:00+00:00
[2024-04-06T00:06:06.938+0000] {logging_mixin.py:188} INFO - [2024-04-06T00:06:06.938+0000] {dag.py:3834} INFO - Setting next_dagrun for dataset_produces_2 to None, run_after=None
[2024-04-06T00:06:06.970+0000] {processor.py:183} INFO - Processing /home/airflow/.local/lib/python3.8/site-packages/airflow/example_dags/example_datasets.py took 0.123 seconds
[2024-04-06T00:06:37.514+0000] {processor.py:161} INFO - Started process (PID=3856) to work on /home/airflow/.local/lib/python3.8/site-packages/airflow/example_dags/example_datasets.py
[2024-04-06T00:06:37.516+0000] {processor.py:830} INFO - Processing file /home/airflow/.local/lib/python3.8/site-packages/airflow/example_dags/example_datasets.py for tasks to queue
[2024-04-06T00:06:37.518+0000] {logging_mixin.py:188} INFO - [2024-04-06T00:06:37.518+0000] {dagbag.py:540} INFO - Filling up the DagBag from /home/airflow/.local/lib/python3.8/site-packages/airflow/example_dags/example_datasets.py
[2024-04-06T00:06:37.528+0000] {processor.py:840} INFO - DAG(s) 'dataset_consumes_1', 'dataset_consumes_1_and_2', 'dataset_consumes_unknown_never_scheduled', 'dataset_consumes_1_never_scheduled', 'dataset_produces_1', 'dataset_produces_2' retrieved from /home/airflow/.local/lib/python3.8/site-packages/airflow/example_dags/example_datasets.py
[2024-04-06T00:06:37.561+0000] {logging_mixin.py:188} INFO - [2024-04-06T00:06:37.561+0000] {dag.py:3047} INFO - Sync 6 DAGs
[2024-04-06T00:06:37.586+0000] {logging_mixin.py:188} INFO - [2024-04-06T00:06:37.586+0000] {dag.py:3834} INFO - Setting next_dagrun for dataset_consumes_1 to None, run_after=None
[2024-04-06T00:06:37.590+0000] {logging_mixin.py:188} INFO - [2024-04-06T00:06:37.590+0000] {dag.py:3834} INFO - Setting next_dagrun for dataset_consumes_1_and_2 to None, run_after=None
[2024-04-06T00:06:37.591+0000] {logging_mixin.py:188} INFO - [2024-04-06T00:06:37.591+0000] {dag.py:3834} INFO - Setting next_dagrun for dataset_consumes_1_never_scheduled to None, run_after=None
[2024-04-06T00:06:37.593+0000] {logging_mixin.py:188} INFO - [2024-04-06T00:06:37.593+0000] {dag.py:3834} INFO - Setting next_dagrun for dataset_consumes_unknown_never_scheduled to None, run_after=None
[2024-04-06T00:06:37.595+0000] {logging_mixin.py:188} INFO - [2024-04-06T00:06:37.595+0000] {dag.py:3834} INFO - Setting next_dagrun for dataset_produces_1 to 2024-04-05 00:00:00+00:00, run_after=2024-04-06 00:00:00+00:00
[2024-04-06T00:06:37.597+0000] {logging_mixin.py:188} INFO - [2024-04-06T00:06:37.596+0000] {dag.py:3834} INFO - Setting next_dagrun for dataset_produces_2 to None, run_after=None
[2024-04-06T00:06:37.630+0000] {processor.py:183} INFO - Processing /home/airflow/.local/lib/python3.8/site-packages/airflow/example_dags/example_datasets.py took 0.120 seconds
[2024-04-06T00:07:08.085+0000] {processor.py:161} INFO - Started process (PID=3911) to work on /home/airflow/.local/lib/python3.8/site-packages/airflow/example_dags/example_datasets.py
[2024-04-06T00:07:08.086+0000] {processor.py:830} INFO - Processing file /home/airflow/.local/lib/python3.8/site-packages/airflow/example_dags/example_datasets.py for tasks to queue
[2024-04-06T00:07:08.088+0000] {logging_mixin.py:188} INFO - [2024-04-06T00:07:08.088+0000] {dagbag.py:540} INFO - Filling up the DagBag from /home/airflow/.local/lib/python3.8/site-packages/airflow/example_dags/example_datasets.py
[2024-04-06T00:07:08.102+0000] {processor.py:840} INFO - DAG(s) 'dataset_consumes_1_never_scheduled', 'dataset_consumes_unknown_never_scheduled', 'dataset_produces_1', 'dataset_consumes_1_and_2', 'dataset_produces_2', 'dataset_consumes_1' retrieved from /home/airflow/.local/lib/python3.8/site-packages/airflow/example_dags/example_datasets.py
[2024-04-06T00:07:08.150+0000] {logging_mixin.py:188} INFO - [2024-04-06T00:07:08.150+0000] {dag.py:3047} INFO - Sync 6 DAGs
[2024-04-06T00:07:08.175+0000] {logging_mixin.py:188} INFO - [2024-04-06T00:07:08.175+0000] {dag.py:3834} INFO - Setting next_dagrun for dataset_consumes_1 to None, run_after=None
[2024-04-06T00:07:08.180+0000] {logging_mixin.py:188} INFO - [2024-04-06T00:07:08.180+0000] {dag.py:3834} INFO - Setting next_dagrun for dataset_consumes_1_and_2 to None, run_after=None
[2024-04-06T00:07:08.182+0000] {logging_mixin.py:188} INFO - [2024-04-06T00:07:08.182+0000] {dag.py:3834} INFO - Setting next_dagrun for dataset_consumes_1_never_scheduled to None, run_after=None
[2024-04-06T00:07:08.184+0000] {logging_mixin.py:188} INFO - [2024-04-06T00:07:08.184+0000] {dag.py:3834} INFO - Setting next_dagrun for dataset_consumes_unknown_never_scheduled to None, run_after=None
[2024-04-06T00:07:08.188+0000] {logging_mixin.py:188} INFO - [2024-04-06T00:07:08.188+0000] {dag.py:3834} INFO - Setting next_dagrun for dataset_produces_1 to 2024-04-05 00:00:00+00:00, run_after=2024-04-06 00:00:00+00:00
[2024-04-06T00:07:08.192+0000] {logging_mixin.py:188} INFO - [2024-04-06T00:07:08.192+0000] {dag.py:3834} INFO - Setting next_dagrun for dataset_produces_2 to None, run_after=None
[2024-04-06T00:07:08.249+0000] {processor.py:183} INFO - Processing /home/airflow/.local/lib/python3.8/site-packages/airflow/example_dags/example_datasets.py took 0.168 seconds
[2024-04-06T00:07:38.566+0000] {processor.py:161} INFO - Started process (PID=3966) to work on /home/airflow/.local/lib/python3.8/site-packages/airflow/example_dags/example_datasets.py
[2024-04-06T00:07:38.568+0000] {processor.py:830} INFO - Processing file /home/airflow/.local/lib/python3.8/site-packages/airflow/example_dags/example_datasets.py for tasks to queue
[2024-04-06T00:07:38.571+0000] {logging_mixin.py:188} INFO - [2024-04-06T00:07:38.571+0000] {dagbag.py:540} INFO - Filling up the DagBag from /home/airflow/.local/lib/python3.8/site-packages/airflow/example_dags/example_datasets.py
[2024-04-06T00:07:38.583+0000] {processor.py:840} INFO - DAG(s) 'dataset_consumes_1_never_scheduled', 'dataset_consumes_1_and_2', 'dataset_produces_2', 'dataset_produces_1', 'dataset_consumes_1', 'dataset_consumes_unknown_never_scheduled' retrieved from /home/airflow/.local/lib/python3.8/site-packages/airflow/example_dags/example_datasets.py
[2024-04-06T00:07:38.624+0000] {logging_mixin.py:188} INFO - [2024-04-06T00:07:38.624+0000] {dag.py:3047} INFO - Sync 6 DAGs
[2024-04-06T00:07:38.649+0000] {logging_mixin.py:188} INFO - [2024-04-06T00:07:38.649+0000] {dag.py:3834} INFO - Setting next_dagrun for dataset_consumes_1 to None, run_after=None
[2024-04-06T00:07:38.653+0000] {logging_mixin.py:188} INFO - [2024-04-06T00:07:38.653+0000] {dag.py:3834} INFO - Setting next_dagrun for dataset_consumes_1_and_2 to None, run_after=None
[2024-04-06T00:07:38.655+0000] {logging_mixin.py:188} INFO - [2024-04-06T00:07:38.655+0000] {dag.py:3834} INFO - Setting next_dagrun for dataset_consumes_1_never_scheduled to None, run_after=None
[2024-04-06T00:07:38.657+0000] {logging_mixin.py:188} INFO - [2024-04-06T00:07:38.657+0000] {dag.py:3834} INFO - Setting next_dagrun for dataset_consumes_unknown_never_scheduled to None, run_after=None
[2024-04-06T00:07:38.660+0000] {logging_mixin.py:188} INFO - [2024-04-06T00:07:38.660+0000] {dag.py:3834} INFO - Setting next_dagrun for dataset_produces_1 to 2024-04-05 00:00:00+00:00, run_after=2024-04-06 00:00:00+00:00
[2024-04-06T00:07:38.662+0000] {logging_mixin.py:188} INFO - [2024-04-06T00:07:38.662+0000] {dag.py:3834} INFO - Setting next_dagrun for dataset_produces_2 to None, run_after=None
[2024-04-06T00:07:38.735+0000] {processor.py:183} INFO - Processing /home/airflow/.local/lib/python3.8/site-packages/airflow/example_dags/example_datasets.py took 0.174 seconds
[2024-04-06T00:08:09.311+0000] {processor.py:161} INFO - Started process (PID=4021) to work on /home/airflow/.local/lib/python3.8/site-packages/airflow/example_dags/example_datasets.py
[2024-04-06T00:08:09.313+0000] {processor.py:830} INFO - Processing file /home/airflow/.local/lib/python3.8/site-packages/airflow/example_dags/example_datasets.py for tasks to queue
[2024-04-06T00:08:09.315+0000] {logging_mixin.py:188} INFO - [2024-04-06T00:08:09.315+0000] {dagbag.py:540} INFO - Filling up the DagBag from /home/airflow/.local/lib/python3.8/site-packages/airflow/example_dags/example_datasets.py
[2024-04-06T00:08:09.328+0000] {processor.py:840} INFO - DAG(s) 'dataset_consumes_1_and_2', 'dataset_produces_1', 'dataset_consumes_unknown_never_scheduled', 'dataset_consumes_1_never_scheduled', 'dataset_consumes_1', 'dataset_produces_2' retrieved from /home/airflow/.local/lib/python3.8/site-packages/airflow/example_dags/example_datasets.py
[2024-04-06T00:08:09.369+0000] {logging_mixin.py:188} INFO - [2024-04-06T00:08:09.368+0000] {dag.py:3047} INFO - Sync 6 DAGs
[2024-04-06T00:08:09.401+0000] {logging_mixin.py:188} INFO - [2024-04-06T00:08:09.401+0000] {dag.py:3834} INFO - Setting next_dagrun for dataset_consumes_1 to None, run_after=None
[2024-04-06T00:08:09.407+0000] {logging_mixin.py:188} INFO - [2024-04-06T00:08:09.406+0000] {dag.py:3834} INFO - Setting next_dagrun for dataset_consumes_1_and_2 to None, run_after=None
[2024-04-06T00:08:09.409+0000] {logging_mixin.py:188} INFO - [2024-04-06T00:08:09.409+0000] {dag.py:3834} INFO - Setting next_dagrun for dataset_consumes_1_never_scheduled to None, run_after=None
[2024-04-06T00:08:09.411+0000] {logging_mixin.py:188} INFO - [2024-04-06T00:08:09.411+0000] {dag.py:3834} INFO - Setting next_dagrun for dataset_consumes_unknown_never_scheduled to None, run_after=None
[2024-04-06T00:08:09.415+0000] {logging_mixin.py:188} INFO - [2024-04-06T00:08:09.415+0000] {dag.py:3834} INFO - Setting next_dagrun for dataset_produces_1 to 2024-04-05 00:00:00+00:00, run_after=2024-04-06 00:00:00+00:00
[2024-04-06T00:08:09.417+0000] {logging_mixin.py:188} INFO - [2024-04-06T00:08:09.416+0000] {dag.py:3834} INFO - Setting next_dagrun for dataset_produces_2 to None, run_after=None
[2024-04-06T00:08:09.462+0000] {processor.py:183} INFO - Processing /home/airflow/.local/lib/python3.8/site-packages/airflow/example_dags/example_datasets.py took 0.155 seconds
[2024-04-06T00:08:39.876+0000] {processor.py:161} INFO - Started process (PID=4076) to work on /home/airflow/.local/lib/python3.8/site-packages/airflow/example_dags/example_datasets.py
[2024-04-06T00:08:39.878+0000] {processor.py:830} INFO - Processing file /home/airflow/.local/lib/python3.8/site-packages/airflow/example_dags/example_datasets.py for tasks to queue
[2024-04-06T00:08:39.880+0000] {logging_mixin.py:188} INFO - [2024-04-06T00:08:39.879+0000] {dagbag.py:540} INFO - Filling up the DagBag from /home/airflow/.local/lib/python3.8/site-packages/airflow/example_dags/example_datasets.py
[2024-04-06T00:08:39.891+0000] {processor.py:840} INFO - DAG(s) 'dataset_consumes_unknown_never_scheduled', 'dataset_produces_2', 'dataset_consumes_1_and_2', 'dataset_consumes_1', 'dataset_consumes_1_never_scheduled', 'dataset_produces_1' retrieved from /home/airflow/.local/lib/python3.8/site-packages/airflow/example_dags/example_datasets.py
[2024-04-06T00:08:39.925+0000] {logging_mixin.py:188} INFO - [2024-04-06T00:08:39.925+0000] {dag.py:3047} INFO - Sync 6 DAGs
[2024-04-06T00:08:39.952+0000] {logging_mixin.py:188} INFO - [2024-04-06T00:08:39.952+0000] {dag.py:3834} INFO - Setting next_dagrun for dataset_consumes_1 to None, run_after=None
[2024-04-06T00:08:39.956+0000] {logging_mixin.py:188} INFO - [2024-04-06T00:08:39.956+0000] {dag.py:3834} INFO - Setting next_dagrun for dataset_consumes_1_and_2 to None, run_after=None
[2024-04-06T00:08:39.958+0000] {logging_mixin.py:188} INFO - [2024-04-06T00:08:39.958+0000] {dag.py:3834} INFO - Setting next_dagrun for dataset_consumes_1_never_scheduled to None, run_after=None
[2024-04-06T00:08:39.959+0000] {logging_mixin.py:188} INFO - [2024-04-06T00:08:39.959+0000] {dag.py:3834} INFO - Setting next_dagrun for dataset_consumes_unknown_never_scheduled to None, run_after=None
[2024-04-06T00:08:39.962+0000] {logging_mixin.py:188} INFO - [2024-04-06T00:08:39.962+0000] {dag.py:3834} INFO - Setting next_dagrun for dataset_produces_1 to 2024-04-05 00:00:00+00:00, run_after=2024-04-06 00:00:00+00:00
[2024-04-06T00:08:39.964+0000] {logging_mixin.py:188} INFO - [2024-04-06T00:08:39.963+0000] {dag.py:3834} INFO - Setting next_dagrun for dataset_produces_2 to None, run_after=None
[2024-04-06T00:08:39.997+0000] {processor.py:183} INFO - Processing /home/airflow/.local/lib/python3.8/site-packages/airflow/example_dags/example_datasets.py took 0.124 seconds
[2024-04-06T00:09:10.463+0000] {processor.py:161} INFO - Started process (PID=4132) to work on /home/airflow/.local/lib/python3.8/site-packages/airflow/example_dags/example_datasets.py
[2024-04-06T00:09:10.465+0000] {processor.py:830} INFO - Processing file /home/airflow/.local/lib/python3.8/site-packages/airflow/example_dags/example_datasets.py for tasks to queue
[2024-04-06T00:09:10.467+0000] {logging_mixin.py:188} INFO - [2024-04-06T00:09:10.467+0000] {dagbag.py:540} INFO - Filling up the DagBag from /home/airflow/.local/lib/python3.8/site-packages/airflow/example_dags/example_datasets.py
[2024-04-06T00:09:10.480+0000] {processor.py:840} INFO - DAG(s) 'dataset_produces_2', 'dataset_consumes_1_never_scheduled', 'dataset_consumes_unknown_never_scheduled', 'dataset_consumes_1', 'dataset_consumes_1_and_2', 'dataset_produces_1' retrieved from /home/airflow/.local/lib/python3.8/site-packages/airflow/example_dags/example_datasets.py
[2024-04-06T00:09:10.522+0000] {logging_mixin.py:188} INFO - [2024-04-06T00:09:10.522+0000] {dag.py:3047} INFO - Sync 6 DAGs
[2024-04-06T00:09:10.552+0000] {logging_mixin.py:188} INFO - [2024-04-06T00:09:10.552+0000] {dag.py:3834} INFO - Setting next_dagrun for dataset_consumes_1 to None, run_after=None
[2024-04-06T00:09:10.557+0000] {logging_mixin.py:188} INFO - [2024-04-06T00:09:10.557+0000] {dag.py:3834} INFO - Setting next_dagrun for dataset_consumes_1_and_2 to None, run_after=None
[2024-04-06T00:09:10.559+0000] {logging_mixin.py:188} INFO - [2024-04-06T00:09:10.559+0000] {dag.py:3834} INFO - Setting next_dagrun for dataset_consumes_1_never_scheduled to None, run_after=None
[2024-04-06T00:09:10.561+0000] {logging_mixin.py:188} INFO - [2024-04-06T00:09:10.561+0000] {dag.py:3834} INFO - Setting next_dagrun for dataset_consumes_unknown_never_scheduled to None, run_after=None
[2024-04-06T00:09:10.565+0000] {logging_mixin.py:188} INFO - [2024-04-06T00:09:10.565+0000] {dag.py:3834} INFO - Setting next_dagrun for dataset_produces_1 to 2024-04-05 00:00:00+00:00, run_after=2024-04-06 00:00:00+00:00
[2024-04-06T00:09:10.568+0000] {logging_mixin.py:188} INFO - [2024-04-06T00:09:10.568+0000] {dag.py:3834} INFO - Setting next_dagrun for dataset_produces_2 to None, run_after=None
[2024-04-06T00:09:10.609+0000] {processor.py:183} INFO - Processing /home/airflow/.local/lib/python3.8/site-packages/airflow/example_dags/example_datasets.py took 0.151 seconds
[2024-04-06T00:09:40.953+0000] {processor.py:161} INFO - Started process (PID=4186) to work on /home/airflow/.local/lib/python3.8/site-packages/airflow/example_dags/example_datasets.py
[2024-04-06T00:09:40.954+0000] {processor.py:830} INFO - Processing file /home/airflow/.local/lib/python3.8/site-packages/airflow/example_dags/example_datasets.py for tasks to queue
[2024-04-06T00:09:40.957+0000] {logging_mixin.py:188} INFO - [2024-04-06T00:09:40.956+0000] {dagbag.py:540} INFO - Filling up the DagBag from /home/airflow/.local/lib/python3.8/site-packages/airflow/example_dags/example_datasets.py
[2024-04-06T00:09:40.969+0000] {processor.py:840} INFO - DAG(s) 'dataset_produces_1', 'dataset_consumes_1_never_scheduled', 'dataset_consumes_unknown_never_scheduled', 'dataset_produces_2', 'dataset_consumes_1', 'dataset_consumes_1_and_2' retrieved from /home/airflow/.local/lib/python3.8/site-packages/airflow/example_dags/example_datasets.py
[2024-04-06T00:09:41.010+0000] {logging_mixin.py:188} INFO - [2024-04-06T00:09:41.009+0000] {dag.py:3047} INFO - Sync 6 DAGs
[2024-04-06T00:09:41.038+0000] {logging_mixin.py:188} INFO - [2024-04-06T00:09:41.037+0000] {dag.py:3834} INFO - Setting next_dagrun for dataset_consumes_1 to None, run_after=None
[2024-04-06T00:09:41.043+0000] {logging_mixin.py:188} INFO - [2024-04-06T00:09:41.043+0000] {dag.py:3834} INFO - Setting next_dagrun for dataset_consumes_1_and_2 to None, run_after=None
[2024-04-06T00:09:41.045+0000] {logging_mixin.py:188} INFO - [2024-04-06T00:09:41.045+0000] {dag.py:3834} INFO - Setting next_dagrun for dataset_consumes_1_never_scheduled to None, run_after=None
[2024-04-06T00:09:41.046+0000] {logging_mixin.py:188} INFO - [2024-04-06T00:09:41.046+0000] {dag.py:3834} INFO - Setting next_dagrun for dataset_consumes_unknown_never_scheduled to None, run_after=None
[2024-04-06T00:09:41.049+0000] {logging_mixin.py:188} INFO - [2024-04-06T00:09:41.049+0000] {dag.py:3834} INFO - Setting next_dagrun for dataset_produces_1 to 2024-04-05 00:00:00+00:00, run_after=2024-04-06 00:00:00+00:00
[2024-04-06T00:09:41.051+0000] {logging_mixin.py:188} INFO - [2024-04-06T00:09:41.051+0000] {dag.py:3834} INFO - Setting next_dagrun for dataset_produces_2 to None, run_after=None
[2024-04-06T00:09:41.084+0000] {processor.py:183} INFO - Processing /home/airflow/.local/lib/python3.8/site-packages/airflow/example_dags/example_datasets.py took 0.135 seconds
[2024-04-06T00:10:11.933+0000] {processor.py:161} INFO - Started process (PID=4241) to work on /home/airflow/.local/lib/python3.8/site-packages/airflow/example_dags/example_datasets.py
[2024-04-06T00:10:11.935+0000] {processor.py:830} INFO - Processing file /home/airflow/.local/lib/python3.8/site-packages/airflow/example_dags/example_datasets.py for tasks to queue
[2024-04-06T00:10:11.937+0000] {logging_mixin.py:188} INFO - [2024-04-06T00:10:11.937+0000] {dagbag.py:540} INFO - Filling up the DagBag from /home/airflow/.local/lib/python3.8/site-packages/airflow/example_dags/example_datasets.py
[2024-04-06T00:10:11.950+0000] {processor.py:840} INFO - DAG(s) 'dataset_consumes_1_never_scheduled', 'dataset_consumes_1', 'dataset_consumes_1_and_2', 'dataset_produces_1', 'dataset_produces_2', 'dataset_consumes_unknown_never_scheduled' retrieved from /home/airflow/.local/lib/python3.8/site-packages/airflow/example_dags/example_datasets.py
[2024-04-06T00:10:11.996+0000] {logging_mixin.py:188} INFO - [2024-04-06T00:10:11.996+0000] {dag.py:3047} INFO - Sync 6 DAGs
[2024-04-06T00:10:12.024+0000] {logging_mixin.py:188} INFO - [2024-04-06T00:10:12.023+0000] {dag.py:3834} INFO - Setting next_dagrun for dataset_consumes_1 to None, run_after=None
[2024-04-06T00:10:12.028+0000] {logging_mixin.py:188} INFO - [2024-04-06T00:10:12.028+0000] {dag.py:3834} INFO - Setting next_dagrun for dataset_consumes_1_and_2 to None, run_after=None
[2024-04-06T00:10:12.030+0000] {logging_mixin.py:188} INFO - [2024-04-06T00:10:12.030+0000] {dag.py:3834} INFO - Setting next_dagrun for dataset_consumes_1_never_scheduled to None, run_after=None
[2024-04-06T00:10:12.031+0000] {logging_mixin.py:188} INFO - [2024-04-06T00:10:12.031+0000] {dag.py:3834} INFO - Setting next_dagrun for dataset_consumes_unknown_never_scheduled to None, run_after=None
[2024-04-06T00:10:12.035+0000] {logging_mixin.py:188} INFO - [2024-04-06T00:10:12.035+0000] {dag.py:3834} INFO - Setting next_dagrun for dataset_produces_1 to 2024-04-05 00:00:00+00:00, run_after=2024-04-06 00:00:00+00:00
[2024-04-06T00:10:12.037+0000] {logging_mixin.py:188} INFO - [2024-04-06T00:10:12.037+0000] {dag.py:3834} INFO - Setting next_dagrun for dataset_produces_2 to None, run_after=None
[2024-04-06T00:10:12.077+0000] {processor.py:183} INFO - Processing /home/airflow/.local/lib/python3.8/site-packages/airflow/example_dags/example_datasets.py took 0.147 seconds
