[2024-04-06T00:03:08.517+0000] {processor.py:161} INFO - Started process (PID=3486) to work on /home/airflow/.local/lib/python3.8/site-packages/airflow/example_dags/example_latest_only.py
[2024-04-06T00:03:08.519+0000] {processor.py:830} INFO - Processing file /home/airflow/.local/lib/python3.8/site-packages/airflow/example_dags/example_latest_only.py for tasks to queue
[2024-04-06T00:03:08.522+0000] {logging_mixin.py:188} INFO - [2024-04-06T00:03:08.522+0000] {dagbag.py:540} INFO - Filling up the DagBag from /home/airflow/.local/lib/python3.8/site-packages/airflow/example_dags/example_latest_only.py
[2024-04-06T00:03:08.532+0000] {processor.py:840} INFO - DAG(s) 'latest_only' retrieved from /home/airflow/.local/lib/python3.8/site-packages/airflow/example_dags/example_latest_only.py
[2024-04-06T00:03:08.575+0000] {logging_mixin.py:188} INFO - [2024-04-06T00:03:08.574+0000] {dag.py:3047} INFO - Sync 1 DAGs
[2024-04-06T00:03:08.626+0000] {logging_mixin.py:188} INFO - [2024-04-06T00:03:08.626+0000] {dag.py:3834} INFO - Setting next_dagrun for latest_only to 2024-04-05 20:00:00+00:00, run_after=2024-04-06 00:00:00+00:00
[2024-04-06T00:03:08.715+0000] {processor.py:183} INFO - Processing /home/airflow/.local/lib/python3.8/site-packages/airflow/example_dags/example_latest_only.py took 0.203 seconds
[2024-04-06T00:03:39.479+0000] {processor.py:161} INFO - Started process (PID=3541) to work on /home/airflow/.local/lib/python3.8/site-packages/airflow/example_dags/example_latest_only.py
[2024-04-06T00:03:39.481+0000] {processor.py:830} INFO - Processing file /home/airflow/.local/lib/python3.8/site-packages/airflow/example_dags/example_latest_only.py for tasks to queue
[2024-04-06T00:03:39.486+0000] {logging_mixin.py:188} INFO - [2024-04-06T00:03:39.485+0000] {dagbag.py:540} INFO - Filling up the DagBag from /home/airflow/.local/lib/python3.8/site-packages/airflow/example_dags/example_latest_only.py
[2024-04-06T00:03:39.496+0000] {processor.py:840} INFO - DAG(s) 'latest_only' retrieved from /home/airflow/.local/lib/python3.8/site-packages/airflow/example_dags/example_latest_only.py
[2024-04-06T00:03:39.536+0000] {logging_mixin.py:188} INFO - [2024-04-06T00:03:39.536+0000] {dag.py:3047} INFO - Sync 1 DAGs
[2024-04-06T00:03:39.569+0000] {logging_mixin.py:188} INFO - [2024-04-06T00:03:39.569+0000] {dag.py:3834} INFO - Setting next_dagrun for latest_only to 2024-04-05 20:00:00+00:00, run_after=2024-04-06 00:00:00+00:00
[2024-04-06T00:03:39.617+0000] {processor.py:183} INFO - Processing /home/airflow/.local/lib/python3.8/site-packages/airflow/example_dags/example_latest_only.py took 0.143 seconds
[2024-04-06T00:04:10.305+0000] {processor.py:161} INFO - Started process (PID=3596) to work on /home/airflow/.local/lib/python3.8/site-packages/airflow/example_dags/example_latest_only.py
[2024-04-06T00:04:10.308+0000] {processor.py:830} INFO - Processing file /home/airflow/.local/lib/python3.8/site-packages/airflow/example_dags/example_latest_only.py for tasks to queue
[2024-04-06T00:04:10.311+0000] {logging_mixin.py:188} INFO - [2024-04-06T00:04:10.311+0000] {dagbag.py:540} INFO - Filling up the DagBag from /home/airflow/.local/lib/python3.8/site-packages/airflow/example_dags/example_latest_only.py
[2024-04-06T00:04:10.320+0000] {processor.py:840} INFO - DAG(s) 'latest_only' retrieved from /home/airflow/.local/lib/python3.8/site-packages/airflow/example_dags/example_latest_only.py
[2024-04-06T00:04:10.359+0000] {logging_mixin.py:188} INFO - [2024-04-06T00:04:10.358+0000] {dag.py:3047} INFO - Sync 1 DAGs
[2024-04-06T00:04:10.396+0000] {logging_mixin.py:188} INFO - [2024-04-06T00:04:10.396+0000] {dag.py:3834} INFO - Setting next_dagrun for latest_only to 2024-04-05 20:00:00+00:00, run_after=2024-04-06 00:00:00+00:00
[2024-04-06T00:04:10.431+0000] {processor.py:183} INFO - Processing /home/airflow/.local/lib/python3.8/site-packages/airflow/example_dags/example_latest_only.py took 0.131 seconds
[2024-04-06T00:04:40.625+0000] {processor.py:161} INFO - Started process (PID=3651) to work on /home/airflow/.local/lib/python3.8/site-packages/airflow/example_dags/example_latest_only.py
[2024-04-06T00:04:40.626+0000] {processor.py:830} INFO - Processing file /home/airflow/.local/lib/python3.8/site-packages/airflow/example_dags/example_latest_only.py for tasks to queue
[2024-04-06T00:04:40.628+0000] {logging_mixin.py:188} INFO - [2024-04-06T00:04:40.627+0000] {dagbag.py:540} INFO - Filling up the DagBag from /home/airflow/.local/lib/python3.8/site-packages/airflow/example_dags/example_latest_only.py
[2024-04-06T00:04:40.633+0000] {processor.py:840} INFO - DAG(s) 'latest_only' retrieved from /home/airflow/.local/lib/python3.8/site-packages/airflow/example_dags/example_latest_only.py
[2024-04-06T00:04:40.656+0000] {logging_mixin.py:188} INFO - [2024-04-06T00:04:40.656+0000] {dag.py:3047} INFO - Sync 1 DAGs
[2024-04-06T00:04:40.679+0000] {logging_mixin.py:188} INFO - [2024-04-06T00:04:40.678+0000] {dag.py:3834} INFO - Setting next_dagrun for latest_only to 2024-04-05 20:00:00+00:00, run_after=2024-04-06 00:00:00+00:00
[2024-04-06T00:04:40.698+0000] {processor.py:183} INFO - Processing /home/airflow/.local/lib/python3.8/site-packages/airflow/example_dags/example_latest_only.py took 0.077 seconds
[2024-04-06T00:05:10.972+0000] {processor.py:161} INFO - Started process (PID=3706) to work on /home/airflow/.local/lib/python3.8/site-packages/airflow/example_dags/example_latest_only.py
[2024-04-06T00:05:10.973+0000] {processor.py:830} INFO - Processing file /home/airflow/.local/lib/python3.8/site-packages/airflow/example_dags/example_latest_only.py for tasks to queue
[2024-04-06T00:05:10.976+0000] {logging_mixin.py:188} INFO - [2024-04-06T00:05:10.976+0000] {dagbag.py:540} INFO - Filling up the DagBag from /home/airflow/.local/lib/python3.8/site-packages/airflow/example_dags/example_latest_only.py
[2024-04-06T00:05:10.983+0000] {processor.py:840} INFO - DAG(s) 'latest_only' retrieved from /home/airflow/.local/lib/python3.8/site-packages/airflow/example_dags/example_latest_only.py
[2024-04-06T00:05:11.006+0000] {logging_mixin.py:188} INFO - [2024-04-06T00:05:11.006+0000] {dag.py:3047} INFO - Sync 1 DAGs
[2024-04-06T00:05:11.029+0000] {logging_mixin.py:188} INFO - [2024-04-06T00:05:11.029+0000] {dag.py:3834} INFO - Setting next_dagrun for latest_only to 2024-04-05 20:00:00+00:00, run_after=2024-04-06 00:00:00+00:00
[2024-04-06T00:05:11.051+0000] {processor.py:183} INFO - Processing /home/airflow/.local/lib/python3.8/site-packages/airflow/example_dags/example_latest_only.py took 0.085 seconds
[2024-04-06T00:05:41.178+0000] {processor.py:161} INFO - Started process (PID=3761) to work on /home/airflow/.local/lib/python3.8/site-packages/airflow/example_dags/example_latest_only.py
[2024-04-06T00:05:41.180+0000] {processor.py:830} INFO - Processing file /home/airflow/.local/lib/python3.8/site-packages/airflow/example_dags/example_latest_only.py for tasks to queue
[2024-04-06T00:05:41.182+0000] {logging_mixin.py:188} INFO - [2024-04-06T00:05:41.182+0000] {dagbag.py:540} INFO - Filling up the DagBag from /home/airflow/.local/lib/python3.8/site-packages/airflow/example_dags/example_latest_only.py
[2024-04-06T00:05:41.187+0000] {processor.py:840} INFO - DAG(s) 'latest_only' retrieved from /home/airflow/.local/lib/python3.8/site-packages/airflow/example_dags/example_latest_only.py
[2024-04-06T00:05:41.210+0000] {logging_mixin.py:188} INFO - [2024-04-06T00:05:41.209+0000] {dag.py:3047} INFO - Sync 1 DAGs
[2024-04-06T00:05:41.231+0000] {logging_mixin.py:188} INFO - [2024-04-06T00:05:41.230+0000] {dag.py:3834} INFO - Setting next_dagrun for latest_only to 2024-04-05 20:00:00+00:00, run_after=2024-04-06 00:00:00+00:00
[2024-04-06T00:05:41.251+0000] {processor.py:183} INFO - Processing /home/airflow/.local/lib/python3.8/site-packages/airflow/example_dags/example_latest_only.py took 0.077 seconds
[2024-04-06T00:06:11.824+0000] {processor.py:161} INFO - Started process (PID=3816) to work on /home/airflow/.local/lib/python3.8/site-packages/airflow/example_dags/example_latest_only.py
[2024-04-06T00:06:11.826+0000] {processor.py:830} INFO - Processing file /home/airflow/.local/lib/python3.8/site-packages/airflow/example_dags/example_latest_only.py for tasks to queue
[2024-04-06T00:06:11.828+0000] {logging_mixin.py:188} INFO - [2024-04-06T00:06:11.828+0000] {dagbag.py:540} INFO - Filling up the DagBag from /home/airflow/.local/lib/python3.8/site-packages/airflow/example_dags/example_latest_only.py
[2024-04-06T00:06:11.833+0000] {processor.py:840} INFO - DAG(s) 'latest_only' retrieved from /home/airflow/.local/lib/python3.8/site-packages/airflow/example_dags/example_latest_only.py
[2024-04-06T00:06:11.856+0000] {logging_mixin.py:188} INFO - [2024-04-06T00:06:11.856+0000] {dag.py:3047} INFO - Sync 1 DAGs
[2024-04-06T00:06:11.882+0000] {logging_mixin.py:188} INFO - [2024-04-06T00:06:11.881+0000] {dag.py:3834} INFO - Setting next_dagrun for latest_only to 2024-04-05 20:00:00+00:00, run_after=2024-04-06 00:00:00+00:00
[2024-04-06T00:06:11.900+0000] {processor.py:183} INFO - Processing /home/airflow/.local/lib/python3.8/site-packages/airflow/example_dags/example_latest_only.py took 0.079 seconds
[2024-04-06T00:06:42.383+0000] {processor.py:161} INFO - Started process (PID=3871) to work on /home/airflow/.local/lib/python3.8/site-packages/airflow/example_dags/example_latest_only.py
[2024-04-06T00:06:42.385+0000] {processor.py:830} INFO - Processing file /home/airflow/.local/lib/python3.8/site-packages/airflow/example_dags/example_latest_only.py for tasks to queue
[2024-04-06T00:06:42.387+0000] {logging_mixin.py:188} INFO - [2024-04-06T00:06:42.387+0000] {dagbag.py:540} INFO - Filling up the DagBag from /home/airflow/.local/lib/python3.8/site-packages/airflow/example_dags/example_latest_only.py
[2024-04-06T00:06:42.392+0000] {processor.py:840} INFO - DAG(s) 'latest_only' retrieved from /home/airflow/.local/lib/python3.8/site-packages/airflow/example_dags/example_latest_only.py
[2024-04-06T00:06:42.416+0000] {logging_mixin.py:188} INFO - [2024-04-06T00:06:42.416+0000] {dag.py:3047} INFO - Sync 1 DAGs
[2024-04-06T00:06:42.443+0000] {logging_mixin.py:188} INFO - [2024-04-06T00:06:42.443+0000] {dag.py:3834} INFO - Setting next_dagrun for latest_only to 2024-04-05 20:00:00+00:00, run_after=2024-04-06 00:00:00+00:00
[2024-04-06T00:06:42.466+0000] {processor.py:183} INFO - Processing /home/airflow/.local/lib/python3.8/site-packages/airflow/example_dags/example_latest_only.py took 0.086 seconds
[2024-04-06T00:07:13.323+0000] {processor.py:161} INFO - Started process (PID=3926) to work on /home/airflow/.local/lib/python3.8/site-packages/airflow/example_dags/example_latest_only.py
[2024-04-06T00:07:13.324+0000] {processor.py:830} INFO - Processing file /home/airflow/.local/lib/python3.8/site-packages/airflow/example_dags/example_latest_only.py for tasks to queue
[2024-04-06T00:07:13.326+0000] {logging_mixin.py:188} INFO - [2024-04-06T00:07:13.326+0000] {dagbag.py:540} INFO - Filling up the DagBag from /home/airflow/.local/lib/python3.8/site-packages/airflow/example_dags/example_latest_only.py
[2024-04-06T00:07:13.331+0000] {processor.py:840} INFO - DAG(s) 'latest_only' retrieved from /home/airflow/.local/lib/python3.8/site-packages/airflow/example_dags/example_latest_only.py
[2024-04-06T00:07:13.354+0000] {logging_mixin.py:188} INFO - [2024-04-06T00:07:13.353+0000] {dag.py:3047} INFO - Sync 1 DAGs
[2024-04-06T00:07:13.376+0000] {logging_mixin.py:188} INFO - [2024-04-06T00:07:13.376+0000] {dag.py:3834} INFO - Setting next_dagrun for latest_only to 2024-04-05 20:00:00+00:00, run_after=2024-04-06 00:00:00+00:00
[2024-04-06T00:07:13.396+0000] {processor.py:183} INFO - Processing /home/airflow/.local/lib/python3.8/site-packages/airflow/example_dags/example_latest_only.py took 0.076 seconds
[2024-04-06T00:07:43.679+0000] {processor.py:161} INFO - Started process (PID=3981) to work on /home/airflow/.local/lib/python3.8/site-packages/airflow/example_dags/example_latest_only.py
[2024-04-06T00:07:43.680+0000] {processor.py:830} INFO - Processing file /home/airflow/.local/lib/python3.8/site-packages/airflow/example_dags/example_latest_only.py for tasks to queue
[2024-04-06T00:07:43.683+0000] {logging_mixin.py:188} INFO - [2024-04-06T00:07:43.682+0000] {dagbag.py:540} INFO - Filling up the DagBag from /home/airflow/.local/lib/python3.8/site-packages/airflow/example_dags/example_latest_only.py
[2024-04-06T00:07:43.689+0000] {processor.py:840} INFO - DAG(s) 'latest_only' retrieved from /home/airflow/.local/lib/python3.8/site-packages/airflow/example_dags/example_latest_only.py
[2024-04-06T00:07:43.712+0000] {logging_mixin.py:188} INFO - [2024-04-06T00:07:43.712+0000] {dag.py:3047} INFO - Sync 1 DAGs
[2024-04-06T00:07:43.734+0000] {logging_mixin.py:188} INFO - [2024-04-06T00:07:43.734+0000] {dag.py:3834} INFO - Setting next_dagrun for latest_only to 2024-04-05 20:00:00+00:00, run_after=2024-04-06 00:00:00+00:00
[2024-04-06T00:07:43.761+0000] {processor.py:183} INFO - Processing /home/airflow/.local/lib/python3.8/site-packages/airflow/example_dags/example_latest_only.py took 0.086 seconds
[2024-04-06T00:08:14.238+0000] {processor.py:161} INFO - Started process (PID=4036) to work on /home/airflow/.local/lib/python3.8/site-packages/airflow/example_dags/example_latest_only.py
[2024-04-06T00:08:14.240+0000] {processor.py:830} INFO - Processing file /home/airflow/.local/lib/python3.8/site-packages/airflow/example_dags/example_latest_only.py for tasks to queue
[2024-04-06T00:08:14.242+0000] {logging_mixin.py:188} INFO - [2024-04-06T00:08:14.241+0000] {dagbag.py:540} INFO - Filling up the DagBag from /home/airflow/.local/lib/python3.8/site-packages/airflow/example_dags/example_latest_only.py
[2024-04-06T00:08:14.250+0000] {processor.py:840} INFO - DAG(s) 'latest_only' retrieved from /home/airflow/.local/lib/python3.8/site-packages/airflow/example_dags/example_latest_only.py
[2024-04-06T00:08:14.283+0000] {logging_mixin.py:188} INFO - [2024-04-06T00:08:14.283+0000] {dag.py:3047} INFO - Sync 1 DAGs
[2024-04-06T00:08:14.314+0000] {logging_mixin.py:188} INFO - [2024-04-06T00:08:14.314+0000] {dag.py:3834} INFO - Setting next_dagrun for latest_only to 2024-04-05 20:00:00+00:00, run_after=2024-04-06 00:00:00+00:00
[2024-04-06T00:08:14.334+0000] {processor.py:183} INFO - Processing /home/airflow/.local/lib/python3.8/site-packages/airflow/example_dags/example_latest_only.py took 0.099 seconds
[2024-04-06T00:08:44.792+0000] {processor.py:161} INFO - Started process (PID=4091) to work on /home/airflow/.local/lib/python3.8/site-packages/airflow/example_dags/example_latest_only.py
[2024-04-06T00:08:44.793+0000] {processor.py:830} INFO - Processing file /home/airflow/.local/lib/python3.8/site-packages/airflow/example_dags/example_latest_only.py for tasks to queue
[2024-04-06T00:08:44.795+0000] {logging_mixin.py:188} INFO - [2024-04-06T00:08:44.795+0000] {dagbag.py:540} INFO - Filling up the DagBag from /home/airflow/.local/lib/python3.8/site-packages/airflow/example_dags/example_latest_only.py
[2024-04-06T00:08:44.800+0000] {processor.py:840} INFO - DAG(s) 'latest_only' retrieved from /home/airflow/.local/lib/python3.8/site-packages/airflow/example_dags/example_latest_only.py
[2024-04-06T00:08:44.821+0000] {logging_mixin.py:188} INFO - [2024-04-06T00:08:44.821+0000] {dag.py:3047} INFO - Sync 1 DAGs
[2024-04-06T00:08:44.843+0000] {logging_mixin.py:188} INFO - [2024-04-06T00:08:44.843+0000] {dag.py:3834} INFO - Setting next_dagrun for latest_only to 2024-04-05 20:00:00+00:00, run_after=2024-04-06 00:00:00+00:00
[2024-04-06T00:08:44.863+0000] {processor.py:183} INFO - Processing /home/airflow/.local/lib/python3.8/site-packages/airflow/example_dags/example_latest_only.py took 0.075 seconds
[2024-04-06T00:09:15.366+0000] {processor.py:161} INFO - Started process (PID=4146) to work on /home/airflow/.local/lib/python3.8/site-packages/airflow/example_dags/example_latest_only.py
[2024-04-06T00:09:15.367+0000] {processor.py:830} INFO - Processing file /home/airflow/.local/lib/python3.8/site-packages/airflow/example_dags/example_latest_only.py for tasks to queue
[2024-04-06T00:09:15.370+0000] {logging_mixin.py:188} INFO - [2024-04-06T00:09:15.369+0000] {dagbag.py:540} INFO - Filling up the DagBag from /home/airflow/.local/lib/python3.8/site-packages/airflow/example_dags/example_latest_only.py
[2024-04-06T00:09:15.375+0000] {processor.py:840} INFO - DAG(s) 'latest_only' retrieved from /home/airflow/.local/lib/python3.8/site-packages/airflow/example_dags/example_latest_only.py
[2024-04-06T00:09:15.397+0000] {logging_mixin.py:188} INFO - [2024-04-06T00:09:15.396+0000] {dag.py:3047} INFO - Sync 1 DAGs
[2024-04-06T00:09:15.422+0000] {logging_mixin.py:188} INFO - [2024-04-06T00:09:15.421+0000] {dag.py:3834} INFO - Setting next_dagrun for latest_only to 2024-04-05 20:00:00+00:00, run_after=2024-04-06 00:00:00+00:00
[2024-04-06T00:09:15.438+0000] {processor.py:183} INFO - Processing /home/airflow/.local/lib/python3.8/site-packages/airflow/example_dags/example_latest_only.py took 0.076 seconds
[2024-04-06T00:09:45.974+0000] {processor.py:161} INFO - Started process (PID=4201) to work on /home/airflow/.local/lib/python3.8/site-packages/airflow/example_dags/example_latest_only.py
[2024-04-06T00:09:45.975+0000] {processor.py:830} INFO - Processing file /home/airflow/.local/lib/python3.8/site-packages/airflow/example_dags/example_latest_only.py for tasks to queue
[2024-04-06T00:09:45.977+0000] {logging_mixin.py:188} INFO - [2024-04-06T00:09:45.977+0000] {dagbag.py:540} INFO - Filling up the DagBag from /home/airflow/.local/lib/python3.8/site-packages/airflow/example_dags/example_latest_only.py
[2024-04-06T00:09:45.983+0000] {processor.py:840} INFO - DAG(s) 'latest_only' retrieved from /home/airflow/.local/lib/python3.8/site-packages/airflow/example_dags/example_latest_only.py
[2024-04-06T00:09:46.003+0000] {logging_mixin.py:188} INFO - [2024-04-06T00:09:46.003+0000] {dag.py:3047} INFO - Sync 1 DAGs
[2024-04-06T00:09:46.027+0000] {logging_mixin.py:188} INFO - [2024-04-06T00:09:46.026+0000] {dag.py:3834} INFO - Setting next_dagrun for latest_only to 2024-04-05 20:00:00+00:00, run_after=2024-04-06 00:00:00+00:00
[2024-04-06T00:09:46.044+0000] {processor.py:183} INFO - Processing /home/airflow/.local/lib/python3.8/site-packages/airflow/example_dags/example_latest_only.py took 0.073 seconds
