[2024-04-06T00:03:08.312+0000] {processor.py:161} INFO - Started process (PID=3484) to work on /home/airflow/.local/lib/python3.8/site-packages/airflow/example_dags/example_external_task_marker_dag.py
[2024-04-06T00:03:08.314+0000] {processor.py:830} INFO - Processing file /home/airflow/.local/lib/python3.8/site-packages/airflow/example_dags/example_external_task_marker_dag.py for tasks to queue
[2024-04-06T00:03:08.318+0000] {logging_mixin.py:188} INFO - [2024-04-06T00:03:08.318+0000] {dagbag.py:540} INFO - Filling up the DagBag from /home/airflow/.local/lib/python3.8/site-packages/airflow/example_dags/example_external_task_marker_dag.py
[2024-04-06T00:03:08.332+0000] {processor.py:840} INFO - DAG(s) 'example_external_task_marker_parent', 'example_external_task_marker_child' retrieved from /home/airflow/.local/lib/python3.8/site-packages/airflow/example_dags/example_external_task_marker_dag.py
[2024-04-06T00:03:08.381+0000] {logging_mixin.py:188} INFO - [2024-04-06T00:03:08.381+0000] {dag.py:3047} INFO - Sync 2 DAGs
[2024-04-06T00:03:08.410+0000] {logging_mixin.py:188} INFO - [2024-04-06T00:03:08.409+0000] {dag.py:3834} INFO - Setting next_dagrun for example_external_task_marker_child to None, run_after=None
[2024-04-06T00:03:08.419+0000] {logging_mixin.py:188} INFO - [2024-04-06T00:03:08.418+0000] {dag.py:3834} INFO - Setting next_dagrun for example_external_task_marker_parent to None, run_after=None
[2024-04-06T00:03:08.454+0000] {processor.py:183} INFO - Processing /home/airflow/.local/lib/python3.8/site-packages/airflow/example_dags/example_external_task_marker_dag.py took 0.149 seconds
[2024-04-06T00:03:39.080+0000] {processor.py:161} INFO - Started process (PID=3539) to work on /home/airflow/.local/lib/python3.8/site-packages/airflow/example_dags/example_external_task_marker_dag.py
[2024-04-06T00:03:39.083+0000] {processor.py:830} INFO - Processing file /home/airflow/.local/lib/python3.8/site-packages/airflow/example_dags/example_external_task_marker_dag.py for tasks to queue
[2024-04-06T00:03:39.088+0000] {logging_mixin.py:188} INFO - [2024-04-06T00:03:39.087+0000] {dagbag.py:540} INFO - Filling up the DagBag from /home/airflow/.local/lib/python3.8/site-packages/airflow/example_dags/example_external_task_marker_dag.py
[2024-04-06T00:03:39.101+0000] {processor.py:840} INFO - DAG(s) 'example_external_task_marker_parent', 'example_external_task_marker_child' retrieved from /home/airflow/.local/lib/python3.8/site-packages/airflow/example_dags/example_external_task_marker_dag.py
[2024-04-06T00:03:39.151+0000] {logging_mixin.py:188} INFO - [2024-04-06T00:03:39.151+0000] {dag.py:3047} INFO - Sync 2 DAGs
[2024-04-06T00:03:39.166+0000] {logging_mixin.py:188} INFO - [2024-04-06T00:03:39.166+0000] {dag.py:3834} INFO - Setting next_dagrun for example_external_task_marker_child to None, run_after=None
[2024-04-06T00:03:39.172+0000] {logging_mixin.py:188} INFO - [2024-04-06T00:03:39.172+0000] {dag.py:3834} INFO - Setting next_dagrun for example_external_task_marker_parent to None, run_after=None
[2024-04-06T00:03:39.203+0000] {processor.py:183} INFO - Processing /home/airflow/.local/lib/python3.8/site-packages/airflow/example_dags/example_external_task_marker_dag.py took 0.127 seconds
[2024-04-06T00:04:09.855+0000] {processor.py:161} INFO - Started process (PID=3594) to work on /home/airflow/.local/lib/python3.8/site-packages/airflow/example_dags/example_external_task_marker_dag.py
[2024-04-06T00:04:09.857+0000] {processor.py:830} INFO - Processing file /home/airflow/.local/lib/python3.8/site-packages/airflow/example_dags/example_external_task_marker_dag.py for tasks to queue
[2024-04-06T00:04:09.860+0000] {logging_mixin.py:188} INFO - [2024-04-06T00:04:09.859+0000] {dagbag.py:540} INFO - Filling up the DagBag from /home/airflow/.local/lib/python3.8/site-packages/airflow/example_dags/example_external_task_marker_dag.py
[2024-04-06T00:04:09.866+0000] {processor.py:840} INFO - DAG(s) 'example_external_task_marker_parent', 'example_external_task_marker_child' retrieved from /home/airflow/.local/lib/python3.8/site-packages/airflow/example_dags/example_external_task_marker_dag.py
[2024-04-06T00:04:09.905+0000] {logging_mixin.py:188} INFO - [2024-04-06T00:04:09.905+0000] {dag.py:3047} INFO - Sync 2 DAGs
[2024-04-06T00:04:09.920+0000] {logging_mixin.py:188} INFO - [2024-04-06T00:04:09.920+0000] {dag.py:3834} INFO - Setting next_dagrun for example_external_task_marker_child to None, run_after=None
[2024-04-06T00:04:09.925+0000] {logging_mixin.py:188} INFO - [2024-04-06T00:04:09.925+0000] {dag.py:3834} INFO - Setting next_dagrun for example_external_task_marker_parent to None, run_after=None
[2024-04-06T00:04:09.986+0000] {processor.py:183} INFO - Processing /home/airflow/.local/lib/python3.8/site-packages/airflow/example_dags/example_external_task_marker_dag.py took 0.135 seconds
[2024-04-06T00:04:40.513+0000] {processor.py:161} INFO - Started process (PID=3649) to work on /home/airflow/.local/lib/python3.8/site-packages/airflow/example_dags/example_external_task_marker_dag.py
[2024-04-06T00:04:40.515+0000] {processor.py:830} INFO - Processing file /home/airflow/.local/lib/python3.8/site-packages/airflow/example_dags/example_external_task_marker_dag.py for tasks to queue
[2024-04-06T00:04:40.517+0000] {logging_mixin.py:188} INFO - [2024-04-06T00:04:40.517+0000] {dagbag.py:540} INFO - Filling up the DagBag from /home/airflow/.local/lib/python3.8/site-packages/airflow/example_dags/example_external_task_marker_dag.py
[2024-04-06T00:04:40.524+0000] {processor.py:840} INFO - DAG(s) 'example_external_task_marker_parent', 'example_external_task_marker_child' retrieved from /home/airflow/.local/lib/python3.8/site-packages/airflow/example_dags/example_external_task_marker_dag.py
[2024-04-06T00:04:40.553+0000] {logging_mixin.py:188} INFO - [2024-04-06T00:04:40.553+0000] {dag.py:3047} INFO - Sync 2 DAGs
[2024-04-06T00:04:40.568+0000] {logging_mixin.py:188} INFO - [2024-04-06T00:04:40.568+0000] {dag.py:3834} INFO - Setting next_dagrun for example_external_task_marker_child to None, run_after=None
[2024-04-06T00:04:40.572+0000] {logging_mixin.py:188} INFO - [2024-04-06T00:04:40.572+0000] {dag.py:3834} INFO - Setting next_dagrun for example_external_task_marker_parent to None, run_after=None
[2024-04-06T00:04:40.592+0000] {processor.py:183} INFO - Processing /home/airflow/.local/lib/python3.8/site-packages/airflow/example_dags/example_external_task_marker_dag.py took 0.084 seconds
[2024-04-06T00:05:10.870+0000] {processor.py:161} INFO - Started process (PID=3704) to work on /home/airflow/.local/lib/python3.8/site-packages/airflow/example_dags/example_external_task_marker_dag.py
[2024-04-06T00:05:10.871+0000] {processor.py:830} INFO - Processing file /home/airflow/.local/lib/python3.8/site-packages/airflow/example_dags/example_external_task_marker_dag.py for tasks to queue
[2024-04-06T00:05:10.873+0000] {logging_mixin.py:188} INFO - [2024-04-06T00:05:10.873+0000] {dagbag.py:540} INFO - Filling up the DagBag from /home/airflow/.local/lib/python3.8/site-packages/airflow/example_dags/example_external_task_marker_dag.py
[2024-04-06T00:05:10.880+0000] {processor.py:840} INFO - DAG(s) 'example_external_task_marker_parent', 'example_external_task_marker_child' retrieved from /home/airflow/.local/lib/python3.8/site-packages/airflow/example_dags/example_external_task_marker_dag.py
[2024-04-06T00:05:10.905+0000] {logging_mixin.py:188} INFO - [2024-04-06T00:05:10.905+0000] {dag.py:3047} INFO - Sync 2 DAGs
[2024-04-06T00:05:10.917+0000] {logging_mixin.py:188} INFO - [2024-04-06T00:05:10.917+0000] {dag.py:3834} INFO - Setting next_dagrun for example_external_task_marker_child to None, run_after=None
[2024-04-06T00:05:10.922+0000] {logging_mixin.py:188} INFO - [2024-04-06T00:05:10.922+0000] {dag.py:3834} INFO - Setting next_dagrun for example_external_task_marker_parent to None, run_after=None
[2024-04-06T00:05:10.938+0000] {processor.py:183} INFO - Processing /home/airflow/.local/lib/python3.8/site-packages/airflow/example_dags/example_external_task_marker_dag.py took 0.072 seconds
[2024-04-06T00:05:41.068+0000] {processor.py:161} INFO - Started process (PID=3759) to work on /home/airflow/.local/lib/python3.8/site-packages/airflow/example_dags/example_external_task_marker_dag.py
[2024-04-06T00:05:41.070+0000] {processor.py:830} INFO - Processing file /home/airflow/.local/lib/python3.8/site-packages/airflow/example_dags/example_external_task_marker_dag.py for tasks to queue
[2024-04-06T00:05:41.072+0000] {logging_mixin.py:188} INFO - [2024-04-06T00:05:41.072+0000] {dagbag.py:540} INFO - Filling up the DagBag from /home/airflow/.local/lib/python3.8/site-packages/airflow/example_dags/example_external_task_marker_dag.py
[2024-04-06T00:05:41.078+0000] {processor.py:840} INFO - DAG(s) 'example_external_task_marker_child', 'example_external_task_marker_parent' retrieved from /home/airflow/.local/lib/python3.8/site-packages/airflow/example_dags/example_external_task_marker_dag.py
[2024-04-06T00:05:41.104+0000] {logging_mixin.py:188} INFO - [2024-04-06T00:05:41.104+0000] {dag.py:3047} INFO - Sync 2 DAGs
[2024-04-06T00:05:41.116+0000] {logging_mixin.py:188} INFO - [2024-04-06T00:05:41.116+0000] {dag.py:3834} INFO - Setting next_dagrun for example_external_task_marker_child to None, run_after=None
[2024-04-06T00:05:41.120+0000] {logging_mixin.py:188} INFO - [2024-04-06T00:05:41.120+0000] {dag.py:3834} INFO - Setting next_dagrun for example_external_task_marker_parent to None, run_after=None
[2024-04-06T00:05:41.139+0000] {processor.py:183} INFO - Processing /home/airflow/.local/lib/python3.8/site-packages/airflow/example_dags/example_external_task_marker_dag.py took 0.075 seconds
[2024-04-06T00:06:11.716+0000] {processor.py:161} INFO - Started process (PID=3814) to work on /home/airflow/.local/lib/python3.8/site-packages/airflow/example_dags/example_external_task_marker_dag.py
[2024-04-06T00:06:11.717+0000] {processor.py:830} INFO - Processing file /home/airflow/.local/lib/python3.8/site-packages/airflow/example_dags/example_external_task_marker_dag.py for tasks to queue
[2024-04-06T00:06:11.719+0000] {logging_mixin.py:188} INFO - [2024-04-06T00:06:11.719+0000] {dagbag.py:540} INFO - Filling up the DagBag from /home/airflow/.local/lib/python3.8/site-packages/airflow/example_dags/example_external_task_marker_dag.py
[2024-04-06T00:06:11.727+0000] {processor.py:840} INFO - DAG(s) 'example_external_task_marker_parent', 'example_external_task_marker_child' retrieved from /home/airflow/.local/lib/python3.8/site-packages/airflow/example_dags/example_external_task_marker_dag.py
[2024-04-06T00:06:11.757+0000] {logging_mixin.py:188} INFO - [2024-04-06T00:06:11.757+0000] {dag.py:3047} INFO - Sync 2 DAGs
[2024-04-06T00:06:11.770+0000] {logging_mixin.py:188} INFO - [2024-04-06T00:06:11.769+0000] {dag.py:3834} INFO - Setting next_dagrun for example_external_task_marker_child to None, run_after=None
[2024-04-06T00:06:11.774+0000] {logging_mixin.py:188} INFO - [2024-04-06T00:06:11.774+0000] {dag.py:3834} INFO - Setting next_dagrun for example_external_task_marker_parent to None, run_after=None
[2024-04-06T00:06:11.792+0000] {processor.py:183} INFO - Processing /home/airflow/.local/lib/python3.8/site-packages/airflow/example_dags/example_external_task_marker_dag.py took 0.080 seconds
[2024-04-06T00:06:42.274+0000] {processor.py:161} INFO - Started process (PID=3869) to work on /home/airflow/.local/lib/python3.8/site-packages/airflow/example_dags/example_external_task_marker_dag.py
[2024-04-06T00:06:42.275+0000] {processor.py:830} INFO - Processing file /home/airflow/.local/lib/python3.8/site-packages/airflow/example_dags/example_external_task_marker_dag.py for tasks to queue
[2024-04-06T00:06:42.277+0000] {logging_mixin.py:188} INFO - [2024-04-06T00:06:42.277+0000] {dagbag.py:540} INFO - Filling up the DagBag from /home/airflow/.local/lib/python3.8/site-packages/airflow/example_dags/example_external_task_marker_dag.py
[2024-04-06T00:06:42.284+0000] {processor.py:840} INFO - DAG(s) 'example_external_task_marker_parent', 'example_external_task_marker_child' retrieved from /home/airflow/.local/lib/python3.8/site-packages/airflow/example_dags/example_external_task_marker_dag.py
[2024-04-06T00:06:42.310+0000] {logging_mixin.py:188} INFO - [2024-04-06T00:06:42.310+0000] {dag.py:3047} INFO - Sync 2 DAGs
[2024-04-06T00:06:42.325+0000] {logging_mixin.py:188} INFO - [2024-04-06T00:06:42.325+0000] {dag.py:3834} INFO - Setting next_dagrun for example_external_task_marker_child to None, run_after=None
[2024-04-06T00:06:42.330+0000] {logging_mixin.py:188} INFO - [2024-04-06T00:06:42.330+0000] {dag.py:3834} INFO - Setting next_dagrun for example_external_task_marker_parent to None, run_after=None
[2024-04-06T00:06:42.349+0000] {processor.py:183} INFO - Processing /home/airflow/.local/lib/python3.8/site-packages/airflow/example_dags/example_external_task_marker_dag.py took 0.078 seconds
[2024-04-06T00:07:13.211+0000] {processor.py:161} INFO - Started process (PID=3924) to work on /home/airflow/.local/lib/python3.8/site-packages/airflow/example_dags/example_external_task_marker_dag.py
[2024-04-06T00:07:13.213+0000] {processor.py:830} INFO - Processing file /home/airflow/.local/lib/python3.8/site-packages/airflow/example_dags/example_external_task_marker_dag.py for tasks to queue
[2024-04-06T00:07:13.215+0000] {logging_mixin.py:188} INFO - [2024-04-06T00:07:13.215+0000] {dagbag.py:540} INFO - Filling up the DagBag from /home/airflow/.local/lib/python3.8/site-packages/airflow/example_dags/example_external_task_marker_dag.py
[2024-04-06T00:07:13.221+0000] {processor.py:840} INFO - DAG(s) 'example_external_task_marker_parent', 'example_external_task_marker_child' retrieved from /home/airflow/.local/lib/python3.8/site-packages/airflow/example_dags/example_external_task_marker_dag.py
[2024-04-06T00:07:13.250+0000] {logging_mixin.py:188} INFO - [2024-04-06T00:07:13.250+0000] {dag.py:3047} INFO - Sync 2 DAGs
[2024-04-06T00:07:13.265+0000] {logging_mixin.py:188} INFO - [2024-04-06T00:07:13.265+0000] {dag.py:3834} INFO - Setting next_dagrun for example_external_task_marker_child to None, run_after=None
[2024-04-06T00:07:13.269+0000] {logging_mixin.py:188} INFO - [2024-04-06T00:07:13.269+0000] {dag.py:3834} INFO - Setting next_dagrun for example_external_task_marker_parent to None, run_after=None
[2024-04-06T00:07:13.287+0000] {processor.py:183} INFO - Processing /home/airflow/.local/lib/python3.8/site-packages/airflow/example_dags/example_external_task_marker_dag.py took 0.079 seconds
[2024-04-06T00:07:43.578+0000] {processor.py:161} INFO - Started process (PID=3979) to work on /home/airflow/.local/lib/python3.8/site-packages/airflow/example_dags/example_external_task_marker_dag.py
[2024-04-06T00:07:43.579+0000] {processor.py:830} INFO - Processing file /home/airflow/.local/lib/python3.8/site-packages/airflow/example_dags/example_external_task_marker_dag.py for tasks to queue
[2024-04-06T00:07:43.581+0000] {logging_mixin.py:188} INFO - [2024-04-06T00:07:43.581+0000] {dagbag.py:540} INFO - Filling up the DagBag from /home/airflow/.local/lib/python3.8/site-packages/airflow/example_dags/example_external_task_marker_dag.py
[2024-04-06T00:07:43.588+0000] {processor.py:840} INFO - DAG(s) 'example_external_task_marker_child', 'example_external_task_marker_parent' retrieved from /home/airflow/.local/lib/python3.8/site-packages/airflow/example_dags/example_external_task_marker_dag.py
[2024-04-06T00:07:43.614+0000] {logging_mixin.py:188} INFO - [2024-04-06T00:07:43.614+0000] {dag.py:3047} INFO - Sync 2 DAGs
[2024-04-06T00:07:43.629+0000] {logging_mixin.py:188} INFO - [2024-04-06T00:07:43.629+0000] {dag.py:3834} INFO - Setting next_dagrun for example_external_task_marker_child to None, run_after=None
[2024-04-06T00:07:43.633+0000] {logging_mixin.py:188} INFO - [2024-04-06T00:07:43.633+0000] {dag.py:3834} INFO - Setting next_dagrun for example_external_task_marker_parent to None, run_after=None
[2024-04-06T00:07:43.649+0000] {processor.py:183} INFO - Processing /home/airflow/.local/lib/python3.8/site-packages/airflow/example_dags/example_external_task_marker_dag.py took 0.075 seconds
[2024-04-06T00:08:14.138+0000] {processor.py:161} INFO - Started process (PID=4034) to work on /home/airflow/.local/lib/python3.8/site-packages/airflow/example_dags/example_external_task_marker_dag.py
[2024-04-06T00:08:14.139+0000] {processor.py:830} INFO - Processing file /home/airflow/.local/lib/python3.8/site-packages/airflow/example_dags/example_external_task_marker_dag.py for tasks to queue
[2024-04-06T00:08:14.141+0000] {logging_mixin.py:188} INFO - [2024-04-06T00:08:14.141+0000] {dagbag.py:540} INFO - Filling up the DagBag from /home/airflow/.local/lib/python3.8/site-packages/airflow/example_dags/example_external_task_marker_dag.py
[2024-04-06T00:08:14.148+0000] {processor.py:840} INFO - DAG(s) 'example_external_task_marker_child', 'example_external_task_marker_parent' retrieved from /home/airflow/.local/lib/python3.8/site-packages/airflow/example_dags/example_external_task_marker_dag.py
[2024-04-06T00:08:14.173+0000] {logging_mixin.py:188} INFO - [2024-04-06T00:08:14.173+0000] {dag.py:3047} INFO - Sync 2 DAGs
[2024-04-06T00:08:14.185+0000] {logging_mixin.py:188} INFO - [2024-04-06T00:08:14.185+0000] {dag.py:3834} INFO - Setting next_dagrun for example_external_task_marker_child to None, run_after=None
[2024-04-06T00:08:14.190+0000] {logging_mixin.py:188} INFO - [2024-04-06T00:08:14.189+0000] {dag.py:3834} INFO - Setting next_dagrun for example_external_task_marker_parent to None, run_after=None
[2024-04-06T00:08:14.206+0000] {processor.py:183} INFO - Processing /home/airflow/.local/lib/python3.8/site-packages/airflow/example_dags/example_external_task_marker_dag.py took 0.072 seconds
[2024-04-06T00:08:44.686+0000] {processor.py:161} INFO - Started process (PID=4089) to work on /home/airflow/.local/lib/python3.8/site-packages/airflow/example_dags/example_external_task_marker_dag.py
[2024-04-06T00:08:44.687+0000] {processor.py:830} INFO - Processing file /home/airflow/.local/lib/python3.8/site-packages/airflow/example_dags/example_external_task_marker_dag.py for tasks to queue
[2024-04-06T00:08:44.690+0000] {logging_mixin.py:188} INFO - [2024-04-06T00:08:44.689+0000] {dagbag.py:540} INFO - Filling up the DagBag from /home/airflow/.local/lib/python3.8/site-packages/airflow/example_dags/example_external_task_marker_dag.py
[2024-04-06T00:08:44.698+0000] {processor.py:840} INFO - DAG(s) 'example_external_task_marker_child', 'example_external_task_marker_parent' retrieved from /home/airflow/.local/lib/python3.8/site-packages/airflow/example_dags/example_external_task_marker_dag.py
[2024-04-06T00:08:44.726+0000] {logging_mixin.py:188} INFO - [2024-04-06T00:08:44.726+0000] {dag.py:3047} INFO - Sync 2 DAGs
[2024-04-06T00:08:44.740+0000] {logging_mixin.py:188} INFO - [2024-04-06T00:08:44.739+0000] {dag.py:3834} INFO - Setting next_dagrun for example_external_task_marker_child to None, run_after=None
[2024-04-06T00:08:44.744+0000] {logging_mixin.py:188} INFO - [2024-04-06T00:08:44.744+0000] {dag.py:3834} INFO - Setting next_dagrun for example_external_task_marker_parent to None, run_after=None
[2024-04-06T00:08:44.764+0000] {processor.py:183} INFO - Processing /home/airflow/.local/lib/python3.8/site-packages/airflow/example_dags/example_external_task_marker_dag.py took 0.081 seconds
[2024-04-06T00:09:15.264+0000] {processor.py:161} INFO - Started process (PID=4144) to work on /home/airflow/.local/lib/python3.8/site-packages/airflow/example_dags/example_external_task_marker_dag.py
[2024-04-06T00:09:15.266+0000] {processor.py:830} INFO - Processing file /home/airflow/.local/lib/python3.8/site-packages/airflow/example_dags/example_external_task_marker_dag.py for tasks to queue
[2024-04-06T00:09:15.268+0000] {logging_mixin.py:188} INFO - [2024-04-06T00:09:15.267+0000] {dagbag.py:540} INFO - Filling up the DagBag from /home/airflow/.local/lib/python3.8/site-packages/airflow/example_dags/example_external_task_marker_dag.py
[2024-04-06T00:09:15.273+0000] {processor.py:840} INFO - DAG(s) 'example_external_task_marker_parent', 'example_external_task_marker_child' retrieved from /home/airflow/.local/lib/python3.8/site-packages/airflow/example_dags/example_external_task_marker_dag.py
[2024-04-06T00:09:15.300+0000] {logging_mixin.py:188} INFO - [2024-04-06T00:09:15.300+0000] {dag.py:3047} INFO - Sync 2 DAGs
[2024-04-06T00:09:15.313+0000] {logging_mixin.py:188} INFO - [2024-04-06T00:09:15.313+0000] {dag.py:3834} INFO - Setting next_dagrun for example_external_task_marker_child to None, run_after=None
[2024-04-06T00:09:15.317+0000] {logging_mixin.py:188} INFO - [2024-04-06T00:09:15.317+0000] {dag.py:3834} INFO - Setting next_dagrun for example_external_task_marker_parent to None, run_after=None
[2024-04-06T00:09:15.333+0000] {processor.py:183} INFO - Processing /home/airflow/.local/lib/python3.8/site-packages/airflow/example_dags/example_external_task_marker_dag.py took 0.073 seconds
[2024-04-06T00:09:45.868+0000] {processor.py:161} INFO - Started process (PID=4199) to work on /home/airflow/.local/lib/python3.8/site-packages/airflow/example_dags/example_external_task_marker_dag.py
[2024-04-06T00:09:45.870+0000] {processor.py:830} INFO - Processing file /home/airflow/.local/lib/python3.8/site-packages/airflow/example_dags/example_external_task_marker_dag.py for tasks to queue
[2024-04-06T00:09:45.872+0000] {logging_mixin.py:188} INFO - [2024-04-06T00:09:45.872+0000] {dagbag.py:540} INFO - Filling up the DagBag from /home/airflow/.local/lib/python3.8/site-packages/airflow/example_dags/example_external_task_marker_dag.py
[2024-04-06T00:09:45.879+0000] {processor.py:840} INFO - DAG(s) 'example_external_task_marker_child', 'example_external_task_marker_parent' retrieved from /home/airflow/.local/lib/python3.8/site-packages/airflow/example_dags/example_external_task_marker_dag.py
[2024-04-06T00:09:45.906+0000] {logging_mixin.py:188} INFO - [2024-04-06T00:09:45.905+0000] {dag.py:3047} INFO - Sync 2 DAGs
[2024-04-06T00:09:45.920+0000] {logging_mixin.py:188} INFO - [2024-04-06T00:09:45.920+0000] {dag.py:3834} INFO - Setting next_dagrun for example_external_task_marker_child to None, run_after=None
[2024-04-06T00:09:45.924+0000] {logging_mixin.py:188} INFO - [2024-04-06T00:09:45.924+0000] {dag.py:3834} INFO - Setting next_dagrun for example_external_task_marker_parent to None, run_after=None
[2024-04-06T00:09:45.942+0000] {processor.py:183} INFO - Processing /home/airflow/.local/lib/python3.8/site-packages/airflow/example_dags/example_external_task_marker_dag.py took 0.079 seconds
