[2024-04-06T00:03:09.965+0000] {processor.py:161} INFO - Started process (PID=3499) to work on /home/airflow/.local/lib/python3.8/site-packages/airflow/example_dags/example_task_group_decorator.py
[2024-04-06T00:03:09.967+0000] {processor.py:830} INFO - Processing file /home/airflow/.local/lib/python3.8/site-packages/airflow/example_dags/example_task_group_decorator.py for tasks to queue
[2024-04-06T00:03:09.972+0000] {logging_mixin.py:188} INFO - [2024-04-06T00:03:09.971+0000] {dagbag.py:540} INFO - Filling up the DagBag from /home/airflow/.local/lib/python3.8/site-packages/airflow/example_dags/example_task_group_decorator.py
[2024-04-06T00:03:10.007+0000] {processor.py:840} INFO - DAG(s) 'example_task_group_decorator' retrieved from /home/airflow/.local/lib/python3.8/site-packages/airflow/example_dags/example_task_group_decorator.py
[2024-04-06T00:03:10.051+0000] {logging_mixin.py:188} INFO - [2024-04-06T00:03:10.050+0000] {dag.py:3047} INFO - Sync 1 DAGs
[2024-04-06T00:03:10.092+0000] {logging_mixin.py:188} INFO - [2024-04-06T00:03:10.091+0000] {dag.py:3834} INFO - Setting next_dagrun for example_task_group_decorator to 2024-04-05 00:00:00+00:00, run_after=2024-04-06 00:00:00+00:00
[2024-04-06T00:03:10.124+0000] {processor.py:183} INFO - Processing /home/airflow/.local/lib/python3.8/site-packages/airflow/example_dags/example_task_group_decorator.py took 0.169 seconds
[2024-04-06T00:03:41.077+0000] {processor.py:161} INFO - Started process (PID=3554) to work on /home/airflow/.local/lib/python3.8/site-packages/airflow/example_dags/example_task_group_decorator.py
[2024-04-06T00:03:41.079+0000] {processor.py:830} INFO - Processing file /home/airflow/.local/lib/python3.8/site-packages/airflow/example_dags/example_task_group_decorator.py for tasks to queue
[2024-04-06T00:03:41.082+0000] {logging_mixin.py:188} INFO - [2024-04-06T00:03:41.082+0000] {dagbag.py:540} INFO - Filling up the DagBag from /home/airflow/.local/lib/python3.8/site-packages/airflow/example_dags/example_task_group_decorator.py
[2024-04-06T00:03:41.097+0000] {processor.py:840} INFO - DAG(s) 'example_task_group_decorator' retrieved from /home/airflow/.local/lib/python3.8/site-packages/airflow/example_dags/example_task_group_decorator.py
[2024-04-06T00:03:41.131+0000] {logging_mixin.py:188} INFO - [2024-04-06T00:03:41.131+0000] {dag.py:3047} INFO - Sync 1 DAGs
[2024-04-06T00:03:41.154+0000] {logging_mixin.py:188} INFO - [2024-04-06T00:03:41.154+0000] {dag.py:3834} INFO - Setting next_dagrun for example_task_group_decorator to 2024-04-05 00:00:00+00:00, run_after=2024-04-06 00:00:00+00:00
[2024-04-06T00:03:41.205+0000] {processor.py:183} INFO - Processing /home/airflow/.local/lib/python3.8/site-packages/airflow/example_dags/example_task_group_decorator.py took 0.131 seconds
[2024-04-06T00:04:11.976+0000] {processor.py:161} INFO - Started process (PID=3609) to work on /home/airflow/.local/lib/python3.8/site-packages/airflow/example_dags/example_task_group_decorator.py
[2024-04-06T00:04:11.978+0000] {processor.py:830} INFO - Processing file /home/airflow/.local/lib/python3.8/site-packages/airflow/example_dags/example_task_group_decorator.py for tasks to queue
[2024-04-06T00:04:11.982+0000] {logging_mixin.py:188} INFO - [2024-04-06T00:04:11.981+0000] {dagbag.py:540} INFO - Filling up the DagBag from /home/airflow/.local/lib/python3.8/site-packages/airflow/example_dags/example_task_group_decorator.py
[2024-04-06T00:04:12.000+0000] {processor.py:840} INFO - DAG(s) 'example_task_group_decorator' retrieved from /home/airflow/.local/lib/python3.8/site-packages/airflow/example_dags/example_task_group_decorator.py
[2024-04-06T00:04:12.034+0000] {logging_mixin.py:188} INFO - [2024-04-06T00:04:12.033+0000] {dag.py:3047} INFO - Sync 1 DAGs
[2024-04-06T00:04:12.059+0000] {logging_mixin.py:188} INFO - [2024-04-06T00:04:12.059+0000] {dag.py:3834} INFO - Setting next_dagrun for example_task_group_decorator to 2024-04-05 00:00:00+00:00, run_after=2024-04-06 00:00:00+00:00
[2024-04-06T00:04:12.087+0000] {processor.py:183} INFO - Processing /home/airflow/.local/lib/python3.8/site-packages/airflow/example_dags/example_task_group_decorator.py took 0.115 seconds
[2024-04-06T00:04:42.689+0000] {processor.py:161} INFO - Started process (PID=3664) to work on /home/airflow/.local/lib/python3.8/site-packages/airflow/example_dags/example_task_group_decorator.py
[2024-04-06T00:04:42.691+0000] {processor.py:830} INFO - Processing file /home/airflow/.local/lib/python3.8/site-packages/airflow/example_dags/example_task_group_decorator.py for tasks to queue
[2024-04-06T00:04:42.693+0000] {logging_mixin.py:188} INFO - [2024-04-06T00:04:42.693+0000] {dagbag.py:540} INFO - Filling up the DagBag from /home/airflow/.local/lib/python3.8/site-packages/airflow/example_dags/example_task_group_decorator.py
[2024-04-06T00:04:42.706+0000] {processor.py:840} INFO - DAG(s) 'example_task_group_decorator' retrieved from /home/airflow/.local/lib/python3.8/site-packages/airflow/example_dags/example_task_group_decorator.py
[2024-04-06T00:04:42.732+0000] {logging_mixin.py:188} INFO - [2024-04-06T00:04:42.732+0000] {dag.py:3047} INFO - Sync 1 DAGs
[2024-04-06T00:04:42.754+0000] {logging_mixin.py:188} INFO - [2024-04-06T00:04:42.754+0000] {dag.py:3834} INFO - Setting next_dagrun for example_task_group_decorator to 2024-04-05 00:00:00+00:00, run_after=2024-04-06 00:00:00+00:00
[2024-04-06T00:04:42.773+0000] {processor.py:183} INFO - Processing /home/airflow/.local/lib/python3.8/site-packages/airflow/example_dags/example_task_group_decorator.py took 0.088 seconds
[2024-04-06T00:05:13.200+0000] {processor.py:161} INFO - Started process (PID=3719) to work on /home/airflow/.local/lib/python3.8/site-packages/airflow/example_dags/example_task_group_decorator.py
[2024-04-06T00:05:13.202+0000] {processor.py:830} INFO - Processing file /home/airflow/.local/lib/python3.8/site-packages/airflow/example_dags/example_task_group_decorator.py for tasks to queue
[2024-04-06T00:05:13.204+0000] {logging_mixin.py:188} INFO - [2024-04-06T00:05:13.204+0000] {dagbag.py:540} INFO - Filling up the DagBag from /home/airflow/.local/lib/python3.8/site-packages/airflow/example_dags/example_task_group_decorator.py
[2024-04-06T00:05:13.217+0000] {processor.py:840} INFO - DAG(s) 'example_task_group_decorator' retrieved from /home/airflow/.local/lib/python3.8/site-packages/airflow/example_dags/example_task_group_decorator.py
[2024-04-06T00:05:13.243+0000] {logging_mixin.py:188} INFO - [2024-04-06T00:05:13.243+0000] {dag.py:3047} INFO - Sync 1 DAGs
[2024-04-06T00:05:13.263+0000] {logging_mixin.py:188} INFO - [2024-04-06T00:05:13.263+0000] {dag.py:3834} INFO - Setting next_dagrun for example_task_group_decorator to 2024-04-05 00:00:00+00:00, run_after=2024-04-06 00:00:00+00:00
[2024-04-06T00:05:13.306+0000] {processor.py:183} INFO - Processing /home/airflow/.local/lib/python3.8/site-packages/airflow/example_dags/example_task_group_decorator.py took 0.108 seconds
[2024-04-06T00:05:43.412+0000] {processor.py:161} INFO - Started process (PID=3774) to work on /home/airflow/.local/lib/python3.8/site-packages/airflow/example_dags/example_task_group_decorator.py
[2024-04-06T00:05:43.413+0000] {processor.py:830} INFO - Processing file /home/airflow/.local/lib/python3.8/site-packages/airflow/example_dags/example_task_group_decorator.py for tasks to queue
[2024-04-06T00:05:43.416+0000] {logging_mixin.py:188} INFO - [2024-04-06T00:05:43.415+0000] {dagbag.py:540} INFO - Filling up the DagBag from /home/airflow/.local/lib/python3.8/site-packages/airflow/example_dags/example_task_group_decorator.py
[2024-04-06T00:05:43.428+0000] {processor.py:840} INFO - DAG(s) 'example_task_group_decorator' retrieved from /home/airflow/.local/lib/python3.8/site-packages/airflow/example_dags/example_task_group_decorator.py
[2024-04-06T00:05:43.454+0000] {logging_mixin.py:188} INFO - [2024-04-06T00:05:43.454+0000] {dag.py:3047} INFO - Sync 1 DAGs
[2024-04-06T00:05:43.475+0000] {logging_mixin.py:188} INFO - [2024-04-06T00:05:43.475+0000] {dag.py:3834} INFO - Setting next_dagrun for example_task_group_decorator to 2024-04-05 00:00:00+00:00, run_after=2024-04-06 00:00:00+00:00
[2024-04-06T00:05:43.497+0000] {processor.py:183} INFO - Processing /home/airflow/.local/lib/python3.8/site-packages/airflow/example_dags/example_task_group_decorator.py took 0.088 seconds
[2024-04-06T00:06:13.906+0000] {processor.py:161} INFO - Started process (PID=3829) to work on /home/airflow/.local/lib/python3.8/site-packages/airflow/example_dags/example_task_group_decorator.py
[2024-04-06T00:06:13.908+0000] {processor.py:830} INFO - Processing file /home/airflow/.local/lib/python3.8/site-packages/airflow/example_dags/example_task_group_decorator.py for tasks to queue
[2024-04-06T00:06:13.911+0000] {logging_mixin.py:188} INFO - [2024-04-06T00:06:13.911+0000] {dagbag.py:540} INFO - Filling up the DagBag from /home/airflow/.local/lib/python3.8/site-packages/airflow/example_dags/example_task_group_decorator.py
[2024-04-06T00:06:13.929+0000] {processor.py:840} INFO - DAG(s) 'example_task_group_decorator' retrieved from /home/airflow/.local/lib/python3.8/site-packages/airflow/example_dags/example_task_group_decorator.py
[2024-04-06T00:06:13.961+0000] {logging_mixin.py:188} INFO - [2024-04-06T00:06:13.961+0000] {dag.py:3047} INFO - Sync 1 DAGs
[2024-04-06T00:06:13.992+0000] {logging_mixin.py:188} INFO - [2024-04-06T00:06:13.992+0000] {dag.py:3834} INFO - Setting next_dagrun for example_task_group_decorator to 2024-04-05 00:00:00+00:00, run_after=2024-04-06 00:00:00+00:00
[2024-04-06T00:06:14.018+0000] {processor.py:183} INFO - Processing /home/airflow/.local/lib/python3.8/site-packages/airflow/example_dags/example_task_group_decorator.py took 0.117 seconds
[2024-04-06T00:06:44.343+0000] {processor.py:161} INFO - Started process (PID=3884) to work on /home/airflow/.local/lib/python3.8/site-packages/airflow/example_dags/example_task_group_decorator.py
[2024-04-06T00:06:44.344+0000] {processor.py:830} INFO - Processing file /home/airflow/.local/lib/python3.8/site-packages/airflow/example_dags/example_task_group_decorator.py for tasks to queue
[2024-04-06T00:06:44.347+0000] {logging_mixin.py:188} INFO - [2024-04-06T00:06:44.347+0000] {dagbag.py:540} INFO - Filling up the DagBag from /home/airflow/.local/lib/python3.8/site-packages/airflow/example_dags/example_task_group_decorator.py
[2024-04-06T00:06:44.362+0000] {processor.py:840} INFO - DAG(s) 'example_task_group_decorator' retrieved from /home/airflow/.local/lib/python3.8/site-packages/airflow/example_dags/example_task_group_decorator.py
[2024-04-06T00:06:44.388+0000] {logging_mixin.py:188} INFO - [2024-04-06T00:06:44.387+0000] {dag.py:3047} INFO - Sync 1 DAGs
[2024-04-06T00:06:44.409+0000] {logging_mixin.py:188} INFO - [2024-04-06T00:06:44.409+0000] {dag.py:3834} INFO - Setting next_dagrun for example_task_group_decorator to 2024-04-05 00:00:00+00:00, run_after=2024-04-06 00:00:00+00:00
[2024-04-06T00:06:44.429+0000] {processor.py:183} INFO - Processing /home/airflow/.local/lib/python3.8/site-packages/airflow/example_dags/example_task_group_decorator.py took 0.089 seconds
[2024-04-06T00:07:15.509+0000] {processor.py:161} INFO - Started process (PID=3939) to work on /home/airflow/.local/lib/python3.8/site-packages/airflow/example_dags/example_task_group_decorator.py
[2024-04-06T00:07:15.511+0000] {processor.py:830} INFO - Processing file /home/airflow/.local/lib/python3.8/site-packages/airflow/example_dags/example_task_group_decorator.py for tasks to queue
[2024-04-06T00:07:15.514+0000] {logging_mixin.py:188} INFO - [2024-04-06T00:07:15.513+0000] {dagbag.py:540} INFO - Filling up the DagBag from /home/airflow/.local/lib/python3.8/site-packages/airflow/example_dags/example_task_group_decorator.py
[2024-04-06T00:07:15.527+0000] {processor.py:840} INFO - DAG(s) 'example_task_group_decorator' retrieved from /home/airflow/.local/lib/python3.8/site-packages/airflow/example_dags/example_task_group_decorator.py
[2024-04-06T00:07:15.554+0000] {logging_mixin.py:188} INFO - [2024-04-06T00:07:15.554+0000] {dag.py:3047} INFO - Sync 1 DAGs
[2024-04-06T00:07:15.577+0000] {logging_mixin.py:188} INFO - [2024-04-06T00:07:15.576+0000] {dag.py:3834} INFO - Setting next_dagrun for example_task_group_decorator to 2024-04-05 00:00:00+00:00, run_after=2024-04-06 00:00:00+00:00
[2024-04-06T00:07:15.633+0000] {processor.py:183} INFO - Processing /home/airflow/.local/lib/python3.8/site-packages/airflow/example_dags/example_task_group_decorator.py took 0.128 seconds
[2024-04-06T00:07:46.514+0000] {processor.py:161} INFO - Started process (PID=3994) to work on /home/airflow/.local/lib/python3.8/site-packages/airflow/example_dags/example_task_group_decorator.py
[2024-04-06T00:07:46.516+0000] {processor.py:830} INFO - Processing file /home/airflow/.local/lib/python3.8/site-packages/airflow/example_dags/example_task_group_decorator.py for tasks to queue
[2024-04-06T00:07:46.519+0000] {logging_mixin.py:188} INFO - [2024-04-06T00:07:46.519+0000] {dagbag.py:540} INFO - Filling up the DagBag from /home/airflow/.local/lib/python3.8/site-packages/airflow/example_dags/example_task_group_decorator.py
[2024-04-06T00:07:46.534+0000] {processor.py:840} INFO - DAG(s) 'example_task_group_decorator' retrieved from /home/airflow/.local/lib/python3.8/site-packages/airflow/example_dags/example_task_group_decorator.py
[2024-04-06T00:07:46.560+0000] {logging_mixin.py:188} INFO - [2024-04-06T00:07:46.560+0000] {dag.py:3047} INFO - Sync 1 DAGs
[2024-04-06T00:07:46.581+0000] {logging_mixin.py:188} INFO - [2024-04-06T00:07:46.581+0000] {dag.py:3834} INFO - Setting next_dagrun for example_task_group_decorator to 2024-04-05 00:00:00+00:00, run_after=2024-04-06 00:00:00+00:00
[2024-04-06T00:07:46.637+0000] {processor.py:183} INFO - Processing /home/airflow/.local/lib/python3.8/site-packages/airflow/example_dags/example_task_group_decorator.py took 0.126 seconds
[2024-04-06T00:08:17.050+0000] {processor.py:161} INFO - Started process (PID=4049) to work on /home/airflow/.local/lib/python3.8/site-packages/airflow/example_dags/example_task_group_decorator.py
[2024-04-06T00:08:17.051+0000] {processor.py:830} INFO - Processing file /home/airflow/.local/lib/python3.8/site-packages/airflow/example_dags/example_task_group_decorator.py for tasks to queue
[2024-04-06T00:08:17.054+0000] {logging_mixin.py:188} INFO - [2024-04-06T00:08:17.054+0000] {dagbag.py:540} INFO - Filling up the DagBag from /home/airflow/.local/lib/python3.8/site-packages/airflow/example_dags/example_task_group_decorator.py
[2024-04-06T00:08:17.070+0000] {processor.py:840} INFO - DAG(s) 'example_task_group_decorator' retrieved from /home/airflow/.local/lib/python3.8/site-packages/airflow/example_dags/example_task_group_decorator.py
[2024-04-06T00:08:17.103+0000] {logging_mixin.py:188} INFO - [2024-04-06T00:08:17.102+0000] {dag.py:3047} INFO - Sync 1 DAGs
[2024-04-06T00:08:17.120+0000] {logging_mixin.py:188} INFO - [2024-04-06T00:08:17.120+0000] {dag.py:3834} INFO - Setting next_dagrun for example_task_group_decorator to 2024-04-05 00:00:00+00:00, run_after=2024-04-06 00:00:00+00:00
[2024-04-06T00:08:17.138+0000] {processor.py:183} INFO - Processing /home/airflow/.local/lib/python3.8/site-packages/airflow/example_dags/example_task_group_decorator.py took 0.092 seconds
[2024-04-06T00:08:47.653+0000] {processor.py:161} INFO - Started process (PID=4104) to work on /home/airflow/.local/lib/python3.8/site-packages/airflow/example_dags/example_task_group_decorator.py
[2024-04-06T00:08:47.654+0000] {processor.py:830} INFO - Processing file /home/airflow/.local/lib/python3.8/site-packages/airflow/example_dags/example_task_group_decorator.py for tasks to queue
[2024-04-06T00:08:47.656+0000] {logging_mixin.py:188} INFO - [2024-04-06T00:08:47.656+0000] {dagbag.py:540} INFO - Filling up the DagBag from /home/airflow/.local/lib/python3.8/site-packages/airflow/example_dags/example_task_group_decorator.py
[2024-04-06T00:08:47.669+0000] {processor.py:840} INFO - DAG(s) 'example_task_group_decorator' retrieved from /home/airflow/.local/lib/python3.8/site-packages/airflow/example_dags/example_task_group_decorator.py
[2024-04-06T00:08:47.690+0000] {logging_mixin.py:188} INFO - [2024-04-06T00:08:47.690+0000] {dag.py:3047} INFO - Sync 1 DAGs
[2024-04-06T00:08:47.711+0000] {logging_mixin.py:188} INFO - [2024-04-06T00:08:47.711+0000] {dag.py:3834} INFO - Setting next_dagrun for example_task_group_decorator to 2024-04-05 00:00:00+00:00, run_after=2024-04-06 00:00:00+00:00
[2024-04-06T00:08:47.729+0000] {processor.py:183} INFO - Processing /home/airflow/.local/lib/python3.8/site-packages/airflow/example_dags/example_task_group_decorator.py took 0.079 seconds
[2024-04-06T00:09:18.271+0000] {processor.py:161} INFO - Started process (PID=4159) to work on /home/airflow/.local/lib/python3.8/site-packages/airflow/example_dags/example_task_group_decorator.py
[2024-04-06T00:09:18.272+0000] {processor.py:830} INFO - Processing file /home/airflow/.local/lib/python3.8/site-packages/airflow/example_dags/example_task_group_decorator.py for tasks to queue
[2024-04-06T00:09:18.274+0000] {logging_mixin.py:188} INFO - [2024-04-06T00:09:18.274+0000] {dagbag.py:540} INFO - Filling up the DagBag from /home/airflow/.local/lib/python3.8/site-packages/airflow/example_dags/example_task_group_decorator.py
[2024-04-06T00:09:18.287+0000] {processor.py:840} INFO - DAG(s) 'example_task_group_decorator' retrieved from /home/airflow/.local/lib/python3.8/site-packages/airflow/example_dags/example_task_group_decorator.py
[2024-04-06T00:09:18.318+0000] {logging_mixin.py:188} INFO - [2024-04-06T00:09:18.317+0000] {dag.py:3047} INFO - Sync 1 DAGs
[2024-04-06T00:09:18.338+0000] {logging_mixin.py:188} INFO - [2024-04-06T00:09:18.338+0000] {dag.py:3834} INFO - Setting next_dagrun for example_task_group_decorator to 2024-04-05 00:00:00+00:00, run_after=2024-04-06 00:00:00+00:00
[2024-04-06T00:09:18.386+0000] {processor.py:183} INFO - Processing /home/airflow/.local/lib/python3.8/site-packages/airflow/example_dags/example_task_group_decorator.py took 0.118 seconds
[2024-04-06T00:09:49.050+0000] {processor.py:161} INFO - Started process (PID=4214) to work on /home/airflow/.local/lib/python3.8/site-packages/airflow/example_dags/example_task_group_decorator.py
[2024-04-06T00:09:49.052+0000] {processor.py:830} INFO - Processing file /home/airflow/.local/lib/python3.8/site-packages/airflow/example_dags/example_task_group_decorator.py for tasks to queue
[2024-04-06T00:09:49.054+0000] {logging_mixin.py:188} INFO - [2024-04-06T00:09:49.054+0000] {dagbag.py:540} INFO - Filling up the DagBag from /home/airflow/.local/lib/python3.8/site-packages/airflow/example_dags/example_task_group_decorator.py
[2024-04-06T00:09:49.067+0000] {processor.py:840} INFO - DAG(s) 'example_task_group_decorator' retrieved from /home/airflow/.local/lib/python3.8/site-packages/airflow/example_dags/example_task_group_decorator.py
[2024-04-06T00:09:49.095+0000] {logging_mixin.py:188} INFO - [2024-04-06T00:09:49.095+0000] {dag.py:3047} INFO - Sync 1 DAGs
[2024-04-06T00:09:49.113+0000] {logging_mixin.py:188} INFO - [2024-04-06T00:09:49.113+0000] {dag.py:3834} INFO - Setting next_dagrun for example_task_group_decorator to 2024-04-05 00:00:00+00:00, run_after=2024-04-06 00:00:00+00:00
[2024-04-06T00:09:49.131+0000] {processor.py:183} INFO - Processing /home/airflow/.local/lib/python3.8/site-packages/airflow/example_dags/example_task_group_decorator.py took 0.085 seconds
