[2024-04-06T00:03:03.947+0000] {processor.py:161} INFO - Started process (PID=3470) to work on /home/airflow/.local/lib/python3.8/site-packages/airflow/example_dags/example_xcomargs.py
[2024-04-06T00:03:03.951+0000] {processor.py:830} INFO - Processing file /home/airflow/.local/lib/python3.8/site-packages/airflow/example_dags/example_xcomargs.py for tasks to queue
[2024-04-06T00:03:03.958+0000] {logging_mixin.py:188} INFO - [2024-04-06T00:03:03.956+0000] {dagbag.py:540} INFO - Filling up the DagBag from /home/airflow/.local/lib/python3.8/site-packages/airflow/example_dags/example_xcomargs.py
[2024-04-06T00:03:03.985+0000] {processor.py:840} INFO - DAG(s) 'example_xcom_args_with_operators', 'example_xcom_args' retrieved from /home/airflow/.local/lib/python3.8/site-packages/airflow/example_dags/example_xcomargs.py
[2024-04-06T00:03:04.068+0000] {logging_mixin.py:188} INFO - [2024-04-06T00:03:04.068+0000] {dag.py:3047} INFO - Sync 2 DAGs
[2024-04-06T00:03:04.104+0000] {logging_mixin.py:188} INFO - [2024-04-06T00:03:04.103+0000] {dag.py:3834} INFO - Setting next_dagrun for example_xcom_args to None, run_after=None
[2024-04-06T00:03:04.115+0000] {logging_mixin.py:188} INFO - [2024-04-06T00:03:04.114+0000] {dag.py:3834} INFO - Setting next_dagrun for example_xcom_args_with_operators to None, run_after=None
[2024-04-06T00:03:04.182+0000] {processor.py:183} INFO - Processing /home/airflow/.local/lib/python3.8/site-packages/airflow/example_dags/example_xcomargs.py took 0.247 seconds
[2024-04-06T00:03:34.427+0000] {processor.py:161} INFO - Started process (PID=3525) to work on /home/airflow/.local/lib/python3.8/site-packages/airflow/example_dags/example_xcomargs.py
[2024-04-06T00:03:34.430+0000] {processor.py:830} INFO - Processing file /home/airflow/.local/lib/python3.8/site-packages/airflow/example_dags/example_xcomargs.py for tasks to queue
[2024-04-06T00:03:34.433+0000] {logging_mixin.py:188} INFO - [2024-04-06T00:03:34.433+0000] {dagbag.py:540} INFO - Filling up the DagBag from /home/airflow/.local/lib/python3.8/site-packages/airflow/example_dags/example_xcomargs.py
[2024-04-06T00:03:34.446+0000] {processor.py:840} INFO - DAG(s) 'example_xcom_args_with_operators', 'example_xcom_args' retrieved from /home/airflow/.local/lib/python3.8/site-packages/airflow/example_dags/example_xcomargs.py
[2024-04-06T00:03:34.494+0000] {logging_mixin.py:188} INFO - [2024-04-06T00:03:34.494+0000] {dag.py:3047} INFO - Sync 2 DAGs
[2024-04-06T00:03:34.518+0000] {logging_mixin.py:188} INFO - [2024-04-06T00:03:34.517+0000] {dag.py:3834} INFO - Setting next_dagrun for example_xcom_args to None, run_after=None
[2024-04-06T00:03:34.527+0000] {logging_mixin.py:188} INFO - [2024-04-06T00:03:34.526+0000] {dag.py:3834} INFO - Setting next_dagrun for example_xcom_args_with_operators to None, run_after=None
[2024-04-06T00:03:34.584+0000] {processor.py:183} INFO - Processing /home/airflow/.local/lib/python3.8/site-packages/airflow/example_dags/example_xcomargs.py took 0.162 seconds
[2024-04-06T00:04:04.695+0000] {processor.py:161} INFO - Started process (PID=3580) to work on /home/airflow/.local/lib/python3.8/site-packages/airflow/example_dags/example_xcomargs.py
[2024-04-06T00:04:04.697+0000] {processor.py:830} INFO - Processing file /home/airflow/.local/lib/python3.8/site-packages/airflow/example_dags/example_xcomargs.py for tasks to queue
[2024-04-06T00:04:04.701+0000] {logging_mixin.py:188} INFO - [2024-04-06T00:04:04.700+0000] {dagbag.py:540} INFO - Filling up the DagBag from /home/airflow/.local/lib/python3.8/site-packages/airflow/example_dags/example_xcomargs.py
[2024-04-06T00:04:04.713+0000] {processor.py:840} INFO - DAG(s) 'example_xcom_args', 'example_xcom_args_with_operators' retrieved from /home/airflow/.local/lib/python3.8/site-packages/airflow/example_dags/example_xcomargs.py
[2024-04-06T00:04:04.753+0000] {logging_mixin.py:188} INFO - [2024-04-06T00:04:04.753+0000] {dag.py:3047} INFO - Sync 2 DAGs
[2024-04-06T00:04:04.770+0000] {logging_mixin.py:188} INFO - [2024-04-06T00:04:04.770+0000] {dag.py:3834} INFO - Setting next_dagrun for example_xcom_args to None, run_after=None
[2024-04-06T00:04:04.778+0000] {logging_mixin.py:188} INFO - [2024-04-06T00:04:04.777+0000] {dag.py:3834} INFO - Setting next_dagrun for example_xcom_args_with_operators to None, run_after=None
[2024-04-06T00:04:04.810+0000] {processor.py:183} INFO - Processing /home/airflow/.local/lib/python3.8/site-packages/airflow/example_dags/example_xcomargs.py took 0.121 seconds
[2024-04-06T00:04:35.209+0000] {processor.py:161} INFO - Started process (PID=3635) to work on /home/airflow/.local/lib/python3.8/site-packages/airflow/example_dags/example_xcomargs.py
[2024-04-06T00:04:35.211+0000] {processor.py:830} INFO - Processing file /home/airflow/.local/lib/python3.8/site-packages/airflow/example_dags/example_xcomargs.py for tasks to queue
[2024-04-06T00:04:35.214+0000] {logging_mixin.py:188} INFO - [2024-04-06T00:04:35.213+0000] {dagbag.py:540} INFO - Filling up the DagBag from /home/airflow/.local/lib/python3.8/site-packages/airflow/example_dags/example_xcomargs.py
[2024-04-06T00:04:35.227+0000] {processor.py:840} INFO - DAG(s) 'example_xcom_args_with_operators', 'example_xcom_args' retrieved from /home/airflow/.local/lib/python3.8/site-packages/airflow/example_dags/example_xcomargs.py
[2024-04-06T00:04:35.263+0000] {logging_mixin.py:188} INFO - [2024-04-06T00:04:35.262+0000] {dag.py:3047} INFO - Sync 2 DAGs
[2024-04-06T00:04:35.285+0000] {logging_mixin.py:188} INFO - [2024-04-06T00:04:35.285+0000] {dag.py:3834} INFO - Setting next_dagrun for example_xcom_args to None, run_after=None
[2024-04-06T00:04:35.290+0000] {logging_mixin.py:188} INFO - [2024-04-06T00:04:35.290+0000] {dag.py:3834} INFO - Setting next_dagrun for example_xcom_args_with_operators to None, run_after=None
[2024-04-06T00:04:35.338+0000] {processor.py:183} INFO - Processing /home/airflow/.local/lib/python3.8/site-packages/airflow/example_dags/example_xcomargs.py took 0.133 seconds
[2024-04-06T00:05:05.435+0000] {processor.py:161} INFO - Started process (PID=3690) to work on /home/airflow/.local/lib/python3.8/site-packages/airflow/example_dags/example_xcomargs.py
[2024-04-06T00:05:05.437+0000] {processor.py:830} INFO - Processing file /home/airflow/.local/lib/python3.8/site-packages/airflow/example_dags/example_xcomargs.py for tasks to queue
[2024-04-06T00:05:05.439+0000] {logging_mixin.py:188} INFO - [2024-04-06T00:05:05.439+0000] {dagbag.py:540} INFO - Filling up the DagBag from /home/airflow/.local/lib/python3.8/site-packages/airflow/example_dags/example_xcomargs.py
[2024-04-06T00:05:05.446+0000] {processor.py:840} INFO - DAG(s) 'example_xcom_args', 'example_xcom_args_with_operators' retrieved from /home/airflow/.local/lib/python3.8/site-packages/airflow/example_dags/example_xcomargs.py
[2024-04-06T00:05:05.469+0000] {logging_mixin.py:188} INFO - [2024-04-06T00:05:05.468+0000] {dag.py:3047} INFO - Sync 2 DAGs
[2024-04-06T00:05:05.480+0000] {logging_mixin.py:188} INFO - [2024-04-06T00:05:05.480+0000] {dag.py:3834} INFO - Setting next_dagrun for example_xcom_args to None, run_after=None
[2024-04-06T00:05:05.484+0000] {logging_mixin.py:188} INFO - [2024-04-06T00:05:05.483+0000] {dag.py:3834} INFO - Setting next_dagrun for example_xcom_args_with_operators to None, run_after=None
[2024-04-06T00:05:05.500+0000] {processor.py:183} INFO - Processing /home/airflow/.local/lib/python3.8/site-packages/airflow/example_dags/example_xcomargs.py took 0.068 seconds
[2024-04-06T00:05:35.880+0000] {processor.py:161} INFO - Started process (PID=3745) to work on /home/airflow/.local/lib/python3.8/site-packages/airflow/example_dags/example_xcomargs.py
[2024-04-06T00:05:35.882+0000] {processor.py:830} INFO - Processing file /home/airflow/.local/lib/python3.8/site-packages/airflow/example_dags/example_xcomargs.py for tasks to queue
[2024-04-06T00:05:35.885+0000] {logging_mixin.py:188} INFO - [2024-04-06T00:05:35.885+0000] {dagbag.py:540} INFO - Filling up the DagBag from /home/airflow/.local/lib/python3.8/site-packages/airflow/example_dags/example_xcomargs.py
[2024-04-06T00:05:35.895+0000] {processor.py:840} INFO - DAG(s) 'example_xcom_args_with_operators', 'example_xcom_args' retrieved from /home/airflow/.local/lib/python3.8/site-packages/airflow/example_dags/example_xcomargs.py
[2024-04-06T00:05:35.926+0000] {logging_mixin.py:188} INFO - [2024-04-06T00:05:35.926+0000] {dag.py:3047} INFO - Sync 2 DAGs
[2024-04-06T00:05:35.940+0000] {logging_mixin.py:188} INFO - [2024-04-06T00:05:35.940+0000] {dag.py:3834} INFO - Setting next_dagrun for example_xcom_args to None, run_after=None
[2024-04-06T00:05:35.946+0000] {logging_mixin.py:188} INFO - [2024-04-06T00:05:35.946+0000] {dag.py:3834} INFO - Setting next_dagrun for example_xcom_args_with_operators to None, run_after=None
[2024-04-06T00:05:35.981+0000] {processor.py:183} INFO - Processing /home/airflow/.local/lib/python3.8/site-packages/airflow/example_dags/example_xcomargs.py took 0.104 seconds
[2024-04-06T00:06:06.851+0000] {processor.py:161} INFO - Started process (PID=3800) to work on /home/airflow/.local/lib/python3.8/site-packages/airflow/example_dags/example_xcomargs.py
[2024-04-06T00:06:06.852+0000] {processor.py:830} INFO - Processing file /home/airflow/.local/lib/python3.8/site-packages/airflow/example_dags/example_xcomargs.py for tasks to queue
[2024-04-06T00:06:06.855+0000] {logging_mixin.py:188} INFO - [2024-04-06T00:06:06.854+0000] {dagbag.py:540} INFO - Filling up the DagBag from /home/airflow/.local/lib/python3.8/site-packages/airflow/example_dags/example_xcomargs.py
[2024-04-06T00:06:06.864+0000] {processor.py:840} INFO - DAG(s) 'example_xcom_args', 'example_xcom_args_with_operators' retrieved from /home/airflow/.local/lib/python3.8/site-packages/airflow/example_dags/example_xcomargs.py
[2024-04-06T00:06:06.892+0000] {logging_mixin.py:188} INFO - [2024-04-06T00:06:06.892+0000] {dag.py:3047} INFO - Sync 2 DAGs
[2024-04-06T00:06:06.910+0000] {logging_mixin.py:188} INFO - [2024-04-06T00:06:06.909+0000] {dag.py:3834} INFO - Setting next_dagrun for example_xcom_args to None, run_after=None
[2024-04-06T00:06:06.915+0000] {logging_mixin.py:188} INFO - [2024-04-06T00:06:06.914+0000] {dag.py:3834} INFO - Setting next_dagrun for example_xcom_args_with_operators to None, run_after=None
[2024-04-06T00:06:06.930+0000] {processor.py:183} INFO - Processing /home/airflow/.local/lib/python3.8/site-packages/airflow/example_dags/example_xcomargs.py took 0.083 seconds
[2024-04-06T00:06:37.406+0000] {processor.py:161} INFO - Started process (PID=3855) to work on /home/airflow/.local/lib/python3.8/site-packages/airflow/example_dags/example_xcomargs.py
[2024-04-06T00:06:37.408+0000] {processor.py:830} INFO - Processing file /home/airflow/.local/lib/python3.8/site-packages/airflow/example_dags/example_xcomargs.py for tasks to queue
[2024-04-06T00:06:37.410+0000] {logging_mixin.py:188} INFO - [2024-04-06T00:06:37.410+0000] {dagbag.py:540} INFO - Filling up the DagBag from /home/airflow/.local/lib/python3.8/site-packages/airflow/example_dags/example_xcomargs.py
[2024-04-06T00:06:37.418+0000] {processor.py:840} INFO - DAG(s) 'example_xcom_args_with_operators', 'example_xcom_args' retrieved from /home/airflow/.local/lib/python3.8/site-packages/airflow/example_dags/example_xcomargs.py
[2024-04-06T00:06:37.441+0000] {logging_mixin.py:188} INFO - [2024-04-06T00:06:37.441+0000] {dag.py:3047} INFO - Sync 2 DAGs
[2024-04-06T00:06:37.453+0000] {logging_mixin.py:188} INFO - [2024-04-06T00:06:37.452+0000] {dag.py:3834} INFO - Setting next_dagrun for example_xcom_args to None, run_after=None
[2024-04-06T00:06:37.457+0000] {logging_mixin.py:188} INFO - [2024-04-06T00:06:37.457+0000] {dag.py:3834} INFO - Setting next_dagrun for example_xcom_args_with_operators to None, run_after=None
[2024-04-06T00:06:37.477+0000] {processor.py:183} INFO - Processing /home/airflow/.local/lib/python3.8/site-packages/airflow/example_dags/example_xcomargs.py took 0.074 seconds
[2024-04-06T00:07:07.918+0000] {processor.py:161} INFO - Started process (PID=3910) to work on /home/airflow/.local/lib/python3.8/site-packages/airflow/example_dags/example_xcomargs.py
[2024-04-06T00:07:07.920+0000] {processor.py:830} INFO - Processing file /home/airflow/.local/lib/python3.8/site-packages/airflow/example_dags/example_xcomargs.py for tasks to queue
[2024-04-06T00:07:07.922+0000] {logging_mixin.py:188} INFO - [2024-04-06T00:07:07.922+0000] {dagbag.py:540} INFO - Filling up the DagBag from /home/airflow/.local/lib/python3.8/site-packages/airflow/example_dags/example_xcomargs.py
[2024-04-06T00:07:07.933+0000] {processor.py:840} INFO - DAG(s) 'example_xcom_args', 'example_xcom_args_with_operators' retrieved from /home/airflow/.local/lib/python3.8/site-packages/airflow/example_dags/example_xcomargs.py
[2024-04-06T00:07:07.960+0000] {logging_mixin.py:188} INFO - [2024-04-06T00:07:07.960+0000] {dag.py:3047} INFO - Sync 2 DAGs
[2024-04-06T00:07:07.973+0000] {logging_mixin.py:188} INFO - [2024-04-06T00:07:07.973+0000] {dag.py:3834} INFO - Setting next_dagrun for example_xcom_args to None, run_after=None
[2024-04-06T00:07:07.977+0000] {logging_mixin.py:188} INFO - [2024-04-06T00:07:07.976+0000] {dag.py:3834} INFO - Setting next_dagrun for example_xcom_args_with_operators to None, run_after=None
[2024-04-06T00:07:08.023+0000] {processor.py:183} INFO - Processing /home/airflow/.local/lib/python3.8/site-packages/airflow/example_dags/example_xcomargs.py took 0.108 seconds
[2024-04-06T00:07:38.405+0000] {processor.py:161} INFO - Started process (PID=3965) to work on /home/airflow/.local/lib/python3.8/site-packages/airflow/example_dags/example_xcomargs.py
[2024-04-06T00:07:38.407+0000] {processor.py:830} INFO - Processing file /home/airflow/.local/lib/python3.8/site-packages/airflow/example_dags/example_xcomargs.py for tasks to queue
[2024-04-06T00:07:38.409+0000] {logging_mixin.py:188} INFO - [2024-04-06T00:07:38.409+0000] {dagbag.py:540} INFO - Filling up the DagBag from /home/airflow/.local/lib/python3.8/site-packages/airflow/example_dags/example_xcomargs.py
[2024-04-06T00:07:38.421+0000] {processor.py:840} INFO - DAG(s) 'example_xcom_args', 'example_xcom_args_with_operators' retrieved from /home/airflow/.local/lib/python3.8/site-packages/airflow/example_dags/example_xcomargs.py
[2024-04-06T00:07:38.454+0000] {logging_mixin.py:188} INFO - [2024-04-06T00:07:38.454+0000] {dag.py:3047} INFO - Sync 2 DAGs
[2024-04-06T00:07:38.471+0000] {logging_mixin.py:188} INFO - [2024-04-06T00:07:38.470+0000] {dag.py:3834} INFO - Setting next_dagrun for example_xcom_args to None, run_after=None
[2024-04-06T00:07:38.476+0000] {logging_mixin.py:188} INFO - [2024-04-06T00:07:38.475+0000] {dag.py:3834} INFO - Setting next_dagrun for example_xcom_args_with_operators to None, run_after=None
[2024-04-06T00:07:38.520+0000] {processor.py:183} INFO - Processing /home/airflow/.local/lib/python3.8/site-packages/airflow/example_dags/example_xcomargs.py took 0.121 seconds
[2024-04-06T00:08:09.176+0000] {processor.py:161} INFO - Started process (PID=4020) to work on /home/airflow/.local/lib/python3.8/site-packages/airflow/example_dags/example_xcomargs.py
[2024-04-06T00:08:09.177+0000] {processor.py:830} INFO - Processing file /home/airflow/.local/lib/python3.8/site-packages/airflow/example_dags/example_xcomargs.py for tasks to queue
[2024-04-06T00:08:09.180+0000] {logging_mixin.py:188} INFO - [2024-04-06T00:08:09.180+0000] {dagbag.py:540} INFO - Filling up the DagBag from /home/airflow/.local/lib/python3.8/site-packages/airflow/example_dags/example_xcomargs.py
[2024-04-06T00:08:09.189+0000] {processor.py:840} INFO - DAG(s) 'example_xcom_args', 'example_xcom_args_with_operators' retrieved from /home/airflow/.local/lib/python3.8/site-packages/airflow/example_dags/example_xcomargs.py
[2024-04-06T00:08:09.214+0000] {logging_mixin.py:188} INFO - [2024-04-06T00:08:09.214+0000] {dag.py:3047} INFO - Sync 2 DAGs
[2024-04-06T00:08:09.226+0000] {logging_mixin.py:188} INFO - [2024-04-06T00:08:09.226+0000] {dag.py:3834} INFO - Setting next_dagrun for example_xcom_args to None, run_after=None
[2024-04-06T00:08:09.230+0000] {logging_mixin.py:188} INFO - [2024-04-06T00:08:09.230+0000] {dag.py:3834} INFO - Setting next_dagrun for example_xcom_args_with_operators to None, run_after=None
[2024-04-06T00:08:09.273+0000] {processor.py:183} INFO - Processing /home/airflow/.local/lib/python3.8/site-packages/airflow/example_dags/example_xcomargs.py took 0.101 seconds
[2024-04-06T00:08:39.771+0000] {processor.py:161} INFO - Started process (PID=4075) to work on /home/airflow/.local/lib/python3.8/site-packages/airflow/example_dags/example_xcomargs.py
[2024-04-06T00:08:39.772+0000] {processor.py:830} INFO - Processing file /home/airflow/.local/lib/python3.8/site-packages/airflow/example_dags/example_xcomargs.py for tasks to queue
[2024-04-06T00:08:39.774+0000] {logging_mixin.py:188} INFO - [2024-04-06T00:08:39.774+0000] {dagbag.py:540} INFO - Filling up the DagBag from /home/airflow/.local/lib/python3.8/site-packages/airflow/example_dags/example_xcomargs.py
[2024-04-06T00:08:39.781+0000] {processor.py:840} INFO - DAG(s) 'example_xcom_args', 'example_xcom_args_with_operators' retrieved from /home/airflow/.local/lib/python3.8/site-packages/airflow/example_dags/example_xcomargs.py
[2024-04-06T00:08:39.806+0000] {logging_mixin.py:188} INFO - [2024-04-06T00:08:39.806+0000] {dag.py:3047} INFO - Sync 2 DAGs
[2024-04-06T00:08:39.816+0000] {logging_mixin.py:188} INFO - [2024-04-06T00:08:39.816+0000] {dag.py:3834} INFO - Setting next_dagrun for example_xcom_args to None, run_after=None
[2024-04-06T00:08:39.819+0000] {logging_mixin.py:188} INFO - [2024-04-06T00:08:39.819+0000] {dag.py:3834} INFO - Setting next_dagrun for example_xcom_args_with_operators to None, run_after=None
[2024-04-06T00:08:39.835+0000] {processor.py:183} INFO - Processing /home/airflow/.local/lib/python3.8/site-packages/airflow/example_dags/example_xcomargs.py took 0.067 seconds
[2024-04-06T00:09:10.344+0000] {processor.py:161} INFO - Started process (PID=4130) to work on /home/airflow/.local/lib/python3.8/site-packages/airflow/example_dags/example_xcomargs.py
[2024-04-06T00:09:10.345+0000] {processor.py:830} INFO - Processing file /home/airflow/.local/lib/python3.8/site-packages/airflow/example_dags/example_xcomargs.py for tasks to queue
[2024-04-06T00:09:10.348+0000] {logging_mixin.py:188} INFO - [2024-04-06T00:09:10.348+0000] {dagbag.py:540} INFO - Filling up the DagBag from /home/airflow/.local/lib/python3.8/site-packages/airflow/example_dags/example_xcomargs.py
[2024-04-06T00:09:10.357+0000] {processor.py:840} INFO - DAG(s) 'example_xcom_args', 'example_xcom_args_with_operators' retrieved from /home/airflow/.local/lib/python3.8/site-packages/airflow/example_dags/example_xcomargs.py
[2024-04-06T00:09:10.384+0000] {logging_mixin.py:188} INFO - [2024-04-06T00:09:10.383+0000] {dag.py:3047} INFO - Sync 2 DAGs
[2024-04-06T00:09:10.400+0000] {logging_mixin.py:188} INFO - [2024-04-06T00:09:10.400+0000] {dag.py:3834} INFO - Setting next_dagrun for example_xcom_args to None, run_after=None
[2024-04-06T00:09:10.404+0000] {logging_mixin.py:188} INFO - [2024-04-06T00:09:10.404+0000] {dag.py:3834} INFO - Setting next_dagrun for example_xcom_args_with_operators to None, run_after=None
[2024-04-06T00:09:10.423+0000] {processor.py:183} INFO - Processing /home/airflow/.local/lib/python3.8/site-packages/airflow/example_dags/example_xcomargs.py took 0.083 seconds
[2024-04-06T00:09:40.928+0000] {processor.py:161} INFO - Started process (PID=4185) to work on /home/airflow/.local/lib/python3.8/site-packages/airflow/example_dags/example_xcomargs.py
[2024-04-06T00:09:40.930+0000] {processor.py:830} INFO - Processing file /home/airflow/.local/lib/python3.8/site-packages/airflow/example_dags/example_xcomargs.py for tasks to queue
[2024-04-06T00:09:40.933+0000] {logging_mixin.py:188} INFO - [2024-04-06T00:09:40.933+0000] {dagbag.py:540} INFO - Filling up the DagBag from /home/airflow/.local/lib/python3.8/site-packages/airflow/example_dags/example_xcomargs.py
[2024-04-06T00:09:40.943+0000] {processor.py:840} INFO - DAG(s) 'example_xcom_args', 'example_xcom_args_with_operators' retrieved from /home/airflow/.local/lib/python3.8/site-packages/airflow/example_dags/example_xcomargs.py
[2024-04-06T00:09:40.971+0000] {logging_mixin.py:188} INFO - [2024-04-06T00:09:40.971+0000] {dag.py:3047} INFO - Sync 2 DAGs
[2024-04-06T00:09:40.986+0000] {logging_mixin.py:188} INFO - [2024-04-06T00:09:40.985+0000] {dag.py:3834} INFO - Setting next_dagrun for example_xcom_args to None, run_after=None
[2024-04-06T00:09:40.991+0000] {logging_mixin.py:188} INFO - [2024-04-06T00:09:40.990+0000] {dag.py:3834} INFO - Setting next_dagrun for example_xcom_args_with_operators to None, run_after=None
[2024-04-06T00:09:41.010+0000] {processor.py:183} INFO - Processing /home/airflow/.local/lib/python3.8/site-packages/airflow/example_dags/example_xcomargs.py took 0.085 seconds
[2024-04-06T00:10:11.810+0000] {processor.py:161} INFO - Started process (PID=4240) to work on /home/airflow/.local/lib/python3.8/site-packages/airflow/example_dags/example_xcomargs.py
[2024-04-06T00:10:11.811+0000] {processor.py:830} INFO - Processing file /home/airflow/.local/lib/python3.8/site-packages/airflow/example_dags/example_xcomargs.py for tasks to queue
[2024-04-06T00:10:11.813+0000] {logging_mixin.py:188} INFO - [2024-04-06T00:10:11.813+0000] {dagbag.py:540} INFO - Filling up the DagBag from /home/airflow/.local/lib/python3.8/site-packages/airflow/example_dags/example_xcomargs.py
[2024-04-06T00:10:11.825+0000] {processor.py:840} INFO - DAG(s) 'example_xcom_args', 'example_xcom_args_with_operators' retrieved from /home/airflow/.local/lib/python3.8/site-packages/airflow/example_dags/example_xcomargs.py
[2024-04-06T00:10:11.850+0000] {logging_mixin.py:188} INFO - [2024-04-06T00:10:11.850+0000] {dag.py:3047} INFO - Sync 2 DAGs
[2024-04-06T00:10:11.865+0000] {logging_mixin.py:188} INFO - [2024-04-06T00:10:11.865+0000] {dag.py:3834} INFO - Setting next_dagrun for example_xcom_args to None, run_after=None
[2024-04-06T00:10:11.870+0000] {logging_mixin.py:188} INFO - [2024-04-06T00:10:11.870+0000] {dag.py:3834} INFO - Setting next_dagrun for example_xcom_args_with_operators to None, run_after=None
[2024-04-06T00:10:11.892+0000] {processor.py:183} INFO - Processing /home/airflow/.local/lib/python3.8/site-packages/airflow/example_dags/example_xcomargs.py took 0.086 seconds
