[2024-04-06T00:03:09.876+0000] {processor.py:161} INFO - Started process (PID=3498) to work on /home/airflow/.local/lib/python3.8/site-packages/airflow/example_dags/example_skip_dag.py
[2024-04-06T00:03:09.879+0000] {processor.py:830} INFO - Processing file /home/airflow/.local/lib/python3.8/site-packages/airflow/example_dags/example_skip_dag.py for tasks to queue
[2024-04-06T00:03:09.884+0000] {logging_mixin.py:188} INFO - [2024-04-06T00:03:09.883+0000] {dagbag.py:540} INFO - Filling up the DagBag from /home/airflow/.local/lib/python3.8/site-packages/airflow/example_dags/example_skip_dag.py
[2024-04-06T00:03:09.897+0000] {processor.py:840} INFO - DAG(s) 'example_skip_dag' retrieved from /home/airflow/.local/lib/python3.8/site-packages/airflow/example_dags/example_skip_dag.py
[2024-04-06T00:03:09.954+0000] {logging_mixin.py:188} INFO - [2024-04-06T00:03:09.953+0000] {dag.py:3047} INFO - Sync 1 DAGs
[2024-04-06T00:03:10.011+0000] {logging_mixin.py:188} INFO - [2024-04-06T00:03:10.010+0000] {dag.py:3834} INFO - Setting next_dagrun for example_skip_dag to 2024-04-05 00:00:00+00:00, run_after=2024-04-06 00:00:00+00:00
[2024-04-06T00:03:10.046+0000] {processor.py:183} INFO - Processing /home/airflow/.local/lib/python3.8/site-packages/airflow/example_dags/example_skip_dag.py took 0.176 seconds
[2024-04-06T00:03:40.854+0000] {processor.py:161} INFO - Started process (PID=3553) to work on /home/airflow/.local/lib/python3.8/site-packages/airflow/example_dags/example_skip_dag.py
[2024-04-06T00:03:40.856+0000] {processor.py:830} INFO - Processing file /home/airflow/.local/lib/python3.8/site-packages/airflow/example_dags/example_skip_dag.py for tasks to queue
[2024-04-06T00:03:40.859+0000] {logging_mixin.py:188} INFO - [2024-04-06T00:03:40.859+0000] {dagbag.py:540} INFO - Filling up the DagBag from /home/airflow/.local/lib/python3.8/site-packages/airflow/example_dags/example_skip_dag.py
[2024-04-06T00:03:40.868+0000] {processor.py:840} INFO - DAG(s) 'example_skip_dag' retrieved from /home/airflow/.local/lib/python3.8/site-packages/airflow/example_dags/example_skip_dag.py
[2024-04-06T00:03:40.899+0000] {logging_mixin.py:188} INFO - [2024-04-06T00:03:40.899+0000] {dag.py:3047} INFO - Sync 1 DAGs
[2024-04-06T00:03:40.925+0000] {logging_mixin.py:188} INFO - [2024-04-06T00:03:40.925+0000] {dag.py:3834} INFO - Setting next_dagrun for example_skip_dag to 2024-04-05 00:00:00+00:00, run_after=2024-04-06 00:00:00+00:00
[2024-04-06T00:03:40.980+0000] {processor.py:183} INFO - Processing /home/airflow/.local/lib/python3.8/site-packages/airflow/example_dags/example_skip_dag.py took 0.129 seconds
[2024-04-06T00:04:11.735+0000] {processor.py:161} INFO - Started process (PID=3608) to work on /home/airflow/.local/lib/python3.8/site-packages/airflow/example_dags/example_skip_dag.py
[2024-04-06T00:04:11.738+0000] {processor.py:830} INFO - Processing file /home/airflow/.local/lib/python3.8/site-packages/airflow/example_dags/example_skip_dag.py for tasks to queue
[2024-04-06T00:04:11.741+0000] {logging_mixin.py:188} INFO - [2024-04-06T00:04:11.741+0000] {dagbag.py:540} INFO - Filling up the DagBag from /home/airflow/.local/lib/python3.8/site-packages/airflow/example_dags/example_skip_dag.py
[2024-04-06T00:04:11.748+0000] {processor.py:840} INFO - DAG(s) 'example_skip_dag' retrieved from /home/airflow/.local/lib/python3.8/site-packages/airflow/example_dags/example_skip_dag.py
[2024-04-06T00:04:11.783+0000] {logging_mixin.py:188} INFO - [2024-04-06T00:04:11.782+0000] {dag.py:3047} INFO - Sync 1 DAGs
[2024-04-06T00:04:11.814+0000] {logging_mixin.py:188} INFO - [2024-04-06T00:04:11.814+0000] {dag.py:3834} INFO - Setting next_dagrun for example_skip_dag to 2024-04-05 00:00:00+00:00, run_after=2024-04-06 00:00:00+00:00
[2024-04-06T00:04:11.878+0000] {processor.py:183} INFO - Processing /home/airflow/.local/lib/python3.8/site-packages/airflow/example_dags/example_skip_dag.py took 0.148 seconds
[2024-04-06T00:04:42.526+0000] {processor.py:161} INFO - Started process (PID=3663) to work on /home/airflow/.local/lib/python3.8/site-packages/airflow/example_dags/example_skip_dag.py
[2024-04-06T00:04:42.527+0000] {processor.py:830} INFO - Processing file /home/airflow/.local/lib/python3.8/site-packages/airflow/example_dags/example_skip_dag.py for tasks to queue
[2024-04-06T00:04:42.529+0000] {logging_mixin.py:188} INFO - [2024-04-06T00:04:42.529+0000] {dagbag.py:540} INFO - Filling up the DagBag from /home/airflow/.local/lib/python3.8/site-packages/airflow/example_dags/example_skip_dag.py
[2024-04-06T00:04:42.539+0000] {processor.py:840} INFO - DAG(s) 'example_skip_dag' retrieved from /home/airflow/.local/lib/python3.8/site-packages/airflow/example_dags/example_skip_dag.py
[2024-04-06T00:04:42.562+0000] {logging_mixin.py:188} INFO - [2024-04-06T00:04:42.562+0000] {dag.py:3047} INFO - Sync 1 DAGs
[2024-04-06T00:04:42.584+0000] {logging_mixin.py:188} INFO - [2024-04-06T00:04:42.584+0000] {dag.py:3834} INFO - Setting next_dagrun for example_skip_dag to 2024-04-05 00:00:00+00:00, run_after=2024-04-06 00:00:00+00:00
[2024-04-06T00:04:42.636+0000] {processor.py:183} INFO - Processing /home/airflow/.local/lib/python3.8/site-packages/airflow/example_dags/example_skip_dag.py took 0.113 seconds
[2024-04-06T00:05:13.039+0000] {processor.py:161} INFO - Started process (PID=3718) to work on /home/airflow/.local/lib/python3.8/site-packages/airflow/example_dags/example_skip_dag.py
[2024-04-06T00:05:13.041+0000] {processor.py:830} INFO - Processing file /home/airflow/.local/lib/python3.8/site-packages/airflow/example_dags/example_skip_dag.py for tasks to queue
[2024-04-06T00:05:13.043+0000] {logging_mixin.py:188} INFO - [2024-04-06T00:05:13.042+0000] {dagbag.py:540} INFO - Filling up the DagBag from /home/airflow/.local/lib/python3.8/site-packages/airflow/example_dags/example_skip_dag.py
[2024-04-06T00:05:13.049+0000] {processor.py:840} INFO - DAG(s) 'example_skip_dag' retrieved from /home/airflow/.local/lib/python3.8/site-packages/airflow/example_dags/example_skip_dag.py
[2024-04-06T00:05:13.073+0000] {logging_mixin.py:188} INFO - [2024-04-06T00:05:13.073+0000] {dag.py:3047} INFO - Sync 1 DAGs
[2024-04-06T00:05:13.094+0000] {logging_mixin.py:188} INFO - [2024-04-06T00:05:13.094+0000] {dag.py:3834} INFO - Setting next_dagrun for example_skip_dag to 2024-04-05 00:00:00+00:00, run_after=2024-04-06 00:00:00+00:00
[2024-04-06T00:05:13.149+0000] {processor.py:183} INFO - Processing /home/airflow/.local/lib/python3.8/site-packages/airflow/example_dags/example_skip_dag.py took 0.114 seconds
[2024-04-06T00:05:43.262+0000] {processor.py:161} INFO - Started process (PID=3773) to work on /home/airflow/.local/lib/python3.8/site-packages/airflow/example_dags/example_skip_dag.py
[2024-04-06T00:05:43.263+0000] {processor.py:830} INFO - Processing file /home/airflow/.local/lib/python3.8/site-packages/airflow/example_dags/example_skip_dag.py for tasks to queue
[2024-04-06T00:05:43.267+0000] {logging_mixin.py:188} INFO - [2024-04-06T00:05:43.266+0000] {dagbag.py:540} INFO - Filling up the DagBag from /home/airflow/.local/lib/python3.8/site-packages/airflow/example_dags/example_skip_dag.py
[2024-04-06T00:05:43.273+0000] {processor.py:840} INFO - DAG(s) 'example_skip_dag' retrieved from /home/airflow/.local/lib/python3.8/site-packages/airflow/example_dags/example_skip_dag.py
[2024-04-06T00:05:43.297+0000] {logging_mixin.py:188} INFO - [2024-04-06T00:05:43.297+0000] {dag.py:3047} INFO - Sync 1 DAGs
[2024-04-06T00:05:43.318+0000] {logging_mixin.py:188} INFO - [2024-04-06T00:05:43.318+0000] {dag.py:3834} INFO - Setting next_dagrun for example_skip_dag to 2024-04-05 00:00:00+00:00, run_after=2024-04-06 00:00:00+00:00
[2024-04-06T00:05:43.359+0000] {processor.py:183} INFO - Processing /home/airflow/.local/lib/python3.8/site-packages/airflow/example_dags/example_skip_dag.py took 0.100 seconds
[2024-04-06T00:06:13.889+0000] {processor.py:161} INFO - Started process (PID=3828) to work on /home/airflow/.local/lib/python3.8/site-packages/airflow/example_dags/example_skip_dag.py
[2024-04-06T00:06:13.890+0000] {processor.py:830} INFO - Processing file /home/airflow/.local/lib/python3.8/site-packages/airflow/example_dags/example_skip_dag.py for tasks to queue
[2024-04-06T00:06:13.897+0000] {logging_mixin.py:188} INFO - [2024-04-06T00:06:13.896+0000] {dagbag.py:540} INFO - Filling up the DagBag from /home/airflow/.local/lib/python3.8/site-packages/airflow/example_dags/example_skip_dag.py
[2024-04-06T00:06:13.906+0000] {processor.py:840} INFO - DAG(s) 'example_skip_dag' retrieved from /home/airflow/.local/lib/python3.8/site-packages/airflow/example_dags/example_skip_dag.py
[2024-04-06T00:06:13.938+0000] {logging_mixin.py:188} INFO - [2024-04-06T00:06:13.938+0000] {dag.py:3047} INFO - Sync 1 DAGs
[2024-04-06T00:06:13.965+0000] {logging_mixin.py:188} INFO - [2024-04-06T00:06:13.965+0000] {dag.py:3834} INFO - Setting next_dagrun for example_skip_dag to 2024-04-05 00:00:00+00:00, run_after=2024-04-06 00:00:00+00:00
[2024-04-06T00:06:13.989+0000] {processor.py:183} INFO - Processing /home/airflow/.local/lib/python3.8/site-packages/airflow/example_dags/example_skip_dag.py took 0.104 seconds
[2024-04-06T00:06:44.341+0000] {processor.py:161} INFO - Started process (PID=3883) to work on /home/airflow/.local/lib/python3.8/site-packages/airflow/example_dags/example_skip_dag.py
[2024-04-06T00:06:44.342+0000] {processor.py:830} INFO - Processing file /home/airflow/.local/lib/python3.8/site-packages/airflow/example_dags/example_skip_dag.py for tasks to queue
[2024-04-06T00:06:44.344+0000] {logging_mixin.py:188} INFO - [2024-04-06T00:06:44.344+0000] {dagbag.py:540} INFO - Filling up the DagBag from /home/airflow/.local/lib/python3.8/site-packages/airflow/example_dags/example_skip_dag.py
[2024-04-06T00:06:44.352+0000] {processor.py:840} INFO - DAG(s) 'example_skip_dag' retrieved from /home/airflow/.local/lib/python3.8/site-packages/airflow/example_dags/example_skip_dag.py
[2024-04-06T00:06:44.374+0000] {logging_mixin.py:188} INFO - [2024-04-06T00:06:44.374+0000] {dag.py:3047} INFO - Sync 1 DAGs
[2024-04-06T00:06:44.398+0000] {logging_mixin.py:188} INFO - [2024-04-06T00:06:44.398+0000] {dag.py:3834} INFO - Setting next_dagrun for example_skip_dag to 2024-04-05 00:00:00+00:00, run_after=2024-04-06 00:00:00+00:00
[2024-04-06T00:06:44.416+0000] {processor.py:183} INFO - Processing /home/airflow/.local/lib/python3.8/site-packages/airflow/example_dags/example_skip_dag.py took 0.079 seconds
[2024-04-06T00:07:15.341+0000] {processor.py:161} INFO - Started process (PID=3938) to work on /home/airflow/.local/lib/python3.8/site-packages/airflow/example_dags/example_skip_dag.py
[2024-04-06T00:07:15.344+0000] {processor.py:830} INFO - Processing file /home/airflow/.local/lib/python3.8/site-packages/airflow/example_dags/example_skip_dag.py for tasks to queue
[2024-04-06T00:07:15.346+0000] {logging_mixin.py:188} INFO - [2024-04-06T00:07:15.346+0000] {dagbag.py:540} INFO - Filling up the DagBag from /home/airflow/.local/lib/python3.8/site-packages/airflow/example_dags/example_skip_dag.py
[2024-04-06T00:07:15.356+0000] {processor.py:840} INFO - DAG(s) 'example_skip_dag' retrieved from /home/airflow/.local/lib/python3.8/site-packages/airflow/example_dags/example_skip_dag.py
[2024-04-06T00:07:15.380+0000] {logging_mixin.py:188} INFO - [2024-04-06T00:07:15.380+0000] {dag.py:3047} INFO - Sync 1 DAGs
[2024-04-06T00:07:15.402+0000] {logging_mixin.py:188} INFO - [2024-04-06T00:07:15.402+0000] {dag.py:3834} INFO - Setting next_dagrun for example_skip_dag to 2024-04-05 00:00:00+00:00, run_after=2024-04-06 00:00:00+00:00
[2024-04-06T00:07:15.452+0000] {processor.py:183} INFO - Processing /home/airflow/.local/lib/python3.8/site-packages/airflow/example_dags/example_skip_dag.py took 0.116 seconds
[2024-04-06T00:07:46.373+0000] {processor.py:161} INFO - Started process (PID=3993) to work on /home/airflow/.local/lib/python3.8/site-packages/airflow/example_dags/example_skip_dag.py
[2024-04-06T00:07:46.374+0000] {processor.py:830} INFO - Processing file /home/airflow/.local/lib/python3.8/site-packages/airflow/example_dags/example_skip_dag.py for tasks to queue
[2024-04-06T00:07:46.377+0000] {logging_mixin.py:188} INFO - [2024-04-06T00:07:46.376+0000] {dagbag.py:540} INFO - Filling up the DagBag from /home/airflow/.local/lib/python3.8/site-packages/airflow/example_dags/example_skip_dag.py
[2024-04-06T00:07:46.383+0000] {processor.py:840} INFO - DAG(s) 'example_skip_dag' retrieved from /home/airflow/.local/lib/python3.8/site-packages/airflow/example_dags/example_skip_dag.py
[2024-04-06T00:07:46.406+0000] {logging_mixin.py:188} INFO - [2024-04-06T00:07:46.406+0000] {dag.py:3047} INFO - Sync 1 DAGs
[2024-04-06T00:07:46.429+0000] {logging_mixin.py:188} INFO - [2024-04-06T00:07:46.429+0000] {dag.py:3834} INFO - Setting next_dagrun for example_skip_dag to 2024-04-05 00:00:00+00:00, run_after=2024-04-06 00:00:00+00:00
[2024-04-06T00:07:46.472+0000] {processor.py:183} INFO - Processing /home/airflow/.local/lib/python3.8/site-packages/airflow/example_dags/example_skip_dag.py took 0.104 seconds
[2024-04-06T00:08:16.904+0000] {processor.py:161} INFO - Started process (PID=4048) to work on /home/airflow/.local/lib/python3.8/site-packages/airflow/example_dags/example_skip_dag.py
[2024-04-06T00:08:16.906+0000] {processor.py:830} INFO - Processing file /home/airflow/.local/lib/python3.8/site-packages/airflow/example_dags/example_skip_dag.py for tasks to queue
[2024-04-06T00:08:16.909+0000] {logging_mixin.py:188} INFO - [2024-04-06T00:08:16.908+0000] {dagbag.py:540} INFO - Filling up the DagBag from /home/airflow/.local/lib/python3.8/site-packages/airflow/example_dags/example_skip_dag.py
[2024-04-06T00:08:16.915+0000] {processor.py:840} INFO - DAG(s) 'example_skip_dag' retrieved from /home/airflow/.local/lib/python3.8/site-packages/airflow/example_dags/example_skip_dag.py
[2024-04-06T00:08:16.942+0000] {logging_mixin.py:188} INFO - [2024-04-06T00:08:16.941+0000] {dag.py:3047} INFO - Sync 1 DAGs
[2024-04-06T00:08:16.963+0000] {logging_mixin.py:188} INFO - [2024-04-06T00:08:16.962+0000] {dag.py:3834} INFO - Setting next_dagrun for example_skip_dag to 2024-04-05 00:00:00+00:00, run_after=2024-04-06 00:00:00+00:00
[2024-04-06T00:08:16.987+0000] {processor.py:183} INFO - Processing /home/airflow/.local/lib/python3.8/site-packages/airflow/example_dags/example_skip_dag.py took 0.085 seconds
[2024-04-06T00:08:47.552+0000] {processor.py:161} INFO - Started process (PID=4103) to work on /home/airflow/.local/lib/python3.8/site-packages/airflow/example_dags/example_skip_dag.py
[2024-04-06T00:08:47.553+0000] {processor.py:830} INFO - Processing file /home/airflow/.local/lib/python3.8/site-packages/airflow/example_dags/example_skip_dag.py for tasks to queue
[2024-04-06T00:08:47.556+0000] {logging_mixin.py:188} INFO - [2024-04-06T00:08:47.555+0000] {dagbag.py:540} INFO - Filling up the DagBag from /home/airflow/.local/lib/python3.8/site-packages/airflow/example_dags/example_skip_dag.py
[2024-04-06T00:08:47.562+0000] {processor.py:840} INFO - DAG(s) 'example_skip_dag' retrieved from /home/airflow/.local/lib/python3.8/site-packages/airflow/example_dags/example_skip_dag.py
[2024-04-06T00:08:47.585+0000] {logging_mixin.py:188} INFO - [2024-04-06T00:08:47.585+0000] {dag.py:3047} INFO - Sync 1 DAGs
[2024-04-06T00:08:47.606+0000] {logging_mixin.py:188} INFO - [2024-04-06T00:08:47.606+0000] {dag.py:3834} INFO - Setting next_dagrun for example_skip_dag to 2024-04-05 00:00:00+00:00, run_after=2024-04-06 00:00:00+00:00
[2024-04-06T00:08:47.624+0000] {processor.py:183} INFO - Processing /home/airflow/.local/lib/python3.8/site-packages/airflow/example_dags/example_skip_dag.py took 0.076 seconds
[2024-04-06T00:09:18.134+0000] {processor.py:161} INFO - Started process (PID=4158) to work on /home/airflow/.local/lib/python3.8/site-packages/airflow/example_dags/example_skip_dag.py
[2024-04-06T00:09:18.135+0000] {processor.py:830} INFO - Processing file /home/airflow/.local/lib/python3.8/site-packages/airflow/example_dags/example_skip_dag.py for tasks to queue
[2024-04-06T00:09:18.138+0000] {logging_mixin.py:188} INFO - [2024-04-06T00:09:18.137+0000] {dagbag.py:540} INFO - Filling up the DagBag from /home/airflow/.local/lib/python3.8/site-packages/airflow/example_dags/example_skip_dag.py
[2024-04-06T00:09:18.146+0000] {processor.py:840} INFO - DAG(s) 'example_skip_dag' retrieved from /home/airflow/.local/lib/python3.8/site-packages/airflow/example_dags/example_skip_dag.py
[2024-04-06T00:09:18.171+0000] {logging_mixin.py:188} INFO - [2024-04-06T00:09:18.171+0000] {dag.py:3047} INFO - Sync 1 DAGs
[2024-04-06T00:09:18.192+0000] {logging_mixin.py:188} INFO - [2024-04-06T00:09:18.192+0000] {dag.py:3834} INFO - Setting next_dagrun for example_skip_dag to 2024-04-05 00:00:00+00:00, run_after=2024-04-06 00:00:00+00:00
[2024-04-06T00:09:18.228+0000] {processor.py:183} INFO - Processing /home/airflow/.local/lib/python3.8/site-packages/airflow/example_dags/example_skip_dag.py took 0.097 seconds
[2024-04-06T00:09:48.879+0000] {processor.py:161} INFO - Started process (PID=4213) to work on /home/airflow/.local/lib/python3.8/site-packages/airflow/example_dags/example_skip_dag.py
[2024-04-06T00:09:48.880+0000] {processor.py:830} INFO - Processing file /home/airflow/.local/lib/python3.8/site-packages/airflow/example_dags/example_skip_dag.py for tasks to queue
[2024-04-06T00:09:48.882+0000] {logging_mixin.py:188} INFO - [2024-04-06T00:09:48.882+0000] {dagbag.py:540} INFO - Filling up the DagBag from /home/airflow/.local/lib/python3.8/site-packages/airflow/example_dags/example_skip_dag.py
[2024-04-06T00:09:48.888+0000] {processor.py:840} INFO - DAG(s) 'example_skip_dag' retrieved from /home/airflow/.local/lib/python3.8/site-packages/airflow/example_dags/example_skip_dag.py
[2024-04-06T00:09:48.913+0000] {logging_mixin.py:188} INFO - [2024-04-06T00:09:48.913+0000] {dag.py:3047} INFO - Sync 1 DAGs
[2024-04-06T00:09:48.937+0000] {logging_mixin.py:188} INFO - [2024-04-06T00:09:48.937+0000] {dag.py:3834} INFO - Setting next_dagrun for example_skip_dag to 2024-04-05 00:00:00+00:00, run_after=2024-04-06 00:00:00+00:00
[2024-04-06T00:09:48.995+0000] {processor.py:183} INFO - Processing /home/airflow/.local/lib/python3.8/site-packages/airflow/example_dags/example_skip_dag.py took 0.120 seconds
