[2024-04-06T00:03:03.597+0000] {processor.py:161} INFO - Started process (PID=3469) to work on /home/airflow/.local/lib/python3.8/site-packages/airflow/example_dags/example_short_circuit_operator.py
[2024-04-06T00:03:03.601+0000] {processor.py:830} INFO - Processing file /home/airflow/.local/lib/python3.8/site-packages/airflow/example_dags/example_short_circuit_operator.py for tasks to queue
[2024-04-06T00:03:03.608+0000] {logging_mixin.py:188} INFO - [2024-04-06T00:03:03.607+0000] {dagbag.py:540} INFO - Filling up the DagBag from /home/airflow/.local/lib/python3.8/site-packages/airflow/example_dags/example_short_circuit_operator.py
[2024-04-06T00:03:03.632+0000] {processor.py:840} INFO - DAG(s) 'example_short_circuit_operator' retrieved from /home/airflow/.local/lib/python3.8/site-packages/airflow/example_dags/example_short_circuit_operator.py
[2024-04-06T00:03:03.711+0000] {logging_mixin.py:188} INFO - [2024-04-06T00:03:03.710+0000] {dag.py:3047} INFO - Sync 1 DAGs
[2024-04-06T00:03:03.773+0000] {logging_mixin.py:188} INFO - [2024-04-06T00:03:03.772+0000] {dag.py:3834} INFO - Setting next_dagrun for example_short_circuit_operator to 2024-04-05 00:00:00+00:00, run_after=2024-04-06 00:00:00+00:00
[2024-04-06T00:03:03.830+0000] {processor.py:183} INFO - Processing /home/airflow/.local/lib/python3.8/site-packages/airflow/example_dags/example_short_circuit_operator.py took 0.246 seconds
[2024-04-06T00:03:34.211+0000] {processor.py:161} INFO - Started process (PID=3524) to work on /home/airflow/.local/lib/python3.8/site-packages/airflow/example_dags/example_short_circuit_operator.py
[2024-04-06T00:03:34.214+0000] {processor.py:830} INFO - Processing file /home/airflow/.local/lib/python3.8/site-packages/airflow/example_dags/example_short_circuit_operator.py for tasks to queue
[2024-04-06T00:03:34.218+0000] {logging_mixin.py:188} INFO - [2024-04-06T00:03:34.218+0000] {dagbag.py:540} INFO - Filling up the DagBag from /home/airflow/.local/lib/python3.8/site-packages/airflow/example_dags/example_short_circuit_operator.py
[2024-04-06T00:03:34.231+0000] {processor.py:840} INFO - DAG(s) 'example_short_circuit_operator' retrieved from /home/airflow/.local/lib/python3.8/site-packages/airflow/example_dags/example_short_circuit_operator.py
[2024-04-06T00:03:34.268+0000] {logging_mixin.py:188} INFO - [2024-04-06T00:03:34.268+0000] {dag.py:3047} INFO - Sync 1 DAGs
[2024-04-06T00:03:34.301+0000] {logging_mixin.py:188} INFO - [2024-04-06T00:03:34.300+0000] {dag.py:3834} INFO - Setting next_dagrun for example_short_circuit_operator to 2024-04-05 00:00:00+00:00, run_after=2024-04-06 00:00:00+00:00
[2024-04-06T00:03:34.334+0000] {processor.py:183} INFO - Processing /home/airflow/.local/lib/python3.8/site-packages/airflow/example_dags/example_short_circuit_operator.py took 0.128 seconds
[2024-04-06T00:04:04.469+0000] {processor.py:161} INFO - Started process (PID=3579) to work on /home/airflow/.local/lib/python3.8/site-packages/airflow/example_dags/example_short_circuit_operator.py
[2024-04-06T00:04:04.472+0000] {processor.py:830} INFO - Processing file /home/airflow/.local/lib/python3.8/site-packages/airflow/example_dags/example_short_circuit_operator.py for tasks to queue
[2024-04-06T00:04:04.476+0000] {logging_mixin.py:188} INFO - [2024-04-06T00:04:04.476+0000] {dagbag.py:540} INFO - Filling up the DagBag from /home/airflow/.local/lib/python3.8/site-packages/airflow/example_dags/example_short_circuit_operator.py
[2024-04-06T00:04:04.489+0000] {processor.py:840} INFO - DAG(s) 'example_short_circuit_operator' retrieved from /home/airflow/.local/lib/python3.8/site-packages/airflow/example_dags/example_short_circuit_operator.py
[2024-04-06T00:04:04.524+0000] {logging_mixin.py:188} INFO - [2024-04-06T00:04:04.523+0000] {dag.py:3047} INFO - Sync 1 DAGs
[2024-04-06T00:04:04.555+0000] {logging_mixin.py:188} INFO - [2024-04-06T00:04:04.555+0000] {dag.py:3834} INFO - Setting next_dagrun for example_short_circuit_operator to 2024-04-05 00:00:00+00:00, run_after=2024-04-06 00:00:00+00:00
[2024-04-06T00:04:04.600+0000] {processor.py:183} INFO - Processing /home/airflow/.local/lib/python3.8/site-packages/airflow/example_dags/example_short_circuit_operator.py took 0.133 seconds
[2024-04-06T00:04:35.048+0000] {processor.py:161} INFO - Started process (PID=3634) to work on /home/airflow/.local/lib/python3.8/site-packages/airflow/example_dags/example_short_circuit_operator.py
[2024-04-06T00:04:35.050+0000] {processor.py:830} INFO - Processing file /home/airflow/.local/lib/python3.8/site-packages/airflow/example_dags/example_short_circuit_operator.py for tasks to queue
[2024-04-06T00:04:35.052+0000] {logging_mixin.py:188} INFO - [2024-04-06T00:04:35.051+0000] {dagbag.py:540} INFO - Filling up the DagBag from /home/airflow/.local/lib/python3.8/site-packages/airflow/example_dags/example_short_circuit_operator.py
[2024-04-06T00:04:35.059+0000] {processor.py:840} INFO - DAG(s) 'example_short_circuit_operator' retrieved from /home/airflow/.local/lib/python3.8/site-packages/airflow/example_dags/example_short_circuit_operator.py
[2024-04-06T00:04:35.085+0000] {logging_mixin.py:188} INFO - [2024-04-06T00:04:35.085+0000] {dag.py:3047} INFO - Sync 1 DAGs
[2024-04-06T00:04:35.106+0000] {logging_mixin.py:188} INFO - [2024-04-06T00:04:35.105+0000] {dag.py:3834} INFO - Setting next_dagrun for example_short_circuit_operator to 2024-04-05 00:00:00+00:00, run_after=2024-04-06 00:00:00+00:00
[2024-04-06T00:04:35.139+0000] {processor.py:183} INFO - Processing /home/airflow/.local/lib/python3.8/site-packages/airflow/example_dags/example_short_circuit_operator.py took 0.096 seconds
[2024-04-06T00:05:05.332+0000] {processor.py:161} INFO - Started process (PID=3689) to work on /home/airflow/.local/lib/python3.8/site-packages/airflow/example_dags/example_short_circuit_operator.py
[2024-04-06T00:05:05.333+0000] {processor.py:830} INFO - Processing file /home/airflow/.local/lib/python3.8/site-packages/airflow/example_dags/example_short_circuit_operator.py for tasks to queue
[2024-04-06T00:05:05.335+0000] {logging_mixin.py:188} INFO - [2024-04-06T00:05:05.335+0000] {dagbag.py:540} INFO - Filling up the DagBag from /home/airflow/.local/lib/python3.8/site-packages/airflow/example_dags/example_short_circuit_operator.py
[2024-04-06T00:05:05.343+0000] {processor.py:840} INFO - DAG(s) 'example_short_circuit_operator' retrieved from /home/airflow/.local/lib/python3.8/site-packages/airflow/example_dags/example_short_circuit_operator.py
[2024-04-06T00:05:05.369+0000] {logging_mixin.py:188} INFO - [2024-04-06T00:05:05.369+0000] {dag.py:3047} INFO - Sync 1 DAGs
[2024-04-06T00:05:05.389+0000] {logging_mixin.py:188} INFO - [2024-04-06T00:05:05.389+0000] {dag.py:3834} INFO - Setting next_dagrun for example_short_circuit_operator to 2024-04-05 00:00:00+00:00, run_after=2024-04-06 00:00:00+00:00
[2024-04-06T00:05:05.408+0000] {processor.py:183} INFO - Processing /home/airflow/.local/lib/python3.8/site-packages/airflow/example_dags/example_short_circuit_operator.py took 0.080 seconds
[2024-04-06T00:05:35.726+0000] {processor.py:161} INFO - Started process (PID=3744) to work on /home/airflow/.local/lib/python3.8/site-packages/airflow/example_dags/example_short_circuit_operator.py
[2024-04-06T00:05:35.727+0000] {processor.py:830} INFO - Processing file /home/airflow/.local/lib/python3.8/site-packages/airflow/example_dags/example_short_circuit_operator.py for tasks to queue
[2024-04-06T00:05:35.730+0000] {logging_mixin.py:188} INFO - [2024-04-06T00:05:35.729+0000] {dagbag.py:540} INFO - Filling up the DagBag from /home/airflow/.local/lib/python3.8/site-packages/airflow/example_dags/example_short_circuit_operator.py
[2024-04-06T00:05:35.739+0000] {processor.py:840} INFO - DAG(s) 'example_short_circuit_operator' retrieved from /home/airflow/.local/lib/python3.8/site-packages/airflow/example_dags/example_short_circuit_operator.py
[2024-04-06T00:05:35.764+0000] {logging_mixin.py:188} INFO - [2024-04-06T00:05:35.764+0000] {dag.py:3047} INFO - Sync 1 DAGs
[2024-04-06T00:05:35.786+0000] {logging_mixin.py:188} INFO - [2024-04-06T00:05:35.785+0000] {dag.py:3834} INFO - Setting next_dagrun for example_short_circuit_operator to 2024-04-05 00:00:00+00:00, run_after=2024-04-06 00:00:00+00:00
[2024-04-06T00:05:35.821+0000] {processor.py:183} INFO - Processing /home/airflow/.local/lib/python3.8/site-packages/airflow/example_dags/example_short_circuit_operator.py took 0.099 seconds
[2024-04-06T00:06:06.699+0000] {processor.py:161} INFO - Started process (PID=3799) to work on /home/airflow/.local/lib/python3.8/site-packages/airflow/example_dags/example_short_circuit_operator.py
[2024-04-06T00:06:06.700+0000] {processor.py:830} INFO - Processing file /home/airflow/.local/lib/python3.8/site-packages/airflow/example_dags/example_short_circuit_operator.py for tasks to queue
[2024-04-06T00:06:06.702+0000] {logging_mixin.py:188} INFO - [2024-04-06T00:06:06.702+0000] {dagbag.py:540} INFO - Filling up the DagBag from /home/airflow/.local/lib/python3.8/site-packages/airflow/example_dags/example_short_circuit_operator.py
[2024-04-06T00:06:06.710+0000] {processor.py:840} INFO - DAG(s) 'example_short_circuit_operator' retrieved from /home/airflow/.local/lib/python3.8/site-packages/airflow/example_dags/example_short_circuit_operator.py
[2024-04-06T00:06:06.737+0000] {logging_mixin.py:188} INFO - [2024-04-06T00:06:06.736+0000] {dag.py:3047} INFO - Sync 1 DAGs
[2024-04-06T00:06:06.758+0000] {logging_mixin.py:188} INFO - [2024-04-06T00:06:06.758+0000] {dag.py:3834} INFO - Setting next_dagrun for example_short_circuit_operator to 2024-04-05 00:00:00+00:00, run_after=2024-04-06 00:00:00+00:00
[2024-04-06T00:06:06.808+0000] {processor.py:183} INFO - Processing /home/airflow/.local/lib/python3.8/site-packages/airflow/example_dags/example_short_circuit_operator.py took 0.112 seconds
[2024-04-06T00:06:37.262+0000] {processor.py:161} INFO - Started process (PID=3854) to work on /home/airflow/.local/lib/python3.8/site-packages/airflow/example_dags/example_short_circuit_operator.py
[2024-04-06T00:06:37.263+0000] {processor.py:830} INFO - Processing file /home/airflow/.local/lib/python3.8/site-packages/airflow/example_dags/example_short_circuit_operator.py for tasks to queue
[2024-04-06T00:06:37.265+0000] {logging_mixin.py:188} INFO - [2024-04-06T00:06:37.265+0000] {dagbag.py:540} INFO - Filling up the DagBag from /home/airflow/.local/lib/python3.8/site-packages/airflow/example_dags/example_short_circuit_operator.py
[2024-04-06T00:06:37.273+0000] {processor.py:840} INFO - DAG(s) 'example_short_circuit_operator' retrieved from /home/airflow/.local/lib/python3.8/site-packages/airflow/example_dags/example_short_circuit_operator.py
[2024-04-06T00:06:37.298+0000] {logging_mixin.py:188} INFO - [2024-04-06T00:06:37.297+0000] {dag.py:3047} INFO - Sync 1 DAGs
[2024-04-06T00:06:37.320+0000] {logging_mixin.py:188} INFO - [2024-04-06T00:06:37.320+0000] {dag.py:3834} INFO - Setting next_dagrun for example_short_circuit_operator to 2024-04-05 00:00:00+00:00, run_after=2024-04-06 00:00:00+00:00
[2024-04-06T00:06:37.359+0000] {processor.py:183} INFO - Processing /home/airflow/.local/lib/python3.8/site-packages/airflow/example_dags/example_short_circuit_operator.py took 0.100 seconds
[2024-04-06T00:07:07.917+0000] {processor.py:161} INFO - Started process (PID=3909) to work on /home/airflow/.local/lib/python3.8/site-packages/airflow/example_dags/example_short_circuit_operator.py
[2024-04-06T00:07:07.919+0000] {processor.py:830} INFO - Processing file /home/airflow/.local/lib/python3.8/site-packages/airflow/example_dags/example_short_circuit_operator.py for tasks to queue
[2024-04-06T00:07:07.921+0000] {logging_mixin.py:188} INFO - [2024-04-06T00:07:07.921+0000] {dagbag.py:540} INFO - Filling up the DagBag from /home/airflow/.local/lib/python3.8/site-packages/airflow/example_dags/example_short_circuit_operator.py
[2024-04-06T00:07:07.931+0000] {processor.py:840} INFO - DAG(s) 'example_short_circuit_operator' retrieved from /home/airflow/.local/lib/python3.8/site-packages/airflow/example_dags/example_short_circuit_operator.py
[2024-04-06T00:07:07.958+0000] {logging_mixin.py:188} INFO - [2024-04-06T00:07:07.958+0000] {dag.py:3047} INFO - Sync 1 DAGs
[2024-04-06T00:07:07.982+0000] {logging_mixin.py:188} INFO - [2024-04-06T00:07:07.981+0000] {dag.py:3834} INFO - Setting next_dagrun for example_short_circuit_operator to 2024-04-05 00:00:00+00:00, run_after=2024-04-06 00:00:00+00:00
[2024-04-06T00:07:08.024+0000] {processor.py:183} INFO - Processing /home/airflow/.local/lib/python3.8/site-packages/airflow/example_dags/example_short_circuit_operator.py took 0.110 seconds
[2024-04-06T00:07:38.401+0000] {processor.py:161} INFO - Started process (PID=3964) to work on /home/airflow/.local/lib/python3.8/site-packages/airflow/example_dags/example_short_circuit_operator.py
[2024-04-06T00:07:38.404+0000] {processor.py:830} INFO - Processing file /home/airflow/.local/lib/python3.8/site-packages/airflow/example_dags/example_short_circuit_operator.py for tasks to queue
[2024-04-06T00:07:38.408+0000] {logging_mixin.py:188} INFO - [2024-04-06T00:07:38.407+0000] {dagbag.py:540} INFO - Filling up the DagBag from /home/airflow/.local/lib/python3.8/site-packages/airflow/example_dags/example_short_circuit_operator.py
[2024-04-06T00:07:38.419+0000] {processor.py:840} INFO - DAG(s) 'example_short_circuit_operator' retrieved from /home/airflow/.local/lib/python3.8/site-packages/airflow/example_dags/example_short_circuit_operator.py
[2024-04-06T00:07:38.451+0000] {logging_mixin.py:188} INFO - [2024-04-06T00:07:38.450+0000] {dag.py:3047} INFO - Sync 1 DAGs
[2024-04-06T00:07:38.478+0000] {logging_mixin.py:188} INFO - [2024-04-06T00:07:38.478+0000] {dag.py:3834} INFO - Setting next_dagrun for example_short_circuit_operator to 2024-04-05 00:00:00+00:00, run_after=2024-04-06 00:00:00+00:00
[2024-04-06T00:07:38.520+0000] {processor.py:183} INFO - Processing /home/airflow/.local/lib/python3.8/site-packages/airflow/example_dags/example_short_circuit_operator.py took 0.124 seconds
[2024-04-06T00:08:09.031+0000] {processor.py:161} INFO - Started process (PID=4019) to work on /home/airflow/.local/lib/python3.8/site-packages/airflow/example_dags/example_short_circuit_operator.py
[2024-04-06T00:08:09.032+0000] {processor.py:830} INFO - Processing file /home/airflow/.local/lib/python3.8/site-packages/airflow/example_dags/example_short_circuit_operator.py for tasks to queue
[2024-04-06T00:08:09.034+0000] {logging_mixin.py:188} INFO - [2024-04-06T00:08:09.034+0000] {dagbag.py:540} INFO - Filling up the DagBag from /home/airflow/.local/lib/python3.8/site-packages/airflow/example_dags/example_short_circuit_operator.py
[2024-04-06T00:08:09.043+0000] {processor.py:840} INFO - DAG(s) 'example_short_circuit_operator' retrieved from /home/airflow/.local/lib/python3.8/site-packages/airflow/example_dags/example_short_circuit_operator.py
[2024-04-06T00:08:09.068+0000] {logging_mixin.py:188} INFO - [2024-04-06T00:08:09.068+0000] {dag.py:3047} INFO - Sync 1 DAGs
[2024-04-06T00:08:09.090+0000] {logging_mixin.py:188} INFO - [2024-04-06T00:08:09.090+0000] {dag.py:3834} INFO - Setting next_dagrun for example_short_circuit_operator to 2024-04-05 00:00:00+00:00, run_after=2024-04-06 00:00:00+00:00
[2024-04-06T00:08:09.131+0000] {processor.py:183} INFO - Processing /home/airflow/.local/lib/python3.8/site-packages/airflow/example_dags/example_short_circuit_operator.py took 0.103 seconds
[2024-04-06T00:08:39.628+0000] {processor.py:161} INFO - Started process (PID=4074) to work on /home/airflow/.local/lib/python3.8/site-packages/airflow/example_dags/example_short_circuit_operator.py
[2024-04-06T00:08:39.630+0000] {processor.py:830} INFO - Processing file /home/airflow/.local/lib/python3.8/site-packages/airflow/example_dags/example_short_circuit_operator.py for tasks to queue
[2024-04-06T00:08:39.633+0000] {logging_mixin.py:188} INFO - [2024-04-06T00:08:39.633+0000] {dagbag.py:540} INFO - Filling up the DagBag from /home/airflow/.local/lib/python3.8/site-packages/airflow/example_dags/example_short_circuit_operator.py
[2024-04-06T00:08:39.643+0000] {processor.py:840} INFO - DAG(s) 'example_short_circuit_operator' retrieved from /home/airflow/.local/lib/python3.8/site-packages/airflow/example_dags/example_short_circuit_operator.py
[2024-04-06T00:08:39.673+0000] {logging_mixin.py:188} INFO - [2024-04-06T00:08:39.673+0000] {dag.py:3047} INFO - Sync 1 DAGs
[2024-04-06T00:08:39.696+0000] {logging_mixin.py:188} INFO - [2024-04-06T00:08:39.695+0000] {dag.py:3834} INFO - Setting next_dagrun for example_short_circuit_operator to 2024-04-05 00:00:00+00:00, run_after=2024-04-06 00:00:00+00:00
[2024-04-06T00:08:39.726+0000] {processor.py:183} INFO - Processing /home/airflow/.local/lib/python3.8/site-packages/airflow/example_dags/example_short_circuit_operator.py took 0.102 seconds
[2024-04-06T00:09:10.319+0000] {processor.py:161} INFO - Started process (PID=4129) to work on /home/airflow/.local/lib/python3.8/site-packages/airflow/example_dags/example_short_circuit_operator.py
[2024-04-06T00:09:10.320+0000] {processor.py:830} INFO - Processing file /home/airflow/.local/lib/python3.8/site-packages/airflow/example_dags/example_short_circuit_operator.py for tasks to queue
[2024-04-06T00:09:10.323+0000] {logging_mixin.py:188} INFO - [2024-04-06T00:09:10.323+0000] {dagbag.py:540} INFO - Filling up the DagBag from /home/airflow/.local/lib/python3.8/site-packages/airflow/example_dags/example_short_circuit_operator.py
[2024-04-06T00:09:10.334+0000] {processor.py:840} INFO - DAG(s) 'example_short_circuit_operator' retrieved from /home/airflow/.local/lib/python3.8/site-packages/airflow/example_dags/example_short_circuit_operator.py
[2024-04-06T00:09:10.360+0000] {logging_mixin.py:188} INFO - [2024-04-06T00:09:10.359+0000] {dag.py:3047} INFO - Sync 1 DAGs
[2024-04-06T00:09:10.386+0000] {logging_mixin.py:188} INFO - [2024-04-06T00:09:10.385+0000] {dag.py:3834} INFO - Setting next_dagrun for example_short_circuit_operator to 2024-04-05 00:00:00+00:00, run_after=2024-04-06 00:00:00+00:00
[2024-04-06T00:09:10.408+0000] {processor.py:183} INFO - Processing /home/airflow/.local/lib/python3.8/site-packages/airflow/example_dags/example_short_circuit_operator.py took 0.093 seconds
[2024-04-06T00:09:40.809+0000] {processor.py:161} INFO - Started process (PID=4184) to work on /home/airflow/.local/lib/python3.8/site-packages/airflow/example_dags/example_short_circuit_operator.py
[2024-04-06T00:09:40.810+0000] {processor.py:830} INFO - Processing file /home/airflow/.local/lib/python3.8/site-packages/airflow/example_dags/example_short_circuit_operator.py for tasks to queue
[2024-04-06T00:09:40.812+0000] {logging_mixin.py:188} INFO - [2024-04-06T00:09:40.812+0000] {dagbag.py:540} INFO - Filling up the DagBag from /home/airflow/.local/lib/python3.8/site-packages/airflow/example_dags/example_short_circuit_operator.py
[2024-04-06T00:09:40.819+0000] {processor.py:840} INFO - DAG(s) 'example_short_circuit_operator' retrieved from /home/airflow/.local/lib/python3.8/site-packages/airflow/example_dags/example_short_circuit_operator.py
[2024-04-06T00:09:40.855+0000] {logging_mixin.py:188} INFO - [2024-04-06T00:09:40.855+0000] {dag.py:3047} INFO - Sync 1 DAGs
[2024-04-06T00:09:40.884+0000] {logging_mixin.py:188} INFO - [2024-04-06T00:09:40.883+0000] {dag.py:3834} INFO - Setting next_dagrun for example_short_circuit_operator to 2024-04-05 00:00:00+00:00, run_after=2024-04-06 00:00:00+00:00
[2024-04-06T00:09:40.910+0000] {processor.py:183} INFO - Processing /home/airflow/.local/lib/python3.8/site-packages/airflow/example_dags/example_short_circuit_operator.py took 0.105 seconds
[2024-04-06T00:10:11.656+0000] {processor.py:161} INFO - Started process (PID=4239) to work on /home/airflow/.local/lib/python3.8/site-packages/airflow/example_dags/example_short_circuit_operator.py
[2024-04-06T00:10:11.659+0000] {processor.py:830} INFO - Processing file /home/airflow/.local/lib/python3.8/site-packages/airflow/example_dags/example_short_circuit_operator.py for tasks to queue
[2024-04-06T00:10:11.665+0000] {logging_mixin.py:188} INFO - [2024-04-06T00:10:11.664+0000] {dagbag.py:540} INFO - Filling up the DagBag from /home/airflow/.local/lib/python3.8/site-packages/airflow/example_dags/example_short_circuit_operator.py
[2024-04-06T00:10:11.682+0000] {processor.py:840} INFO - DAG(s) 'example_short_circuit_operator' retrieved from /home/airflow/.local/lib/python3.8/site-packages/airflow/example_dags/example_short_circuit_operator.py
[2024-04-06T00:10:11.725+0000] {logging_mixin.py:188} INFO - [2024-04-06T00:10:11.724+0000] {dag.py:3047} INFO - Sync 1 DAGs
[2024-04-06T00:10:11.755+0000] {logging_mixin.py:188} INFO - [2024-04-06T00:10:11.755+0000] {dag.py:3834} INFO - Setting next_dagrun for example_short_circuit_operator to 2024-04-05 00:00:00+00:00, run_after=2024-04-06 00:00:00+00:00
[2024-04-06T00:10:11.776+0000] {processor.py:183} INFO - Processing /home/airflow/.local/lib/python3.8/site-packages/airflow/example_dags/example_short_circuit_operator.py took 0.126 seconds
