[2024-04-06T00:03:07.583+0000] {processor.py:161} INFO - Started process (PID=3479) to work on /home/airflow/.local/lib/python3.8/site-packages/airflow/example_dags/example_sla_dag.py
[2024-04-06T00:03:07.585+0000] {processor.py:830} INFO - Processing file /home/airflow/.local/lib/python3.8/site-packages/airflow/example_dags/example_sla_dag.py for tasks to queue
[2024-04-06T00:03:07.596+0000] {logging_mixin.py:188} INFO - [2024-04-06T00:03:07.595+0000] {dagbag.py:540} INFO - Filling up the DagBag from /home/airflow/.local/lib/python3.8/site-packages/airflow/example_dags/example_sla_dag.py
[2024-04-06T00:03:07.630+0000] {processor.py:840} INFO - DAG(s) 'example_sla_dag' retrieved from /home/airflow/.local/lib/python3.8/site-packages/airflow/example_dags/example_sla_dag.py
[2024-04-06T00:03:07.688+0000] {logging_mixin.py:188} INFO - [2024-04-06T00:03:07.687+0000] {dag.py:3047} INFO - Sync 1 DAGs
[2024-04-06T00:03:07.756+0000] {logging_mixin.py:188} INFO - [2024-04-06T00:03:07.756+0000] {dag.py:3834} INFO - Setting next_dagrun for example_sla_dag to 2024-04-06 00:00:00+00:00, run_after=2024-04-06 00:02:00+00:00
[2024-04-06T00:03:07.799+0000] {processor.py:183} INFO - Processing /home/airflow/.local/lib/python3.8/site-packages/airflow/example_dags/example_sla_dag.py took 0.224 seconds
[2024-04-06T00:03:38.466+0000] {processor.py:161} INFO - Started process (PID=3534) to work on /home/airflow/.local/lib/python3.8/site-packages/airflow/example_dags/example_sla_dag.py
[2024-04-06T00:03:38.468+0000] {processor.py:830} INFO - Processing file /home/airflow/.local/lib/python3.8/site-packages/airflow/example_dags/example_sla_dag.py for tasks to queue
[2024-04-06T00:03:38.471+0000] {logging_mixin.py:188} INFO - [2024-04-06T00:03:38.471+0000] {dagbag.py:540} INFO - Filling up the DagBag from /home/airflow/.local/lib/python3.8/site-packages/airflow/example_dags/example_sla_dag.py
[2024-04-06T00:03:38.483+0000] {processor.py:840} INFO - DAG(s) 'example_sla_dag' retrieved from /home/airflow/.local/lib/python3.8/site-packages/airflow/example_dags/example_sla_dag.py
[2024-04-06T00:03:38.513+0000] {logging_mixin.py:188} INFO - [2024-04-06T00:03:38.513+0000] {dag.py:3047} INFO - Sync 1 DAGs
[2024-04-06T00:03:38.545+0000] {logging_mixin.py:188} INFO - [2024-04-06T00:03:38.545+0000] {dag.py:3834} INFO - Setting next_dagrun for example_sla_dag to 2024-04-06 00:00:00+00:00, run_after=2024-04-06 00:02:00+00:00
[2024-04-06T00:03:38.577+0000] {processor.py:183} INFO - Processing /home/airflow/.local/lib/python3.8/site-packages/airflow/example_dags/example_sla_dag.py took 0.115 seconds
[2024-04-06T00:04:09.224+0000] {processor.py:161} INFO - Started process (PID=3589) to work on /home/airflow/.local/lib/python3.8/site-packages/airflow/example_dags/example_sla_dag.py
[2024-04-06T00:04:09.226+0000] {processor.py:830} INFO - Processing file /home/airflow/.local/lib/python3.8/site-packages/airflow/example_dags/example_sla_dag.py for tasks to queue
[2024-04-06T00:04:09.229+0000] {logging_mixin.py:188} INFO - [2024-04-06T00:04:09.228+0000] {dagbag.py:540} INFO - Filling up the DagBag from /home/airflow/.local/lib/python3.8/site-packages/airflow/example_dags/example_sla_dag.py
[2024-04-06T00:04:09.239+0000] {processor.py:840} INFO - DAG(s) 'example_sla_dag' retrieved from /home/airflow/.local/lib/python3.8/site-packages/airflow/example_dags/example_sla_dag.py
[2024-04-06T00:04:09.271+0000] {logging_mixin.py:188} INFO - [2024-04-06T00:04:09.271+0000] {dag.py:3047} INFO - Sync 1 DAGs
[2024-04-06T00:04:09.300+0000] {logging_mixin.py:188} INFO - [2024-04-06T00:04:09.300+0000] {dag.py:3834} INFO - Setting next_dagrun for example_sla_dag to 2024-04-06 00:02:00+00:00, run_after=2024-04-06 00:04:00+00:00
[2024-04-06T00:04:09.348+0000] {processor.py:183} INFO - Processing /home/airflow/.local/lib/python3.8/site-packages/airflow/example_dags/example_sla_dag.py took 0.127 seconds
[2024-04-06T00:04:40.072+0000] {processor.py:161} INFO - Started process (PID=3644) to work on /home/airflow/.local/lib/python3.8/site-packages/airflow/example_dags/example_sla_dag.py
[2024-04-06T00:04:40.074+0000] {processor.py:830} INFO - Processing file /home/airflow/.local/lib/python3.8/site-packages/airflow/example_dags/example_sla_dag.py for tasks to queue
[2024-04-06T00:04:40.076+0000] {logging_mixin.py:188} INFO - [2024-04-06T00:04:40.076+0000] {dagbag.py:540} INFO - Filling up the DagBag from /home/airflow/.local/lib/python3.8/site-packages/airflow/example_dags/example_sla_dag.py
[2024-04-06T00:04:40.085+0000] {processor.py:840} INFO - DAG(s) 'example_sla_dag' retrieved from /home/airflow/.local/lib/python3.8/site-packages/airflow/example_dags/example_sla_dag.py
[2024-04-06T00:04:40.106+0000] {logging_mixin.py:188} INFO - [2024-04-06T00:04:40.106+0000] {dag.py:3047} INFO - Sync 1 DAGs
[2024-04-06T00:04:40.133+0000] {logging_mixin.py:188} INFO - [2024-04-06T00:04:40.133+0000] {dag.py:3834} INFO - Setting next_dagrun for example_sla_dag to 2024-04-06 00:02:00+00:00, run_after=2024-04-06 00:04:00+00:00
[2024-04-06T00:04:40.187+0000] {processor.py:183} INFO - Processing /home/airflow/.local/lib/python3.8/site-packages/airflow/example_dags/example_sla_dag.py took 0.119 seconds
[2024-04-06T00:05:10.312+0000] {processor.py:161} INFO - Started process (PID=3698) to work on /home/airflow/.local/lib/python3.8/site-packages/airflow/example_dags/example_sla_dag.py
[2024-04-06T00:05:10.314+0000] {processor.py:830} INFO - Processing file /home/airflow/.local/lib/python3.8/site-packages/airflow/example_dags/example_sla_dag.py for tasks to queue
[2024-04-06T00:05:10.318+0000] {logging_mixin.py:188} INFO - [2024-04-06T00:05:10.317+0000] {dagbag.py:540} INFO - Filling up the DagBag from /home/airflow/.local/lib/python3.8/site-packages/airflow/example_dags/example_sla_dag.py
[2024-04-06T00:05:10.333+0000] {processor.py:840} INFO - DAG(s) 'example_sla_dag' retrieved from /home/airflow/.local/lib/python3.8/site-packages/airflow/example_dags/example_sla_dag.py
[2024-04-06T00:05:10.365+0000] {logging_mixin.py:188} INFO - [2024-04-06T00:05:10.365+0000] {dag.py:3047} INFO - Sync 1 DAGs
[2024-04-06T00:05:10.392+0000] {logging_mixin.py:188} INFO - [2024-04-06T00:05:10.391+0000] {dag.py:3834} INFO - Setting next_dagrun for example_sla_dag to 2024-04-06 00:02:00+00:00, run_after=2024-04-06 00:04:00+00:00
[2024-04-06T00:05:10.414+0000] {processor.py:183} INFO - Processing /home/airflow/.local/lib/python3.8/site-packages/airflow/example_dags/example_sla_dag.py took 0.106 seconds
[2024-04-06T00:05:40.563+0000] {processor.py:161} INFO - Started process (PID=3753) to work on /home/airflow/.local/lib/python3.8/site-packages/airflow/example_dags/example_sla_dag.py
[2024-04-06T00:05:40.565+0000] {processor.py:830} INFO - Processing file /home/airflow/.local/lib/python3.8/site-packages/airflow/example_dags/example_sla_dag.py for tasks to queue
[2024-04-06T00:05:40.567+0000] {logging_mixin.py:188} INFO - [2024-04-06T00:05:40.567+0000] {dagbag.py:540} INFO - Filling up the DagBag from /home/airflow/.local/lib/python3.8/site-packages/airflow/example_dags/example_sla_dag.py
[2024-04-06T00:05:40.575+0000] {processor.py:840} INFO - DAG(s) 'example_sla_dag' retrieved from /home/airflow/.local/lib/python3.8/site-packages/airflow/example_dags/example_sla_dag.py
[2024-04-06T00:05:40.596+0000] {logging_mixin.py:188} INFO - [2024-04-06T00:05:40.596+0000] {dag.py:3047} INFO - Sync 1 DAGs
[2024-04-06T00:05:40.618+0000] {logging_mixin.py:188} INFO - [2024-04-06T00:05:40.618+0000] {dag.py:3834} INFO - Setting next_dagrun for example_sla_dag to 2024-04-06 00:02:00+00:00, run_after=2024-04-06 00:04:00+00:00
[2024-04-06T00:05:40.646+0000] {processor.py:183} INFO - Processing /home/airflow/.local/lib/python3.8/site-packages/airflow/example_dags/example_sla_dag.py took 0.086 seconds
[2024-04-06T00:06:11.317+0000] {processor.py:161} INFO - Started process (PID=3809) to work on /home/airflow/.local/lib/python3.8/site-packages/airflow/example_dags/example_sla_dag.py
[2024-04-06T00:06:11.318+0000] {processor.py:830} INFO - Processing file /home/airflow/.local/lib/python3.8/site-packages/airflow/example_dags/example_sla_dag.py for tasks to queue
[2024-04-06T00:06:11.320+0000] {logging_mixin.py:188} INFO - [2024-04-06T00:06:11.320+0000] {dagbag.py:540} INFO - Filling up the DagBag from /home/airflow/.local/lib/python3.8/site-packages/airflow/example_dags/example_sla_dag.py
[2024-04-06T00:06:11.329+0000] {processor.py:840} INFO - DAG(s) 'example_sla_dag' retrieved from /home/airflow/.local/lib/python3.8/site-packages/airflow/example_dags/example_sla_dag.py
[2024-04-06T00:06:11.350+0000] {logging_mixin.py:188} INFO - [2024-04-06T00:06:11.350+0000] {dag.py:3047} INFO - Sync 1 DAGs
[2024-04-06T00:06:11.376+0000] {logging_mixin.py:188} INFO - [2024-04-06T00:06:11.376+0000] {dag.py:3834} INFO - Setting next_dagrun for example_sla_dag to 2024-04-06 00:04:00+00:00, run_after=2024-04-06 00:06:00+00:00
[2024-04-06T00:06:11.398+0000] {processor.py:183} INFO - Processing /home/airflow/.local/lib/python3.8/site-packages/airflow/example_dags/example_sla_dag.py took 0.086 seconds
[2024-04-06T00:06:41.917+0000] {processor.py:161} INFO - Started process (PID=3864) to work on /home/airflow/.local/lib/python3.8/site-packages/airflow/example_dags/example_sla_dag.py
[2024-04-06T00:06:41.918+0000] {processor.py:830} INFO - Processing file /home/airflow/.local/lib/python3.8/site-packages/airflow/example_dags/example_sla_dag.py for tasks to queue
[2024-04-06T00:06:41.921+0000] {logging_mixin.py:188} INFO - [2024-04-06T00:06:41.920+0000] {dagbag.py:540} INFO - Filling up the DagBag from /home/airflow/.local/lib/python3.8/site-packages/airflow/example_dags/example_sla_dag.py
[2024-04-06T00:06:41.932+0000] {processor.py:840} INFO - DAG(s) 'example_sla_dag' retrieved from /home/airflow/.local/lib/python3.8/site-packages/airflow/example_dags/example_sla_dag.py
[2024-04-06T00:06:41.952+0000] {logging_mixin.py:188} INFO - [2024-04-06T00:06:41.951+0000] {dag.py:3047} INFO - Sync 1 DAGs
[2024-04-06T00:06:41.977+0000] {logging_mixin.py:188} INFO - [2024-04-06T00:06:41.977+0000] {dag.py:3834} INFO - Setting next_dagrun for example_sla_dag to 2024-04-06 00:04:00+00:00, run_after=2024-04-06 00:06:00+00:00
[2024-04-06T00:06:41.996+0000] {processor.py:183} INFO - Processing /home/airflow/.local/lib/python3.8/site-packages/airflow/example_dags/example_sla_dag.py took 0.083 seconds
[2024-04-06T00:07:12.783+0000] {processor.py:161} INFO - Started process (PID=3919) to work on /home/airflow/.local/lib/python3.8/site-packages/airflow/example_dags/example_sla_dag.py
[2024-04-06T00:07:12.784+0000] {processor.py:830} INFO - Processing file /home/airflow/.local/lib/python3.8/site-packages/airflow/example_dags/example_sla_dag.py for tasks to queue
[2024-04-06T00:07:12.786+0000] {logging_mixin.py:188} INFO - [2024-04-06T00:07:12.785+0000] {dagbag.py:540} INFO - Filling up the DagBag from /home/airflow/.local/lib/python3.8/site-packages/airflow/example_dags/example_sla_dag.py
[2024-04-06T00:07:12.798+0000] {processor.py:840} INFO - DAG(s) 'example_sla_dag' retrieved from /home/airflow/.local/lib/python3.8/site-packages/airflow/example_dags/example_sla_dag.py
[2024-04-06T00:07:12.817+0000] {logging_mixin.py:188} INFO - [2024-04-06T00:07:12.817+0000] {dag.py:3047} INFO - Sync 1 DAGs
[2024-04-06T00:07:12.843+0000] {logging_mixin.py:188} INFO - [2024-04-06T00:07:12.843+0000] {dag.py:3834} INFO - Setting next_dagrun for example_sla_dag to 2024-04-06 00:04:00+00:00, run_after=2024-04-06 00:06:00+00:00
[2024-04-06T00:07:12.885+0000] {processor.py:183} INFO - Processing /home/airflow/.local/lib/python3.8/site-packages/airflow/example_dags/example_sla_dag.py took 0.107 seconds
[2024-04-06T00:07:43.159+0000] {processor.py:161} INFO - Started process (PID=3974) to work on /home/airflow/.local/lib/python3.8/site-packages/airflow/example_dags/example_sla_dag.py
[2024-04-06T00:07:43.161+0000] {processor.py:830} INFO - Processing file /home/airflow/.local/lib/python3.8/site-packages/airflow/example_dags/example_sla_dag.py for tasks to queue
[2024-04-06T00:07:43.163+0000] {logging_mixin.py:188} INFO - [2024-04-06T00:07:43.162+0000] {dagbag.py:540} INFO - Filling up the DagBag from /home/airflow/.local/lib/python3.8/site-packages/airflow/example_dags/example_sla_dag.py
[2024-04-06T00:07:43.172+0000] {processor.py:840} INFO - DAG(s) 'example_sla_dag' retrieved from /home/airflow/.local/lib/python3.8/site-packages/airflow/example_dags/example_sla_dag.py
[2024-04-06T00:07:43.193+0000] {logging_mixin.py:188} INFO - [2024-04-06T00:07:43.193+0000] {dag.py:3047} INFO - Sync 1 DAGs
[2024-04-06T00:07:43.217+0000] {logging_mixin.py:188} INFO - [2024-04-06T00:07:43.217+0000] {dag.py:3834} INFO - Setting next_dagrun for example_sla_dag to 2024-04-06 00:04:00+00:00, run_after=2024-04-06 00:06:00+00:00
[2024-04-06T00:07:43.240+0000] {processor.py:183} INFO - Processing /home/airflow/.local/lib/python3.8/site-packages/airflow/example_dags/example_sla_dag.py took 0.084 seconds
[2024-04-06T00:08:13.748+0000] {processor.py:161} INFO - Started process (PID=4029) to work on /home/airflow/.local/lib/python3.8/site-packages/airflow/example_dags/example_sla_dag.py
[2024-04-06T00:08:13.749+0000] {processor.py:830} INFO - Processing file /home/airflow/.local/lib/python3.8/site-packages/airflow/example_dags/example_sla_dag.py for tasks to queue
[2024-04-06T00:08:13.751+0000] {logging_mixin.py:188} INFO - [2024-04-06T00:08:13.751+0000] {dagbag.py:540} INFO - Filling up the DagBag from /home/airflow/.local/lib/python3.8/site-packages/airflow/example_dags/example_sla_dag.py
[2024-04-06T00:08:13.762+0000] {processor.py:840} INFO - DAG(s) 'example_sla_dag' retrieved from /home/airflow/.local/lib/python3.8/site-packages/airflow/example_dags/example_sla_dag.py
[2024-04-06T00:08:13.784+0000] {logging_mixin.py:188} INFO - [2024-04-06T00:08:13.784+0000] {dag.py:3047} INFO - Sync 1 DAGs
[2024-04-06T00:08:13.811+0000] {logging_mixin.py:188} INFO - [2024-04-06T00:08:13.811+0000] {dag.py:3834} INFO - Setting next_dagrun for example_sla_dag to 2024-04-06 00:06:00+00:00, run_after=2024-04-06 00:08:00+00:00
[2024-04-06T00:08:13.830+0000] {processor.py:183} INFO - Processing /home/airflow/.local/lib/python3.8/site-packages/airflow/example_dags/example_sla_dag.py took 0.085 seconds
[2024-04-06T00:08:44.284+0000] {processor.py:161} INFO - Started process (PID=4084) to work on /home/airflow/.local/lib/python3.8/site-packages/airflow/example_dags/example_sla_dag.py
[2024-04-06T00:08:44.285+0000] {processor.py:830} INFO - Processing file /home/airflow/.local/lib/python3.8/site-packages/airflow/example_dags/example_sla_dag.py for tasks to queue
[2024-04-06T00:08:44.287+0000] {logging_mixin.py:188} INFO - [2024-04-06T00:08:44.287+0000] {dagbag.py:540} INFO - Filling up the DagBag from /home/airflow/.local/lib/python3.8/site-packages/airflow/example_dags/example_sla_dag.py
[2024-04-06T00:08:44.295+0000] {processor.py:840} INFO - DAG(s) 'example_sla_dag' retrieved from /home/airflow/.local/lib/python3.8/site-packages/airflow/example_dags/example_sla_dag.py
[2024-04-06T00:08:44.313+0000] {logging_mixin.py:188} INFO - [2024-04-06T00:08:44.313+0000] {dag.py:3047} INFO - Sync 1 DAGs
[2024-04-06T00:08:44.335+0000] {logging_mixin.py:188} INFO - [2024-04-06T00:08:44.335+0000] {dag.py:3834} INFO - Setting next_dagrun for example_sla_dag to 2024-04-06 00:06:00+00:00, run_after=2024-04-06 00:08:00+00:00
[2024-04-06T00:08:44.354+0000] {processor.py:183} INFO - Processing /home/airflow/.local/lib/python3.8/site-packages/airflow/example_dags/example_sla_dag.py took 0.076 seconds
[2024-04-06T00:09:14.861+0000] {processor.py:161} INFO - Started process (PID=4139) to work on /home/airflow/.local/lib/python3.8/site-packages/airflow/example_dags/example_sla_dag.py
[2024-04-06T00:09:14.863+0000] {processor.py:830} INFO - Processing file /home/airflow/.local/lib/python3.8/site-packages/airflow/example_dags/example_sla_dag.py for tasks to queue
[2024-04-06T00:09:14.865+0000] {logging_mixin.py:188} INFO - [2024-04-06T00:09:14.864+0000] {dagbag.py:540} INFO - Filling up the DagBag from /home/airflow/.local/lib/python3.8/site-packages/airflow/example_dags/example_sla_dag.py
[2024-04-06T00:09:14.875+0000] {processor.py:840} INFO - DAG(s) 'example_sla_dag' retrieved from /home/airflow/.local/lib/python3.8/site-packages/airflow/example_dags/example_sla_dag.py
[2024-04-06T00:09:14.899+0000] {logging_mixin.py:188} INFO - [2024-04-06T00:09:14.899+0000] {dag.py:3047} INFO - Sync 1 DAGs
[2024-04-06T00:09:14.921+0000] {logging_mixin.py:188} INFO - [2024-04-06T00:09:14.921+0000] {dag.py:3834} INFO - Setting next_dagrun for example_sla_dag to 2024-04-06 00:06:00+00:00, run_after=2024-04-06 00:08:00+00:00
[2024-04-06T00:09:14.936+0000] {processor.py:183} INFO - Processing /home/airflow/.local/lib/python3.8/site-packages/airflow/example_dags/example_sla_dag.py took 0.079 seconds
[2024-04-06T00:09:45.471+0000] {processor.py:161} INFO - Started process (PID=4194) to work on /home/airflow/.local/lib/python3.8/site-packages/airflow/example_dags/example_sla_dag.py
[2024-04-06T00:09:45.472+0000] {processor.py:830} INFO - Processing file /home/airflow/.local/lib/python3.8/site-packages/airflow/example_dags/example_sla_dag.py for tasks to queue
[2024-04-06T00:09:45.474+0000] {logging_mixin.py:188} INFO - [2024-04-06T00:09:45.474+0000] {dagbag.py:540} INFO - Filling up the DagBag from /home/airflow/.local/lib/python3.8/site-packages/airflow/example_dags/example_sla_dag.py
[2024-04-06T00:09:45.482+0000] {processor.py:840} INFO - DAG(s) 'example_sla_dag' retrieved from /home/airflow/.local/lib/python3.8/site-packages/airflow/example_dags/example_sla_dag.py
[2024-04-06T00:09:45.501+0000] {logging_mixin.py:188} INFO - [2024-04-06T00:09:45.500+0000] {dag.py:3047} INFO - Sync 1 DAGs
[2024-04-06T00:09:45.523+0000] {logging_mixin.py:188} INFO - [2024-04-06T00:09:45.523+0000] {dag.py:3834} INFO - Setting next_dagrun for example_sla_dag to 2024-04-06 00:06:00+00:00, run_after=2024-04-06 00:08:00+00:00
[2024-04-06T00:09:45.564+0000] {processor.py:183} INFO - Processing /home/airflow/.local/lib/python3.8/site-packages/airflow/example_dags/example_sla_dag.py took 0.096 seconds
[2024-04-06T00:10:16.362+0000] {processor.py:161} INFO - Started process (PID=4249) to work on /home/airflow/.local/lib/python3.8/site-packages/airflow/example_dags/example_sla_dag.py
[2024-04-06T00:10:16.363+0000] {processor.py:830} INFO - Processing file /home/airflow/.local/lib/python3.8/site-packages/airflow/example_dags/example_sla_dag.py for tasks to queue
[2024-04-06T00:10:16.365+0000] {logging_mixin.py:188} INFO - [2024-04-06T00:10:16.365+0000] {dagbag.py:540} INFO - Filling up the DagBag from /home/airflow/.local/lib/python3.8/site-packages/airflow/example_dags/example_sla_dag.py
[2024-04-06T00:10:16.377+0000] {processor.py:840} INFO - DAG(s) 'example_sla_dag' retrieved from /home/airflow/.local/lib/python3.8/site-packages/airflow/example_dags/example_sla_dag.py
[2024-04-06T00:10:16.401+0000] {logging_mixin.py:188} INFO - [2024-04-06T00:10:16.400+0000] {dag.py:3047} INFO - Sync 1 DAGs
[2024-04-06T00:10:16.435+0000] {logging_mixin.py:188} INFO - [2024-04-06T00:10:16.434+0000] {dag.py:3834} INFO - Setting next_dagrun for example_sla_dag to 2024-04-06 00:08:00+00:00, run_after=2024-04-06 00:10:00+00:00
[2024-04-06T00:10:16.460+0000] {processor.py:183} INFO - Processing /home/airflow/.local/lib/python3.8/site-packages/airflow/example_dags/example_sla_dag.py took 0.102 seconds
