[2024-04-06T00:03:03.165+0000] {processor.py:161} INFO - Started process (PID=3468) to work on /home/airflow/.local/lib/python3.8/site-packages/airflow/example_dags/example_python_operator.py
[2024-04-06T00:03:03.168+0000] {processor.py:830} INFO - Processing file /home/airflow/.local/lib/python3.8/site-packages/airflow/example_dags/example_python_operator.py for tasks to queue
[2024-04-06T00:03:03.175+0000] {logging_mixin.py:188} INFO - [2024-04-06T00:03:03.174+0000] {dagbag.py:540} INFO - Filling up the DagBag from /home/airflow/.local/lib/python3.8/site-packages/airflow/example_dags/example_python_operator.py
[2024-04-06T00:03:03.228+0000] {processor.py:840} INFO - DAG(s) 'example_python_operator' retrieved from /home/airflow/.local/lib/python3.8/site-packages/airflow/example_dags/example_python_operator.py
[2024-04-06T00:03:03.323+0000] {logging_mixin.py:188} INFO - [2024-04-06T00:03:03.322+0000] {dag.py:3047} INFO - Sync 1 DAGs
[2024-04-06T00:03:03.377+0000] {logging_mixin.py:188} INFO - [2024-04-06T00:03:03.376+0000] {dag.py:3834} INFO - Setting next_dagrun for example_python_operator to None, run_after=None
[2024-04-06T00:03:03.445+0000] {processor.py:183} INFO - Processing /home/airflow/.local/lib/python3.8/site-packages/airflow/example_dags/example_python_operator.py took 0.295 seconds
[2024-04-06T00:03:33.985+0000] {processor.py:161} INFO - Started process (PID=3523) to work on /home/airflow/.local/lib/python3.8/site-packages/airflow/example_dags/example_python_operator.py
[2024-04-06T00:03:33.988+0000] {processor.py:830} INFO - Processing file /home/airflow/.local/lib/python3.8/site-packages/airflow/example_dags/example_python_operator.py for tasks to queue
[2024-04-06T00:03:33.993+0000] {logging_mixin.py:188} INFO - [2024-04-06T00:03:33.993+0000] {dagbag.py:540} INFO - Filling up the DagBag from /home/airflow/.local/lib/python3.8/site-packages/airflow/example_dags/example_python_operator.py
[2024-04-06T00:03:34.008+0000] {processor.py:840} INFO - DAG(s) 'example_python_operator' retrieved from /home/airflow/.local/lib/python3.8/site-packages/airflow/example_dags/example_python_operator.py
[2024-04-06T00:03:34.040+0000] {logging_mixin.py:188} INFO - [2024-04-06T00:03:34.040+0000] {dag.py:3047} INFO - Sync 1 DAGs
[2024-04-06T00:03:34.055+0000] {logging_mixin.py:188} INFO - [2024-04-06T00:03:34.055+0000] {dag.py:3834} INFO - Setting next_dagrun for example_python_operator to None, run_after=None
[2024-04-06T00:03:34.113+0000] {processor.py:183} INFO - Processing /home/airflow/.local/lib/python3.8/site-packages/airflow/example_dags/example_python_operator.py took 0.132 seconds
[2024-04-06T00:04:04.469+0000] {processor.py:161} INFO - Started process (PID=3578) to work on /home/airflow/.local/lib/python3.8/site-packages/airflow/example_dags/example_python_operator.py
[2024-04-06T00:04:04.471+0000] {processor.py:830} INFO - Processing file /home/airflow/.local/lib/python3.8/site-packages/airflow/example_dags/example_python_operator.py for tasks to queue
[2024-04-06T00:04:04.476+0000] {logging_mixin.py:188} INFO - [2024-04-06T00:04:04.476+0000] {dagbag.py:540} INFO - Filling up the DagBag from /home/airflow/.local/lib/python3.8/site-packages/airflow/example_dags/example_python_operator.py
[2024-04-06T00:04:04.492+0000] {processor.py:840} INFO - DAG(s) 'example_python_operator' retrieved from /home/airflow/.local/lib/python3.8/site-packages/airflow/example_dags/example_python_operator.py
[2024-04-06T00:04:04.528+0000] {logging_mixin.py:188} INFO - [2024-04-06T00:04:04.528+0000] {dag.py:3047} INFO - Sync 1 DAGs
[2024-04-06T00:04:04.544+0000] {logging_mixin.py:188} INFO - [2024-04-06T00:04:04.544+0000] {dag.py:3834} INFO - Setting next_dagrun for example_python_operator to None, run_after=None
[2024-04-06T00:04:04.601+0000] {processor.py:183} INFO - Processing /home/airflow/.local/lib/python3.8/site-packages/airflow/example_dags/example_python_operator.py took 0.135 seconds
[2024-04-06T00:04:35.048+0000] {processor.py:161} INFO - Started process (PID=3633) to work on /home/airflow/.local/lib/python3.8/site-packages/airflow/example_dags/example_python_operator.py
[2024-04-06T00:04:35.049+0000] {processor.py:830} INFO - Processing file /home/airflow/.local/lib/python3.8/site-packages/airflow/example_dags/example_python_operator.py for tasks to queue
[2024-04-06T00:04:35.052+0000] {logging_mixin.py:188} INFO - [2024-04-06T00:04:35.051+0000] {dagbag.py:540} INFO - Filling up the DagBag from /home/airflow/.local/lib/python3.8/site-packages/airflow/example_dags/example_python_operator.py
[2024-04-06T00:04:35.062+0000] {processor.py:840} INFO - DAG(s) 'example_python_operator' retrieved from /home/airflow/.local/lib/python3.8/site-packages/airflow/example_dags/example_python_operator.py
[2024-04-06T00:04:35.085+0000] {logging_mixin.py:188} INFO - [2024-04-06T00:04:35.085+0000] {dag.py:3047} INFO - Sync 1 DAGs
[2024-04-06T00:04:35.097+0000] {logging_mixin.py:188} INFO - [2024-04-06T00:04:35.097+0000] {dag.py:3834} INFO - Setting next_dagrun for example_python_operator to None, run_after=None
[2024-04-06T00:04:35.138+0000] {processor.py:183} INFO - Processing /home/airflow/.local/lib/python3.8/site-packages/airflow/example_dags/example_python_operator.py took 0.094 seconds
[2024-04-06T00:05:05.332+0000] {processor.py:161} INFO - Started process (PID=3688) to work on /home/airflow/.local/lib/python3.8/site-packages/airflow/example_dags/example_python_operator.py
[2024-04-06T00:05:05.333+0000] {processor.py:830} INFO - Processing file /home/airflow/.local/lib/python3.8/site-packages/airflow/example_dags/example_python_operator.py for tasks to queue
[2024-04-06T00:05:05.335+0000] {logging_mixin.py:188} INFO - [2024-04-06T00:05:05.335+0000] {dagbag.py:540} INFO - Filling up the DagBag from /home/airflow/.local/lib/python3.8/site-packages/airflow/example_dags/example_python_operator.py
[2024-04-06T00:05:05.346+0000] {processor.py:840} INFO - DAG(s) 'example_python_operator' retrieved from /home/airflow/.local/lib/python3.8/site-packages/airflow/example_dags/example_python_operator.py
[2024-04-06T00:05:05.372+0000] {logging_mixin.py:188} INFO - [2024-04-06T00:05:05.371+0000] {dag.py:3047} INFO - Sync 1 DAGs
[2024-04-06T00:05:05.382+0000] {logging_mixin.py:188} INFO - [2024-04-06T00:05:05.382+0000] {dag.py:3834} INFO - Setting next_dagrun for example_python_operator to None, run_after=None
[2024-04-06T00:05:05.400+0000] {processor.py:183} INFO - Processing /home/airflow/.local/lib/python3.8/site-packages/airflow/example_dags/example_python_operator.py took 0.073 seconds
[2024-04-06T00:05:35.724+0000] {processor.py:161} INFO - Started process (PID=3743) to work on /home/airflow/.local/lib/python3.8/site-packages/airflow/example_dags/example_python_operator.py
[2024-04-06T00:05:35.726+0000] {processor.py:830} INFO - Processing file /home/airflow/.local/lib/python3.8/site-packages/airflow/example_dags/example_python_operator.py for tasks to queue
[2024-04-06T00:05:35.728+0000] {logging_mixin.py:188} INFO - [2024-04-06T00:05:35.727+0000] {dagbag.py:540} INFO - Filling up the DagBag from /home/airflow/.local/lib/python3.8/site-packages/airflow/example_dags/example_python_operator.py
[2024-04-06T00:05:35.740+0000] {processor.py:840} INFO - DAG(s) 'example_python_operator' retrieved from /home/airflow/.local/lib/python3.8/site-packages/airflow/example_dags/example_python_operator.py
[2024-04-06T00:05:35.765+0000] {logging_mixin.py:188} INFO - [2024-04-06T00:05:35.765+0000] {dag.py:3047} INFO - Sync 1 DAGs
[2024-04-06T00:05:35.779+0000] {logging_mixin.py:188} INFO - [2024-04-06T00:05:35.779+0000] {dag.py:3834} INFO - Setting next_dagrun for example_python_operator to None, run_after=None
[2024-04-06T00:05:35.821+0000] {processor.py:183} INFO - Processing /home/airflow/.local/lib/python3.8/site-packages/airflow/example_dags/example_python_operator.py took 0.099 seconds
[2024-04-06T00:06:06.698+0000] {processor.py:161} INFO - Started process (PID=3798) to work on /home/airflow/.local/lib/python3.8/site-packages/airflow/example_dags/example_python_operator.py
[2024-04-06T00:06:06.700+0000] {processor.py:830} INFO - Processing file /home/airflow/.local/lib/python3.8/site-packages/airflow/example_dags/example_python_operator.py for tasks to queue
[2024-04-06T00:06:06.702+0000] {logging_mixin.py:188} INFO - [2024-04-06T00:06:06.701+0000] {dagbag.py:540} INFO - Filling up the DagBag from /home/airflow/.local/lib/python3.8/site-packages/airflow/example_dags/example_python_operator.py
[2024-04-06T00:06:06.713+0000] {processor.py:840} INFO - DAG(s) 'example_python_operator' retrieved from /home/airflow/.local/lib/python3.8/site-packages/airflow/example_dags/example_python_operator.py
[2024-04-06T00:06:06.737+0000] {logging_mixin.py:188} INFO - [2024-04-06T00:06:06.736+0000] {dag.py:3047} INFO - Sync 1 DAGs
[2024-04-06T00:06:06.752+0000] {logging_mixin.py:188} INFO - [2024-04-06T00:06:06.751+0000] {dag.py:3834} INFO - Setting next_dagrun for example_python_operator to None, run_after=None
[2024-04-06T00:06:06.808+0000] {processor.py:183} INFO - Processing /home/airflow/.local/lib/python3.8/site-packages/airflow/example_dags/example_python_operator.py took 0.113 seconds
[2024-04-06T00:06:37.262+0000] {processor.py:161} INFO - Started process (PID=3853) to work on /home/airflow/.local/lib/python3.8/site-packages/airflow/example_dags/example_python_operator.py
[2024-04-06T00:06:37.263+0000] {processor.py:830} INFO - Processing file /home/airflow/.local/lib/python3.8/site-packages/airflow/example_dags/example_python_operator.py for tasks to queue
[2024-04-06T00:06:37.265+0000] {logging_mixin.py:188} INFO - [2024-04-06T00:06:37.265+0000] {dagbag.py:540} INFO - Filling up the DagBag from /home/airflow/.local/lib/python3.8/site-packages/airflow/example_dags/example_python_operator.py
[2024-04-06T00:06:37.277+0000] {processor.py:840} INFO - DAG(s) 'example_python_operator' retrieved from /home/airflow/.local/lib/python3.8/site-packages/airflow/example_dags/example_python_operator.py
[2024-04-06T00:06:37.298+0000] {logging_mixin.py:188} INFO - [2024-04-06T00:06:37.297+0000] {dag.py:3047} INFO - Sync 1 DAGs
[2024-04-06T00:06:37.311+0000] {logging_mixin.py:188} INFO - [2024-04-06T00:06:37.310+0000] {dag.py:3834} INFO - Setting next_dagrun for example_python_operator to None, run_after=None
[2024-04-06T00:06:37.359+0000] {processor.py:183} INFO - Processing /home/airflow/.local/lib/python3.8/site-packages/airflow/example_dags/example_python_operator.py took 0.100 seconds
[2024-04-06T00:07:07.793+0000] {processor.py:161} INFO - Started process (PID=3908) to work on /home/airflow/.local/lib/python3.8/site-packages/airflow/example_dags/example_python_operator.py
[2024-04-06T00:07:07.795+0000] {processor.py:830} INFO - Processing file /home/airflow/.local/lib/python3.8/site-packages/airflow/example_dags/example_python_operator.py for tasks to queue
[2024-04-06T00:07:07.798+0000] {logging_mixin.py:188} INFO - [2024-04-06T00:07:07.798+0000] {dagbag.py:540} INFO - Filling up the DagBag from /home/airflow/.local/lib/python3.8/site-packages/airflow/example_dags/example_python_operator.py
[2024-04-06T00:07:07.812+0000] {processor.py:840} INFO - DAG(s) 'example_python_operator' retrieved from /home/airflow/.local/lib/python3.8/site-packages/airflow/example_dags/example_python_operator.py
[2024-04-06T00:07:07.841+0000] {logging_mixin.py:188} INFO - [2024-04-06T00:07:07.841+0000] {dag.py:3047} INFO - Sync 1 DAGs
[2024-04-06T00:07:07.854+0000] {logging_mixin.py:188} INFO - [2024-04-06T00:07:07.854+0000] {dag.py:3834} INFO - Setting next_dagrun for example_python_operator to None, run_after=None
[2024-04-06T00:07:07.878+0000] {processor.py:183} INFO - Processing /home/airflow/.local/lib/python3.8/site-packages/airflow/example_dags/example_python_operator.py took 0.088 seconds
[2024-04-06T00:07:38.226+0000] {processor.py:161} INFO - Started process (PID=3963) to work on /home/airflow/.local/lib/python3.8/site-packages/airflow/example_dags/example_python_operator.py
[2024-04-06T00:07:38.227+0000] {processor.py:830} INFO - Processing file /home/airflow/.local/lib/python3.8/site-packages/airflow/example_dags/example_python_operator.py for tasks to queue
[2024-04-06T00:07:38.229+0000] {logging_mixin.py:188} INFO - [2024-04-06T00:07:38.229+0000] {dagbag.py:540} INFO - Filling up the DagBag from /home/airflow/.local/lib/python3.8/site-packages/airflow/example_dags/example_python_operator.py
[2024-04-06T00:07:38.241+0000] {processor.py:840} INFO - DAG(s) 'example_python_operator' retrieved from /home/airflow/.local/lib/python3.8/site-packages/airflow/example_dags/example_python_operator.py
[2024-04-06T00:07:38.270+0000] {logging_mixin.py:188} INFO - [2024-04-06T00:07:38.269+0000] {dag.py:3047} INFO - Sync 1 DAGs
[2024-04-06T00:07:38.283+0000] {logging_mixin.py:188} INFO - [2024-04-06T00:07:38.282+0000] {dag.py:3834} INFO - Setting next_dagrun for example_python_operator to None, run_after=None
[2024-04-06T00:07:38.333+0000] {processor.py:183} INFO - Processing /home/airflow/.local/lib/python3.8/site-packages/airflow/example_dags/example_python_operator.py took 0.111 seconds
[2024-04-06T00:08:09.030+0000] {processor.py:161} INFO - Started process (PID=4018) to work on /home/airflow/.local/lib/python3.8/site-packages/airflow/example_dags/example_python_operator.py
[2024-04-06T00:08:09.031+0000] {processor.py:830} INFO - Processing file /home/airflow/.local/lib/python3.8/site-packages/airflow/example_dags/example_python_operator.py for tasks to queue
[2024-04-06T00:08:09.034+0000] {logging_mixin.py:188} INFO - [2024-04-06T00:08:09.033+0000] {dagbag.py:540} INFO - Filling up the DagBag from /home/airflow/.local/lib/python3.8/site-packages/airflow/example_dags/example_python_operator.py
[2024-04-06T00:08:09.045+0000] {processor.py:840} INFO - DAG(s) 'example_python_operator' retrieved from /home/airflow/.local/lib/python3.8/site-packages/airflow/example_dags/example_python_operator.py
[2024-04-06T00:08:09.071+0000] {logging_mixin.py:188} INFO - [2024-04-06T00:08:09.070+0000] {dag.py:3047} INFO - Sync 1 DAGs
[2024-04-06T00:08:09.087+0000] {logging_mixin.py:188} INFO - [2024-04-06T00:08:09.087+0000] {dag.py:3834} INFO - Setting next_dagrun for example_python_operator to None, run_after=None
[2024-04-06T00:08:09.130+0000] {processor.py:183} INFO - Processing /home/airflow/.local/lib/python3.8/site-packages/airflow/example_dags/example_python_operator.py took 0.104 seconds
[2024-04-06T00:08:39.627+0000] {processor.py:161} INFO - Started process (PID=4073) to work on /home/airflow/.local/lib/python3.8/site-packages/airflow/example_dags/example_python_operator.py
[2024-04-06T00:08:39.629+0000] {processor.py:830} INFO - Processing file /home/airflow/.local/lib/python3.8/site-packages/airflow/example_dags/example_python_operator.py for tasks to queue
[2024-04-06T00:08:39.631+0000] {logging_mixin.py:188} INFO - [2024-04-06T00:08:39.631+0000] {dagbag.py:540} INFO - Filling up the DagBag from /home/airflow/.local/lib/python3.8/site-packages/airflow/example_dags/example_python_operator.py
[2024-04-06T00:08:39.641+0000] {processor.py:840} INFO - DAG(s) 'example_python_operator' retrieved from /home/airflow/.local/lib/python3.8/site-packages/airflow/example_dags/example_python_operator.py
[2024-04-06T00:08:39.668+0000] {logging_mixin.py:188} INFO - [2024-04-06T00:08:39.667+0000] {dag.py:3047} INFO - Sync 1 DAGs
[2024-04-06T00:08:39.684+0000] {logging_mixin.py:188} INFO - [2024-04-06T00:08:39.684+0000] {dag.py:3834} INFO - Setting next_dagrun for example_python_operator to None, run_after=None
[2024-04-06T00:08:39.720+0000] {processor.py:183} INFO - Processing /home/airflow/.local/lib/python3.8/site-packages/airflow/example_dags/example_python_operator.py took 0.096 seconds
[2024-04-06T00:09:10.198+0000] {processor.py:161} INFO - Started process (PID=4128) to work on /home/airflow/.local/lib/python3.8/site-packages/airflow/example_dags/example_python_operator.py
[2024-04-06T00:09:10.200+0000] {processor.py:830} INFO - Processing file /home/airflow/.local/lib/python3.8/site-packages/airflow/example_dags/example_python_operator.py for tasks to queue
[2024-04-06T00:09:10.202+0000] {logging_mixin.py:188} INFO - [2024-04-06T00:09:10.202+0000] {dagbag.py:540} INFO - Filling up the DagBag from /home/airflow/.local/lib/python3.8/site-packages/airflow/example_dags/example_python_operator.py
[2024-04-06T00:09:10.216+0000] {processor.py:840} INFO - DAG(s) 'example_python_operator' retrieved from /home/airflow/.local/lib/python3.8/site-packages/airflow/example_dags/example_python_operator.py
[2024-04-06T00:09:10.248+0000] {logging_mixin.py:188} INFO - [2024-04-06T00:09:10.248+0000] {dag.py:3047} INFO - Sync 1 DAGs
[2024-04-06T00:09:10.263+0000] {logging_mixin.py:188} INFO - [2024-04-06T00:09:10.263+0000] {dag.py:3834} INFO - Setting next_dagrun for example_python_operator to None, run_after=None
[2024-04-06T00:09:10.287+0000] {processor.py:183} INFO - Processing /home/airflow/.local/lib/python3.8/site-packages/airflow/example_dags/example_python_operator.py took 0.093 seconds
[2024-04-06T00:09:40.808+0000] {processor.py:161} INFO - Started process (PID=4183) to work on /home/airflow/.local/lib/python3.8/site-packages/airflow/example_dags/example_python_operator.py
[2024-04-06T00:09:40.809+0000] {processor.py:830} INFO - Processing file /home/airflow/.local/lib/python3.8/site-packages/airflow/example_dags/example_python_operator.py for tasks to queue
[2024-04-06T00:09:40.811+0000] {logging_mixin.py:188} INFO - [2024-04-06T00:09:40.811+0000] {dagbag.py:540} INFO - Filling up the DagBag from /home/airflow/.local/lib/python3.8/site-packages/airflow/example_dags/example_python_operator.py
[2024-04-06T00:09:40.821+0000] {processor.py:840} INFO - DAG(s) 'example_python_operator' retrieved from /home/airflow/.local/lib/python3.8/site-packages/airflow/example_dags/example_python_operator.py
[2024-04-06T00:09:40.853+0000] {logging_mixin.py:188} INFO - [2024-04-06T00:09:40.852+0000] {dag.py:3047} INFO - Sync 1 DAGs
[2024-04-06T00:09:40.865+0000] {logging_mixin.py:188} INFO - [2024-04-06T00:09:40.865+0000] {dag.py:3834} INFO - Setting next_dagrun for example_python_operator to None, run_after=None
[2024-04-06T00:09:40.892+0000] {processor.py:183} INFO - Processing /home/airflow/.local/lib/python3.8/site-packages/airflow/example_dags/example_python_operator.py took 0.089 seconds
[2024-04-06T00:10:11.653+0000] {processor.py:161} INFO - Started process (PID=4238) to work on /home/airflow/.local/lib/python3.8/site-packages/airflow/example_dags/example_python_operator.py
[2024-04-06T00:10:11.655+0000] {processor.py:830} INFO - Processing file /home/airflow/.local/lib/python3.8/site-packages/airflow/example_dags/example_python_operator.py for tasks to queue
[2024-04-06T00:10:11.661+0000] {logging_mixin.py:188} INFO - [2024-04-06T00:10:11.660+0000] {dagbag.py:540} INFO - Filling up the DagBag from /home/airflow/.local/lib/python3.8/site-packages/airflow/example_dags/example_python_operator.py
[2024-04-06T00:10:11.682+0000] {processor.py:840} INFO - DAG(s) 'example_python_operator' retrieved from /home/airflow/.local/lib/python3.8/site-packages/airflow/example_dags/example_python_operator.py
[2024-04-06T00:10:11.725+0000] {logging_mixin.py:188} INFO - [2024-04-06T00:10:11.724+0000] {dag.py:3047} INFO - Sync 1 DAGs
[2024-04-06T00:10:11.743+0000] {logging_mixin.py:188} INFO - [2024-04-06T00:10:11.742+0000] {dag.py:3834} INFO - Setting next_dagrun for example_python_operator to None, run_after=None
[2024-04-06T00:10:11.768+0000] {processor.py:183} INFO - Processing /home/airflow/.local/lib/python3.8/site-packages/airflow/example_dags/example_python_operator.py took 0.122 seconds
