[2024-04-06T00:03:00.410+0000] {processor.py:161} INFO - Started process (PID=3461) to work on /home/airflow/.local/lib/python3.8/site-packages/airflow/example_dags/example_sensors.py
[2024-04-06T00:03:00.429+0000] {processor.py:830} INFO - Processing file /home/airflow/.local/lib/python3.8/site-packages/airflow/example_dags/example_sensors.py for tasks to queue
[2024-04-06T00:03:00.454+0000] {logging_mixin.py:188} INFO - [2024-04-06T00:03:00.444+0000] {dagbag.py:540} INFO - Filling up the DagBag from /home/airflow/.local/lib/python3.8/site-packages/airflow/example_dags/example_sensors.py
[2024-04-06T00:03:00.526+0000] {processor.py:840} INFO - DAG(s) 'example_sensors' retrieved from /home/airflow/.local/lib/python3.8/site-packages/airflow/example_dags/example_sensors.py
[2024-04-06T00:03:00.665+0000] {logging_mixin.py:188} INFO - [2024-04-06T00:03:00.664+0000] {dag.py:3047} INFO - Sync 1 DAGs
[2024-04-06T00:03:00.754+0000] {logging_mixin.py:188} INFO - [2024-04-06T00:03:00.753+0000] {dag.py:3834} INFO - Setting next_dagrun for example_sensors to None, run_after=None
[2024-04-06T00:03:00.872+0000] {processor.py:183} INFO - Processing /home/airflow/.local/lib/python3.8/site-packages/airflow/example_dags/example_sensors.py took 0.480 seconds
[2024-04-06T00:03:31.110+0000] {processor.py:161} INFO - Started process (PID=3515) to work on /home/airflow/.local/lib/python3.8/site-packages/airflow/example_dags/example_sensors.py
[2024-04-06T00:03:31.113+0000] {processor.py:830} INFO - Processing file /home/airflow/.local/lib/python3.8/site-packages/airflow/example_dags/example_sensors.py for tasks to queue
[2024-04-06T00:03:31.118+0000] {logging_mixin.py:188} INFO - [2024-04-06T00:03:31.118+0000] {dagbag.py:540} INFO - Filling up the DagBag from /home/airflow/.local/lib/python3.8/site-packages/airflow/example_dags/example_sensors.py
[2024-04-06T00:03:31.130+0000] {processor.py:840} INFO - DAG(s) 'example_sensors' retrieved from /home/airflow/.local/lib/python3.8/site-packages/airflow/example_dags/example_sensors.py
[2024-04-06T00:03:31.168+0000] {logging_mixin.py:188} INFO - [2024-04-06T00:03:31.167+0000] {dag.py:3047} INFO - Sync 1 DAGs
[2024-04-06T00:03:31.184+0000] {logging_mixin.py:188} INFO - [2024-04-06T00:03:31.184+0000] {dag.py:3834} INFO - Setting next_dagrun for example_sensors to None, run_after=None
[2024-04-06T00:03:31.261+0000] {processor.py:183} INFO - Processing /home/airflow/.local/lib/python3.8/site-packages/airflow/example_dags/example_sensors.py took 0.155 seconds
[2024-04-06T00:04:01.555+0000] {processor.py:161} INFO - Started process (PID=3570) to work on /home/airflow/.local/lib/python3.8/site-packages/airflow/example_dags/example_sensors.py
[2024-04-06T00:04:01.557+0000] {processor.py:830} INFO - Processing file /home/airflow/.local/lib/python3.8/site-packages/airflow/example_dags/example_sensors.py for tasks to queue
[2024-04-06T00:04:01.560+0000] {logging_mixin.py:188} INFO - [2024-04-06T00:04:01.559+0000] {dagbag.py:540} INFO - Filling up the DagBag from /home/airflow/.local/lib/python3.8/site-packages/airflow/example_dags/example_sensors.py
[2024-04-06T00:04:01.572+0000] {processor.py:840} INFO - DAG(s) 'example_sensors' retrieved from /home/airflow/.local/lib/python3.8/site-packages/airflow/example_dags/example_sensors.py
[2024-04-06T00:04:01.609+0000] {logging_mixin.py:188} INFO - [2024-04-06T00:04:01.608+0000] {dag.py:3047} INFO - Sync 1 DAGs
[2024-04-06T00:04:01.628+0000] {logging_mixin.py:188} INFO - [2024-04-06T00:04:01.627+0000] {dag.py:3834} INFO - Setting next_dagrun for example_sensors to None, run_after=None
[2024-04-06T00:04:01.658+0000] {processor.py:183} INFO - Processing /home/airflow/.local/lib/python3.8/site-packages/airflow/example_dags/example_sensors.py took 0.110 seconds
[2024-04-06T00:04:32.279+0000] {processor.py:161} INFO - Started process (PID=3625) to work on /home/airflow/.local/lib/python3.8/site-packages/airflow/example_dags/example_sensors.py
[2024-04-06T00:04:32.280+0000] {processor.py:830} INFO - Processing file /home/airflow/.local/lib/python3.8/site-packages/airflow/example_dags/example_sensors.py for tasks to queue
[2024-04-06T00:04:32.283+0000] {logging_mixin.py:188} INFO - [2024-04-06T00:04:32.283+0000] {dagbag.py:540} INFO - Filling up the DagBag from /home/airflow/.local/lib/python3.8/site-packages/airflow/example_dags/example_sensors.py
[2024-04-06T00:04:32.292+0000] {processor.py:840} INFO - DAG(s) 'example_sensors' retrieved from /home/airflow/.local/lib/python3.8/site-packages/airflow/example_dags/example_sensors.py
[2024-04-06T00:04:32.313+0000] {logging_mixin.py:188} INFO - [2024-04-06T00:04:32.313+0000] {dag.py:3047} INFO - Sync 1 DAGs
[2024-04-06T00:04:32.323+0000] {logging_mixin.py:188} INFO - [2024-04-06T00:04:32.323+0000] {dag.py:3834} INFO - Setting next_dagrun for example_sensors to None, run_after=None
[2024-04-06T00:04:32.375+0000] {processor.py:183} INFO - Processing /home/airflow/.local/lib/python3.8/site-packages/airflow/example_dags/example_sensors.py took 0.099 seconds
[2024-04-06T00:05:02.628+0000] {processor.py:161} INFO - Started process (PID=3680) to work on /home/airflow/.local/lib/python3.8/site-packages/airflow/example_dags/example_sensors.py
[2024-04-06T00:05:02.629+0000] {processor.py:830} INFO - Processing file /home/airflow/.local/lib/python3.8/site-packages/airflow/example_dags/example_sensors.py for tasks to queue
[2024-04-06T00:05:02.631+0000] {logging_mixin.py:188} INFO - [2024-04-06T00:05:02.631+0000] {dagbag.py:540} INFO - Filling up the DagBag from /home/airflow/.local/lib/python3.8/site-packages/airflow/example_dags/example_sensors.py
[2024-04-06T00:05:02.639+0000] {processor.py:840} INFO - DAG(s) 'example_sensors' retrieved from /home/airflow/.local/lib/python3.8/site-packages/airflow/example_dags/example_sensors.py
[2024-04-06T00:05:02.664+0000] {logging_mixin.py:188} INFO - [2024-04-06T00:05:02.664+0000] {dag.py:3047} INFO - Sync 1 DAGs
[2024-04-06T00:05:02.677+0000] {logging_mixin.py:188} INFO - [2024-04-06T00:05:02.677+0000] {dag.py:3834} INFO - Setting next_dagrun for example_sensors to None, run_after=None
[2024-04-06T00:05:02.728+0000] {processor.py:183} INFO - Processing /home/airflow/.local/lib/python3.8/site-packages/airflow/example_dags/example_sensors.py took 0.104 seconds
[2024-04-06T00:05:33.188+0000] {processor.py:161} INFO - Started process (PID=3735) to work on /home/airflow/.local/lib/python3.8/site-packages/airflow/example_dags/example_sensors.py
[2024-04-06T00:05:33.190+0000] {processor.py:830} INFO - Processing file /home/airflow/.local/lib/python3.8/site-packages/airflow/example_dags/example_sensors.py for tasks to queue
[2024-04-06T00:05:33.192+0000] {logging_mixin.py:188} INFO - [2024-04-06T00:05:33.191+0000] {dagbag.py:540} INFO - Filling up the DagBag from /home/airflow/.local/lib/python3.8/site-packages/airflow/example_dags/example_sensors.py
[2024-04-06T00:05:33.199+0000] {processor.py:840} INFO - DAG(s) 'example_sensors' retrieved from /home/airflow/.local/lib/python3.8/site-packages/airflow/example_dags/example_sensors.py
[2024-04-06T00:05:33.229+0000] {logging_mixin.py:188} INFO - [2024-04-06T00:05:33.229+0000] {dag.py:3047} INFO - Sync 1 DAGs
[2024-04-06T00:05:33.240+0000] {logging_mixin.py:188} INFO - [2024-04-06T00:05:33.240+0000] {dag.py:3834} INFO - Setting next_dagrun for example_sensors to None, run_after=None
[2024-04-06T00:05:33.266+0000] {processor.py:183} INFO - Processing /home/airflow/.local/lib/python3.8/site-packages/airflow/example_dags/example_sensors.py took 0.080 seconds
[2024-04-06T00:06:04.168+0000] {processor.py:161} INFO - Started process (PID=3790) to work on /home/airflow/.local/lib/python3.8/site-packages/airflow/example_dags/example_sensors.py
[2024-04-06T00:06:04.170+0000] {processor.py:830} INFO - Processing file /home/airflow/.local/lib/python3.8/site-packages/airflow/example_dags/example_sensors.py for tasks to queue
[2024-04-06T00:06:04.172+0000] {logging_mixin.py:188} INFO - [2024-04-06T00:06:04.172+0000] {dagbag.py:540} INFO - Filling up the DagBag from /home/airflow/.local/lib/python3.8/site-packages/airflow/example_dags/example_sensors.py
[2024-04-06T00:06:04.181+0000] {processor.py:840} INFO - DAG(s) 'example_sensors' retrieved from /home/airflow/.local/lib/python3.8/site-packages/airflow/example_dags/example_sensors.py
[2024-04-06T00:06:04.210+0000] {logging_mixin.py:188} INFO - [2024-04-06T00:06:04.210+0000] {dag.py:3047} INFO - Sync 1 DAGs
[2024-04-06T00:06:04.224+0000] {logging_mixin.py:188} INFO - [2024-04-06T00:06:04.224+0000] {dag.py:3834} INFO - Setting next_dagrun for example_sensors to None, run_after=None
[2024-04-06T00:06:04.281+0000] {processor.py:183} INFO - Processing /home/airflow/.local/lib/python3.8/site-packages/airflow/example_dags/example_sensors.py took 0.117 seconds
[2024-04-06T00:06:34.791+0000] {processor.py:161} INFO - Started process (PID=3845) to work on /home/airflow/.local/lib/python3.8/site-packages/airflow/example_dags/example_sensors.py
[2024-04-06T00:06:34.792+0000] {processor.py:830} INFO - Processing file /home/airflow/.local/lib/python3.8/site-packages/airflow/example_dags/example_sensors.py for tasks to queue
[2024-04-06T00:06:34.796+0000] {logging_mixin.py:188} INFO - [2024-04-06T00:06:34.796+0000] {dagbag.py:540} INFO - Filling up the DagBag from /home/airflow/.local/lib/python3.8/site-packages/airflow/example_dags/example_sensors.py
[2024-04-06T00:06:34.806+0000] {processor.py:840} INFO - DAG(s) 'example_sensors' retrieved from /home/airflow/.local/lib/python3.8/site-packages/airflow/example_dags/example_sensors.py
[2024-04-06T00:06:34.839+0000] {logging_mixin.py:188} INFO - [2024-04-06T00:06:34.839+0000] {dag.py:3047} INFO - Sync 1 DAGs
[2024-04-06T00:06:34.854+0000] {logging_mixin.py:188} INFO - [2024-04-06T00:06:34.854+0000] {dag.py:3834} INFO - Setting next_dagrun for example_sensors to None, run_after=None
[2024-04-06T00:06:34.883+0000] {processor.py:183} INFO - Processing /home/airflow/.local/lib/python3.8/site-packages/airflow/example_dags/example_sensors.py took 0.096 seconds
[2024-04-06T00:07:05.102+0000] {processor.py:161} INFO - Started process (PID=3900) to work on /home/airflow/.local/lib/python3.8/site-packages/airflow/example_dags/example_sensors.py
[2024-04-06T00:07:05.104+0000] {processor.py:830} INFO - Processing file /home/airflow/.local/lib/python3.8/site-packages/airflow/example_dags/example_sensors.py for tasks to queue
[2024-04-06T00:07:05.107+0000] {logging_mixin.py:188} INFO - [2024-04-06T00:07:05.106+0000] {dagbag.py:540} INFO - Filling up the DagBag from /home/airflow/.local/lib/python3.8/site-packages/airflow/example_dags/example_sensors.py
[2024-04-06T00:07:05.120+0000] {processor.py:840} INFO - DAG(s) 'example_sensors' retrieved from /home/airflow/.local/lib/python3.8/site-packages/airflow/example_dags/example_sensors.py
[2024-04-06T00:07:05.151+0000] {logging_mixin.py:188} INFO - [2024-04-06T00:07:05.150+0000] {dag.py:3047} INFO - Sync 1 DAGs
[2024-04-06T00:07:05.164+0000] {logging_mixin.py:188} INFO - [2024-04-06T00:07:05.164+0000] {dag.py:3834} INFO - Setting next_dagrun for example_sensors to None, run_after=None
[2024-04-06T00:07:05.209+0000] {processor.py:183} INFO - Processing /home/airflow/.local/lib/python3.8/site-packages/airflow/example_dags/example_sensors.py took 0.110 seconds
[2024-04-06T00:07:35.641+0000] {processor.py:161} INFO - Started process (PID=3955) to work on /home/airflow/.local/lib/python3.8/site-packages/airflow/example_dags/example_sensors.py
[2024-04-06T00:07:35.642+0000] {processor.py:830} INFO - Processing file /home/airflow/.local/lib/python3.8/site-packages/airflow/example_dags/example_sensors.py for tasks to queue
[2024-04-06T00:07:35.645+0000] {logging_mixin.py:188} INFO - [2024-04-06T00:07:35.644+0000] {dagbag.py:540} INFO - Filling up the DagBag from /home/airflow/.local/lib/python3.8/site-packages/airflow/example_dags/example_sensors.py
[2024-04-06T00:07:35.655+0000] {processor.py:840} INFO - DAG(s) 'example_sensors' retrieved from /home/airflow/.local/lib/python3.8/site-packages/airflow/example_dags/example_sensors.py
[2024-04-06T00:07:35.680+0000] {logging_mixin.py:188} INFO - [2024-04-06T00:07:35.679+0000] {dag.py:3047} INFO - Sync 1 DAGs
[2024-04-06T00:07:35.692+0000] {logging_mixin.py:188} INFO - [2024-04-06T00:07:35.691+0000] {dag.py:3834} INFO - Setting next_dagrun for example_sensors to None, run_after=None
[2024-04-06T00:07:35.713+0000] {processor.py:183} INFO - Processing /home/airflow/.local/lib/python3.8/site-packages/airflow/example_dags/example_sensors.py took 0.075 seconds
[2024-04-06T00:08:06.536+0000] {processor.py:161} INFO - Started process (PID=4010) to work on /home/airflow/.local/lib/python3.8/site-packages/airflow/example_dags/example_sensors.py
[2024-04-06T00:08:06.538+0000] {processor.py:830} INFO - Processing file /home/airflow/.local/lib/python3.8/site-packages/airflow/example_dags/example_sensors.py for tasks to queue
[2024-04-06T00:08:06.541+0000] {logging_mixin.py:188} INFO - [2024-04-06T00:08:06.541+0000] {dagbag.py:540} INFO - Filling up the DagBag from /home/airflow/.local/lib/python3.8/site-packages/airflow/example_dags/example_sensors.py
[2024-04-06T00:08:06.556+0000] {processor.py:840} INFO - DAG(s) 'example_sensors' retrieved from /home/airflow/.local/lib/python3.8/site-packages/airflow/example_dags/example_sensors.py
[2024-04-06T00:08:06.588+0000] {logging_mixin.py:188} INFO - [2024-04-06T00:08:06.588+0000] {dag.py:3047} INFO - Sync 1 DAGs
[2024-04-06T00:08:06.605+0000] {logging_mixin.py:188} INFO - [2024-04-06T00:08:06.604+0000] {dag.py:3834} INFO - Setting next_dagrun for example_sensors to None, run_after=None
[2024-04-06T00:08:06.637+0000] {processor.py:183} INFO - Processing /home/airflow/.local/lib/python3.8/site-packages/airflow/example_dags/example_sensors.py took 0.106 seconds
[2024-04-06T00:08:36.892+0000] {processor.py:161} INFO - Started process (PID=4065) to work on /home/airflow/.local/lib/python3.8/site-packages/airflow/example_dags/example_sensors.py
[2024-04-06T00:08:36.893+0000] {processor.py:830} INFO - Processing file /home/airflow/.local/lib/python3.8/site-packages/airflow/example_dags/example_sensors.py for tasks to queue
[2024-04-06T00:08:36.896+0000] {logging_mixin.py:188} INFO - [2024-04-06T00:08:36.895+0000] {dagbag.py:540} INFO - Filling up the DagBag from /home/airflow/.local/lib/python3.8/site-packages/airflow/example_dags/example_sensors.py
[2024-04-06T00:08:36.904+0000] {processor.py:840} INFO - DAG(s) 'example_sensors' retrieved from /home/airflow/.local/lib/python3.8/site-packages/airflow/example_dags/example_sensors.py
[2024-04-06T00:08:36.932+0000] {logging_mixin.py:188} INFO - [2024-04-06T00:08:36.932+0000] {dag.py:3047} INFO - Sync 1 DAGs
[2024-04-06T00:08:36.945+0000] {logging_mixin.py:188} INFO - [2024-04-06T00:08:36.945+0000] {dag.py:3834} INFO - Setting next_dagrun for example_sensors to None, run_after=None
[2024-04-06T00:08:36.993+0000] {processor.py:183} INFO - Processing /home/airflow/.local/lib/python3.8/site-packages/airflow/example_dags/example_sensors.py took 0.104 seconds
[2024-04-06T00:09:07.664+0000] {processor.py:161} INFO - Started process (PID=4120) to work on /home/airflow/.local/lib/python3.8/site-packages/airflow/example_dags/example_sensors.py
[2024-04-06T00:09:07.665+0000] {processor.py:830} INFO - Processing file /home/airflow/.local/lib/python3.8/site-packages/airflow/example_dags/example_sensors.py for tasks to queue
[2024-04-06T00:09:07.667+0000] {logging_mixin.py:188} INFO - [2024-04-06T00:09:07.667+0000] {dagbag.py:540} INFO - Filling up the DagBag from /home/airflow/.local/lib/python3.8/site-packages/airflow/example_dags/example_sensors.py
[2024-04-06T00:09:07.678+0000] {processor.py:840} INFO - DAG(s) 'example_sensors' retrieved from /home/airflow/.local/lib/python3.8/site-packages/airflow/example_dags/example_sensors.py
[2024-04-06T00:09:07.705+0000] {logging_mixin.py:188} INFO - [2024-04-06T00:09:07.705+0000] {dag.py:3047} INFO - Sync 1 DAGs
[2024-04-06T00:09:07.716+0000] {logging_mixin.py:188} INFO - [2024-04-06T00:09:07.715+0000] {dag.py:3834} INFO - Setting next_dagrun for example_sensors to None, run_after=None
[2024-04-06T00:09:07.743+0000] {processor.py:183} INFO - Processing /home/airflow/.local/lib/python3.8/site-packages/airflow/example_dags/example_sensors.py took 0.083 seconds
[2024-04-06T00:09:38.154+0000] {processor.py:161} INFO - Started process (PID=4175) to work on /home/airflow/.local/lib/python3.8/site-packages/airflow/example_dags/example_sensors.py
[2024-04-06T00:09:38.155+0000] {processor.py:830} INFO - Processing file /home/airflow/.local/lib/python3.8/site-packages/airflow/example_dags/example_sensors.py for tasks to queue
[2024-04-06T00:09:38.157+0000] {logging_mixin.py:188} INFO - [2024-04-06T00:09:38.157+0000] {dagbag.py:540} INFO - Filling up the DagBag from /home/airflow/.local/lib/python3.8/site-packages/airflow/example_dags/example_sensors.py
[2024-04-06T00:09:38.165+0000] {processor.py:840} INFO - DAG(s) 'example_sensors' retrieved from /home/airflow/.local/lib/python3.8/site-packages/airflow/example_dags/example_sensors.py
[2024-04-06T00:09:38.188+0000] {logging_mixin.py:188} INFO - [2024-04-06T00:09:38.188+0000] {dag.py:3047} INFO - Sync 1 DAGs
[2024-04-06T00:09:38.199+0000] {logging_mixin.py:188} INFO - [2024-04-06T00:09:38.199+0000] {dag.py:3834} INFO - Setting next_dagrun for example_sensors to None, run_after=None
[2024-04-06T00:09:38.248+0000] {processor.py:183} INFO - Processing /home/airflow/.local/lib/python3.8/site-packages/airflow/example_dags/example_sensors.py took 0.096 seconds
[2024-04-06T00:10:08.918+0000] {processor.py:161} INFO - Started process (PID=4230) to work on /home/airflow/.local/lib/python3.8/site-packages/airflow/example_dags/example_sensors.py
[2024-04-06T00:10:08.919+0000] {processor.py:830} INFO - Processing file /home/airflow/.local/lib/python3.8/site-packages/airflow/example_dags/example_sensors.py for tasks to queue
[2024-04-06T00:10:08.922+0000] {logging_mixin.py:188} INFO - [2024-04-06T00:10:08.921+0000] {dagbag.py:540} INFO - Filling up the DagBag from /home/airflow/.local/lib/python3.8/site-packages/airflow/example_dags/example_sensors.py
[2024-04-06T00:10:08.932+0000] {processor.py:840} INFO - DAG(s) 'example_sensors' retrieved from /home/airflow/.local/lib/python3.8/site-packages/airflow/example_dags/example_sensors.py
[2024-04-06T00:10:08.957+0000] {logging_mixin.py:188} INFO - [2024-04-06T00:10:08.957+0000] {dag.py:3047} INFO - Sync 1 DAGs
[2024-04-06T00:10:08.970+0000] {logging_mixin.py:188} INFO - [2024-04-06T00:10:08.970+0000] {dag.py:3834} INFO - Setting next_dagrun for example_sensors to None, run_after=None
[2024-04-06T00:10:09.036+0000] {processor.py:183} INFO - Processing /home/airflow/.local/lib/python3.8/site-packages/airflow/example_dags/example_sensors.py took 0.120 seconds
