[2024-04-06T00:03:10.186+0000] {processor.py:161} INFO - Started process (PID=3501) to work on /home/airflow/.local/lib/python3.8/site-packages/airflow/example_dags/tutorial.py
[2024-04-06T00:03:10.188+0000] {processor.py:830} INFO - Processing file /home/airflow/.local/lib/python3.8/site-packages/airflow/example_dags/tutorial.py for tasks to queue
[2024-04-06T00:03:10.192+0000] {logging_mixin.py:188} INFO - [2024-04-06T00:03:10.191+0000] {dagbag.py:540} INFO - Filling up the DagBag from /home/airflow/.local/lib/python3.8/site-packages/airflow/example_dags/tutorial.py
[2024-04-06T00:03:10.206+0000] {processor.py:840} INFO - DAG(s) 'tutorial' retrieved from /home/airflow/.local/lib/python3.8/site-packages/airflow/example_dags/tutorial.py
[2024-04-06T00:03:10.254+0000] {logging_mixin.py:188} INFO - [2024-04-06T00:03:10.253+0000] {dag.py:3047} INFO - Sync 1 DAGs
[2024-04-06T00:03:10.295+0000] {logging_mixin.py:188} INFO - [2024-04-06T00:03:10.294+0000] {dag.py:3834} INFO - Setting next_dagrun for tutorial to 2024-04-05 00:00:00+00:00, run_after=2024-04-06 00:00:00+00:00
[2024-04-06T00:03:10.352+0000] {processor.py:183} INFO - Processing /home/airflow/.local/lib/python3.8/site-packages/airflow/example_dags/tutorial.py took 0.173 seconds
[2024-04-06T00:03:41.276+0000] {processor.py:161} INFO - Started process (PID=3556) to work on /home/airflow/.local/lib/python3.8/site-packages/airflow/example_dags/tutorial.py
[2024-04-06T00:03:41.279+0000] {processor.py:830} INFO - Processing file /home/airflow/.local/lib/python3.8/site-packages/airflow/example_dags/tutorial.py for tasks to queue
[2024-04-06T00:03:41.283+0000] {logging_mixin.py:188} INFO - [2024-04-06T00:03:41.283+0000] {dagbag.py:540} INFO - Filling up the DagBag from /home/airflow/.local/lib/python3.8/site-packages/airflow/example_dags/tutorial.py
[2024-04-06T00:03:41.291+0000] {processor.py:840} INFO - DAG(s) 'tutorial' retrieved from /home/airflow/.local/lib/python3.8/site-packages/airflow/example_dags/tutorial.py
[2024-04-06T00:03:41.325+0000] {logging_mixin.py:188} INFO - [2024-04-06T00:03:41.325+0000] {dag.py:3047} INFO - Sync 1 DAGs
[2024-04-06T00:03:41.358+0000] {logging_mixin.py:188} INFO - [2024-04-06T00:03:41.358+0000] {dag.py:3834} INFO - Setting next_dagrun for tutorial to 2024-04-05 00:00:00+00:00, run_after=2024-04-06 00:00:00+00:00
[2024-04-06T00:03:41.394+0000] {processor.py:183} INFO - Processing /home/airflow/.local/lib/python3.8/site-packages/airflow/example_dags/tutorial.py took 0.121 seconds
[2024-04-06T00:04:12.161+0000] {processor.py:161} INFO - Started process (PID=3611) to work on /home/airflow/.local/lib/python3.8/site-packages/airflow/example_dags/tutorial.py
[2024-04-06T00:04:12.163+0000] {processor.py:830} INFO - Processing file /home/airflow/.local/lib/python3.8/site-packages/airflow/example_dags/tutorial.py for tasks to queue
[2024-04-06T00:04:12.167+0000] {logging_mixin.py:188} INFO - [2024-04-06T00:04:12.167+0000] {dagbag.py:540} INFO - Filling up the DagBag from /home/airflow/.local/lib/python3.8/site-packages/airflow/example_dags/tutorial.py
[2024-04-06T00:04:12.175+0000] {processor.py:840} INFO - DAG(s) 'tutorial' retrieved from /home/airflow/.local/lib/python3.8/site-packages/airflow/example_dags/tutorial.py
[2024-04-06T00:04:12.207+0000] {logging_mixin.py:188} INFO - [2024-04-06T00:04:12.207+0000] {dag.py:3047} INFO - Sync 1 DAGs
[2024-04-06T00:04:12.236+0000] {logging_mixin.py:188} INFO - [2024-04-06T00:04:12.236+0000] {dag.py:3834} INFO - Setting next_dagrun for tutorial to 2024-04-05 00:00:00+00:00, run_after=2024-04-06 00:00:00+00:00
[2024-04-06T00:04:12.292+0000] {processor.py:183} INFO - Processing /home/airflow/.local/lib/python3.8/site-packages/airflow/example_dags/tutorial.py took 0.135 seconds
[2024-04-06T00:04:42.813+0000] {processor.py:161} INFO - Started process (PID=3666) to work on /home/airflow/.local/lib/python3.8/site-packages/airflow/example_dags/tutorial.py
[2024-04-06T00:04:42.815+0000] {processor.py:830} INFO - Processing file /home/airflow/.local/lib/python3.8/site-packages/airflow/example_dags/tutorial.py for tasks to queue
[2024-04-06T00:04:42.818+0000] {logging_mixin.py:188} INFO - [2024-04-06T00:04:42.817+0000] {dagbag.py:540} INFO - Filling up the DagBag from /home/airflow/.local/lib/python3.8/site-packages/airflow/example_dags/tutorial.py
[2024-04-06T00:04:42.824+0000] {processor.py:840} INFO - DAG(s) 'tutorial' retrieved from /home/airflow/.local/lib/python3.8/site-packages/airflow/example_dags/tutorial.py
[2024-04-06T00:04:42.845+0000] {logging_mixin.py:188} INFO - [2024-04-06T00:04:42.844+0000] {dag.py:3047} INFO - Sync 1 DAGs
[2024-04-06T00:04:42.872+0000] {logging_mixin.py:188} INFO - [2024-04-06T00:04:42.872+0000] {dag.py:3834} INFO - Setting next_dagrun for tutorial to 2024-04-05 00:00:00+00:00, run_after=2024-04-06 00:00:00+00:00
[2024-04-06T00:04:42.893+0000] {processor.py:183} INFO - Processing /home/airflow/.local/lib/python3.8/site-packages/airflow/example_dags/tutorial.py took 0.084 seconds
[2024-04-06T00:05:13.346+0000] {processor.py:161} INFO - Started process (PID=3721) to work on /home/airflow/.local/lib/python3.8/site-packages/airflow/example_dags/tutorial.py
[2024-04-06T00:05:13.348+0000] {processor.py:830} INFO - Processing file /home/airflow/.local/lib/python3.8/site-packages/airflow/example_dags/tutorial.py for tasks to queue
[2024-04-06T00:05:13.350+0000] {logging_mixin.py:188} INFO - [2024-04-06T00:05:13.350+0000] {dagbag.py:540} INFO - Filling up the DagBag from /home/airflow/.local/lib/python3.8/site-packages/airflow/example_dags/tutorial.py
[2024-04-06T00:05:13.358+0000] {processor.py:840} INFO - DAG(s) 'tutorial' retrieved from /home/airflow/.local/lib/python3.8/site-packages/airflow/example_dags/tutorial.py
[2024-04-06T00:05:13.381+0000] {logging_mixin.py:188} INFO - [2024-04-06T00:05:13.381+0000] {dag.py:3047} INFO - Sync 1 DAGs
[2024-04-06T00:05:13.402+0000] {logging_mixin.py:188} INFO - [2024-04-06T00:05:13.402+0000] {dag.py:3834} INFO - Setting next_dagrun for tutorial to 2024-04-05 00:00:00+00:00, run_after=2024-04-06 00:00:00+00:00
[2024-04-06T00:05:13.449+0000] {processor.py:183} INFO - Processing /home/airflow/.local/lib/python3.8/site-packages/airflow/example_dags/tutorial.py took 0.106 seconds
[2024-04-06T00:05:43.536+0000] {processor.py:161} INFO - Started process (PID=3776) to work on /home/airflow/.local/lib/python3.8/site-packages/airflow/example_dags/tutorial.py
[2024-04-06T00:05:43.537+0000] {processor.py:830} INFO - Processing file /home/airflow/.local/lib/python3.8/site-packages/airflow/example_dags/tutorial.py for tasks to queue
[2024-04-06T00:05:43.540+0000] {logging_mixin.py:188} INFO - [2024-04-06T00:05:43.539+0000] {dagbag.py:540} INFO - Filling up the DagBag from /home/airflow/.local/lib/python3.8/site-packages/airflow/example_dags/tutorial.py
[2024-04-06T00:05:43.547+0000] {processor.py:840} INFO - DAG(s) 'tutorial' retrieved from /home/airflow/.local/lib/python3.8/site-packages/airflow/example_dags/tutorial.py
[2024-04-06T00:05:43.571+0000] {logging_mixin.py:188} INFO - [2024-04-06T00:05:43.570+0000] {dag.py:3047} INFO - Sync 1 DAGs
[2024-04-06T00:05:43.594+0000] {logging_mixin.py:188} INFO - [2024-04-06T00:05:43.594+0000] {dag.py:3834} INFO - Setting next_dagrun for tutorial to 2024-04-05 00:00:00+00:00, run_after=2024-04-06 00:00:00+00:00
[2024-04-06T00:05:43.612+0000] {processor.py:183} INFO - Processing /home/airflow/.local/lib/python3.8/site-packages/airflow/example_dags/tutorial.py took 0.079 seconds
[2024-04-06T00:06:14.060+0000] {processor.py:161} INFO - Started process (PID=3831) to work on /home/airflow/.local/lib/python3.8/site-packages/airflow/example_dags/tutorial.py
[2024-04-06T00:06:14.062+0000] {processor.py:830} INFO - Processing file /home/airflow/.local/lib/python3.8/site-packages/airflow/example_dags/tutorial.py for tasks to queue
[2024-04-06T00:06:14.064+0000] {logging_mixin.py:188} INFO - [2024-04-06T00:06:14.064+0000] {dagbag.py:540} INFO - Filling up the DagBag from /home/airflow/.local/lib/python3.8/site-packages/airflow/example_dags/tutorial.py
[2024-04-06T00:06:14.072+0000] {processor.py:840} INFO - DAG(s) 'tutorial' retrieved from /home/airflow/.local/lib/python3.8/site-packages/airflow/example_dags/tutorial.py
[2024-04-06T00:06:14.098+0000] {logging_mixin.py:188} INFO - [2024-04-06T00:06:14.098+0000] {dag.py:3047} INFO - Sync 1 DAGs
[2024-04-06T00:06:14.129+0000] {logging_mixin.py:188} INFO - [2024-04-06T00:06:14.129+0000] {dag.py:3834} INFO - Setting next_dagrun for tutorial to 2024-04-05 00:00:00+00:00, run_after=2024-04-06 00:00:00+00:00
[2024-04-06T00:06:14.153+0000] {processor.py:183} INFO - Processing /home/airflow/.local/lib/python3.8/site-packages/airflow/example_dags/tutorial.py took 0.097 seconds
[2024-04-06T00:06:44.463+0000] {processor.py:161} INFO - Started process (PID=3886) to work on /home/airflow/.local/lib/python3.8/site-packages/airflow/example_dags/tutorial.py
[2024-04-06T00:06:44.464+0000] {processor.py:830} INFO - Processing file /home/airflow/.local/lib/python3.8/site-packages/airflow/example_dags/tutorial.py for tasks to queue
[2024-04-06T00:06:44.466+0000] {logging_mixin.py:188} INFO - [2024-04-06T00:06:44.466+0000] {dagbag.py:540} INFO - Filling up the DagBag from /home/airflow/.local/lib/python3.8/site-packages/airflow/example_dags/tutorial.py
[2024-04-06T00:06:44.472+0000] {processor.py:840} INFO - DAG(s) 'tutorial' retrieved from /home/airflow/.local/lib/python3.8/site-packages/airflow/example_dags/tutorial.py
[2024-04-06T00:06:44.493+0000] {logging_mixin.py:188} INFO - [2024-04-06T00:06:44.493+0000] {dag.py:3047} INFO - Sync 1 DAGs
[2024-04-06T00:06:44.515+0000] {logging_mixin.py:188} INFO - [2024-04-06T00:06:44.514+0000] {dag.py:3834} INFO - Setting next_dagrun for tutorial to 2024-04-05 00:00:00+00:00, run_after=2024-04-06 00:00:00+00:00
[2024-04-06T00:06:44.542+0000] {processor.py:183} INFO - Processing /home/airflow/.local/lib/python3.8/site-packages/airflow/example_dags/tutorial.py took 0.082 seconds
[2024-04-06T00:07:15.693+0000] {processor.py:161} INFO - Started process (PID=3941) to work on /home/airflow/.local/lib/python3.8/site-packages/airflow/example_dags/tutorial.py
[2024-04-06T00:07:15.695+0000] {processor.py:830} INFO - Processing file /home/airflow/.local/lib/python3.8/site-packages/airflow/example_dags/tutorial.py for tasks to queue
[2024-04-06T00:07:15.699+0000] {logging_mixin.py:188} INFO - [2024-04-06T00:07:15.699+0000] {dagbag.py:540} INFO - Filling up the DagBag from /home/airflow/.local/lib/python3.8/site-packages/airflow/example_dags/tutorial.py
[2024-04-06T00:07:15.714+0000] {processor.py:840} INFO - DAG(s) 'tutorial' retrieved from /home/airflow/.local/lib/python3.8/site-packages/airflow/example_dags/tutorial.py
[2024-04-06T00:07:15.749+0000] {logging_mixin.py:188} INFO - [2024-04-06T00:07:15.748+0000] {dag.py:3047} INFO - Sync 1 DAGs
[2024-04-06T00:07:15.784+0000] {logging_mixin.py:188} INFO - [2024-04-06T00:07:15.783+0000] {dag.py:3834} INFO - Setting next_dagrun for tutorial to 2024-04-05 00:00:00+00:00, run_after=2024-04-06 00:00:00+00:00
[2024-04-06T00:07:15.809+0000] {processor.py:183} INFO - Processing /home/airflow/.local/lib/python3.8/site-packages/airflow/example_dags/tutorial.py took 0.120 seconds
[2024-04-06T00:07:46.677+0000] {processor.py:161} INFO - Started process (PID=3996) to work on /home/airflow/.local/lib/python3.8/site-packages/airflow/example_dags/tutorial.py
[2024-04-06T00:07:46.678+0000] {processor.py:830} INFO - Processing file /home/airflow/.local/lib/python3.8/site-packages/airflow/example_dags/tutorial.py for tasks to queue
[2024-04-06T00:07:46.680+0000] {logging_mixin.py:188} INFO - [2024-04-06T00:07:46.680+0000] {dagbag.py:540} INFO - Filling up the DagBag from /home/airflow/.local/lib/python3.8/site-packages/airflow/example_dags/tutorial.py
[2024-04-06T00:07:46.687+0000] {processor.py:840} INFO - DAG(s) 'tutorial' retrieved from /home/airflow/.local/lib/python3.8/site-packages/airflow/example_dags/tutorial.py
[2024-04-06T00:07:46.708+0000] {logging_mixin.py:188} INFO - [2024-04-06T00:07:46.708+0000] {dag.py:3047} INFO - Sync 1 DAGs
[2024-04-06T00:07:46.729+0000] {logging_mixin.py:188} INFO - [2024-04-06T00:07:46.728+0000] {dag.py:3834} INFO - Setting next_dagrun for tutorial to 2024-04-05 00:00:00+00:00, run_after=2024-04-06 00:00:00+00:00
[2024-04-06T00:07:46.761+0000] {processor.py:183} INFO - Processing /home/airflow/.local/lib/python3.8/site-packages/airflow/example_dags/tutorial.py took 0.089 seconds
[2024-04-06T00:08:17.180+0000] {processor.py:161} INFO - Started process (PID=4051) to work on /home/airflow/.local/lib/python3.8/site-packages/airflow/example_dags/tutorial.py
[2024-04-06T00:08:17.181+0000] {processor.py:830} INFO - Processing file /home/airflow/.local/lib/python3.8/site-packages/airflow/example_dags/tutorial.py for tasks to queue
[2024-04-06T00:08:17.183+0000] {logging_mixin.py:188} INFO - [2024-04-06T00:08:17.183+0000] {dagbag.py:540} INFO - Filling up the DagBag from /home/airflow/.local/lib/python3.8/site-packages/airflow/example_dags/tutorial.py
[2024-04-06T00:08:17.189+0000] {processor.py:840} INFO - DAG(s) 'tutorial' retrieved from /home/airflow/.local/lib/python3.8/site-packages/airflow/example_dags/tutorial.py
[2024-04-06T00:08:17.208+0000] {logging_mixin.py:188} INFO - [2024-04-06T00:08:17.208+0000] {dag.py:3047} INFO - Sync 1 DAGs
[2024-04-06T00:08:17.230+0000] {logging_mixin.py:188} INFO - [2024-04-06T00:08:17.230+0000] {dag.py:3834} INFO - Setting next_dagrun for tutorial to 2024-04-05 00:00:00+00:00, run_after=2024-04-06 00:00:00+00:00
[2024-04-06T00:08:17.247+0000] {processor.py:183} INFO - Processing /home/airflow/.local/lib/python3.8/site-packages/airflow/example_dags/tutorial.py took 0.070 seconds
[2024-04-06T00:08:47.767+0000] {processor.py:161} INFO - Started process (PID=4106) to work on /home/airflow/.local/lib/python3.8/site-packages/airflow/example_dags/tutorial.py
[2024-04-06T00:08:47.768+0000] {processor.py:830} INFO - Processing file /home/airflow/.local/lib/python3.8/site-packages/airflow/example_dags/tutorial.py for tasks to queue
[2024-04-06T00:08:47.770+0000] {logging_mixin.py:188} INFO - [2024-04-06T00:08:47.770+0000] {dagbag.py:540} INFO - Filling up the DagBag from /home/airflow/.local/lib/python3.8/site-packages/airflow/example_dags/tutorial.py
[2024-04-06T00:08:47.777+0000] {processor.py:840} INFO - DAG(s) 'tutorial' retrieved from /home/airflow/.local/lib/python3.8/site-packages/airflow/example_dags/tutorial.py
[2024-04-06T00:08:47.800+0000] {logging_mixin.py:188} INFO - [2024-04-06T00:08:47.800+0000] {dag.py:3047} INFO - Sync 1 DAGs
[2024-04-06T00:08:47.821+0000] {logging_mixin.py:188} INFO - [2024-04-06T00:08:47.820+0000] {dag.py:3834} INFO - Setting next_dagrun for tutorial to 2024-04-05 00:00:00+00:00, run_after=2024-04-06 00:00:00+00:00
[2024-04-06T00:08:47.876+0000] {processor.py:183} INFO - Processing /home/airflow/.local/lib/python3.8/site-packages/airflow/example_dags/tutorial.py took 0.113 seconds
[2024-04-06T00:09:18.424+0000] {processor.py:161} INFO - Started process (PID=4161) to work on /home/airflow/.local/lib/python3.8/site-packages/airflow/example_dags/tutorial.py
[2024-04-06T00:09:18.425+0000] {processor.py:830} INFO - Processing file /home/airflow/.local/lib/python3.8/site-packages/airflow/example_dags/tutorial.py for tasks to queue
[2024-04-06T00:09:18.428+0000] {logging_mixin.py:188} INFO - [2024-04-06T00:09:18.427+0000] {dagbag.py:540} INFO - Filling up the DagBag from /home/airflow/.local/lib/python3.8/site-packages/airflow/example_dags/tutorial.py
[2024-04-06T00:09:18.435+0000] {processor.py:840} INFO - DAG(s) 'tutorial' retrieved from /home/airflow/.local/lib/python3.8/site-packages/airflow/example_dags/tutorial.py
[2024-04-06T00:09:18.456+0000] {logging_mixin.py:188} INFO - [2024-04-06T00:09:18.456+0000] {dag.py:3047} INFO - Sync 1 DAGs
[2024-04-06T00:09:18.480+0000] {logging_mixin.py:188} INFO - [2024-04-06T00:09:18.480+0000] {dag.py:3834} INFO - Setting next_dagrun for tutorial to 2024-04-05 00:00:00+00:00, run_after=2024-04-06 00:00:00+00:00
[2024-04-06T00:09:18.523+0000] {processor.py:183} INFO - Processing /home/airflow/.local/lib/python3.8/site-packages/airflow/example_dags/tutorial.py took 0.102 seconds
[2024-04-06T00:09:49.172+0000] {processor.py:161} INFO - Started process (PID=4216) to work on /home/airflow/.local/lib/python3.8/site-packages/airflow/example_dags/tutorial.py
[2024-04-06T00:09:49.174+0000] {processor.py:830} INFO - Processing file /home/airflow/.local/lib/python3.8/site-packages/airflow/example_dags/tutorial.py for tasks to queue
[2024-04-06T00:09:49.177+0000] {logging_mixin.py:188} INFO - [2024-04-06T00:09:49.177+0000] {dagbag.py:540} INFO - Filling up the DagBag from /home/airflow/.local/lib/python3.8/site-packages/airflow/example_dags/tutorial.py
[2024-04-06T00:09:49.186+0000] {processor.py:840} INFO - DAG(s) 'tutorial' retrieved from /home/airflow/.local/lib/python3.8/site-packages/airflow/example_dags/tutorial.py
[2024-04-06T00:09:49.211+0000] {logging_mixin.py:188} INFO - [2024-04-06T00:09:49.210+0000] {dag.py:3047} INFO - Sync 1 DAGs
[2024-04-06T00:09:49.233+0000] {logging_mixin.py:188} INFO - [2024-04-06T00:09:49.233+0000] {dag.py:3834} INFO - Setting next_dagrun for tutorial to 2024-04-05 00:00:00+00:00, run_after=2024-04-06 00:00:00+00:00
[2024-04-06T00:09:49.254+0000] {processor.py:183} INFO - Processing /home/airflow/.local/lib/python3.8/site-packages/airflow/example_dags/tutorial.py took 0.085 seconds
