[2024-04-07T16:23:36.697+0000] {processor.py:161} INFO - Started process (PID=75) to work on /home/airflow/.local/lib/python3.8/site-packages/airflow/example_dags/example_subdag_operator.py
[2024-04-07T16:23:36.699+0000] {processor.py:830} INFO - Processing file /home/airflow/.local/lib/python3.8/site-packages/airflow/example_dags/example_subdag_operator.py for tasks to queue
[2024-04-07T16:23:36.706+0000] {logging_mixin.py:188} INFO - [2024-04-07T16:23:36.705+0000] {dagbag.py:540} INFO - Filling up the DagBag from /home/airflow/.local/lib/python3.8/site-packages/airflow/example_dags/example_subdag_operator.py
[2024-04-07T16:23:36.786+0000] {processor.py:840} INFO - DAG(s) 'example_subdag_operator.section-1', 'example_subdag_operator.section-2', 'example_subdag_operator' retrieved from /home/airflow/.local/lib/python3.8/site-packages/airflow/example_dags/example_subdag_operator.py
[2024-04-07T16:23:36.896+0000] {logging_mixin.py:188} INFO - [2024-04-07T16:23:36.895+0000] {dag.py:3047} INFO - Sync 3 DAGs
[2024-04-07T16:23:37.013+0000] {logging_mixin.py:188} INFO - [2024-04-07T16:23:37.011+0000] {dag.py:3834} INFO - Setting next_dagrun for example_subdag_operator to 2022-01-01 00:00:00+00:00, run_after=2022-01-01 00:00:00+00:00
[2024-04-07T16:23:37.026+0000] {logging_mixin.py:188} INFO - [2024-04-07T16:23:37.025+0000] {dag.py:3834} INFO - Setting next_dagrun for example_subdag_operator.section-1 to None, run_after=None
[2024-04-07T16:23:37.033+0000] {logging_mixin.py:188} INFO - [2024-04-07T16:23:37.031+0000] {dag.py:3834} INFO - Setting next_dagrun for example_subdag_operator.section-2 to None, run_after=None
[2024-04-07T16:23:37.067+0000] {logging_mixin.py:188} INFO - [2024-04-07T16:23:37.066+0000] {dag.py:3047} INFO - Sync 2 DAGs
[2024-04-07T16:23:37.082+0000] {logging_mixin.py:188} INFO - [2024-04-07T16:23:37.081+0000] {dag.py:3834} INFO - Setting next_dagrun for example_subdag_operator.section-1 to None, run_after=None
[2024-04-07T16:23:37.084+0000] {logging_mixin.py:188} INFO - [2024-04-07T16:23:37.083+0000] {dag.py:3834} INFO - Setting next_dagrun for example_subdag_operator.section-2 to None, run_after=None
[2024-04-07T16:23:37.120+0000] {processor.py:183} INFO - Processing /home/airflow/.local/lib/python3.8/site-packages/airflow/example_dags/example_subdag_operator.py took 0.430 seconds
[2024-04-07T16:24:07.459+0000] {processor.py:161} INFO - Started process (PID=130) to work on /home/airflow/.local/lib/python3.8/site-packages/airflow/example_dags/example_subdag_operator.py
[2024-04-07T16:24:07.461+0000] {processor.py:830} INFO - Processing file /home/airflow/.local/lib/python3.8/site-packages/airflow/example_dags/example_subdag_operator.py for tasks to queue
[2024-04-07T16:24:07.464+0000] {logging_mixin.py:188} INFO - [2024-04-07T16:24:07.464+0000] {dagbag.py:540} INFO - Filling up the DagBag from /home/airflow/.local/lib/python3.8/site-packages/airflow/example_dags/example_subdag_operator.py
[2024-04-07T16:24:07.507+0000] {processor.py:840} INFO - DAG(s) 'example_subdag_operator.section-1', 'example_subdag_operator.section-2', 'example_subdag_operator' retrieved from /home/airflow/.local/lib/python3.8/site-packages/airflow/example_dags/example_subdag_operator.py
[2024-04-07T16:24:07.539+0000] {logging_mixin.py:188} INFO - [2024-04-07T16:24:07.538+0000] {dag.py:3047} INFO - Sync 3 DAGs
[2024-04-07T16:24:07.579+0000] {logging_mixin.py:188} INFO - [2024-04-07T16:24:07.578+0000] {dag.py:3834} INFO - Setting next_dagrun for example_subdag_operator to 2022-01-01 00:00:00+00:00, run_after=2022-01-01 00:00:00+00:00
[2024-04-07T16:24:07.587+0000] {logging_mixin.py:188} INFO - [2024-04-07T16:24:07.586+0000] {dag.py:3834} INFO - Setting next_dagrun for example_subdag_operator.section-1 to None, run_after=None
[2024-04-07T16:24:07.590+0000] {logging_mixin.py:188} INFO - [2024-04-07T16:24:07.590+0000] {dag.py:3834} INFO - Setting next_dagrun for example_subdag_operator.section-2 to None, run_after=None
[2024-04-07T16:24:07.606+0000] {logging_mixin.py:188} INFO - [2024-04-07T16:24:07.605+0000] {dag.py:3047} INFO - Sync 2 DAGs
[2024-04-07T16:24:07.618+0000] {logging_mixin.py:188} INFO - [2024-04-07T16:24:07.617+0000] {dag.py:3834} INFO - Setting next_dagrun for example_subdag_operator.section-1 to None, run_after=None
[2024-04-07T16:24:07.620+0000] {logging_mixin.py:188} INFO - [2024-04-07T16:24:07.619+0000] {dag.py:3834} INFO - Setting next_dagrun for example_subdag_operator.section-2 to None, run_after=None
[2024-04-07T16:24:07.646+0000] {processor.py:183} INFO - Processing /home/airflow/.local/lib/python3.8/site-packages/airflow/example_dags/example_subdag_operator.py took 0.194 seconds
